# JRE version: OpenJDK Runtime Environment (11.0.15) (build 11.0.15+0-b2043.56-9505619)
# Java VM: OpenJDK 64-Bit Server VM (11.0.15+0-b2043.56-9505619, mixed mode, tiered, compressed oops, g1 gc, windows-amd64)
Heap:
 garbage-first heap   total 327680K, used 204128K [0x0000000080000000, 0x0000000100000000)
  region size 1024K, 19 young (19456K), 12 survivors (12288K)
 Metaspace       used 106981K, capacity 110077K, committed 110272K, reserved 1144832K
  class space    used 13361K, capacity 14458K, committed 14464K, reserved 1048576K
GC Heap History (20 events):
Event: 4.294 GC heap before
{Heap before GC invocations=6 (full 0):
 garbage-first heap   total 260096K, used 136997K [0x0000000080000000, 0x0000000100000000)
  region size 1024K, 115 young (117760K), 6 survivors (6144K)
 Metaspace       used 44945K, capacity 46091K, committed 46256K, reserved 1089536K
  class space    used 5688K, capacity 6088K, committed 6144K, reserved 1048576K
}
Event: 4.309 GC heap after
{Heap after GC invocations=7 (full 0):
 garbage-first heap   total 260096K, used 30438K [0x0000000080000000, 0x0000000100000000)
  region size 1024K, 14 young (14336K), 14 survivors (14336K)
 Metaspace       used 44945K, capacity 46091K, committed 46256K, reserved 1089536K
  class space    used 5688K, capacity 6088K, committed 6144K, reserved 1048576K
}
Event: 5.588 GC heap before
{Heap before GC invocations=8 (full 0):
 garbage-first heap   total 260096K, used 162534K [0x0000000080000000, 0x0000000100000000)
  region size 1024K, 139 young (142336K), 14 survivors (14336K)
 Metaspace       used 54421K, capacity 55995K, committed 56112K, reserved 1097728K
  class space    used 6946K, capacity 7523K, committed 7552K, reserved 1048576K
}
Event: 5.605 GC heap after
{Heap after GC invocations=9 (full 0):
 garbage-first heap   total 260096K, used 44562K [0x0000000080000000, 0x0000000100000000)
  region size 1024K, 18 young (18432K), 18 survivors (18432K)
 Metaspace       used 54421K, capacity 55995K, committed 56112K, reserved 1097728K
  class space    used 6946K, capacity 7523K, committed 7552K, reserved 1048576K
}
Event: 7.009 GC heap before
{Heap before GC invocations=9 (full 0):
 garbage-first heap   total 260096K, used 189970K [0x0000000080000000, 0x0000000100000000)
  region size 1024K, 152 young (155648K), 18 survivors (18432K)
 Metaspace       used 67332K, capacity 68994K, committed 69296K, reserved 1110016K
  class space    used 8498K, capacity 9101K, committed 9216K, reserved 1048576K
}
Event: 7.028 GC heap after
{Heap after GC invocations=10 (full 0):
 garbage-first heap   total 260096K, used 55232K [0x0000000080000000, 0x0000000100000000)
  region size 1024K, 10 young (10240K), 10 survivors (10240K)
 Metaspace       used 67332K, capacity 68994K, committed 69296K, reserved 1110016K
  class space    used 8498K, capacity 9101K, committed 9216K, reserved 1048576K
}
Event: 8.004 GC heap before
{Heap before GC invocations=10 (full 0):
 garbage-first heap   total 260096K, used 160704K [0x0000000080000000, 0x0000000100000000)
  region size 1024K, 115 young (117760K), 10 survivors (10240K)
 Metaspace       used 75671K, capacity 77571K, committed 77736K, reserved 1116160K
  class space    used 9706K, capacity 10404K, committed 10496K, reserved 1048576K
}
Event: 8.028 GC heap after
{Heap after GC invocations=11 (full 0):
 garbage-first heap   total 312320K, used 65024K [0x0000000080000000, 0x0000000100000000)
  region size 1024K, 19 young (19456K), 19 survivors (19456K)
 Metaspace       used 75671K, capacity 77571K, committed 77736K, reserved 1116160K
  class space    used 9706K, capacity 10404K, committed 10496K, reserved 1048576K
}
Event: 13.588 GC heap before
{Heap before GC invocations=12 (full 0):
 garbage-first heap   total 312320K, used 288256K [0x0000000080000000, 0x0000000100000000)
  region size 1024K, 159 young (162816K), 19 survivors (19456K)
 Metaspace       used 86138K, capacity 88671K, committed 88896K, reserved 1126400K
  class space    used 10893K, capacity 11735K, committed 11776K, reserved 1048576K
}
Event: 13.626 GC heap after
{Heap after GC invocations=13 (full 0):
 garbage-first heap   total 327680K, used 164864K [0x0000000080000000, 0x0000000100000000)
  region size 1024K, 20 young (20480K), 20 survivors (20480K)
 Metaspace       used 86138K, capacity 88671K, committed 88896K, reserved 1126400K
  class space    used 10893K, capacity 11735K, committed 11776K, reserved 1048576K
}
Event: 14.250 GC heap before
{Heap before GC invocations=14 (full 0):
 garbage-first heap   total 327680K, used 263168K [0x0000000080000000, 0x0000000100000000)
  region size 1024K, 116 young (118784K), 20 survivors (20480K)
 Metaspace       used 91709K, capacity 94430K, committed 94784K, reserved 1132544K
  class space    used 11527K, capacity 12433K, committed 12544K, reserved 1048576K
}
Event: 14.266 GC heap after
{Heap after GC invocations=15 (full 0):
 garbage-first heap   total 327680K, used 168448K [0x0000000080000000, 0x0000000100000000)
  region size 1024K, 3 young (3072K), 3 survivors (3072K)
 Metaspace       used 91709K, capacity 94430K, committed 94784K, reserved 1132544K
  class space    used 11527K, capacity 12433K, committed 12544K, reserved 1048576K
}
Event: 15.436 GC heap before
{Heap before GC invocations=15 (full 0):
 garbage-first heap   total 327680K, used 266752K [0x0000000080000000, 0x0000000100000000)
  region size 1024K, 99 young (101376K), 3 survivors (3072K)
 Metaspace       used 100223K, capacity 103091K, committed 103360K, reserved 1138688K
  class space    used 12622K, capacity 13597K, committed 13696K, reserved 1048576K
}
Event: 15.452 GC heap after
{Heap after GC invocations=16 (full 0):
 garbage-first heap   total 327680K, used 176330K [0x0000000080000000, 0x0000000100000000)
  region size 1024K, 11 young (11264K), 11 survivors (11264K)
 Metaspace       used 100223K, capacity 103091K, committed 103360K, reserved 1138688K
  class space    used 12622K, capacity 13597K, committed 13696K, reserved 1048576K
}
Event: 16.503 GC heap before
{Heap before GC invocations=17 (full 0):
 garbage-first heap   total 327680K, used 268490K [0x0000000080000000, 0x0000000100000000)
  region size 1024K, 102 young (104448K), 11 survivors (11264K)
 Metaspace       used 102268K, capacity 105187K, committed 105280K, reserved 1140736K
  class space    used 12791K, capacity 13797K, committed 13824K, reserved 1048576K
}
Event: 16.521 GC heap after
{Heap after GC invocations=18 (full 0):
 garbage-first heap   total 327680K, used 182904K [0x0000000080000000, 0x0000000100000000)
  region size 1024K, 8 young (8192K), 8 survivors (8192K)
 Metaspace       used 102268K, capacity 105187K, committed 105280K, reserved 1140736K
  class space    used 12791K, capacity 13797K, committed 13824K, reserved 1048576K
}
Event: 21.928 GC heap before
{Heap before GC invocations=18 (full 0):
 garbage-first heap   total 327680K, used 271992K [0x0000000080000000, 0x0000000100000000)
  region size 1024K, 95 young (97280K), 8 survivors (8192K)
 Metaspace       used 104739K, capacity 107723K, committed 107968K, reserved 1142784K
  class space    used 13103K, capacity 14124K, committed 14208K, reserved 1048576K
}
Event: 21.941 GC heap after
{Heap after GC invocations=19 (full 0):
 garbage-first heap   total 327680K, used 187116K [0x0000000080000000, 0x0000000100000000)
  region size 1024K, 5 young (5120K), 5 survivors (5120K)
 Metaspace       used 104739K, capacity 107723K, committed 107968K, reserved 1142784K
  class space    used 13103K, capacity 14124K, committed 14208K, reserved 1048576K
}
Event: 22.682 GC heap before
{Heap before GC invocations=20 (full 0):
 garbage-first heap   total 327680K, used 274156K [0x0000000080000000, 0x0000000100000000)
  region size 1024K, 90 young (92160K), 5 survivors (5120K)
 Metaspace       used 106408K, capacity 109426K, committed 109632K, reserved 1144832K
  class space    used 13276K, capacity 14333K, committed 14336K, reserved 1048576K
}
Event: 22.698 GC heap after
{Heap after GC invocations=21 (full 0):
 garbage-first heap   total 327680K, used 197984K [0x0000000080000000, 0x0000000100000000)
  region size 1024K, 12 young (12288K), 12 survivors (12288K)
 Metaspace       used 106408K, capacity 109426K, committed 109632K, reserved 1144832K
  class space    used 13276K, capacity 14333K, committed 14336K, reserved 1048576K
}

