# JRE version: OpenJDK Runtime Environment (11.0.15) (build 11.0.15+0-b2043.56-9505619)
# Java VM: OpenJDK 64-Bit Server VM (11.0.15+0-b2043.56-9505619, mixed mode, tiered, compressed oops, g1 gc, windows-amd64)
Heap:
 garbage-first heap   total 312320K, used 127975K [0x0000000080000000, 0x0000000100000000)
  region size 1024K, 72 young (73728K), 17 survivors (17408K)
 Metaspace       used 90631K, capacity 92990K, committed 93256K, reserved 1130496K
  class space    used 11722K, capacity 12511K, committed 12620K, reserved 1048576K
GC Heap History (20 events):
Event: 1.117 GC heap before
{Heap before GC invocations=2 (full 0):
 garbage-first heap   total 260096K, used 39106K [0x0000000080000000, 0x0000000100000000)
  region size 1024K, 31 young (31744K), 2 survivors (2048K)
 Metaspace       used 10923K, capacity 11137K, committed 11264K, reserved 1058816K
  class space    used 1114K, capacity 1207K, committed 1280K, reserved 1048576K
}
Event: 1.120 GC heap after
{Heap after GC invocations=3 (full 0):
 garbage-first heap   total 260096K, used 13475K [0x0000000080000000, 0x0000000100000000)
  region size 1024K, 4 young (4096K), 4 survivors (4096K)
 Metaspace       used 10923K, capacity 11137K, committed 11264K, reserved 1058816K
  class space    used 1114K, capacity 1207K, committed 1280K, reserved 1048576K
}
Event: 1.791 GC heap before
{Heap before GC invocations=3 (full 0):
 garbage-first heap   total 260096K, used 56483K [0x0000000080000000, 0x0000000100000000)
  region size 1024K, 46 young (47104K), 4 survivors (4096K)
 Metaspace       used 18525K, capacity 18862K, committed 19072K, reserved 1067008K
  class space    used 2178K, capacity 2316K, committed 2432K, reserved 1048576K
}
Event: 1.795 GC heap after
{Heap after GC invocations=4 (full 0):
 garbage-first heap   total 260096K, used 16815K [0x0000000080000000, 0x0000000100000000)
  region size 1024K, 6 young (6144K), 6 survivors (6144K)
 Metaspace       used 18525K, capacity 18862K, committed 19072K, reserved 1067008K
  class space    used 2178K, capacity 2316K, committed 2432K, reserved 1048576K
}
Event: 1.942 GC heap before
{Heap before GC invocations=4 (full 0):
 garbage-first heap   total 260096K, used 38319K [0x0000000080000000, 0x0000000100000000)
  region size 1024K, 28 young (28672K), 6 survivors (6144K)
 Metaspace       used 20838K, capacity 21149K, committed 21296K, reserved 1069056K
  class space    used 2510K, capacity 2651K, committed 2688K, reserved 1048576K
}
Event: 1.946 GC heap after
{Heap after GC invocations=5 (full 0):
 garbage-first heap   total 260096K, used 17753K [0x0000000080000000, 0x0000000100000000)
  region size 1024K, 4 young (4096K), 4 survivors (4096K)
 Metaspace       used 20838K, capacity 21149K, committed 21296K, reserved 1069056K
  class space    used 2510K, capacity 2651K, committed 2688K, reserved 1048576K
}
Event: 2.574 GC heap before
{Heap before GC invocations=6 (full 0):
 garbage-first heap   total 260096K, used 81241K [0x0000000080000000, 0x0000000100000000)
  region size 1024K, 67 young (68608K), 4 survivors (4096K)
 Metaspace       used 27355K, capacity 27937K, committed 28080K, reserved 1073152K
  class space    used 3568K, capacity 3800K, committed 3840K, reserved 1048576K
}
Event: 2.581 GC heap after
{Heap after GC invocations=7 (full 0):
 garbage-first heap   total 260096K, used 19734K [0x0000000080000000, 0x0000000100000000)
  region size 1024K, 6 young (6144K), 6 survivors (6144K)
 Metaspace       used 27355K, capacity 27937K, committed 28080K, reserved 1073152K
  class space    used 3568K, capacity 3800K, committed 3840K, reserved 1048576K
}
Event: 3.192 GC heap before
{Heap before GC invocations=7 (full 0):
 garbage-first heap   total 260096K, used 75030K [0x0000000080000000, 0x0000000100000000)
  region size 1024K, 61 young (62464K), 6 survivors (6144K)
 Metaspace       used 34913K, capacity 35729K, committed 35888K, reserved 1081344K
  class space    used 4554K, capacity 4889K, committed 4992K, reserved 1048576K
}
Event: 3.201 GC heap after
{Heap after GC invocations=8 (full 0):
 garbage-first heap   total 260096K, used 22905K [0x0000000080000000, 0x0000000100000000)
  region size 1024K, 9 young (9216K), 9 survivors (9216K)
 Metaspace       used 34913K, capacity 35729K, committed 35888K, reserved 1081344K
  class space    used 4554K, capacity 4889K, committed 4992K, reserved 1048576K
}
Event: 4.157 GC heap before
{Heap before GC invocations=9 (full 0):
 garbage-first heap   total 260096K, used 132473K [0x0000000080000000, 0x0000000100000000)
  region size 1024K, 114 young (116736K), 9 survivors (9216K)
 Metaspace       used 44053K, capacity 45252K, committed 45416K, reserved 1089536K
  class space    used 5642K, capacity 6068K, committed 6144K, reserved 1048576K
}
Event: 4.174 GC heap after
{Heap after GC invocations=10 (full 0):
 garbage-first heap   total 260096K, used 30705K [0x0000000080000000, 0x0000000100000000)
  region size 1024K, 14 young (14336K), 14 survivors (14336K)
 Metaspace       used 44053K, capacity 45252K, committed 45416K, reserved 1089536K
  class space    used 5642K, capacity 6068K, committed 6144K, reserved 1048576K
}
Event: 13.883 GC heap before
{Heap before GC invocations=11 (full 0):
 garbage-first heap   total 260096K, used 156657K [0x0000000080000000, 0x0000000100000000)
  region size 1024K, 135 young (138240K), 14 survivors (14336K)
 Metaspace       used 55889K, capacity 57405K, committed 57704K, reserved 1099776K
  class space    used 7070K, capacity 7580K, committed 7680K, reserved 1048576K
}
Event: 13.905 GC heap after
{Heap after GC invocations=12 (full 0):
 garbage-first heap   total 312320K, used 41786K [0x0000000080000000, 0x0000000100000000)
  region size 1024K, 17 young (17408K), 17 survivors (17408K)
 Metaspace       used 55889K, capacity 57405K, committed 57704K, reserved 1099776K
  class space    used 7070K, capacity 7580K, committed 7680K, reserved 1048576K
}
Event: 15.678 GC heap before
{Heap before GC invocations=12 (full 0):
 garbage-first heap   total 312320K, used 222010K [0x0000000080000000, 0x0000000100000000)
  region size 1024K, 183 young (187392K), 17 survivors (17408K)
 Metaspace       used 72320K, capacity 74023K, committed 74088K, reserved 1114112K
  class space    used 9135K, capacity 9726K, committed 9728K, reserved 1048576K
}
Event: 15.704 GC heap after
{Heap after GC invocations=13 (full 0):
 garbage-first heap   total 312320K, used 57581K [0x0000000080000000, 0x0000000100000000)
  region size 1024K, 23 young (23552K), 23 survivors (23552K)
 Metaspace       used 72320K, capacity 74023K, committed 74088K, reserved 1114112K
  class space    used 9135K, capacity 9726K, committed 9728K, reserved 1048576K
}
Event: 16.113 GC heap before
{Heap before GC invocations=13 (full 0):
 garbage-first heap   total 312320K, used 113901K [0x0000000080000000, 0x0000000100000000)
  region size 1024K, 79 young (80896K), 23 survivors (23552K)
 Metaspace       used 75044K, capacity 76768K, committed 76904K, reserved 1116160K
  class space    used 9503K, capacity 10148K, committed 10240K, reserved 1048576K
}
Event: 16.142 GC heap after
{Heap after GC invocations=14 (full 0):
 garbage-first heap   total 312320K, used 61567K [0x0000000080000000, 0x0000000100000000)
  region size 1024K, 5 young (5120K), 5 survivors (5120K)
 Metaspace       used 75044K, capacity 76768K, committed 76904K, reserved 1116160K
  class space    used 9503K, capacity 10148K, committed 10240K, reserved 1048576K
}
Event: 17.753 GC heap before
{Heap before GC invocations=15 (full 0):
 garbage-first heap   total 312320K, used 225407K [0x0000000080000000, 0x0000000100000000)
  region size 1024K, 165 young (168960K), 5 survivors (5120K)
 Metaspace       used 87107K, capacity 89124K, committed 89288K, reserved 1126400K
  class space    used 11262K, capacity 11977K, committed 11980K, reserved 1048576K
}
Event: 17.780 GC heap after
{Heap after GC invocations=16 (full 0):
 garbage-first heap   total 312320K, used 73703K [0x0000000080000000, 0x0000000100000000)
  region size 1024K, 17 young (17408K), 17 survivors (17408K)
 Metaspace       used 87107K, capacity 89124K, committed 89288K, reserved 1126400K
  class space    used 11262K, capacity 11977K, committed 11980K, reserved 1048576K
}

