# JRE version: OpenJDK Runtime Environment (11.0.15) (build 11.0.15+0-b2043.56-9505619)
# Java VM: OpenJDK 64-Bit Server VM (11.0.15+0-b2043.56-9505619, mixed mode, tiered, compressed oops, g1 gc, windows-amd64)
Heap:
 garbage-first heap   total 260096K, used 160256K [0x0000000080000000, 0x0000000100000000)
  region size 1024K, 86 young (88064K), 12 survivors (12288K)
 Metaspace       used 92488K, capacity 94928K, committed 95024K, reserved 1132544K
  class space    used 11826K, capacity 12662K, committed 12672K, reserved 1048576K
GC Heap History (20 events):
Event: 5.080 GC heap before
{Heap before GC invocations=4 (full 0):
 garbage-first heap   total 260096K, used 88484K [0x0000000080000000, 0x0000000100000000)
  region size 1024K, 70 young (71680K), 1 survivors (1024K)
 Metaspace       used 29608K, capacity 30351K, committed 30512K, reserved 1075200K
  class space    used 3912K, capacity 4203K, committed 4224K, reserved 1048576K
}
Event: 5.083 GC heap after
{Heap after GC invocations=5 (full 0):
 garbage-first heap   total 260096K, used 19989K [0x0000000080000000, 0x0000000100000000)
  region size 1024K, 4 young (4096K), 4 survivors (4096K)
 Metaspace       used 29608K, capacity 30351K, committed 30512K, reserved 1075200K
  class space    used 3912K, capacity 4203K, committed 4224K, reserved 1048576K
}
Event: 5.777 GC heap before
{Heap before GC invocations=5 (full 0):
 garbage-first heap   total 260096K, used 51733K [0x0000000080000000, 0x0000000100000000)
  region size 1024K, 36 young (36864K), 4 survivors (4096K)
 Metaspace       used 34826K, capacity 35725K, committed 35888K, reserved 1081344K
  class space    used 4548K, capacity 4885K, committed 4992K, reserved 1048576K
}
Event: 5.786 GC heap after
{Heap after GC invocations=6 (full 0):
 garbage-first heap   total 260096K, used 22469K [0x0000000080000000, 0x0000000100000000)
  region size 1024K, 6 young (6144K), 6 survivors (6144K)
 Metaspace       used 34826K, capacity 35725K, committed 35888K, reserved 1081344K
  class space    used 4548K, capacity 4885K, committed 4992K, reserved 1048576K
}
Event: 8.036 GC heap before
{Heap before GC invocations=7 (full 0):
 garbage-first heap   total 260096K, used 143301K [0x0000000080000000, 0x0000000100000000)
  region size 1024K, 121 young (123904K), 6 survivors (6144K)
 Metaspace       used 45533K, capacity 46731K, committed 46896K, reserved 1089536K
  class space    used 5774K, capacity 6193K, committed 6272K, reserved 1048576K
}
Event: 8.050 GC heap after
{Heap after GC invocations=8 (full 0):
 garbage-first heap   total 260096K, used 30601K [0x0000000080000000, 0x0000000100000000)
  region size 1024K, 14 young (14336K), 14 survivors (14336K)
 Metaspace       used 45533K, capacity 46731K, committed 46896K, reserved 1089536K
  class space    used 5774K, capacity 6193K, committed 6272K, reserved 1048576K
}
Event: 13.165 GC heap before
{Heap before GC invocations=8 (full 0):
 garbage-first heap   total 260096K, used 173961K [0x0000000080000000, 0x0000000100000000)
  region size 1024K, 150 young (153600K), 14 survivors (14336K)
 Metaspace       used 58615K, capacity 60167K, committed 60240K, reserved 1101824K
  class space    used 7400K, capacity 7924K, committed 7936K, reserved 1048576K
}
Event: 13.197 GC heap after
{Heap after GC invocations=9 (full 0):
 garbage-first heap   total 260096K, used 46384K [0x0000000080000000, 0x0000000100000000)
  region size 1024K, 19 young (19456K), 19 survivors (19456K)
 Metaspace       used 58615K, capacity 60167K, committed 60240K, reserved 1101824K
  class space    used 7400K, capacity 7924K, committed 7936K, reserved 1048576K
}
Event: 13.206 GC heap before
{Heap before GC invocations=9 (full 0):
 garbage-first heap   total 260096K, used 47408K [0x0000000080000000, 0x0000000100000000)
  region size 1024K, 21 young (21504K), 19 survivors (19456K)
 Metaspace       used 58669K, capacity 60167K, committed 60240K, reserved 1101824K
  class space    used 7409K, capacity 7924K, committed 7936K, reserved 1048576K
}
Event: 13.230 GC heap after
{Heap after GC invocations=10 (full 0):
 garbage-first heap   total 260096K, used 48529K [0x0000000080000000, 0x0000000100000000)
  region size 1024K, 2 young (2048K), 2 survivors (2048K)
 Metaspace       used 58669K, capacity 60167K, committed 60240K, reserved 1101824K
  class space    used 7409K, capacity 7924K, committed 7936K, reserved 1048576K
}
Event: 14.784 GC heap before
{Heap before GC invocations=11 (full 0):
 garbage-first heap   total 260096K, used 138641K [0x0000000080000000, 0x0000000100000000)
  region size 1024K, 83 young (84992K), 2 survivors (2048K)
 Metaspace       used 68143K, capacity 69875K, committed 70064K, reserved 1110016K
  class space    used 8579K, capacity 9189K, committed 9216K, reserved 1048576K
}
Event: 14.793 GC heap after
{Heap after GC invocations=12 (full 0):
 garbage-first heap   total 260096K, used 52928K [0x0000000080000000, 0x0000000100000000)
  region size 1024K, 6 young (6144K), 6 survivors (6144K)
 Metaspace       used 68143K, capacity 69875K, committed 70064K, reserved 1110016K
  class space    used 8579K, capacity 9189K, committed 9216K, reserved 1048576K
}
Event: 15.759 GC heap before
{Heap before GC invocations=13 (full 0):
 garbage-first heap   total 260096K, used 145088K [0x0000000080000000, 0x0000000100000000)
  region size 1024K, 96 young (98304K), 6 survivors (6144K)
 Metaspace       used 72410K, capacity 74192K, committed 74288K, reserved 1114112K
  class space    used 9141K, capacity 9760K, committed 9856K, reserved 1048576K
}
Event: 15.771 GC heap after
{Heap after GC invocations=14 (full 0):
 garbage-first heap   total 260096K, used 59026K [0x0000000080000000, 0x0000000100000000)
  region size 1024K, 12 young (12288K), 12 survivors (12288K)
 Metaspace       used 72410K, capacity 74192K, committed 74288K, reserved 1114112K
  class space    used 9141K, capacity 9760K, committed 9856K, reserved 1048576K
}
Event: 17.200 GC heap before
{Heap before GC invocations=14 (full 0):
 garbage-first heap   total 260096K, used 156306K [0x0000000080000000, 0x0000000100000000)
  region size 1024K, 107 young (109568K), 12 survivors (12288K)
 Metaspace       used 81737K, capacity 83637K, committed 83888K, reserved 1122304K
  class space    used 10547K, capacity 11253K, committed 11264K, reserved 1048576K
}
Event: 17.218 GC heap after
{Heap after GC invocations=15 (full 0):
 garbage-first heap   total 260096K, used 64721K [0x0000000080000000, 0x0000000100000000)
  region size 1024K, 12 young (12288K), 12 survivors (12288K)
 Metaspace       used 81737K, capacity 83637K, committed 83888K, reserved 1122304K
  class space    used 10547K, capacity 11253K, committed 11264K, reserved 1048576K
}
Event: 18.284 GC heap before
{Heap before GC invocations=15 (full 0):
 garbage-first heap   total 260096K, used 166097K [0x0000000080000000, 0x0000000100000000)
  region size 1024K, 111 young (113664K), 12 survivors (12288K)
 Metaspace       used 87169K, capacity 89250K, committed 89520K, reserved 1126400K
  class space    used 11264K, capacity 11975K, committed 12032K, reserved 1048576K
}
Event: 18.306 GC heap after
{Heap after GC invocations=16 (full 0):
 garbage-first heap   total 260096K, used 74342K [0x0000000080000000, 0x0000000100000000)
  region size 1024K, 14 young (14336K), 14 survivors (14336K)
 Metaspace       used 87169K, capacity 89250K, committed 89520K, reserved 1126400K
  class space    used 11264K, capacity 11975K, committed 12032K, reserved 1048576K
}
Event: 30.315 GC heap before
{Heap before GC invocations=16 (full 0):
 garbage-first heap   total 260096K, used 174694K [0x0000000080000000, 0x0000000100000000)
  region size 1024K, 113 young (115712K), 14 survivors (14336K)
 Metaspace       used 91490K, capacity 93808K, committed 94000K, reserved 1130496K
  class space    used 11758K, capacity 12587K, committed 12672K, reserved 1048576K
}
Event: 30.351 GC heap after
{Heap after GC invocations=17 (full 0):
 garbage-first heap   total 260096K, used 86528K [0x0000000080000000, 0x0000000100000000)
  region size 1024K, 12 young (12288K), 12 survivors (12288K)
 Metaspace       used 91490K, capacity 93808K, committed 94000K, reserved 1130496K
  class space    used 11758K, capacity 12587K, committed 12672K, reserved 1048576K
}

