# JRE version: OpenJDK Runtime Environment (11.0.15) (build 11.0.15+0-b2043.56-9505619)
# Java VM: OpenJDK 64-Bit Server VM (11.0.15+0-b2043.56-9505619, mixed mode, tiered, compressed oops, g1 gc, windows-amd64)
Heap:
 garbage-first heap   total 260096K, used 213234K [0x0000000080000000, 0x0000000100000000)
  region size 1024K, 21 young (21504K), 2 survivors (2048K)
 Metaspace       used 112062K, capacity 115311K, committed 115408K, reserved 1148928K
  class space    used 13989K, capacity 15056K, committed 15136K, reserved 1048576K
GC Heap History (20 events):
Event: 16.242 GC heap before
{Heap before GC invocations=29 (full 0):
 garbage-first heap   total 260096K, used 211900K [0x0000000080000000, 0x0000000100000000)
  region size 1024K, 45 young (46080K), 5 survivors (5120K)
 Metaspace       used 99874K, capacity 102624K, committed 102864K, reserved 1138688K
  class space    used 12851K, capacity 13827K, committed 13856K, reserved 1048576K
}
Event: 16.253 GC heap after
{Heap after GC invocations=30 (full 0):
 garbage-first heap   total 260096K, used 173529K [0x0000000080000000, 0x0000000100000000)
  region size 1024K, 5 young (5120K), 5 survivors (5120K)
 Metaspace       used 99874K, capacity 102624K, committed 102864K, reserved 1138688K
  class space    used 12851K, capacity 13827K, committed 13856K, reserved 1048576K
}
Event: 16.864 GC heap before
{Heap before GC invocations=30 (full 0):
 garbage-first heap   total 260096K, used 213465K [0x0000000080000000, 0x0000000100000000)
  region size 1024K, 45 young (46080K), 5 survivors (5120K)
 Metaspace       used 102168K, capacity 104959K, committed 105168K, reserved 1140736K
  class space    used 13060K, capacity 14016K, committed 14112K, reserved 1048576K
}
Event: 16.876 GC heap after
{Heap after GC invocations=31 (full 0):
 garbage-first heap   total 260096K, used 178653K [0x0000000080000000, 0x0000000100000000)
  region size 1024K, 6 young (6144K), 6 survivors (6144K)
 Metaspace       used 102168K, capacity 104959K, committed 105168K, reserved 1140736K
  class space    used 13060K, capacity 14016K, committed 14112K, reserved 1048576K
}
Event: 17.618 GC heap before
{Heap before GC invocations=32 (full 0):
 garbage-first heap   total 260096K, used 216541K [0x0000000080000000, 0x0000000100000000)
  region size 1024K, 44 young (45056K), 6 survivors (6144K)
 Metaspace       used 102757K, capacity 105482K, committed 105680K, reserved 1140736K
  class space    used 13097K, capacity 14050K, committed 14112K, reserved 1048576K
}
Event: 17.631 GC heap after
{Heap after GC invocations=33 (full 0):
 garbage-first heap   total 260096K, used 182099K [0x0000000080000000, 0x0000000100000000)
  region size 1024K, 5 young (5120K), 5 survivors (5120K)
 Metaspace       used 102757K, capacity 105482K, committed 105680K, reserved 1140736K
  class space    used 13097K, capacity 14050K, committed 14112K, reserved 1048576K
}
Event: 18.194 GC heap before
{Heap before GC invocations=33 (full 0):
 garbage-first heap   total 260096K, used 217939K [0x0000000080000000, 0x0000000100000000)
  region size 1024K, 41 young (41984K), 5 survivors (5120K)
 Metaspace       used 103737K, capacity 106642K, committed 106832K, reserved 1142784K
  class space    used 13164K, capacity 14181K, committed 14240K, reserved 1048576K
}
Event: 18.204 GC heap after
{Heap after GC invocations=34 (full 0):
 garbage-first heap   total 260096K, used 185648K [0x0000000080000000, 0x0000000100000000)
  region size 1024K, 4 young (4096K), 4 survivors (4096K)
 Metaspace       used 103737K, capacity 106642K, committed 106832K, reserved 1142784K
  class space    used 13164K, capacity 14181K, committed 14240K, reserved 1048576K
}
Event: 19.180 GC heap before
{Heap before GC invocations=35 (full 0):
 garbage-first heap   total 260096K, used 219440K [0x0000000080000000, 0x0000000100000000)
  region size 1024K, 38 young (38912K), 4 survivors (4096K)
 Metaspace       used 107056K, capacity 110119K, committed 110288K, reserved 1144832K
  class space    used 13490K, capacity 14513K, committed 14624K, reserved 1048576K
}
Event: 19.188 GC heap after
{Heap after GC invocations=36 (full 0):
 garbage-first heap   total 260096K, used 187083K [0x0000000080000000, 0x0000000100000000)
  region size 1024K, 2 young (2048K), 2 survivors (2048K)
 Metaspace       used 107056K, capacity 110119K, committed 110288K, reserved 1144832K
  class space    used 13490K, capacity 14513K, committed 14624K, reserved 1048576K
}
Event: 44.401 GC heap before
{Heap before GC invocations=36 (full 0):
 garbage-first heap   total 260096K, used 221899K [0x0000000080000000, 0x0000000100000000)
  region size 1024K, 37 young (37888K), 2 survivors (2048K)
 Metaspace       used 109086K, capacity 112261K, committed 112464K, reserved 1146880K
  class space    used 13632K, capacity 14672K, committed 14752K, reserved 1048576K
}
Event: 44.418 GC heap after
{Heap after GC invocations=37 (full 0):
 garbage-first heap   total 260096K, used 190629K [0x0000000080000000, 0x0000000100000000)
  region size 1024K, 5 young (5120K), 5 survivors (5120K)
 Metaspace       used 109086K, capacity 112261K, committed 112464K, reserved 1146880K
  class space    used 13632K, capacity 14672K, committed 14752K, reserved 1048576K
}
Event: 48.788 GC heap before
{Heap before GC invocations=38 (full 0):
 garbage-first heap   total 260096K, used 221349K [0x0000000080000000, 0x0000000100000000)
  region size 1024K, 36 young (36864K), 5 survivors (5120K)
 Metaspace       used 109899K, capacity 113090K, committed 113360K, reserved 1148928K
  class space    used 13739K, capacity 14783K, committed 14880K, reserved 1048576K
}
Event: 48.803 GC heap after
{Heap after GC invocations=39 (full 0):
 garbage-first heap   total 260096K, used 191006K [0x0000000080000000, 0x0000000100000000)
  region size 1024K, 4 young (4096K), 4 survivors (4096K)
 Metaspace       used 109899K, capacity 113090K, committed 113360K, reserved 1148928K
  class space    used 13739K, capacity 14783K, committed 14880K, reserved 1048576K
}
Event: 49.238 GC heap before
{Heap before GC invocations=39 (full 0):
 garbage-first heap   total 260096K, used 221726K [0x0000000080000000, 0x0000000100000000)
  region size 1024K, 34 young (34816K), 4 survivors (4096K)
 Metaspace       used 111231K, capacity 114456K, committed 114512K, reserved 1148928K
  class space    used 13885K, capacity 14954K, committed 15008K, reserved 1048576K
}
Event: 49.255 GC heap after
{Heap after GC invocations=40 (full 0):
 garbage-first heap   total 260096K, used 194192K [0x0000000080000000, 0x0000000100000000)
  region size 1024K, 4 young (4096K), 4 survivors (4096K)
 Metaspace       used 111231K, capacity 114456K, committed 114512K, reserved 1148928K
  class space    used 13885K, capacity 14954K, committed 15008K, reserved 1048576K
}
Event: 49.661 GC heap before
{Heap before GC invocations=41 (full 0):
 garbage-first heap   total 260096K, used 222864K [0x0000000080000000, 0x0000000100000000)
  region size 1024K, 32 young (32768K), 4 survivors (4096K)
 Metaspace       used 111456K, capacity 114702K, committed 114768K, reserved 1148928K
  class space    used 13903K, capacity 14990K, committed 15008K, reserved 1048576K
}
Event: 49.673 GC heap after
{Heap after GC invocations=42 (full 0):
 garbage-first heap   total 260096K, used 198084K [0x0000000080000000, 0x0000000100000000)
  region size 1024K, 4 young (4096K), 4 survivors (4096K)
 Metaspace       used 111456K, capacity 114702K, committed 114768K, reserved 1148928K
  class space    used 13903K, capacity 14990K, committed 15008K, reserved 1048576K
}
Event: 49.720 GC heap before
{Heap before GC invocations=42 (full 0):
 garbage-first heap   total 260096K, used 206276K [0x0000000080000000, 0x0000000100000000)
  region size 1024K, 12 young (12288K), 4 survivors (4096K)
 Metaspace       used 111471K, capacity 114708K, committed 114768K, reserved 1148928K
  class space    used 13905K, capacity 14991K, committed 15008K, reserved 1048576K
}
Event: 49.731 GC heap after
{Heap after GC invocations=43 (full 0):
 garbage-first heap   total 260096K, used 194802K [0x0000000080000000, 0x0000000100000000)
  region size 1024K, 2 young (2048K), 2 survivors (2048K)
 Metaspace       used 111471K, capacity 114708K, committed 114768K, reserved 1148928K
  class space    used 13905K, capacity 14991K, committed 15008K, reserved 1048576K
}

