# JRE version: OpenJDK Runtime Environment (11.0.15) (build 11.0.15+0-b2043.56-9505619)
# Java VM: OpenJDK 64-Bit Server VM (11.0.15+0-b2043.56-9505619, mixed mode, tiered, compressed oops, g1 gc, windows-amd64)
Heap:
 garbage-first heap   total 260096K, used 194048K [0x0000000080000000, 0x0000000100000000)
  region size 1024K, 135 young (138240K), 6 survivors (6144K)
 Metaspace       used 85943K, capacity 88116K, committed 88400K, reserved 1126400K
  class space    used 11135K, capacity 11892K, committed 12008K, reserved 1048576K
GC Heap History (20 events):
Event: 1.430 GC heap before
{Heap before GC invocations=0 (full 0):
 garbage-first heap   total 260096K, used 16384K [0x0000000080000000, 0x0000000100000000)
  region size 1024K, 14 young (14336K), 0 survivors (0K)
 Metaspace       used 6751K, capacity 6993K, committed 7168K, reserved 1056768K
  class space    used 571K, capacity 650K, committed 768K, reserved 1048576K
}
Event: 1.440 GC heap after
{Heap after GC invocations=1 (full 0):
 garbage-first heap   total 260096K, used 3883K [0x0000000080000000, 0x0000000100000000)
  region size 1024K, 2 young (2048K), 2 survivors (2048K)
 Metaspace       used 6751K, capacity 6993K, committed 7168K, reserved 1056768K
  class space    used 571K, capacity 650K, committed 768K, reserved 1048576K
}
Event: 2.423 GC heap before
{Heap before GC invocations=1 (full 0):
 garbage-first heap   total 260096K, used 41771K [0x0000000080000000, 0x0000000100000000)
  region size 1024K, 36 young (36864K), 2 survivors (2048K)
 Metaspace       used 10891K, capacity 11077K, committed 11264K, reserved 1058816K
  class space    used 1113K, capacity 1207K, committed 1280K, reserved 1048576K
}
Event: 2.426 GC heap after
{Heap after GC invocations=2 (full 0):
 garbage-first heap   total 260096K, used 10168K [0x0000000080000000, 0x0000000100000000)
  region size 1024K, 5 young (5120K), 5 survivors (5120K)
 Metaspace       used 10891K, capacity 11077K, committed 11264K, reserved 1058816K
  class space    used 1113K, capacity 1207K, committed 1280K, reserved 1048576K
}
Event: 3.092 GC heap before
{Heap before GC invocations=2 (full 0):
 garbage-first heap   total 260096K, used 48056K [0x0000000080000000, 0x0000000100000000)
  region size 1024K, 41 young (41984K), 5 survivors (5120K)
 Metaspace       used 17060K, capacity 17395K, committed 17408K, reserved 1064960K
  class space    used 1935K, capacity 2035K, committed 2048K, reserved 1048576K
}
Event: 3.099 GC heap after
{Heap after GC invocations=3 (full 0):
 garbage-first heap   total 260096K, used 15900K [0x0000000080000000, 0x0000000100000000)
  region size 1024K, 6 young (6144K), 6 survivors (6144K)
 Metaspace       used 17060K, capacity 17395K, committed 17408K, reserved 1064960K
  class space    used 1935K, capacity 2035K, committed 2048K, reserved 1048576K
}
Event: 3.391 GC heap before
{Heap before GC invocations=3 (full 0):
 garbage-first heap   total 260096K, used 49692K [0x0000000080000000, 0x0000000100000000)
  region size 1024K, 41 young (41984K), 6 survivors (6144K)
 Metaspace       used 20835K, capacity 21153K, committed 21296K, reserved 1069056K
  class space    used 2505K, capacity 2651K, committed 2688K, reserved 1048576K
}
Event: 3.397 GC heap after
{Heap after GC invocations=4 (full 0):
 garbage-first heap   total 260096K, used 17420K [0x0000000080000000, 0x0000000100000000)
  region size 1024K, 2 young (2048K), 2 survivors (2048K)
 Metaspace       used 20835K, capacity 21153K, committed 21296K, reserved 1069056K
  class space    used 2505K, capacity 2651K, committed 2688K, reserved 1048576K
}
Event: 3.900 GC heap before
{Heap before GC invocations=5 (full 0):
 garbage-first heap   total 260096K, used 71692K [0x0000000080000000, 0x0000000100000000)
  region size 1024K, 55 young (56320K), 2 survivors (2048K)
 Metaspace       used 26735K, capacity 27368K, committed 27440K, reserved 1073152K
  class space    used 3462K, capacity 3694K, committed 3712K, reserved 1048576K
}
Event: 3.906 GC heap after
{Heap after GC invocations=6 (full 0):
 garbage-first heap   total 260096K, used 19371K [0x0000000080000000, 0x0000000100000000)
  region size 1024K, 4 young (4096K), 4 survivors (4096K)
 Metaspace       used 26735K, capacity 27368K, committed 27440K, reserved 1073152K
  class space    used 3462K, capacity 3694K, committed 3712K, reserved 1048576K
}
Event: 4.553 GC heap before
{Heap before GC invocations=6 (full 0):
 garbage-first heap   total 260096K, used 86955K [0x0000000080000000, 0x0000000100000000)
  region size 1024K, 71 young (72704K), 4 survivors (4096K)
 Metaspace       used 34930K, capacity 35733K, committed 35888K, reserved 1081344K
  class space    used 4554K, capacity 4889K, committed 4992K, reserved 1048576K
}
Event: 4.561 GC heap after
{Heap after GC invocations=7 (full 0):
 garbage-first heap   total 260096K, used 22697K [0x0000000080000000, 0x0000000100000000)
  region size 1024K, 7 young (7168K), 7 survivors (7168K)
 Metaspace       used 34930K, capacity 35733K, committed 35888K, reserved 1081344K
  class space    used 4554K, capacity 4889K, committed 4992K, reserved 1048576K
}
Event: 5.839 GC heap before
{Heap before GC invocations=8 (full 0):
 garbage-first heap   total 260096K, used 162985K [0x0000000080000000, 0x0000000100000000)
  region size 1024K, 141 young (144384K), 7 survivors (7168K)
 Metaspace       used 46798K, capacity 48000K, committed 48232K, reserved 1091584K
  class space    used 5970K, capacity 6384K, committed 6400K, reserved 1048576K
}
Event: 5.857 GC heap after
{Heap after GC invocations=9 (full 0):
 garbage-first heap   total 260096K, used 31086K [0x0000000080000000, 0x0000000100000000)
  region size 1024K, 15 young (15360K), 15 survivors (15360K)
 Metaspace       used 46798K, capacity 48000K, committed 48232K, reserved 1091584K
  class space    used 5970K, capacity 6384K, committed 6400K, reserved 1048576K
}
Event: 7.405 GC heap before
{Heap before GC invocations=10 (full 0):
 garbage-first heap   total 260096K, used 175470K [0x0000000080000000, 0x0000000100000000)
  region size 1024K, 152 young (155648K), 15 survivors (15360K)
 Metaspace       used 59601K, capacity 61176K, committed 61544K, reserved 1103872K
  class space    used 7517K, capacity 8071K, committed 8192K, reserved 1048576K
}
Event: 7.431 GC heap after
{Heap after GC invocations=11 (full 0):
 garbage-first heap   total 260096K, used 46155K [0x0000000080000000, 0x0000000100000000)
  region size 1024K, 19 young (19456K), 19 survivors (19456K)
 Metaspace       used 59601K, capacity 61176K, committed 61544K, reserved 1103872K
  class space    used 7517K, capacity 8071K, committed 8192K, reserved 1048576K
}
Event: 8.609 GC heap before
{Heap before GC invocations=11 (full 0):
 garbage-first heap   total 260096K, used 190539K [0x0000000080000000, 0x0000000100000000)
  region size 1024K, 152 young (155648K), 19 survivors (19456K)
 Metaspace       used 68898K, capacity 70616K, committed 70888K, reserved 1112064K
  class space    used 8688K, capacity 9298K, committed 9344K, reserved 1048576K
}
Event: 8.630 GC heap after
{Heap after GC invocations=12 (full 0):
 garbage-first heap   total 260096K, used 58086K [0x0000000080000000, 0x0000000100000000)
  region size 1024K, 12 young (12288K), 12 survivors (12288K)
 Metaspace       used 68898K, capacity 70616K, committed 70888K, reserved 1112064K
  class space    used 8688K, capacity 9298K, committed 9344K, reserved 1048576K
}
Event: 9.671 GC heap before
{Heap before GC invocations=12 (full 0):
 garbage-first heap   total 260096K, used 157414K [0x0000000080000000, 0x0000000100000000)
  region size 1024K, 110 young (112640K), 12 survivors (12288K)
 Metaspace       used 78436K, capacity 80316K, committed 80360K, reserved 1118208K
  class space    used 10164K, capacity 10855K, committed 10880K, reserved 1048576K
}
Event: 9.696 GC heap after
{Heap after GC invocations=13 (full 0):
 garbage-first heap   total 260096K, used 64000K [0x0000000080000000, 0x0000000100000000)
  region size 1024K, 6 young (6144K), 6 survivors (6144K)
 Metaspace       used 78436K, capacity 80316K, committed 80360K, reserved 1118208K
  class space    used 10164K, capacity 10855K, committed 10880K, reserved 1048576K
}

