# JRE version: OpenJDK Runtime Environment (11.0.15) (build 11.0.15+0-b2043.56-9505619)
# Java VM: OpenJDK 64-Bit Server VM (11.0.15+0-b2043.56-9505619, mixed mode, tiered, compressed oops, g1 gc, windows-amd64)
Heap:
 garbage-first heap   total 260096K, used 210605K [0x0000000080000000, 0x0000000100000000)
  region size 1024K, 19 young (19456K), 5 survivors (5120K)
 Metaspace       used 106893K, capacity 110016K, committed 110204K, reserved 1144832K
  class space    used 13359K, capacity 14422K, committed 14464K, reserved 1048576K
GC Heap History (20 events):
Event: 9.852 GC heap before
{Heap before GC invocations=20 (full 0):
 garbage-first heap   total 260096K, used 215052K [0x0000000080000000, 0x0000000100000000)
  region size 1024K, 50 young (51200K), 3 survivors (3072K)
 Metaspace       used 88969K, capacity 91469K, committed 91644K, reserved 1128448K
  class space    used 11381K, capacity 12242K, committed 12288K, reserved 1048576K
}
Event: 9.857 GC heap after
{Heap after GC invocations=21 (full 0):
 garbage-first heap   total 260096K, used 167094K [0x0000000080000000, 0x0000000100000000)
  region size 1024K, 4 young (4096K), 4 survivors (4096K)
 Metaspace       used 88969K, capacity 91469K, committed 91644K, reserved 1128448K
  class space    used 11381K, capacity 12242K, committed 12288K, reserved 1048576K
}
Event: 10.402 GC heap before
{Heap before GC invocations=21 (full 0):
 garbage-first heap   total 260096K, used 217270K [0x0000000080000000, 0x0000000100000000)
  region size 1024K, 53 young (54272K), 4 survivors (4096K)
 Metaspace       used 93661K, capacity 96258K, committed 96380K, reserved 1132544K
  class space    used 12017K, capacity 12911K, committed 12928K, reserved 1048576K
}
Event: 10.409 GC heap after
{Heap after GC invocations=22 (full 0):
 garbage-first heap   total 260096K, used 170092K [0x0000000080000000, 0x0000000100000000)
  region size 1024K, 7 young (7168K), 7 survivors (7168K)
 Metaspace       used 93661K, capacity 96258K, committed 96380K, reserved 1132544K
  class space    used 12017K, capacity 12911K, committed 12928K, reserved 1048576K
}
Event: 10.976 GC heap before
{Heap before GC invocations=23 (full 0):
 garbage-first heap   total 260096K, used 218220K [0x0000000080000000, 0x0000000100000000)
  region size 1024K, 55 young (56320K), 7 survivors (7168K)
 Metaspace       used 95348K, capacity 97988K, committed 98172K, reserved 1134592K
  class space    used 12184K, capacity 13110K, committed 13184K, reserved 1048576K
}
Event: 10.988 GC heap after
{Heap after GC invocations=24 (full 0):
 garbage-first heap   total 260096K, used 175837K [0x0000000080000000, 0x0000000100000000)
  region size 1024K, 7 young (7168K), 7 survivors (7168K)
 Metaspace       used 95348K, capacity 97988K, committed 98172K, reserved 1134592K
  class space    used 12184K, capacity 13110K, committed 13184K, reserved 1048576K
}
Event: 11.547 GC heap before
{Heap before GC invocations=24 (full 0):
 garbage-first heap   total 260096K, used 218845K [0x0000000080000000, 0x0000000100000000)
  region size 1024K, 50 young (51200K), 7 survivors (7168K)
 Metaspace       used 96192K, capacity 98936K, committed 99196K, reserved 1136640K
  class space    used 12227K, capacity 13148K, committed 13184K, reserved 1048576K
}
Event: 11.561 GC heap after
{Heap after GC invocations=25 (full 0):
 garbage-first heap   total 260096K, used 180738K [0x0000000080000000, 0x0000000100000000)
  region size 1024K, 6 young (6144K), 6 survivors (6144K)
 Metaspace       used 96192K, capacity 98936K, committed 99196K, reserved 1136640K
  class space    used 12227K, capacity 13148K, committed 13184K, reserved 1048576K
}
Event: 12.030 GC heap before
{Heap before GC invocations=26 (full 0):
 garbage-first heap   total 260096K, used 218626K [0x0000000080000000, 0x0000000100000000)
  region size 1024K, 44 young (45056K), 6 survivors (6144K)
 Metaspace       used 97759K, capacity 100464K, committed 100732K, reserved 1136640K
  class space    used 12382K, capacity 13328K, committed 13440K, reserved 1048576K
}
Event: 12.038 GC heap after
{Heap after GC invocations=27 (full 0):
 garbage-first heap   total 260096K, used 182786K [0x0000000080000000, 0x0000000100000000)
  region size 1024K, 3 young (3072K), 3 survivors (3072K)
 Metaspace       used 97759K, capacity 100464K, committed 100732K, reserved 1136640K
  class space    used 12382K, capacity 13328K, committed 13440K, reserved 1048576K
}
Event: 12.180 GC heap before
{Heap before GC invocations=27 (full 0):
 garbage-first heap   total 260096K, used 220674K [0x0000000080000000, 0x0000000100000000)
  region size 1024K, 41 young (41984K), 3 survivors (3072K)
 Metaspace       used 98929K, capacity 101582K, committed 101884K, reserved 1138688K
  class space    used 12530K, capacity 13441K, committed 13568K, reserved 1048576K
}
Event: 12.185 GC heap after
{Heap after GC invocations=28 (full 0):
 garbage-first heap   total 260096K, used 184211K [0x0000000080000000, 0x0000000100000000)
  region size 1024K, 4 young (4096K), 4 survivors (4096K)
 Metaspace       used 98929K, capacity 101582K, committed 101884K, reserved 1138688K
  class space    used 12530K, capacity 13441K, committed 13568K, reserved 1048576K
}
Event: 12.697 GC heap before
{Heap before GC invocations=29 (full 0):
 garbage-first heap   total 260096K, used 222099K [0x0000000080000000, 0x0000000100000000)
  region size 1024K, 42 young (43008K), 4 survivors (4096K)
 Metaspace       used 103132K, capacity 105977K, committed 106108K, reserved 1142784K
  class space    used 12921K, capacity 13914K, committed 13952K, reserved 1048576K
}
Event: 12.705 GC heap after
{Heap after GC invocations=30 (full 0):
 garbage-first heap   total 260096K, used 185023K [0x0000000080000000, 0x0000000100000000)
  region size 1024K, 3 young (3072K), 3 survivors (3072K)
 Metaspace       used 103132K, capacity 105977K, committed 106108K, reserved 1142784K
  class space    used 12921K, capacity 13914K, committed 13952K, reserved 1048576K
}
Event: 45.517 GC heap before
{Heap before GC invocations=30 (full 0):
 garbage-first heap   total 260096K, used 222911K [0x0000000080000000, 0x0000000100000000)
  region size 1024K, 41 young (41984K), 3 survivors (3072K)
 Metaspace       used 104553K, capacity 107508K, committed 107516K, reserved 1142784K
  class space    used 13051K, capacity 14080K, committed 14080K, reserved 1048576K
}
Event: 45.533 GC heap after
{Heap after GC invocations=31 (full 0):
 garbage-first heap   total 260096K, used 189171K [0x0000000080000000, 0x0000000100000000)
  region size 1024K, 6 young (6144K), 6 survivors (6144K)
 Metaspace       used 104553K, capacity 107508K, committed 107516K, reserved 1142784K
  class space    used 13051K, capacity 14080K, committed 14080K, reserved 1048576K
}
Event: 45.927 GC heap before
{Heap before GC invocations=32 (full 0):
 garbage-first heap   total 260096K, used 225011K [0x0000000080000000, 0x0000000100000000)
  region size 1024K, 41 young (41984K), 6 survivors (6144K)
 Metaspace       used 105585K, capacity 108527K, committed 108668K, reserved 1144832K
  class space    used 13153K, capacity 14180K, committed 14208K, reserved 1048576K
}
Event: 45.941 GC heap after
{Heap after GC invocations=33 (full 0):
 garbage-first heap   total 260096K, used 193039K [0x0000000080000000, 0x0000000100000000)
  region size 1024K, 4 young (4096K), 4 survivors (4096K)
 Metaspace       used 105585K, capacity 108527K, committed 108668K, reserved 1144832K
  class space    used 13153K, capacity 14180K, committed 14208K, reserved 1048576K
}
Event: 46.090 GC heap before
{Heap before GC invocations=33 (full 0):
 garbage-first heap   total 260096K, used 224783K [0x0000000080000000, 0x0000000100000000)
  region size 1024K, 35 young (35840K), 4 survivors (4096K)
 Metaspace       used 105653K, capacity 108734K, committed 108924K, reserved 1144832K
  class space    used 13156K, capacity 14183K, committed 14208K, reserved 1048576K
}
Event: 46.099 GC heap after
{Heap after GC invocations=34 (full 0):
 garbage-first heap   total 260096K, used 198317K [0x0000000080000000, 0x0000000100000000)
  region size 1024K, 5 young (5120K), 5 survivors (5120K)
 Metaspace       used 105653K, capacity 108734K, committed 108924K, reserved 1144832K
  class space    used 13156K, capacity 14183K, committed 14208K, reserved 1048576K
}

