# JRE version: OpenJDK Runtime Environment (11.0.15) (build 11.0.15+0-b2043.56-9505619)
# Java VM: OpenJDK 64-Bit Server VM (11.0.15+0-b2043.56-9505619, mixed mode, tiered, compressed oops, g1 gc, windows-amd64)
Heap:
 garbage-first heap   total 312320K, used 214994K [0x0000000080000000, 0x0000000100000000)
  region size 1024K, 25 young (25600K), 8 survivors (8192K)
 Metaspace       used 112403K, capacity 115554K, committed 115664K, reserved 1150976K
  class space    used 14041K, capacity 15162K, committed 15232K, reserved 1048576K
GC Heap History (20 events):
Event: 12.924 GC heap before
{Heap before GC invocations=25 (full 0):
 garbage-first heap   total 260096K, used 214020K [0x0000000080000000, 0x0000000100000000)
  region size 1024K, 49 young (50176K), 4 survivors (4096K)
 Metaspace       used 89512K, capacity 91847K, committed 92112K, reserved 1128448K
  class space    used 11508K, capacity 12370K, committed 12416K, reserved 1048576K
}
Event: 12.937 GC heap after
{Heap after GC invocations=26 (full 0):
 garbage-first heap   total 260096K, used 169936K [0x0000000080000000, 0x0000000100000000)
  region size 1024K, 6 young (6144K), 6 survivors (6144K)
 Metaspace       used 89512K, capacity 91847K, committed 92112K, reserved 1128448K
  class space    used 11508K, capacity 12370K, committed 12416K, reserved 1048576K
}
Event: 12.969 GC heap before
{Heap before GC invocations=26 (full 0):
 garbage-first heap   total 260096K, used 178128K [0x0000000080000000, 0x0000000100000000)
  region size 1024K, 16 young (16384K), 6 survivors (6144K)
 Metaspace       used 89977K, capacity 92359K, committed 92496K, reserved 1130496K
  class space    used 11553K, capacity 12434K, committed 12544K, reserved 1048576K
}
Event: 12.986 GC heap after
{Heap after GC invocations=27 (full 0):
 garbage-first heap   total 260096K, used 170186K [0x0000000080000000, 0x0000000100000000)
  region size 1024K, 3 young (3072K), 3 survivors (3072K)
 Metaspace       used 89977K, capacity 92359K, committed 92496K, reserved 1130496K
  class space    used 11553K, capacity 12434K, committed 12544K, reserved 1048576K
}
Event: 13.331 GC heap before
{Heap before GC invocations=28 (full 0):
 garbage-first heap   total 260096K, used 211146K [0x0000000080000000, 0x0000000100000000)
  region size 1024K, 42 young (43008K), 3 survivors (3072K)
 Metaspace       used 93421K, capacity 95867K, committed 96080K, reserved 1132544K
  class space    used 11931K, capacity 12766K, committed 12800K, reserved 1048576K
}
Event: 13.337 GC heap after
{Heap after GC invocations=29 (full 0):
 garbage-first heap   total 260096K, used 170297K [0x0000000080000000, 0x0000000100000000)
  region size 1024K, 3 young (3072K), 3 survivors (3072K)
 Metaspace       used 93421K, capacity 95867K, committed 96080K, reserved 1132544K
  class space    used 11931K, capacity 12766K, committed 12800K, reserved 1048576K
}
Event: 13.842 GC heap before
{Heap before GC invocations=29 (full 0):
 garbage-first heap   total 260096K, used 212281K [0x0000000080000000, 0x0000000100000000)
  region size 1024K, 44 young (45056K), 3 survivors (3072K)
 Metaspace       used 98067K, capacity 100689K, committed 100944K, reserved 1136640K
  class space    used 12569K, capacity 13481K, committed 13568K, reserved 1048576K
}
Event: 13.851 GC heap after
{Heap after GC invocations=30 (full 0):
 garbage-first heap   total 260096K, used 172548K [0x0000000080000000, 0x0000000100000000)
  region size 1024K, 5 young (5120K), 5 survivors (5120K)
 Metaspace       used 98067K, capacity 100689K, committed 100944K, reserved 1136640K
  class space    used 12569K, capacity 13481K, committed 13568K, reserved 1048576K
}
Event: 14.727 GC heap before
{Heap before GC invocations=31 (full 0):
 garbage-first heap   total 260096K, used 214532K [0x0000000080000000, 0x0000000100000000)
  region size 1024K, 46 young (47104K), 5 survivors (5120K)
 Metaspace       used 102068K, capacity 104775K, committed 105040K, reserved 1140736K
  class space    used 13077K, capacity 14005K, committed 14080K, reserved 1048576K
}
Event: 14.737 GC heap after
{Heap after GC invocations=32 (full 0):
 garbage-first heap   total 260096K, used 175739K [0x0000000080000000, 0x0000000100000000)
  region size 1024K, 6 young (6144K), 6 survivors (6144K)
 Metaspace       used 102068K, capacity 104775K, committed 105040K, reserved 1140736K
  class space    used 13077K, capacity 14005K, committed 14080K, reserved 1048576K
}
Event: 15.176 GC heap before
{Heap before GC invocations=32 (full 0):
 garbage-first heap   total 260096K, used 215675K [0x0000000080000000, 0x0000000100000000)
  region size 1024K, 46 young (47104K), 6 survivors (6144K)
 Metaspace       used 102632K, capacity 105377K, committed 105552K, reserved 1140736K
  class space    used 13096K, capacity 14022K, committed 14080K, reserved 1048576K
}
Event: 15.188 GC heap after
{Heap after GC invocations=33 (full 0):
 garbage-first heap   total 312320K, used 181286K [0x0000000080000000, 0x0000000100000000)
  region size 1024K, 6 young (6144K), 6 survivors (6144K)
 Metaspace       used 102632K, capacity 105377K, committed 105552K, reserved 1140736K
  class space    used 13096K, capacity 14022K, committed 14080K, reserved 1048576K
}
Event: 16.326 GC heap before
{Heap before GC invocations=34 (full 0):
 garbage-first heap   total 312320K, used 236582K [0x0000000080000000, 0x0000000100000000)
  region size 1024K, 61 young (62464K), 6 survivors (6144K)
 Metaspace       used 104042K, capacity 106789K, committed 106960K, reserved 1142784K
  class space    used 13199K, capacity 14187K, committed 14208K, reserved 1048576K
}
Event: 16.338 GC heap after
{Heap after GC invocations=35 (full 0):
 garbage-first heap   total 312320K, used 184583K [0x0000000080000000, 0x0000000100000000)
  region size 1024K, 6 young (6144K), 6 survivors (6144K)
 Metaspace       used 104042K, capacity 106789K, committed 106960K, reserved 1142784K
  class space    used 13199K, capacity 14187K, committed 14208K, reserved 1048576K
}
Event: 23.905 GC heap before
{Heap before GC invocations=35 (full 0):
 garbage-first heap   total 312320K, used 240903K [0x0000000080000000, 0x0000000100000000)
  region size 1024K, 62 young (63488K), 6 survivors (6144K)
 Metaspace       used 108997K, capacity 111964K, committed 112080K, reserved 1146880K
  class space    used 13630K, capacity 14669K, committed 14720K, reserved 1048576K
}
Event: 23.920 GC heap after
{Heap after GC invocations=36 (full 0):
 garbage-first heap   total 312320K, used 188355K [0x0000000080000000, 0x0000000100000000)
  region size 1024K, 4 young (4096K), 4 survivors (4096K)
 Metaspace       used 108997K, capacity 111964K, committed 112080K, reserved 1146880K
  class space    used 13630K, capacity 14669K, committed 14720K, reserved 1048576K
}
Event: 36.490 GC heap before
{Heap before GC invocations=37 (full 0):
 garbage-first heap   total 312320K, used 245699K [0x0000000080000000, 0x0000000100000000)
  region size 1024K, 61 young (62464K), 4 survivors (4096K)
 Metaspace       used 110684K, capacity 113779K, committed 113872K, reserved 1148928K
  class space    used 13837K, capacity 14926K, committed 14976K, reserved 1048576K
}
Event: 36.502 GC heap after
{Heap after GC invocations=38 (full 0):
 garbage-first heap   total 312320K, used 191373K [0x0000000080000000, 0x0000000100000000)
  region size 1024K, 7 young (7168K), 7 survivors (7168K)
 Metaspace       used 110684K, capacity 113779K, committed 113872K, reserved 1148928K
  class space    used 13837K, capacity 14926K, committed 14976K, reserved 1048576K
}
Event: 37.033 GC heap before
{Heap before GC invocations=38 (full 0):
 garbage-first heap   total 312320K, used 250765K [0x0000000080000000, 0x0000000100000000)
  region size 1024K, 65 young (66560K), 7 survivors (7168K)
 Metaspace       used 111716K, capacity 114813K, committed 115024K, reserved 1148928K
  class space    used 13941K, capacity 15028K, committed 15104K, reserved 1048576K
}
Event: 37.051 GC heap after
{Heap after GC invocations=39 (full 0):
 garbage-first heap   total 312320K, used 198610K [0x0000000080000000, 0x0000000100000000)
  region size 1024K, 8 young (8192K), 8 survivors (8192K)
 Metaspace       used 111716K, capacity 114813K, committed 115024K, reserved 1148928K
  class space    used 13941K, capacity 15028K, committed 15104K, reserved 1048576K
}

