# JRE version: OpenJDK Runtime Environment (11.0.15) (build 11.0.15+0-b2043.56-9505619)
# Java VM: OpenJDK 64-Bit Server VM (11.0.15+0-b2043.56-9505619, mixed mode, tiered, compressed oops, g1 gc, windows-amd64)
Heap:
 garbage-first heap   total 312320K, used 199024K [0x0000000080000000, 0x0000000100000000)
  region size 1024K, 10 young (10240K), 9 survivors (9216K)
 Metaspace       used 106822K, capacity 110067K, committed 110204K, reserved 1144832K
  class space    used 13339K, capacity 14437K, committed 14540K, reserved 1048576K
GC Heap History (20 events):
Event: 4.226 GC heap before
{Heap before GC invocations=7 (full 0):
 garbage-first heap   total 260096K, used 124117K [0x0000000080000000, 0x0000000100000000)
  region size 1024K, 103 young (105472K), 6 survivors (6144K)
 Metaspace       used 43429K, capacity 44588K, committed 44848K, reserved 1087488K
  class space    used 5565K, capacity 5994K, committed 6016K, reserved 1048576K
}
Event: 4.243 GC heap after
{Heap after GC invocations=8 (full 0):
 garbage-first heap   total 260096K, used 30640K [0x0000000080000000, 0x0000000100000000)
  region size 1024K, 13 young (13312K), 13 survivors (13312K)
 Metaspace       used 43429K, capacity 44588K, committed 44848K, reserved 1087488K
  class space    used 5565K, capacity 5994K, committed 6016K, reserved 1048576K
}
Event: 5.424 GC heap before
{Heap before GC invocations=9 (full 0):
 garbage-first heap   total 260096K, used 145328K [0x0000000080000000, 0x0000000100000000)
  region size 1024K, 120 young (122880K), 13 survivors (13312K)
 Metaspace       used 50778K, capacity 52232K, committed 52528K, reserved 1095680K
  class space    used 6441K, capacity 6971K, committed 7040K, reserved 1048576K
}
Event: 5.449 GC heap after
{Heap after GC invocations=10 (full 0):
 garbage-first heap   total 260096K, used 44047K [0x0000000080000000, 0x0000000100000000)
  region size 1024K, 15 young (15360K), 15 survivors (15360K)
 Metaspace       used 50778K, capacity 52232K, committed 52528K, reserved 1095680K
  class space    used 6441K, capacity 6971K, committed 7040K, reserved 1048576K
}
Event: 6.822 GC heap before
{Heap before GC invocations=10 (full 0):
 garbage-first heap   total 260096K, used 172047K [0x0000000080000000, 0x0000000100000000)
  region size 1024K, 133 young (136192K), 15 survivors (15360K)
 Metaspace       used 65231K, capacity 66894K, committed 67120K, reserved 1107968K
  class space    used 8192K, capacity 8792K, committed 8832K, reserved 1048576K
}
Event: 6.842 GC heap after
{Heap after GC invocations=11 (full 0):
 garbage-first heap   total 260096K, used 52981K [0x0000000080000000, 0x0000000100000000)
  region size 1024K, 8 young (8192K), 8 survivors (8192K)
 Metaspace       used 65231K, capacity 66894K, committed 67120K, reserved 1107968K
  class space    used 8192K, capacity 8792K, committed 8832K, reserved 1048576K
}
Event: 7.769 GC heap before
{Heap before GC invocations=11 (full 0):
 garbage-first heap   total 260096K, used 168693K [0x0000000080000000, 0x0000000100000000)
  region size 1024K, 121 young (123904K), 8 survivors (8192K)
 Metaspace       used 72910K, capacity 74699K, committed 74748K, reserved 1114112K
  class space    used 9379K, capacity 10011K, committed 10060K, reserved 1048576K
}
Event: 7.789 GC heap after
{Heap after GC invocations=12 (full 0):
 garbage-first heap   total 312320K, used 60149K [0x0000000080000000, 0x0000000100000000)
  region size 1024K, 15 young (15360K), 15 survivors (15360K)
 Metaspace       used 72910K, capacity 74699K, committed 74748K, reserved 1114112K
  class space    used 9379K, capacity 10011K, committed 10060K, reserved 1048576K
}
Event: 27.368 GC heap before
{Heap before GC invocations=13 (full 0):
 garbage-first heap   total 312320K, used 251637K [0x0000000080000000, 0x0000000100000000)
  region size 1024K, 151 young (154624K), 15 survivors (15360K)
 Metaspace       used 83571K, capacity 86024K, committed 86268K, reserved 1124352K
  class space    used 10612K, capacity 11491K, committed 11596K, reserved 1048576K
}
Event: 27.397 GC heap after
{Heap after GC invocations=14 (full 0):
 garbage-first heap   total 312320K, used 128651K [0x0000000080000000, 0x0000000100000000)
  region size 1024K, 19 young (19456K), 19 survivors (19456K)
 Metaspace       used 83571K, capacity 86024K, committed 86268K, reserved 1124352K
  class space    used 10612K, capacity 11491K, committed 11596K, reserved 1048576K
}
Event: 28.752 GC heap before
{Heap before GC invocations=15 (full 0):
 garbage-first heap   total 312320K, used 269963K [0x0000000080000000, 0x0000000100000000)
  region size 1024K, 130 young (133120K), 19 survivors (19456K)
 Metaspace       used 88785K, capacity 91488K, committed 91644K, reserved 1128448K
  class space    used 11135K, capacity 12033K, committed 12108K, reserved 1048576K
}
Event: 28.775 GC heap after
{Heap after GC invocations=16 (full 0):
 garbage-first heap   total 312320K, used 167778K [0x0000000080000000, 0x0000000100000000)
  region size 1024K, 10 young (10240K), 10 survivors (10240K)
 Metaspace       used 88785K, capacity 91488K, committed 91644K, reserved 1128448K
  class space    used 11135K, capacity 12033K, committed 12108K, reserved 1048576K
}
Event: 31.813 GC heap before
{Heap before GC invocations=16 (full 0):
 garbage-first heap   total 312320K, used 254818K [0x0000000080000000, 0x0000000100000000)
  region size 1024K, 95 young (97280K), 10 survivors (10240K)
 Metaspace       used 97536K, capacity 100347K, committed 100604K, reserved 1136640K
  class space    used 12358K, capacity 13334K, committed 13388K, reserved 1048576K
}
Event: 31.826 GC heap after
{Heap after GC invocations=17 (full 0):
 garbage-first heap   total 312320K, used 172032K [0x0000000080000000, 0x0000000100000000)
  region size 1024K, 5 young (5120K), 5 survivors (5120K)
 Metaspace       used 97536K, capacity 100347K, committed 100604K, reserved 1136640K
  class space    used 12358K, capacity 13334K, committed 13388K, reserved 1048576K
}
Event: 33.086 GC heap before
{Heap before GC invocations=18 (full 0):
 garbage-first heap   total 312320K, used 257024K [0x0000000080000000, 0x0000000100000000)
  region size 1024K, 89 young (91136K), 5 survivors (5120K)
 Metaspace       used 100645K, capacity 103547K, committed 103676K, reserved 1138688K
  class space    used 12641K, capacity 13628K, committed 13644K, reserved 1048576K
}
Event: 33.099 GC heap after
{Heap after GC invocations=19 (full 0):
 garbage-first heap   total 312320K, used 179575K [0x0000000080000000, 0x0000000100000000)
  region size 1024K, 12 young (12288K), 12 survivors (12288K)
 Metaspace       used 100645K, capacity 103547K, committed 103676K, reserved 1138688K
  class space    used 12641K, capacity 13628K, committed 13644K, reserved 1048576K
}
Event: 34.000 GC heap before
{Heap before GC invocations=19 (full 0):
 garbage-first heap   total 312320K, used 257399K [0x0000000080000000, 0x0000000100000000)
  region size 1024K, 89 young (91136K), 12 survivors (12288K)
 Metaspace       used 103117K, capacity 106026K, committed 106236K, reserved 1142784K
  class space    used 12898K, capacity 13885K, committed 13900K, reserved 1048576K
}
Event: 34.015 GC heap after
{Heap after GC invocations=20 (full 0):
 garbage-first heap   total 312320K, used 184644K [0x0000000080000000, 0x0000000100000000)
  region size 1024K, 6 young (6144K), 6 survivors (6144K)
 Metaspace       used 103117K, capacity 106026K, committed 106236K, reserved 1142784K
  class space    used 12898K, capacity 13885K, committed 13900K, reserved 1048576K
}
Event: 62.785 GC heap before
{Heap before GC invocations=21 (full 0):
 garbage-first heap   total 312320K, used 259396K [0x0000000080000000, 0x0000000100000000)
  region size 1024K, 80 young (81920K), 6 survivors (6144K)
 Metaspace       used 105237K, capacity 108333K, committed 108668K, reserved 1144832K
  class space    used 13147K, capacity 14170K, committed 14284K, reserved 1048576K
}
Event: 62.804 GC heap after
{Heap after GC invocations=22 (full 0):
 garbage-first heap   total 312320K, used 189891K [0x0000000080000000, 0x0000000100000000)
  region size 1024K, 10 young (10240K), 10 survivors (10240K)
 Metaspace       used 105237K, capacity 108333K, committed 108668K, reserved 1144832K
  class space    used 13147K, capacity 14170K, committed 14284K, reserved 1048576K
}

