# JRE version: OpenJDK Runtime Environment (11.0.15) (build 11.0.15+0-b2043.56-9505619)
# Java VM: OpenJDK 64-Bit Server VM (11.0.15+0-b2043.56-9505619, mixed mode, tiered, compressed oops, g1 gc, windows-amd64)
Heap:
 garbage-first heap   total 312320K, used 116499K [0x0000000080000000, 0x0000000100000000)
  region size 1024K, 65 young (66560K), 20 survivors (20480K)
 Metaspace       used 85880K, capacity 88103K, committed 88188K, reserved 1126400K
  class space    used 11111K, capacity 11887K, committed 11904K, reserved 1048576K
GC Heap History (18 events):
Event: 0.608 GC heap before
{Heap before GC invocations=0 (full 0):
 garbage-first heap   total 260096K, used 16384K [0x0000000080000000, 0x0000000100000000)
  region size 1024K, 14 young (14336K), 0 survivors (0K)
 Metaspace       used 6751K, capacity 6993K, committed 7168K, reserved 1056768K
  class space    used 571K, capacity 650K, committed 768K, reserved 1048576K
}
Event: 0.617 GC heap after
{Heap after GC invocations=1 (full 0):
 garbage-first heap   total 260096K, used 4042K [0x0000000080000000, 0x0000000100000000)
  region size 1024K, 2 young (2048K), 2 survivors (2048K)
 Metaspace       used 6751K, capacity 6993K, committed 7168K, reserved 1056768K
  class space    used 571K, capacity 650K, committed 768K, reserved 1048576K
}
Event: 2.192 GC heap before
{Heap before GC invocations=1 (full 0):
 garbage-first heap   total 260096K, used 115658K [0x0000000080000000, 0x0000000100000000)
  region size 1024K, 108 young (110592K), 2 survivors (2048K)
 Metaspace       used 20844K, capacity 21153K, committed 21296K, reserved 1069056K
  class space    used 2507K, capacity 2651K, committed 2688K, reserved 1048576K
}
Event: 2.199 GC heap after
{Heap after GC invocations=2 (full 0):
 garbage-first heap   total 260096K, used 16992K [0x0000000080000000, 0x0000000100000000)
  region size 1024K, 12 young (12288K), 12 survivors (12288K)
 Metaspace       used 20844K, capacity 21153K, committed 21296K, reserved 1069056K
  class space    used 2507K, capacity 2651K, committed 2688K, reserved 1048576K
}
Event: 2.673 GC heap before
{Heap before GC invocations=3 (full 0):
 garbage-first heap   total 260096K, used 68192K [0x0000000080000000, 0x0000000100000000)
  region size 1024K, 62 young (63488K), 12 survivors (12288K)
 Metaspace       used 26310K, capacity 26960K, committed 27184K, reserved 1073152K
  class space    used 3394K, capacity 3617K, committed 3712K, reserved 1048576K
}
Event: 2.684 GC heap after
{Heap after GC invocations=4 (full 0):
 garbage-first heap   total 260096K, used 19702K [0x0000000080000000, 0x0000000100000000)
  region size 1024K, 3 young (3072K), 3 survivors (3072K)
 Metaspace       used 26310K, capacity 26960K, committed 27184K, reserved 1073152K
  class space    used 3394K, capacity 3617K, committed 3712K, reserved 1048576K
}
Event: 3.404 GC heap before
{Heap before GC invocations=4 (full 0):
 garbage-first heap   total 260096K, used 89334K [0x0000000080000000, 0x0000000100000000)
  region size 1024K, 72 young (73728K), 3 survivors (3072K)
 Metaspace       used 34918K, capacity 35734K, committed 35888K, reserved 1081344K
  class space    used 4554K, capacity 4889K, committed 4992K, reserved 1048576K
}
Event: 3.416 GC heap after
{Heap after GC invocations=5 (full 0):
 garbage-first heap   total 260096K, used 22628K [0x0000000080000000, 0x0000000100000000)
  region size 1024K, 6 young (6144K), 6 survivors (6144K)
 Metaspace       used 34918K, capacity 35734K, committed 35888K, reserved 1081344K
  class space    used 4554K, capacity 4889K, committed 4992K, reserved 1048576K
}
Event: 4.311 GC heap before
{Heap before GC invocations=6 (full 0):
 garbage-first heap   total 260096K, used 125028K [0x0000000080000000, 0x0000000100000000)
  region size 1024K, 103 young (105472K), 6 survivors (6144K)
 Metaspace       used 43510K, capacity 44715K, committed 44776K, reserved 1087488K
  class space    used 5577K, capacity 5994K, committed 6016K, reserved 1048576K
}
Event: 4.327 GC heap after
{Heap after GC invocations=7 (full 0):
 garbage-first heap   total 260096K, used 30211K [0x0000000080000000, 0x0000000100000000)
  region size 1024K, 13 young (13312K), 13 survivors (13312K)
 Metaspace       used 43510K, capacity 44715K, committed 44776K, reserved 1087488K
  class space    used 5577K, capacity 5994K, committed 6016K, reserved 1048576K
}
Event: 5.524 GC heap before
{Heap before GC invocations=8 (full 0):
 garbage-first heap   total 260096K, used 148995K [0x0000000080000000, 0x0000000100000000)
  region size 1024K, 124 young (126976K), 13 survivors (13312K)
 Metaspace       used 51277K, capacity 52825K, committed 52968K, reserved 1095680K
  class space    used 6517K, capacity 7024K, committed 7040K, reserved 1048576K
}
Event: 5.542 GC heap after
{Heap after GC invocations=9 (full 0):
 garbage-first heap   total 260096K, used 43632K [0x0000000080000000, 0x0000000100000000)
  region size 1024K, 16 young (16384K), 16 survivors (16384K)
 Metaspace       used 51277K, capacity 52825K, committed 52968K, reserved 1095680K
  class space    used 6517K, capacity 7024K, committed 7040K, reserved 1048576K
}
Event: 6.997 GC heap before
{Heap before GC invocations=9 (full 0):
 garbage-first heap   total 260096K, used 181872K [0x0000000080000000, 0x0000000100000000)
  region size 1024K, 144 young (147456K), 16 survivors (16384K)
 Metaspace       used 66056K, capacity 67737K, committed 67944K, reserved 1107968K
  class space    used 8302K, capacity 8924K, committed 8960K, reserved 1048576K
}
Event: 7.020 GC heap after
{Heap after GC invocations=10 (full 0):
 garbage-first heap   total 260096K, used 53634K [0x0000000080000000, 0x0000000100000000)
  region size 1024K, 10 young (10240K), 10 survivors (10240K)
 Metaspace       used 66056K, capacity 67737K, committed 67944K, reserved 1107968K
  class space    used 8302K, capacity 8924K, committed 8960K, reserved 1048576K
}
Event: 7.873 GC heap before
{Heap before GC invocations=10 (full 0):
 garbage-first heap   total 260096K, used 157058K [0x0000000080000000, 0x0000000100000000)
  region size 1024K, 111 young (113664K), 10 survivors (10240K)
 Metaspace       used 73119K, capacity 74872K, committed 74984K, reserved 1114112K
  class space    used 9408K, capacity 10047K, committed 10112K, reserved 1048576K
}
Event: 7.893 GC heap after
{Heap after GC invocations=11 (full 0):
 garbage-first heap   total 312320K, used 58729K [0x0000000080000000, 0x0000000100000000)
  region size 1024K, 15 young (15360K), 15 survivors (15360K)
 Metaspace       used 73119K, capacity 74872K, committed 74984K, reserved 1114112K
  class space    used 9408K, capacity 10047K, committed 10112K, reserved 1048576K
}
Event: 9.209 GC heap before
{Heap before GC invocations=12 (full 0):
 garbage-first heap   total 312320K, used 207209K [0x0000000080000000, 0x0000000100000000)
  region size 1024K, 160 young (163840K), 15 survivors (15360K)
 Metaspace       used 82160K, capacity 84163K, committed 84348K, reserved 1122304K
  class space    used 10628K, capacity 11310K, committed 11392K, reserved 1048576K
}
Event: 9.240 GC heap after
{Heap after GC invocations=13 (full 0):
 garbage-first heap   total 312320K, used 72467K [0x0000000080000000, 0x0000000100000000)
  region size 1024K, 20 young (20480K), 20 survivors (20480K)
 Metaspace       used 82160K, capacity 84163K, committed 84348K, reserved 1122304K
  class space    used 10628K, capacity 11310K, committed 11392K, reserved 1048576K
}

