# JRE version: OpenJDK Runtime Environment (11.0.15) (build 11.0.15+0-b2043.56-9505619)
# Java VM: OpenJDK 64-Bit Server VM (11.0.15+0-b2043.56-9505619, mixed mode, tiered, compressed oops, g1 gc, windows-amd64)
Heap:
 garbage-first heap   total 312320K, used 247066K [0x0000000080000000, 0x0000000100000000)
  region size 1024K, 65 young (66560K), 8 survivors (8192K)
 Metaspace       used 106731K, capacity 109915K, committed 110204K, reserved 1144832K
  class space    used 13325K, capacity 14450K, committed 14540K, reserved 1048576K
GC Heap History (20 events):
Event: 5.777 GC heap before
{Heap before GC invocations=11 (full 0):
 garbage-first heap   total 260096K, used 177203K [0x0000000080000000, 0x0000000100000000)
  region size 1024K, 152 young (155648K), 14 survivors (14336K)
 Metaspace       used 54551K, capacity 56048K, committed 56112K, reserved 1097728K
  class space    used 6957K, capacity 7519K, committed 7552K, reserved 1048576K
}
Event: 5.798 GC heap after
{Heap after GC invocations=12 (full 0):
 garbage-first heap   total 260096K, used 45906K [0x0000000080000000, 0x0000000100000000)
  region size 1024K, 19 young (19456K), 19 survivors (19456K)
 Metaspace       used 54551K, capacity 56048K, committed 56112K, reserved 1097728K
  class space    used 6957K, capacity 7519K, committed 7552K, reserved 1048576K
}
Event: 7.279 GC heap before
{Heap before GC invocations=12 (full 0):
 garbage-first heap   total 260096K, used 190290K [0x0000000080000000, 0x0000000100000000)
  region size 1024K, 152 young (155648K), 19 survivors (19456K)
 Metaspace       used 67346K, capacity 69045K, committed 69296K, reserved 1110016K
  class space    used 8500K, capacity 9097K, committed 9216K, reserved 1048576K
}
Event: 7.298 GC heap after
{Heap after GC invocations=13 (full 0):
 garbage-first heap   total 312320K, used 54972K [0x0000000080000000, 0x0000000100000000)
  region size 1024K, 10 young (10240K), 10 survivors (10240K)
 Metaspace       used 67346K, capacity 69045K, committed 69296K, reserved 1110016K
  class space    used 8500K, capacity 9097K, committed 9216K, reserved 1048576K
}
Event: 7.945 GC heap before
{Heap before GC invocations=13 (full 0):
 garbage-first heap   total 312320K, used 125628K [0x0000000080000000, 0x0000000100000000)
  region size 1024K, 80 young (81920K), 10 survivors (10240K)
 Metaspace       used 72978K, capacity 74699K, committed 74748K, reserved 1114112K
  class space    used 9393K, capacity 10012K, committed 10060K, reserved 1048576K
}
Event: 7.961 GC heap after
{Heap after GC invocations=14 (full 0):
 garbage-first heap   total 312320K, used 59068K [0x0000000080000000, 0x0000000100000000)
  region size 1024K, 14 young (14336K), 14 survivors (14336K)
 Metaspace       used 72978K, capacity 74699K, committed 74748K, reserved 1114112K
  class space    used 9393K, capacity 10012K, committed 10060K, reserved 1048576K
}
Event: 19.719 GC heap before
{Heap before GC invocations=15 (full 0):
 garbage-first heap   total 312320K, used 258748K [0x0000000080000000, 0x0000000100000000)
  region size 1024K, 158 young (161792K), 14 survivors (14336K)
 Metaspace       used 83830K, capacity 86239K, committed 86524K, reserved 1124352K
  class space    used 10626K, capacity 11494K, committed 11596K, reserved 1048576K
}
Event: 19.756 GC heap after
{Heap after GC invocations=16 (full 0):
 garbage-first heap   total 312320K, used 128157K [0x0000000080000000, 0x0000000100000000)
  region size 1024K, 20 young (20480K), 20 survivors (20480K)
 Metaspace       used 83830K, capacity 86239K, committed 86524K, reserved 1124352K
  class space    used 10626K, capacity 11494K, committed 11596K, reserved 1048576K
}
Event: 20.844 GC heap before
{Heap before GC invocations=17 (full 0):
 garbage-first heap   total 312320K, used 263325K [0x0000000080000000, 0x0000000100000000)
  region size 1024K, 126 young (129024K), 20 survivors (20480K)
 Metaspace       used 88167K, capacity 90850K, committed 91004K, reserved 1128448K
  class space    used 11159K, capacity 12122K, committed 12236K, reserved 1048576K
}
Event: 20.863 GC heap after
{Heap after GC invocations=18 (full 0):
 garbage-first heap   total 312320K, used 167304K [0x0000000080000000, 0x0000000100000000)
  region size 1024K, 11 young (11264K), 11 survivors (11264K)
 Metaspace       used 88167K, capacity 90850K, committed 91004K, reserved 1128448K
  class space    used 11159K, capacity 12122K, committed 12236K, reserved 1048576K
}
Event: 21.039 GC heap before
{Heap before GC invocations=18 (full 0):
 garbage-first heap   total 312320K, used 200072K [0x0000000080000000, 0x0000000100000000)
  region size 1024K, 44 young (45056K), 11 survivors (11264K)
 Metaspace       used 89655K, capacity 92356K, committed 92412K, reserved 1130496K
  class space    used 11344K, capacity 12323K, committed 12364K, reserved 1048576K
}
Event: 21.046 GC heap after
{Heap after GC invocations=19 (full 0):
 garbage-first heap   total 312320K, used 169836K [0x0000000080000000, 0x0000000100000000)
  region size 1024K, 3 young (3072K), 3 survivors (3072K)
 Metaspace       used 89655K, capacity 92356K, committed 92412K, reserved 1130496K
  class space    used 11344K, capacity 12323K, committed 12364K, reserved 1048576K
}
Event: 21.721 GC heap before
{Heap before GC invocations=20 (full 0):
 garbage-first heap   total 312320K, used 244588K [0x0000000080000000, 0x0000000100000000)
  region size 1024K, 75 young (76800K), 3 survivors (3072K)
 Metaspace       used 96815K, capacity 99523K, committed 99708K, reserved 1136640K
  class space    used 12218K, capacity 13161K, committed 13260K, reserved 1048576K
}
Event: 21.731 GC heap after
{Heap after GC invocations=21 (full 0):
 garbage-first heap   total 312320K, used 170496K [0x0000000080000000, 0x0000000100000000)
  region size 1024K, 3 young (3072K), 3 survivors (3072K)
 Metaspace       used 96815K, capacity 99523K, committed 99708K, reserved 1136640K
  class space    used 12218K, capacity 13161K, committed 13260K, reserved 1048576K
}
Event: 22.600 GC heap before
{Heap before GC invocations=21 (full 0):
 garbage-first heap   total 312320K, used 248320K [0x0000000080000000, 0x0000000100000000)
  region size 1024K, 79 young (80896K), 3 survivors (3072K)
 Metaspace       used 101785K, capacity 104599K, committed 104700K, reserved 1140736K
  class space    used 12830K, capacity 13805K, committed 13900K, reserved 1048576K
}
Event: 22.615 GC heap after
{Heap after GC invocations=22 (full 0):
 garbage-first heap   total 312320K, used 178010K [0x0000000080000000, 0x0000000100000000)
  region size 1024K, 10 young (10240K), 10 survivors (10240K)
 Metaspace       used 101785K, capacity 104599K, committed 104700K, reserved 1140736K
  class space    used 12830K, capacity 13805K, committed 13900K, reserved 1048576K
}
Event: 23.708 GC heap before
{Heap before GC invocations=23 (full 0):
 garbage-first heap   total 312320K, used 250714K [0x0000000080000000, 0x0000000100000000)
  region size 1024K, 82 young (83968K), 10 survivors (10240K)
 Metaspace       used 103232K, capacity 106070K, committed 106364K, reserved 1142784K
  class space    used 12932K, capacity 13905K, committed 14028K, reserved 1048576K
}
Event: 23.723 GC heap after
{Heap after GC invocations=24 (full 0):
 garbage-first heap   total 312320K, used 183859K [0x0000000080000000, 0x0000000100000000)
  region size 1024K, 8 young (8192K), 8 survivors (8192K)
 Metaspace       used 103232K, capacity 106070K, committed 106364K, reserved 1142784K
  class space    used 12932K, capacity 13905K, committed 14028K, reserved 1048576K
}
Event: 31.182 GC heap before
{Heap before GC invocations=24 (full 0):
 garbage-first heap   total 312320K, used 253491K [0x0000000080000000, 0x0000000100000000)
  region size 1024K, 77 young (78848K), 8 survivors (8192K)
 Metaspace       used 105807K, capacity 108797K, committed 108924K, reserved 1144832K
  class space    used 13204K, capacity 14217K, committed 14284K, reserved 1048576K
}
Event: 31.202 GC heap after
{Heap after GC invocations=25 (full 0):
 garbage-first heap   total 312320K, used 190746K [0x0000000080000000, 0x0000000100000000)
  region size 1024K, 8 young (8192K), 8 survivors (8192K)
 Metaspace       used 105807K, capacity 108797K, committed 108924K, reserved 1144832K
  class space    used 13204K, capacity 14217K, committed 14284K, reserved 1048576K
}

