# JRE version: OpenJDK Runtime Environment Corretto-11.0.18.10.1 (11.0.18+10) (build 11.0.18+10-LTS)
# Java VM: OpenJDK 64-Bit Server VM Corretto-11.0.18.10.1 (11.0.18+10-LTS, mixed mode, tiered, compressed oops, g1 gc, windows-amd64)
Heap:
 garbage-first heap   total 312320K, used 90112K [0x0000000080000000, 0x0000000100000000)
  region size 1024K, 35 young (35840K), 20 survivors (20480K)
 Metaspace       used 85971K, capacity 88221K, committed 88476K, reserved 1126400K
  class space    used 11136K, capacity 11929K, committed 12032K, reserved 1048576K
GC Heap History (20 events):
Event: 1.591 GC heap before
{Heap before GC invocations=2 (full 0):
 garbage-first heap   total 260096K, used 40924K [0x0000000080000000, 0x0000000100000000)
  region size 1024K, 33 young (33792K), 2 survivors (2048K)
 Metaspace       used 10955K, capacity 11131K, committed 11264K, reserved 1058816K
  class space    used 1114K, capacity 1206K, committed 1280K, reserved 1048576K
}
Event: 1.594 GC heap after
{Heap after GC invocations=3 (full 0):
 garbage-first heap   total 260096K, used 13768K [0x0000000080000000, 0x0000000100000000)
  region size 1024K, 5 young (5120K), 5 survivors (5120K)
 Metaspace       used 10955K, capacity 11131K, committed 11264K, reserved 1058816K
  class space    used 1114K, capacity 1206K, committed 1280K, reserved 1048576K
}
Event: 2.327 GC heap before
{Heap before GC invocations=3 (full 0):
 garbage-first heap   total 260096K, used 57800K [0x0000000080000000, 0x0000000100000000)
  region size 1024K, 48 young (49152K), 5 survivors (5120K)
 Metaspace       used 18696K, capacity 19048K, committed 19328K, reserved 1067008K
  class space    used 2189K, capacity 2315K, committed 2432K, reserved 1048576K
}
Event: 2.332 GC heap after
{Heap after GC invocations=4 (full 0):
 garbage-first heap   total 260096K, used 16429K [0x0000000080000000, 0x0000000100000000)
  region size 1024K, 3 young (3072K), 3 survivors (3072K)
 Metaspace       used 18696K, capacity 19048K, committed 19328K, reserved 1067008K
  class space    used 2189K, capacity 2315K, committed 2432K, reserved 1048576K
}
Event: 2.479 GC heap before
{Heap before GC invocations=4 (full 0):
 garbage-first heap   total 260096K, used 35885K [0x0000000080000000, 0x0000000100000000)
  region size 1024K, 24 young (24576K), 3 survivors (3072K)
 Metaspace       used 20822K, capacity 21246K, committed 21296K, reserved 1069056K
  class space    used 2518K, capacity 2687K, committed 2688K, reserved 1048576K
}
Event: 2.484 GC heap after
{Heap after GC invocations=5 (full 0):
 garbage-first heap   total 260096K, used 16998K [0x0000000080000000, 0x0000000100000000)
  region size 1024K, 4 young (4096K), 4 survivors (4096K)
 Metaspace       used 20822K, capacity 21246K, committed 21296K, reserved 1069056K
  class space    used 2518K, capacity 2687K, committed 2688K, reserved 1048576K
}
Event: 3.129 GC heap before
{Heap before GC invocations=6 (full 0):
 garbage-first heap   total 260096K, used 76390K [0x0000000080000000, 0x0000000100000000)
  region size 1024K, 62 young (63488K), 4 survivors (4096K)
 Metaspace       used 27025K, capacity 27666K, committed 27904K, reserved 1073152K
  class space    used 3511K, capacity 3732K, committed 3840K, reserved 1048576K
}
Event: 3.137 GC heap after
{Heap after GC invocations=7 (full 0):
 garbage-first heap   total 260096K, used 19201K [0x0000000080000000, 0x0000000100000000)
  region size 1024K, 6 young (6144K), 6 survivors (6144K)
 Metaspace       used 27025K, capacity 27666K, committed 27904K, reserved 1073152K
  class space    used 3511K, capacity 3732K, committed 3840K, reserved 1048576K
}
Event: 3.816 GC heap before
{Heap before GC invocations=7 (full 0):
 garbage-first heap   total 260096K, used 81665K [0x0000000080000000, 0x0000000100000000)
  region size 1024K, 68 young (69632K), 6 survivors (6144K)
 Metaspace       used 35007K, capacity 35880K, committed 35968K, reserved 1081344K
  class space    used 4559K, capacity 4919K, committed 4992K, reserved 1048576K
}
Event: 3.827 GC heap after
{Heap after GC invocations=8 (full 0):
 garbage-first heap   total 260096K, used 22371K [0x0000000080000000, 0x0000000100000000)
  region size 1024K, 9 young (9216K), 9 survivors (9216K)
 Metaspace       used 35007K, capacity 35880K, committed 35968K, reserved 1081344K
  class space    used 4559K, capacity 4919K, committed 4992K, reserved 1048576K
}
Event: 4.879 GC heap before
{Heap before GC invocations=9 (full 0):
 garbage-first heap   total 260096K, used 142179K [0x0000000080000000, 0x0000000100000000)
  region size 1024K, 123 young (125952K), 9 survivors (9216K)
 Metaspace       used 45330K, capacity 46515K, committed 46620K, reserved 1089536K
  class space    used 5753K, capacity 6188K, committed 6272K, reserved 1048576K
}
Event: 4.897 GC heap after
{Heap after GC invocations=10 (full 0):
 garbage-first heap   total 260096K, used 30909K [0x0000000080000000, 0x0000000100000000)
  region size 1024K, 15 young (15360K), 15 survivors (15360K)
 Metaspace       used 45330K, capacity 46515K, committed 46620K, reserved 1089536K
  class space    used 5753K, capacity 6188K, committed 6272K, reserved 1048576K
}
Event: 6.258 GC heap before
{Heap before GC invocations=11 (full 0):
 garbage-first heap   total 260096K, used 168125K [0x0000000080000000, 0x0000000100000000)
  region size 1024K, 145 young (148480K), 15 survivors (15360K)
 Metaspace       used 55787K, capacity 57407K, committed 57500K, reserved 1099776K
  class space    used 7077K, capacity 7633K, committed 7680K, reserved 1048576K
}
Event: 6.275 GC heap after
{Heap after GC invocations=12 (full 0):
 garbage-first heap   total 260096K, used 45541K [0x0000000080000000, 0x0000000100000000)
  region size 1024K, 19 young (19456K), 19 survivors (19456K)
 Metaspace       used 55787K, capacity 57407K, committed 57500K, reserved 1099776K
  class space    used 7077K, capacity 7633K, committed 7680K, reserved 1048576K
}
Event: 7.631 GC heap before
{Heap before GC invocations=12 (full 0):
 garbage-first heap   total 260096K, used 188901K [0x0000000080000000, 0x0000000100000000)
  region size 1024K, 152 young (155648K), 19 survivors (19456K)
 Metaspace       used 67442K, capacity 69204K, committed 69532K, reserved 1110016K
  class space    used 8512K, capacity 9130K, committed 9216K, reserved 1048576K
}
Event: 7.657 GC heap after
{Heap after GC invocations=13 (full 0):
 garbage-first heap   total 312320K, used 55066K [0x0000000080000000, 0x0000000100000000)
  region size 1024K, 10 young (10240K), 10 survivors (10240K)
 Metaspace       used 67442K, capacity 69204K, committed 69532K, reserved 1110016K
  class space    used 8512K, capacity 9130K, committed 9216K, reserved 1048576K
}
Event: 8.773 GC heap before
{Heap before GC invocations=13 (full 0):
 garbage-first heap   total 312320K, used 157466K [0x0000000080000000, 0x0000000100000000)
  region size 1024K, 111 young (113664K), 10 survivors (10240K)
 Metaspace       used 76168K, capacity 78074K, committed 78128K, reserved 1118208K
  class space    used 9846K, capacity 10476K, committed 10496K, reserved 1048576K
}
Event: 8.793 GC heap after
{Heap after GC invocations=14 (full 0):
 garbage-first heap   total 312320K, used 61722K [0x0000000080000000, 0x0000000100000000)
  region size 1024K, 17 young (17408K), 17 survivors (17408K)
 Metaspace       used 76168K, capacity 78074K, committed 78128K, reserved 1118208K
  class space    used 9846K, capacity 10476K, committed 10496K, reserved 1048576K
}
Event: 20.282 GC heap before
{Heap before GC invocations=15 (full 0):
 garbage-first heap   total 312320K, used 203034K [0x0000000080000000, 0x0000000100000000)
  region size 1024K, 156 young (159744K), 17 survivors (17408K)
 Metaspace       used 84748K, capacity 86860K, committed 87196K, reserved 1124352K
  class space    used 10923K, capacity 11658K, committed 11776K, reserved 1048576K
}
Event: 20.324 GC heap after
{Heap after GC invocations=16 (full 0):
 garbage-first heap   total 312320K, used 75776K [0x0000000080000000, 0x0000000100000000)
  region size 1024K, 20 young (20480K), 20 survivors (20480K)
 Metaspace       used 84748K, capacity 86860K, committed 87196K, reserved 1124352K
  class space    used 10923K, capacity 11658K, committed 11776K, reserved 1048576K
}

