# JRE version: OpenJDK Runtime Environment (11.0.15) (build 11.0.15+0-b2043.56-9505619)
# Java VM: OpenJDK 64-Bit Server VM (11.0.15+0-b2043.56-9505619, mixed mode, tiered, compressed oops, g1 gc, windows-amd64)
Heap:
 garbage-first heap   total 312320K, used 136192K [0x0000000080000000, 0x0000000100000000)
  region size 1024K, 81 young (82944K), 14 survivors (14336K)
 Metaspace       used 86016K, capacity 88319K, committed 88572K, reserved 1126400K
  class space    used 11143K, capacity 11960K, committed 12004K, reserved 1048576K
GC Heap History (20 events):
Event: 0.439 GC heap before
{Heap before GC invocations=0 (full 0):
 garbage-first heap   total 260096K, used 16384K [0x0000000080000000, 0x0000000100000000)
  region size 1024K, 14 young (14336K), 0 survivors (0K)
 Metaspace       used 6740K, capacity 6925K, committed 7168K, reserved 1056768K
  class space    used 571K, capacity 650K, committed 768K, reserved 1048576K
}
Event: 0.444 GC heap after
{Heap after GC invocations=1 (full 0):
 garbage-first heap   total 260096K, used 3962K [0x0000000080000000, 0x0000000100000000)
  region size 1024K, 2 young (2048K), 2 survivors (2048K)
 Metaspace       used 6740K, capacity 6925K, committed 7168K, reserved 1056768K
  class space    used 571K, capacity 650K, committed 768K, reserved 1048576K
}
Event: 2.055 GC heap before
{Heap before GC invocations=1 (full 0):
 garbage-first heap   total 260096K, used 88954K [0x0000000080000000, 0x0000000100000000)
  region size 1024K, 81 young (82944K), 2 survivors (2048K)
 Metaspace       used 17793K, capacity 18163K, committed 18432K, reserved 1064960K
  class space    used 2077K, capacity 2209K, committed 2304K, reserved 1048576K
}
Event: 2.062 GC heap after
{Heap after GC invocations=2 (full 0):
 garbage-first heap   total 260096K, used 15884K [0x0000000080000000, 0x0000000100000000)
  region size 1024K, 11 young (11264K), 11 survivors (11264K)
 Metaspace       used 17793K, capacity 18163K, committed 18432K, reserved 1064960K
  class space    used 2077K, capacity 2209K, committed 2304K, reserved 1048576K
}
Event: 2.331 GC heap before
{Heap before GC invocations=2 (full 0):
 garbage-first heap   total 260096K, used 40460K [0x0000000080000000, 0x0000000100000000)
  region size 1024K, 36 young (36864K), 11 survivors (11264K)
 Metaspace       used 20744K, capacity 21187K, committed 21296K, reserved 1069056K
  class space    used 2519K, capacity 2685K, committed 2688K, reserved 1048576K
}
Event: 2.339 GC heap after
{Heap after GC invocations=3 (full 0):
 garbage-first heap   total 260096K, used 17101K [0x0000000080000000, 0x0000000100000000)
  region size 1024K, 2 young (2048K), 2 survivors (2048K)
 Metaspace       used 20744K, capacity 21187K, committed 21296K, reserved 1069056K
  class space    used 2519K, capacity 2685K, committed 2688K, reserved 1048576K
}
Event: 3.014 GC heap before
{Heap before GC invocations=4 (full 0):
 garbage-first heap   total 260096K, used 70349K [0x0000000080000000, 0x0000000100000000)
  region size 1024K, 55 young (56320K), 2 survivors (2048K)
 Metaspace       used 26881K, capacity 27483K, committed 27772K, reserved 1073152K
  class space    used 3488K, capacity 3734K, committed 3788K, reserved 1048576K
}
Event: 3.017 GC heap after
{Heap after GC invocations=5 (full 0):
 garbage-first heap   total 260096K, used 18873K [0x0000000080000000, 0x0000000100000000)
  region size 1024K, 3 young (3072K), 3 survivors (3072K)
 Metaspace       used 26881K, capacity 27483K, committed 27772K, reserved 1073152K
  class space    used 3488K, capacity 3734K, committed 3788K, reserved 1048576K
}
Event: 3.793 GC heap before
{Heap before GC invocations=5 (full 0):
 garbage-first heap   total 260096K, used 82361K [0x0000000080000000, 0x0000000100000000)
  region size 1024K, 66 young (67584K), 3 survivors (3072K)
 Metaspace       used 35070K, capacity 35953K, committed 36048K, reserved 1081344K
  class space    used 4565K, capacity 4921K, committed 4940K, reserved 1048576K
}
Event: 3.805 GC heap after
{Heap after GC invocations=6 (full 0):
 garbage-first heap   total 260096K, used 22263K [0x0000000080000000, 0x0000000100000000)
  region size 1024K, 7 young (7168K), 7 survivors (7168K)
 Metaspace       used 35070K, capacity 35953K, committed 36048K, reserved 1081344K
  class space    used 4565K, capacity 4921K, committed 4940K, reserved 1048576K
}
Event: 4.783 GC heap before
{Heap before GC invocations=7 (full 0):
 garbage-first heap   total 260096K, used 112375K [0x0000000080000000, 0x0000000100000000)
  region size 1024K, 93 young (95232K), 7 survivors (7168K)
 Metaspace       used 42570K, capacity 43762K, committed 43932K, reserved 1087488K
  class space    used 5433K, capacity 5827K, committed 5912K, reserved 1048576K
}
Event: 4.801 GC heap after
{Heap after GC invocations=8 (full 0):
 garbage-first heap   total 260096K, used 29144K [0x0000000080000000, 0x0000000100000000)
  region size 1024K, 12 young (12288K), 12 survivors (12288K)
 Metaspace       used 42570K, capacity 43762K, committed 43932K, reserved 1087488K
  class space    used 5433K, capacity 5827K, committed 5912K, reserved 1048576K
}
Event: 6.520 GC heap before
{Heap before GC invocations=9 (full 0):
 garbage-first heap   total 260096K, used 175576K [0x0000000080000000, 0x0000000100000000)
  region size 1024K, 150 young (153600K), 12 survivors (12288K)
 Metaspace       used 53523K, capacity 55036K, committed 55196K, reserved 1097728K
  class space    used 6801K, capacity 7332K, committed 7448K, reserved 1048576K
}
Event: 6.539 GC heap after
{Heap after GC invocations=10 (full 0):
 garbage-first heap   total 260096K, used 44489K [0x0000000080000000, 0x0000000100000000)
  region size 1024K, 19 young (19456K), 19 survivors (19456K)
 Metaspace       used 53523K, capacity 55036K, committed 55196K, reserved 1097728K
  class space    used 6801K, capacity 7332K, committed 7448K, reserved 1048576K
}
Event: 8.320 GC heap before
{Heap before GC invocations=10 (full 0):
 garbage-first heap   total 260096K, used 188873K [0x0000000080000000, 0x0000000100000000)
  region size 1024K, 152 young (155648K), 19 survivors (19456K)
 Metaspace       used 67418K, capacity 69060K, committed 69276K, reserved 1110016K
  class space    used 8505K, capacity 9102K, committed 9240K, reserved 1048576K
}
Event: 8.342 GC heap after
{Heap after GC invocations=11 (full 0):
 garbage-first heap   total 260096K, used 55296K [0x0000000080000000, 0x0000000100000000)
  region size 1024K, 10 young (10240K), 10 survivors (10240K)
 Metaspace       used 67418K, capacity 69060K, committed 69276K, reserved 1110016K
  class space    used 8505K, capacity 9102K, committed 9240K, reserved 1048576K
}
Event: 8.962 GC heap before
{Heap before GC invocations=11 (full 0):
 garbage-first heap   total 260096K, used 119808K [0x0000000080000000, 0x0000000100000000)
  region size 1024K, 74 young (75776K), 10 survivors (10240K)
 Metaspace       used 71767K, capacity 73542K, committed 73648K, reserved 1114112K
  class space    used 9212K, capacity 9846K, committed 9880K, reserved 1048576K
}
Event: 8.980 GC heap after
{Heap after GC invocations=12 (full 0):
 garbage-first heap   total 312320K, used 59904K [0x0000000080000000, 0x0000000100000000)
  region size 1024K, 5 young (5120K), 5 survivors (5120K)
 Metaspace       used 71767K, capacity 73542K, committed 73648K, reserved 1114112K
  class space    used 9212K, capacity 9846K, committed 9880K, reserved 1048576K
}
Event: 10.805 GC heap before
{Heap before GC invocations=13 (full 0):
 garbage-first heap   total 312320K, used 199168K [0x0000000080000000, 0x0000000100000000)
  region size 1024K, 141 young (144384K), 5 survivors (5120K)
 Metaspace       used 82136K, capacity 84161K, committed 84348K, reserved 1122304K
  class space    used 10631K, capacity 11312K, committed 11364K, reserved 1048576K
}
Event: 10.829 GC heap after
{Heap after GC invocations=14 (full 0):
 garbage-first heap   total 312320K, used 69632K [0x0000000080000000, 0x0000000100000000)
  region size 1024K, 14 young (14336K), 14 survivors (14336K)
 Metaspace       used 82136K, capacity 84161K, committed 84348K, reserved 1122304K
  class space    used 10631K, capacity 11312K, committed 11364K, reserved 1048576K
}

