# JRE version: OpenJDK Runtime Environment (11.0.15) (build 11.0.15+0-b2043.56-9505619)
# Java VM: OpenJDK 64-Bit Server VM (11.0.15+0-b2043.56-9505619, mixed mode, tiered, compressed oops, g1 gc, windows-amd64)
Heap:
 garbage-first heap   total 260096K, used 224099K [0x0000000080000000, 0x0000000100000000)
  region size 1024K, 32 young (32768K), 5 survivors (5120K)
 Metaspace       used 111623K, capacity 114856K, committed 115112K, reserved 1148928K
  class space    used 13952K, capacity 15063K, committed 15140K, reserved 1048576K
GC Heap History (20 events):
Event: 15.371 GC heap before
{Heap before GC invocations=22 (full 0):
 garbage-first heap   total 260096K, used 212112K [0x0000000080000000, 0x0000000100000000)
  region size 1024K, 50 young (51200K), 4 survivors (4096K)
 Metaspace       used 93424K, capacity 96076K, committed 96296K, reserved 1132544K
  class space    used 11977K, capacity 12870K, committed 12964K, reserved 1048576K
}
Event: 15.379 GC heap after
{Heap after GC invocations=23 (full 0):
 garbage-first heap   total 260096K, used 167936K [0x0000000080000000, 0x0000000100000000)
  region size 1024K, 6 young (6144K), 6 survivors (6144K)
 Metaspace       used 93424K, capacity 96076K, committed 96296K, reserved 1132544K
  class space    used 11977K, capacity 12870K, committed 12964K, reserved 1048576K
}
Event: 16.002 GC heap before
{Heap before GC invocations=24 (full 0):
 garbage-first heap   total 260096K, used 215040K [0x0000000080000000, 0x0000000100000000)
  region size 1024K, 53 young (54272K), 6 survivors (6144K)
 Metaspace       used 95118K, capacity 97829K, committed 98088K, reserved 1134592K
  class space    used 12152K, capacity 13100K, committed 13220K, reserved 1048576K
}
Event: 16.016 GC heap after
{Heap after GC invocations=25 (full 0):
 garbage-first heap   total 260096K, used 173411K [0x0000000080000000, 0x0000000100000000)
  region size 1024K, 7 young (7168K), 7 survivors (7168K)
 Metaspace       used 95118K, capacity 97829K, committed 98088K, reserved 1134592K
  class space    used 12152K, capacity 13100K, committed 13220K, reserved 1048576K
}
Event: 16.610 GC heap before
{Heap before GC invocations=25 (full 0):
 garbage-first heap   total 260096K, used 216419K [0x0000000080000000, 0x0000000100000000)
  region size 1024K, 50 young (51200K), 7 survivors (7168K)
 Metaspace       used 95939K, capacity 98644K, committed 98856K, reserved 1134592K
  class space    used 12195K, capacity 13138K, committed 13220K, reserved 1048576K
}
Event: 16.622 GC heap after
{Heap after GC invocations=26 (full 0):
 garbage-first heap   total 260096K, used 177284K [0x0000000080000000, 0x0000000100000000)
  region size 1024K, 5 young (5120K), 5 survivors (5120K)
 Metaspace       used 95939K, capacity 98644K, committed 98856K, reserved 1134592K
  class space    used 12195K, capacity 13138K, committed 13220K, reserved 1048576K
}
Event: 17.169 GC heap before
{Heap before GC invocations=27 (full 0):
 garbage-first heap   total 260096K, used 217220K [0x0000000080000000, 0x0000000100000000)
  region size 1024K, 45 young (46080K), 5 survivors (5120K)
 Metaspace       used 96786K, capacity 99517K, committed 99624K, reserved 1136640K
  class space    used 12258K, capacity 13201K, committed 13220K, reserved 1048576K
}
Event: 17.177 GC heap after
{Heap after GC invocations=28 (full 0):
 garbage-first heap   total 260096K, used 180460K [0x0000000080000000, 0x0000000100000000)
  region size 1024K, 4 young (4096K), 4 survivors (4096K)
 Metaspace       used 96786K, capacity 99517K, committed 99624K, reserved 1136640K
  class space    used 12258K, capacity 13201K, committed 13220K, reserved 1048576K
}
Event: 17.455 GC heap before
{Heap before GC invocations=28 (full 0):
 garbage-first heap   total 260096K, used 220396K [0x0000000080000000, 0x0000000100000000)
  region size 1024K, 43 young (44032K), 4 survivors (4096K)
 Metaspace       used 98147K, capacity 100856K, committed 101160K, reserved 1136640K
  class space    used 12417K, capacity 13367K, committed 13476K, reserved 1048576K
}
Event: 17.465 GC heap after
{Heap after GC invocations=29 (full 0):
 garbage-first heap   total 260096K, used 182759K [0x0000000080000000, 0x0000000100000000)
  region size 1024K, 6 young (6144K), 6 survivors (6144K)
 Metaspace       used 98147K, capacity 100856K, committed 101160K, reserved 1136640K
  class space    used 12417K, capacity 13367K, committed 13476K, reserved 1048576K
}
Event: 17.595 GC heap before
{Heap before GC invocations=29 (full 0):
 garbage-first heap   total 260096K, used 220647K [0x0000000080000000, 0x0000000100000000)
  region size 1024K, 44 young (45056K), 6 survivors (6144K)
 Metaspace       used 99222K, capacity 101980K, committed 102312K, reserved 1138688K
  class space    used 12555K, capacity 13501K, committed 13604K, reserved 1048576K
}
Event: 17.601 GC heap after
{Heap after GC invocations=30 (full 0):
 garbage-first heap   total 260096K, used 182948K [0x0000000080000000, 0x0000000100000000)
  region size 1024K, 3 young (3072K), 3 survivors (3072K)
 Metaspace       used 99222K, capacity 101980K, committed 102312K, reserved 1138688K
  class space    used 12555K, capacity 13501K, committed 13604K, reserved 1048576K
}
Event: 85.555 GC heap before
{Heap before GC invocations=31 (full 0):
 garbage-first heap   total 260096K, used 222884K [0x0000000080000000, 0x0000000100000000)
  region size 1024K, 43 young (44032K), 3 survivors (3072K)
 Metaspace       used 104579K, capacity 107612K, committed 107688K, reserved 1142784K
  class space    used 13032K, capacity 14096K, committed 14116K, reserved 1048576K
}
Event: 85.563 GC heap after
{Heap after GC invocations=32 (full 0):
 garbage-first heap   total 260096K, used 185472K [0x0000000080000000, 0x0000000100000000)
  region size 1024K, 6 young (6144K), 6 survivors (6144K)
 Metaspace       used 104579K, capacity 107612K, committed 107688K, reserved 1142784K
  class space    used 13032K, capacity 14096K, committed 14116K, reserved 1048576K
}
Event: 94.041 GC heap before
{Heap before GC invocations=32 (full 0):
 garbage-first heap   total 260096K, used 223360K [0x0000000080000000, 0x0000000100000000)
  region size 1024K, 44 young (45056K), 6 survivors (6144K)
 Metaspace       used 108853K, capacity 111897K, committed 112168K, reserved 1146880K
  class space    used 13580K, capacity 14663K, committed 14756K, reserved 1048576K
}
Event: 94.053 GC heap after
{Heap after GC invocations=33 (full 0):
 garbage-first heap   total 260096K, used 188509K [0x0000000080000000, 0x0000000100000000)
  region size 1024K, 6 young (6144K), 6 survivors (6144K)
 Metaspace       used 108853K, capacity 111897K, committed 112168K, reserved 1146880K
  class space    used 13580K, capacity 14663K, committed 14756K, reserved 1048576K
}
Event: 94.811 GC heap before
{Heap before GC invocations=34 (full 0):
 garbage-first heap   total 260096K, used 224349K [0x0000000080000000, 0x0000000100000000)
  region size 1024K, 41 young (41984K), 6 survivors (6144K)
 Metaspace       used 110377K, capacity 113512K, committed 113832K, reserved 1148928K
  class space    used 13744K, capacity 14807K, committed 14884K, reserved 1048576K
}
Event: 94.823 GC heap after
{Heap after GC invocations=35 (full 0):
 garbage-first heap   total 260096K, used 192641K [0x0000000080000000, 0x0000000100000000)
  region size 1024K, 5 young (5120K), 5 survivors (5120K)
 Metaspace       used 110377K, capacity 113512K, committed 113832K, reserved 1148928K
  class space    used 13744K, capacity 14807K, committed 14884K, reserved 1048576K
}
Event: 95.026 GC heap before
{Heap before GC invocations=35 (full 0):
 garbage-first heap   total 260096K, used 224385K [0x0000000080000000, 0x0000000100000000)
  region size 1024K, 36 young (36864K), 5 survivors (5120K)
 Metaspace       used 110432K, capacity 113536K, committed 113832K, reserved 1148928K
  class space    used 13749K, capacity 14812K, committed 14884K, reserved 1048576K
}
Event: 95.043 GC heap after
{Heap after GC invocations=36 (full 0):
 garbage-first heap   total 260096K, used 197475K [0x0000000080000000, 0x0000000100000000)
  region size 1024K, 5 young (5120K), 5 survivors (5120K)
 Metaspace       used 110432K, capacity 113536K, committed 113832K, reserved 1148928K
  class space    used 13749K, capacity 14812K, committed 14884K, reserved 1048576K
}

