# JRE version: OpenJDK Runtime Environment (11.0.15) (build 11.0.15+0-b2043.56-9505619)
# Java VM: OpenJDK 64-Bit Server VM (11.0.15+0-b2043.56-9505619, mixed mode, tiered, compressed oops, g1 gc, windows-amd64)
Heap:
 garbage-first heap   total 312320K, used 217479K [0x0000000080000000, 0x0000000100000000)
  region size 1024K, 34 young (34816K), 10 survivors (10240K)
 Metaspace       used 106477K, capacity 109535K, committed 109732K, reserved 1144832K
  class space    used 13314K, capacity 14348K, committed 14412K, reserved 1048576K
GC Heap History (20 events):
Event: 8.774 GC heap before
{Heap before GC invocations=15 (full 0):
 garbage-first heap   total 260096K, used 193120K [0x0000000080000000, 0x0000000100000000)
  region size 1024K, 93 young (95232K), 8 survivors (8192K)
 Metaspace       used 72351K, capacity 74380K, committed 74660K, reserved 1114112K
  class space    used 9259K, capacity 10011K, committed 10060K, reserved 1048576K
}
Event: 8.786 GC heap after
{Heap after GC invocations=16 (full 0):
 garbage-first heap   total 312320K, used 109745K [0x0000000080000000, 0x0000000100000000)
  region size 1024K, 6 young (6144K), 6 survivors (6144K)
 Metaspace       used 72351K, capacity 74380K, committed 74660K, reserved 1114112K
  class space    used 9259K, capacity 10011K, committed 10060K, reserved 1048576K
}
Event: 9.454 GC heap before
{Heap before GC invocations=16 (full 0):
 garbage-first heap   total 312320K, used 194737K [0x0000000080000000, 0x0000000100000000)
  region size 1024K, 64 young (65536K), 6 survivors (6144K)
 Metaspace       used 78209K, capacity 80279K, committed 80548K, reserved 1120256K
  class space    used 10036K, capacity 10784K, committed 10828K, reserved 1048576K
}
Event: 9.464 GC heap after
{Heap after GC invocations=17 (full 0):
 garbage-first heap   total 312320K, used 148823K [0x0000000080000000, 0x0000000100000000)
  region size 1024K, 15 young (15360K), 15 survivors (15360K)
 Metaspace       used 78209K, capacity 80279K, committed 80548K, reserved 1120256K
  class space    used 10036K, capacity 10784K, committed 10828K, reserved 1048576K
}
Event: 10.124 GC heap before
{Heap before GC invocations=18 (full 0):
 garbage-first heap   total 312320K, used 252247K [0x0000000080000000, 0x0000000100000000)
  region size 1024K, 104 young (106496K), 15 survivors (15360K)
 Metaspace       used 81796K, capacity 84048K, committed 84260K, reserved 1122304K
  class space    used 10534K, capacity 11341K, committed 11468K, reserved 1048576K
}
Event: 10.137 GC heap after
{Heap after GC invocations=19 (full 0):
 garbage-first heap   total 312320K, used 165073K [0x0000000080000000, 0x0000000100000000)
  region size 1024K, 4 young (4096K), 4 survivors (4096K)
 Metaspace       used 81796K, capacity 84048K, committed 84260K, reserved 1122304K
  class space    used 10534K, capacity 11341K, committed 11468K, reserved 1048576K
}
Event: 10.188 GC heap before
{Heap before GC invocations=19 (full 0):
 garbage-first heap   total 312320K, used 172241K [0x0000000080000000, 0x0000000100000000)
  region size 1024K, 13 young (13312K), 4 survivors (4096K)
 Metaspace       used 82300K, capacity 84639K, committed 84772K, reserved 1122304K
  class space    used 10574K, capacity 11408K, committed 11468K, reserved 1048576K
}
Event: 10.195 GC heap after
{Heap after GC invocations=20 (full 0):
 garbage-first heap   total 312320K, used 165447K [0x0000000080000000, 0x0000000100000000)
  region size 1024K, 5 young (5120K), 5 survivors (5120K)
 Metaspace       used 82300K, capacity 84639K, committed 84772K, reserved 1122304K
  class space    used 10574K, capacity 11408K, committed 11468K, reserved 1048576K
}
Event: 10.958 GC heap before
{Heap before GC invocations=21 (full 0):
 garbage-first heap   total 312320K, used 230983K [0x0000000080000000, 0x0000000100000000)
  region size 1024K, 68 young (69632K), 5 survivors (5120K)
 Metaspace       used 89992K, capacity 92576K, committed 92708K, reserved 1130496K
  class space    used 11547K, capacity 12439K, committed 12492K, reserved 1048576K
}
Event: 10.969 GC heap after
{Heap after GC invocations=22 (full 0):
 garbage-first heap   total 312320K, used 167806K [0x0000000080000000, 0x0000000100000000)
  region size 1024K, 7 young (7168K), 7 survivors (7168K)
 Metaspace       used 89992K, capacity 92576K, committed 92708K, reserved 1130496K
  class space    used 11547K, capacity 12439K, committed 12492K, reserved 1048576K
}
Event: 11.751 GC heap before
{Heap before GC invocations=22 (full 0):
 garbage-first heap   total 312320K, used 235390K [0x0000000080000000, 0x0000000100000000)
  region size 1024K, 74 young (75776K), 7 survivors (7168K)
 Metaspace       used 95004K, capacity 97759K, committed 97956K, reserved 1134592K
  class space    used 12149K, capacity 13098K, committed 13132K, reserved 1048576K
}
Event: 11.765 GC heap after
{Heap after GC invocations=23 (full 0):
 garbage-first heap   total 312320K, used 174705K [0x0000000080000000, 0x0000000100000000)
  region size 1024K, 10 young (10240K), 10 survivors (10240K)
 Metaspace       used 95004K, capacity 97759K, committed 97956K, reserved 1134592K
  class space    used 12149K, capacity 13098K, committed 13132K, reserved 1048576K
}
Event: 12.709 GC heap before
{Heap before GC invocations=24 (full 0):
 garbage-first heap   total 312320K, used 242289K [0x0000000080000000, 0x0000000100000000)
  region size 1024K, 77 young (78848K), 10 survivors (10240K)
 Metaspace       used 96133K, capacity 98864K, committed 99108K, reserved 1134592K
  class space    used 12205K, capacity 13138K, committed 13260K, reserved 1048576K
}
Event: 12.723 GC heap after
{Heap after GC invocations=25 (full 0):
 garbage-first heap   total 312320K, used 180005K [0x0000000080000000, 0x0000000100000000)
  region size 1024K, 7 young (7168K), 7 survivors (7168K)
 Metaspace       used 96133K, capacity 98864K, committed 99108K, reserved 1134592K
  class space    used 12205K, capacity 13138K, committed 13260K, reserved 1048576K
}
Event: 13.185 GC heap before
{Heap before GC invocations=25 (full 0):
 garbage-first heap   total 312320K, used 248613K [0x0000000080000000, 0x0000000100000000)
  region size 1024K, 74 young (75776K), 7 survivors (7168K)
 Metaspace       used 98599K, capacity 101326K, committed 101412K, reserved 1136640K
  class space    used 12497K, capacity 13460K, committed 13516K, reserved 1048576K
}
Event: 13.196 GC heap after
{Heap after GC invocations=26 (full 0):
 garbage-first heap   total 312320K, used 183621K [0x0000000080000000, 0x0000000100000000)
  region size 1024K, 4 young (4096K), 4 survivors (4096K)
 Metaspace       used 98599K, capacity 101326K, committed 101412K, reserved 1136640K
  class space    used 12497K, capacity 13460K, committed 13516K, reserved 1048576K
}
Event: 20.172 GC heap before
{Heap before GC invocations=27 (full 0):
 garbage-first heap   total 312320K, used 251205K [0x0000000080000000, 0x0000000100000000)
  region size 1024K, 71 young (72704K), 4 survivors (4096K)
 Metaspace       used 103783K, capacity 106800K, committed 107044K, reserved 1142784K
  class space    used 12963K, capacity 14000K, committed 14028K, reserved 1048576K
}
Event: 20.180 GC heap after
{Heap after GC invocations=28 (full 0):
 garbage-first heap   total 312320K, used 187221K [0x0000000080000000, 0x0000000100000000)
  region size 1024K, 8 young (8192K), 8 survivors (8192K)
 Metaspace       used 103783K, capacity 106800K, committed 107044K, reserved 1142784K
  class space    used 12963K, capacity 14000K, committed 14028K, reserved 1048576K
}
Event: 20.619 GC heap before
{Heap before GC invocations=28 (full 0):
 garbage-first heap   total 312320K, used 255829K [0x0000000080000000, 0x0000000100000000)
  region size 1024K, 75 young (76800K), 8 survivors (8192K)
 Metaspace       used 105271K, capacity 108229K, committed 108452K, reserved 1144832K
  class space    used 13123K, capacity 14144K, committed 14156K, reserved 1048576K
}
Event: 20.641 GC heap after
{Heap after GC invocations=29 (full 0):
 garbage-first heap   total 312320K, used 194951K [0x0000000080000000, 0x0000000100000000)
  region size 1024K, 10 young (10240K), 10 survivors (10240K)
 Metaspace       used 105271K, capacity 108229K, committed 108452K, reserved 1144832K
  class space    used 13123K, capacity 14144K, committed 14156K, reserved 1048576K
}

