# JRE version: OpenJDK Runtime Environment (11.0.15) (build 11.0.15+0-b2043.56-9505619)
# Java VM: OpenJDK 64-Bit Server VM (11.0.15+0-b2043.56-9505619, mixed mode, tiered, compressed oops, g1 gc, windows-amd64)
Heap:
 garbage-first heap   total 351232K, used 213298K [0x0000000080000000, 0x0000000100000000)
  region size 1024K, 31 young (31744K), 12 survivors (12288K)
 Metaspace       used 107207K, capacity 110367K, committed 110588K, reserved 1144832K
  class space    used 13361K, capacity 14468K, committed 14592K, reserved 1048576K
GC Heap History (20 events):
Event: 4.223 GC heap before
{Heap before GC invocations=9 (full 0):
 garbage-first heap   total 260096K, used 126167K [0x0000000080000000, 0x0000000100000000)
  region size 1024K, 107 young (109568K), 9 survivors (9216K)
 Metaspace       used 43551K, capacity 44717K, committed 44776K, reserved 1087488K
  class space    used 5585K, capacity 5996K, committed 6016K, reserved 1048576K
}
Event: 4.241 GC heap after
{Heap after GC invocations=10 (full 0):
 garbage-first heap   total 260096K, used 30410K [0x0000000080000000, 0x0000000100000000)
  region size 1024K, 14 young (14336K), 14 survivors (14336K)
 Metaspace       used 43551K, capacity 44717K, committed 44776K, reserved 1087488K
  class space    used 5585K, capacity 5996K, committed 6016K, reserved 1048576K
}
Event: 5.578 GC heap before
{Heap before GC invocations=11 (full 0):
 garbage-first heap   total 260096K, used 155338K [0x0000000080000000, 0x0000000100000000)
  region size 1024K, 131 young (134144K), 14 survivors (14336K)
 Metaspace       used 51662K, capacity 53194K, committed 53352K, reserved 1095680K
  class space    used 6567K, capacity 7124K, committed 7168K, reserved 1048576K
}
Event: 5.596 GC heap after
{Heap after GC invocations=12 (full 0):
 garbage-first heap   total 314368K, used 44430K [0x0000000080000000, 0x0000000100000000)
  region size 1024K, 17 young (17408K), 17 survivors (17408K)
 Metaspace       used 51662K, capacity 53194K, committed 53352K, reserved 1095680K
  class space    used 6567K, capacity 7124K, committed 7168K, reserved 1048576K
}
Event: 8.530 GC heap before
{Heap before GC invocations=12 (full 0):
 garbage-first heap   total 314368K, used 222606K [0x0000000080000000, 0x0000000100000000)
  region size 1024K, 184 young (188416K), 17 survivors (17408K)
 Metaspace       used 67451K, capacity 69277K, committed 69480K, reserved 1110016K
  class space    used 8493K, capacity 9131K, committed 9216K, reserved 1048576K
}
Event: 8.552 GC heap after
{Heap after GC invocations=13 (full 0):
 garbage-first heap   total 314368K, used 55808K [0x0000000080000000, 0x0000000100000000)
  region size 1024K, 22 young (22528K), 22 survivors (22528K)
 Metaspace       used 67451K, capacity 69277K, committed 69480K, reserved 1110016K
  class space    used 8493K, capacity 9131K, committed 9216K, reserved 1048576K
}
Event: 9.391 GC heap before
{Heap before GC invocations=13 (full 0):
 garbage-first heap   total 314368K, used 113152K [0x0000000080000000, 0x0000000100000000)
  region size 1024K, 79 young (80896K), 22 survivors (22528K)
 Metaspace       used 73115K, capacity 74832K, committed 74984K, reserved 1114112K
  class space    used 9391K, capacity 10012K, committed 10112K, reserved 1048576K
}
Event: 9.417 GC heap after
{Heap after GC invocations=14 (full 0):
 garbage-first heap   total 314368K, used 60307K [0x0000000080000000, 0x0000000100000000)
  region size 1024K, 15 young (15360K), 15 survivors (15360K)
 Metaspace       used 73115K, capacity 74832K, committed 74984K, reserved 1114112K
  class space    used 9391K, capacity 10012K, committed 10112K, reserved 1048576K
}
Event: 53.590 GC heap before
{Heap before GC invocations=15 (full 0):
 garbage-first heap   total 314368K, used 312211K [0x0000000080000000, 0x0000000100000000)
  region size 1024K, 183 young (187392K), 15 survivors (15360K)
 Metaspace       used 85644K, capacity 88051K, committed 88316K, reserved 1126400K
  class space    used 10825K, capacity 11662K, committed 11776K, reserved 1048576K
}
Event: 53.628 GC heap after
{Heap after GC invocations=16 (full 0):
 garbage-first heap   total 351232K, used 163840K [0x0000000080000000, 0x0000000100000000)
  region size 1024K, 23 young (23552K), 23 survivors (23552K)
 Metaspace       used 85644K, capacity 88051K, committed 88316K, reserved 1126400K
  class space    used 10825K, capacity 11662K, committed 11776K, reserved 1048576K
}
Event: 54.275 GC heap before
{Heap before GC invocations=16 (full 0):
 garbage-first heap   total 351232K, used 276480K [0x0000000080000000, 0x0000000100000000)
  region size 1024K, 134 young (137216K), 23 survivors (23552K)
 Metaspace       used 89575K, capacity 92199K, committed 92412K, reserved 1130496K
  class space    used 11332K, capacity 12267K, committed 12288K, reserved 1048576K
}
Event: 54.292 GC heap after
{Heap after GC invocations=17 (full 0):
 garbage-first heap   total 351232K, used 169984K [0x0000000080000000, 0x0000000100000000)
  region size 1024K, 5 young (5120K), 5 survivors (5120K)
 Metaspace       used 89575K, capacity 92199K, committed 92412K, reserved 1130496K
  class space    used 11332K, capacity 12267K, committed 12288K, reserved 1048576K
}
Event: 54.323 GC heap before
{Heap before GC invocations=17 (full 0):
 garbage-first heap   total 351232K, used 187392K [0x0000000080000000, 0x0000000100000000)
  region size 1024K, 24 young (24576K), 5 survivors (5120K)
 Metaspace       used 90380K, capacity 92935K, committed 93052K, reserved 1130496K
  class space    used 11416K, capacity 12363K, committed 12416K, reserved 1048576K
}
Event: 54.328 GC heap after
{Heap after GC invocations=18 (full 0):
 garbage-first heap   total 351232K, used 170328K [0x0000000080000000, 0x0000000100000000)
  region size 1024K, 6 young (6144K), 6 survivors (6144K)
 Metaspace       used 90380K, capacity 92935K, committed 93052K, reserved 1130496K
  class space    used 11416K, capacity 12363K, committed 12416K, reserved 1048576K
}
Event: 55.821 GC heap before
{Heap before GC invocations=19 (full 0):
 garbage-first heap   total 351232K, used 285016K [0x0000000080000000, 0x0000000100000000)
  region size 1024K, 118 young (120832K), 6 survivors (6144K)
 Metaspace       used 101846K, capacity 104702K, committed 104956K, reserved 1140736K
  class space    used 12850K, capacity 13823K, committed 13824K, reserved 1048576K
}
Event: 55.831 GC heap after
{Heap after GC invocations=20 (full 0):
 garbage-first heap   total 351232K, used 174080K [0x0000000080000000, 0x0000000100000000)
  region size 1024K, 9 young (9216K), 9 survivors (9216K)
 Metaspace       used 101846K, capacity 104702K, committed 104956K, reserved 1140736K
  class space    used 12850K, capacity 13823K, committed 13824K, reserved 1048576K
}
Event: 57.463 GC heap before
{Heap before GC invocations=20 (full 0):
 garbage-first heap   total 351232K, used 287744K [0x0000000080000000, 0x0000000100000000)
  region size 1024K, 121 young (123904K), 9 survivors (9216K)
 Metaspace       used 104585K, capacity 107511K, committed 107772K, reserved 1142784K
  class space    used 13065K, capacity 14070K, committed 14080K, reserved 1048576K
}
Event: 57.485 GC heap after
{Heap after GC invocations=21 (full 0):
 garbage-first heap   total 351232K, used 184108K [0x0000000080000000, 0x0000000100000000)
  region size 1024K, 15 young (15360K), 15 survivors (15360K)
 Metaspace       used 104585K, capacity 107511K, committed 107772K, reserved 1142784K
  class space    used 13065K, capacity 14070K, committed 14080K, reserved 1048576K
}
Event: 143.145 GC heap before
{Heap before GC invocations=22 (full 0):
 garbage-first heap   total 351232K, used 289580K [0x0000000080000000, 0x0000000100000000)
  region size 1024K, 119 young (121856K), 15 survivors (15360K)
 Metaspace       used 106496K, capacity 109628K, committed 109820K, reserved 1144832K
  class space    used 13259K, capacity 14335K, committed 14336K, reserved 1048576K
}
Event: 143.167 GC heap after
{Heap after GC invocations=23 (full 0):
 garbage-first heap   total 351232K, used 195890K [0x0000000080000000, 0x0000000100000000)
  region size 1024K, 12 young (12288K), 12 survivors (12288K)
 Metaspace       used 106496K, capacity 109628K, committed 109820K, reserved 1144832K
  class space    used 13259K, capacity 14335K, committed 14336K, reserved 1048576K
}

