# JRE version: OpenJDK Runtime Environment (11.0.15) (build 11.0.15+0-b2043.56-9505619)
# Java VM: OpenJDK 64-Bit Server VM (11.0.15+0-b2043.56-9505619, mixed mode, tiered, compressed oops, g1 gc, windows-amd64)
Heap:
 garbage-first heap   total 312320K, used 147861K [0x0000000080000000, 0x0000000100000000)
  region size 1024K, 96 young (98304K), 16 survivors (16384K)
 Metaspace       used 85910K, capacity 88149K, committed 88436K, reserved 1126400K
  class space    used 11122K, capacity 11922K, committed 12056K, reserved 1048576K
GC Heap History (20 events):
Event: 1.988 GC heap before
{Heap before GC invocations=1 (full 0):
 garbage-first heap   total 260096K, used 85819K [0x0000000080000000, 0x0000000100000000)
  region size 1024K, 78 young (79872K), 2 survivors (2048K)
 Metaspace       used 17570K, capacity 17979K, committed 18048K, reserved 1064960K
  class space    used 2032K, capacity 2145K, committed 2176K, reserved 1048576K
}
Event: 1.996 GC heap after
{Heap after GC invocations=2 (full 0):
 garbage-first heap   total 260096K, used 16303K [0x0000000080000000, 0x0000000100000000)
  region size 1024K, 10 young (10240K), 10 survivors (10240K)
 Metaspace       used 17570K, capacity 17979K, committed 18048K, reserved 1064960K
  class space    used 2032K, capacity 2145K, committed 2176K, reserved 1048576K
}
Event: 2.233 GC heap before
{Heap before GC invocations=2 (full 0):
 garbage-first heap   total 260096K, used 45999K [0x0000000080000000, 0x0000000100000000)
  region size 1024K, 40 young (40960K), 10 survivors (10240K)
 Metaspace       used 20807K, capacity 21197K, committed 21296K, reserved 1069056K
  class space    used 2522K, capacity 2687K, committed 2688K, reserved 1048576K
}
Event: 2.239 GC heap after
{Heap after GC invocations=3 (full 0):
 garbage-first heap   total 260096K, used 17635K [0x0000000080000000, 0x0000000100000000)
  region size 1024K, 2 young (2048K), 2 survivors (2048K)
 Metaspace       used 20807K, capacity 21197K, committed 21296K, reserved 1069056K
  class space    used 2522K, capacity 2687K, committed 2688K, reserved 1048576K
}
Event: 2.625 GC heap before
{Heap before GC invocations=4 (full 0):
 garbage-first heap   total 260096K, used 62691K [0x0000000080000000, 0x0000000100000000)
  region size 1024K, 46 young (47104K), 2 survivors (2048K)
 Metaspace       used 25342K, capacity 25883K, committed 25984K, reserved 1071104K
  class space    used 3263K, capacity 3448K, committed 3456K, reserved 1048576K
}
Event: 2.629 GC heap after
{Heap after GC invocations=5 (full 0):
 garbage-first heap   total 260096K, used 19154K [0x0000000080000000, 0x0000000100000000)
  region size 1024K, 3 young (3072K), 3 survivors (3072K)
 Metaspace       used 25342K, capacity 25883K, committed 25984K, reserved 1071104K
  class space    used 3263K, capacity 3448K, committed 3456K, reserved 1048576K
}
Event: 3.366 GC heap before
{Heap before GC invocations=5 (full 0):
 garbage-first heap   total 260096K, used 91858K [0x0000000080000000, 0x0000000100000000)
  region size 1024K, 74 young (75776K), 3 survivors (3072K)
 Metaspace       used 33844K, capacity 34625K, committed 34816K, reserved 1079296K
  class space    used 4486K, capacity 4816K, committed 4864K, reserved 1048576K
}
Event: 3.373 GC heap after
{Heap after GC invocations=6 (full 0):
 garbage-first heap   total 260096K, used 22274K [0x0000000080000000, 0x0000000100000000)
  region size 1024K, 6 young (6144K), 6 survivors (6144K)
 Metaspace       used 33844K, capacity 34625K, committed 34816K, reserved 1079296K
  class space    used 4486K, capacity 4816K, committed 4864K, reserved 1048576K
}
Event: 3.432 GC heap before
{Heap before GC invocations=6 (full 0):
 garbage-first heap   total 260096K, used 25346K [0x0000000080000000, 0x0000000100000000)
  region size 1024K, 10 young (10240K), 6 survivors (6144K)
 Metaspace       used 35011K, capacity 35897K, committed 35968K, reserved 1081344K
  class space    used 4563K, capacity 4921K, committed 4992K, reserved 1048576K
}
Event: 3.438 GC heap after
{Heap after GC invocations=7 (full 0):
 garbage-first heap   total 260096K, used 22961K [0x0000000080000000, 0x0000000100000000)
  region size 1024K, 7 young (7168K), 7 survivors (7168K)
 Metaspace       used 35011K, capacity 35897K, committed 35968K, reserved 1081344K
  class space    used 4563K, capacity 4921K, committed 4992K, reserved 1048576K
}
Event: 4.172 GC heap before
{Heap before GC invocations=8 (full 0):
 garbage-first heap   total 260096K, used 108977K [0x0000000080000000, 0x0000000100000000)
  region size 1024K, 88 young (90112K), 7 survivors (7168K)
 Metaspace       used 41832K, capacity 42991K, committed 43292K, reserved 1087488K
  class space    used 5314K, capacity 5681K, committed 5760K, reserved 1048576K
}
Event: 4.185 GC heap after
{Heap after GC invocations=9 (full 0):
 garbage-first heap   total 260096K, used 29324K [0x0000000080000000, 0x0000000100000000)
  region size 1024K, 11 young (11264K), 11 survivors (11264K)
 Metaspace       used 41832K, capacity 42991K, committed 43292K, reserved 1087488K
  class space    used 5314K, capacity 5681K, committed 5760K, reserved 1048576K
}
Event: 5.407 GC heap before
{Heap before GC invocations=10 (full 0):
 garbage-first heap   total 260096K, used 153228K [0x0000000080000000, 0x0000000100000000)
  region size 1024K, 127 young (130048K), 11 survivors (11264K)
 Metaspace       used 49713K, capacity 51156K, committed 51228K, reserved 1093632K
  class space    used 6306K, capacity 6782K, committed 6784K, reserved 1048576K
}
Event: 5.429 GC heap after
{Heap after GC invocations=11 (full 0):
 garbage-first heap   total 260096K, used 44387K [0x0000000080000000, 0x0000000100000000)
  region size 1024K, 16 young (16384K), 16 survivors (16384K)
 Metaspace       used 49713K, capacity 51156K, committed 51228K, reserved 1093632K
  class space    used 6306K, capacity 6782K, committed 6784K, reserved 1048576K
}
Event: 6.777 GC heap before
{Heap before GC invocations=11 (full 0):
 garbage-first heap   total 260096K, used 171363K [0x0000000080000000, 0x0000000100000000)
  region size 1024K, 133 young (136192K), 16 survivors (16384K)
 Metaspace       used 64571K, capacity 66184K, committed 66332K, reserved 1107968K
  class space    used 8108K, capacity 8726K, committed 8832K, reserved 1048576K
}
Event: 6.793 GC heap after
{Heap after GC invocations=12 (full 0):
 garbage-first heap   total 260096K, used 52155K [0x0000000080000000, 0x0000000100000000)
  region size 1024K, 8 young (8192K), 8 survivors (8192K)
 Metaspace       used 64571K, capacity 66184K, committed 66332K, reserved 1107968K
  class space    used 8108K, capacity 8726K, committed 8832K, reserved 1048576K
}
Event: 7.637 GC heap before
{Heap before GC invocations=12 (full 0):
 garbage-first heap   total 260096K, used 156603K [0x0000000080000000, 0x0000000100000000)
  region size 1024K, 111 young (113664K), 8 survivors (8192K)
 Metaspace       used 70382K, capacity 72096K, committed 72156K, reserved 1112064K
  class space    used 8921K, capacity 9553K, committed 9600K, reserved 1048576K
}
Event: 7.652 GC heap after
{Heap after GC invocations=13 (full 0):
 garbage-first heap   total 312320K, used 58811K [0x0000000080000000, 0x0000000100000000)
  region size 1024K, 14 young (14336K), 14 survivors (14336K)
 Metaspace       used 70382K, capacity 72096K, committed 72156K, reserved 1112064K
  class space    used 8921K, capacity 9553K, committed 9600K, reserved 1048576K
}
Event: 9.155 GC heap before
{Heap before GC invocations=14 (full 0):
 garbage-first heap   total 312320K, used 193979K [0x0000000080000000, 0x0000000100000000)
  region size 1024K, 146 young (149504K), 14 survivors (14336K)
 Metaspace       used 82104K, capacity 84147K, committed 84468K, reserved 1122304K
  class space    used 10625K, capacity 11306K, committed 11416K, reserved 1048576K
}
Event: 9.188 GC heap after
{Heap after GC invocations=15 (full 0):
 garbage-first heap   total 312320K, used 67989K [0x0000000080000000, 0x0000000100000000)
  region size 1024K, 16 young (16384K), 16 survivors (16384K)
 Metaspace       used 82104K, capacity 84147K, committed 84468K, reserved 1122304K
  class space    used 10625K, capacity 11306K, committed 11416K, reserved 1048576K
}

