# JRE version: OpenJDK Runtime Environment (11.0.15) (build 11.0.15+0-b2043.56-9505619)
# Java VM: OpenJDK 64-Bit Server VM (11.0.15+0-b2043.56-9505619, mixed mode, tiered, compressed oops, g1 gc, windows-amd64)
Heap:
 garbage-first heap   total 312320K, used 169984K [0x0000000080000000, 0x0000000100000000)
  region size 1024K, 115 young (117760K), 18 survivors (18432K)
 Metaspace       used 90300K, capacity 92638K, committed 92924K, reserved 1130496K
  class space    used 11453K, capacity 12240K, committed 12288K, reserved 1048576K
GC Heap History (18 events):
Event: 0.594 GC heap before
{Heap before GC invocations=0 (full 0):
 garbage-first heap   total 260096K, used 16384K [0x0000000080000000, 0x0000000100000000)
  region size 1024K, 14 young (14336K), 0 survivors (0K)
 Metaspace       used 6751K, capacity 6993K, committed 7168K, reserved 1056768K
  class space    used 571K, capacity 650K, committed 768K, reserved 1048576K
}
Event: 0.615 GC heap after
{Heap after GC invocations=1 (full 0):
 garbage-first heap   total 260096K, used 3897K [0x0000000080000000, 0x0000000100000000)
  region size 1024K, 2 young (2048K), 2 survivors (2048K)
 Metaspace       used 6751K, capacity 6993K, committed 7168K, reserved 1056768K
  class space    used 571K, capacity 650K, committed 768K, reserved 1048576K
}
Event: 2.243 GC heap before
{Heap before GC invocations=1 (full 0):
 garbage-first heap   total 260096K, used 115513K [0x0000000080000000, 0x0000000100000000)
  region size 1024K, 108 young (110592K), 2 survivors (2048K)
 Metaspace       used 20821K, capacity 21153K, committed 21296K, reserved 1069056K
  class space    used 2508K, capacity 2651K, committed 2688K, reserved 1048576K
}
Event: 2.252 GC heap after
{Heap after GC invocations=2 (full 0):
 garbage-first heap   total 260096K, used 16822K [0x0000000080000000, 0x0000000100000000)
  region size 1024K, 12 young (12288K), 12 survivors (12288K)
 Metaspace       used 20821K, capacity 21153K, committed 21296K, reserved 1069056K
  class space    used 2508K, capacity 2651K, committed 2688K, reserved 1048576K
}
Event: 2.678 GC heap before
{Heap before GC invocations=3 (full 0):
 garbage-first heap   total 260096K, used 65974K [0x0000000080000000, 0x0000000100000000)
  region size 1024K, 60 young (61440K), 12 survivors (12288K)
 Metaspace       used 26009K, capacity 26623K, committed 26800K, reserved 1073152K
  class space    used 3339K, capacity 3547K, committed 3584K, reserved 1048576K
}
Event: 2.687 GC heap after
{Heap after GC invocations=4 (full 0):
 garbage-first heap   total 260096K, used 19485K [0x0000000080000000, 0x0000000100000000)
  region size 1024K, 3 young (3072K), 3 survivors (3072K)
 Metaspace       used 26009K, capacity 26623K, committed 26800K, reserved 1073152K
  class space    used 3339K, capacity 3547K, committed 3584K, reserved 1048576K
}
Event: 3.423 GC heap before
{Heap before GC invocations=4 (full 0):
 garbage-first heap   total 260096K, used 91165K [0x0000000080000000, 0x0000000100000000)
  region size 1024K, 74 young (75776K), 3 survivors (3072K)
 Metaspace       used 34920K, capacity 35733K, committed 35888K, reserved 1081344K
  class space    used 4557K, capacity 4889K, committed 4992K, reserved 1048576K
}
Event: 3.432 GC heap after
{Heap after GC invocations=5 (full 0):
 garbage-first heap   total 260096K, used 22462K [0x0000000080000000, 0x0000000100000000)
  region size 1024K, 6 young (6144K), 6 survivors (6144K)
 Metaspace       used 34920K, capacity 35733K, committed 35888K, reserved 1081344K
  class space    used 4557K, capacity 4889K, committed 4992K, reserved 1048576K
}
Event: 4.314 GC heap before
{Heap before GC invocations=6 (full 0):
 garbage-first heap   total 260096K, used 126910K [0x0000000080000000, 0x0000000100000000)
  region size 1024K, 105 young (107520K), 6 survivors (6144K)
 Metaspace       used 43678K, capacity 44873K, committed 45032K, reserved 1089536K
  class space    used 5617K, capacity 6004K, committed 6016K, reserved 1048576K
}
Event: 4.329 GC heap after
{Heap after GC invocations=7 (full 0):
 garbage-first heap   total 260096K, used 30191K [0x0000000080000000, 0x0000000100000000)
  region size 1024K, 13 young (13312K), 13 survivors (13312K)
 Metaspace       used 43678K, capacity 44873K, committed 45032K, reserved 1089536K
  class space    used 5617K, capacity 6004K, committed 6016K, reserved 1048576K
}
Event: 5.613 GC heap before
{Heap before GC invocations=8 (full 0):
 garbage-first heap   total 260096K, used 148975K [0x0000000080000000, 0x0000000100000000)
  region size 1024K, 124 young (126976K), 13 survivors (13312K)
 Metaspace       used 51496K, capacity 52959K, committed 53096K, reserved 1095680K
  class space    used 6551K, capacity 7088K, committed 7168K, reserved 1048576K
}
Event: 5.633 GC heap after
{Heap after GC invocations=9 (full 0):
 garbage-first heap   total 260096K, used 43572K [0x0000000080000000, 0x0000000100000000)
  region size 1024K, 16 young (16384K), 16 survivors (16384K)
 Metaspace       used 51496K, capacity 52959K, committed 53096K, reserved 1095680K
  class space    used 6551K, capacity 7088K, committed 7168K, reserved 1048576K
}
Event: 7.211 GC heap before
{Heap before GC invocations=9 (full 0):
 garbage-first heap   total 260096K, used 186932K [0x0000000080000000, 0x0000000100000000)
  region size 1024K, 148 young (151552K), 16 survivors (16384K)
 Metaspace       used 66556K, capacity 68241K, committed 68456K, reserved 1110016K
  class space    used 8365K, capacity 8957K, committed 8960K, reserved 1048576K
}
Event: 7.230 GC heap after
{Heap after GC invocations=10 (full 0):
 garbage-first heap   total 260096K, used 53693K [0x0000000080000000, 0x0000000100000000)
  region size 1024K, 19 young (19456K), 19 survivors (19456K)
 Metaspace       used 66556K, capacity 68241K, committed 68456K, reserved 1110016K
  class space    used 8365K, capacity 8957K, committed 8960K, reserved 1048576K
}
Event: 8.149 GC heap before
{Heap before GC invocations=10 (full 0):
 garbage-first heap   total 260096K, used 158141K [0x0000000080000000, 0x0000000100000000)
  region size 1024K, 122 young (124928K), 19 survivors (19456K)
 Metaspace       used 73757K, capacity 75523K, committed 75624K, reserved 1114112K
  class space    used 9500K, capacity 10150K, committed 10240K, reserved 1048576K
}
Event: 8.177 GC heap after
{Heap after GC invocations=11 (full 0):
 garbage-first heap   total 312320K, used 60795K [0x0000000080000000, 0x0000000100000000)
  region size 1024K, 17 young (17408K), 17 survivors (17408K)
 Metaspace       used 73757K, capacity 75523K, committed 75624K, reserved 1114112K
  class space    used 9500K, capacity 10150K, committed 10240K, reserved 1048576K
}
Event: 22.125 GC heap before
{Heap before GC invocations=12 (full 0):
 garbage-first heap   total 312320K, used 203131K [0x0000000080000000, 0x0000000100000000)
  region size 1024K, 157 young (160768K), 17 survivors (17408K)
 Metaspace       used 85776K, capacity 88048K, committed 88188K, reserved 1126400K
  class space    used 10869K, capacity 11636K, committed 11648K, reserved 1048576K
}
Event: 22.168 GC heap after
{Heap after GC invocations=13 (full 0):
 garbage-first heap   total 312320K, used 71680K [0x0000000080000000, 0x0000000100000000)
  region size 1024K, 18 young (18432K), 18 survivors (18432K)
 Metaspace       used 85776K, capacity 88048K, committed 88188K, reserved 1126400K
  class space    used 10869K, capacity 11636K, committed 11648K, reserved 1048576K
}

