# JRE version: OpenJDK Runtime Environment (11.0.15) (build 11.0.15+0-b2043.56-9505619)
# Java VM: OpenJDK 64-Bit Server VM (11.0.15+0-b2043.56-9505619, mixed mode, tiered, compressed oops, g1 gc, windows-amd64)
Heap:
 garbage-first heap   total 312320K, used 253687K [0x0000000080000000, 0x0000000100000000)
  region size 1024K, 71 young (72704K), 8 survivors (8192K)
 Metaspace       used 106171K, capacity 109308K, committed 109564K, reserved 1144832K
  class space    used 13269K, capacity 14339K, committed 14412K, reserved 1048576K
GC Heap History (20 events):
Event: 5.192 GC heap before
{Heap before GC invocations=10 (full 0):
 garbage-first heap   total 260096K, used 185744K [0x0000000080000000, 0x0000000100000000)
  region size 1024K, 104 young (106496K), 11 survivors (11264K)
 Metaspace       used 50734K, capacity 52359K, committed 52400K, reserved 1095680K
  class space    used 6553K, capacity 7136K, committed 7168K, reserved 1048576K
}
Event: 5.206 GC heap after
{Heap after GC invocations=11 (full 0):
 garbage-first heap   total 260096K, used 95950K [0x0000000080000000, 0x0000000100000000)
  region size 1024K, 7 young (7168K), 7 survivors (7168K)
 Metaspace       used 50734K, capacity 52359K, committed 52400K, reserved 1095680K
  class space    used 6553K, capacity 7136K, committed 7168K, reserved 1048576K
}
Event: 6.338 GC heap before
{Heap before GC invocations=11 (full 0):
 garbage-first heap   total 260096K, used 192206K [0x0000000080000000, 0x0000000100000000)
  region size 1024K, 97 young (99328K), 7 survivors (7168K)
 Metaspace       used 58322K, capacity 60136K, committed 60336K, reserved 1101824K
  class space    used 7451K, capacity 8103K, committed 8192K, reserved 1048576K
}
Event: 6.349 GC heap after
{Heap after GC invocations=12 (full 0):
 garbage-first heap   total 312320K, used 109568K [0x0000000080000000, 0x0000000100000000)
  region size 1024K, 13 young (13312K), 13 survivors (13312K)
 Metaspace       used 58322K, capacity 60136K, committed 60336K, reserved 1101824K
  class space    used 7451K, capacity 8103K, committed 8192K, reserved 1048576K
}
Event: 7.526 GC heap before
{Heap before GC invocations=12 (full 0):
 garbage-first heap   total 312320K, used 230400K [0x0000000080000000, 0x0000000100000000)
  region size 1024K, 124 young (126976K), 13 survivors (13312K)
 Metaspace       used 69380K, capacity 71298K, committed 71472K, reserved 1112064K
  class space    used 8830K, capacity 9562K, committed 9600K, reserved 1048576K
}
Event: 7.540 GC heap after
{Heap after GC invocations=13 (full 0):
 garbage-first heap   total 312320K, used 118617K [0x0000000080000000, 0x0000000100000000)
  region size 1024K, 16 young (16384K), 16 survivors (16384K)
 Metaspace       used 69380K, capacity 71298K, committed 71472K, reserved 1112064K
  class space    used 8830K, capacity 9562K, committed 9600K, reserved 1048576K
}
Event: 8.283 GC heap before
{Heap before GC invocations=13 (full 0):
 garbage-first heap   total 312320K, used 202585K [0x0000000080000000, 0x0000000100000000)
  region size 1024K, 99 young (101376K), 16 survivors (16384K)
 Metaspace       used 75235K, capacity 77239K, committed 77308K, reserved 1116160K
  class space    used 9743K, capacity 10510K, committed 10572K, reserved 1048576K
}
Event: 8.306 GC heap after
{Heap after GC invocations=14 (full 0):
 garbage-first heap   total 312320K, used 125133K [0x0000000080000000, 0x0000000100000000)
  region size 1024K, 14 young (14336K), 14 survivors (14336K)
 Metaspace       used 75235K, capacity 77239K, committed 77308K, reserved 1116160K
  class space    used 9743K, capacity 10510K, committed 10572K, reserved 1048576K
}
Event: 9.216 GC heap before
{Heap before GC invocations=15 (full 0):
 garbage-first heap   total 312320K, used 255181K [0x0000000080000000, 0x0000000100000000)
  region size 1024K, 115 young (117760K), 14 survivors (14336K)
 Metaspace       used 81083K, capacity 83432K, committed 83708K, reserved 1122304K
  class space    used 10450K, capacity 11247K, committed 11340K, reserved 1048576K
}
Event: 9.235 GC heap after
{Heap after GC invocations=16 (full 0):
 garbage-first heap   total 312320K, used 162528K [0x0000000080000000, 0x0000000100000000)
  region size 1024K, 15 young (15360K), 15 survivors (15360K)
 Metaspace       used 81083K, capacity 83432K, committed 83708K, reserved 1122304K
  class space    used 10450K, capacity 11247K, committed 11340K, reserved 1048576K
}
Event: 9.680 GC heap before
{Heap before GC invocations=17 (full 0):
 garbage-first heap   total 312320K, used 232160K [0x0000000080000000, 0x0000000100000000)
  region size 1024K, 85 young (87040K), 15 survivors (15360K)
 Metaspace       used 84138K, capacity 86536K, committed 86652K, reserved 1124352K
  class space    used 10829K, capacity 11702K, committed 11724K, reserved 1048576K
}
Event: 9.698 GC heap after
{Heap after GC invocations=18 (full 0):
 garbage-first heap   total 312320K, used 167272K [0x0000000080000000, 0x0000000100000000)
  region size 1024K, 4 young (4096K), 4 survivors (4096K)
 Metaspace       used 84138K, capacity 86536K, committed 86652K, reserved 1124352K
  class space    used 10829K, capacity 11702K, committed 11724K, reserved 1048576K
}
Event: 10.415 GC heap before
{Heap before GC invocations=19 (full 0):
 garbage-first heap   total 312320K, used 250216K [0x0000000080000000, 0x0000000100000000)
  region size 1024K, 84 young (86016K), 4 survivors (4096K)
 Metaspace       used 91900K, capacity 94404K, committed 94588K, reserved 1130496K
  class space    used 11799K, capacity 12665K, committed 12748K, reserved 1048576K
}
Event: 10.425 GC heap after
{Heap after GC invocations=20 (full 0):
 garbage-first heap   total 312320K, used 168549K [0x0000000080000000, 0x0000000100000000)
  region size 1024K, 6 young (6144K), 6 survivors (6144K)
 Metaspace       used 91900K, capacity 94404K, committed 94588K, reserved 1130496K
  class space    used 11799K, capacity 12665K, committed 12748K, reserved 1048576K
}
Event: 11.398 GC heap before
{Heap before GC invocations=20 (full 0):
 garbage-first heap   total 312320K, used 250469K [0x0000000080000000, 0x0000000100000000)
  region size 1024K, 87 young (89088K), 6 survivors (6144K)
 Metaspace       used 96961K, capacity 99601K, committed 99836K, reserved 1136640K
  class space    used 12399K, capacity 13329K, committed 13388K, reserved 1048576K
}
Event: 11.420 GC heap after
{Heap after GC invocations=21 (full 0):
 garbage-first heap   total 312320K, used 175915K [0x0000000080000000, 0x0000000100000000)
  region size 1024K, 11 young (11264K), 11 survivors (11264K)
 Metaspace       used 96961K, capacity 99601K, committed 99836K, reserved 1136640K
  class space    used 12399K, capacity 13329K, committed 13388K, reserved 1048576K
}
Event: 12.556 GC heap before
{Heap before GC invocations=22 (full 0):
 garbage-first heap   total 312320K, used 254763K [0x0000000080000000, 0x0000000100000000)
  region size 1024K, 89 young (91136K), 11 survivors (11264K)
 Metaspace       used 99472K, capacity 102249K, committed 102396K, reserved 1138688K
  class space    used 12609K, capacity 13575K, committed 13644K, reserved 1048576K
}
Event: 12.575 GC heap after
{Heap after GC invocations=23 (full 0):
 garbage-first heap   total 312320K, used 182234K [0x0000000080000000, 0x0000000100000000)
  region size 1024K, 7 young (7168K), 7 survivors (7168K)
 Metaspace       used 99472K, capacity 102249K, committed 102396K, reserved 1138688K
  class space    used 12609K, capacity 13575K, committed 13644K, reserved 1048576K
}
Event: 56.317 GC heap before
{Heap before GC invocations=23 (full 0):
 garbage-first heap   total 312320K, used 258010K [0x0000000080000000, 0x0000000100000000)
  region size 1024K, 82 young (83968K), 7 survivors (7168K)
 Metaspace       used 104990K, capacity 108038K, committed 108412K, reserved 1142784K
  class space    used 13093K, capacity 14150K, committed 14284K, reserved 1048576K
}
Event: 56.337 GC heap after
{Heap after GC invocations=24 (full 0):
 garbage-first heap   total 312320K, used 190199K [0x0000000080000000, 0x0000000100000000)
  region size 1024K, 8 young (8192K), 8 survivors (8192K)
 Metaspace       used 104990K, capacity 108038K, committed 108412K, reserved 1142784K
  class space    used 13093K, capacity 14150K, committed 14284K, reserved 1048576K
}

