# JRE version: OpenJDK Runtime Environment (11.0.15) (build 11.0.15+0-b2043.56-9505619)
# Java VM: OpenJDK 64-Bit Server VM (11.0.15+0-b2043.56-9505619, mixed mode, tiered, compressed oops, g1 gc, windows-amd64)
Heap:
 garbage-first heap   total 393216K, used 108288K [0x0000000080000000, 0x0000000100000000)
  region size 1024K, 57 young (58368K), 23 survivors (23552K)
 Metaspace       used 85878K, capacity 88156K, committed 88368K, reserved 1126400K
  class space    used 11132K, capacity 11929K, committed 11976K, reserved 1048576K
GC Heap History (18 events):
Event: 0.427 GC heap before
{Heap before GC invocations=0 (full 0):
 garbage-first heap   total 260096K, used 16384K [0x0000000080000000, 0x0000000100000000)
  region size 1024K, 14 young (14336K), 0 survivors (0K)
 Metaspace       used 6743K, capacity 6925K, committed 7168K, reserved 1056768K
  class space    used 571K, capacity 650K, committed 768K, reserved 1048576K
}
Event: 0.463 GC heap after
{Heap after GC invocations=1 (full 0):
 garbage-first heap   total 260096K, used 4038K [0x0000000080000000, 0x0000000100000000)
  region size 1024K, 2 young (2048K), 2 survivors (2048K)
 Metaspace       used 6743K, capacity 6925K, committed 7168K, reserved 1056768K
  class space    used 571K, capacity 650K, committed 768K, reserved 1048576K
}
Event: 1.942 GC heap before
{Heap before GC invocations=1 (full 0):
 garbage-first heap   total 260096K, used 115654K [0x0000000080000000, 0x0000000100000000)
  region size 1024K, 108 young (110592K), 2 survivors (2048K)
 Metaspace       used 20819K, capacity 21149K, committed 21296K, reserved 1069056K
  class space    used 2506K, capacity 2651K, committed 2688K, reserved 1048576K
}
Event: 1.953 GC heap after
{Heap after GC invocations=2 (full 0):
 garbage-first heap   total 260096K, used 17080K [0x0000000080000000, 0x0000000100000000)
  region size 1024K, 12 young (12288K), 12 survivors (12288K)
 Metaspace       used 20819K, capacity 21149K, committed 21296K, reserved 1069056K
  class space    used 2506K, capacity 2651K, committed 2688K, reserved 1048576K
}
Event: 2.404 GC heap before
{Heap before GC invocations=3 (full 0):
 garbage-first heap   total 260096K, used 68280K [0x0000000080000000, 0x0000000100000000)
  region size 1024K, 62 young (63488K), 12 survivors (12288K)
 Metaspace       used 26340K, capacity 26959K, committed 27184K, reserved 1073152K
  class space    used 3398K, capacity 3618K, committed 3712K, reserved 1048576K
}
Event: 2.413 GC heap after
{Heap after GC invocations=4 (full 0):
 garbage-first heap   total 260096K, used 19588K [0x0000000080000000, 0x0000000100000000)
  region size 1024K, 3 young (3072K), 3 survivors (3072K)
 Metaspace       used 26340K, capacity 26959K, committed 27184K, reserved 1073152K
  class space    used 3398K, capacity 3618K, committed 3712K, reserved 1048576K
}
Event: 3.120 GC heap before
{Heap before GC invocations=4 (full 0):
 garbage-first heap   total 260096K, used 88196K [0x0000000080000000, 0x0000000100000000)
  region size 1024K, 71 young (72704K), 3 survivors (3072K)
 Metaspace       used 34910K, capacity 35725K, committed 35888K, reserved 1081344K
  class space    used 4550K, capacity 4885K, committed 4992K, reserved 1048576K
}
Event: 3.129 GC heap after
{Heap after GC invocations=5 (full 0):
 garbage-first heap   total 260096K, used 22711K [0x0000000080000000, 0x0000000100000000)
  region size 1024K, 6 young (6144K), 6 survivors (6144K)
 Metaspace       used 34910K, capacity 35725K, committed 35888K, reserved 1081344K
  class space    used 4550K, capacity 4885K, committed 4992K, reserved 1048576K
}
Event: 3.961 GC heap before
{Heap before GC invocations=6 (full 0):
 garbage-first heap   total 260096K, used 116919K [0x0000000080000000, 0x0000000100000000)
  region size 1024K, 95 young (97280K), 6 survivors (6144K)
 Metaspace       used 42625K, capacity 43794K, committed 43880K, reserved 1087488K
  class space    used 5445K, capacity 5859K, committed 5888K, reserved 1048576K
}
Event: 3.978 GC heap after
{Heap after GC invocations=7 (full 0):
 garbage-first heap   total 260096K, used 30168K [0x0000000080000000, 0x0000000100000000)
  region size 1024K, 12 young (12288K), 12 survivors (12288K)
 Metaspace       used 42625K, capacity 43794K, committed 43880K, reserved 1087488K
  class space    used 5445K, capacity 5859K, committed 5888K, reserved 1048576K
}
Event: 5.042 GC heap before
{Heap before GC invocations=8 (full 0):
 garbage-first heap   total 260096K, used 144856K [0x0000000080000000, 0x0000000100000000)
  region size 1024K, 119 young (121856K), 12 survivors (12288K)
 Metaspace       used 49733K, capacity 51216K, committed 51304K, reserved 1093632K
  class space    used 6317K, capacity 6848K, committed 6912K, reserved 1048576K
}
Event: 5.061 GC heap after
{Heap after GC invocations=9 (full 0):
 garbage-first heap   total 260096K, used 44111K [0x0000000080000000, 0x0000000100000000)
  region size 1024K, 15 young (15360K), 15 survivors (15360K)
 Metaspace       used 49733K, capacity 51216K, committed 51304K, reserved 1093632K
  class space    used 6317K, capacity 6848K, committed 6912K, reserved 1048576K
}
Event: 6.357 GC heap before
{Heap before GC invocations=9 (full 0):
 garbage-first heap   total 260096K, used 165967K [0x0000000080000000, 0x0000000100000000)
  region size 1024K, 127 young (130048K), 15 survivors (15360K)
 Metaspace       used 64238K, capacity 65937K, committed 66152K, reserved 1107968K
  class space    used 8083K, capacity 8693K, committed 8704K, reserved 1048576K
}
Event: 6.377 GC heap after
{Heap after GC invocations=10 (full 0):
 garbage-first heap   total 260096K, used 52680K [0x0000000080000000, 0x0000000100000000)
  region size 1024K, 8 young (8192K), 8 survivors (8192K)
 Metaspace       used 64238K, capacity 65937K, committed 66152K, reserved 1107968K
  class space    used 8083K, capacity 8693K, committed 8704K, reserved 1048576K
}
Event: 7.395 GC heap before
{Heap before GC invocations=10 (full 0):
 garbage-first heap   total 260096K, used 172488K [0x0000000080000000, 0x0000000100000000)
  region size 1024K, 126 young (129024K), 8 survivors (8192K)
 Metaspace       used 72044K, capacity 73712K, committed 73776K, reserved 1114112K
  class space    used 9264K, capacity 9882K, committed 9928K, reserved 1048576K
}
Event: 7.415 GC heap after
{Heap after GC invocations=11 (full 0):
 garbage-first heap   total 393216K, used 60172K [0x0000000080000000, 0x0000000100000000)
  region size 1024K, 15 young (15360K), 15 survivors (15360K)
 Metaspace       used 72044K, capacity 73712K, committed 73776K, reserved 1114112K
  class space    used 9264K, capacity 9882K, committed 9928K, reserved 1048576K
}
Event: 8.994 GC heap before
{Heap before GC invocations=12 (full 0):
 garbage-first heap   total 393216K, used 234252K [0x0000000080000000, 0x0000000100000000)
  region size 1024K, 185 young (189440K), 15 survivors (15360K)
 Metaspace       used 82666K, capacity 84738K, committed 85040K, reserved 1122304K
  class space    used 10683K, capacity 11354K, committed 11464K, reserved 1048576K
}
Event: 9.048 GC heap after
{Heap after GC invocations=13 (full 0):
 garbage-first heap   total 393216K, used 75520K [0x0000000080000000, 0x0000000100000000)
  region size 1024K, 23 young (23552K), 23 survivors (23552K)
 Metaspace       used 82666K, capacity 84738K, committed 85040K, reserved 1122304K
  class space    used 10683K, capacity 11354K, committed 11464K, reserved 1048576K
}

