# JRE version: OpenJDK Runtime Environment (11.0.15) (build 11.0.15+0-b2043.56-9505619)
# Java VM: OpenJDK 64-Bit Server VM (11.0.15+0-b2043.56-9505619, mixed mode, tiered, compressed oops, g1 gc, windows-amd64)
Heap:
 garbage-first heap   total 312320K, used 202699K [0x0000000080000000, 0x0000000100000000)
  region size 1024K, 147 young (150528K), 15 survivors (15360K)
 Metaspace       used 91315K, capacity 93722K, committed 93872K, reserved 1130496K
  class space    used 11493K, capacity 12319K, committed 12360K, reserved 1048576K
GC Heap History (18 events):
Event: 0.551 GC heap before
{Heap before GC invocations=0 (full 0):
 garbage-first heap   total 260096K, used 16384K [0x0000000080000000, 0x0000000100000000)
  region size 1024K, 14 young (14336K), 0 survivors (0K)
 Metaspace       used 6752K, capacity 6993K, committed 7168K, reserved 1056768K
  class space    used 571K, capacity 650K, committed 768K, reserved 1048576K
}
Event: 0.562 GC heap after
{Heap after GC invocations=1 (full 0):
 garbage-first heap   total 260096K, used 3888K [0x0000000080000000, 0x0000000100000000)
  region size 1024K, 2 young (2048K), 2 survivors (2048K)
 Metaspace       used 6752K, capacity 6993K, committed 7168K, reserved 1056768K
  class space    used 571K, capacity 650K, committed 768K, reserved 1048576K
}
Event: 2.070 GC heap before
{Heap before GC invocations=1 (full 0):
 garbage-first heap   total 260096K, used 115504K [0x0000000080000000, 0x0000000100000000)
  region size 1024K, 108 young (110592K), 2 survivors (2048K)
 Metaspace       used 20840K, capacity 21153K, committed 21296K, reserved 1069056K
  class space    used 2512K, capacity 2651K, committed 2688K, reserved 1048576K
}
Event: 2.078 GC heap after
{Heap after GC invocations=2 (full 0):
 garbage-first heap   total 260096K, used 17418K [0x0000000080000000, 0x0000000100000000)
  region size 1024K, 13 young (13312K), 13 survivors (13312K)
 Metaspace       used 20840K, capacity 21153K, committed 21296K, reserved 1069056K
  class space    used 2512K, capacity 2651K, committed 2688K, reserved 1048576K
}
Event: 2.520 GC heap before
{Heap before GC invocations=3 (full 0):
 garbage-first heap   total 260096K, used 69642K [0x0000000080000000, 0x0000000100000000)
  region size 1024K, 64 young (65536K), 13 survivors (13312K)
 Metaspace       used 26408K, capacity 27040K, committed 27184K, reserved 1073152K
  class space    used 3412K, capacity 3623K, committed 3712K, reserved 1048576K
}
Event: 2.530 GC heap after
{Heap after GC invocations=4 (full 0):
 garbage-first heap   total 260096K, used 19097K [0x0000000080000000, 0x0000000100000000)
  region size 1024K, 3 young (3072K), 3 survivors (3072K)
 Metaspace       used 26408K, capacity 27040K, committed 27184K, reserved 1073152K
  class space    used 3412K, capacity 3623K, committed 3712K, reserved 1048576K
}
Event: 3.246 GC heap before
{Heap before GC invocations=4 (full 0):
 garbage-first heap   total 260096K, used 88729K [0x0000000080000000, 0x0000000100000000)
  region size 1024K, 72 young (73728K), 3 survivors (3072K)
 Metaspace       used 34908K, capacity 35734K, committed 35888K, reserved 1081344K
  class space    used 4556K, capacity 4889K, committed 4992K, reserved 1048576K
}
Event: 3.258 GC heap after
{Heap after GC invocations=5 (full 0):
 garbage-first heap   total 260096K, used 22273K [0x0000000080000000, 0x0000000100000000)
  region size 1024K, 6 young (6144K), 6 survivors (6144K)
 Metaspace       used 34908K, capacity 35734K, committed 35888K, reserved 1081344K
  class space    used 4556K, capacity 4889K, committed 4992K, reserved 1048576K
}
Event: 4.350 GC heap before
{Heap before GC invocations=6 (full 0):
 garbage-first heap   total 260096K, used 136961K [0x0000000080000000, 0x0000000100000000)
  region size 1024K, 115 young (117760K), 6 survivors (6144K)
 Metaspace       used 44948K, capacity 46095K, committed 46184K, reserved 1089536K
  class space    used 5689K, capacity 6088K, committed 6144K, reserved 1048576K
}
Event: 4.370 GC heap after
{Heap after GC invocations=7 (full 0):
 garbage-first heap   total 260096K, used 30437K [0x0000000080000000, 0x0000000100000000)
  region size 1024K, 14 young (14336K), 14 survivors (14336K)
 Metaspace       used 44948K, capacity 46095K, committed 46184K, reserved 1089536K
  class space    used 5689K, capacity 6088K, committed 6144K, reserved 1048576K
}
Event: 5.783 GC heap before
{Heap before GC invocations=8 (full 0):
 garbage-first heap   total 260096K, used 161509K [0x0000000080000000, 0x0000000100000000)
  region size 1024K, 138 young (141312K), 14 survivors (14336K)
 Metaspace       used 54513K, capacity 56059K, committed 56296K, reserved 1097728K
  class space    used 6949K, capacity 7522K, committed 7552K, reserved 1048576K
}
Event: 5.804 GC heap after
{Heap after GC invocations=9 (full 0):
 garbage-first heap   total 260096K, used 44313K [0x0000000080000000, 0x0000000100000000)
  region size 1024K, 18 young (18432K), 18 survivors (18432K)
 Metaspace       used 54513K, capacity 56059K, committed 56296K, reserved 1097728K
  class space    used 6949K, capacity 7522K, committed 7552K, reserved 1048576K
}
Event: 7.196 GC heap before
{Heap before GC invocations=9 (full 0):
 garbage-first heap   total 260096K, used 189721K [0x0000000080000000, 0x0000000100000000)
  region size 1024K, 152 young (155648K), 18 survivors (18432K)
 Metaspace       used 67336K, capacity 69059K, committed 69224K, reserved 1110016K
  class space    used 8494K, capacity 9100K, committed 9216K, reserved 1048576K
}
Event: 7.216 GC heap after
{Heap after GC invocations=10 (full 0):
 garbage-first heap   total 260096K, used 55156K [0x0000000080000000, 0x0000000100000000)
  region size 1024K, 11 young (11264K), 11 survivors (11264K)
 Metaspace       used 67336K, capacity 69059K, committed 69224K, reserved 1110016K
  class space    used 8494K, capacity 9100K, committed 9216K, reserved 1048576K
}
Event: 8.239 GC heap before
{Heap before GC invocations=10 (full 0):
 garbage-first heap   total 260096K, used 159604K [0x0000000080000000, 0x0000000100000000)
  region size 1024K, 115 young (117760K), 11 survivors (11264K)
 Metaspace       used 75672K, capacity 77574K, committed 77616K, reserved 1116160K
  class space    used 9709K, capacity 10403K, committed 10440K, reserved 1048576K
}
Event: 8.261 GC heap after
{Heap after GC invocations=11 (full 0):
 garbage-first heap   total 312320K, used 63860K [0x0000000080000000, 0x0000000100000000)
  region size 1024K, 19 young (19456K), 19 survivors (19456K)
 Metaspace       used 75672K, capacity 77574K, committed 77616K, reserved 1116160K
  class space    used 9709K, capacity 10403K, committed 10440K, reserved 1048576K
}
Event: 22.734 GC heap before
{Heap before GC invocations=12 (full 0):
 garbage-first heap   total 312320K, used 213364K [0x0000000080000000, 0x0000000100000000)
  region size 1024K, 166 young (169984K), 19 survivors (19456K)
 Metaspace       used 83752K, capacity 85985K, committed 86192K, reserved 1124352K
  class space    used 10455K, capacity 11225K, committed 11336K, reserved 1048576K
}
Event: 22.770 GC heap after
{Heap after GC invocations=13 (full 0):
 garbage-first heap   total 312320K, used 68555K [0x0000000080000000, 0x0000000100000000)
  region size 1024K, 15 young (15360K), 15 survivors (15360K)
 Metaspace       used 83752K, capacity 85985K, committed 86192K, reserved 1124352K
  class space    used 10455K, capacity 11225K, committed 11336K, reserved 1048576K
}

