# JRE version: OpenJDK Runtime Environment (11.0.15) (build 11.0.15+0-b2043.56-9505619)
# Java VM: OpenJDK 64-Bit Server VM (11.0.15+0-b2043.56-9505619, mixed mode, tiered, compressed oops, g1 gc, windows-amd64)
Heap:
 garbage-first heap   total 312320K, used 198736K [0x0000000080000000, 0x0000000100000000)
  region size 1024K, 15 young (15360K), 10 survivors (10240K)
 Metaspace       used 106814K, capacity 109899K, committed 109988K, reserved 1144832K
  class space    used 13321K, capacity 14352K, committed 14412K, reserved 1048576K
GC Heap History (20 events):
Event: 8.025 GC heap before
{Heap before GC invocations=13 (full 0):
 garbage-first heap   total 312320K, used 220777K [0x0000000080000000, 0x0000000100000000)
  region size 1024K, 128 young (131072K), 15 survivors (15360K)
 Metaspace       used 69407K, capacity 71296K, committed 71460K, reserved 1112064K
  class space    used 8824K, capacity 9558K, committed 9676K, reserved 1048576K
}
Event: 8.052 GC heap after
{Heap after GC invocations=14 (full 0):
 garbage-first heap   total 312320K, used 105798K [0x0000000080000000, 0x0000000100000000)
  region size 1024K, 16 young (16384K), 16 survivors (16384K)
 Metaspace       used 69407K, capacity 71296K, committed 71460K, reserved 1112064K
  class space    used 8824K, capacity 9558K, committed 9676K, reserved 1048576K
}
Event: 9.171 GC heap before
{Heap before GC invocations=15 (full 0):
 garbage-first heap   total 312320K, used 250182K [0x0000000080000000, 0x0000000100000000)
  region size 1024K, 131 young (134144K), 16 survivors (16384K)
 Metaspace       used 78295K, capacity 80348K, committed 80548K, reserved 1120256K
  class space    used 10036K, capacity 10784K, committed 10828K, reserved 1048576K
}
Event: 9.189 GC heap after
{Heap after GC invocations=16 (full 0):
 garbage-first heap   total 312320K, used 145210K [0x0000000080000000, 0x0000000100000000)
  region size 1024K, 17 young (17408K), 17 survivors (17408K)
 Metaspace       used 78295K, capacity 80348K, committed 80548K, reserved 1120256K
  class space    used 10036K, capacity 10784K, committed 10828K, reserved 1048576K
}
Event: 9.867 GC heap before
{Heap before GC invocations=16 (full 0):
 garbage-first heap   total 312320K, used 252730K [0x0000000080000000, 0x0000000100000000)
  region size 1024K, 111 young (113664K), 17 survivors (17408K)
 Metaspace       used 82145K, capacity 84434K, committed 84772K, reserved 1122304K
  class space    used 10566K, capacity 11341K, committed 11468K, reserved 1048576K
}
Event: 9.888 GC heap after
{Heap after GC invocations=17 (full 0):
 garbage-first heap   total 312320K, used 163840K [0x0000000080000000, 0x0000000100000000)
  region size 1024K, 6 young (6144K), 6 survivors (6144K)
 Metaspace       used 82145K, capacity 84434K, committed 84772K, reserved 1122304K
  class space    used 10566K, capacity 11341K, committed 11468K, reserved 1048576K
}
Event: 9.899 GC heap before
{Heap before GC invocations=17 (full 0):
 garbage-first heap   total 312320K, used 166912K [0x0000000080000000, 0x0000000100000000)
  region size 1024K, 11 young (11264K), 6 survivors (6144K)
 Metaspace       used 82403K, capacity 84754K, committed 85028K, reserved 1122304K
  class space    used 10589K, capacity 11405K, committed 11468K, reserved 1048576K
}
Event: 9.907 GC heap after
{Heap after GC invocations=18 (full 0):
 garbage-first heap   total 312320K, used 164466K [0x0000000080000000, 0x0000000100000000)
  region size 1024K, 7 young (7168K), 7 survivors (7168K)
 Metaspace       used 82403K, capacity 84754K, committed 85028K, reserved 1122304K
  class space    used 10589K, capacity 11405K, committed 11468K, reserved 1048576K
}
Event: 10.821 GC heap before
{Heap before GC invocations=19 (full 0):
 garbage-first heap   total 312320K, used 241266K [0x0000000080000000, 0x0000000100000000)
  region size 1024K, 81 young (82944K), 7 survivors (7168K)
 Metaspace       used 90884K, capacity 93419K, committed 93604K, reserved 1130496K
  class space    used 11644K, capacity 12519K, committed 12620K, reserved 1048576K
}
Event: 10.833 GC heap after
{Heap after GC invocations=20 (full 0):
 garbage-first heap   total 312320K, used 166524K [0x0000000080000000, 0x0000000100000000)
  region size 1024K, 9 young (9216K), 9 survivors (9216K)
 Metaspace       used 90884K, capacity 93419K, committed 93604K, reserved 1130496K
  class space    used 11644K, capacity 12519K, committed 12620K, reserved 1048576K
}
Event: 11.816 GC heap before
{Heap before GC invocations=20 (full 0):
 garbage-first heap   total 312320K, used 244348K [0x0000000080000000, 0x0000000100000000)
  region size 1024K, 86 young (88064K), 9 survivors (9216K)
 Metaspace       used 95372K, capacity 97998K, committed 98212K, reserved 1134592K
  class space    used 12166K, capacity 13103K, committed 13132K, reserved 1048576K
}
Event: 11.834 GC heap after
{Heap after GC invocations=21 (full 0):
 garbage-first heap   total 312320K, used 173742K [0x0000000080000000, 0x0000000100000000)
  region size 1024K, 11 young (11264K), 11 survivors (11264K)
 Metaspace       used 95372K, capacity 97998K, committed 98212K, reserved 1134592K
  class space    used 12166K, capacity 13103K, committed 13132K, reserved 1048576K
}
Event: 12.694 GC heap before
{Heap before GC invocations=22 (full 0):
 garbage-first heap   total 312320K, used 248494K [0x0000000080000000, 0x0000000100000000)
  region size 1024K, 85 young (87040K), 11 survivors (11264K)
 Metaspace       used 97456K, capacity 100236K, committed 100516K, reserved 1136640K
  class space    used 12350K, capacity 13312K, committed 13388K, reserved 1048576K
}
Event: 12.714 GC heap after
{Heap after GC invocations=23 (full 0):
 garbage-first heap   total 312320K, used 178930K [0x0000000080000000, 0x0000000100000000)
  region size 1024K, 7 young (7168K), 7 survivors (7168K)
 Metaspace       used 97456K, capacity 100236K, committed 100516K, reserved 1136640K
  class space    used 12350K, capacity 13312K, committed 13388K, reserved 1048576K
}
Event: 13.259 GC heap before
{Heap before GC invocations=23 (full 0):
 garbage-first heap   total 312320K, used 251634K [0x0000000080000000, 0x0000000100000000)
  region size 1024K, 79 young (80896K), 7 survivors (7168K)
 Metaspace       used 102450K, capacity 105298K, committed 105636K, reserved 1140736K
  class space    used 12858K, capacity 13815K, committed 13900K, reserved 1048576K
}
Event: 13.268 GC heap after
{Heap after GC invocations=24 (full 0):
 garbage-first heap   total 312320K, used 181941K [0x0000000080000000, 0x0000000100000000)
  region size 1024K, 3 young (3072K), 3 survivors (3072K)
 Metaspace       used 102450K, capacity 105298K, committed 105636K, reserved 1140736K
  class space    used 12858K, capacity 13815K, committed 13900K, reserved 1048576K
}
Event: 25.771 GC heap before
{Heap before GC invocations=25 (full 0):
 garbage-first heap   total 312320K, used 257717K [0x0000000080000000, 0x0000000100000000)
  region size 1024K, 77 young (78848K), 3 survivors (3072K)
 Metaspace       used 104969K, capacity 108115K, committed 108196K, reserved 1142784K
  class space    used 13111K, capacity 14117K, committed 14156K, reserved 1048576K
}
Event: 25.782 GC heap after
{Heap after GC invocations=26 (full 0):
 garbage-first heap   total 312320K, used 185669K [0x0000000080000000, 0x0000000100000000)
  region size 1024K, 7 young (7168K), 7 survivors (7168K)
 Metaspace       used 104969K, capacity 108115K, committed 108196K, reserved 1142784K
  class space    used 13111K, capacity 14117K, committed 14156K, reserved 1048576K
}
Event: 31.330 GC heap before
{Heap before GC invocations=26 (full 0):
 garbage-first heap   total 312320K, used 260421K [0x0000000080000000, 0x0000000100000000)
  region size 1024K, 80 young (81920K), 7 survivors (7168K)
 Metaspace       used 106495K, capacity 109606K, committed 109732K, reserved 1144832K
  class space    used 13272K, capacity 14301K, committed 14412K, reserved 1048576K
}
Event: 31.369 GC heap after
{Heap after GC invocations=27 (full 0):
 garbage-first heap   total 312320K, used 194640K [0x0000000080000000, 0x0000000100000000)
  region size 1024K, 10 young (10240K), 10 survivors (10240K)
 Metaspace       used 106495K, capacity 109606K, committed 109732K, reserved 1144832K
  class space    used 13272K, capacity 14301K, committed 14412K, reserved 1048576K
}

