# JRE version: OpenJDK Runtime Environment (11.0.15) (build 11.0.15+0-b2043.56-9505619)
# Java VM: OpenJDK 64-Bit Server VM (11.0.15+0-b2043.56-9505619, mixed mode, tiered, compressed oops, g1 gc, windows-amd64)
Heap:
 garbage-first heap   total 321536K, used 253639K [0x0000000080000000, 0x0000000100000000)
  region size 1024K, 69 young (70656K), 8 survivors (8192K)
 Metaspace       used 111460K, capacity 114518K, committed 114724K, reserved 1148928K
  class space    used 13939K, capacity 14998K, committed 15052K, reserved 1048576K
GC Heap History (20 events):
Event: 7.874 GC heap before
{Heap before GC invocations=11 (full 0):
 garbage-first heap   total 260096K, used 111318K [0x0000000080000000, 0x0000000100000000)
  region size 1024K, 41 young (41984K), 17 survivors (17408K)
 Metaspace       used 58149K, capacity 59784K, committed 59940K, reserved 1101824K
  class space    used 7418K, capacity 8039K, committed 8140K, reserved 1048576K
}
Event: 7.893 GC heap after
{Heap after GC invocations=12 (full 0):
 garbage-first heap   total 260096K, used 89794K [0x0000000080000000, 0x0000000100000000)
  region size 1024K, 10 young (10240K), 10 survivors (10240K)
 Metaspace       used 58149K, capacity 59784K, committed 59940K, reserved 1101824K
  class space    used 7418K, capacity 8039K, committed 8140K, reserved 1048576K
}
Event: 8.820 GC heap before
{Heap before GC invocations=13 (full 0):
 garbage-first heap   total 260096K, used 182978K [0x0000000080000000, 0x0000000100000000)
  region size 1024K, 97 young (99328K), 10 survivors (10240K)
 Metaspace       used 68010K, capacity 69895K, committed 70180K, reserved 1110016K
  class space    used 8631K, capacity 9337K, committed 9420K, reserved 1048576K
}
Event: 8.837 GC heap after
{Heap after GC invocations=14 (full 0):
 garbage-first heap   total 321536K, used 102538K [0x0000000080000000, 0x0000000100000000)
  region size 1024K, 11 young (11264K), 11 survivors (11264K)
 Metaspace       used 68010K, capacity 69895K, committed 70180K, reserved 1110016K
  class space    used 8631K, capacity 9337K, committed 9420K, reserved 1048576K
}
Event: 9.843 GC heap before
{Heap before GC invocations=14 (full 0):
 garbage-first heap   total 321536K, used 225418K [0x0000000080000000, 0x0000000100000000)
  region size 1024K, 123 young (125952K), 11 survivors (11264K)
 Metaspace       used 74479K, capacity 76535K, committed 76708K, reserved 1116160K
  class space    used 9479K, capacity 10232K, committed 10316K, reserved 1048576K
}
Event: 9.862 GC heap after
{Heap after GC invocations=15 (full 0):
 garbage-first heap   total 321536K, used 111273K [0x0000000080000000, 0x0000000100000000)
  region size 1024K, 16 young (16384K), 16 survivors (16384K)
 Metaspace       used 74479K, capacity 76535K, committed 76708K, reserved 1116160K
  class space    used 9479K, capacity 10232K, committed 10316K, reserved 1048576K
}
Event: 11.790 GC heap before
{Heap before GC invocations=15 (full 0):
 garbage-first heap   total 321536K, used 265897K [0x0000000080000000, 0x0000000100000000)
  region size 1024K, 129 young (132096K), 16 survivors (16384K)
 Metaspace       used 85242K, capacity 87521K, committed 87716K, reserved 1126400K
  class space    used 10985K, capacity 11771K, committed 11852K, reserved 1048576K
}
Event: 11.809 GC heap after
{Heap after GC invocations=16 (full 0):
 garbage-first heap   total 321536K, used 164549K [0x0000000080000000, 0x0000000100000000)
  region size 1024K, 17 young (17408K), 17 survivors (17408K)
 Metaspace       used 85242K, capacity 87521K, committed 87716K, reserved 1126400K
  class space    used 10985K, capacity 11771K, committed 11852K, reserved 1048576K
}
Event: 12.456 GC heap before
{Heap before GC invocations=16 (full 0):
 garbage-first heap   total 321536K, used 250565K [0x0000000080000000, 0x0000000100000000)
  region size 1024K, 102 young (104448K), 17 survivors (17408K)
 Metaspace       used 87955K, capacity 90376K, committed 90660K, reserved 1128448K
  class space    used 11315K, capacity 12204K, committed 12236K, reserved 1048576K
}
Event: 12.473 GC heap after
{Heap after GC invocations=17 (full 0):
 garbage-first heap   total 321536K, used 168817K [0x0000000080000000, 0x0000000100000000)
  region size 1024K, 4 young (4096K), 4 survivors (4096K)
 Metaspace       used 87955K, capacity 90376K, committed 90660K, reserved 1128448K
  class space    used 11315K, capacity 12204K, committed 12236K, reserved 1048576K
}
Event: 12.830 GC heap before
{Heap before GC invocations=18 (full 0):
 garbage-first heap   total 321536K, used 199537K [0x0000000080000000, 0x0000000100000000)
  region size 1024K, 36 young (36864K), 4 survivors (4096K)
 Metaspace       used 89422K, capacity 91859K, committed 92196K, reserved 1128448K
  class space    used 11503K, capacity 12398K, committed 12492K, reserved 1048576K
}
Event: 12.840 GC heap after
{Heap after GC invocations=19 (full 0):
 garbage-first heap   total 321536K, used 170353K [0x0000000080000000, 0x0000000100000000)
  region size 1024K, 5 young (5120K), 5 survivors (5120K)
 Metaspace       used 89422K, capacity 91859K, committed 92196K, reserved 1128448K
  class space    used 11503K, capacity 12398K, committed 12492K, reserved 1048576K
}
Event: 13.631 GC heap before
{Heap before GC invocations=20 (full 0):
 garbage-first heap   total 321536K, used 253297K [0x0000000080000000, 0x0000000100000000)
  region size 1024K, 85 young (87040K), 5 survivors (5120K)
 Metaspace       used 97297K, capacity 99915K, committed 100132K, reserved 1136640K
  class space    used 12490K, capacity 13404K, committed 13516K, reserved 1048576K
}
Event: 13.640 GC heap after
{Heap after GC invocations=21 (full 0):
 garbage-first heap   total 321536K, used 172113K [0x0000000080000000, 0x0000000100000000)
  region size 1024K, 7 young (7168K), 7 survivors (7168K)
 Metaspace       used 97297K, capacity 99915K, committed 100132K, reserved 1136640K
  class space    used 12490K, capacity 13404K, committed 13516K, reserved 1048576K
}
Event: 15.400 GC heap before
{Heap before GC invocations=21 (full 0):
 garbage-first heap   total 321536K, used 255057K [0x0000000080000000, 0x0000000100000000)
  region size 1024K, 89 young (91136K), 7 survivors (7168K)
 Metaspace       used 102202K, capacity 104977K, committed 104996K, reserved 1140736K
  class space    used 13064K, capacity 14020K, committed 14028K, reserved 1048576K
}
Event: 15.415 GC heap after
{Heap after GC invocations=22 (full 0):
 garbage-first heap   total 321536K, used 179619K [0x0000000080000000, 0x0000000100000000)
  region size 1024K, 12 young (12288K), 12 survivors (12288K)
 Metaspace       used 102202K, capacity 104977K, committed 104996K, reserved 1140736K
  class space    used 13064K, capacity 14020K, committed 14028K, reserved 1048576K
}
Event: 16.620 GC heap before
{Heap before GC invocations=23 (full 0):
 garbage-first heap   total 321536K, used 258467K [0x0000000080000000, 0x0000000100000000)
  region size 1024K, 90 young (92160K), 12 survivors (12288K)
 Metaspace       used 104029K, capacity 106825K, committed 107044K, reserved 1142784K
  class space    used 13206K, capacity 14219K, committed 14284K, reserved 1048576K
}
Event: 16.644 GC heap after
{Heap after GC invocations=24 (full 0):
 garbage-first heap   total 321536K, used 184847K [0x0000000080000000, 0x0000000100000000)
  region size 1024K, 7 young (7168K), 7 survivors (7168K)
 Metaspace       used 104029K, capacity 106825K, committed 107044K, reserved 1142784K
  class space    used 13206K, capacity 14219K, committed 14284K, reserved 1048576K
}
Event: 40.458 GC heap before
{Heap before GC invocations=24 (full 0):
 garbage-first heap   total 321536K, used 262671K [0x0000000080000000, 0x0000000100000000)
  region size 1024K, 84 young (86016K), 7 survivors (7168K)
 Metaspace       used 110165K, capacity 113137K, committed 113316K, reserved 1148928K
  class space    used 13758K, capacity 14811K, committed 14924K, reserved 1048576K
}
Event: 40.477 GC heap after
{Heap after GC invocations=25 (full 0):
 garbage-first heap   total 321536K, used 192199K [0x0000000080000000, 0x0000000100000000)
  region size 1024K, 8 young (8192K), 8 survivors (8192K)
 Metaspace       used 110165K, capacity 113137K, committed 113316K, reserved 1148928K
  class space    used 13758K, capacity 14811K, committed 14924K, reserved 1048576K
}

