# JRE version: OpenJDK Runtime Environment (11.0.15) (build 11.0.15+0-b2043.56-9505619)
# Java VM: OpenJDK 64-Bit Server VM (11.0.15+0-b2043.56-9505619, mixed mode, tiered, compressed oops, g1 gc, windows-amd64)
Heap:
 garbage-first heap   total 312320K, used 168250K [0x0000000080000000, 0x0000000100000000)
  region size 1024K, 112 young (114688K), 16 survivors (16384K)
 Metaspace       used 89969K, capacity 92264K, committed 92456K, reserved 1130496K
  class space    used 11396K, capacity 12184K, committed 12236K, reserved 1048576K
GC Heap History (20 events):
Event: 1.204 GC heap before
{Heap before GC invocations=2 (full 0):
 garbage-first heap   total 260096K, used 39145K [0x0000000080000000, 0x0000000100000000)
  region size 1024K, 31 young (31744K), 2 survivors (2048K)
 Metaspace       used 10931K, capacity 11137K, committed 11264K, reserved 1058816K
  class space    used 1114K, capacity 1207K, committed 1280K, reserved 1048576K
}
Event: 1.207 GC heap after
{Heap after GC invocations=3 (full 0):
 garbage-first heap   total 260096K, used 13246K [0x0000000080000000, 0x0000000100000000)
  region size 1024K, 4 young (4096K), 4 survivors (4096K)
 Metaspace       used 10931K, capacity 11137K, committed 11264K, reserved 1058816K
  class space    used 1114K, capacity 1207K, committed 1280K, reserved 1048576K
}
Event: 1.879 GC heap before
{Heap before GC invocations=3 (full 0):
 garbage-first heap   total 260096K, used 56254K [0x0000000080000000, 0x0000000100000000)
  region size 1024K, 46 young (47104K), 4 survivors (4096K)
 Metaspace       used 18359K, capacity 18731K, committed 19072K, reserved 1067008K
  class space    used 2161K, capacity 2315K, committed 2432K, reserved 1048576K
}
Event: 1.884 GC heap after
{Heap after GC invocations=4 (full 0):
 garbage-first heap   total 260096K, used 16378K [0x0000000080000000, 0x0000000100000000)
  region size 1024K, 6 young (6144K), 6 survivors (6144K)
 Metaspace       used 18359K, capacity 18731K, committed 19072K, reserved 1067008K
  class space    used 2161K, capacity 2315K, committed 2432K, reserved 1048576K
}
Event: 2.032 GC heap before
{Heap before GC invocations=4 (full 0):
 garbage-first heap   total 260096K, used 38906K [0x0000000080000000, 0x0000000100000000)
  region size 1024K, 29 young (29696K), 6 survivors (6144K)
 Metaspace       used 20772K, capacity 21187K, committed 21296K, reserved 1069056K
  class space    used 2521K, capacity 2685K, committed 2688K, reserved 1048576K
}
Event: 2.036 GC heap after
{Heap after GC invocations=5 (full 0):
 garbage-first heap   total 260096K, used 17081K [0x0000000080000000, 0x0000000100000000)
  region size 1024K, 4 young (4096K), 4 survivors (4096K)
 Metaspace       used 20772K, capacity 21187K, committed 21296K, reserved 1069056K
  class space    used 2521K, capacity 2685K, committed 2688K, reserved 1048576K
}
Event: 2.569 GC heap before
{Heap before GC invocations=6 (full 0):
 garbage-first heap   total 260096K, used 79545K [0x0000000080000000, 0x0000000100000000)
  region size 1024K, 66 young (67584K), 4 survivors (4096K)
 Metaspace       used 27302K, capacity 27905K, committed 28028K, reserved 1073152K
  class space    used 3556K, capacity 3768K, committed 3788K, reserved 1048576K
}
Event: 2.577 GC heap after
{Heap after GC invocations=7 (full 0):
 garbage-first heap   total 260096K, used 19265K [0x0000000080000000, 0x0000000100000000)
  region size 1024K, 6 young (6144K), 6 survivors (6144K)
 Metaspace       used 27302K, capacity 27905K, committed 28028K, reserved 1073152K
  class space    used 3556K, capacity 3768K, committed 3788K, reserved 1048576K
}
Event: 3.224 GC heap before
{Heap before GC invocations=7 (full 0):
 garbage-first heap   total 260096K, used 77633K [0x0000000080000000, 0x0000000100000000)
  region size 1024K, 64 young (65536K), 6 survivors (6144K)
 Metaspace       used 35061K, capacity 35953K, committed 36048K, reserved 1081344K
  class space    used 4567K, capacity 4921K, committed 4940K, reserved 1048576K
}
Event: 3.232 GC heap after
{Heap after GC invocations=8 (full 0):
 garbage-first heap   total 260096K, used 22623K [0x0000000080000000, 0x0000000100000000)
  region size 1024K, 10 young (10240K), 10 survivors (10240K)
 Metaspace       used 35061K, capacity 35953K, committed 36048K, reserved 1081344K
  class space    used 4567K, capacity 4921K, committed 4940K, reserved 1048576K
}
Event: 4.167 GC heap before
{Heap before GC invocations=9 (full 0):
 garbage-first heap   total 260096K, used 126047K [0x0000000080000000, 0x0000000100000000)
  region size 1024K, 109 young (111616K), 10 survivors (10240K)
 Metaspace       used 43670K, capacity 44862K, committed 45136K, reserved 1089536K
  class space    used 5605K, capacity 6002K, committed 6092K, reserved 1048576K
}
Event: 4.184 GC heap after
{Heap after GC invocations=10 (full 0):
 garbage-first heap   total 260096K, used 31192K [0x0000000080000000, 0x0000000100000000)
  region size 1024K, 14 young (14336K), 14 survivors (14336K)
 Metaspace       used 43670K, capacity 44862K, committed 45136K, reserved 1089536K
  class space    used 5605K, capacity 6002K, committed 6092K, reserved 1048576K
}
Event: 5.600 GC heap before
{Heap before GC invocations=11 (full 0):
 garbage-first heap   total 260096K, used 177624K [0x0000000080000000, 0x0000000100000000)
  region size 1024K, 152 young (155648K), 14 survivors (14336K)
 Metaspace       used 54462K, capacity 55990K, committed 56144K, reserved 1097728K
  class space    used 6952K, capacity 7522K, committed 7628K, reserved 1048576K
}
Event: 5.618 GC heap after
{Heap after GC invocations=12 (full 0):
 garbage-first heap   total 260096K, used 46240K [0x0000000080000000, 0x0000000100000000)
  region size 1024K, 19 young (19456K), 19 survivors (19456K)
 Metaspace       used 54462K, capacity 55990K, committed 56144K, reserved 1097728K
  class space    used 6952K, capacity 7522K, committed 7628K, reserved 1048576K
}
Event: 7.227 GC heap before
{Heap before GC invocations=12 (full 0):
 garbage-first heap   total 260096K, used 189600K [0x0000000080000000, 0x0000000100000000)
  region size 1024K, 152 young (155648K), 19 survivors (19456K)
 Metaspace       used 67408K, capacity 69062K, committed 69200K, reserved 1110016K
  class space    used 8503K, capacity 9100K, committed 9164K, reserved 1048576K
}
Event: 7.247 GC heap after
{Heap after GC invocations=13 (full 0):
 garbage-first heap   total 312320K, used 55296K [0x0000000080000000, 0x0000000100000000)
  region size 1024K, 10 young (10240K), 10 survivors (10240K)
 Metaspace       used 67408K, capacity 69062K, committed 69200K, reserved 1110016K
  class space    used 8503K, capacity 9100K, committed 9164K, reserved 1048576K
}
Event: 7.921 GC heap before
{Heap before GC invocations=13 (full 0):
 garbage-first heap   total 312320K, used 131072K [0x0000000080000000, 0x0000000100000000)
  region size 1024K, 85 young (87040K), 10 survivors (10240K)
 Metaspace       used 73371K, capacity 75147K, committed 75216K, reserved 1114112K
  class space    used 9440K, capacity 10050K, committed 10060K, reserved 1048576K
}
Event: 7.933 GC heap after
{Heap after GC invocations=14 (full 0):
 garbage-first heap   total 312320K, used 59904K [0x0000000080000000, 0x0000000100000000)
  region size 1024K, 15 young (15360K), 15 survivors (15360K)
 Metaspace       used 73371K, capacity 75147K, committed 75216K, reserved 1114112K
  class space    used 9440K, capacity 10050K, committed 10060K, reserved 1048576K
}
Event: 22.349 GC heap before
{Heap before GC invocations=15 (full 0):
 garbage-first heap   total 312320K, used 205312K [0x0000000080000000, 0x0000000100000000)
  region size 1024K, 158 young (161792K), 15 survivors (15360K)
 Metaspace       used 85045K, capacity 87286K, committed 87464K, reserved 1126400K
  class space    used 10748K, capacity 11509K, committed 11596K, reserved 1048576K
}
Event: 22.383 GC heap after
{Heap after GC invocations=16 (full 0):
 garbage-first heap   total 312320K, used 70970K [0x0000000080000000, 0x0000000100000000)
  region size 1024K, 16 young (16384K), 16 survivors (16384K)
 Metaspace       used 85045K, capacity 87286K, committed 87464K, reserved 1126400K
  class space    used 10748K, capacity 11509K, committed 11596K, reserved 1048576K
}

