# JRE version: OpenJDK Runtime Environment (11.0.15) (build 11.0.15+0-b2043.56-9505619)
# Java VM: OpenJDK 64-Bit Server VM (11.0.15+0-b2043.56-9505619, mixed mode, tiered, compressed oops, g1 gc, windows-amd64)
Heap:
 garbage-first heap   total 312320K, used 127476K [0x0000000080000000, 0x0000000100000000)
  region size 1024K, 71 young (72704K), 18 survivors (18432K)
 Metaspace       used 90589K, capacity 92882K, committed 93076K, reserved 1130496K
  class space    used 11467K, capacity 12276K, committed 12408K, reserved 1048576K
GC Heap History (20 events):
Event: 2.236 GC heap before
{Heap before GC invocations=2 (full 0):
 garbage-first heap   total 260096K, used 19120K [0x0000000080000000, 0x0000000100000000)
  region size 1024K, 12 young (12288K), 8 survivors (8192K)
 Metaspace       used 14351K, capacity 14713K, committed 14848K, reserved 1062912K
  class space    used 1580K, capacity 1718K, committed 1792K, reserved 1048576K
}
Event: 2.240 GC heap after
{Heap after GC invocations=3 (full 0):
 garbage-first heap   total 260096K, used 15995K [0x0000000080000000, 0x0000000100000000)
  region size 1024K, 1 young (1024K), 1 survivors (1024K)
 Metaspace       used 14351K, capacity 14713K, committed 14848K, reserved 1062912K
  class space    used 1580K, capacity 1718K, committed 1792K, reserved 1048576K
}
Event: 2.975 GC heap before
{Heap before GC invocations=3 (full 0):
 garbage-first heap   total 260096K, used 45691K [0x0000000080000000, 0x0000000100000000)
  region size 1024K, 30 young (30720K), 1 survivors (1024K)
 Metaspace       used 19857K, capacity 20205K, committed 20480K, reserved 1067008K
  class space    used 2352K, capacity 2487K, committed 2560K, reserved 1048576K
}
Event: 2.980 GC heap after
{Heap after GC invocations=4 (full 0):
 garbage-first heap   total 260096K, used 17417K [0x0000000080000000, 0x0000000100000000)
  region size 1024K, 2 young (2048K), 2 survivors (2048K)
 Metaspace       used 19857K, capacity 20205K, committed 20480K, reserved 1067008K
  class space    used 2352K, capacity 2487K, committed 2560K, reserved 1048576K
}
Event: 3.104 GC heap before
{Heap before GC invocations=4 (full 0):
 garbage-first heap   total 260096K, used 30729K [0x0000000080000000, 0x0000000100000000)
  region size 1024K, 16 young (16384K), 2 survivors (2048K)
 Metaspace       used 20794K, capacity 21187K, committed 21296K, reserved 1069056K
  class space    used 2521K, capacity 2685K, committed 2688K, reserved 1048576K
}
Event: 3.109 GC heap after
{Heap after GC invocations=5 (full 0):
 garbage-first heap   total 260096K, used 17896K [0x0000000080000000, 0x0000000100000000)
  region size 1024K, 3 young (3072K), 3 survivors (3072K)
 Metaspace       used 20794K, capacity 21187K, committed 21296K, reserved 1069056K
  class space    used 2521K, capacity 2685K, committed 2688K, reserved 1048576K
}
Event: 3.912 GC heap before
{Heap before GC invocations=6 (full 0):
 garbage-first heap   total 260096K, used 74216K [0x0000000080000000, 0x0000000100000000)
  region size 1024K, 58 young (59392K), 3 survivors (3072K)
 Metaspace       used 26874K, capacity 27547K, committed 27772K, reserved 1073152K
  class space    used 3486K, capacity 3734K, committed 3788K, reserved 1048576K
}
Event: 3.921 GC heap after
{Heap after GC invocations=7 (full 0):
 garbage-first heap   total 260096K, used 19925K [0x0000000080000000, 0x0000000100000000)
  region size 1024K, 5 young (5120K), 5 survivors (5120K)
 Metaspace       used 26874K, capacity 27547K, committed 27772K, reserved 1073152K
  class space    used 3486K, capacity 3734K, committed 3788K, reserved 1048576K
}
Event: 5.146 GC heap before
{Heap before GC invocations=7 (full 0):
 garbage-first heap   total 260096K, used 86485K [0x0000000080000000, 0x0000000100000000)
  region size 1024K, 71 young (72704K), 5 survivors (5120K)
 Metaspace       used 35087K, capacity 35954K, committed 36048K, reserved 1081344K
  class space    used 4567K, capacity 4921K, committed 4940K, reserved 1048576K
}
Event: 5.162 GC heap after
{Heap after GC invocations=8 (full 0):
 garbage-first heap   total 260096K, used 23177K [0x0000000080000000, 0x0000000100000000)
  region size 1024K, 8 young (8192K), 8 survivors (8192K)
 Metaspace       used 35087K, capacity 35954K, committed 36048K, reserved 1081344K
  class space    used 4567K, capacity 4921K, committed 4940K, reserved 1048576K
}
Event: 6.802 GC heap before
{Heap before GC invocations=9 (full 0):
 garbage-first heap   total 260096K, used 159369K [0x0000000080000000, 0x0000000100000000)
  region size 1024K, 138 young (141312K), 8 survivors (8192K)
 Metaspace       used 46465K, capacity 47669K, committed 47772K, reserved 1091584K
  class space    used 5926K, capacity 6338K, committed 6424K, reserved 1048576K
}
Event: 6.822 GC heap after
{Heap after GC invocations=10 (full 0):
 garbage-first heap   total 260096K, used 31787K [0x0000000080000000, 0x0000000100000000)
  region size 1024K, 16 young (16384K), 16 survivors (16384K)
 Metaspace       used 46465K, capacity 47669K, committed 47772K, reserved 1091584K
  class space    used 5926K, capacity 6338K, committed 6424K, reserved 1048576K
}
Event: 8.440 GC heap before
{Heap before GC invocations=11 (full 0):
 garbage-first heap   total 260096K, used 172075K [0x0000000080000000, 0x0000000100000000)
  region size 1024K, 149 young (152576K), 16 survivors (16384K)
 Metaspace       used 58882K, capacity 60471K, committed 60572K, reserved 1101824K
  class space    used 7396K, capacity 7943K, committed 7960K, reserved 1048576K
}
Event: 8.467 GC heap after
{Heap after GC invocations=12 (full 0):
 garbage-first heap   total 260096K, used 46738K [0x0000000080000000, 0x0000000100000000)
  region size 1024K, 19 young (19456K), 19 survivors (19456K)
 Metaspace       used 58882K, capacity 60471K, committed 60572K, reserved 1101824K
  class space    used 7396K, capacity 7943K, committed 7960K, reserved 1048576K
}
Event: 9.870 GC heap before
{Heap before GC invocations=12 (full 0):
 garbage-first heap   total 260096K, used 187026K [0x0000000080000000, 0x0000000100000000)
  region size 1024K, 148 young (151552K), 19 survivors (19456K)
 Metaspace       used 67428K, capacity 69160K, committed 69276K, reserved 1110016K
  class space    used 8510K, capacity 9134K, committed 9240K, reserved 1048576K
}
Event: 9.896 GC heap after
{Heap after GC invocations=13 (full 0):
 garbage-first heap   total 312320K, used 57607K [0x0000000080000000, 0x0000000100000000)
  region size 1024K, 11 young (11264K), 11 survivors (11264K)
 Metaspace       used 67428K, capacity 69160K, committed 69276K, reserved 1110016K
  class space    used 8510K, capacity 9134K, committed 9240K, reserved 1048576K
}
Event: 11.457 GC heap before
{Heap before GC invocations=13 (full 0):
 garbage-first heap   total 312320K, used 152839K [0x0000000080000000, 0x0000000100000000)
  region size 1024K, 106 young (108544K), 11 survivors (11264K)
 Metaspace       used 77871K, capacity 79887K, committed 80028K, reserved 1118208K
  class space    used 9998K, capacity 10689K, committed 10776K, reserved 1048576K
}
Event: 11.473 GC heap after
{Heap after GC invocations=14 (full 0):
 garbage-first heap   total 312320K, used 65287K [0x0000000080000000, 0x0000000100000000)
  region size 1024K, 19 young (19456K), 19 survivors (19456K)
 Metaspace       used 77871K, capacity 79887K, committed 80028K, reserved 1118208K
  class space    used 9998K, capacity 10689K, committed 10776K, reserved 1048576K
}
Event: 36.646 GC heap before
{Heap before GC invocations=15 (full 0):
 garbage-first heap   total 312320K, used 217863K [0x0000000080000000, 0x0000000100000000)
  region size 1024K, 168 young (172032K), 19 survivors (19456K)
 Metaspace       used 89471K, capacity 91761K, committed 92052K, reserved 1130496K
  class space    used 11287K, capacity 12042K, committed 12152K, reserved 1048576K
}
Event: 36.692 GC heap after
{Heap after GC invocations=16 (full 0):
 garbage-first heap   total 312320K, used 75252K [0x0000000080000000, 0x0000000100000000)
  region size 1024K, 18 young (18432K), 18 survivors (18432K)
 Metaspace       used 89471K, capacity 91761K, committed 92052K, reserved 1130496K
  class space    used 11287K, capacity 12042K, committed 12152K, reserved 1048576K
}

