# JRE version: OpenJDK Runtime Environment (11.0.15) (build 11.0.15+0-b2043.56-9505619)
# Java VM: OpenJDK 64-Bit Server VM (11.0.15+0-b2043.56-9505619, mixed mode, tiered, compressed oops, g1 gc, windows-amd64)
Heap:
 garbage-first heap   total 260096K, used 94819K [0x0000000080000000, 0x0000000100000000)
  region size 1024K, 41 young (41984K), 19 survivors (19456K)
 Metaspace       used 85791K, capacity 88091K, committed 88296K, reserved 1126400K
  class space    used 11108K, capacity 11885K, committed 11904K, reserved 1048576K
GC Heap History (18 events):
Event: 1.956 GC heap before
{Heap before GC invocations=0 (full 0):
 garbage-first heap   total 260096K, used 16384K [0x0000000080000000, 0x0000000100000000)
  region size 1024K, 14 young (14336K), 0 survivors (0K)
 Metaspace       used 6747K, capacity 6989K, committed 7168K, reserved 1056768K
  class space    used 571K, capacity 650K, committed 768K, reserved 1048576K
}
Event: 2.034 GC heap after
{Heap after GC invocations=1 (full 0):
 garbage-first heap   total 260096K, used 4039K [0x0000000080000000, 0x0000000100000000)
  region size 1024K, 2 young (2048K), 2 survivors (2048K)
 Metaspace       used 6747K, capacity 6989K, committed 7168K, reserved 1056768K
  class space    used 571K, capacity 650K, committed 768K, reserved 1048576K
}
Event: 4.758 GC heap before
{Heap before GC invocations=1 (full 0):
 garbage-first heap   total 260096K, used 115655K [0x0000000080000000, 0x0000000100000000)
  region size 1024K, 108 young (110592K), 2 survivors (2048K)
 Metaspace       used 20884K, capacity 21213K, committed 21296K, reserved 1069056K
  class space    used 2509K, capacity 2651K, committed 2688K, reserved 1048576K
}
Event: 4.766 GC heap after
{Heap after GC invocations=2 (full 0):
 garbage-first heap   total 260096K, used 17549K [0x0000000080000000, 0x0000000100000000)
  region size 1024K, 13 young (13312K), 13 survivors (13312K)
 Metaspace       used 20884K, capacity 21213K, committed 21296K, reserved 1069056K
  class space    used 2509K, capacity 2651K, committed 2688K, reserved 1048576K
}
Event: 5.038 GC heap before
{Heap before GC invocations=3 (full 0):
 garbage-first heap   total 260096K, used 46221K [0x0000000080000000, 0x0000000100000000)
  region size 1024K, 42 young (43008K), 13 survivors (13312K)
 Metaspace       used 23993K, capacity 24515K, committed 24752K, reserved 1071104K
  class space    used 3006K, capacity 3226K, committed 3328K, reserved 1048576K
}
Event: 5.045 GC heap after
{Heap after GC invocations=4 (full 0):
 garbage-first heap   total 260096K, used 18108K [0x0000000080000000, 0x0000000100000000)
  region size 1024K, 2 young (2048K), 2 survivors (2048K)
 Metaspace       used 23993K, capacity 24515K, committed 24752K, reserved 1071104K
  class space    used 3006K, capacity 3226K, committed 3328K, reserved 1048576K
}
Event: 6.256 GC heap before
{Heap before GC invocations=4 (full 0):
 garbage-first heap   total 260096K, used 110268K [0x0000000080000000, 0x0000000100000000)
  region size 1024K, 93 young (95232K), 2 survivors (2048K)
 Metaspace       used 34958K, capacity 35761K, committed 35888K, reserved 1081344K
  class space    used 4555K, capacity 4921K, committed 4992K, reserved 1048576K
}
Event: 6.266 GC heap after
{Heap after GC invocations=5 (full 0):
 garbage-first heap   total 260096K, used 21996K [0x0000000080000000, 0x0000000100000000)
  region size 1024K, 6 young (6144K), 6 survivors (6144K)
 Metaspace       used 34958K, capacity 35761K, committed 35888K, reserved 1081344K
  class space    used 4555K, capacity 4921K, committed 4992K, reserved 1048576K
}
Event: 7.374 GC heap before
{Heap before GC invocations=6 (full 0):
 garbage-first heap   total 260096K, used 137708K [0x0000000080000000, 0x0000000100000000)
  region size 1024K, 116 young (118784K), 6 survivors (6144K)
 Metaspace       used 45099K, capacity 46320K, committed 46440K, reserved 1089536K
  class space    used 5705K, capacity 6122K, committed 6144K, reserved 1048576K
}
Event: 7.393 GC heap after
{Heap after GC invocations=7 (full 0):
 garbage-first heap   total 260096K, used 30290K [0x0000000080000000, 0x0000000100000000)
  region size 1024K, 14 young (14336K), 14 survivors (14336K)
 Metaspace       used 45099K, capacity 46320K, committed 46440K, reserved 1089536K
  class space    used 5705K, capacity 6122K, committed 6144K, reserved 1048576K
}
Event: 9.054 GC heap before
{Heap before GC invocations=8 (full 0):
 garbage-first heap   total 260096K, used 162386K [0x0000000080000000, 0x0000000100000000)
  region size 1024K, 139 young (142336K), 14 survivors (14336K)
 Metaspace       used 54689K, capacity 56256K, committed 56296K, reserved 1097728K
  class space    used 6958K, capacity 7525K, committed 7552K, reserved 1048576K
}
Event: 9.073 GC heap after
{Heap after GC invocations=9 (full 0):
 garbage-first heap   total 260096K, used 44221K [0x0000000080000000, 0x0000000100000000)
  region size 1024K, 18 young (18432K), 18 survivors (18432K)
 Metaspace       used 54689K, capacity 56256K, committed 56296K, reserved 1097728K
  class space    used 6958K, capacity 7525K, committed 7552K, reserved 1048576K
}
Event: 10.800 GC heap before
{Heap before GC invocations=9 (full 0):
 garbage-first heap   total 260096K, used 189629K [0x0000000080000000, 0x0000000100000000)
  region size 1024K, 152 young (155648K), 18 survivors (18432K)
 Metaspace       used 67408K, capacity 69064K, committed 69224K, reserved 1110016K
  class space    used 8504K, capacity 9102K, committed 9216K, reserved 1048576K
}
Event: 10.820 GC heap after
{Heap after GC invocations=10 (full 0):
 garbage-first heap   total 260096K, used 54190K [0x0000000080000000, 0x0000000100000000)
  region size 1024K, 10 young (10240K), 10 survivors (10240K)
 Metaspace       used 67408K, capacity 69064K, committed 69224K, reserved 1110016K
  class space    used 8504K, capacity 9102K, committed 9216K, reserved 1048576K
}
Event: 11.879 GC heap before
{Heap before GC invocations=10 (full 0):
 garbage-first heap   total 260096K, used 161710K [0x0000000080000000, 0x0000000100000000)
  region size 1024K, 116 young (118784K), 10 survivors (10240K)
 Metaspace       used 76012K, capacity 77893K, committed 77928K, reserved 1116160K
  class space    used 9815K, capacity 10480K, committed 10496K, reserved 1048576K
}
Event: 11.902 GC heap after
{Heap after GC invocations=11 (full 0):
 garbage-first heap   total 260096K, used 60846K [0x0000000080000000, 0x0000000100000000)
  region size 1024K, 17 young (17408K), 17 survivors (17408K)
 Metaspace       used 76012K, capacity 77893K, committed 77928K, reserved 1116160K
  class space    used 9815K, capacity 10480K, committed 10496K, reserved 1048576K
}
Event: 13.437 GC heap before
{Heap before GC invocations=12 (full 0):
 garbage-first heap   total 260096K, used 193966K [0x0000000080000000, 0x0000000100000000)
  region size 1024K, 148 young (151552K), 17 survivors (17408K)
 Metaspace       used 83791K, capacity 85787K, committed 85864K, reserved 1124352K
  class space    used 10744K, capacity 11463K, committed 11520K, reserved 1048576K
}
Event: 13.463 GC heap after
{Heap after GC invocations=13 (full 0):
 garbage-first heap   total 260096K, used 74339K [0x0000000080000000, 0x0000000100000000)
  region size 1024K, 19 young (19456K), 19 survivors (19456K)
 Metaspace       used 83791K, capacity 85787K, committed 85864K, reserved 1124352K
  class space    used 10744K, capacity 11463K, committed 11520K, reserved 1048576K
}

