# JRE version: OpenJDK Runtime Environment (11.0.15) (build 11.0.15+0-b2043.56-9505619)
# Java VM: OpenJDK 64-Bit Server VM (11.0.15+0-b2043.56-9505619, mixed mode, tiered, compressed oops, g1 gc, windows-amd64)
Heap:
 garbage-first heap   total 312320K, used 209880K [0x0000000080000000, 0x0000000100000000)
  region size 1024K, 153 young (156672K), 20 survivors (20480K)
 Metaspace       used 87354K, capacity 89786K, committed 90116K, reserved 1128448K
  class space    used 11212K, capacity 12059K, committed 12184K, reserved 1048576K
GC Heap History (20 events):
Event: 1.326 GC heap before
{Heap before GC invocations=2 (full 0):
 garbage-first heap   total 260096K, used 33162K [0x0000000080000000, 0x0000000100000000)
  region size 1024K, 26 young (26624K), 3 survivors (3072K)
 Metaspace       used 10949K, capacity 11141K, committed 11264K, reserved 1058816K
  class space    used 1114K, capacity 1207K, committed 1280K, reserved 1048576K
}
Event: 1.331 GC heap after
{Heap after GC invocations=3 (full 0):
 garbage-first heap   total 260096K, used 13802K [0x0000000080000000, 0x0000000100000000)
  region size 1024K, 4 young (4096K), 4 survivors (4096K)
 Metaspace       used 10949K, capacity 11141K, committed 11264K, reserved 1058816K
  class space    used 1114K, capacity 1207K, committed 1280K, reserved 1048576K
}
Event: 1.920 GC heap before
{Heap before GC invocations=3 (full 0):
 garbage-first heap   total 260096K, used 48618K [0x0000000080000000, 0x0000000100000000)
  region size 1024K, 38 young (38912K), 4 survivors (4096K)
 Metaspace       used 17796K, capacity 18167K, committed 18432K, reserved 1064960K
  class space    used 2073K, capacity 2209K, committed 2304K, reserved 1048576K
}
Event: 1.926 GC heap after
{Heap after GC invocations=4 (full 0):
 garbage-first heap   total 260096K, used 16460K [0x0000000080000000, 0x0000000100000000)
  region size 1024K, 3 young (3072K), 3 survivors (3072K)
 Metaspace       used 17796K, capacity 18167K, committed 18432K, reserved 1064960K
  class space    used 2073K, capacity 2209K, committed 2304K, reserved 1048576K
}
Event: 2.103 GC heap before
{Heap before GC invocations=4 (full 0):
 garbage-first heap   total 260096K, used 43084K [0x0000000080000000, 0x0000000100000000)
  region size 1024K, 30 young (30720K), 3 survivors (3072K)
 Metaspace       used 20750K, capacity 21191K, committed 21296K, reserved 1069056K
  class space    used 2519K, capacity 2685K, committed 2688K, reserved 1048576K
}
Event: 2.108 GC heap after
{Heap after GC invocations=5 (full 0):
 garbage-first heap   total 260096K, used 17415K [0x0000000080000000, 0x0000000100000000)
  region size 1024K, 4 young (4096K), 4 survivors (4096K)
 Metaspace       used 20750K, capacity 21191K, committed 21296K, reserved 1069056K
  class space    used 2519K, capacity 2685K, committed 2688K, reserved 1048576K
}
Event: 2.646 GC heap before
{Heap before GC invocations=6 (full 0):
 garbage-first heap   total 260096K, used 75783K [0x0000000080000000, 0x0000000100000000)
  region size 1024K, 61 young (62464K), 4 survivors (4096K)
 Metaspace       used 27018K, capacity 27615K, committed 27772K, reserved 1073152K
  class space    used 3508K, capacity 3734K, committed 3788K, reserved 1048576K
}
Event: 2.653 GC heap after
{Heap after GC invocations=7 (full 0):
 garbage-first heap   total 260096K, used 19430K [0x0000000080000000, 0x0000000100000000)
  region size 1024K, 6 young (6144K), 6 survivors (6144K)
 Metaspace       used 27018K, capacity 27615K, committed 27772K, reserved 1073152K
  class space    used 3508K, capacity 3734K, committed 3788K, reserved 1048576K
}
Event: 3.298 GC heap before
{Heap before GC invocations=7 (full 0):
 garbage-first heap   total 260096K, used 83942K [0x0000000080000000, 0x0000000100000000)
  region size 1024K, 70 young (71680K), 6 survivors (6144K)
 Metaspace       used 35094K, capacity 35957K, committed 36048K, reserved 1081344K
  class space    used 4564K, capacity 4921K, committed 4940K, reserved 1048576K
}
Event: 3.309 GC heap after
{Heap after GC invocations=8 (full 0):
 garbage-first heap   total 260096K, used 22594K [0x0000000080000000, 0x0000000100000000)
  region size 1024K, 9 young (9216K), 9 survivors (9216K)
 Metaspace       used 35094K, capacity 35957K, committed 36048K, reserved 1081344K
  class space    used 4564K, capacity 4921K, committed 4940K, reserved 1048576K
}
Event: 4.312 GC heap before
{Heap before GC invocations=9 (full 0):
 garbage-first heap   total 260096K, used 137282K [0x0000000080000000, 0x0000000100000000)
  region size 1024K, 118 young (120832K), 9 survivors (9216K)
 Metaspace       used 44993K, capacity 46161K, committed 46492K, reserved 1089536K
  class space    used 5691K, capacity 6089K, committed 6168K, reserved 1048576K
}
Event: 4.332 GC heap after
{Heap after GC invocations=10 (full 0):
 garbage-first heap   total 260096K, used 30931K [0x0000000080000000, 0x0000000100000000)
  region size 1024K, 15 young (15360K), 15 survivors (15360K)
 Metaspace       used 44993K, capacity 46161K, committed 46492K, reserved 1089536K
  class space    used 5691K, capacity 6089K, committed 6168K, reserved 1048576K
}
Event: 5.766 GC heap before
{Heap before GC invocations=11 (full 0):
 garbage-first heap   total 260096K, used 166099K [0x0000000080000000, 0x0000000100000000)
  region size 1024K, 143 young (146432K), 15 survivors (15360K)
 Metaspace       used 54839K, capacity 56374K, committed 56604K, reserved 1097728K
  class space    used 6989K, capacity 7542K, committed 7576K, reserved 1048576K
}
Event: 5.784 GC heap after
{Heap after GC invocations=12 (full 0):
 garbage-first heap   total 260096K, used 45307K [0x0000000080000000, 0x0000000100000000)
  region size 1024K, 18 young (18432K), 18 survivors (18432K)
 Metaspace       used 54839K, capacity 56374K, committed 56604K, reserved 1097728K
  class space    used 6989K, capacity 7542K, committed 7576K, reserved 1048576K
}
Event: 7.144 GC heap before
{Heap before GC invocations=12 (full 0):
 garbage-first heap   total 260096K, used 189691K [0x0000000080000000, 0x0000000100000000)
  region size 1024K, 152 young (155648K), 18 survivors (18432K)
 Metaspace       used 67423K, capacity 69094K, committed 69276K, reserved 1110016K
  class space    used 8514K, capacity 9112K, committed 9240K, reserved 1048576K
}
Event: 7.167 GC heap after
{Heap after GC invocations=13 (full 0):
 garbage-first heap   total 260096K, used 55296K [0x0000000080000000, 0x0000000100000000)
  region size 1024K, 10 young (10240K), 10 survivors (10240K)
 Metaspace       used 67423K, capacity 69094K, committed 69276K, reserved 1110016K
  class space    used 8514K, capacity 9112K, committed 9240K, reserved 1048576K
}
Event: 8.113 GC heap before
{Heap before GC invocations=13 (full 0):
 garbage-first heap   total 260096K, used 156672K [0x0000000080000000, 0x0000000100000000)
  region size 1024K, 110 young (112640K), 10 survivors (10240K)
 Metaspace       used 75763K, capacity 77573K, committed 77700K, reserved 1116160K
  class space    used 9790K, capacity 10442K, committed 10520K, reserved 1048576K
}
Event: 8.133 GC heap after
{Heap after GC invocations=14 (full 0):
 garbage-first heap   total 312320K, used 61440K [0x0000000080000000, 0x0000000100000000)
  region size 1024K, 16 young (16384K), 16 survivors (16384K)
 Metaspace       used 75763K, capacity 77573K, committed 77700K, reserved 1116160K
  class space    used 9790K, capacity 10442K, committed 10520K, reserved 1048576K
}
Event: 9.681 GC heap before
{Heap before GC invocations=15 (full 0):
 garbage-first heap   total 312320K, used 204800K [0x0000000080000000, 0x0000000100000000)
  region size 1024K, 157 young (160768K), 16 survivors (16384K)
 Metaspace       used 84297K, capacity 86403K, committed 86532K, reserved 1124352K
  class space    used 10846K, capacity 11600K, committed 11672K, reserved 1048576K
}
Event: 9.724 GC heap after
{Heap after GC invocations=16 (full 0):
 garbage-first heap   total 312320K, used 75736K [0x0000000080000000, 0x0000000100000000)
  region size 1024K, 20 young (20480K), 20 survivors (20480K)
 Metaspace       used 84297K, capacity 86403K, committed 86532K, reserved 1124352K
  class space    used 10846K, capacity 11600K, committed 11672K, reserved 1048576K
}

