# JRE version: OpenJDK Runtime Environment (11.0.15) (build 11.0.15+0-b2043.56-9505619)
# Java VM: OpenJDK 64-Bit Server VM (11.0.15+0-b2043.56-9505619, mixed mode, tiered, compressed oops, g1 gc, windows-amd64)
Heap:
 garbage-first heap   total 312320K, used 109719K [0x0000000080000000, 0x0000000100000000)
  region size 1024K, 57 young (58368K), 18 survivors (18432K)
 Metaspace       used 85507K, capacity 87696K, committed 87892K, reserved 1126400K
  class space    used 11069K, capacity 11842K, committed 11852K, reserved 1048576K
GC Heap History (20 events):
Event: 1.249 GC heap before
{Heap before GC invocations=2 (full 0):
 garbage-first heap   total 260096K, used 34096K [0x0000000080000000, 0x0000000100000000)
  region size 1024K, 27 young (27648K), 3 survivors (3072K)
 Metaspace       used 10940K, capacity 11137K, committed 11264K, reserved 1058816K
  class space    used 1114K, capacity 1207K, committed 1280K, reserved 1048576K
}
Event: 1.251 GC heap after
{Heap after GC invocations=3 (full 0):
 garbage-first heap   total 260096K, used 13519K [0x0000000080000000, 0x0000000100000000)
  region size 1024K, 4 young (4096K), 4 survivors (4096K)
 Metaspace       used 10940K, capacity 11137K, committed 11264K, reserved 1058816K
  class space    used 1114K, capacity 1207K, committed 1280K, reserved 1048576K
}
Event: 1.907 GC heap before
{Heap before GC invocations=3 (full 0):
 garbage-first heap   total 260096K, used 56527K [0x0000000080000000, 0x0000000100000000)
  region size 1024K, 46 young (47104K), 4 survivors (4096K)
 Metaspace       used 18358K, capacity 18731K, committed 19072K, reserved 1067008K
  class space    used 2158K, capacity 2315K, committed 2432K, reserved 1048576K
}
Event: 1.911 GC heap after
{Heap after GC invocations=4 (full 0):
 garbage-first heap   total 260096K, used 16408K [0x0000000080000000, 0x0000000100000000)
  region size 1024K, 4 young (4096K), 4 survivors (4096K)
 Metaspace       used 18358K, capacity 18731K, committed 19072K, reserved 1067008K
  class space    used 2158K, capacity 2315K, committed 2432K, reserved 1048576K
}
Event: 2.080 GC heap before
{Heap before GC invocations=4 (full 0):
 garbage-first heap   total 260096K, used 38936K [0x0000000080000000, 0x0000000100000000)
  region size 1024K, 27 young (27648K), 4 survivors (4096K)
 Metaspace       used 20770K, capacity 21187K, committed 21296K, reserved 1069056K
  class space    used 2519K, capacity 2685K, committed 2688K, reserved 1048576K
}
Event: 2.084 GC heap after
{Heap after GC invocations=5 (full 0):
 garbage-first heap   total 260096K, used 17218K [0x0000000080000000, 0x0000000100000000)
  region size 1024K, 4 young (4096K), 4 survivors (4096K)
 Metaspace       used 20770K, capacity 21187K, committed 21296K, reserved 1069056K
  class space    used 2519K, capacity 2685K, committed 2688K, reserved 1048576K
}
Event: 2.828 GC heap before
{Heap before GC invocations=6 (full 0):
 garbage-first heap   total 260096K, used 83778K [0x0000000080000000, 0x0000000100000000)
  region size 1024K, 69 young (70656K), 4 survivors (4096K)
 Metaspace       used 27424K, capacity 28001K, committed 28156K, reserved 1073152K
  class space    used 3576K, capacity 3800K, committed 3916K, reserved 1048576K
}
Event: 2.834 GC heap after
{Heap after GC invocations=7 (full 0):
 garbage-first heap   total 260096K, used 19208K [0x0000000080000000, 0x0000000100000000)
  region size 1024K, 6 young (6144K), 6 survivors (6144K)
 Metaspace       used 27424K, capacity 28001K, committed 28156K, reserved 1073152K
  class space    used 3576K, capacity 3800K, committed 3916K, reserved 1048576K
}
Event: 3.518 GC heap before
{Heap before GC invocations=7 (full 0):
 garbage-first heap   total 260096K, used 76552K [0x0000000080000000, 0x0000000100000000)
  region size 1024K, 63 young (64512K), 6 survivors (6144K)
 Metaspace       used 35058K, capacity 35953K, committed 36048K, reserved 1081344K
  class space    used 4565K, capacity 4921K, committed 4940K, reserved 1048576K
}
Event: 3.526 GC heap after
{Heap after GC invocations=8 (full 0):
 garbage-first heap   total 260096K, used 22475K [0x0000000080000000, 0x0000000100000000)
  region size 1024K, 9 young (9216K), 9 survivors (9216K)
 Metaspace       used 35058K, capacity 35953K, committed 36048K, reserved 1081344K
  class space    used 4565K, capacity 4921K, committed 4940K, reserved 1048576K
}
Event: 4.526 GC heap before
{Heap before GC invocations=9 (full 0):
 garbage-first heap   total 260096K, used 129995K [0x0000000080000000, 0x0000000100000000)
  region size 1024K, 111 young (113664K), 9 survivors (9216K)
 Metaspace       used 43894K, capacity 45092K, committed 45392K, reserved 1089536K
  class space    used 5636K, capacity 6036K, committed 6092K, reserved 1048576K
}
Event: 4.546 GC heap after
{Heap after GC invocations=10 (full 0):
 garbage-first heap   total 260096K, used 30285K [0x0000000080000000, 0x0000000100000000)
  region size 1024K, 14 young (14336K), 14 survivors (14336K)
 Metaspace       used 43894K, capacity 45092K, committed 45392K, reserved 1089536K
  class space    used 5636K, capacity 6036K, committed 6092K, reserved 1048576K
}
Event: 5.804 GC heap before
{Heap before GC invocations=11 (full 0):
 garbage-first heap   total 260096K, used 159309K [0x0000000080000000, 0x0000000100000000)
  region size 1024K, 135 young (138240K), 14 survivors (14336K)
 Metaspace       used 52828K, capacity 54242K, committed 54608K, reserved 1097728K
  class space    used 6720K, capacity 7261K, committed 7372K, reserved 1048576K
}
Event: 5.821 GC heap after
{Heap after GC invocations=12 (full 0):
 garbage-first heap   total 260096K, used 44032K [0x0000000080000000, 0x0000000100000000)
  region size 1024K, 17 young (17408K), 17 survivors (17408K)
 Metaspace       used 52828K, capacity 54242K, committed 54608K, reserved 1097728K
  class space    used 6720K, capacity 7261K, committed 7372K, reserved 1048576K
}
Event: 7.346 GC heap before
{Heap before GC invocations=12 (full 0):
 garbage-first heap   total 260096K, used 189440K [0x0000000080000000, 0x0000000100000000)
  region size 1024K, 152 young (155648K), 17 survivors (17408K)
 Metaspace       used 67318K, capacity 68995K, committed 69200K, reserved 1110016K
  class space    used 8492K, capacity 9101K, committed 9164K, reserved 1048576K
}
Event: 7.368 GC heap after
{Heap after GC invocations=13 (full 0):
 garbage-first heap   total 260096K, used 54268K [0x0000000080000000, 0x0000000100000000)
  region size 1024K, 10 young (10240K), 10 survivors (10240K)
 Metaspace       used 67318K, capacity 68995K, committed 69200K, reserved 1110016K
  class space    used 8492K, capacity 9101K, committed 9164K, reserved 1048576K
}
Event: 8.340 GC heap before
{Heap before GC invocations=13 (full 0):
 garbage-first heap   total 260096K, used 159740K [0x0000000080000000, 0x0000000100000000)
  region size 1024K, 114 young (116736K), 10 survivors (10240K)
 Metaspace       used 74974K, capacity 76765K, committed 76936K, reserved 1116160K
  class space    used 9679K, capacity 10285K, committed 10316K, reserved 1048576K
}
Event: 8.358 GC heap after
{Heap after GC invocations=14 (full 0):
 garbage-first heap   total 260096K, used 60412K [0x0000000080000000, 0x0000000100000000)
  region size 1024K, 16 young (16384K), 16 survivors (16384K)
 Metaspace       used 74974K, capacity 76765K, committed 76936K, reserved 1116160K
  class space    used 9679K, capacity 10285K, committed 10316K, reserved 1048576K
}
Event: 9.470 GC heap before
{Heap before GC invocations=15 (full 0):
 garbage-first heap   total 260096K, used 190460K [0x0000000080000000, 0x0000000100000000)
  region size 1024K, 143 young (146432K), 16 survivors (16384K)
 Metaspace       used 82056K, capacity 84096K, committed 84308K, reserved 1122304K
  class space    used 10622K, capacity 11309K, committed 11340K, reserved 1048576K
}
Event: 9.513 GC heap after
{Heap after GC invocations=16 (full 0):
 garbage-first heap   total 312320K, used 71831K [0x0000000080000000, 0x0000000100000000)
  region size 1024K, 18 young (18432K), 18 survivors (18432K)
 Metaspace       used 82056K, capacity 84096K, committed 84308K, reserved 1122304K
  class space    used 10622K, capacity 11309K, committed 11340K, reserved 1048576K
}

