# JRE version: OpenJDK Runtime Environment (11.0.15) (build 11.0.15+0-b2043.56-9505619)
# Java VM: OpenJDK 64-Bit Server VM (11.0.15+0-b2043.56-9505619, mixed mode, tiered, compressed oops, g1 gc, windows-amd64)
Heap:
 garbage-first heap   total 349184K, used 203207K [0x0000000080000000, 0x0000000100000000)
  region size 1024K, 21 young (21504K), 13 survivors (13312K)
 Metaspace       used 107056K, capacity 110193K, committed 110460K, reserved 1144832K
  class space    used 13358K, capacity 14457K, committed 14540K, reserved 1048576K
GC Heap History (20 events):
Event: 3.168 GC heap before
{Heap before GC invocations=7 (full 0):
 garbage-first heap   total 260096K, used 72827K [0x0000000080000000, 0x0000000100000000)
  region size 1024K, 59 young (60416K), 6 survivors (6144K)
 Metaspace       used 34934K, capacity 35729K, committed 35888K, reserved 1081344K
  class space    used 4555K, capacity 4889K, committed 4992K, reserved 1048576K
}
Event: 3.180 GC heap after
{Heap after GC invocations=8 (full 0):
 garbage-first heap   total 260096K, used 22540K [0x0000000080000000, 0x0000000100000000)
  region size 1024K, 9 young (9216K), 9 survivors (9216K)
 Metaspace       used 34934K, capacity 35729K, committed 35888K, reserved 1081344K
  class space    used 4555K, capacity 4889K, committed 4992K, reserved 1048576K
}
Event: 4.246 GC heap before
{Heap before GC invocations=9 (full 0):
 garbage-first heap   total 260096K, used 147468K [0x0000000080000000, 0x0000000100000000)
  region size 1024K, 128 young (131072K), 9 survivors (9216K)
 Metaspace       used 45626K, capacity 46799K, committed 46896K, reserved 1089536K
  class space    used 5799K, capacity 6196K, committed 6272K, reserved 1048576K
}
Event: 4.263 GC heap after
{Heap after GC invocations=10 (full 0):
 garbage-first heap   total 260096K, used 31098K [0x0000000080000000, 0x0000000100000000)
  region size 1024K, 15 young (15360K), 15 survivors (15360K)
 Metaspace       used 45626K, capacity 46799K, committed 46896K, reserved 1089536K
  class space    used 5799K, capacity 6196K, committed 6272K, reserved 1048576K
}
Event: 5.613 GC heap before
{Heap before GC invocations=11 (full 0):
 garbage-first heap   total 260096K, used 170362K [0x0000000080000000, 0x0000000100000000)
  region size 1024K, 146 young (149504K), 15 survivors (15360K)
 Metaspace       used 56326K, capacity 57848K, committed 58032K, reserved 1099776K
  class space    used 7139K, capacity 7671K, committed 7680K, reserved 1048576K
}
Event: 5.631 GC heap after
{Heap after GC invocations=12 (full 0):
 garbage-first heap   total 312320K, used 45542K [0x0000000080000000, 0x0000000100000000)
  region size 1024K, 19 young (19456K), 19 survivors (19456K)
 Metaspace       used 56326K, capacity 57848K, committed 58032K, reserved 1099776K
  class space    used 7139K, capacity 7671K, committed 7680K, reserved 1048576K
}
Event: 7.152 GC heap before
{Heap before GC invocations=12 (full 0):
 garbage-first heap   total 312320K, used 221670K [0x0000000080000000, 0x0000000100000000)
  region size 1024K, 183 young (187392K), 19 survivors (19456K)
 Metaspace       used 69559K, capacity 71325K, committed 71600K, reserved 1112064K
  class space    used 8776K, capacity 9426K, committed 9472K, reserved 1048576K
}
Event: 7.172 GC heap after
{Heap after GC invocations=13 (full 0):
 garbage-first heap   total 312320K, used 57804K [0x0000000080000000, 0x0000000100000000)
  region size 1024K, 23 young (23552K), 23 survivors (23552K)
 Metaspace       used 69559K, capacity 71325K, committed 71600K, reserved 1112064K
  class space    used 8776K, capacity 9426K, committed 9472K, reserved 1048576K
}
Event: 7.961 GC heap before
{Heap before GC invocations=13 (full 0):
 garbage-first heap   total 312320K, used 124364K [0x0000000080000000, 0x0000000100000000)
  region size 1024K, 90 young (92160K), 23 survivors (23552K)
 Metaspace       used 76541K, capacity 78524K, committed 78588K, reserved 1118208K
  class space    used 9808K, capacity 10508K, committed 10572K, reserved 1048576K
}
Event: 7.985 GC heap after
{Heap after GC invocations=14 (full 0):
 garbage-first heap   total 312320K, used 64687K [0x0000000080000000, 0x0000000100000000)
  region size 1024K, 19 young (19456K), 19 survivors (19456K)
 Metaspace       used 76541K, capacity 78524K, committed 78588K, reserved 1118208K
  class space    used 9808K, capacity 10508K, committed 10572K, reserved 1048576K
}
Event: 22.875 GC heap before
{Heap before GC invocations=15 (full 0):
 garbage-first heap   total 312320K, used 308399K [0x0000000080000000, 0x0000000100000000)
  region size 1024K, 179 young (183296K), 19 survivors (19456K)
 Metaspace       used 86583K, capacity 89167K, committed 89468K, reserved 1126400K
  class space    used 10956K, capacity 11843K, committed 11980K, reserved 1048576K
}
Event: 22.916 GC heap after
{Heap after GC invocations=16 (full 0):
 garbage-first heap   total 349184K, used 165235K [0x0000000080000000, 0x0000000100000000)
  region size 1024K, 23 young (23552K), 23 survivors (23552K)
 Metaspace       used 86583K, capacity 89167K, committed 89468K, reserved 1126400K
  class space    used 10956K, capacity 11843K, committed 11980K, reserved 1048576K
}
Event: 23.550 GC heap before
{Heap before GC invocations=17 (full 0):
 garbage-first heap   total 349184K, used 276851K [0x0000000080000000, 0x0000000100000000)
  region size 1024K, 132 young (135168K), 23 survivors (23552K)
 Metaspace       used 91556K, capacity 94294K, committed 94332K, reserved 1130496K
  class space    used 11505K, capacity 12458K, committed 12492K, reserved 1048576K
}
Event: 23.571 GC heap after
{Heap after GC invocations=18 (full 0):
 garbage-first heap   total 349184K, used 169472K [0x0000000080000000, 0x0000000100000000)
  region size 1024K, 4 young (4096K), 4 survivors (4096K)
 Metaspace       used 91556K, capacity 94294K, committed 94332K, reserved 1130496K
  class space    used 11505K, capacity 12458K, committed 12492K, reserved 1048576K
}
Event: 25.015 GC heap before
{Heap before GC invocations=18 (full 0):
 garbage-first heap   total 349184K, used 281088K [0x0000000080000000, 0x0000000100000000)
  region size 1024K, 113 young (115712K), 4 survivors (4096K)
 Metaspace       used 101986K, capacity 104913K, committed 105212K, reserved 1140736K
  class space    used 12859K, capacity 13803K, committed 13900K, reserved 1048576K
}
Event: 25.028 GC heap after
{Heap after GC invocations=19 (full 0):
 garbage-first heap   total 349184K, used 175405K [0x0000000080000000, 0x0000000100000000)
  region size 1024K, 10 young (10240K), 10 survivors (10240K)
 Metaspace       used 101986K, capacity 104913K, committed 105212K, reserved 1140736K
  class space    used 12859K, capacity 13803K, committed 13900K, reserved 1048576K
}
Event: 31.293 GC heap before
{Heap before GC invocations=20 (full 0):
 garbage-first heap   total 349184K, used 284973K [0x0000000080000000, 0x0000000100000000)
  region size 1024K, 118 young (120832K), 10 survivors (10240K)
 Metaspace       used 104681K, capacity 107748K, committed 108028K, reserved 1142784K
  class space    used 13093K, capacity 14114K, committed 14156K, reserved 1048576K
}
Event: 31.315 GC heap after
{Heap after GC invocations=21 (full 0):
 garbage-first heap   total 349184K, used 184320K [0x0000000080000000, 0x0000000100000000)
  region size 1024K, 15 young (15360K), 15 survivors (15360K)
 Metaspace       used 104681K, capacity 107748K, committed 108028K, reserved 1142784K
  class space    used 13093K, capacity 14114K, committed 14156K, reserved 1048576K
}
Event: 33.975 GC heap before
{Heap before GC invocations=21 (full 0):
 garbage-first heap   total 349184K, used 288768K [0x0000000080000000, 0x0000000100000000)
  region size 1024K, 117 young (119808K), 15 survivors (15360K)
 Metaspace       used 106536K, capacity 109702K, committed 109820K, reserved 1144832K
  class space    used 13277K, capacity 14363K, committed 14412K, reserved 1048576K
}
Event: 34.016 GC heap after
{Heap after GC invocations=22 (full 0):
 garbage-first heap   total 349184K, used 197063K [0x0000000080000000, 0x0000000100000000)
  region size 1024K, 13 young (13312K), 13 survivors (13312K)
 Metaspace       used 106536K, capacity 109702K, committed 109820K, reserved 1144832K
  class space    used 13277K, capacity 14363K, committed 14412K, reserved 1048576K
}

