# JRE version: OpenJDK Runtime Environment (11.0.15) (build 11.0.15+0-b2043.56-9505619)
# Java VM: OpenJDK 64-Bit Server VM (11.0.15+0-b2043.56-9505619, mixed mode, tiered, compressed oops, g1 gc, windows-amd64)
Heap:
 garbage-first heap   total 339968K, used 131026K [0x0000000080000000, 0x0000000100000000)
  region size 1024K, 75 young (76800K), 19 survivors (19456K)
 Metaspace       used 90405K, capacity 92744K, committed 92848K, reserved 1130496K
  class space    used 11458K, capacity 12275K, committed 12360K, reserved 1048576K
GC Heap History (20 events):
Event: 0.446 GC heap before
{Heap before GC invocations=0 (full 0):
 garbage-first heap   total 260096K, used 16384K [0x0000000080000000, 0x0000000100000000)
  region size 1024K, 14 young (14336K), 0 survivors (0K)
 Metaspace       used 6743K, capacity 6925K, committed 7168K, reserved 1056768K
  class space    used 571K, capacity 650K, committed 768K, reserved 1048576K
}
Event: 0.468 GC heap after
{Heap after GC invocations=1 (full 0):
 garbage-first heap   total 260096K, used 3890K [0x0000000080000000, 0x0000000100000000)
  region size 1024K, 2 young (2048K), 2 survivors (2048K)
 Metaspace       used 6743K, capacity 6925K, committed 7168K, reserved 1056768K
  class space    used 571K, capacity 650K, committed 768K, reserved 1048576K
}
Event: 2.060 GC heap before
{Heap before GC invocations=1 (full 0):
 garbage-first heap   total 260096K, used 115506K [0x0000000080000000, 0x0000000100000000)
  region size 1024K, 108 young (110592K), 2 survivors (2048K)
 Metaspace       used 20818K, capacity 21149K, committed 21296K, reserved 1069056K
  class space    used 2505K, capacity 2651K, committed 2688K, reserved 1048576K
}
Event: 2.069 GC heap after
{Heap after GC invocations=2 (full 0):
 garbage-first heap   total 260096K, used 17202K [0x0000000080000000, 0x0000000100000000)
  region size 1024K, 12 young (12288K), 12 survivors (12288K)
 Metaspace       used 20818K, capacity 21149K, committed 21296K, reserved 1069056K
  class space    used 2505K, capacity 2651K, committed 2688K, reserved 1048576K
}
Event: 2.540 GC heap before
{Heap before GC invocations=3 (full 0):
 garbage-first heap   total 260096K, used 66354K [0x0000000080000000, 0x0000000100000000)
  region size 1024K, 60 young (61440K), 12 survivors (12288K)
 Metaspace       used 26041K, capacity 26657K, committed 26800K, reserved 1073152K
  class space    used 3346K, capacity 3581K, committed 3584K, reserved 1048576K
}
Event: 2.549 GC heap after
{Heap after GC invocations=4 (full 0):
 garbage-first heap   total 260096K, used 19138K [0x0000000080000000, 0x0000000100000000)
  region size 1024K, 3 young (3072K), 3 survivors (3072K)
 Metaspace       used 26041K, capacity 26657K, committed 26800K, reserved 1073152K
  class space    used 3346K, capacity 3581K, committed 3584K, reserved 1048576K
}
Event: 3.359 GC heap before
{Heap before GC invocations=4 (full 0):
 garbage-first heap   total 260096K, used 88770K [0x0000000080000000, 0x0000000100000000)
  region size 1024K, 71 young (72704K), 3 survivors (3072K)
 Metaspace       used 34170K, capacity 35040K, committed 35248K, reserved 1079296K
  class space    used 4510K, capacity 4850K, committed 4864K, reserved 1048576K
}
Event: 3.366 GC heap after
{Heap after GC invocations=5 (full 0):
 garbage-first heap   total 260096K, used 21928K [0x0000000080000000, 0x0000000100000000)
  region size 1024K, 6 young (6144K), 6 survivors (6144K)
 Metaspace       used 34170K, capacity 35040K, committed 35248K, reserved 1079296K
  class space    used 4510K, capacity 4850K, committed 4864K, reserved 1048576K
}
Event: 3.414 GC heap before
{Heap before GC invocations=5 (full 0):
 garbage-first heap   total 260096K, used 23976K [0x0000000080000000, 0x0000000100000000)
  region size 1024K, 9 young (9216K), 6 survivors (6144K)
 Metaspace       used 34932K, capacity 35730K, committed 35888K, reserved 1081344K
  class space    used 4554K, capacity 4889K, committed 4992K, reserved 1048576K
}
Event: 3.422 GC heap after
{Heap after GC invocations=6 (full 0):
 garbage-first heap   total 260096K, used 22444K [0x0000000080000000, 0x0000000100000000)
  region size 1024K, 6 young (6144K), 6 survivors (6144K)
 Metaspace       used 34932K, capacity 35730K, committed 35888K, reserved 1081344K
  class space    used 4554K, capacity 4889K, committed 4992K, reserved 1048576K
}
Event: 4.642 GC heap before
{Heap before GC invocations=7 (full 0):
 garbage-first heap   total 260096K, used 141228K [0x0000000080000000, 0x0000000100000000)
  region size 1024K, 119 young (121856K), 6 survivors (6144K)
 Metaspace       used 45232K, capacity 46416K, committed 46568K, reserved 1089536K
  class space    used 5736K, capacity 6154K, committed 6272K, reserved 1048576K
}
Event: 4.658 GC heap after
{Heap after GC invocations=8 (full 0):
 garbage-first heap   total 260096K, used 30469K [0x0000000080000000, 0x0000000100000000)
  region size 1024K, 14 young (14336K), 14 survivors (14336K)
 Metaspace       used 45232K, capacity 46416K, committed 46568K, reserved 1089536K
  class space    used 5736K, capacity 6154K, committed 6272K, reserved 1048576K
}
Event: 6.188 GC heap before
{Heap before GC invocations=9 (full 0):
 garbage-first heap   total 260096K, used 168709K [0x0000000080000000, 0x0000000100000000)
  region size 1024K, 145 young (148480K), 14 survivors (14336K)
 Metaspace       used 55588K, capacity 57142K, committed 57448K, reserved 1099776K
  class space    used 7065K, capacity 7607K, committed 7680K, reserved 1048576K
}
Event: 6.205 GC heap after
{Heap after GC invocations=10 (full 0):
 garbage-first heap   total 260096K, used 45024K [0x0000000080000000, 0x0000000100000000)
  region size 1024K, 19 young (19456K), 19 survivors (19456K)
 Metaspace       used 55588K, capacity 57142K, committed 57448K, reserved 1099776K
  class space    used 7065K, capacity 7607K, committed 7680K, reserved 1048576K
}
Event: 7.473 GC heap before
{Heap before GC invocations=10 (full 0):
 garbage-first heap   total 260096K, used 188384K [0x0000000080000000, 0x0000000100000000)
  region size 1024K, 152 young (155648K), 19 survivors (19456K)
 Metaspace       used 67357K, capacity 69161K, committed 69480K, reserved 1110016K
  class space    used 8501K, capacity 9136K, committed 9216K, reserved 1048576K
}
Event: 7.498 GC heap after
{Heap after GC invocations=11 (full 0):
 garbage-first heap   total 260096K, used 55626K [0x0000000080000000, 0x0000000100000000)
  region size 1024K, 11 young (11264K), 11 survivors (11264K)
 Metaspace       used 67357K, capacity 69161K, committed 69480K, reserved 1110016K
  class space    used 8501K, capacity 9136K, committed 9216K, reserved 1048576K
}
Event: 8.449 GC heap before
{Heap before GC invocations=11 (full 0):
 garbage-first heap   total 260096K, used 153930K [0x0000000080000000, 0x0000000100000000)
  region size 1024K, 109 young (111616K), 11 survivors (11264K)
 Metaspace       used 75667K, capacity 77576K, committed 77616K, reserved 1116160K
  class space    used 9702K, capacity 10405K, committed 10440K, reserved 1048576K
}
Event: 8.474 GC heap after
{Heap after GC invocations=12 (full 0):
 garbage-first heap   total 339968K, used 65536K [0x0000000080000000, 0x0000000100000000)
  region size 1024K, 10 young (10240K), 10 survivors (10240K)
 Metaspace       used 75667K, capacity 77576K, committed 77616K, reserved 1116160K
  class space    used 9702K, capacity 10405K, committed 10440K, reserved 1048576K
}
Event: 25.824 GC heap before
{Heap before GC invocations=13 (full 0):
 garbage-first heap   total 339968K, used 225280K [0x0000000080000000, 0x0000000100000000)
  region size 1024K, 167 young (171008K), 10 survivors (10240K)
 Metaspace       used 89227K, capacity 91483K, committed 91568K, reserved 1128448K
  class space    used 11278K, capacity 12041K, committed 12104K, reserved 1048576K
}
Event: 25.852 GC heap after
{Heap after GC invocations=14 (full 0):
 garbage-first heap   total 339968K, used 74706K [0x0000000080000000, 0x0000000100000000)
  region size 1024K, 19 young (19456K), 19 survivors (19456K)
 Metaspace       used 89227K, capacity 91483K, committed 91568K, reserved 1128448K
  class space    used 11278K, capacity 12041K, committed 12104K, reserved 1048576K
}

