# JRE version: OpenJDK Runtime Environment (11.0.15) (build 11.0.15+0-b2043.56-9505619)
# Java VM: OpenJDK 64-Bit Server VM (11.0.15+0-b2043.56-9505619, mixed mode, tiered, compressed oops, g1 gc, windows-amd64)
Heap:
 garbage-first heap   total 312320K, used 210671K [0x0000000080000000, 0x0000000100000000)
  region size 1024K, 164 young (167936K), 17 survivors (17408K)
 Metaspace       used 85953K, capacity 88267K, committed 88616K, reserved 1126400K
  class space    used 11128K, capacity 11923K, committed 12056K, reserved 1048576K
GC Heap History (20 events):
Event: 0.709 GC heap before
{Heap before GC invocations=1 (full 0):
 garbage-first heap   total 260096K, used 19322K [0x0000000080000000, 0x0000000100000000)
  region size 1024K, 14 young (14336K), 2 survivors (2048K)
 Metaspace       used 9912K, capacity 10118K, committed 10368K, reserved 1058816K
  class space    used 1011K, capacity 1102K, committed 1152K, reserved 1048576K
}
Event: 0.711 GC heap after
{Heap after GC invocations=2 (full 0):
 garbage-first heap   total 260096K, used 9645K [0x0000000080000000, 0x0000000100000000)
  region size 1024K, 2 young (2048K), 2 survivors (2048K)
 Metaspace       used 9912K, capacity 10118K, committed 10368K, reserved 1058816K
  class space    used 1011K, capacity 1102K, committed 1152K, reserved 1048576K
}
Event: 1.134 GC heap before
{Heap before GC invocations=2 (full 0):
 garbage-first heap   total 260096K, used 40365K [0x0000000080000000, 0x0000000100000000)
  region size 1024K, 32 young (32768K), 2 survivors (2048K)
 Metaspace       used 10937K, capacity 11137K, committed 11264K, reserved 1058816K
  class space    used 1114K, capacity 1207K, committed 1280K, reserved 1048576K
}
Event: 1.138 GC heap after
{Heap after GC invocations=3 (full 0):
 garbage-first heap   total 260096K, used 13892K [0x0000000080000000, 0x0000000100000000)
  region size 1024K, 4 young (4096K), 4 survivors (4096K)
 Metaspace       used 10937K, capacity 11137K, committed 11264K, reserved 1058816K
  class space    used 1114K, capacity 1207K, committed 1280K, reserved 1048576K
}
Event: 1.849 GC heap before
{Heap before GC invocations=3 (full 0):
 garbage-first heap   total 260096K, used 56900K [0x0000000080000000, 0x0000000100000000)
  region size 1024K, 46 young (47104K), 4 survivors (4096K)
 Metaspace       used 18559K, capacity 18926K, committed 19072K, reserved 1067008K
  class space    used 2179K, capacity 2316K, committed 2432K, reserved 1048576K
}
Event: 1.854 GC heap after
{Heap after GC invocations=4 (full 0):
 garbage-first heap   total 260096K, used 16929K [0x0000000080000000, 0x0000000100000000)
  region size 1024K, 6 young (6144K), 6 survivors (6144K)
 Metaspace       used 18559K, capacity 18926K, committed 19072K, reserved 1067008K
  class space    used 2179K, capacity 2316K, committed 2432K, reserved 1048576K
}
Event: 2.042 GC heap before
{Heap before GC invocations=4 (full 0):
 garbage-first heap   total 260096K, used 38433K [0x0000000080000000, 0x0000000100000000)
  region size 1024K, 28 young (28672K), 6 survivors (6144K)
 Metaspace       used 20771K, capacity 21187K, committed 21296K, reserved 1069056K
  class space    used 2520K, capacity 2685K, committed 2688K, reserved 1048576K
}
Event: 2.046 GC heap after
{Heap after GC invocations=5 (full 0):
 garbage-first heap   total 260096K, used 17618K [0x0000000080000000, 0x0000000100000000)
  region size 1024K, 4 young (4096K), 4 survivors (4096K)
 Metaspace       used 20771K, capacity 21187K, committed 21296K, reserved 1069056K
  class space    used 2520K, capacity 2685K, committed 2688K, reserved 1048576K
}
Event: 2.617 GC heap before
{Heap before GC invocations=6 (full 0):
 garbage-first heap   total 260096K, used 80082K [0x0000000080000000, 0x0000000100000000)
  region size 1024K, 66 young (67584K), 4 survivors (4096K)
 Metaspace       used 27312K, capacity 27905K, committed 28028K, reserved 1073152K
  class space    used 3555K, capacity 3768K, committed 3788K, reserved 1048576K
}
Event: 2.623 GC heap after
{Heap after GC invocations=7 (full 0):
 garbage-first heap   total 260096K, used 19505K [0x0000000080000000, 0x0000000100000000)
  region size 1024K, 6 young (6144K), 6 survivors (6144K)
 Metaspace       used 27312K, capacity 27905K, committed 28028K, reserved 1073152K
  class space    used 3555K, capacity 3768K, committed 3788K, reserved 1048576K
}
Event: 3.393 GC heap before
{Heap before GC invocations=7 (full 0):
 garbage-first heap   total 260096K, used 77873K [0x0000000080000000, 0x0000000100000000)
  region size 1024K, 64 young (65536K), 6 survivors (6144K)
 Metaspace       used 35090K, capacity 35953K, committed 36048K, reserved 1081344K
  class space    used 4565K, capacity 4921K, committed 4940K, reserved 1048576K
}
Event: 3.404 GC heap after
{Heap after GC invocations=8 (full 0):
 garbage-first heap   total 260096K, used 23099K [0x0000000080000000, 0x0000000100000000)
  region size 1024K, 9 young (9216K), 9 survivors (9216K)
 Metaspace       used 35090K, capacity 35953K, committed 36048K, reserved 1081344K
  class space    used 4565K, capacity 4921K, committed 4940K, reserved 1048576K
}
Event: 4.544 GC heap before
{Heap before GC invocations=9 (full 0):
 garbage-first heap   total 260096K, used 143931K [0x0000000080000000, 0x0000000100000000)
  region size 1024K, 124 young (126976K), 9 survivors (9216K)
 Metaspace       used 45415K, capacity 46656K, committed 46800K, reserved 1089536K
  class space    used 5760K, capacity 6191K, committed 6220K, reserved 1048576K
}
Event: 4.563 GC heap after
{Heap after GC invocations=10 (full 0):
 garbage-first heap   total 260096K, used 31333K [0x0000000080000000, 0x0000000100000000)
  region size 1024K, 15 young (15360K), 15 survivors (15360K)
 Metaspace       used 45415K, capacity 46656K, committed 46800K, reserved 1089536K
  class space    used 5760K, capacity 6191K, committed 6220K, reserved 1048576K
}
Event: 6.020 GC heap before
{Heap before GC invocations=11 (full 0):
 garbage-first heap   total 260096K, used 165477K [0x0000000080000000, 0x0000000100000000)
  region size 1024K, 142 young (145408K), 15 survivors (15360K)
 Metaspace       used 55261K, capacity 56886K, committed 56912K, reserved 1099776K
  class space    used 7050K, capacity 7607K, committed 7628K, reserved 1048576K
}
Event: 6.041 GC heap after
{Heap after GC invocations=12 (full 0):
 garbage-first heap   total 260096K, used 45096K [0x0000000080000000, 0x0000000100000000)
  region size 1024K, 18 young (18432K), 18 survivors (18432K)
 Metaspace       used 55261K, capacity 56886K, committed 56912K, reserved 1099776K
  class space    used 7050K, capacity 7607K, committed 7628K, reserved 1048576K
}
Event: 7.413 GC heap before
{Heap before GC invocations=12 (full 0):
 garbage-first heap   total 260096K, used 189480K [0x0000000080000000, 0x0000000100000000)
  region size 1024K, 152 young (155648K), 18 survivors (18432K)
 Metaspace       used 67374K, capacity 69094K, committed 69200K, reserved 1110016K
  class space    used 8506K, capacity 9136K, committed 9164K, reserved 1048576K
}
Event: 7.437 GC heap after
{Heap after GC invocations=13 (full 0):
 garbage-first heap   total 312320K, used 56047K [0x0000000080000000, 0x0000000100000000)
  region size 1024K, 11 young (11264K), 11 survivors (11264K)
 Metaspace       used 67374K, capacity 69094K, committed 69200K, reserved 1110016K
  class space    used 8506K, capacity 9136K, committed 9164K, reserved 1048576K
}
Event: 8.517 GC heap before
{Heap before GC invocations=13 (full 0):
 garbage-first heap   total 312320K, used 165615K [0x0000000080000000, 0x0000000100000000)
  region size 1024K, 119 young (121856K), 11 survivors (11264K)
 Metaspace       used 76531K, capacity 78392K, committed 78428K, reserved 1118208K
  class space    used 9886K, capacity 10560K, committed 10572K, reserved 1048576K
}
Event: 8.541 GC heap after
{Heap after GC invocations=14 (full 0):
 garbage-first heap   total 312320K, used 62191K [0x0000000080000000, 0x0000000100000000)
  region size 1024K, 17 young (17408K), 17 survivors (17408K)
 Metaspace       used 76531K, capacity 78392K, committed 78428K, reserved 1118208K
  class space    used 9886K, capacity 10560K, committed 10572K, reserved 1048576K
}

