# JRE version: OpenJDK Runtime Environment (11.0.15) (build 11.0.15+0-b2043.56-9505619)
# Java VM: OpenJDK 64-Bit Server VM (11.0.15+0-b2043.56-9505619, mixed mode, tiered, compressed oops, g1 gc, windows-amd64)
Heap:
 garbage-first heap   total 312320K, used 116736K [0x0000000080000000, 0x0000000100000000)
  region size 1024K, 41 young (41984K), 12 survivors (12288K)
 Metaspace       used 87471K, capacity 89880K, committed 90012K, reserved 1128448K
  class space    used 11216K, capacity 12044K, committed 12108K, reserved 1048576K
GC Heap History (20 events):
Event: 2.386 GC heap before
{Heap before GC invocations=4 (full 0):
 garbage-first heap   total 260096K, used 63410K [0x0000000080000000, 0x0000000100000000)
  region size 1024K, 46 young (47104K), 1 survivors (1024K)
 Metaspace       used 25584K, capacity 26099K, committed 26288K, reserved 1073152K
  class space    used 3270K, capacity 3480K, committed 3584K, reserved 1048576K
}
Event: 2.391 GC heap after
{Heap after GC invocations=5 (full 0):
 garbage-first heap   total 260096K, used 18863K [0x0000000080000000, 0x0000000100000000)
  region size 1024K, 3 young (3072K), 3 survivors (3072K)
 Metaspace       used 25584K, capacity 26099K, committed 26288K, reserved 1073152K
  class space    used 3270K, capacity 3480K, committed 3584K, reserved 1048576K
}
Event: 3.149 GC heap before
{Heap before GC invocations=5 (full 0):
 garbage-first heap   total 260096K, used 85423K [0x0000000080000000, 0x0000000100000000)
  region size 1024K, 68 young (69632K), 3 survivors (3072K)
 Metaspace       used 32775K, capacity 33518K, committed 33584K, reserved 1079296K
  class space    used 4398K, capacity 4683K, committed 4736K, reserved 1048576K
}
Event: 3.155 GC heap after
{Heap after GC invocations=6 (full 0):
 garbage-first heap   total 260096K, used 21160K [0x0000000080000000, 0x0000000100000000)
  region size 1024K, 5 young (5120K), 5 survivors (5120K)
 Metaspace       used 32775K, capacity 33518K, committed 33584K, reserved 1079296K
  class space    used 4398K, capacity 4683K, committed 4736K, reserved 1048576K
}
Event: 3.329 GC heap before
{Heap before GC invocations=6 (full 0):
 garbage-first heap   total 260096K, used 29352K [0x0000000080000000, 0x0000000100000000)
  region size 1024K, 14 young (14336K), 5 survivors (5120K)
 Metaspace       used 34908K, capacity 35726K, committed 35888K, reserved 1081344K
  class space    used 4550K, capacity 4885K, committed 4992K, reserved 1048576K
}
Event: 3.337 GC heap after
{Heap after GC invocations=7 (full 0):
 garbage-first heap   total 260096K, used 22653K [0x0000000080000000, 0x0000000100000000)
  region size 1024K, 7 young (7168K), 7 survivors (7168K)
 Metaspace       used 34908K, capacity 35726K, committed 35888K, reserved 1081344K
  class space    used 4550K, capacity 4885K, committed 4992K, reserved 1048576K
}
Event: 4.179 GC heap before
{Heap before GC invocations=8 (full 0):
 garbage-first heap   total 260096K, used 110717K [0x0000000080000000, 0x0000000100000000)
  region size 1024K, 91 young (93184K), 7 survivors (7168K)
 Metaspace       used 42148K, capacity 43313K, committed 43568K, reserved 1087488K
  class space    used 5365K, capacity 5748K, committed 5760K, reserved 1048576K
}
Event: 4.194 GC heap after
{Heap after GC invocations=9 (full 0):
 garbage-first heap   total 260096K, used 29304K [0x0000000080000000, 0x0000000100000000)
  region size 1024K, 12 young (12288K), 12 survivors (12288K)
 Metaspace       used 42148K, capacity 43313K, committed 43568K, reserved 1087488K
  class space    used 5365K, capacity 5748K, committed 5760K, reserved 1048576K
}
Event: 5.560 GC heap before
{Heap before GC invocations=9 (full 0):
 garbage-first heap   total 260096K, used 161400K [0x0000000080000000, 0x0000000100000000)
  region size 1024K, 136 young (139264K), 12 survivors (12288K)
 Metaspace       used 50942K, capacity 52389K, committed 52528K, reserved 1095680K
  class space    used 6459K, capacity 7004K, committed 7040K, reserved 1048576K
}
Event: 5.582 GC heap after
{Heap after GC invocations=10 (full 0):
 garbage-first heap   total 260096K, used 43768K [0x0000000080000000, 0x0000000100000000)
  region size 1024K, 17 young (17408K), 17 survivors (17408K)
 Metaspace       used 50942K, capacity 52389K, committed 52528K, reserved 1095680K
  class space    used 6459K, capacity 7004K, committed 7040K, reserved 1048576K
}
Event: 6.251 GC heap before
{Heap before GC invocations=10 (full 0):
 garbage-first heap   total 260096K, used 97016K [0x0000000080000000, 0x0000000100000000)
  region size 1024K, 70 young (71680K), 17 survivors (17408K)
 Metaspace       used 58597K, capacity 60103K, committed 60240K, reserved 1101824K
  class space    used 7342K, capacity 7868K, committed 7936K, reserved 1048576K
}
Event: 6.272 GC heap after
{Heap after GC invocations=11 (full 0):
 garbage-first heap   total 260096K, used 47292K [0x0000000080000000, 0x0000000100000000)
  region size 1024K, 3 young (3072K), 3 survivors (3072K)
 Metaspace       used 58597K, capacity 60103K, committed 60240K, reserved 1101824K
  class space    used 7342K, capacity 7868K, committed 7936K, reserved 1048576K
}
Event: 7.502 GC heap before
{Heap before GC invocations=12 (full 0):
 garbage-first heap   total 260096K, used 153788K [0x0000000080000000, 0x0000000100000000)
  region size 1024K, 99 young (101376K), 3 survivors (3072K)
 Metaspace       used 67255K, capacity 68916K, committed 69148K, reserved 1110016K
  class space    used 8481K, capacity 9096K, committed 9164K, reserved 1048576K
}
Event: 7.516 GC heap after
{Heap after GC invocations=13 (full 0):
 garbage-first heap   total 312320K, used 53941K [0x0000000080000000, 0x0000000100000000)
  region size 1024K, 10 young (10240K), 10 survivors (10240K)
 Metaspace       used 67255K, capacity 68916K, committed 69148K, reserved 1110016K
  class space    used 8481K, capacity 9096K, committed 9164K, reserved 1048576K
}
Event: 8.833 GC heap before
{Heap before GC invocations=14 (full 0):
 garbage-first heap   total 312320K, used 176821K [0x0000000080000000, 0x0000000100000000)
  region size 1024K, 130 young (133120K), 10 survivors (10240K)
 Metaspace       used 75969K, capacity 77817K, committed 77980K, reserved 1116160K
  class space    used 9821K, capacity 10475K, committed 10572K, reserved 1048576K
}
Event: 8.852 GC heap after
{Heap after GC invocations=15 (full 0):
 garbage-first heap   total 312320K, used 62410K [0x0000000080000000, 0x0000000100000000)
  region size 1024K, 16 young (16384K), 16 survivors (16384K)
 Metaspace       used 75969K, capacity 77817K, committed 77980K, reserved 1116160K
  class space    used 9821K, capacity 10475K, committed 10572K, reserved 1048576K
}
Event: 9.839 GC heap before
{Heap before GC invocations=15 (full 0):
 garbage-first heap   total 312320K, used 189386K [0x0000000080000000, 0x0000000100000000)
  region size 1024K, 141 young (144384K), 16 survivors (16384K)
 Metaspace       used 82703K, capacity 84736K, committed 85020K, reserved 1122304K
  class space    used 10682K, capacity 11354K, committed 11468K, reserved 1048576K
}
Event: 9.862 GC heap after
{Heap after GC invocations=16 (full 0):
 garbage-first heap   total 312320K, used 75158K [0x0000000080000000, 0x0000000100000000)
  region size 1024K, 18 young (18432K), 18 survivors (18432K)
 Metaspace       used 82703K, capacity 84736K, committed 85020K, reserved 1122304K
  class space    used 10682K, capacity 11354K, committed 11468K, reserved 1048576K
}
Event: 26.696 GC heap before
{Heap before GC invocations=16 (full 0):
 garbage-first heap   total 312320K, used 203158K [0x0000000080000000, 0x0000000100000000)
  region size 1024K, 144 young (147456K), 18 survivors (18432K)
 Metaspace       used 87164K, capacity 89563K, committed 89756K, reserved 1126400K
  class space    used 11193K, capacity 12031K, committed 12108K, reserved 1048576K
}
Event: 26.732 GC heap after
{Heap after GC invocations=17 (full 0):
 garbage-first heap   total 312320K, used 88064K [0x0000000080000000, 0x0000000100000000)
  region size 1024K, 12 young (12288K), 12 survivors (12288K)
 Metaspace       used 87164K, capacity 89563K, committed 89756K, reserved 1126400K
  class space    used 11193K, capacity 12031K, committed 12108K, reserved 1048576K
}

