# JRE version: OpenJDK Runtime Environment (11.0.15) (build 11.0.15+0-b2043.56-9505619)
# Java VM: OpenJDK 64-Bit Server VM (11.0.15+0-b2043.56-9505619, mixed mode, tiered, compressed oops, g1 gc, windows-amd64)
Heap:
 garbage-first heap   total 358400K, used 143509K [0x0000000080000000, 0x0000000100000000)
  region size 1024K, 86 young (88064K), 12 survivors (12288K)
 Metaspace       used 85426K, capacity 87710K, committed 87984K, reserved 1126400K
  class space    used 11046K, capacity 11824K, committed 11852K, reserved 1048576K
GC Heap History (20 events):
Event: 2.330 GC heap before
{Heap before GC invocations=1 (full 0):
 garbage-first heap   total 260096K, used 116551K [0x0000000080000000, 0x0000000100000000)
  region size 1024K, 109 young (111616K), 2 survivors (2048K)
 Metaspace       used 20792K, capacity 21187K, committed 21296K, reserved 1069056K
  class space    used 2519K, capacity 2685K, committed 2688K, reserved 1048576K
}
Event: 2.338 GC heap after
{Heap after GC invocations=2 (full 0):
 garbage-first heap   total 260096K, used 16823K [0x0000000080000000, 0x0000000100000000)
  region size 1024K, 12 young (12288K), 12 survivors (12288K)
 Metaspace       used 20792K, capacity 21187K, committed 21296K, reserved 1069056K
  class space    used 2519K, capacity 2685K, committed 2688K, reserved 1048576K
}
Event: 2.533 GC heap before
{Heap before GC invocations=3 (full 0):
 garbage-first heap   total 260096K, used 36279K [0x0000000080000000, 0x0000000100000000)
  region size 1024K, 32 young (32768K), 12 survivors (12288K)
 Metaspace       used 22666K, capacity 23164K, committed 23548K, reserved 1069056K
  class space    used 2849K, capacity 3031K, committed 3148K, reserved 1048576K
}
Event: 2.541 GC heap after
{Heap after GC invocations=4 (full 0):
 garbage-first heap   total 260096K, used 17817K [0x0000000080000000, 0x0000000100000000)
  region size 1024K, 1 young (1024K), 1 survivors (1024K)
 Metaspace       used 22666K, capacity 23164K, committed 23548K, reserved 1069056K
  class space    used 2849K, capacity 3031K, committed 3148K, reserved 1048576K
}
Event: 3.208 GC heap before
{Heap before GC invocations=4 (full 0):
 garbage-first heap   total 260096K, used 83353K [0x0000000080000000, 0x0000000100000000)
  region size 1024K, 65 young (66560K), 1 survivors (1024K)
 Metaspace       used 29243K, capacity 29952K, committed 30204K, reserved 1075200K
  class space    used 3859K, capacity 4134K, committed 4172K, reserved 1048576K
}
Event: 3.215 GC heap after
{Heap after GC invocations=5 (full 0):
 garbage-first heap   total 260096K, used 19748K [0x0000000080000000, 0x0000000100000000)
  region size 1024K, 3 young (3072K), 3 survivors (3072K)
 Metaspace       used 29243K, capacity 29952K, committed 30204K, reserved 1075200K
  class space    used 3859K, capacity 4134K, committed 4172K, reserved 1048576K
}
Event: 3.727 GC heap before
{Heap before GC invocations=5 (full 0):
 garbage-first heap   total 260096K, used 55588K [0x0000000080000000, 0x0000000100000000)
  region size 1024K, 39 young (39936K), 3 survivors (3072K)
 Metaspace       used 35074K, capacity 35953K, committed 36048K, reserved 1081344K
  class space    used 4566K, capacity 4921K, committed 4940K, reserved 1048576K
}
Event: 3.737 GC heap after
{Heap after GC invocations=6 (full 0):
 garbage-first heap   total 260096K, used 22548K [0x0000000080000000, 0x0000000100000000)
  region size 1024K, 6 young (6144K), 6 survivors (6144K)
 Metaspace       used 35074K, capacity 35953K, committed 36048K, reserved 1081344K
  class space    used 4566K, capacity 4921K, committed 4940K, reserved 1048576K
}
Event: 4.544 GC heap before
{Heap before GC invocations=7 (full 0):
 garbage-first heap   total 260096K, used 98324K [0x0000000080000000, 0x0000000100000000)
  region size 1024K, 78 young (79872K), 6 survivors (6144K)
 Metaspace       used 41139K, capacity 42196K, committed 42320K, reserved 1085440K
  class space    used 5210K, capacity 5566K, committed 5580K, reserved 1048576K
}
Event: 4.561 GC heap after
{Heap after GC invocations=8 (full 0):
 garbage-first heap   total 260096K, used 28516K [0x0000000080000000, 0x0000000100000000)
  region size 1024K, 10 young (10240K), 10 survivors (10240K)
 Metaspace       used 41139K, capacity 42196K, committed 42320K, reserved 1085440K
  class space    used 5210K, capacity 5566K, committed 5580K, reserved 1048576K
}
Event: 5.671 GC heap before
{Heap before GC invocations=9 (full 0):
 garbage-first heap   total 260096K, used 119652K [0x0000000080000000, 0x0000000100000000)
  region size 1024K, 99 young (101376K), 10 survivors (10240K)
 Metaspace       used 48860K, capacity 50173K, committed 50384K, reserved 1093632K
  class space    used 6212K, capacity 6661K, committed 6732K, reserved 1048576K
}
Event: 5.684 GC heap after
{Heap after GC invocations=10 (full 0):
 garbage-first heap   total 260096K, used 33113K [0x0000000080000000, 0x0000000100000000)
  region size 1024K, 10 young (10240K), 10 survivors (10240K)
 Metaspace       used 48860K, capacity 50173K, committed 50384K, reserved 1093632K
  class space    used 6212K, capacity 6661K, committed 6732K, reserved 1048576K
}
Event: 7.010 GC heap before
{Heap before GC invocations=10 (full 0):
 garbage-first heap   total 260096K, used 147801K [0x0000000080000000, 0x0000000100000000)
  region size 1024K, 118 young (120832K), 10 survivors (10240K)
 Metaspace       used 60453K, capacity 62091K, committed 62416K, reserved 1103872K
  class space    used 7608K, capacity 8186K, committed 8268K, reserved 1048576K
}
Event: 7.027 GC heap after
{Heap after GC invocations=11 (full 0):
 garbage-first heap   total 260096K, used 47636K [0x0000000080000000, 0x0000000100000000)
  region size 1024K, 15 young (15360K), 15 survivors (15360K)
 Metaspace       used 60453K, capacity 62091K, committed 62416K, reserved 1103872K
  class space    used 7608K, capacity 8186K, committed 8268K, reserved 1048576K
}
Event: 8.133 GC heap before
{Heap before GC invocations=11 (full 0):
 garbage-first heap   total 260096K, used 166420K [0x0000000080000000, 0x0000000100000000)
  region size 1024K, 123 young (125952K), 15 survivors (15360K)
 Metaspace       used 67423K, capacity 69083K, committed 69200K, reserved 1110016K
  class space    used 8501K, capacity 9130K, committed 9164K, reserved 1048576K
}
Event: 8.150 GC heap after
{Heap after GC invocations=12 (full 0):
 garbage-first heap   total 260096K, used 56832K [0x0000000080000000, 0x0000000100000000)
  region size 1024K, 10 young (10240K), 10 survivors (10240K)
 Metaspace       used 67423K, capacity 69083K, committed 69200K, reserved 1110016K
  class space    used 8501K, capacity 9130K, committed 9164K, reserved 1048576K
}
Event: 8.375 GC heap before
{Heap before GC invocations=12 (full 0):
 garbage-first heap   total 260096K, used 83456K [0x0000000080000000, 0x0000000100000000)
  region size 1024K, 37 young (37888K), 10 survivors (10240K)
 Metaspace       used 69120K, capacity 70825K, committed 70960K, reserved 1112064K
  class space    used 8716K, capacity 9324K, committed 9420K, reserved 1048576K
}
Event: 8.392 GC heap after
{Heap after GC invocations=13 (full 0):
 garbage-first heap   total 358400K, used 59305K [0x0000000080000000, 0x0000000100000000)
  region size 1024K, 3 young (3072K), 3 survivors (3072K)
 Metaspace       used 69120K, capacity 70825K, committed 70960K, reserved 1112064K
  class space    used 8716K, capacity 9324K, committed 9420K, reserved 1048576K
}
Event: 10.220 GC heap before
{Heap before GC invocations=14 (full 0):
 garbage-first heap   total 358400K, used 208809K [0x0000000080000000, 0x0000000100000000)
  region size 1024K, 149 young (152576K), 3 survivors (3072K)
 Metaspace       used 82058K, capacity 84071K, committed 84144K, reserved 1122304K
  class space    used 10617K, capacity 11304K, committed 11340K, reserved 1048576K
}
Event: 10.242 GC heap after
{Heap after GC invocations=15 (full 0):
 garbage-first heap   total 358400K, used 68757K [0x0000000080000000, 0x0000000100000000)
  region size 1024K, 12 young (12288K), 12 survivors (12288K)
 Metaspace       used 82058K, capacity 84071K, committed 84144K, reserved 1122304K
  class space    used 10617K, capacity 11304K, committed 11340K, reserved 1048576K
}

