# JRE version: OpenJDK Runtime Environment (11.0.15) (build 11.0.15+0-b2043.56-9505619)
# Java VM: OpenJDK 64-Bit Server VM (11.0.15+0-b2043.56-9505619, mixed mode, tiered, compressed oops, g1 gc, windows-amd64)
Heap:
 garbage-first heap   total 312320K, used 229795K [0x0000000080000000, 0x0000000100000000)
  region size 1024K, 51 young (52224K), 11 survivors (11264K)
 Metaspace       used 106464K, capacity 109599K, committed 109676K, reserved 1144832K
  class space    used 13297K, capacity 14395K, committed 14464K, reserved 1048576K
GC Heap History (20 events):
Event: 5.655 GC heap before
{Heap before GC invocations=9 (full 0):
 garbage-first heap   total 260096K, used 192122K [0x0000000080000000, 0x0000000100000000)
  region size 1024K, 126 young (129024K), 14 survivors (14336K)
 Metaspace       used 51946K, capacity 53558K, committed 53712K, reserved 1095680K
  class space    used 6664K, capacity 7232K, committed 7296K, reserved 1048576K
}
Event: 5.673 GC heap after
{Heap after GC invocations=10 (full 0):
 garbage-first heap   total 260096K, used 86136K [0x0000000080000000, 0x0000000100000000)
  region size 1024K, 16 young (16384K), 16 survivors (16384K)
 Metaspace       used 51946K, capacity 53558K, committed 53712K, reserved 1095680K
  class space    used 6664K, capacity 7232K, committed 7296K, reserved 1048576K
}
Event: 6.742 GC heap before
{Heap before GC invocations=10 (full 0):
 garbage-first heap   total 260096K, used 196728K [0x0000000080000000, 0x0000000100000000)
  region size 1024K, 120 young (122880K), 16 survivors (16384K)
 Metaspace       used 63194K, capacity 64999K, committed 65104K, reserved 1105920K
  class space    used 8023K, capacity 8694K, committed 8704K, reserved 1048576K
}
Event: 6.759 GC heap after
{Heap after GC invocations=11 (full 0):
 garbage-first heap   total 260096K, used 98895K [0x0000000080000000, 0x0000000100000000)
  region size 1024K, 15 young (15360K), 15 survivors (15360K)
 Metaspace       used 63194K, capacity 64999K, committed 65104K, reserved 1105920K
  class space    used 8023K, capacity 8694K, committed 8704K, reserved 1048576K
}
Event: 7.650 GC heap before
{Heap before GC invocations=11 (full 0):
 garbage-first heap   total 260096K, used 205391K [0x0000000080000000, 0x0000000100000000)
  region size 1024K, 112 young (114688K), 15 survivors (15360K)
 Metaspace       used 69741K, capacity 71576K, committed 71632K, reserved 1112064K
  class space    used 8863K, capacity 9566K, committed 9600K, reserved 1048576K
}
Event: 7.668 GC heap after
{Heap after GC invocations=12 (full 0):
 garbage-first heap   total 312320K, used 108606K [0x0000000080000000, 0x0000000100000000)
  region size 1024K, 9 young (9216K), 9 survivors (9216K)
 Metaspace       used 69741K, capacity 71576K, committed 71632K, reserved 1112064K
  class space    used 8863K, capacity 9566K, committed 9600K, reserved 1048576K
}
Event: 8.556 GC heap before
{Heap before GC invocations=12 (full 0):
 garbage-first heap   total 312320K, used 192574K [0x0000000080000000, 0x0000000100000000)
  region size 1024K, 93 young (95232K), 9 survivors (9216K)
 Metaspace       used 76760K, capacity 78736K, committed 78800K, reserved 1118208K
  class space    used 9898K, capacity 10617K, committed 10624K, reserved 1048576K
}
Event: 8.568 GC heap after
{Heap after GC invocations=13 (full 0):
 garbage-first heap   total 312320K, used 115114K [0x0000000080000000, 0x0000000100000000)
  region size 1024K, 15 young (15360K), 15 survivors (15360K)
 Metaspace       used 76760K, capacity 78736K, committed 78800K, reserved 1118208K
  class space    used 9898K, capacity 10617K, committed 10624K, reserved 1048576K
}
Event: 9.394 GC heap before
{Heap before GC invocations=14 (full 0):
 garbage-first heap   total 312320K, used 270762K [0x0000000080000000, 0x0000000100000000)
  region size 1024K, 129 young (132096K), 15 survivors (15360K)
 Metaspace       used 82290K, capacity 84659K, committed 84972K, reserved 1122304K
  class space    used 10584K, capacity 11414K, committed 11520K, reserved 1048576K
}
Event: 9.411 GC heap after
{Heap after GC invocations=15 (full 0):
 garbage-first heap   total 312320K, used 164864K [0x0000000080000000, 0x0000000100000000)
  region size 1024K, 17 young (17408K), 17 survivors (17408K)
 Metaspace       used 82290K, capacity 84659K, committed 84972K, reserved 1122304K
  class space    used 10584K, capacity 11414K, committed 11520K, reserved 1048576K
}
Event: 9.723 GC heap before
{Heap before GC invocations=16 (full 0):
 garbage-first heap   total 312320K, used 214016K [0x0000000080000000, 0x0000000100000000)
  region size 1024K, 67 young (68608K), 17 survivors (17408K)
 Metaspace       used 84771K, capacity 87165K, committed 87276K, reserved 1124352K
  class space    used 10901K, capacity 11738K, committed 11776K, reserved 1048576K
}
Event: 9.739 GC heap after
{Heap after GC invocations=17 (full 0):
 garbage-first heap   total 312320K, used 168352K [0x0000000080000000, 0x0000000100000000)
  region size 1024K, 4 young (4096K), 4 survivors (4096K)
 Metaspace       used 84771K, capacity 87165K, committed 87276K, reserved 1124352K
  class space    used 10901K, capacity 11738K, committed 11776K, reserved 1048576K
}
Event: 10.545 GC heap before
{Heap before GC invocations=18 (full 0):
 garbage-first heap   total 312320K, used 254368K [0x0000000080000000, 0x0000000100000000)
  region size 1024K, 87 young (89088K), 4 survivors (4096K)
 Metaspace       used 93013K, capacity 95593K, committed 95852K, reserved 1132544K
  class space    used 11931K, capacity 12817K, committed 12928K, reserved 1048576K
}
Event: 10.552 GC heap after
{Heap after GC invocations=19 (full 0):
 garbage-first heap   total 312320K, used 170121K [0x0000000080000000, 0x0000000100000000)
  region size 1024K, 6 young (6144K), 6 survivors (6144K)
 Metaspace       used 93013K, capacity 95593K, committed 95852K, reserved 1132544K
  class space    used 11931K, capacity 12817K, committed 12928K, reserved 1048576K
}
Event: 11.585 GC heap before
{Heap before GC invocations=19 (full 0):
 garbage-first heap   total 312320K, used 256137K [0x0000000080000000, 0x0000000100000000)
  region size 1024K, 91 young (93184K), 6 survivors (6144K)
 Metaspace       used 97538K, capacity 100267K, committed 100460K, reserved 1136640K
  class space    used 12454K, capacity 13371K, committed 13440K, reserved 1048576K
}
Event: 11.599 GC heap after
{Heap after GC invocations=20 (full 0):
 garbage-first heap   total 312320K, used 178056K [0x0000000080000000, 0x0000000100000000)
  region size 1024K, 12 young (12288K), 12 survivors (12288K)
 Metaspace       used 97538K, capacity 100267K, committed 100460K, reserved 1136640K
  class space    used 12454K, capacity 13371K, committed 13440K, reserved 1048576K
}
Event: 12.642 GC heap before
{Heap before GC invocations=21 (full 0):
 garbage-first heap   total 312320K, used 257928K [0x0000000080000000, 0x0000000100000000)
  region size 1024K, 91 young (93184K), 12 survivors (12288K)
 Metaspace       used 103053K, capacity 106094K, committed 106220K, reserved 1142784K
  class space    used 12921K, capacity 13956K, committed 14080K, reserved 1048576K
}
Event: 12.668 GC heap after
{Heap after GC invocations=22 (full 0):
 garbage-first heap   total 312320K, used 183075K [0x0000000080000000, 0x0000000100000000)
  region size 1024K, 6 young (6144K), 6 survivors (6144K)
 Metaspace       used 103053K, capacity 106094K, committed 106220K, reserved 1142784K
  class space    used 12921K, capacity 13956K, committed 14080K, reserved 1048576K
}
Event: 22.515 GC heap before
{Heap before GC invocations=22 (full 0):
 garbage-first heap   total 312320K, used 259875K [0x0000000080000000, 0x0000000100000000)
  region size 1024K, 82 young (83968K), 6 survivors (6144K)
 Metaspace       used 105566K, capacity 108615K, committed 108652K, reserved 1144832K
  class space    used 13156K, capacity 14189K, committed 14208K, reserved 1048576K
}
Event: 22.541 GC heap after
{Heap after GC invocations=23 (full 0):
 garbage-first heap   total 312320K, used 190883K [0x0000000080000000, 0x0000000100000000)
  region size 1024K, 11 young (11264K), 11 survivors (11264K)
 Metaspace       used 105566K, capacity 108615K, committed 108652K, reserved 1144832K
  class space    used 13156K, capacity 14189K, committed 14208K, reserved 1048576K
}

