# JRE version: OpenJDK Runtime Environment (11.0.15) (build 11.0.15+0-b2043.56-9505619)
# Java VM: OpenJDK 64-Bit Server VM (11.0.15+0-b2043.56-9505619, mixed mode, tiered, compressed oops, g1 gc, windows-amd64)
Heap:
 garbage-first heap   total 260096K, used 130048K [0x0000000080000000, 0x0000000100000000)
  region size 1024K, 70 young (71680K), 16 survivors (16384K)
 Metaspace       used 86757K, capacity 89125K, committed 89296K, reserved 1126400K
  class space    used 11212K, capacity 12047K, committed 12160K, reserved 1048576K
GC Heap History (20 events):
Event: 4.227 GC heap before
{Heap before GC invocations=1 (full 0):
 garbage-first heap   total 260096K, used 116678K [0x0000000080000000, 0x0000000100000000)
  region size 1024K, 109 young (111616K), 2 survivors (2048K)
 Metaspace       used 20810K, capacity 21185K, committed 21296K, reserved 1069056K
  class space    used 2522K, capacity 2683K, committed 2688K, reserved 1048576K
}
Event: 4.239 GC heap after
{Heap after GC invocations=2 (full 0):
 garbage-first heap   total 260096K, used 16846K [0x0000000080000000, 0x0000000100000000)
  region size 1024K, 12 young (12288K), 12 survivors (12288K)
 Metaspace       used 20810K, capacity 21185K, committed 21296K, reserved 1069056K
  class space    used 2522K, capacity 2683K, committed 2688K, reserved 1048576K
}
Event: 4.520 GC heap before
{Heap before GC invocations=3 (full 0):
 garbage-first heap   total 260096K, used 29134K [0x0000000080000000, 0x0000000100000000)
  region size 1024K, 24 young (24576K), 12 survivors (12288K)
 Metaspace       used 22279K, capacity 22784K, committed 22960K, reserved 1069056K
  class space    used 2768K, capacity 2967K, committed 3072K, reserved 1048576K
}
Event: 4.528 GC heap after
{Heap after GC invocations=4 (full 0):
 garbage-first heap   total 260096K, used 17879K [0x0000000080000000, 0x0000000100000000)
  region size 1024K, 1 young (1024K), 1 survivors (1024K)
 Metaspace       used 22279K, capacity 22784K, committed 22960K, reserved 1069056K
  class space    used 2768K, capacity 2967K, committed 3072K, reserved 1048576K
}
Event: 5.727 GC heap before
{Heap before GC invocations=4 (full 0):
 garbage-first heap   total 260096K, used 84439K [0x0000000080000000, 0x0000000100000000)
  region size 1024K, 66 young (67584K), 1 survivors (1024K)
 Metaspace       used 28690K, capacity 29385K, committed 29616K, reserved 1075200K
  class space    used 3774K, capacity 4048K, committed 4096K, reserved 1048576K
}
Event: 5.733 GC heap after
{Heap after GC invocations=5 (full 0):
 garbage-first heap   total 260096K, used 19929K [0x0000000080000000, 0x0000000100000000)
  region size 1024K, 3 young (3072K), 3 survivors (3072K)
 Metaspace       used 28690K, capacity 29385K, committed 29616K, reserved 1075200K
  class space    used 3774K, capacity 4048K, committed 4096K, reserved 1048576K
}
Event: 6.787 GC heap before
{Heap before GC invocations=5 (full 0):
 garbage-first heap   total 260096K, used 62937K [0x0000000080000000, 0x0000000100000000)
  region size 1024K, 46 young (47104K), 3 survivors (3072K)
 Metaspace       used 34849K, capacity 35729K, committed 35888K, reserved 1081344K
  class space    used 4550K, capacity 4885K, committed 4992K, reserved 1048576K
}
Event: 6.798 GC heap after
{Heap after GC invocations=6 (full 0):
 garbage-first heap   total 260096K, used 22480K [0x0000000080000000, 0x0000000100000000)
  region size 1024K, 6 young (6144K), 6 survivors (6144K)
 Metaspace       used 34849K, capacity 35729K, committed 35888K, reserved 1081344K
  class space    used 4550K, capacity 4885K, committed 4992K, reserved 1048576K
}
Event: 8.075 GC heap before
{Heap before GC invocations=7 (full 0):
 garbage-first heap   total 260096K, used 108496K [0x0000000080000000, 0x0000000100000000)
  region size 1024K, 88 young (90112K), 6 survivors (6144K)
 Metaspace       used 42011K, capacity 43212K, committed 43312K, reserved 1087488K
  class space    used 5338K, capacity 5713K, committed 5760K, reserved 1048576K
}
Event: 8.091 GC heap after
{Heap after GC invocations=8 (full 0):
 garbage-first heap   total 260096K, used 29207K [0x0000000080000000, 0x0000000100000000)
  region size 1024K, 11 young (11264K), 11 survivors (11264K)
 Metaspace       used 42011K, capacity 43212K, committed 43312K, reserved 1087488K
  class space    used 5338K, capacity 5713K, committed 5760K, reserved 1048576K
}
Event: 9.930 GC heap before
{Heap before GC invocations=8 (full 0):
 garbage-first heap   total 260096K, used 141847K [0x0000000080000000, 0x0000000100000000)
  region size 1024K, 119 young (121856K), 11 survivors (11264K)
 Metaspace       used 49786K, capacity 51272K, committed 51376K, reserved 1093632K
  class space    used 6311K, capacity 6843K, committed 6912K, reserved 1048576K
}
Event: 9.950 GC heap after
{Heap after GC invocations=9 (full 0):
 garbage-first heap   total 260096K, used 39173K [0x0000000080000000, 0x0000000100000000)
  region size 1024K, 14 young (14336K), 14 survivors (14336K)
 Metaspace       used 49786K, capacity 51272K, committed 51376K, reserved 1093632K
  class space    used 6311K, capacity 6843K, committed 6912K, reserved 1048576K
}
Event: 11.283 GC heap before
{Heap before GC invocations=9 (full 0):
 garbage-first heap   total 260096K, used 110853K [0x0000000080000000, 0x0000000100000000)
  region size 1024K, 83 young (84992K), 14 survivors (14336K)
 Metaspace       used 58657K, capacity 60139K, committed 60240K, reserved 1101824K
  class space    used 7345K, capacity 7899K, committed 7936K, reserved 1048576K
}
Event: 11.300 GC heap after
{Heap after GC invocations=10 (full 0):
 garbage-first heap   total 260096K, used 46799K [0x0000000080000000, 0x0000000100000000)
  region size 1024K, 13 young (13312K), 13 survivors (13312K)
 Metaspace       used 58657K, capacity 60139K, committed 60240K, reserved 1101824K
  class space    used 7345K, capacity 7899K, committed 7936K, reserved 1048576K
}
Event: 12.891 GC heap before
{Heap before GC invocations=11 (full 0):
 garbage-first heap   total 260096K, used 170703K [0x0000000080000000, 0x0000000100000000)
  region size 1024K, 127 young (130048K), 13 survivors (13312K)
 Metaspace       used 67491K, capacity 69116K, committed 69456K, reserved 1110016K
  class space    used 8516K, capacity 9097K, committed 9216K, reserved 1048576K
}
Event: 12.909 GC heap after
{Heap after GC invocations=12 (full 0):
 garbage-first heap   total 260096K, used 56633K [0x0000000080000000, 0x0000000100000000)
  region size 1024K, 16 young (16384K), 16 survivors (16384K)
 Metaspace       used 67491K, capacity 69116K, committed 69456K, reserved 1110016K
  class space    used 8516K, capacity 9097K, committed 9216K, reserved 1048576K
}
Event: 14.906 GC heap before
{Heap before GC invocations=12 (full 0):
 garbage-first heap   total 260096K, used 175417K [0x0000000080000000, 0x0000000100000000)
  region size 1024K, 132 young (135168K), 16 survivors (16384K)
 Metaspace       used 77422K, capacity 79383K, committed 79696K, reserved 1118208K
  class space    used 10009K, capacity 10693K, committed 10752K, reserved 1048576K
}
Event: 14.936 GC heap after
{Heap after GC invocations=13 (full 0):
 garbage-first heap   total 260096K, used 63781K [0x0000000080000000, 0x0000000100000000)
  region size 1024K, 8 young (8192K), 8 survivors (8192K)
 Metaspace       used 77422K, capacity 79383K, committed 79696K, reserved 1118208K
  class space    used 10009K, capacity 10693K, committed 10752K, reserved 1048576K
}
Event: 16.857 GC heap before
{Heap before GC invocations=13 (full 0):
 garbage-first heap   total 260096K, used 184613K [0x0000000080000000, 0x0000000100000000)
  region size 1024K, 127 young (130048K), 8 survivors (8192K)
 Metaspace       used 84152K, capacity 86178K, committed 86480K, reserved 1124352K
  class space    used 10802K, capacity 11549K, committed 11648K, reserved 1048576K
}
Event: 16.882 GC heap after
{Heap after GC invocations=14 (full 0):
 garbage-first heap   total 260096K, used 76800K [0x0000000080000000, 0x0000000100000000)
  region size 1024K, 16 young (16384K), 16 survivors (16384K)
 Metaspace       used 84152K, capacity 86178K, committed 86480K, reserved 1124352K
  class space    used 10802K, capacity 11549K, committed 11648K, reserved 1048576K
}

