# JRE version: OpenJDK Runtime Environment Corretto-11.0.18.10.1 (11.0.18+10) (build 11.0.18+10-LTS)
# Java VM: OpenJDK 64-Bit Server VM Corretto-11.0.18.10.1 (11.0.18+10-LTS, mixed mode, tiered, compressed oops, g1 gc, windows-amd64)
Heap:
 garbage-first heap   total 260096K, used 79872K [0x0000000080000000, 0x0000000100000000)
  region size 1024K, 5 young (5120K), 3 survivors (3072K)
 Metaspace       used 85915K, capacity 88220K, committed 88576K, reserved 1126400K
  class space    used 11125K, capacity 11922K, committed 12032K, reserved 1048576K
GC Heap History (18 events):
Event: 4.405 GC heap before
{Heap before GC invocations=0 (full 0):
 garbage-first heap   total 260096K, used 16384K [0x0000000080000000, 0x0000000100000000)
  region size 1024K, 14 young (14336K), 0 survivors (0K)
 Metaspace       used 6765K, capacity 6999K, committed 7168K, reserved 1056768K
  class space    used 571K, capacity 649K, committed 768K, reserved 1048576K
}
Event: 4.407 GC heap after
{Heap after GC invocations=1 (full 0):
 garbage-first heap   total 260096K, used 4173K [0x0000000080000000, 0x0000000100000000)
  region size 1024K, 2 young (2048K), 2 survivors (2048K)
 Metaspace       used 6765K, capacity 6999K, committed 7168K, reserved 1056768K
  class space    used 571K, capacity 649K, committed 768K, reserved 1048576K
}
Event: 9.539 GC heap before
{Heap before GC invocations=1 (full 0):
 garbage-first heap   total 260096K, used 107597K [0x0000000080000000, 0x0000000100000000)
  region size 1024K, 100 young (102400K), 2 survivors (2048K)
 Metaspace       used 20064K, capacity 20472K, committed 20736K, reserved 1067008K
  class space    used 2397K, capacity 2550K, committed 2560K, reserved 1048576K
}
Event: 9.547 GC heap after
{Heap after GC invocations=2 (full 0):
 garbage-first heap   total 260096K, used 16584K [0x0000000080000000, 0x0000000100000000)
  region size 1024K, 12 young (12288K), 12 survivors (12288K)
 Metaspace       used 20064K, capacity 20472K, committed 20736K, reserved 1067008K
  class space    used 2397K, capacity 2550K, committed 2560K, reserved 1048576K
}
Event: 9.620 GC heap before
{Heap before GC invocations=2 (full 0):
 garbage-first heap   total 260096K, used 24776K [0x0000000080000000, 0x0000000100000000)
  region size 1024K, 21 young (21504K), 12 survivors (12288K)
 Metaspace       used 20809K, capacity 21198K, committed 21296K, reserved 1069056K
  class space    used 2517K, capacity 2687K, committed 2688K, reserved 1048576K
}
Event: 9.626 GC heap after
{Heap after GC invocations=3 (full 0):
 garbage-first heap   total 260096K, used 17499K [0x0000000080000000, 0x0000000100000000)
  region size 1024K, 1 young (1024K), 1 survivors (1024K)
 Metaspace       used 20809K, capacity 21198K, committed 21296K, reserved 1069056K
  class space    used 2517K, capacity 2687K, committed 2688K, reserved 1048576K
}
Event: 10.601 GC heap before
{Heap before GC invocations=4 (full 0):
 garbage-first heap   total 260096K, used 118875K [0x0000000080000000, 0x0000000100000000)
  region size 1024K, 100 young (102400K), 1 survivors (1024K)
 Metaspace       used 30539K, capacity 31172K, committed 31232K, reserved 1077248K
  class space    used 4070K, capacity 4322K, committed 4352K, reserved 1048576K
}
Event: 10.607 GC heap after
{Heap after GC invocations=5 (full 0):
 garbage-first heap   total 260096K, used 20205K [0x0000000080000000, 0x0000000100000000)
  region size 1024K, 4 young (4096K), 4 survivors (4096K)
 Metaspace       used 30539K, capacity 31172K, committed 31232K, reserved 1077248K
  class space    used 4070K, capacity 4322K, committed 4352K, reserved 1048576K
}
Event: 12.250 GC heap before
{Heap before GC invocations=6 (full 0):
 garbage-first heap   total 260096K, used 138989K [0x0000000080000000, 0x0000000100000000)
  region size 1024K, 118 young (120832K), 4 survivors (4096K)
 Metaspace       used 43121K, capacity 44258K, committed 44416K, reserved 1087488K
  class space    used 5521K, capacity 5924K, committed 6016K, reserved 1048576K
}
Event: 12.262 GC heap after
{Heap after GC invocations=7 (full 0):
 garbage-first heap   total 260096K, used 29711K [0x0000000080000000, 0x0000000100000000)
  region size 1024K, 13 young (13312K), 13 survivors (13312K)
 Metaspace       used 43121K, capacity 44258K, committed 44416K, reserved 1087488K
  class space    used 5521K, capacity 5924K, committed 6016K, reserved 1048576K
}
Event: 16.878 GC heap before
{Heap before GC invocations=7 (full 0):
 garbage-first heap   total 260096K, used 150543K [0x0000000080000000, 0x0000000100000000)
  region size 1024K, 127 young (130048K), 13 survivors (13312K)
 Metaspace       used 51040K, capacity 52493K, committed 52608K, reserved 1095680K
  class space    used 6468K, capacity 6971K, committed 7040K, reserved 1048576K
}
Event: 16.901 GC heap after
{Heap after GC invocations=8 (full 0):
 garbage-first heap   total 260096K, used 44086K [0x0000000080000000, 0x0000000100000000)
  region size 1024K, 11 young (11264K), 11 survivors (11264K)
 Metaspace       used 51040K, capacity 52493K, committed 52608K, reserved 1095680K
  class space    used 6468K, capacity 6971K, committed 7040K, reserved 1048576K
}
Event: 18.915 GC heap before
{Heap before GC invocations=9 (full 0):
 garbage-first heap   total 260096K, used 183350K [0x0000000080000000, 0x0000000100000000)
  region size 1024K, 140 young (143360K), 11 survivors (11264K)
 Metaspace       used 66004K, capacity 67642K, committed 67840K, reserved 1107968K
  class space    used 8292K, capacity 8889K, committed 8960K, reserved 1048576K
}
Event: 18.930 GC heap after
{Heap after GC invocations=10 (full 0):
 garbage-first heap   total 260096K, used 53248K [0x0000000080000000, 0x0000000100000000)
  region size 1024K, 9 young (9216K), 9 survivors (9216K)
 Metaspace       used 66004K, capacity 67642K, committed 67840K, reserved 1107968K
  class space    used 8292K, capacity 8889K, committed 8960K, reserved 1048576K
}
Event: 20.543 GC heap before
{Heap before GC invocations=10 (full 0):
 garbage-first heap   total 260096K, used 189440K [0x0000000080000000, 0x0000000100000000)
  region size 1024K, 142 young (145408K), 9 survivors (9216K)
 Metaspace       used 75711K, capacity 77539K, committed 77824K, reserved 1116160K
  class space    used 9786K, capacity 10427K, committed 10496K, reserved 1048576K
}
Event: 20.559 GC heap after
{Heap after GC invocations=11 (full 0):
 garbage-first heap   total 260096K, used 61280K [0x0000000080000000, 0x0000000100000000)
  region size 1024K, 17 young (17408K), 17 survivors (17408K)
 Metaspace       used 75711K, capacity 77539K, committed 77824K, reserved 1116160K
  class space    used 9786K, capacity 10427K, committed 10496K, reserved 1048576K
}
Event: 22.427 GC heap before
{Heap before GC invocations=11 (full 0):
 garbage-first heap   total 260096K, used 196448K [0x0000000080000000, 0x0000000100000000)
  region size 1024K, 150 young (153600K), 17 survivors (17408K)
 Metaspace       used 82963K, capacity 84982K, committed 85120K, reserved 1122304K
  class space    used 10701K, capacity 11386K, committed 11392K, reserved 1048576K
}
Event: 22.457 GC heap after
{Heap after GC invocations=12 (full 0):
 garbage-first heap   total 260096K, used 75169K [0x0000000080000000, 0x0000000100000000)
  region size 1024K, 19 young (19456K), 19 survivors (19456K)
 Metaspace       used 82963K, capacity 84982K, committed 85120K, reserved 1122304K
  class space    used 10701K, capacity 11386K, committed 11392K, reserved 1048576K
}

