# JRE version: OpenJDK Runtime Environment (11.0.15) (build 11.0.15+0-b2043.56-9505619)
# Java VM: OpenJDK 64-Bit Server VM (11.0.15+0-b2043.56-9505619, mixed mode, tiered, compressed oops, g1 gc, windows-amd64)
Heap:
 garbage-first heap   total 312320K, used 80383K [0x0000000080000000, 0x0000000100000000)
  region size 1024K, 22 young (22528K), 20 survivors (20480K)
 Metaspace       used 85997K, capacity 88242K, committed 88348K, reserved 1126400K
  class space    used 11128K, capacity 11890K, committed 11928K, reserved 1048576K
GC Heap History (18 events):
Event: 0.464 GC heap before
{Heap before GC invocations=0 (full 0):
 garbage-first heap   total 260096K, used 16384K [0x0000000080000000, 0x0000000100000000)
  region size 1024K, 14 young (14336K), 0 survivors (0K)
 Metaspace       used 6744K, capacity 6929K, committed 7168K, reserved 1056768K
  class space    used 571K, capacity 650K, committed 768K, reserved 1048576K
}
Event: 0.470 GC heap after
{Heap after GC invocations=1 (full 0):
 garbage-first heap   total 260096K, used 3897K [0x0000000080000000, 0x0000000100000000)
  region size 1024K, 2 young (2048K), 2 survivors (2048K)
 Metaspace       used 6744K, capacity 6929K, committed 7168K, reserved 1056768K
  class space    used 571K, capacity 650K, committed 768K, reserved 1048576K
}
Event: 2.230 GC heap before
{Heap before GC invocations=1 (full 0):
 garbage-first heap   total 260096K, used 113465K [0x0000000080000000, 0x0000000100000000)
  region size 1024K, 106 young (108544K), 2 survivors (2048K)
 Metaspace       used 20770K, capacity 21191K, committed 21296K, reserved 1069056K
  class space    used 2519K, capacity 2685K, committed 2688K, reserved 1048576K
}
Event: 2.240 GC heap after
{Heap after GC invocations=2 (full 0):
 garbage-first heap   total 260096K, used 17346K [0x0000000080000000, 0x0000000100000000)
  region size 1024K, 13 young (13312K), 13 survivors (13312K)
 Metaspace       used 20770K, capacity 21191K, committed 21296K, reserved 1069056K
  class space    used 2519K, capacity 2685K, committed 2688K, reserved 1048576K
}
Event: 2.788 GC heap before
{Heap before GC invocations=3 (full 0):
 garbage-first heap   total 260096K, used 65474K [0x0000000080000000, 0x0000000100000000)
  region size 1024K, 60 young (61440K), 13 survivors (13312K)
 Metaspace       used 25958K, capacity 26533K, committed 26620K, reserved 1073152K
  class space    used 3365K, capacity 3581K, committed 3660K, reserved 1048576K
}
Event: 2.797 GC heap after
{Heap after GC invocations=4 (full 0):
 garbage-first heap   total 260096K, used 19531K [0x0000000080000000, 0x0000000100000000)
  region size 1024K, 3 young (3072K), 3 survivors (3072K)
 Metaspace       used 25958K, capacity 26533K, committed 26620K, reserved 1073152K
  class space    used 3365K, capacity 3581K, committed 3660K, reserved 1048576K
}
Event: 3.616 GC heap before
{Heap before GC invocations=4 (full 0):
 garbage-first heap   total 260096K, used 90187K [0x0000000080000000, 0x0000000100000000)
  region size 1024K, 73 young (74752K), 3 survivors (3072K)
 Metaspace       used 35088K, capacity 35958K, committed 36048K, reserved 1081344K
  class space    used 4567K, capacity 4921K, committed 4940K, reserved 1048576K
}
Event: 3.625 GC heap after
{Heap after GC invocations=5 (full 0):
 garbage-first heap   total 260096K, used 22704K [0x0000000080000000, 0x0000000100000000)
  region size 1024K, 6 young (6144K), 6 survivors (6144K)
 Metaspace       used 35088K, capacity 35958K, committed 36048K, reserved 1081344K
  class space    used 4567K, capacity 4921K, committed 4940K, reserved 1048576K
}
Event: 4.772 GC heap before
{Heap before GC invocations=6 (full 0):
 garbage-first heap   total 260096K, used 138416K [0x0000000080000000, 0x0000000100000000)
  region size 1024K, 116 young (118784K), 6 survivors (6144K)
 Metaspace       used 45248K, capacity 46421K, committed 46620K, reserved 1089536K
  class space    used 5741K, capacity 6154K, committed 6296K, reserved 1048576K
}
Event: 4.791 GC heap after
{Heap after GC invocations=7 (full 0):
 garbage-first heap   total 260096K, used 30858K [0x0000000080000000, 0x0000000100000000)
  region size 1024K, 14 young (14336K), 14 survivors (14336K)
 Metaspace       used 45248K, capacity 46421K, committed 46620K, reserved 1089536K
  class space    used 5741K, capacity 6154K, committed 6296K, reserved 1048576K
}
Event: 6.475 GC heap before
{Heap before GC invocations=8 (full 0):
 garbage-first heap   total 260096K, used 163978K [0x0000000080000000, 0x0000000100000000)
  region size 1024K, 139 young (142336K), 14 survivors (14336K)
 Metaspace       used 55175K, capacity 56726K, committed 56988K, reserved 1099776K
  class space    used 7038K, capacity 7573K, committed 7704K, reserved 1048576K
}
Event: 6.494 GC heap after
{Heap after GC invocations=9 (full 0):
 garbage-first heap   total 260096K, used 44962K [0x0000000080000000, 0x0000000100000000)
  region size 1024K, 18 young (18432K), 18 survivors (18432K)
 Metaspace       used 55175K, capacity 56726K, committed 56988K, reserved 1099776K
  class space    used 7038K, capacity 7573K, committed 7704K, reserved 1048576K
}
Event: 7.998 GC heap before
{Heap before GC invocations=9 (full 0):
 garbage-first heap   total 260096K, used 190370K [0x0000000080000000, 0x0000000100000000)
  region size 1024K, 152 young (155648K), 18 survivors (18432K)
 Metaspace       used 67403K, capacity 69163K, committed 69276K, reserved 1110016K
  class space    used 8506K, capacity 9135K, committed 9240K, reserved 1048576K
}
Event: 8.019 GC heap after
{Heap after GC invocations=10 (full 0):
 garbage-first heap   total 260096K, used 56592K [0x0000000080000000, 0x0000000100000000)
  region size 1024K, 11 young (11264K), 11 survivors (11264K)
 Metaspace       used 67403K, capacity 69163K, committed 69276K, reserved 1110016K
  class space    used 8506K, capacity 9135K, committed 9240K, reserved 1048576K
}
Event: 9.162 GC heap before
{Heap before GC invocations=10 (full 0):
 garbage-first heap   total 260096K, used 160016K [0x0000000080000000, 0x0000000100000000)
  region size 1024K, 113 young (115712K), 11 survivors (11264K)
 Metaspace       used 76075K, capacity 77953K, committed 78128K, reserved 1118208K
  class space    used 9827K, capacity 10476K, committed 10520K, reserved 1048576K
}
Event: 9.185 GC heap after
{Heap after GC invocations=11 (full 0):
 garbage-first heap   total 312320K, used 64000K [0x0000000080000000, 0x0000000100000000)
  region size 1024K, 7 young (7168K), 7 survivors (7168K)
 Metaspace       used 76075K, capacity 77953K, committed 78128K, reserved 1118208K
  class space    used 9827K, capacity 10476K, committed 10520K, reserved 1048576K
}
Event: 20.947 GC heap before
{Heap before GC invocations=12 (full 0):
 garbage-first heap   total 312320K, used 212480K [0x0000000080000000, 0x0000000100000000)
  region size 1024K, 153 young (156672K), 7 survivors (7168K)
 Metaspace       used 85837K, capacity 88091K, committed 88348K, reserved 1126400K
  class space    used 11104K, capacity 11883K, committed 11928K, reserved 1048576K
}
Event: 20.976 GC heap after
{Heap after GC invocations=13 (full 0):
 garbage-first heap   total 312320K, used 79359K [0x0000000080000000, 0x0000000100000000)
  region size 1024K, 20 young (20480K), 20 survivors (20480K)
 Metaspace       used 85837K, capacity 88091K, committed 88348K, reserved 1126400K
  class space    used 11104K, capacity 11883K, committed 11928K, reserved 1048576K
}

