# JRE version: OpenJDK Runtime Environment (11.0.15) (build 11.0.15+0-b2043.56-9505619)
# Java VM: OpenJDK 64-Bit Server VM (11.0.15+0-b2043.56-9505619, mixed mode, tiered, compressed oops, g1 gc, windows-amd64)
Heap:
 garbage-first heap   total 312320K, used 236546K [0x0000000080000000, 0x0000000100000000)
  region size 1024K, 55 young (56320K), 9 survivors (9216K)
 Metaspace       used 107170K, capacity 110177K, committed 110420K, reserved 1144832K
  class space    used 13366K, capacity 14463K, committed 14464K, reserved 1048576K
GC Heap History (20 events):
Event: 9.916 GC heap before
{Heap before GC invocations=14 (full 0):
 garbage-first heap   total 312320K, used 137528K [0x0000000080000000, 0x0000000100000000)
  region size 1024K, 38 young (38912K), 10 survivors (10240K)
 Metaspace       used 75451K, capacity 77432K, committed 77576K, reserved 1116160K
  class space    used 9758K, capacity 10489K, committed 10496K, reserved 1048576K
}
Event: 9.928 GC heap after
{Heap after GC invocations=15 (full 0):
 garbage-first heap   total 312320K, used 111541K [0x0000000080000000, 0x0000000100000000)
  region size 1024K, 2 young (2048K), 2 survivors (2048K)
 Metaspace       used 75451K, capacity 77432K, committed 77576K, reserved 1116160K
  class space    used 9758K, capacity 10489K, committed 10496K, reserved 1048576K
}
Event: 10.657 GC heap before
{Heap before GC invocations=16 (full 0):
 garbage-first heap   total 312320K, used 174005K [0x0000000080000000, 0x0000000100000000)
  region size 1024K, 38 young (38912K), 2 survivors (2048K)
 Metaspace       used 78566K, capacity 80608K, committed 80724K, reserved 1120256K
  class space    used 10069K, capacity 10788K, committed 10880K, reserved 1048576K
}
Event: 10.666 GC heap after
{Heap after GC invocations=17 (full 0):
 garbage-first heap   total 312320K, used 148656K [0x0000000080000000, 0x0000000100000000)
  region size 1024K, 12 young (12288K), 12 survivors (12288K)
 Metaspace       used 78566K, capacity 80608K, committed 80724K, reserved 1120256K
  class space    used 10069K, capacity 10788K, committed 10880K, reserved 1048576K
}
Event: 11.390 GC heap before
{Heap before GC invocations=18 (full 0):
 garbage-first heap   total 312320K, used 245936K [0x0000000080000000, 0x0000000100000000)
  region size 1024K, 95 young (97280K), 12 survivors (12288K)
 Metaspace       used 81967K, capacity 84252K, committed 84308K, reserved 1122304K
  class space    used 10550K, capacity 11346K, committed 11392K, reserved 1048576K
}
Event: 11.401 GC heap after
{Heap after GC invocations=19 (full 0):
 garbage-first heap   total 312320K, used 163455K [0x0000000080000000, 0x0000000100000000)
  region size 1024K, 4 young (4096K), 4 survivors (4096K)
 Metaspace       used 81967K, capacity 84252K, committed 84308K, reserved 1122304K
  class space    used 10550K, capacity 11346K, committed 11392K, reserved 1048576K
}
Event: 11.521 GC heap before
{Heap before GC invocations=19 (full 0):
 garbage-first heap   total 312320K, used 176767K [0x0000000080000000, 0x0000000100000000)
  region size 1024K, 19 young (19456K), 4 survivors (4096K)
 Metaspace       used 82613K, capacity 85000K, committed 85204K, reserved 1124352K
  class space    used 10609K, capacity 11444K, committed 11520K, reserved 1048576K
}
Event: 11.531 GC heap after
{Heap after GC invocations=20 (full 0):
 garbage-first heap   total 312320K, used 164349K [0x0000000080000000, 0x0000000100000000)
  region size 1024K, 5 young (5120K), 5 survivors (5120K)
 Metaspace       used 82613K, capacity 85000K, committed 85204K, reserved 1124352K
  class space    used 10609K, capacity 11444K, committed 11520K, reserved 1048576K
}
Event: 12.689 GC heap before
{Heap before GC invocations=21 (full 0):
 garbage-first heap   total 312320K, used 236029K [0x0000000080000000, 0x0000000100000000)
  region size 1024K, 74 young (75776K), 5 survivors (5120K)
 Metaspace       used 90697K, capacity 93188K, committed 93396K, reserved 1130496K
  class space    used 11644K, capacity 12490K, committed 12544K, reserved 1048576K
}
Event: 12.699 GC heap after
{Heap after GC invocations=22 (full 0):
 garbage-first heap   total 312320K, used 166723K [0x0000000080000000, 0x0000000100000000)
  region size 1024K, 7 young (7168K), 7 survivors (7168K)
 Metaspace       used 90697K, capacity 93188K, committed 93396K, reserved 1130496K
  class space    used 11644K, capacity 12490K, committed 12544K, reserved 1048576K
}
Event: 13.816 GC heap before
{Heap before GC invocations=22 (full 0):
 garbage-first heap   total 312320K, used 239427K [0x0000000080000000, 0x0000000100000000)
  region size 1024K, 79 young (80896K), 7 survivors (7168K)
 Metaspace       used 95384K, capacity 98113K, committed 98388K, reserved 1134592K
  class space    used 12190K, capacity 13131K, committed 13184K, reserved 1048576K
}
Event: 13.833 GC heap after
{Heap after GC invocations=23 (full 0):
 garbage-first heap   total 312320K, used 173965K [0x0000000080000000, 0x0000000100000000)
  region size 1024K, 10 young (10240K), 10 survivors (10240K)
 Metaspace       used 95384K, capacity 98113K, committed 98388K, reserved 1134592K
  class space    used 12190K, capacity 13131K, committed 13184K, reserved 1048576K
}
Event: 15.014 GC heap before
{Heap before GC invocations=24 (full 0):
 garbage-first heap   total 312320K, used 244621K [0x0000000080000000, 0x0000000100000000)
  region size 1024K, 80 young (81920K), 10 survivors (10240K)
 Metaspace       used 96880K, capacity 99607K, committed 99796K, reserved 1136640K
  class space    used 12294K, capacity 13234K, committed 13312K, reserved 1048576K
}
Event: 15.034 GC heap after
{Heap after GC invocations=25 (full 0):
 garbage-first heap   total 312320K, used 179282K [0x0000000080000000, 0x0000000100000000)
  region size 1024K, 7 young (7168K), 7 survivors (7168K)
 Metaspace       used 96880K, capacity 99607K, committed 99796K, reserved 1136640K
  class space    used 12294K, capacity 13234K, committed 13312K, reserved 1048576K
}
Event: 15.687 GC heap before
{Heap before GC invocations=25 (full 0):
 garbage-first heap   total 312320K, used 249938K [0x0000000080000000, 0x0000000100000000)
  region size 1024K, 76 young (77824K), 7 survivors (7168K)
 Metaspace       used 99178K, capacity 101798K, committed 102100K, reserved 1138688K
  class space    used 12561K, capacity 13467K, committed 13568K, reserved 1048576K
}
Event: 15.699 GC heap after
{Heap after GC invocations=26 (full 0):
 garbage-first heap   total 312320K, used 183651K [0x0000000080000000, 0x0000000100000000)
  region size 1024K, 4 young (4096K), 4 survivors (4096K)
 Metaspace       used 99178K, capacity 101798K, committed 102100K, reserved 1138688K
  class space    used 12561K, capacity 13467K, committed 13568K, reserved 1048576K
}
Event: 22.122 GC heap before
{Heap before GC invocations=27 (full 0):
 garbage-first heap   total 312320K, used 254307K [0x0000000080000000, 0x0000000100000000)
  region size 1024K, 74 young (75776K), 4 survivors (4096K)
 Metaspace       used 104605K, capacity 107587K, committed 107860K, reserved 1142784K
  class space    used 13089K, capacity 14146K, committed 14208K, reserved 1048576K
}
Event: 22.130 GC heap after
{Heap after GC invocations=28 (full 0):
 garbage-first heap   total 312320K, used 187307K [0x0000000080000000, 0x0000000100000000)
  region size 1024K, 8 young (8192K), 8 survivors (8192K)
 Metaspace       used 104605K, capacity 107587K, committed 107860K, reserved 1142784K
  class space    used 13089K, capacity 14146K, committed 14208K, reserved 1048576K
}
Event: 33.691 GC heap before
{Heap before GC invocations=28 (full 0):
 garbage-first heap   total 312320K, used 256939K [0x0000000080000000, 0x0000000100000000)
  region size 1024K, 76 young (77824K), 8 survivors (8192K)
 Metaspace       used 106541K, capacity 109526K, committed 109652K, reserved 1144832K
  class space    used 13279K, capacity 14362K, committed 14464K, reserved 1048576K
}
Event: 33.718 GC heap after
{Heap after GC invocations=29 (full 0):
 garbage-first heap   total 312320K, used 191490K [0x0000000080000000, 0x0000000100000000)
  region size 1024K, 9 young (9216K), 9 survivors (9216K)
 Metaspace       used 106541K, capacity 109526K, committed 109652K, reserved 1144832K
  class space    used 13279K, capacity 14362K, committed 14464K, reserved 1048576K
}

