# JRE version: OpenJDK Runtime Environment (11.0.15) (build 11.0.15+0-b2043.56-9505619)
# Java VM: OpenJDK 64-Bit Server VM (11.0.15+0-b2043.56-9505619, mixed mode, tiered, compressed oops, g1 gc, windows-amd64)
Heap:
 garbage-first heap   total 312320K, used 182880K [0x0000000080000000, 0x0000000100000000)
  region size 1024K, 135 young (138240K), 17 survivors (17408K)
 Metaspace       used 85962K, capacity 88119K, committed 88348K, reserved 1126400K
  class space    used 11135K, capacity 11892K, committed 11928K, reserved 1048576K
GC Heap History (20 events):
Event: 1.360 GC heap before
{Heap before GC invocations=1 (full 0):
 garbage-first heap   total 260096K, used 31003K [0x0000000080000000, 0x0000000100000000)
  region size 1024K, 25 young (25600K), 2 survivors (2048K)
 Metaspace       used 10818K, capacity 11013K, committed 11264K, reserved 1058816K
  class space    used 1111K, capacity 1207K, committed 1280K, reserved 1048576K
}
Event: 1.362 GC heap after
{Heap after GC invocations=2 (full 0):
 garbage-first heap   total 260096K, used 9843K [0x0000000080000000, 0x0000000100000000)
  region size 1024K, 4 young (4096K), 4 survivors (4096K)
 Metaspace       used 10818K, capacity 11013K, committed 11264K, reserved 1058816K
  class space    used 1111K, capacity 1207K, committed 1280K, reserved 1048576K
}
Event: 1.795 GC heap before
{Heap before GC invocations=2 (full 0):
 garbage-first heap   total 260096K, used 37491K [0x0000000080000000, 0x0000000100000000)
  region size 1024K, 30 young (30720K), 4 survivors (4096K)
 Metaspace       used 11092K, capacity 11389K, committed 11520K, reserved 1058816K
  class space    used 1150K, capacity 1247K, committed 1280K, reserved 1048576K
}
Event: 1.799 GC heap after
{Heap after GC invocations=3 (full 0):
 garbage-first heap   total 260096K, used 13699K [0x0000000080000000, 0x0000000100000000)
  region size 1024K, 4 young (4096K), 4 survivors (4096K)
 Metaspace       used 11092K, capacity 11389K, committed 11520K, reserved 1058816K
  class space    used 1150K, capacity 1247K, committed 1280K, reserved 1048576K
}
Event: 2.551 GC heap before
{Heap before GC invocations=3 (full 0):
 garbage-first heap   total 260096K, used 50563K [0x0000000080000000, 0x0000000100000000)
  region size 1024K, 40 young (40960K), 4 survivors (4096K)
 Metaspace       used 18718K, capacity 19058K, committed 19328K, reserved 1067008K
  class space    used 2196K, capacity 2316K, committed 2432K, reserved 1048576K
}
Event: 2.555 GC heap after
{Heap after GC invocations=4 (full 0):
 garbage-first heap   total 260096K, used 16793K [0x0000000080000000, 0x0000000100000000)
  region size 1024K, 3 young (3072K), 3 survivors (3072K)
 Metaspace       used 18718K, capacity 19058K, committed 19328K, reserved 1067008K
  class space    used 2196K, capacity 2316K, committed 2432K, reserved 1048576K
}
Event: 2.705 GC heap before
{Heap before GC invocations=4 (full 0):
 garbage-first heap   total 260096K, used 36249K [0x0000000080000000, 0x0000000100000000)
  region size 1024K, 24 young (24576K), 3 survivors (3072K)
 Metaspace       used 20839K, capacity 21153K, committed 21296K, reserved 1069056K
  class space    used 2507K, capacity 2651K, committed 2688K, reserved 1048576K
}
Event: 2.708 GC heap after
{Heap after GC invocations=5 (full 0):
 garbage-first heap   total 260096K, used 17524K [0x0000000080000000, 0x0000000100000000)
  region size 1024K, 4 young (4096K), 4 survivors (4096K)
 Metaspace       used 20839K, capacity 21153K, committed 21296K, reserved 1069056K
  class space    used 2507K, capacity 2651K, committed 2688K, reserved 1048576K
}
Event: 3.251 GC heap before
{Heap before GC invocations=6 (full 0):
 garbage-first heap   total 260096K, used 73844K [0x0000000080000000, 0x0000000100000000)
  region size 1024K, 60 young (61440K), 4 survivors (4096K)
 Metaspace       used 27013K, capacity 27615K, committed 27772K, reserved 1073152K
  class space    used 3511K, capacity 3734K, committed 3788K, reserved 1048576K
}
Event: 3.258 GC heap after
{Heap after GC invocations=7 (full 0):
 garbage-first heap   total 260096K, used 19529K [0x0000000080000000, 0x0000000100000000)
  region size 1024K, 6 young (6144K), 6 survivors (6144K)
 Metaspace       used 27013K, capacity 27615K, committed 27772K, reserved 1073152K
  class space    used 3511K, capacity 3734K, committed 3788K, reserved 1048576K
}
Event: 3.933 GC heap before
{Heap before GC invocations=7 (full 0):
 garbage-first heap   total 260096K, used 83017K [0x0000000080000000, 0x0000000100000000)
  region size 1024K, 69 young (70656K), 6 survivors (6144K)
 Metaspace       used 35088K, capacity 35958K, committed 36048K, reserved 1081344K
  class space    used 4568K, capacity 4921K, committed 4940K, reserved 1048576K
}
Event: 3.944 GC heap after
{Heap after GC invocations=8 (full 0):
 garbage-first heap   total 260096K, used 23002K [0x0000000080000000, 0x0000000100000000)
  region size 1024K, 9 young (9216K), 9 survivors (9216K)
 Metaspace       used 35088K, capacity 35958K, committed 36048K, reserved 1081344K
  class space    used 4568K, capacity 4921K, committed 4940K, reserved 1048576K
}
Event: 5.174 GC heap before
{Heap before GC invocations=9 (full 0):
 garbage-first heap   total 260096K, used 172506K [0x0000000080000000, 0x0000000100000000)
  region size 1024K, 152 young (155648K), 9 survivors (9216K)
 Metaspace       used 47522K, capacity 48704K, committed 48924K, reserved 1091584K
  class space    used 6064K, capacity 6468K, committed 6552K, reserved 1048576K
}
Event: 5.195 GC heap after
{Heap after GC invocations=10 (full 0):
 garbage-first heap   total 260096K, used 31347K [0x0000000080000000, 0x0000000100000000)
  region size 1024K, 17 young (17408K), 17 survivors (17408K)
 Metaspace       used 47522K, capacity 48704K, committed 48924K, reserved 1091584K
  class space    used 6064K, capacity 6468K, committed 6552K, reserved 1048576K
}
Event: 6.856 GC heap before
{Heap before GC invocations=11 (full 0):
 garbage-first heap   total 260096K, used 174707K [0x0000000080000000, 0x0000000100000000)
  region size 1024K, 152 young (155648K), 17 survivors (17408K)
 Metaspace       used 60773K, capacity 62449K, committed 62748K, reserved 1103872K
  class space    used 7671K, capacity 8261K, committed 8344K, reserved 1048576K
}
Event: 6.881 GC heap after
{Heap after GC invocations=12 (full 0):
 garbage-first heap   total 260096K, used 46515K [0x0000000080000000, 0x0000000100000000)
  region size 1024K, 19 young (19456K), 19 survivors (19456K)
 Metaspace       used 60773K, capacity 62449K, committed 62748K, reserved 1103872K
  class space    used 7671K, capacity 8261K, committed 8344K, reserved 1048576K
}
Event: 8.068 GC heap before
{Heap before GC invocations=12 (full 0):
 garbage-first heap   total 260096K, used 189875K [0x0000000080000000, 0x0000000100000000)
  region size 1024K, 152 young (155648K), 19 survivors (19456K)
 Metaspace       used 69151K, capacity 70936K, committed 71324K, reserved 1112064K
  class space    used 8729K, capacity 9362K, committed 9496K, reserved 1048576K
}
Event: 8.094 GC heap after
{Heap after GC invocations=13 (full 0):
 garbage-first heap   total 312320K, used 58464K [0x0000000080000000, 0x0000000100000000)
  region size 1024K, 12 young (12288K), 12 survivors (12288K)
 Metaspace       used 69151K, capacity 70936K, committed 71324K, reserved 1112064K
  class space    used 8729K, capacity 9362K, committed 9496K, reserved 1048576K
}
Event: 9.443 GC heap before
{Heap before GC invocations=13 (full 0):
 garbage-first heap   total 312320K, used 167008K [0x0000000080000000, 0x0000000100000000)
  region size 1024K, 119 young (121856K), 12 survivors (12288K)
 Metaspace       used 79430K, capacity 81345K, committed 81540K, reserved 1120256K
  class space    used 10331K, capacity 10998K, committed 11032K, reserved 1048576K
}
Event: 9.473 GC heap after
{Heap after GC invocations=14 (full 0):
 garbage-first heap   total 312320K, used 64096K [0x0000000080000000, 0x0000000100000000)
  region size 1024K, 17 young (17408K), 17 survivors (17408K)
 Metaspace       used 79430K, capacity 81345K, committed 81540K, reserved 1120256K
  class space    used 10331K, capacity 10998K, committed 11032K, reserved 1048576K
}

