# JRE version: OpenJDK Runtime Environment (11.0.15) (build 11.0.15+0-b2043.56-9505619)
# Java VM: OpenJDK 64-Bit Server VM (11.0.15+0-b2043.56-9505619, mixed mode, tiered, compressed oops, g1 gc, windows-amd64)
Heap:
 garbage-first heap   total 260096K, used 82407K [0x0000000080000000, 0x0000000100000000)
  region size 1024K, 21 young (21504K), 18 survivors (18432K)
 Metaspace       used 89789K, capacity 91963K, committed 92208K, reserved 1128448K
  class space    used 11542K, capacity 12315K, committed 12416K, reserved 1048576K
GC Heap History (20 events):
Event: 1.185 GC heap before
{Heap before GC invocations=1 (full 0):
 garbage-first heap   total 260096K, used 50986K [0x0000000080000000, 0x0000000100000000)
  region size 1024K, 44 young (45056K), 2 survivors (2048K)
 Metaspace       used 10952K, capacity 11137K, committed 11264K, reserved 1058816K
  class space    used 1114K, capacity 1207K, committed 1280K, reserved 1048576K
}
Event: 1.190 GC heap after
{Heap after GC invocations=2 (full 0):
 garbage-first heap   total 260096K, used 13669K [0x0000000080000000, 0x0000000100000000)
  region size 1024K, 6 young (6144K), 6 survivors (6144K)
 Metaspace       used 10952K, capacity 11137K, committed 11264K, reserved 1058816K
  class space    used 1114K, capacity 1207K, committed 1280K, reserved 1048576K
}
Event: 1.994 GC heap before
{Heap before GC invocations=2 (full 0):
 garbage-first heap   total 260096K, used 52581K [0x0000000080000000, 0x0000000100000000)
  region size 1024K, 44 young (45056K), 6 survivors (6144K)
 Metaspace       used 17804K, capacity 18163K, committed 18432K, reserved 1064960K
  class space    used 2077K, capacity 2209K, committed 2304K, reserved 1048576K
}
Event: 2.002 GC heap after
{Heap after GC invocations=3 (full 0):
 garbage-first heap   total 260096K, used 16301K [0x0000000080000000, 0x0000000100000000)
  region size 1024K, 3 young (3072K), 3 survivors (3072K)
 Metaspace       used 17804K, capacity 18163K, committed 18432K, reserved 1064960K
  class space    used 2077K, capacity 2209K, committed 2304K, reserved 1048576K
}
Event: 2.291 GC heap before
{Heap before GC invocations=3 (full 0):
 garbage-first heap   total 260096K, used 41901K [0x0000000080000000, 0x0000000100000000)
  region size 1024K, 29 young (29696K), 3 survivors (3072K)
 Metaspace       used 20743K, capacity 21187K, committed 21296K, reserved 1069056K
  class space    used 2519K, capacity 2685K, committed 2688K, reserved 1048576K
}
Event: 2.295 GC heap after
{Heap after GC invocations=4 (full 0):
 garbage-first heap   total 260096K, used 17234K [0x0000000080000000, 0x0000000100000000)
  region size 1024K, 4 young (4096K), 4 survivors (4096K)
 Metaspace       used 20743K, capacity 21187K, committed 21296K, reserved 1069056K
  class space    used 2519K, capacity 2685K, committed 2688K, reserved 1048576K
}
Event: 2.988 GC heap before
{Heap before GC invocations=5 (full 0):
 garbage-first heap   total 260096K, used 69458K [0x0000000080000000, 0x0000000100000000)
  region size 1024K, 55 young (56320K), 4 survivors (4096K)
 Metaspace       used 26335K, capacity 26906K, committed 27184K, reserved 1073152K
  class space    used 3423K, capacity 3648K, committed 3712K, reserved 1048576K
}
Event: 2.993 GC heap after
{Heap after GC invocations=6 (full 0):
 garbage-first heap   total 260096K, used 19154K [0x0000000080000000, 0x0000000100000000)
  region size 1024K, 6 young (6144K), 6 survivors (6144K)
 Metaspace       used 26335K, capacity 26906K, committed 27184K, reserved 1073152K
  class space    used 3423K, capacity 3648K, committed 3712K, reserved 1048576K
}
Event: 3.996 GC heap before
{Heap before GC invocations=6 (full 0):
 garbage-first heap   total 260096K, used 87762K [0x0000000080000000, 0x0000000100000000)
  region size 1024K, 74 young (75776K), 6 survivors (6144K)
 Metaspace       used 34943K, capacity 35729K, committed 35888K, reserved 1081344K
  class space    used 4555K, capacity 4889K, committed 4992K, reserved 1048576K
}
Event: 4.006 GC heap after
{Heap after GC invocations=7 (full 0):
 garbage-first heap   total 260096K, used 22691K [0x0000000080000000, 0x0000000100000000)
  region size 1024K, 9 young (9216K), 9 survivors (9216K)
 Metaspace       used 34943K, capacity 35729K, committed 35888K, reserved 1081344K
  class space    used 4555K, capacity 4889K, committed 4992K, reserved 1048576K
}
Event: 5.756 GC heap before
{Heap before GC invocations=8 (full 0):
 garbage-first heap   total 260096K, used 151715K [0x0000000080000000, 0x0000000100000000)
  region size 1024K, 132 young (135168K), 9 survivors (9216K)
 Metaspace       used 45988K, capacity 47210K, committed 47408K, reserved 1091584K
  class space    used 5849K, capacity 6271K, committed 6272K, reserved 1048576K
}
Event: 5.771 GC heap after
{Heap after GC invocations=9 (full 0):
 garbage-first heap   total 260096K, used 31432K [0x0000000080000000, 0x0000000100000000)
  region size 1024K, 17 young (17408K), 17 survivors (17408K)
 Metaspace       used 45988K, capacity 47210K, committed 47408K, reserved 1091584K
  class space    used 5849K, capacity 6271K, committed 6272K, reserved 1048576K
}
Event: 17.564 GC heap before
{Heap before GC invocations=9 (full 0):
 garbage-first heap   total 260096K, used 166600K [0x0000000080000000, 0x0000000100000000)
  region size 1024K, 146 young (149504K), 17 survivors (17408K)
 Metaspace       used 58576K, capacity 60087K, committed 60208K, reserved 1101824K
  class space    used 7402K, capacity 7962K, committed 8064K, reserved 1048576K
}
Event: 17.587 GC heap after
{Heap after GC invocations=10 (full 0):
 garbage-first heap   total 260096K, used 47060K [0x0000000080000000, 0x0000000100000000)
  region size 1024K, 19 young (19456K), 19 survivors (19456K)
 Metaspace       used 58576K, capacity 60087K, committed 60208K, reserved 1101824K
  class space    used 7402K, capacity 7962K, committed 8064K, reserved 1048576K
}
Event: 19.753 GC heap before
{Heap before GC invocations=11 (full 0):
 garbage-first heap   total 260096K, used 190420K [0x0000000080000000, 0x0000000100000000)
  region size 1024K, 152 young (155648K), 19 survivors (19456K)
 Metaspace       used 72229K, capacity 73852K, committed 73904K, reserved 1114112K
  class space    used 9091K, capacity 9690K, committed 9728K, reserved 1048576K
}
Event: 19.774 GC heap after
{Heap after GC invocations=12 (full 0):
 garbage-first heap   total 260096K, used 58508K [0x0000000080000000, 0x0000000100000000)
  region size 1024K, 11 young (11264K), 11 survivors (11264K)
 Metaspace       used 72229K, capacity 73852K, committed 73904K, reserved 1114112K
  class space    used 9091K, capacity 9690K, committed 9728K, reserved 1048576K
}
Event: 21.363 GC heap before
{Heap before GC invocations=12 (full 0):
 garbage-first heap   total 260096K, used 193676K [0x0000000080000000, 0x0000000100000000)
  region size 1024K, 143 young (146432K), 11 survivors (11264K)
 Metaspace       used 81827K, capacity 83779K, committed 83888K, reserved 1122304K
  class space    used 10568K, capacity 11260K, committed 11264K, reserved 1048576K
}
Event: 21.378 GC heap after
{Heap after GC invocations=13 (full 0):
 garbage-first heap   total 260096K, used 67072K [0x0000000080000000, 0x0000000100000000)
  region size 1024K, 10 young (10240K), 10 survivors (10240K)
 Metaspace       used 81827K, capacity 83779K, committed 83888K, reserved 1122304K
  class space    used 10568K, capacity 11260K, committed 11264K, reserved 1048576K
}
Event: 22.705 GC heap before
{Heap before GC invocations=13 (full 0):
 garbage-first heap   total 260096K, used 199168K [0x0000000080000000, 0x0000000100000000)
  region size 1024K, 140 young (143360K), 10 survivors (10240K)
 Metaspace       used 89589K, capacity 91787K, committed 91952K, reserved 1128448K
  class space    used 11505K, capacity 12300K, committed 12416K, reserved 1048576K
}
Event: 22.762 GC heap after
{Heap after GC invocations=14 (full 0):
 garbage-first heap   total 260096K, used 80359K [0x0000000080000000, 0x0000000100000000)
  region size 1024K, 18 young (18432K), 18 survivors (18432K)
 Metaspace       used 89589K, capacity 91787K, committed 91952K, reserved 1128448K
  class space    used 11505K, capacity 12300K, committed 12416K, reserved 1048576K
}

