# JRE version: OpenJDK Runtime Environment (11.0.15) (build 11.0.15+0-b2043.56-9505619)
# Java VM: OpenJDK 64-Bit Server VM (11.0.15+0-b2043.56-9505619, mixed mode, tiered, compressed oops, g1 gc, windows-amd64)
Heap:
 garbage-first heap   total 312320K, used 136704K [0x0000000080000000, 0x0000000100000000)
  region size 1024K, 80 young (81920K), 21 survivors (21504K)
 Metaspace       used 86848K, capacity 89204K, committed 89320K, reserved 1126400K
  class space    used 11196K, capacity 12046K, committed 12160K, reserved 1048576K
GC Heap History (18 events):
Event: 0.376 GC heap before
{Heap before GC invocations=0 (full 0):
 garbage-first heap   total 260096K, used 16384K [0x0000000080000000, 0x0000000100000000)
  region size 1024K, 14 young (14336K), 0 survivors (0K)
 Metaspace       used 6753K, capacity 6989K, committed 7168K, reserved 1056768K
  class space    used 571K, capacity 650K, committed 768K, reserved 1048576K
}
Event: 0.382 GC heap after
{Heap after GC invocations=1 (full 0):
 garbage-first heap   total 260096K, used 3888K [0x0000000080000000, 0x0000000100000000)
  region size 1024K, 2 young (2048K), 2 survivors (2048K)
 Metaspace       used 6753K, capacity 6989K, committed 7168K, reserved 1056768K
  class space    used 571K, capacity 650K, committed 768K, reserved 1048576K
}
Event: 1.837 GC heap before
{Heap before GC invocations=1 (full 0):
 garbage-first heap   total 260096K, used 115504K [0x0000000080000000, 0x0000000100000000)
  region size 1024K, 108 young (110592K), 2 survivors (2048K)
 Metaspace       used 20847K, capacity 21149K, committed 21296K, reserved 1069056K
  class space    used 2513K, capacity 2651K, committed 2688K, reserved 1048576K
}
Event: 1.845 GC heap after
{Heap after GC invocations=2 (full 0):
 garbage-first heap   total 260096K, used 17221K [0x0000000080000000, 0x0000000100000000)
  region size 1024K, 13 young (13312K), 13 survivors (13312K)
 Metaspace       used 20847K, capacity 21149K, committed 21296K, reserved 1069056K
  class space    used 2513K, capacity 2651K, committed 2688K, reserved 1048576K
}
Event: 2.308 GC heap before
{Heap before GC invocations=3 (full 0):
 garbage-first heap   total 260096K, used 67397K [0x0000000080000000, 0x0000000100000000)
  region size 1024K, 62 young (63488K), 13 survivors (13312K)
 Metaspace       used 26153K, capacity 26721K, committed 26800K, reserved 1073152K
  class space    used 3371K, capacity 3581K, committed 3584K, reserved 1048576K
}
Event: 2.317 GC heap after
{Heap after GC invocations=4 (full 0):
 garbage-first heap   total 260096K, used 18974K [0x0000000080000000, 0x0000000100000000)
  region size 1024K, 3 young (3072K), 3 survivors (3072K)
 Metaspace       used 26153K, capacity 26721K, committed 26800K, reserved 1073152K
  class space    used 3371K, capacity 3581K, committed 3584K, reserved 1048576K
}
Event: 3.056 GC heap before
{Heap before GC invocations=4 (full 0):
 garbage-first heap   total 260096K, used 90654K [0x0000000080000000, 0x0000000100000000)
  region size 1024K, 74 young (75776K), 3 survivors (3072K)
 Metaspace       used 34926K, capacity 35729K, committed 35888K, reserved 1081344K
  class space    used 4557K, capacity 4889K, committed 4992K, reserved 1048576K
}
Event: 3.065 GC heap after
{Heap after GC invocations=5 (full 0):
 garbage-first heap   total 260096K, used 22275K [0x0000000080000000, 0x0000000100000000)
  region size 1024K, 6 young (6144K), 6 survivors (6144K)
 Metaspace       used 34926K, capacity 35729K, committed 35888K, reserved 1081344K
  class space    used 4557K, capacity 4889K, committed 4992K, reserved 1048576K
}
Event: 4.097 GC heap before
{Heap before GC invocations=6 (full 0):
 garbage-first heap   total 260096K, used 143107K [0x0000000080000000, 0x0000000100000000)
  region size 1024K, 121 young (123904K), 6 survivors (6144K)
 Metaspace       used 45441K, capacity 46662K, committed 46824K, reserved 1089536K
  class space    used 5774K, capacity 6193K, committed 6272K, reserved 1048576K
}
Event: 4.114 GC heap after
{Heap after GC invocations=7 (full 0):
 garbage-first heap   total 260096K, used 30296K [0x0000000080000000, 0x0000000100000000)
  region size 1024K, 14 young (14336K), 14 survivors (14336K)
 Metaspace       used 45441K, capacity 46662K, committed 46824K, reserved 1089536K
  class space    used 5774K, capacity 6193K, committed 6272K, reserved 1048576K
}
Event: 5.516 GC heap before
{Heap before GC invocations=8 (full 0):
 garbage-first heap   total 260096K, used 170584K [0x0000000080000000, 0x0000000100000000)
  region size 1024K, 147 young (150528K), 14 survivors (14336K)
 Metaspace       used 56534K, capacity 58075K, committed 58344K, reserved 1099776K
  class space    used 7165K, capacity 7705K, committed 7808K, reserved 1048576K
}
Event: 5.537 GC heap after
{Heap after GC invocations=9 (full 0):
 garbage-first heap   total 260096K, used 45188K [0x0000000080000000, 0x0000000100000000)
  region size 1024K, 19 young (19456K), 19 survivors (19456K)
 Metaspace       used 56534K, capacity 58075K, committed 58344K, reserved 1099776K
  class space    used 7165K, capacity 7705K, committed 7808K, reserved 1048576K
}
Event: 6.785 GC heap before
{Heap before GC invocations=9 (full 0):
 garbage-first heap   total 260096K, used 188548K [0x0000000080000000, 0x0000000100000000)
  region size 1024K, 152 young (155648K), 19 survivors (19456K)
 Metaspace       used 67417K, capacity 69160K, committed 69480K, reserved 1110016K
  class space    used 8515K, capacity 9136K, committed 9216K, reserved 1048576K
}
Event: 6.810 GC heap after
{Heap after GC invocations=10 (full 0):
 garbage-first heap   total 260096K, used 55343K [0x0000000080000000, 0x0000000100000000)
  region size 1024K, 11 young (11264K), 11 survivors (11264K)
 Metaspace       used 67417K, capacity 69160K, committed 69480K, reserved 1110016K
  class space    used 8515K, capacity 9136K, committed 9216K, reserved 1048576K
}
Event: 7.827 GC heap before
{Heap before GC invocations=10 (full 0):
 garbage-first heap   total 260096K, used 150575K [0x0000000080000000, 0x0000000100000000)
  region size 1024K, 105 young (107520K), 11 survivors (11264K)
 Metaspace       used 75983K, capacity 77889K, committed 77928K, reserved 1116160K
  class space    used 9819K, capacity 10479K, committed 10496K, reserved 1048576K
}
Event: 7.851 GC heap after
{Heap after GC invocations=11 (full 0):
 garbage-first heap   total 312320K, used 62976K [0x0000000080000000, 0x0000000100000000)
  region size 1024K, 7 young (7168K), 7 survivors (7168K)
 Metaspace       used 75983K, capacity 77889K, committed 77928K, reserved 1116160K
  class space    used 9819K, capacity 10479K, committed 10496K, reserved 1048576K
}
Event: 19.694 GC heap before
{Heap before GC invocations=12 (full 0):
 garbage-first heap   total 312320K, used 225792K [0x0000000080000000, 0x0000000100000000)
  region size 1024K, 167 young (171008K), 7 survivors (7168K)
 Metaspace       used 85981K, capacity 88292K, committed 88552K, reserved 1126400K
  class space    used 11094K, capacity 11880K, committed 11904K, reserved 1048576K
}
Event: 19.737 GC heap after
{Heap after GC invocations=13 (full 0):
 garbage-first heap   total 312320K, used 78336K [0x0000000080000000, 0x0000000100000000)
  region size 1024K, 21 young (21504K), 21 survivors (21504K)
 Metaspace       used 85981K, capacity 88292K, committed 88552K, reserved 1126400K
  class space    used 11094K, capacity 11880K, committed 11904K, reserved 1048576K
}

