# JRE version: OpenJDK Runtime Environment (11.0.15) (build 11.0.15+0-b2043.56-9505619)
# Java VM: OpenJDK 64-Bit Server VM (11.0.15+0-b2043.56-9505619, mixed mode, tiered, compressed oops, g1 gc, windows-amd64)
Heap:
 garbage-first heap   total 260096K, used 103424K [0x0000000080000000, 0x0000000100000000)
  region size 1024K, 16 young (16384K), 9 survivors (9216K)
 Metaspace       used 93732K, capacity 96179K, committed 96432K, reserved 1132544K
  class space    used 11943K, capacity 12792K, committed 12800K, reserved 1048576K
GC Heap History (20 events):
Event: 2.272 GC heap before
{Heap before GC invocations=3 (full 0):
 garbage-first heap   total 260096K, used 44323K [0x0000000080000000, 0x0000000100000000)
  region size 1024K, 31 young (31744K), 2 survivors (2048K)
 Metaspace       used 20817K, capacity 21153K, committed 21296K, reserved 1069056K
  class space    used 2505K, capacity 2651K, committed 2688K, reserved 1048576K
}
Event: 2.275 GC heap after
{Heap after GC invocations=4 (full 0):
 garbage-first heap   total 260096K, used 17478K [0x0000000080000000, 0x0000000100000000)
  region size 1024K, 3 young (3072K), 3 survivors (3072K)
 Metaspace       used 20817K, capacity 21153K, committed 21296K, reserved 1069056K
  class space    used 2505K, capacity 2651K, committed 2688K, reserved 1048576K
}
Event: 3.241 GC heap before
{Heap before GC invocations=5 (full 0):
 garbage-first heap   total 260096K, used 75846K [0x0000000080000000, 0x0000000100000000)
  region size 1024K, 60 young (61440K), 3 survivors (3072K)
 Metaspace       used 27014K, capacity 27615K, committed 27824K, reserved 1073152K
  class space    used 3509K, capacity 3734K, committed 3840K, reserved 1048576K
}
Event: 3.246 GC heap after
{Heap after GC invocations=6 (full 0):
 garbage-first heap   total 260096K, used 19643K [0x0000000080000000, 0x0000000100000000)
  region size 1024K, 5 young (5120K), 5 survivors (5120K)
 Metaspace       used 27014K, capacity 27615K, committed 27824K, reserved 1073152K
  class space    used 3509K, capacity 3734K, committed 3840K, reserved 1048576K
}
Event: 4.256 GC heap before
{Heap before GC invocations=6 (full 0):
 garbage-first heap   total 260096K, used 82107K [0x0000000080000000, 0x0000000100000000)
  region size 1024K, 67 young (68608K), 5 survivors (5120K)
 Metaspace       used 34925K, capacity 35733K, committed 35888K, reserved 1081344K
  class space    used 4555K, capacity 4889K, committed 4992K, reserved 1048576K
}
Event: 4.265 GC heap after
{Heap after GC invocations=7 (full 0):
 garbage-first heap   total 260096K, used 22880K [0x0000000080000000, 0x0000000100000000)
  region size 1024K, 8 young (8192K), 8 survivors (8192K)
 Metaspace       used 34925K, capacity 35733K, committed 35888K, reserved 1081344K
  class space    used 4555K, capacity 4889K, committed 4992K, reserved 1048576K
}
Event: 6.195 GC heap before
{Heap before GC invocations=8 (full 0):
 garbage-first heap   total 260096K, used 171360K [0x0000000080000000, 0x0000000100000000)
  region size 1024K, 150 young (153600K), 8 survivors (8192K)
 Metaspace       used 47508K, capacity 48762K, committed 48944K, reserved 1091584K
  class space    used 6053K, capacity 6466K, committed 6528K, reserved 1048576K
}
Event: 6.212 GC heap after
{Heap after GC invocations=9 (full 0):
 garbage-first heap   total 260096K, used 31506K [0x0000000080000000, 0x0000000100000000)
  region size 1024K, 16 young (16384K), 16 survivors (16384K)
 Metaspace       used 47508K, capacity 48762K, committed 48944K, reserved 1091584K
  class space    used 6053K, capacity 6466K, committed 6528K, reserved 1048576K
}
Event: 18.511 GC heap before
{Heap before GC invocations=9 (full 0):
 garbage-first heap   total 260096K, used 147218K [0x0000000080000000, 0x0000000100000000)
  region size 1024K, 126 young (129024K), 16 survivors (16384K)
 Metaspace       used 58641K, capacity 60109K, committed 60208K, reserved 1101824K
  class space    used 7417K, capacity 7967K, committed 8064K, reserved 1048576K
}
Event: 18.536 GC heap after
{Heap after GC invocations=10 (full 0):
 garbage-first heap   total 260096K, used 47353K [0x0000000080000000, 0x0000000100000000)
  region size 1024K, 19 young (19456K), 19 survivors (19456K)
 Metaspace       used 58641K, capacity 60109K, committed 60208K, reserved 1101824K
  class space    used 7417K, capacity 7967K, committed 8064K, reserved 1048576K
}
Event: 21.076 GC heap before
{Heap before GC invocations=11 (full 0):
 garbage-first heap   total 260096K, used 190713K [0x0000000080000000, 0x0000000100000000)
  region size 1024K, 151 young (154624K), 19 survivors (19456K)
 Metaspace       used 72251K, capacity 73939K, committed 74160K, reserved 1114112K
  class space    used 9091K, capacity 9695K, committed 9728K, reserved 1048576K
}
Event: 21.098 GC heap after
{Heap after GC invocations=12 (full 0):
 garbage-first heap   total 260096K, used 58368K [0x0000000080000000, 0x0000000100000000)
  region size 1024K, 10 young (10240K), 10 survivors (10240K)
 Metaspace       used 72251K, capacity 73939K, committed 74160K, reserved 1114112K
  class space    used 9091K, capacity 9695K, committed 9728K, reserved 1048576K
}
Event: 22.623 GC heap before
{Heap before GC invocations=12 (full 0):
 garbage-first heap   total 260096K, used 191488K [0x0000000080000000, 0x0000000100000000)
  region size 1024K, 140 young (143360K), 10 survivors (10240K)
 Metaspace       used 81605K, capacity 83599K, committed 83632K, reserved 1122304K
  class space    used 10548K, capacity 11261K, committed 11264K, reserved 1048576K
}
Event: 22.638 GC heap after
{Heap after GC invocations=13 (full 0):
 garbage-first heap   total 260096K, used 67072K [0x0000000080000000, 0x0000000100000000)
  region size 1024K, 10 young (10240K), 10 survivors (10240K)
 Metaspace       used 81605K, capacity 83599K, committed 83632K, reserved 1122304K
  class space    used 10548K, capacity 11261K, committed 11264K, reserved 1048576K
}
Event: 23.969 GC heap before
{Heap before GC invocations=13 (full 0):
 garbage-first heap   total 260096K, used 197120K [0x0000000080000000, 0x0000000100000000)
  region size 1024K, 138 young (141312K), 10 survivors (10240K)
 Metaspace       used 89102K, capacity 91287K, committed 91568K, reserved 1128448K
  class space    used 11414K, capacity 12200K, committed 12288K, reserved 1048576K
}
Event: 23.996 GC heap after
{Heap after GC invocations=14 (full 0):
 garbage-first heap   total 260096K, used 80896K [0x0000000080000000, 0x0000000100000000)
  region size 1024K, 18 young (18432K), 18 survivors (18432K)
 Metaspace       used 89102K, capacity 91287K, committed 91568K, reserved 1128448K
  class space    used 11414K, capacity 12200K, committed 12288K, reserved 1048576K
}
Event: 36.729 GC heap before
{Heap before GC invocations=14 (full 0):
 garbage-first heap   total 260096K, used 197632K [0x0000000080000000, 0x0000000100000000)
  region size 1024K, 133 young (136192K), 18 survivors (18432K)
 Metaspace       used 92513K, capacity 95012K, committed 95152K, reserved 1132544K
  class space    used 11850K, capacity 12699K, committed 12800K, reserved 1048576K
}
Event: 36.757 GC heap after
{Heap after GC invocations=15 (full 0):
 garbage-first heap   total 260096K, used 91920K [0x0000000080000000, 0x0000000100000000)
  region size 1024K, 11 young (11264K), 11 survivors (11264K)
 Metaspace       used 92513K, capacity 95012K, committed 95152K, reserved 1132544K
  class space    used 11850K, capacity 12699K, committed 12800K, reserved 1048576K
}
Event: 38.124 GC heap before
{Heap before GC invocations=15 (full 0):
 garbage-first heap   total 260096K, used 199440K [0x0000000080000000, 0x0000000100000000)
  region size 1024K, 117 young (119808K), 11 survivors (11264K)
 Metaspace       used 93011K, capacity 95435K, committed 95664K, reserved 1132544K
  class space    used 11877K, capacity 12714K, committed 12800K, reserved 1048576K
}
Event: 38.140 GC heap after
{Heap after GC invocations=16 (full 0):
 garbage-first heap   total 260096K, used 98304K [0x0000000080000000, 0x0000000100000000)
  region size 1024K, 9 young (9216K), 9 survivors (9216K)
 Metaspace       used 93011K, capacity 95435K, committed 95664K, reserved 1132544K
  class space    used 11877K, capacity 12714K, committed 12800K, reserved 1048576K
}

