# JRE version: OpenJDK Runtime Environment (11.0.15) (build 11.0.15+0-b2043.56-9505619)
# Java VM: OpenJDK 64-Bit Server VM (11.0.15+0-b2043.56-9505619, mixed mode, tiered, compressed oops, g1 gc, windows-amd64)
Heap:
 garbage-first heap   total 312320K, used 183962K [0x0000000080000000, 0x0000000100000000)
  region size 1024K, 129 young (132096K), 19 survivors (19456K)
 Metaspace       used 90420K, capacity 92737K, committed 93008K, reserved 1130496K
  class space    used 11459K, capacity 12273K, committed 12312K, reserved 1048576K
GC Heap History (20 events):
Event: 0.442 GC heap before
{Heap before GC invocations=0 (full 0):
 garbage-first heap   total 260096K, used 16384K [0x0000000080000000, 0x0000000100000000)
  region size 1024K, 14 young (14336K), 0 survivors (0K)
 Metaspace       used 6753K, capacity 6993K, committed 7168K, reserved 1056768K
  class space    used 571K, capacity 650K, committed 768K, reserved 1048576K
}
Event: 0.447 GC heap after
{Heap after GC invocations=1 (full 0):
 garbage-first heap   total 260096K, used 3890K [0x0000000080000000, 0x0000000100000000)
  region size 1024K, 2 young (2048K), 2 survivors (2048K)
 Metaspace       used 6753K, capacity 6993K, committed 7168K, reserved 1056768K
  class space    used 571K, capacity 650K, committed 768K, reserved 1048576K
}
Event: 1.925 GC heap before
{Heap before GC invocations=1 (full 0):
 garbage-first heap   total 260096K, used 107314K [0x0000000080000000, 0x0000000100000000)
  region size 1024K, 99 young (101376K), 2 survivors (2048K)
 Metaspace       used 20090K, capacity 20469K, committed 20480K, reserved 1067008K
  class space    used 2404K, capacity 2552K, committed 2560K, reserved 1048576K
}
Event: 1.933 GC heap after
{Heap after GC invocations=2 (full 0):
 garbage-first heap   total 260096K, used 16819K [0x0000000080000000, 0x0000000100000000)
  region size 1024K, 12 young (12288K), 12 survivors (12288K)
 Metaspace       used 20090K, capacity 20469K, committed 20480K, reserved 1067008K
  class space    used 2404K, capacity 2552K, committed 2560K, reserved 1048576K
}
Event: 2.011 GC heap before
{Heap before GC invocations=2 (full 0):
 garbage-first heap   total 260096K, used 25011K [0x0000000080000000, 0x0000000100000000)
  region size 1024K, 21 young (21504K), 12 survivors (12288K)
 Metaspace       used 20771K, capacity 21191K, committed 21296K, reserved 1069056K
  class space    used 2519K, capacity 2685K, committed 2688K, reserved 1048576K
}
Event: 2.017 GC heap after
{Heap after GC invocations=3 (full 0):
 garbage-first heap   total 260096K, used 17688K [0x0000000080000000, 0x0000000100000000)
  region size 1024K, 1 young (1024K), 1 survivors (1024K)
 Metaspace       used 20771K, capacity 21191K, committed 21296K, reserved 1069056K
  class space    used 2519K, capacity 2685K, committed 2688K, reserved 1048576K
}
Event: 2.580 GC heap before
{Heap before GC invocations=4 (full 0):
 garbage-first heap   total 260096K, used 70936K [0x0000000080000000, 0x0000000100000000)
  region size 1024K, 54 young (55296K), 1 survivors (1024K)
 Metaspace       used 26571K, capacity 27196K, committed 27516K, reserved 1073152K
  class space    used 3468K, capacity 3701K, committed 3788K, reserved 1048576K
}
Event: 2.584 GC heap after
{Heap after GC invocations=5 (full 0):
 garbage-first heap   total 260096K, used 19337K [0x0000000080000000, 0x0000000100000000)
  region size 1024K, 3 young (3072K), 3 survivors (3072K)
 Metaspace       used 26571K, capacity 27196K, committed 27516K, reserved 1073152K
  class space    used 3468K, capacity 3701K, committed 3788K, reserved 1048576K
}
Event: 3.310 GC heap before
{Heap before GC invocations=5 (full 0):
 garbage-first heap   total 260096K, used 85897K [0x0000000080000000, 0x0000000100000000)
  region size 1024K, 69 young (70656K), 3 survivors (3072K)
 Metaspace       used 35074K, capacity 35957K, committed 36048K, reserved 1081344K
  class space    used 4564K, capacity 4921K, committed 4940K, reserved 1048576K
}
Event: 3.321 GC heap after
{Heap after GC invocations=6 (full 0):
 garbage-first heap   total 260096K, used 22736K [0x0000000080000000, 0x0000000100000000)
  region size 1024K, 6 young (6144K), 6 survivors (6144K)
 Metaspace       used 35074K, capacity 35957K, committed 36048K, reserved 1081344K
  class space    used 4564K, capacity 4921K, committed 4940K, reserved 1048576K
}
Event: 4.229 GC heap before
{Heap before GC invocations=7 (full 0):
 garbage-first heap   total 260096K, used 125136K [0x0000000080000000, 0x0000000100000000)
  region size 1024K, 104 young (106496K), 6 survivors (6144K)
 Metaspace       used 43646K, capacity 44803K, committed 45084K, reserved 1089536K
  class space    used 5603K, capacity 6002K, committed 6040K, reserved 1048576K
}
Event: 4.247 GC heap after
{Heap after GC invocations=8 (full 0):
 garbage-first heap   total 260096K, used 30670K [0x0000000080000000, 0x0000000100000000)
  region size 1024K, 13 young (13312K), 13 survivors (13312K)
 Metaspace       used 43646K, capacity 44803K, committed 45084K, reserved 1089536K
  class space    used 5603K, capacity 6002K, committed 6040K, reserved 1048576K
}
Event: 5.493 GC heap before
{Heap before GC invocations=9 (full 0):
 garbage-first heap   total 260096K, used 145358K [0x0000000080000000, 0x0000000100000000)
  region size 1024K, 120 young (122880K), 13 survivors (13312K)
 Metaspace       used 50934K, capacity 52392K, committed 52508K, reserved 1095680K
  class space    used 6451K, capacity 7001K, committed 7064K, reserved 1048576K
}
Event: 5.511 GC heap after
{Heap after GC invocations=10 (full 0):
 garbage-first heap   total 260096K, used 44191K [0x0000000080000000, 0x0000000100000000)
  region size 1024K, 15 young (15360K), 15 survivors (15360K)
 Metaspace       used 50934K, capacity 52392K, committed 52508K, reserved 1095680K
  class space    used 6451K, capacity 7001K, committed 7064K, reserved 1048576K
}
Event: 6.895 GC heap before
{Heap before GC invocations=10 (full 0):
 garbage-first heap   total 260096K, used 173215K [0x0000000080000000, 0x0000000100000000)
  region size 1024K, 134 young (137216K), 15 survivors (15360K)
 Metaspace       used 65366K, capacity 67088K, committed 67356K, reserved 1107968K
  class space    used 8191K, capacity 8790K, committed 8856K, reserved 1048576K
}
Event: 6.919 GC heap after
{Heap after GC invocations=11 (full 0):
 garbage-first heap   total 312320K, used 53760K [0x0000000080000000, 0x0000000100000000)
  region size 1024K, 9 young (9216K), 9 survivors (9216K)
 Metaspace       used 65366K, capacity 67088K, committed 67356K, reserved 1107968K
  class space    used 8191K, capacity 8790K, committed 8856K, reserved 1048576K
}
Event: 7.922 GC heap before
{Heap before GC invocations=11 (full 0):
 garbage-first heap   total 312320K, used 168448K [0x0000000080000000, 0x0000000100000000)
  region size 1024K, 122 young (124928K), 9 survivors (9216K)
 Metaspace       used 73221K, capacity 74933K, committed 75036K, reserved 1114112K
  class space    used 9408K, capacity 10042K, committed 10136K, reserved 1048576K
}
Event: 7.939 GC heap after
{Heap after GC invocations=12 (full 0):
 garbage-first heap   total 312320K, used 60416K [0x0000000080000000, 0x0000000100000000)
  region size 1024K, 15 young (15360K), 15 survivors (15360K)
 Metaspace       used 73221K, capacity 74933K, committed 75036K, reserved 1114112K
  class space    used 9408K, capacity 10042K, committed 10136K, reserved 1048576K
}
Event: 12.153 GC heap before
{Heap before GC invocations=13 (full 0):
 garbage-first heap   total 312320K, used 198656K [0x0000000080000000, 0x0000000100000000)
  region size 1024K, 151 young (154624K), 15 survivors (15360K)
 Metaspace       used 84413K, capacity 86593K, committed 86864K, reserved 1124352K
  class space    used 10638K, capacity 11407K, committed 11544K, reserved 1048576K
}
Event: 12.176 GC heap after
{Heap after GC invocations=14 (full 0):
 garbage-first heap   total 312320K, used 72346K [0x0000000080000000, 0x0000000100000000)
  region size 1024K, 19 young (19456K), 19 survivors (19456K)
 Metaspace       used 84413K, capacity 86593K, committed 86864K, reserved 1124352K
  class space    used 10638K, capacity 11407K, committed 11544K, reserved 1048576K
}

