# JRE version: OpenJDK Runtime Environment (11.0.15) (build 11.0.15+0-b2043.56-9505619)
# Java VM: OpenJDK 64-Bit Server VM (11.0.15+0-b2043.56-9505619, mixed mode, tiered, compressed oops, g1 gc, windows-amd64)
Heap:
 garbage-first heap   total 335872K, used 232787K [0x0000000080000000, 0x0000000100000000)
  region size 1024K, 52 young (53248K), 10 survivors (10240K)
 Metaspace       used 106736K, capacity 109778K, committed 109980K, reserved 1144832K
  class space    used 13313K, capacity 14354K, committed 14360K, reserved 1048576K
GC Heap History (20 events):
Event: 3.384 GC heap before
{Heap before GC invocations=4 (full 0):
 garbage-first heap   total 260096K, used 124140K [0x0000000080000000, 0x0000000100000000)
  region size 1024K, 106 young (108544K), 1 survivors (1024K)
 Metaspace       used 35078K, capacity 35957K, committed 36048K, reserved 1081344K
  class space    used 4569K, capacity 4921K, committed 4940K, reserved 1048576K
}
Event: 3.395 GC heap after
{Heap after GC invocations=5 (full 0):
 garbage-first heap   total 260096K, used 22230K [0x0000000080000000, 0x0000000100000000)
  region size 1024K, 6 young (6144K), 6 survivors (6144K)
 Metaspace       used 35078K, capacity 35957K, committed 36048K, reserved 1081344K
  class space    used 4569K, capacity 4921K, committed 4940K, reserved 1048576K
}
Event: 4.398 GC heap before
{Heap before GC invocations=6 (full 0):
 garbage-first heap   total 260096K, used 138966K [0x0000000080000000, 0x0000000100000000)
  region size 1024K, 117 young (119808K), 6 survivors (6144K)
 Metaspace       used 45182K, capacity 46357K, committed 46620K, reserved 1089536K
  class space    used 5723K, capacity 6154K, committed 6296K, reserved 1048576K
}
Event: 4.416 GC heap after
{Heap after GC invocations=7 (full 0):
 garbage-first heap   total 260096K, used 30509K [0x0000000080000000, 0x0000000100000000)
  region size 1024K, 14 young (14336K), 14 survivors (14336K)
 Metaspace       used 45182K, capacity 46357K, committed 46620K, reserved 1089536K
  class space    used 5723K, capacity 6154K, committed 6296K, reserved 1048576K
}
Event: 5.870 GC heap before
{Heap before GC invocations=8 (full 0):
 garbage-first heap   total 260096K, used 163629K [0x0000000080000000, 0x0000000100000000)
  region size 1024K, 140 young (143360K), 14 survivors (14336K)
 Metaspace       used 54906K, capacity 56416K, committed 56604K, reserved 1097728K
  class space    used 7007K, capacity 7535K, committed 7576K, reserved 1048576K
}
Event: 5.888 GC heap after
{Heap after GC invocations=9 (full 0):
 garbage-first heap   total 260096K, used 44587K [0x0000000080000000, 0x0000000100000000)
  region size 1024K, 18 young (18432K), 18 survivors (18432K)
 Metaspace       used 54906K, capacity 56416K, committed 56604K, reserved 1097728K
  class space    used 7007K, capacity 7535K, committed 7576K, reserved 1048576K
}
Event: 7.253 GC heap before
{Heap before GC invocations=9 (full 0):
 garbage-first heap   total 260096K, used 189995K [0x0000000080000000, 0x0000000100000000)
  region size 1024K, 152 young (155648K), 18 survivors (18432K)
 Metaspace       used 67352K, capacity 69002K, committed 69276K, reserved 1110016K
  class space    used 8508K, capacity 9102K, committed 9240K, reserved 1048576K
}
Event: 7.277 GC heap after
{Heap after GC invocations=10 (full 0):
 garbage-first heap   total 260096K, used 55561K [0x0000000080000000, 0x0000000100000000)
  region size 1024K, 11 young (11264K), 11 survivors (11264K)
 Metaspace       used 67352K, capacity 69002K, committed 69276K, reserved 1110016K
  class space    used 8508K, capacity 9102K, committed 9240K, reserved 1048576K
}
Event: 8.432 GC heap before
{Heap before GC invocations=10 (full 0):
 garbage-first heap   total 260096K, used 157961K [0x0000000080000000, 0x0000000100000000)
  region size 1024K, 113 young (115712K), 11 survivors (11264K)
 Metaspace       used 76060K, capacity 77961K, committed 78128K, reserved 1118208K
  class space    used 9711K, capacity 10404K, committed 10520K, reserved 1048576K
}
Event: 8.456 GC heap after
{Heap after GC invocations=11 (full 0):
 garbage-first heap   total 312320K, used 64512K [0x0000000080000000, 0x0000000100000000)
  region size 1024K, 19 young (19456K), 19 survivors (19456K)
 Metaspace       used 76060K, capacity 77961K, committed 78128K, reserved 1118208K
  class space    used 9711K, capacity 10404K, committed 10520K, reserved 1048576K
}
Event: 24.472 GC heap before
{Heap before GC invocations=12 (full 0):
 garbage-first heap   total 312320K, used 295936K [0x0000000080000000, 0x0000000100000000)
  region size 1024K, 167 young (171008K), 19 survivors (19456K)
 Metaspace       used 85777K, capacity 88294K, committed 88476K, reserved 1126400K
  class space    used 10853K, capacity 11696K, committed 11800K, reserved 1048576K
}
Event: 24.512 GC heap after
{Heap after GC invocations=13 (full 0):
 garbage-first heap   total 335872K, used 164300K [0x0000000080000000, 0x0000000100000000)
  region size 1024K, 21 young (21504K), 21 survivors (21504K)
 Metaspace       used 85777K, capacity 88294K, committed 88476K, reserved 1126400K
  class space    used 10853K, capacity 11696K, committed 11800K, reserved 1048576K
}
Event: 25.038 GC heap before
{Heap before GC invocations=14 (full 0):
 garbage-first heap   total 335872K, used 269772K [0x0000000080000000, 0x0000000100000000)
  region size 1024K, 124 young (126976K), 21 survivors (21504K)
 Metaspace       used 90383K, capacity 92997K, committed 93212K, reserved 1130496K
  class space    used 11356K, capacity 12323K, committed 12440K, reserved 1048576K
}
Event: 25.055 GC heap after
{Heap after GC invocations=15 (full 0):
 garbage-first heap   total 335872K, used 168960K [0x0000000080000000, 0x0000000100000000)
  region size 1024K, 4 young (4096K), 4 survivors (4096K)
 Metaspace       used 90383K, capacity 92997K, committed 93212K, reserved 1130496K
  class space    used 11356K, capacity 12323K, committed 12440K, reserved 1048576K
}
Event: 26.063 GC heap before
{Heap before GC invocations=15 (full 0):
 garbage-first heap   total 335872K, used 273408K [0x0000000080000000, 0x0000000100000000)
  region size 1024K, 106 young (108544K), 4 survivors (4096K)
 Metaspace       used 99789K, capacity 102680K, committed 102940K, reserved 1138688K
  class space    used 12639K, capacity 13647K, committed 13720K, reserved 1048576K
}
Event: 26.073 GC heap after
{Heap after GC invocations=16 (full 0):
 garbage-first heap   total 335872K, used 171520K [0x0000000080000000, 0x0000000100000000)
  region size 1024K, 7 young (7168K), 7 survivors (7168K)
 Metaspace       used 99789K, capacity 102680K, committed 102940K, reserved 1138688K
  class space    used 12639K, capacity 13647K, committed 13720K, reserved 1048576K
}
Event: 27.967 GC heap before
{Heap before GC invocations=17 (full 0):
 garbage-first heap   total 335872K, used 275968K [0x0000000080000000, 0x0000000100000000)
  region size 1024K, 110 young (112640K), 7 survivors (7168K)
 Metaspace       used 103019K, capacity 105815K, committed 106012K, reserved 1140736K
  class space    used 12902K, capacity 13880K, committed 13976K, reserved 1048576K
}
Event: 27.984 GC heap after
{Heap after GC invocations=18 (full 0):
 garbage-first heap   total 335872K, used 181081K [0x0000000080000000, 0x0000000100000000)
  region size 1024K, 14 young (14336K), 14 survivors (14336K)
 Metaspace       used 103019K, capacity 105815K, committed 106012K, reserved 1140736K
  class space    used 12902K, capacity 13880K, committed 13976K, reserved 1048576K
}
Event: 37.360 GC heap before
{Heap before GC invocations=18 (full 0):
 garbage-first heap   total 335872K, used 278361K [0x0000000080000000, 0x0000000100000000)
  region size 1024K, 109 young (111616K), 14 survivors (14336K)
 Metaspace       used 106082K, capacity 109128K, committed 109468K, reserved 1144832K
  class space    used 13225K, capacity 14254K, committed 14360K, reserved 1048576K
}
Event: 37.401 GC heap after
{Heap after GC invocations=19 (full 0):
 garbage-first heap   total 335872K, used 190803K [0x0000000080000000, 0x0000000100000000)
  region size 1024K, 10 young (10240K), 10 survivors (10240K)
 Metaspace       used 106082K, capacity 109128K, committed 109468K, reserved 1144832K
  class space    used 13225K, capacity 14254K, committed 14360K, reserved 1048576K
}

