# JRE version: OpenJDK Runtime Environment (11.0.15) (build 11.0.15+0-b2043.56-9505619)
# Java VM: OpenJDK 64-Bit Server VM (11.0.15+0-b2043.56-9505619, mixed mode, tiered, compressed oops, g1 gc, windows-amd64)
Heap:
 garbage-first heap   total 260096K, used 204977K [0x0000000080000000, 0x0000000100000000)
  region size 1024K, 14 young (14336K), 5 survivors (5120K)
 Metaspace       used 106591K, capacity 109672K, committed 109908K, reserved 1144832K
  class space    used 13327K, capacity 14352K, committed 14412K, reserved 1048576K
GC Heap History (20 events):
Event: 10.434 GC heap before
{Heap before GC invocations=23 (full 0):
 garbage-first heap   total 260096K, used 206626K [0x0000000080000000, 0x0000000100000000)
  region size 1024K, 43 young (44032K), 3 survivors (3072K)
 Metaspace       used 91144K, capacity 93775K, committed 94036K, reserved 1130496K
  class space    used 11691K, capacity 12593K, committed 12620K, reserved 1048576K
}
Event: 10.441 GC heap after
{Heap after GC invocations=24 (full 0):
 garbage-first heap   total 260096K, used 168365K [0x0000000080000000, 0x0000000100000000)
  region size 1024K, 5 young (5120K), 5 survivors (5120K)
 Metaspace       used 91144K, capacity 93775K, committed 94036K, reserved 1130496K
  class space    used 11691K, capacity 12593K, committed 12620K, reserved 1048576K
}
Event: 11.108 GC heap before
{Heap before GC invocations=25 (full 0):
 garbage-first heap   total 260096K, used 210349K [0x0000000080000000, 0x0000000100000000)
  region size 1024K, 46 young (47104K), 5 survivors (5120K)
 Metaspace       used 94938K, capacity 97619K, committed 97876K, reserved 1134592K
  class space    used 12146K, capacity 13096K, committed 13132K, reserved 1048576K
}
Event: 11.122 GC heap after
{Heap after GC invocations=26 (full 0):
 garbage-first heap   total 260096K, used 172121K [0x0000000080000000, 0x0000000100000000)
  region size 1024K, 6 young (6144K), 6 survivors (6144K)
 Metaspace       used 94938K, capacity 97619K, committed 97876K, reserved 1134592K
  class space    used 12146K, capacity 13096K, committed 13132K, reserved 1048576K
}
Event: 11.516 GC heap before
{Heap before GC invocations=26 (full 0):
 garbage-first heap   total 260096K, used 212057K [0x0000000080000000, 0x0000000100000000)
  region size 1024K, 46 young (47104K), 6 survivors (6144K)
 Metaspace       used 95248K, capacity 97979K, committed 98132K, reserved 1134592K
  class space    used 12149K, capacity 13100K, committed 13132K, reserved 1048576K
}
Event: 11.526 GC heap after
{Heap after GC invocations=27 (full 0):
 garbage-first heap   total 260096K, used 176640K [0x0000000080000000, 0x0000000100000000)
  region size 1024K, 5 young (5120K), 5 survivors (5120K)
 Metaspace       used 95248K, capacity 97979K, committed 98132K, reserved 1134592K
  class space    used 12149K, capacity 13100K, committed 13132K, reserved 1048576K
}
Event: 12.325 GC heap before
{Heap before GC invocations=28 (full 0):
 garbage-first heap   total 260096K, used 215552K [0x0000000080000000, 0x0000000100000000)
  region size 1024K, 44 young (45056K), 5 survivors (5120K)
 Metaspace       used 96364K, capacity 99040K, committed 99284K, reserved 1136640K
  class space    used 12230K, capacity 13175K, committed 13260K, reserved 1048576K
}
Event: 12.333 GC heap after
{Heap after GC invocations=29 (full 0):
 garbage-first heap   total 260096K, used 180121K [0x0000000080000000, 0x0000000100000000)
  region size 1024K, 5 young (5120K), 5 survivors (5120K)
 Metaspace       used 96364K, capacity 99040K, committed 99284K, reserved 1136640K
  class space    used 12230K, capacity 13175K, committed 13260K, reserved 1048576K
}
Event: 12.637 GC heap before
{Heap before GC invocations=29 (full 0):
 garbage-first heap   total 260096K, used 218009K [0x0000000080000000, 0x0000000100000000)
  region size 1024K, 42 young (43008K), 5 survivors (5120K)
 Metaspace       used 97986K, capacity 100781K, committed 101076K, reserved 1136640K
  class space    used 12418K, capacity 13391K, committed 13516K, reserved 1048576K
}
Event: 12.646 GC heap after
{Heap after GC invocations=30 (full 0):
 garbage-first heap   total 260096K, used 182592K [0x0000000080000000, 0x0000000100000000)
  region size 1024K, 3 young (3072K), 3 survivors (3072K)
 Metaspace       used 97986K, capacity 100781K, committed 101076K, reserved 1136640K
  class space    used 12418K, capacity 13391K, committed 13516K, reserved 1048576K
}
Event: 12.770 GC heap before
{Heap before GC invocations=30 (full 0):
 garbage-first heap   total 260096K, used 220480K [0x0000000080000000, 0x0000000100000000)
  region size 1024K, 40 young (40960K), 3 survivors (3072K)
 Metaspace       used 98947K, capacity 101607K, committed 101844K, reserved 1138688K
  class space    used 12541K, capacity 13492K, committed 13516K, reserved 1048576K
}
Event: 12.775 GC heap after
{Heap after GC invocations=31 (full 0):
 garbage-first heap   total 260096K, used 182919K [0x0000000080000000, 0x0000000100000000)
  region size 1024K, 3 young (3072K), 3 survivors (3072K)
 Metaspace       used 98947K, capacity 101607K, committed 101844K, reserved 1138688K
  class space    used 12541K, capacity 13492K, committed 13516K, reserved 1048576K
}
Event: 23.609 GC heap before
{Heap before GC invocations=32 (full 0):
 garbage-first heap   total 260096K, used 220807K [0x0000000080000000, 0x0000000100000000)
  region size 1024K, 41 young (41984K), 3 survivors (3072K)
 Metaspace       used 103378K, capacity 106215K, committed 106324K, reserved 1142784K
  class space    used 12924K, capacity 13898K, committed 13900K, reserved 1048576K
}
Event: 23.616 GC heap after
{Heap after GC invocations=33 (full 0):
 garbage-first heap   total 260096K, used 185618K [0x0000000080000000, 0x0000000100000000)
  region size 1024K, 6 young (6144K), 6 survivors (6144K)
 Metaspace       used 103378K, capacity 106215K, committed 106324K, reserved 1142784K
  class space    used 12924K, capacity 13898K, committed 13900K, reserved 1048576K
}
Event: 24.036 GC heap before
{Heap before GC invocations=33 (full 0):
 garbage-first heap   total 260096K, used 222482K [0x0000000080000000, 0x0000000100000000)
  region size 1024K, 43 young (44032K), 6 survivors (6144K)
 Metaspace       used 104754K, capacity 107685K, committed 107860K, reserved 1142784K
  class space    used 13065K, capacity 14075K, committed 14156K, reserved 1048576K
}
Event: 24.051 GC heap after
{Heap after GC invocations=34 (full 0):
 garbage-first heap   total 260096K, used 189002K [0x0000000080000000, 0x0000000100000000)
  region size 1024K, 6 young (6144K), 6 survivors (6144K)
 Metaspace       used 104754K, capacity 107685K, committed 107860K, reserved 1142784K
  class space    used 13065K, capacity 14075K, committed 14156K, reserved 1048576K
}
Event: 24.365 GC heap before
{Heap before GC invocations=35 (full 0):
 garbage-first heap   total 260096K, used 222794K [0x0000000080000000, 0x0000000100000000)
  region size 1024K, 39 young (39936K), 6 survivors (6144K)
 Metaspace       used 105308K, capacity 108258K, committed 108372K, reserved 1144832K
  class space    used 13121K, capacity 14113K, committed 14156K, reserved 1048576K
}
Event: 24.375 GC heap after
{Heap after GC invocations=36 (full 0):
 garbage-first heap   total 260096K, used 193455K [0x0000000080000000, 0x0000000100000000)
  region size 1024K, 5 young (5120K), 5 survivors (5120K)
 Metaspace       used 105308K, capacity 108258K, committed 108372K, reserved 1144832K
  class space    used 13121K, capacity 14113K, committed 14156K, reserved 1048576K
}
Event: 24.558 GC heap before
{Heap before GC invocations=36 (full 0):
 garbage-first heap   total 260096K, used 223151K [0x0000000080000000, 0x0000000100000000)
  region size 1024K, 34 young (34816K), 5 survivors (5120K)
 Metaspace       used 105751K, capacity 108781K, committed 109012K, reserved 1144832K
  class space    used 13202K, capacity 14217K, committed 14284K, reserved 1048576K
}
Event: 24.566 GC heap after
{Heap after GC invocations=37 (full 0):
 garbage-first heap   total 260096K, used 197809K [0x0000000080000000, 0x0000000100000000)
  region size 1024K, 5 young (5120K), 5 survivors (5120K)
 Metaspace       used 105751K, capacity 108781K, committed 109012K, reserved 1144832K
  class space    used 13202K, capacity 14217K, committed 14284K, reserved 1048576K
}

