# JRE version: OpenJDK Runtime Environment (11.0.15) (build 11.0.15+0-b2043.56-9505619)
# Java VM: OpenJDK 64-Bit Server VM (11.0.15+0-b2043.56-9505619, mixed mode, tiered, compressed oops, g1 gc, windows-amd64)
Heap:
 garbage-first heap   total 312320K, used 92608K [0x0000000080000000, 0x0000000100000000)
  region size 1024K, 37 young (37888K), 19 survivors (19456K)
 Metaspace       used 85731K, capacity 88031K, committed 88296K, reserved 1126400K
  class space    used 11108K, capacity 11888K, committed 11904K, reserved 1048576K
GC Heap History (18 events):
Event: 0.433 GC heap before
{Heap before GC invocations=0 (full 0):
 garbage-first heap   total 260096K, used 16384K [0x0000000080000000, 0x0000000100000000)
  region size 1024K, 14 young (14336K), 0 survivors (0K)
 Metaspace       used 6741K, capacity 6925K, committed 7168K, reserved 1056768K
  class space    used 571K, capacity 650K, committed 768K, reserved 1048576K
}
Event: 0.437 GC heap after
{Heap after GC invocations=1 (full 0):
 garbage-first heap   total 260096K, used 4028K [0x0000000080000000, 0x0000000100000000)
  region size 1024K, 2 young (2048K), 2 survivors (2048K)
 Metaspace       used 6741K, capacity 6925K, committed 7168K, reserved 1056768K
  class space    used 571K, capacity 650K, committed 768K, reserved 1048576K
}
Event: 2.030 GC heap before
{Heap before GC invocations=1 (full 0):
 garbage-first heap   total 260096K, used 115644K [0x0000000080000000, 0x0000000100000000)
  region size 1024K, 108 young (110592K), 2 survivors (2048K)
 Metaspace       used 20836K, capacity 21149K, committed 21296K, reserved 1069056K
  class space    used 2511K, capacity 2651K, committed 2688K, reserved 1048576K
}
Event: 2.038 GC heap after
{Heap after GC invocations=2 (full 0):
 garbage-first heap   total 260096K, used 17450K [0x0000000080000000, 0x0000000100000000)
  region size 1024K, 13 young (13312K), 13 survivors (13312K)
 Metaspace       used 20836K, capacity 21149K, committed 21296K, reserved 1069056K
  class space    used 2511K, capacity 2651K, committed 2688K, reserved 1048576K
}
Event: 2.500 GC heap before
{Heap before GC invocations=3 (full 0):
 garbage-first heap   total 260096K, used 69674K [0x0000000080000000, 0x0000000100000000)
  region size 1024K, 64 young (65536K), 13 survivors (13312K)
 Metaspace       used 26399K, capacity 27036K, committed 27184K, reserved 1073152K
  class space    used 3412K, capacity 3623K, committed 3712K, reserved 1048576K
}
Event: 2.510 GC heap after
{Heap after GC invocations=4 (full 0):
 garbage-first heap   total 260096K, used 18960K [0x0000000080000000, 0x0000000100000000)
  region size 1024K, 3 young (3072K), 3 survivors (3072K)
 Metaspace       used 26399K, capacity 27036K, committed 27184K, reserved 1073152K
  class space    used 3412K, capacity 3623K, committed 3712K, reserved 1048576K
}
Event: 3.241 GC heap before
{Heap before GC invocations=4 (full 0):
 garbage-first heap   total 260096K, used 87568K [0x0000000080000000, 0x0000000100000000)
  region size 1024K, 71 young (72704K), 3 survivors (3072K)
 Metaspace       used 34904K, capacity 35729K, committed 35888K, reserved 1081344K
  class space    used 4557K, capacity 4889K, committed 4992K, reserved 1048576K
}
Event: 3.253 GC heap after
{Heap after GC invocations=5 (full 0):
 garbage-first heap   total 260096K, used 22142K [0x0000000080000000, 0x0000000100000000)
  region size 1024K, 6 young (6144K), 6 survivors (6144K)
 Metaspace       used 34904K, capacity 35729K, committed 35888K, reserved 1081344K
  class space    used 4557K, capacity 4889K, committed 4992K, reserved 1048576K
}
Event: 4.294 GC heap before
{Heap before GC invocations=6 (full 0):
 garbage-first heap   total 260096K, used 139902K [0x0000000080000000, 0x0000000100000000)
  region size 1024K, 118 young (120832K), 6 survivors (6144K)
 Metaspace       used 45203K, capacity 46352K, committed 46568K, reserved 1089536K
  class space    used 5742K, capacity 6154K, committed 6272K, reserved 1048576K
}
Event: 4.313 GC heap after
{Heap after GC invocations=7 (full 0):
 garbage-first heap   total 260096K, used 30313K [0x0000000080000000, 0x0000000100000000)
  region size 1024K, 14 young (14336K), 14 survivors (14336K)
 Metaspace       used 45203K, capacity 46352K, committed 46568K, reserved 1089536K
  class space    used 5742K, capacity 6154K, committed 6272K, reserved 1048576K
}
Event: 5.674 GC heap before
{Heap before GC invocations=8 (full 0):
 garbage-first heap   total 260096K, used 163433K [0x0000000080000000, 0x0000000100000000)
  region size 1024K, 140 young (143360K), 14 survivors (14336K)
 Metaspace       used 55013K, capacity 56526K, committed 56680K, reserved 1097728K
  class space    used 7024K, capacity 7573K, committed 7680K, reserved 1048576K
}
Event: 5.691 GC heap after
{Heap after GC invocations=9 (full 0):
 garbage-first heap   total 260096K, used 44416K [0x0000000080000000, 0x0000000100000000)
  region size 1024K, 18 young (18432K), 18 survivors (18432K)
 Metaspace       used 55013K, capacity 56526K, committed 56680K, reserved 1097728K
  class space    used 7024K, capacity 7573K, committed 7680K, reserved 1048576K
}
Event: 7.082 GC heap before
{Heap before GC invocations=9 (full 0):
 garbage-first heap   total 260096K, used 189824K [0x0000000080000000, 0x0000000100000000)
  region size 1024K, 152 young (155648K), 18 survivors (18432K)
 Metaspace       used 67364K, capacity 69063K, committed 69224K, reserved 1110016K
  class space    used 8503K, capacity 9102K, committed 9216K, reserved 1048576K
}
Event: 7.102 GC heap after
{Heap after GC invocations=10 (full 0):
 garbage-first heap   total 260096K, used 55173K [0x0000000080000000, 0x0000000100000000)
  region size 1024K, 11 young (11264K), 11 survivors (11264K)
 Metaspace       used 67364K, capacity 69063K, committed 69224K, reserved 1110016K
  class space    used 8503K, capacity 9102K, committed 9216K, reserved 1048576K
}
Event: 8.169 GC heap before
{Heap before GC invocations=10 (full 0):
 garbage-first heap   total 260096K, used 159621K [0x0000000080000000, 0x0000000100000000)
  region size 1024K, 114 young (116736K), 11 survivors (11264K)
 Metaspace       used 76020K, capacity 77890K, committed 77928K, reserved 1116160K
  class space    used 9832K, capacity 10477K, committed 10496K, reserved 1048576K
}
Event: 8.190 GC heap after
{Heap after GC invocations=11 (full 0):
 garbage-first heap   total 260096K, used 60805K [0x0000000080000000, 0x0000000100000000)
  region size 1024K, 16 young (16384K), 16 survivors (16384K)
 Metaspace       used 76020K, capacity 77890K, committed 77928K, reserved 1116160K
  class space    used 9832K, capacity 10477K, committed 10496K, reserved 1048576K
}
Event: 9.345 GC heap before
{Heap before GC invocations=12 (full 0):
 garbage-first heap   total 260096K, used 198021K [0x0000000080000000, 0x0000000100000000)
  region size 1024K, 151 young (154624K), 16 survivors (16384K)
 Metaspace       used 84230K, capacity 86354K, committed 86504K, reserved 1124352K
  class space    used 10834K, capacity 11563K, committed 11648K, reserved 1048576K
}
Event: 9.390 GC heap after
{Heap after GC invocations=13 (full 0):
 garbage-first heap   total 312320K, used 75200K [0x0000000080000000, 0x0000000100000000)
  region size 1024K, 19 young (19456K), 19 survivors (19456K)
 Metaspace       used 84230K, capacity 86354K, committed 86504K, reserved 1124352K
  class space    used 10834K, capacity 11563K, committed 11648K, reserved 1048576K
}

