# JRE version: OpenJDK Runtime Environment (11.0.15) (build 11.0.15+0-b2043.56-9505619)
# Java VM: OpenJDK 64-Bit Server VM (11.0.15+0-b2043.56-9505619, mixed mode, tiered, compressed oops, g1 gc, windows-amd64)
Heap:
 garbage-first heap   total 260096K, used 116224K [0x0000000080000000, 0x0000000100000000)
  region size 1024K, 59 young (60416K), 18 survivors (18432K)
 Metaspace       used 90946K, capacity 93263K, committed 93480K, reserved 1130496K
  class space    used 11761K, capacity 12553K, committed 12672K, reserved 1048576K
GC Heap History (20 events):
Event: 1.471 GC heap before
{Heap before GC invocations=1 (full 0):
 garbage-first heap   total 260096K, used 49102K [0x0000000080000000, 0x0000000100000000)
  region size 1024K, 42 young (43008K), 2 survivors (2048K)
 Metaspace       used 10929K, capacity 11141K, committed 11264K, reserved 1058816K
  class space    used 1113K, capacity 1207K, committed 1280K, reserved 1048576K
}
Event: 1.478 GC heap after
{Heap after GC invocations=2 (full 0):
 garbage-first heap   total 260096K, used 12764K [0x0000000080000000, 0x0000000100000000)
  region size 1024K, 6 young (6144K), 6 survivors (6144K)
 Metaspace       used 10929K, capacity 11141K, committed 11264K, reserved 1058816K
  class space    used 1113K, capacity 1207K, committed 1280K, reserved 1048576K
}
Event: 2.272 GC heap before
{Heap before GC invocations=2 (full 0):
 garbage-first heap   total 260096K, used 52700K [0x0000000080000000, 0x0000000100000000)
  region size 1024K, 45 young (46080K), 6 survivors (6144K)
 Metaspace       used 17819K, capacity 18167K, committed 18432K, reserved 1064960K
  class space    used 2077K, capacity 2209K, committed 2304K, reserved 1048576K
}
Event: 2.277 GC heap after
{Heap after GC invocations=3 (full 0):
 garbage-first heap   total 260096K, used 16213K [0x0000000080000000, 0x0000000100000000)
  region size 1024K, 4 young (4096K), 4 survivors (4096K)
 Metaspace       used 17819K, capacity 18167K, committed 18432K, reserved 1064960K
  class space    used 2077K, capacity 2209K, committed 2304K, reserved 1048576K
}
Event: 2.483 GC heap before
{Heap before GC invocations=3 (full 0):
 garbage-first heap   total 260096K, used 41813K [0x0000000080000000, 0x0000000100000000)
  region size 1024K, 30 young (30720K), 4 survivors (4096K)
 Metaspace       used 20831K, capacity 21153K, committed 21296K, reserved 1069056K
  class space    used 2506K, capacity 2651K, committed 2688K, reserved 1048576K
}
Event: 2.487 GC heap after
{Heap after GC invocations=4 (full 0):
 garbage-first heap   total 260096K, used 17110K [0x0000000080000000, 0x0000000100000000)
  region size 1024K, 5 young (5120K), 5 survivors (5120K)
 Metaspace       used 20831K, capacity 21153K, committed 21296K, reserved 1069056K
  class space    used 2506K, capacity 2651K, committed 2688K, reserved 1048576K
}
Event: 3.246 GC heap before
{Heap before GC invocations=5 (full 0):
 garbage-first heap   total 260096K, used 72406K [0x0000000080000000, 0x0000000100000000)
  region size 1024K, 59 young (60416K), 5 survivors (5120K)
 Metaspace       used 26858K, capacity 27487K, committed 27824K, reserved 1073152K
  class space    used 3485K, capacity 3734K, committed 3840K, reserved 1048576K
}
Event: 3.253 GC heap after
{Heap after GC invocations=6 (full 0):
 garbage-first heap   total 260096K, used 19251K [0x0000000080000000, 0x0000000100000000)
  region size 1024K, 7 young (7168K), 7 survivors (7168K)
 Metaspace       used 26858K, capacity 27487K, committed 27824K, reserved 1073152K
  class space    used 3485K, capacity 3734K, committed 3840K, reserved 1048576K
}
Event: 4.163 GC heap before
{Heap before GC invocations=6 (full 0):
 garbage-first heap   total 260096K, used 86835K [0x0000000080000000, 0x0000000100000000)
  region size 1024K, 74 young (75776K), 7 survivors (7168K)
 Metaspace       used 34897K, capacity 35731K, committed 35888K, reserved 1081344K
  class space    used 4551K, capacity 4887K, committed 4992K, reserved 1048576K
}
Event: 4.179 GC heap after
{Heap after GC invocations=7 (full 0):
 garbage-first heap   total 260096K, used 22483K [0x0000000080000000, 0x0000000100000000)
  region size 1024K, 10 young (10240K), 10 survivors (10240K)
 Metaspace       used 34897K, capacity 35731K, committed 35888K, reserved 1081344K
  class space    used 4551K, capacity 4887K, committed 4992K, reserved 1048576K
}
Event: 5.603 GC heap before
{Heap before GC invocations=8 (full 0):
 garbage-first heap   total 260096K, used 170963K [0x0000000080000000, 0x0000000100000000)
  region size 1024K, 152 young (155648K), 10 survivors (10240K)
 Metaspace       used 47468K, capacity 48688K, committed 48944K, reserved 1091584K
  class space    used 6058K, capacity 6463K, committed 6528K, reserved 1048576K
}
Event: 5.622 GC heap after
{Heap after GC invocations=9 (full 0):
 garbage-first heap   total 260096K, used 31046K [0x0000000080000000, 0x0000000100000000)
  region size 1024K, 18 young (18432K), 18 survivors (18432K)
 Metaspace       used 47468K, capacity 48688K, committed 48944K, reserved 1091584K
  class space    used 6058K, capacity 6463K, committed 6528K, reserved 1048576K
}
Event: 15.515 GC heap before
{Heap before GC invocations=10 (full 0):
 garbage-first heap   total 260096K, used 172358K [0x0000000080000000, 0x0000000100000000)
  region size 1024K, 152 young (155648K), 18 survivors (18432K)
 Metaspace       used 61477K, capacity 63167K, committed 63408K, reserved 1103872K
  class space    used 7821K, capacity 8409K, committed 8448K, reserved 1048576K
}
Event: 15.535 GC heap after
{Heap after GC invocations=11 (full 0):
 garbage-first heap   total 260096K, used 47707K [0x0000000080000000, 0x0000000100000000)
  region size 1024K, 19 young (19456K), 19 survivors (19456K)
 Metaspace       used 61477K, capacity 63167K, committed 63408K, reserved 1103872K
  class space    used 7821K, capacity 8409K, committed 8448K, reserved 1048576K
}
Event: 17.079 GC heap before
{Heap before GC invocations=11 (full 0):
 garbage-first heap   total 260096K, used 191067K [0x0000000080000000, 0x0000000100000000)
  region size 1024K, 152 young (155648K), 19 survivors (19456K)
 Metaspace       used 72427K, capacity 74288K, committed 74544K, reserved 1114112K
  class space    used 9149K, capacity 9832K, committed 9856K, reserved 1048576K
}
Event: 17.103 GC heap after
{Heap after GC invocations=12 (full 0):
 garbage-first heap   total 260096K, used 58593K [0x0000000080000000, 0x0000000100000000)
  region size 1024K, 11 young (11264K), 11 survivors (11264K)
 Metaspace       used 72427K, capacity 74288K, committed 74544K, reserved 1114112K
  class space    used 9149K, capacity 9832K, committed 9856K, reserved 1048576K
}
Event: 18.043 GC heap before
{Heap before GC invocations=12 (full 0):
 garbage-first heap   total 260096K, used 140513K [0x0000000080000000, 0x0000000100000000)
  region size 1024K, 92 young (94208K), 11 survivors (11264K)
 Metaspace       used 79616K, capacity 81446K, committed 81576K, reserved 1120256K
  class space    used 10264K, capacity 10941K, committed 11008K, reserved 1048576K
}
Event: 18.060 GC heap after
{Heap after GC invocations=13 (full 0):
 garbage-first heap   total 260096K, used 63201K [0x0000000080000000, 0x0000000100000000)
  region size 1024K, 15 young (15360K), 15 survivors (15360K)
 Metaspace       used 79616K, capacity 81446K, committed 81576K, reserved 1120256K
  class space    used 10264K, capacity 10941K, committed 11008K, reserved 1048576K
}
Event: 19.302 GC heap before
{Heap before GC invocations=14 (full 0):
 garbage-first heap   total 260096K, used 201441K [0x0000000080000000, 0x0000000100000000)
  region size 1024K, 150 young (153600K), 15 survivors (15360K)
 Metaspace       used 87224K, capacity 89286K, committed 89512K, reserved 1126400K
  class space    used 11274K, capacity 12004K, committed 12032K, reserved 1048576K
}
Event: 19.343 GC heap after
{Heap after GC invocations=15 (full 0):
 garbage-first heap   total 260096K, used 75264K [0x0000000080000000, 0x0000000100000000)
  region size 1024K, 18 young (18432K), 18 survivors (18432K)
 Metaspace       used 87224K, capacity 89286K, committed 89512K, reserved 1126400K
  class space    used 11274K, capacity 12004K, committed 12032K, reserved 1048576K
}

