# JRE version: OpenJDK Runtime Environment (11.0.15) (build 11.0.15+0-b2043.56-9505619)
# Java VM: OpenJDK 64-Bit Server VM (11.0.15+0-b2043.56-9505619, mixed mode, tiered, compressed oops, g1 gc, windows-amd64)
Heap:
 garbage-first heap   total 312320K, used 118150K [0x0000000080000000, 0x0000000100000000)
  region size 1024K, 66 young (67584K), 20 survivors (20480K)
 Metaspace       used 86092K, capacity 88404K, committed 88656K, reserved 1126400K
  class space    used 11150K, capacity 11941K, committed 12056K, reserved 1048576K
GC Heap History (20 events):
Event: 1.041 GC heap before
{Heap before GC invocations=1 (full 0):
 garbage-first heap   total 260096K, used 39737K [0x0000000080000000, 0x0000000100000000)
  region size 1024K, 34 young (34816K), 2 survivors (2048K)
 Metaspace       used 10852K, capacity 11073K, committed 11264K, reserved 1058816K
  class space    used 1113K, capacity 1207K, committed 1280K, reserved 1048576K
}
Event: 1.044 GC heap after
{Heap after GC invocations=2 (full 0):
 garbage-first heap   total 260096K, used 9963K [0x0000000080000000, 0x0000000100000000)
  region size 1024K, 5 young (5120K), 5 survivors (5120K)
 Metaspace       used 10852K, capacity 11073K, committed 11264K, reserved 1058816K
  class space    used 1113K, capacity 1207K, committed 1280K, reserved 1048576K
}
Event: 1.611 GC heap before
{Heap before GC invocations=2 (full 0):
 garbage-first heap   total 260096K, used 46827K [0x0000000080000000, 0x0000000100000000)
  region size 1024K, 40 young (40960K), 5 survivors (5120K)
 Metaspace       used 16036K, capacity 16383K, committed 16640K, reserved 1064960K
  class space    used 1801K, capacity 1933K, committed 2048K, reserved 1048576K
}
Event: 1.617 GC heap after
{Heap after GC invocations=3 (full 0):
 garbage-first heap   total 260096K, used 15899K [0x0000000080000000, 0x0000000100000000)
  region size 1024K, 5 young (5120K), 5 survivors (5120K)
 Metaspace       used 16036K, capacity 16383K, committed 16640K, reserved 1064960K
  class space    used 1801K, capacity 1933K, committed 2048K, reserved 1048576K
}
Event: 1.942 GC heap before
{Heap before GC invocations=3 (full 0):
 garbage-first heap   total 260096K, used 53787K [0x0000000080000000, 0x0000000100000000)
  region size 1024K, 44 young (45056K), 5 survivors (5120K)
 Metaspace       used 20774K, capacity 21187K, committed 21296K, reserved 1069056K
  class space    used 2521K, capacity 2685K, committed 2688K, reserved 1048576K
}
Event: 1.947 GC heap after
{Heap after GC invocations=4 (full 0):
 garbage-first heap   total 260096K, used 17517K [0x0000000080000000, 0x0000000100000000)
  region size 1024K, 2 young (2048K), 2 survivors (2048K)
 Metaspace       used 20774K, capacity 21187K, committed 21296K, reserved 1069056K
  class space    used 2521K, capacity 2685K, committed 2688K, reserved 1048576K
}
Event: 2.500 GC heap before
{Heap before GC invocations=5 (full 0):
 garbage-first heap   total 260096K, used 73837K [0x0000000080000000, 0x0000000100000000)
  region size 1024K, 57 young (58368K), 2 survivors (2048K)
 Metaspace       used 26917K, capacity 27547K, committed 27772K, reserved 1073152K
  class space    used 3496K, capacity 3734K, committed 3788K, reserved 1048576K
}
Event: 2.506 GC heap after
{Heap after GC invocations=6 (full 0):
 garbage-first heap   total 260096K, used 19305K [0x0000000080000000, 0x0000000100000000)
  region size 1024K, 4 young (4096K), 4 survivors (4096K)
 Metaspace       used 26917K, capacity 27547K, committed 27772K, reserved 1073152K
  class space    used 3496K, capacity 3734K, committed 3788K, reserved 1048576K
}
Event: 3.245 GC heap before
{Heap before GC invocations=6 (full 0):
 garbage-first heap   total 260096K, used 81769K [0x0000000080000000, 0x0000000100000000)
  region size 1024K, 67 young (68608K), 4 survivors (4096K)
 Metaspace       used 35065K, capacity 35953K, committed 36048K, reserved 1081344K
  class space    used 4567K, capacity 4921K, committed 4940K, reserved 1048576K
}
Event: 3.254 GC heap after
{Heap after GC invocations=7 (full 0):
 garbage-first heap   total 260096K, used 22589K [0x0000000080000000, 0x0000000100000000)
  region size 1024K, 7 young (7168K), 7 survivors (7168K)
 Metaspace       used 35065K, capacity 35953K, committed 36048K, reserved 1081344K
  class space    used 4567K, capacity 4921K, committed 4940K, reserved 1048576K
}
Event: 4.190 GC heap before
{Heap before GC invocations=8 (full 0):
 garbage-first heap   total 260096K, used 126013K [0x0000000080000000, 0x0000000100000000)
  region size 1024K, 106 young (108544K), 7 survivors (7168K)
 Metaspace       used 43729K, capacity 44932K, committed 45084K, reserved 1089536K
  class space    used 5620K, capacity 6004K, committed 6040K, reserved 1048576K
}
Event: 4.209 GC heap after
{Heap after GC invocations=9 (full 0):
 garbage-first heap   total 260096K, used 30515K [0x0000000080000000, 0x0000000100000000)
  region size 1024K, 14 young (14336K), 14 survivors (14336K)
 Metaspace       used 43729K, capacity 44932K, committed 45084K, reserved 1089536K
  class space    used 5620K, capacity 6004K, committed 6040K, reserved 1048576K
}
Event: 5.436 GC heap before
{Heap before GC invocations=10 (full 0):
 garbage-first heap   total 260096K, used 158515K [0x0000000080000000, 0x0000000100000000)
  region size 1024K, 133 young (136192K), 14 survivors (14336K)
 Metaspace       used 52328K, capacity 53751K, committed 53916K, reserved 1095680K
  class space    used 6648K, capacity 7161K, committed 7192K, reserved 1048576K
}
Event: 5.456 GC heap after
{Heap after GC invocations=11 (full 0):
 garbage-first heap   total 260096K, used 44653K [0x0000000080000000, 0x0000000100000000)
  region size 1024K, 17 young (17408K), 17 survivors (17408K)
 Metaspace       used 52328K, capacity 53751K, committed 53916K, reserved 1095680K
  class space    used 6648K, capacity 7161K, committed 7192K, reserved 1048576K
}
Event: 6.864 GC heap before
{Heap before GC invocations=11 (full 0):
 garbage-first heap   total 260096K, used 184941K [0x0000000080000000, 0x0000000100000000)
  region size 1024K, 146 young (149504K), 17 survivors (17408K)
 Metaspace       used 66853K, capacity 68542K, committed 68892K, reserved 1110016K
  class space    used 8403K, capacity 8995K, committed 9112K, reserved 1048576K
}
Event: 6.885 GC heap after
{Heap after GC invocations=12 (full 0):
 garbage-first heap   total 312320K, used 54756K [0x0000000080000000, 0x0000000100000000)
  region size 1024K, 10 young (10240K), 10 survivors (10240K)
 Metaspace       used 66853K, capacity 68542K, committed 68892K, reserved 1110016K
  class space    used 8403K, capacity 8995K, committed 9112K, reserved 1048576K
}
Event: 7.825 GC heap before
{Heap before GC invocations=12 (full 0):
 garbage-first heap   total 312320K, used 156132K [0x0000000080000000, 0x0000000100000000)
  region size 1024K, 110 young (112640K), 10 survivors (10240K)
 Metaspace       used 73752K, capacity 75540K, committed 75676K, reserved 1114112K
  class space    used 9503K, capacity 10157K, committed 10264K, reserved 1048576K
}
Event: 7.841 GC heap after
{Heap after GC invocations=13 (full 0):
 garbage-first heap   total 312320K, used 60388K [0x0000000080000000, 0x0000000100000000)
  region size 1024K, 16 young (16384K), 16 survivors (16384K)
 Metaspace       used 73752K, capacity 75540K, committed 75676K, reserved 1114112K
  class space    used 9503K, capacity 10157K, committed 10264K, reserved 1048576K
}
Event: 9.086 GC heap before
{Heap before GC invocations=14 (full 0):
 garbage-first heap   total 312320K, used 204772K [0x0000000080000000, 0x0000000100000000)
  region size 1024K, 157 young (160768K), 16 survivors (16384K)
 Metaspace       used 82105K, capacity 84094K, committed 84432K, reserved 1122304K
  class space    used 10625K, capacity 11309K, committed 11416K, reserved 1048576K
}
Event: 9.109 GC heap after
{Heap after GC invocations=15 (full 0):
 garbage-first heap   total 312320K, used 73094K [0x0000000080000000, 0x0000000100000000)
  region size 1024K, 20 young (20480K), 20 survivors (20480K)
 Metaspace       used 82105K, capacity 84094K, committed 84432K, reserved 1122304K
  class space    used 10625K, capacity 11309K, committed 11416K, reserved 1048576K
}

