# JRE version: OpenJDK Runtime Environment (11.0.15) (build 11.0.15+0-b2043.56-9505619)
# Java VM: OpenJDK 64-Bit Server VM (11.0.15+0-b2043.56-9505619, mixed mode, tiered, compressed oops, g1 gc, windows-amd64)
Heap:
 garbage-first heap   total 312320K, used 167710K [0x0000000080000000, 0x0000000100000000)
  region size 1024K, 111 young (113664K), 19 survivors (19456K)
 Metaspace       used 95298K, capacity 97614K, committed 97860K, reserved 1134592K
  class space    used 12068K, capacity 12914K, committed 13028K, reserved 1048576K
GC Heap History (20 events):
Event: 0.614 GC heap before
{Heap before GC invocations=0 (full 0):
 garbage-first heap   total 260096K, used 16384K [0x0000000080000000, 0x0000000100000000)
  region size 1024K, 14 young (14336K), 0 survivors (0K)
 Metaspace       used 6750K, capacity 6993K, committed 7168K, reserved 1056768K
  class space    used 571K, capacity 650K, committed 768K, reserved 1048576K
}
Event: 0.618 GC heap after
{Heap after GC invocations=1 (full 0):
 garbage-first heap   total 260096K, used 3889K [0x0000000080000000, 0x0000000100000000)
  region size 1024K, 2 young (2048K), 2 survivors (2048K)
 Metaspace       used 6750K, capacity 6993K, committed 7168K, reserved 1056768K
  class space    used 571K, capacity 650K, committed 768K, reserved 1048576K
}
Event: 2.157 GC heap before
{Heap before GC invocations=1 (full 0):
 garbage-first heap   total 260096K, used 115505K [0x0000000080000000, 0x0000000100000000)
  region size 1024K, 108 young (110592K), 2 survivors (2048K)
 Metaspace       used 20849K, capacity 21153K, committed 21296K, reserved 1069056K
  class space    used 2512K, capacity 2651K, committed 2688K, reserved 1048576K
}
Event: 2.166 GC heap after
{Heap after GC invocations=2 (full 0):
 garbage-first heap   total 260096K, used 16686K [0x0000000080000000, 0x0000000100000000)
  region size 1024K, 12 young (12288K), 12 survivors (12288K)
 Metaspace       used 20849K, capacity 21153K, committed 21296K, reserved 1069056K
  class space    used 2512K, capacity 2651K, committed 2688K, reserved 1048576K
}
Event: 2.612 GC heap before
{Heap before GC invocations=3 (full 0):
 garbage-first heap   total 260096K, used 65838K [0x0000000080000000, 0x0000000100000000)
  region size 1024K, 60 young (61440K), 12 survivors (12288K)
 Metaspace       used 25999K, capacity 26594K, committed 26800K, reserved 1073152K
  class space    used 3344K, capacity 3580K, committed 3584K, reserved 1048576K
}
Event: 2.622 GC heap after
{Heap after GC invocations=4 (full 0):
 garbage-first heap   total 260096K, used 18828K [0x0000000080000000, 0x0000000100000000)
  region size 1024K, 2 young (2048K), 2 survivors (2048K)
 Metaspace       used 25999K, capacity 26594K, committed 26800K, reserved 1073152K
  class space    used 3344K, capacity 3580K, committed 3584K, reserved 1048576K
}
Event: 3.342 GC heap before
{Heap before GC invocations=4 (full 0):
 garbage-first heap   total 260096K, used 89484K [0x0000000080000000, 0x0000000100000000)
  region size 1024K, 72 young (73728K), 2 survivors (2048K)
 Metaspace       used 34914K, capacity 35733K, committed 35888K, reserved 1081344K
  class space    used 4558K, capacity 4889K, committed 4992K, reserved 1048576K
}
Event: 3.353 GC heap after
{Heap after GC invocations=5 (full 0):
 garbage-first heap   total 260096K, used 22534K [0x0000000080000000, 0x0000000100000000)
  region size 1024K, 6 young (6144K), 6 survivors (6144K)
 Metaspace       used 34914K, capacity 35733K, committed 35888K, reserved 1081344K
  class space    used 4558K, capacity 4889K, committed 4992K, reserved 1048576K
}
Event: 4.177 GC heap before
{Heap before GC invocations=6 (full 0):
 garbage-first heap   total 260096K, used 110598K [0x0000000080000000, 0x0000000100000000)
  region size 1024K, 90 young (92160K), 6 survivors (6144K)
 Metaspace       used 42125K, capacity 43319K, committed 43572K, reserved 1087488K
  class space    used 5367K, capacity 5749K, committed 5836K, reserved 1048576K
}
Event: 4.192 GC heap after
{Heap after GC invocations=7 (full 0):
 garbage-first heap   total 260096K, used 29540K [0x0000000080000000, 0x0000000100000000)
  region size 1024K, 12 young (12288K), 12 survivors (12288K)
 Metaspace       used 42125K, capacity 43319K, committed 43572K, reserved 1087488K
  class space    used 5367K, capacity 5749K, committed 5836K, reserved 1048576K
}
Event: 5.293 GC heap before
{Heap before GC invocations=8 (full 0):
 garbage-first heap   total 260096K, used 129892K [0x0000000080000000, 0x0000000100000000)
  region size 1024K, 110 young (112640K), 12 survivors (12288K)
 Metaspace       used 52233K, capacity 53621K, committed 53940K, reserved 1095680K
  class space    used 6616K, capacity 7122K, committed 7244K, reserved 1048576K
}
Event: 5.313 GC heap after
{Heap after GC invocations=9 (full 0):
 garbage-first heap   total 260096K, used 34672K [0x0000000080000000, 0x0000000100000000)
  region size 1024K, 12 young (12288K), 12 survivors (12288K)
 Metaspace       used 52233K, capacity 53621K, committed 53940K, reserved 1095680K
  class space    used 6616K, capacity 7122K, committed 7244K, reserved 1048576K
}
Event: 7.105 GC heap before
{Heap before GC invocations=9 (full 0):
 garbage-first heap   total 260096K, used 158576K [0x0000000080000000, 0x0000000100000000)
  region size 1024K, 129 young (132096K), 12 survivors (12288K)
 Metaspace       used 65604K, capacity 67283K, committed 67380K, reserved 1107968K
  class space    used 8242K, capacity 8838K, committed 8908K, reserved 1048576K
}
Event: 7.123 GC heap after
{Heap after GC invocations=10 (full 0):
 garbage-first heap   total 260096K, used 50224K [0x0000000080000000, 0x0000000100000000)
  region size 1024K, 17 young (17408K), 17 survivors (17408K)
 Metaspace       used 65604K, capacity 67283K, committed 67380K, reserved 1107968K
  class space    used 8242K, capacity 8838K, committed 8908K, reserved 1048576K
}
Event: 7.876 GC heap before
{Heap before GC invocations=10 (full 0):
 garbage-first heap   total 260096K, used 126000K [0x0000000080000000, 0x0000000100000000)
  region size 1024K, 85 young (87040K), 17 survivors (17408K)
 Metaspace       used 70756K, capacity 72465K, committed 72620K, reserved 1112064K
  class space    used 8899K, capacity 9509K, committed 9548K, reserved 1048576K
}
Event: 7.898 GC heap after
{Heap after GC invocations=11 (full 0):
 garbage-first heap   total 260096K, used 56610K [0x0000000080000000, 0x0000000100000000)
  region size 1024K, 7 young (7168K), 7 survivors (7168K)
 Metaspace       used 70756K, capacity 72465K, committed 72620K, reserved 1112064K
  class space    used 8899K, capacity 9509K, committed 9548K, reserved 1048576K
}
Event: 9.090 GC heap before
{Heap before GC invocations=12 (full 0):
 garbage-first heap   total 260096K, used 177442K [0x0000000080000000, 0x0000000100000000)
  region size 1024K, 125 young (128000K), 7 survivors (7168K)
 Metaspace       used 79323K, capacity 81207K, committed 81476K, reserved 1120256K
  class space    used 10228K, capacity 10884K, committed 10980K, reserved 1048576K
}
Event: 9.103 GC heap after
{Heap after GC invocations=13 (full 0):
 garbage-first heap   total 312320K, used 63144K [0x0000000080000000, 0x0000000100000000)
  region size 1024K, 14 young (14336K), 14 survivors (14336K)
 Metaspace       used 79323K, capacity 81207K, committed 81476K, reserved 1120256K
  class space    used 10228K, capacity 10884K, committed 10980K, reserved 1048576K
}
Event: 19.302 GC heap before
{Heap before GC invocations=14 (full 0):
 garbage-first heap   total 312320K, used 200360K [0x0000000080000000, 0x0000000100000000)
  region size 1024K, 149 young (152576K), 14 survivors (14336K)
 Metaspace       used 91044K, capacity 93408K, committed 93636K, reserved 1130496K
  class space    used 11521K, capacity 12367K, committed 12388K, reserved 1048576K
}
Event: 19.325 GC heap after
{Heap after GC invocations=15 (full 0):
 garbage-first heap   total 312320K, used 74526K [0x0000000080000000, 0x0000000100000000)
  region size 1024K, 19 young (19456K), 19 survivors (19456K)
 Metaspace       used 91044K, capacity 93408K, committed 93636K, reserved 1130496K
  class space    used 11521K, capacity 12367K, committed 12388K, reserved 1048576K
}

