# JRE version: OpenJDK Runtime Environment (11.0.15) (build 11.0.15+0-b2043.56-9505619)
# Java VM: OpenJDK 64-Bit Server VM (11.0.15+0-b2043.56-9505619, mixed mode, tiered, compressed oops, g1 gc, windows-amd64)
Heap:
 garbage-first heap   total 312320K, used 237568K [0x0000000080000000, 0x0000000100000000)
  region size 1024K, 56 young (57344K), 8 survivors (8192K)
 Metaspace       used 106260K, capacity 109287K, committed 109476K, reserved 1144832K
  class space    used 13277K, capacity 14308K, committed 14412K, reserved 1048576K
GC Heap History (20 events):
Event: 5.653 GC heap before
{Heap before GC invocations=9 (full 0):
 garbage-first heap   total 260096K, used 197615K [0x0000000080000000, 0x0000000100000000)
  region size 1024K, 120 young (122880K), 17 survivors (17408K)
 Metaspace       used 51832K, capacity 53479K, committed 53628K, reserved 1095680K
  class space    used 6643K, capacity 7247K, committed 7372K, reserved 1048576K
}
Event: 5.674 GC heap after
{Heap after GC invocations=10 (full 0):
 garbage-first heap   total 312320K, used 99319K [0x0000000080000000, 0x0000000100000000)
  region size 1024K, 7 young (7168K), 7 survivors (7168K)
 Metaspace       used 51832K, capacity 53479K, committed 53628K, reserved 1095680K
  class space    used 6643K, capacity 7247K, committed 7372K, reserved 1048576K
}
Event: 6.446 GC heap before
{Heap before GC invocations=10 (full 0):
 garbage-first heap   total 312320K, used 165879K [0x0000000080000000, 0x0000000100000000)
  region size 1024K, 68 young (69632K), 7 survivors (7168K)
 Metaspace       used 58102K, capacity 59866K, committed 59940K, reserved 1101824K
  class space    used 7437K, capacity 8117K, committed 8140K, reserved 1048576K
}
Event: 6.461 GC heap after
{Heap after GC invocations=11 (full 0):
 garbage-first heap   total 312320K, used 110266K [0x0000000080000000, 0x0000000100000000)
  region size 1024K, 14 young (14336K), 14 survivors (14336K)
 Metaspace       used 58102K, capacity 59866K, committed 59940K, reserved 1101824K
  class space    used 7437K, capacity 8117K, committed 8140K, reserved 1048576K
}
Event: 7.743 GC heap before
{Heap before GC invocations=12 (full 0):
 garbage-first heap   total 312320K, used 229050K [0x0000000080000000, 0x0000000100000000)
  region size 1024K, 122 young (124928K), 14 survivors (14336K)
 Metaspace       used 69243K, capacity 71283K, committed 71460K, reserved 1112064K
  class space    used 8811K, capacity 9576K, committed 9676K, reserved 1048576K
}
Event: 7.760 GC heap after
{Heap after GC invocations=13 (full 0):
 garbage-first heap   total 312320K, used 118464K [0x0000000080000000, 0x0000000100000000)
  region size 1024K, 15 young (15360K), 15 survivors (15360K)
 Metaspace       used 69243K, capacity 71283K, committed 71460K, reserved 1112064K
  class space    used 8811K, capacity 9576K, committed 9676K, reserved 1048576K
}
Event: 8.837 GC heap before
{Heap before GC invocations=14 (full 0):
 garbage-first heap   total 312320K, used 229056K [0x0000000080000000, 0x0000000100000000)
  region size 1024K, 124 young (126976K), 15 survivors (15360K)
 Metaspace       used 77316K, capacity 79394K, committed 79524K, reserved 1118208K
  class space    used 9931K, capacity 10703K, committed 10828K, reserved 1048576K
}
Event: 8.854 GC heap after
{Heap after GC invocations=15 (full 0):
 garbage-first heap   total 312320K, used 127477K [0x0000000080000000, 0x0000000100000000)
  region size 1024K, 16 young (16384K), 16 survivors (16384K)
 Metaspace       used 77316K, capacity 79394K, committed 79524K, reserved 1118208K
  class space    used 9931K, capacity 10703K, committed 10828K, reserved 1048576K
}
Event: 9.554 GC heap before
{Heap before GC invocations=15 (full 0):
 garbage-first heap   total 312320K, used 263669K [0x0000000080000000, 0x0000000100000000)
  region size 1024K, 123 young (125952K), 16 survivors (16384K)
 Metaspace       used 82126K, capacity 84512K, committed 84772K, reserved 1122304K
  class space    used 10579K, capacity 11429K, committed 11468K, reserved 1048576K
}
Event: 9.571 GC heap after
{Heap after GC invocations=16 (full 0):
 garbage-first heap   total 312320K, used 163553K [0x0000000080000000, 0x0000000100000000)
  region size 1024K, 9 young (9216K), 9 survivors (9216K)
 Metaspace       used 82126K, capacity 84512K, committed 84772K, reserved 1122304K
  class space    used 10579K, capacity 11429K, committed 11468K, reserved 1048576K
}
Event: 9.810 GC heap before
{Heap before GC invocations=16 (full 0):
 garbage-first heap   total 312320K, used 204513K [0x0000000080000000, 0x0000000100000000)
  region size 1024K, 51 young (52224K), 9 survivors (9216K)
 Metaspace       used 84289K, capacity 86731K, committed 86948K, reserved 1124352K
  class space    used 10853K, capacity 11721K, committed 11852K, reserved 1048576K
}
Event: 9.817 GC heap after
{Heap after GC invocations=17 (full 0):
 garbage-first heap   total 312320K, used 167278K [0x0000000080000000, 0x0000000100000000)
  region size 1024K, 4 young (4096K), 4 survivors (4096K)
 Metaspace       used 84289K, capacity 86731K, committed 86948K, reserved 1124352K
  class space    used 10853K, capacity 11721K, committed 11852K, reserved 1048576K
}
Event: 10.565 GC heap before
{Heap before GC invocations=18 (full 0):
 garbage-first heap   total 312320K, used 252270K [0x0000000080000000, 0x0000000100000000)
  region size 1024K, 86 young (88064K), 4 survivors (4096K)
 Metaspace       used 92140K, capacity 94636K, committed 94756K, reserved 1132544K
  class space    used 11834K, capacity 12741K, committed 12748K, reserved 1048576K
}
Event: 10.575 GC heap after
{Heap after GC invocations=19 (full 0):
 garbage-first heap   total 312320K, used 168525K [0x0000000080000000, 0x0000000100000000)
  region size 1024K, 5 young (5120K), 5 survivors (5120K)
 Metaspace       used 92140K, capacity 94636K, committed 94756K, reserved 1132544K
  class space    used 11834K, capacity 12741K, committed 12748K, reserved 1048576K
}
Event: 11.559 GC heap before
{Heap before GC invocations=19 (full 0):
 garbage-first heap   total 312320K, used 254541K [0x0000000080000000, 0x0000000100000000)
  region size 1024K, 90 young (92160K), 5 survivors (5120K)
 Metaspace       used 97099K, capacity 99782K, committed 100004K, reserved 1136640K
  class space    used 12409K, capacity 13320K, committed 13388K, reserved 1048576K
}
Event: 11.579 GC heap after
{Heap after GC invocations=20 (full 0):
 garbage-first heap   total 312320K, used 176388K [0x0000000080000000, 0x0000000100000000)
  region size 1024K, 12 young (12288K), 12 survivors (12288K)
 Metaspace       used 97099K, capacity 99782K, committed 100004K, reserved 1136640K
  class space    used 12409K, capacity 13320K, committed 13388K, reserved 1048576K
}
Event: 12.669 GC heap before
{Heap before GC invocations=21 (full 0):
 garbage-first heap   total 312320K, used 256260K [0x0000000080000000, 0x0000000100000000)
  region size 1024K, 91 young (93184K), 12 survivors (12288K)
 Metaspace       used 101516K, capacity 104447K, committed 104612K, reserved 1140736K
  class space    used 12795K, capacity 13771K, committed 13900K, reserved 1048576K
}
Event: 12.685 GC heap after
{Heap after GC invocations=22 (full 0):
 garbage-first heap   total 312320K, used 182072K [0x0000000080000000, 0x0000000100000000)
  region size 1024K, 7 young (7168K), 7 survivors (7168K)
 Metaspace       used 101516K, capacity 104447K, committed 104612K, reserved 1140736K
  class space    used 12795K, capacity 13771K, committed 13900K, reserved 1048576K
}
Event: 36.568 GC heap before
{Heap before GC invocations=22 (full 0):
 garbage-first heap   total 312320K, used 258872K [0x0000000080000000, 0x0000000100000000)
  region size 1024K, 83 young (84992K), 7 survivors (7168K)
 Metaspace       used 105217K, capacity 108123K, committed 108196K, reserved 1142784K
  class space    used 13111K, capacity 14110K, committed 14156K, reserved 1048576K
}
Event: 36.589 GC heap after
{Heap after GC invocations=23 (full 0):
 garbage-first heap   total 312320K, used 189440K [0x0000000080000000, 0x0000000100000000)
  region size 1024K, 8 young (8192K), 8 survivors (8192K)
 Metaspace       used 105217K, capacity 108123K, committed 108196K, reserved 1142784K
  class space    used 13111K, capacity 14110K, committed 14156K, reserved 1048576K
}

