# JRE version: OpenJDK Runtime Environment (11.0.15) (build 11.0.15+0-b2043.56-9505619)
# Java VM: OpenJDK 64-Bit Server VM (11.0.15+0-b2043.56-9505619, mixed mode, tiered, compressed oops, g1 gc, windows-amd64)
Heap:
 garbage-first heap   total 312320K, used 110567K [0x0000000080000000, 0x0000000100000000)
  region size 1024K, 51 young (52224K), 17 survivors (17408K)
 Metaspace       used 95620K, capacity 98055K, committed 98128K, reserved 1134592K
  class space    used 12113K, capacity 12940K, committed 13004K, reserved 1048576K
GC Heap History (20 events):
Event: 2.545 GC heap before
{Heap before GC invocations=4 (full 0):
 garbage-first heap   total 260096K, used 52939K [0x0000000080000000, 0x0000000100000000)
  region size 1024K, 37 young (37888K), 1 survivors (1024K)
 Metaspace       used 24574K, capacity 25102K, committed 25340K, reserved 1071104K
  class space    used 3113K, capacity 3316K, committed 3404K, reserved 1048576K
}
Event: 2.548 GC heap after
{Heap after GC invocations=5 (full 0):
 garbage-first heap   total 260096K, used 17965K [0x0000000080000000, 0x0000000100000000)
  region size 1024K, 2 young (2048K), 2 survivors (2048K)
 Metaspace       used 24574K, capacity 25102K, committed 25340K, reserved 1071104K
  class space    used 3113K, capacity 3316K, committed 3404K, reserved 1048576K
}
Event: 3.151 GC heap before
{Heap before GC invocations=6 (full 0):
 garbage-first heap   total 260096K, used 81453K [0x0000000080000000, 0x0000000100000000)
  region size 1024K, 64 young (65536K), 2 survivors (2048K)
 Metaspace       used 30524K, capacity 31263K, committed 31484K, reserved 1077248K
  class space    used 4076K, capacity 4355K, committed 4428K, reserved 1048576K
}
Event: 3.155 GC heap after
{Heap after GC invocations=7 (full 0):
 garbage-first heap   total 260096K, used 19996K [0x0000000080000000, 0x0000000100000000)
  region size 1024K, 4 young (4096K), 4 survivors (4096K)
 Metaspace       used 30524K, capacity 31263K, committed 31484K, reserved 1077248K
  class space    used 4076K, capacity 4355K, committed 4428K, reserved 1048576K
}
Event: 4.150 GC heap before
{Heap before GC invocations=7 (full 0):
 garbage-first heap   total 260096K, used 115228K [0x0000000080000000, 0x0000000100000000)
  region size 1024K, 95 young (97280K), 4 survivors (4096K)
 Metaspace       used 41110K, capacity 42127K, committed 42364K, reserved 1085440K
  class space    used 5206K, capacity 5564K, committed 5580K, reserved 1048576K
}
Event: 4.161 GC heap after
{Heap after GC invocations=8 (full 0):
 garbage-first heap   total 260096K, used 28276K [0x0000000080000000, 0x0000000100000000)
  region size 1024K, 12 young (12288K), 12 survivors (12288K)
 Metaspace       used 41110K, capacity 42127K, committed 42364K, reserved 1085440K
  class space    used 5206K, capacity 5564K, committed 5580K, reserved 1048576K
}
Event: 4.208 GC heap before
{Heap before GC invocations=8 (full 0):
 garbage-first heap   total 260096K, used 32372K [0x0000000080000000, 0x0000000100000000)
  region size 1024K, 17 young (17408K), 12 survivors (12288K)
 Metaspace       used 41316K, capacity 42407K, committed 42620K, reserved 1087488K
  class space    used 5228K, capacity 5573K, committed 5580K, reserved 1048576K
}
Event: 4.222 GC heap after
{Heap after GC invocations=9 (full 0):
 garbage-first heap   total 260096K, used 28980K [0x0000000080000000, 0x0000000100000000)
  region size 1024K, 9 young (9216K), 9 survivors (9216K)
 Metaspace       used 41316K, capacity 42407K, committed 42620K, reserved 1087488K
  class space    used 5228K, capacity 5573K, committed 5580K, reserved 1048576K
}
Event: 6.195 GC heap before
{Heap before GC invocations=10 (full 0):
 garbage-first heap   total 260096K, used 154932K [0x0000000080000000, 0x0000000100000000)
  region size 1024K, 132 young (135168K), 9 survivors (9216K)
 Metaspace       used 55399K, capacity 56855K, committed 56956K, reserved 1099776K
  class space    used 7026K, capacity 7534K, committed 7628K, reserved 1048576K
}
Event: 6.218 GC heap after
{Heap after GC invocations=11 (full 0):
 garbage-first heap   total 260096K, used 35059K [0x0000000080000000, 0x0000000100000000)
  region size 1024K, 15 young (15360K), 15 survivors (15360K)
 Metaspace       used 55399K, capacity 56855K, committed 56956K, reserved 1099776K
  class space    used 7026K, capacity 7534K, committed 7628K, reserved 1048576K
}
Event: 7.775 GC heap before
{Heap before GC invocations=11 (full 0):
 garbage-first heap   total 260096K, used 184563K [0x0000000080000000, 0x0000000100000000)
  region size 1024K, 150 young (153600K), 15 survivors (15360K)
 Metaspace       used 67853K, capacity 69585K, committed 69884K, reserved 1110016K
  class space    used 8533K, capacity 9156K, committed 9292K, reserved 1048576K
}
Event: 7.801 GC heap after
{Heap after GC invocations=12 (full 0):
 garbage-first heap   total 260096K, used 51713K [0x0000000080000000, 0x0000000100000000)
  region size 1024K, 19 young (19456K), 19 survivors (19456K)
 Metaspace       used 67853K, capacity 69585K, committed 69884K, reserved 1110016K
  class space    used 8533K, capacity 9156K, committed 9292K, reserved 1048576K
}
Event: 8.011 GC heap before
{Heap before GC invocations=12 (full 0):
 garbage-first heap   total 260096K, used 66049K [0x0000000080000000, 0x0000000100000000)
  region size 1024K, 34 young (34816K), 19 survivors (19456K)
 Metaspace       used 69435K, capacity 71099K, committed 71248K, reserved 1112064K
  class space    used 8736K, capacity 9354K, committed 9420K, reserved 1048576K
}
Event: 8.033 GC heap after
{Heap after GC invocations=13 (full 0):
 garbage-first heap   total 312320K, used 53873K [0x0000000080000000, 0x0000000100000000)
  region size 1024K, 2 young (2048K), 2 survivors (2048K)
 Metaspace       used 69435K, capacity 71099K, committed 71248K, reserved 1112064K
  class space    used 8736K, capacity 9354K, committed 9420K, reserved 1048576K
}
Event: 9.090 GC heap before
{Heap before GC invocations=14 (full 0):
 garbage-first heap   total 312320K, used 164465K [0x0000000080000000, 0x0000000100000000)
  region size 1024K, 109 young (111616K), 2 survivors (2048K)
 Metaspace       used 75660K, capacity 77427K, committed 77520K, reserved 1116160K
  class space    used 9631K, capacity 10278K, committed 10316K, reserved 1048576K
}
Event: 9.098 GC heap after
{Heap after GC invocations=15 (full 0):
 garbage-first heap   total 312320K, used 59694K [0x0000000080000000, 0x0000000100000000)
  region size 1024K, 8 young (8192K), 8 survivors (8192K)
 Metaspace       used 75660K, capacity 77427K, committed 77520K, reserved 1116160K
  class space    used 9631K, capacity 10278K, committed 10316K, reserved 1048576K
}
Event: 105.195 GC heap before
{Heap before GC invocations=15 (full 0):
 garbage-first heap   total 312320K, used 176430K [0x0000000080000000, 0x0000000100000000)
  region size 1024K, 123 young (125952K), 8 survivors (8192K)
 Metaspace       used 86885K, capacity 89037K, committed 89168K, reserved 1126400K
  class space    used 10958K, capacity 11720K, committed 11724K, reserved 1048576K
}
Event: 105.211 GC heap after
{Heap after GC invocations=16 (full 0):
 garbage-first heap   total 312320K, used 68209K [0x0000000080000000, 0x0000000100000000)
  region size 1024K, 16 young (16384K), 16 survivors (16384K)
 Metaspace       used 86885K, capacity 89037K, committed 89168K, reserved 1126400K
  class space    used 10958K, capacity 11720K, committed 11724K, reserved 1048576K
}
Event: 106.924 GC heap before
{Heap before GC invocations=16 (full 0):
 garbage-first heap   total 312320K, used 190065K [0x0000000080000000, 0x0000000100000000)
  region size 1024K, 136 young (139264K), 16 survivors (16384K)
 Metaspace       used 94644K, capacity 96933K, committed 97232K, reserved 1134592K
  class space    used 11958K, capacity 12747K, committed 12876K, reserved 1048576K
}
Event: 106.949 GC heap after
{Heap after GC invocations=17 (full 0):
 garbage-first heap   total 312320K, used 77799K [0x0000000080000000, 0x0000000100000000)
  region size 1024K, 17 young (17408K), 17 survivors (17408K)
 Metaspace       used 94644K, capacity 96933K, committed 97232K, reserved 1134592K
  class space    used 11958K, capacity 12747K, committed 12876K, reserved 1048576K
}

