# JRE version: OpenJDK Runtime Environment (11.0.15) (build 11.0.15+0-b2043.56-9505619)
# Java VM: OpenJDK 64-Bit Server VM (11.0.15+0-b2043.56-9505619, mixed mode, tiered, compressed oops, g1 gc, windows-amd64)
Heap:
 garbage-first heap   total 312320K, used 117077K [0x0000000080000000, 0x0000000100000000)
  region size 1024K, 65 young (66560K), 17 survivors (17408K)
 Metaspace       used 84748K, capacity 86903K, committed 87120K, reserved 1124352K
  class space    used 10931K, capacity 11686K, committed 11776K, reserved 1048576K
GC Heap History (20 events):
Event: 1.964 GC heap before
{Heap before GC invocations=1 (full 0):
 garbage-first heap   total 260096K, used 83858K [0x0000000080000000, 0x0000000100000000)
  region size 1024K, 76 young (77824K), 2 survivors (2048K)
 Metaspace       used 17449K, capacity 17843K, committed 18048K, reserved 1064960K
  class space    used 2011K, capacity 2145K, committed 2176K, reserved 1048576K
}
Event: 1.970 GC heap after
{Heap after GC invocations=2 (full 0):
 garbage-first heap   total 260096K, used 16237K [0x0000000080000000, 0x0000000100000000)
  region size 1024K, 10 young (10240K), 10 survivors (10240K)
 Metaspace       used 17449K, capacity 17843K, committed 18048K, reserved 1064960K
  class space    used 2011K, capacity 2145K, committed 2176K, reserved 1048576K
}
Event: 2.180 GC heap before
{Heap before GC invocations=2 (full 0):
 garbage-first heap   total 260096K, used 47981K [0x0000000080000000, 0x0000000100000000)
  region size 1024K, 42 young (43008K), 10 survivors (10240K)
 Metaspace       used 20819K, capacity 21149K, committed 21296K, reserved 1069056K
  class space    used 2507K, capacity 2651K, committed 2688K, reserved 1048576K
}
Event: 2.186 GC heap after
{Heap after GC invocations=3 (full 0):
 garbage-first heap   total 260096K, used 17313K [0x0000000080000000, 0x0000000100000000)
  region size 1024K, 2 young (2048K), 2 survivors (2048K)
 Metaspace       used 20819K, capacity 21149K, committed 21296K, reserved 1069056K
  class space    used 2507K, capacity 2651K, committed 2688K, reserved 1048576K
}
Event: 2.569 GC heap before
{Heap before GC invocations=4 (full 0):
 garbage-first heap   total 260096K, used 65441K [0x0000000080000000, 0x0000000100000000)
  region size 1024K, 49 young (50176K), 2 survivors (2048K)
 Metaspace       used 25884K, capacity 26491K, committed 26544K, reserved 1073152K
  class space    used 3321K, capacity 3547K, committed 3584K, reserved 1048576K
}
Event: 2.573 GC heap after
{Heap after GC invocations=5 (full 0):
 garbage-first heap   total 260096K, used 19038K [0x0000000080000000, 0x0000000100000000)
  region size 1024K, 3 young (3072K), 3 survivors (3072K)
 Metaspace       used 25884K, capacity 26491K, committed 26544K, reserved 1073152K
  class space    used 3321K, capacity 3547K, committed 3584K, reserved 1048576K
}
Event: 3.327 GC heap before
{Heap before GC invocations=5 (full 0):
 garbage-first heap   total 260096K, used 92766K [0x0000000080000000, 0x0000000100000000)
  region size 1024K, 75 young (76800K), 3 survivors (3072K)
 Metaspace       used 34807K, capacity 35725K, committed 35888K, reserved 1081344K
  class space    used 4551K, capacity 4885K, committed 4992K, reserved 1048576K
}
Event: 3.333 GC heap after
{Heap after GC invocations=6 (full 0):
 garbage-first heap   total 260096K, used 22369K [0x0000000080000000, 0x0000000100000000)
  region size 1024K, 7 young (7168K), 7 survivors (7168K)
 Metaspace       used 34807K, capacity 35725K, committed 35888K, reserved 1081344K
  class space    used 4551K, capacity 4885K, committed 4992K, reserved 1048576K
}
Event: 3.340 GC heap before
{Heap before GC invocations=6 (full 0):
 garbage-first heap   total 260096K, used 22369K [0x0000000080000000, 0x0000000100000000)
  region size 1024K, 8 young (8192K), 7 survivors (7168K)
 Metaspace       used 34923K, capacity 35729K, committed 35888K, reserved 1081344K
  class space    used 4557K, capacity 4889K, committed 4992K, reserved 1048576K
}
Event: 3.349 GC heap after
{Heap after GC invocations=7 (full 0):
 garbage-first heap   total 260096K, used 22852K [0x0000000080000000, 0x0000000100000000)
  region size 1024K, 6 young (6144K), 6 survivors (6144K)
 Metaspace       used 34923K, capacity 35729K, committed 35888K, reserved 1081344K
  class space    used 4557K, capacity 4889K, committed 4992K, reserved 1048576K
}
Event: 4.207 GC heap before
{Heap before GC invocations=8 (full 0):
 garbage-first heap   total 260096K, used 123204K [0x0000000080000000, 0x0000000100000000)
  region size 1024K, 102 young (104448K), 6 survivors (6144K)
 Metaspace       used 43303K, capacity 44423K, committed 44520K, reserved 1087488K
  class space    used 5560K, capacity 5962K, committed 6016K, reserved 1048576K
}
Event: 4.225 GC heap after
{Heap after GC invocations=9 (full 0):
 garbage-first heap   total 260096K, used 30231K [0x0000000080000000, 0x0000000100000000)
  region size 1024K, 13 young (13312K), 13 survivors (13312K)
 Metaspace       used 43303K, capacity 44423K, committed 44520K, reserved 1087488K
  class space    used 5560K, capacity 5962K, committed 6016K, reserved 1048576K
}
Event: 5.481 GC heap before
{Heap before GC invocations=10 (full 0):
 garbage-first heap   total 260096K, used 156183K [0x0000000080000000, 0x0000000100000000)
  region size 1024K, 131 young (134144K), 13 survivors (13312K)
 Metaspace       used 51615K, capacity 53124K, committed 53352K, reserved 1095680K
  class space    used 6570K, capacity 7123K, committed 7168K, reserved 1048576K
}
Event: 5.497 GC heap after
{Heap after GC invocations=11 (full 0):
 garbage-first heap   total 260096K, used 43807K [0x0000000080000000, 0x0000000100000000)
  region size 1024K, 17 young (17408K), 17 survivors (17408K)
 Metaspace       used 51615K, capacity 53124K, committed 53352K, reserved 1095680K
  class space    used 6570K, capacity 7123K, committed 7168K, reserved 1048576K
}
Event: 7.001 GC heap before
{Heap before GC invocations=11 (full 0):
 garbage-first heap   total 260096K, used 189215K [0x0000000080000000, 0x0000000100000000)
  region size 1024K, 152 young (155648K), 17 survivors (17408K)
 Metaspace       used 66970K, capacity 68625K, committed 68840K, reserved 1110016K
  class space    used 8417K, capacity 9021K, committed 9088K, reserved 1048576K
}
Event: 7.021 GC heap after
{Heap after GC invocations=12 (full 0):
 garbage-first heap   total 260096K, used 54727K [0x0000000080000000, 0x0000000100000000)
  region size 1024K, 11 young (11264K), 11 survivors (11264K)
 Metaspace       used 66970K, capacity 68625K, committed 68840K, reserved 1110016K
  class space    used 8417K, capacity 9021K, committed 9088K, reserved 1048576K
}
Event: 7.759 GC heap before
{Heap before GC invocations=12 (full 0):
 garbage-first heap   total 260096K, used 141767K [0x0000000080000000, 0x0000000100000000)
  region size 1024K, 97 young (99328K), 11 survivors (11264K)
 Metaspace       used 72781K, capacity 74516K, committed 74600K, reserved 1114112K
  class space    used 9368K, capacity 9975K, committed 9984K, reserved 1048576K
}
Event: 7.776 GC heap after
{Heap after GC invocations=13 (full 0):
 garbage-first heap   total 260096K, used 59392K [0x0000000080000000, 0x0000000100000000)
  region size 1024K, 6 young (6144K), 6 survivors (6144K)
 Metaspace       used 72781K, capacity 74516K, committed 74600K, reserved 1114112K
  class space    used 9368K, capacity 9975K, committed 9984K, reserved 1048576K
}
Event: 9.060 GC heap before
{Heap before GC invocations=14 (full 0):
 garbage-first heap   total 260096K, used 196608K [0x0000000080000000, 0x0000000100000000)
  region size 1024K, 140 young (143360K), 6 survivors (6144K)
 Metaspace       used 82157K, capacity 84163K, committed 84432K, reserved 1122304K
  class space    used 10634K, capacity 11313K, committed 11392K, reserved 1048576K
}
Event: 9.087 GC heap after
{Heap after GC invocations=15 (full 0):
 garbage-first heap   total 312320K, used 69973K [0x0000000080000000, 0x0000000100000000)
  region size 1024K, 17 young (17408K), 17 survivors (17408K)
 Metaspace       used 82157K, capacity 84163K, committed 84432K, reserved 1122304K
  class space    used 10634K, capacity 11313K, committed 11392K, reserved 1048576K
}

