# JRE version: OpenJDK Runtime Environment (11.0.15) (build 11.0.15+0-b2043.56-9505619)
# Java VM: OpenJDK 64-Bit Server VM (11.0.15+0-b2043.56-9505619, mixed mode, tiered, compressed oops, g1 gc, windows-amd64)
Heap:
 garbage-first heap   total 260096K, used 178601K [0x0000000080000000, 0x0000000100000000)
  region size 1024K, 124 young (126976K), 13 survivors (13312K)
 Metaspace       used 89903K, capacity 92078K, committed 92144K, reserved 1128448K
  class space    used 11583K, capacity 12376K, committed 12388K, reserved 1048576K
GC Heap History (20 events):
Event: 0.849 GC heap before
{Heap before GC invocations=0 (full 0):
 garbage-first heap   total 260096K, used 16384K [0x0000000080000000, 0x0000000100000000)
  region size 1024K, 14 young (14336K), 0 survivors (0K)
 Metaspace       used 6747K, capacity 6929K, committed 7168K, reserved 1056768K
  class space    used 571K, capacity 650K, committed 768K, reserved 1048576K
}
Event: 0.861 GC heap after
{Heap after GC invocations=1 (full 0):
 garbage-first heap   total 260096K, used 4184K [0x0000000080000000, 0x0000000100000000)
  region size 1024K, 2 young (2048K), 2 survivors (2048K)
 Metaspace       used 6747K, capacity 6929K, committed 7168K, reserved 1056768K
  class space    used 571K, capacity 650K, committed 768K, reserved 1048576K
}
Event: 2.304 GC heap before
{Heap before GC invocations=1 (full 0):
 garbage-first heap   total 260096K, used 110680K [0x0000000080000000, 0x0000000100000000)
  region size 1024K, 102 young (104448K), 2 survivors (2048K)
 Metaspace       used 20513K, capacity 20885K, committed 21120K, reserved 1067008K
  class space    used 2448K, capacity 2584K, committed 2688K, reserved 1048576K
}
Event: 2.312 GC heap after
{Heap after GC invocations=2 (full 0):
 garbage-first heap   total 260096K, used 16534K [0x0000000080000000, 0x0000000100000000)
  region size 1024K, 12 young (12288K), 12 survivors (12288K)
 Metaspace       used 20513K, capacity 20885K, committed 21120K, reserved 1067008K
  class space    used 2448K, capacity 2584K, committed 2688K, reserved 1048576K
}
Event: 2.345 GC heap before
{Heap before GC invocations=2 (full 0):
 garbage-first heap   total 260096K, used 21654K [0x0000000080000000, 0x0000000100000000)
  region size 1024K, 18 young (18432K), 12 survivors (12288K)
 Metaspace       used 20841K, capacity 21153K, committed 21296K, reserved 1069056K
  class space    used 2509K, capacity 2651K, committed 2688K, reserved 1048576K
}
Event: 2.351 GC heap after
{Heap after GC invocations=3 (full 0):
 garbage-first heap   total 260096K, used 17914K [0x0000000080000000, 0x0000000100000000)
  region size 1024K, 1 young (1024K), 1 survivors (1024K)
 Metaspace       used 20841K, capacity 21153K, committed 21296K, reserved 1069056K
  class space    used 2509K, capacity 2651K, committed 2688K, reserved 1048576K
}
Event: 3.278 GC heap before
{Heap before GC invocations=4 (full 0):
 garbage-first heap   total 260096K, used 122362K [0x0000000080000000, 0x0000000100000000)
  region size 1024K, 103 young (105472K), 1 survivors (1024K)
 Metaspace       used 31187K, capacity 31963K, committed 32124K, reserved 1077248K
  class space    used 4172K, capacity 4461K, committed 4556K, reserved 1048576K
}
Event: 3.282 GC heap after
{Heap after GC invocations=5 (full 0):
 garbage-first heap   total 260096K, used 20854K [0x0000000080000000, 0x0000000100000000)
  region size 1024K, 4 young (4096K), 4 survivors (4096K)
 Metaspace       used 31187K, capacity 31963K, committed 32124K, reserved 1077248K
  class space    used 4172K, capacity 4461K, committed 4556K, reserved 1048576K
}
Event: 3.550 GC heap before
{Heap before GC invocations=5 (full 0):
 garbage-first heap   total 260096K, used 38262K [0x0000000080000000, 0x0000000100000000)
  region size 1024K, 22 young (22528K), 4 survivors (4096K)
 Metaspace       used 35088K, capacity 35957K, committed 36048K, reserved 1081344K
  class space    used 4564K, capacity 4921K, committed 4940K, reserved 1048576K
}
Event: 3.559 GC heap after
{Heap after GC invocations=6 (full 0):
 garbage-first heap   total 260096K, used 22910K [0x0000000080000000, 0x0000000100000000)
  region size 1024K, 6 young (6144K), 6 survivors (6144K)
 Metaspace       used 35088K, capacity 35957K, committed 36048K, reserved 1081344K
  class space    used 4564K, capacity 4921K, committed 4940K, reserved 1048576K
}
Event: 4.550 GC heap before
{Heap before GC invocations=7 (full 0):
 garbage-first heap   total 260096K, used 125310K [0x0000000080000000, 0x0000000100000000)
  region size 1024K, 103 young (105472K), 6 survivors (6144K)
 Metaspace       used 43481K, capacity 44652K, committed 44872K, reserved 1087488K
  class space    used 5564K, capacity 5994K, committed 6040K, reserved 1048576K
}
Event: 4.567 GC heap after
{Heap after GC invocations=8 (full 0):
 garbage-first heap   total 260096K, used 31192K [0x0000000080000000, 0x0000000100000000)
  region size 1024K, 13 young (13312K), 13 survivors (13312K)
 Metaspace       used 43481K, capacity 44652K, committed 44872K, reserved 1087488K
  class space    used 5564K, capacity 5994K, committed 6040K, reserved 1048576K
}
Event: 14.497 GC heap before
{Heap before GC invocations=9 (full 0):
 garbage-first heap   total 260096K, used 148952K [0x0000000080000000, 0x0000000100000000)
  region size 1024K, 128 young (131072K), 13 survivors (13312K)
 Metaspace       used 55794K, capacity 57162K, committed 57544K, reserved 1099776K
  class space    used 7056K, capacity 7572K, committed 7704K, reserved 1048576K
}
Event: 14.514 GC heap after
{Heap after GC invocations=10 (full 0):
 garbage-first heap   total 260096K, used 36622K [0x0000000080000000, 0x0000000100000000)
  region size 1024K, 13 young (13312K), 13 survivors (13312K)
 Metaspace       used 55794K, capacity 57162K, committed 57544K, reserved 1099776K
  class space    used 7056K, capacity 7572K, committed 7704K, reserved 1048576K
}
Event: 15.977 GC heap before
{Heap before GC invocations=10 (full 0):
 garbage-first heap   total 260096K, used 175886K [0x0000000080000000, 0x0000000100000000)
  region size 1024K, 138 young (141312K), 13 survivors (13312K)
 Metaspace       used 68496K, capacity 70240K, committed 70472K, reserved 1110016K
  class space    used 8620K, capacity 9224K, committed 9368K, reserved 1048576K
}
Event: 15.995 GC heap after
{Heap after GC invocations=11 (full 0):
 garbage-first heap   total 260096K, used 53439K [0x0000000080000000, 0x0000000100000000)
  region size 1024K, 18 young (18432K), 18 survivors (18432K)
 Metaspace       used 68496K, capacity 70240K, committed 70472K, reserved 1110016K
  class space    used 8620K, capacity 9224K, committed 9368K, reserved 1048576K
}
Event: 16.759 GC heap before
{Heap before GC invocations=11 (full 0):
 garbage-first heap   total 260096K, used 148671K [0x0000000080000000, 0x0000000100000000)
  region size 1024K, 112 young (114688K), 18 survivors (18432K)
 Metaspace       used 72875K, capacity 74669K, committed 74788K, reserved 1114112K
  class space    used 9195K, capacity 9830K, committed 9880K, reserved 1048576K
}
Event: 16.781 GC heap after
{Heap after GC invocations=12 (full 0):
 garbage-first heap   total 260096K, used 61952K [0x0000000080000000, 0x0000000100000000)
  region size 1024K, 8 young (8192K), 8 survivors (8192K)
 Metaspace       used 72875K, capacity 74669K, committed 74788K, reserved 1114112K
  class space    used 9195K, capacity 9830K, committed 9880K, reserved 1048576K
}
Event: 18.143 GC heap before
{Heap before GC invocations=13 (full 0):
 garbage-first heap   total 260096K, used 176640K [0x0000000080000000, 0x0000000100000000)
  region size 1024K, 120 young (122880K), 8 survivors (8192K)
 Metaspace       used 84100K, capacity 86080K, committed 86256K, reserved 1124352K
  class space    used 10923K, capacity 11616K, committed 11620K, reserved 1048576K
}
Event: 18.162 GC heap after
{Heap after GC invocations=14 (full 0):
 garbage-first heap   total 260096K, used 66985K [0x0000000080000000, 0x0000000100000000)
  region size 1024K, 13 young (13312K), 13 survivors (13312K)
 Metaspace       used 84100K, capacity 86080K, committed 86256K, reserved 1124352K
  class space    used 10923K, capacity 11616K, committed 11620K, reserved 1048576K
}

