# JRE version: OpenJDK Runtime Environment (11.0.15) (build 11.0.15+0-b2043.56-9505619)
# Java VM: OpenJDK 64-Bit Server VM (11.0.15+0-b2043.56-9505619, mixed mode, tiered, compressed oops, g1 gc, windows-amd64)
Heap:
 garbage-first heap   total 319488K, used 214199K [0x0000000080000000, 0x0000000100000000)
  region size 1024K, 153 young (156672K), 4 survivors (4096K)
 Metaspace       used 85877K, capacity 88035K, committed 88408K, reserved 1126400K
  class space    used 11119K, capacity 11887K, committed 12016K, reserved 1048576K
GC Heap History (18 events):
Event: 0.418 GC heap before
{Heap before GC invocations=0 (full 0):
 garbage-first heap   total 260096K, used 16384K [0x0000000080000000, 0x0000000100000000)
  region size 1024K, 14 young (14336K), 0 survivors (0K)
 Metaspace       used 6748K, capacity 6989K, committed 7168K, reserved 1056768K
  class space    used 571K, capacity 650K, committed 768K, reserved 1048576K
}
Event: 0.432 GC heap after
{Heap after GC invocations=1 (full 0):
 garbage-first heap   total 260096K, used 4038K [0x0000000080000000, 0x0000000100000000)
  region size 1024K, 2 young (2048K), 2 survivors (2048K)
 Metaspace       used 6748K, capacity 6989K, committed 7168K, reserved 1056768K
  class space    used 571K, capacity 650K, committed 768K, reserved 1048576K
}
Event: 2.010 GC heap before
{Heap before GC invocations=1 (full 0):
 garbage-first heap   total 260096K, used 115654K [0x0000000080000000, 0x0000000100000000)
  region size 1024K, 108 young (110592K), 2 survivors (2048K)
 Metaspace       used 20816K, capacity 21149K, committed 21296K, reserved 1069056K
  class space    used 2505K, capacity 2651K, committed 2688K, reserved 1048576K
}
Event: 2.017 GC heap after
{Heap after GC invocations=2 (full 0):
 garbage-first heap   total 260096K, used 16940K [0x0000000080000000, 0x0000000100000000)
  region size 1024K, 12 young (12288K), 12 survivors (12288K)
 Metaspace       used 20816K, capacity 21149K, committed 21296K, reserved 1069056K
  class space    used 2505K, capacity 2651K, committed 2688K, reserved 1048576K
}
Event: 2.236 GC heap before
{Heap before GC invocations=3 (full 0):
 garbage-first heap   total 260096K, used 42540K [0x0000000080000000, 0x0000000100000000)
  region size 1024K, 38 young (38912K), 12 survivors (12288K)
 Metaspace       used 23483K, capacity 24009K, committed 24112K, reserved 1071104K
  class space    used 2944K, capacity 3141K, committed 3200K, reserved 1048576K
}
Event: 2.244 GC heap after
{Heap after GC invocations=4 (full 0):
 garbage-first heap   total 260096K, used 18124K [0x0000000080000000, 0x0000000100000000)
  region size 1024K, 2 young (2048K), 2 survivors (2048K)
 Metaspace       used 23483K, capacity 24009K, committed 24112K, reserved 1071104K
  class space    used 2944K, capacity 3141K, committed 3200K, reserved 1048576K
}
Event: 2.866 GC heap before
{Heap before GC invocations=4 (full 0):
 garbage-first heap   total 260096K, used 84684K [0x0000000080000000, 0x0000000100000000)
  region size 1024K, 67 young (68608K), 2 survivors (2048K)
 Metaspace       used 29870K, capacity 30554K, committed 30896K, reserved 1075200K
  class space    used 3974K, capacity 4248K, committed 4352K, reserved 1048576K
}
Event: 2.869 GC heap after
{Heap after GC invocations=5 (full 0):
 garbage-first heap   total 260096K, used 20009K [0x0000000080000000, 0x0000000100000000)
  region size 1024K, 4 young (4096K), 4 survivors (4096K)
 Metaspace       used 29870K, capacity 30554K, committed 30896K, reserved 1075200K
  class space    used 3974K, capacity 4248K, committed 4352K, reserved 1048576K
}
Event: 3.198 GC heap before
{Heap before GC invocations=5 (full 0):
 garbage-first heap   total 260096K, used 47657K [0x0000000080000000, 0x0000000100000000)
  region size 1024K, 32 young (32768K), 4 survivors (4096K)
 Metaspace       used 34919K, capacity 35729K, committed 35888K, reserved 1081344K
  class space    used 4554K, capacity 4889K, committed 4992K, reserved 1048576K
}
Event: 3.210 GC heap after
{Heap after GC invocations=6 (full 0):
 garbage-first heap   total 260096K, used 22357K [0x0000000080000000, 0x0000000100000000)
  region size 1024K, 6 young (6144K), 6 survivors (6144K)
 Metaspace       used 34919K, capacity 35729K, committed 35888K, reserved 1081344K
  class space    used 4554K, capacity 4889K, committed 4992K, reserved 1048576K
}
Event: 4.234 GC heap before
{Heap before GC invocations=7 (full 0):
 garbage-first heap   total 260096K, used 140117K [0x0000000080000000, 0x0000000100000000)
  region size 1024K, 118 young (120832K), 6 survivors (6144K)
 Metaspace       used 45171K, capacity 46352K, committed 46568K, reserved 1089536K
  class space    used 5728K, capacity 6154K, committed 6272K, reserved 1048576K
}
Event: 4.256 GC heap after
{Heap after GC invocations=8 (full 0):
 garbage-first heap   total 260096K, used 30457K [0x0000000080000000, 0x0000000100000000)
  region size 1024K, 14 young (14336K), 14 survivors (14336K)
 Metaspace       used 45171K, capacity 46352K, committed 46568K, reserved 1089536K
  class space    used 5728K, capacity 6154K, committed 6272K, reserved 1048576K
}
Event: 5.697 GC heap before
{Heap before GC invocations=9 (full 0):
 garbage-first heap   total 260096K, used 160505K [0x0000000080000000, 0x0000000100000000)
  region size 1024K, 137 young (140288K), 14 survivors (14336K)
 Metaspace       used 54409K, capacity 55998K, committed 56040K, reserved 1097728K
  class space    used 6949K, capacity 7525K, committed 7552K, reserved 1048576K
}
Event: 5.714 GC heap after
{Heap after GC invocations=10 (full 0):
 garbage-first heap   total 260096K, used 44379K [0x0000000080000000, 0x0000000100000000)
  region size 1024K, 18 young (18432K), 18 survivors (18432K)
 Metaspace       used 54409K, capacity 55998K, committed 56040K, reserved 1097728K
  class space    used 6949K, capacity 7525K, committed 7552K, reserved 1048576K
}
Event: 7.165 GC heap before
{Heap before GC invocations=10 (full 0):
 garbage-first heap   total 260096K, used 188763K [0x0000000080000000, 0x0000000100000000)
  region size 1024K, 152 young (155648K), 18 survivors (18432K)
 Metaspace       used 67325K, capacity 69002K, committed 69224K, reserved 1110016K
  class space    used 8498K, capacity 9103K, committed 9216K, reserved 1048576K
}
Event: 7.187 GC heap after
{Heap after GC invocations=11 (full 0):
 garbage-first heap   total 319488K, used 54967K [0x0000000080000000, 0x0000000100000000)
  region size 1024K, 11 young (11264K), 11 survivors (11264K)
 Metaspace       used 67325K, capacity 69002K, committed 69224K, reserved 1110016K
  class space    used 8498K, capacity 9103K, committed 9216K, reserved 1048576K
}
Event: 8.352 GC heap before
{Heap before GC invocations=11 (full 0):
 garbage-first heap   total 319488K, used 167607K [0x0000000080000000, 0x0000000100000000)
  region size 1024K, 122 young (124928K), 11 survivors (11264K)
 Metaspace       used 76141K, capacity 77923K, committed 78040K, reserved 1116160K
  class space    used 9851K, capacity 10510K, committed 10608K, reserved 1048576K
}
Event: 8.374 GC heap after
{Heap after GC invocations=12 (full 0):
 garbage-first heap   total 319488K, used 61623K [0x0000000080000000, 0x0000000100000000)
  region size 1024K, 17 young (17408K), 17 survivors (17408K)
 Metaspace       used 76141K, capacity 77923K, committed 78040K, reserved 1116160K
  class space    used 9851K, capacity 10510K, committed 10608K, reserved 1048576K
}

