# JRE version: OpenJDK Runtime Environment (11.0.15) (build 11.0.15+0-b2043.56-9505619)
# Java VM: OpenJDK 64-Bit Server VM (11.0.15+0-b2043.56-9505619, mixed mode, tiered, compressed oops, g1 gc, windows-amd64)
Heap:
 garbage-first heap   total 317440K, used 145521K [0x0000000080000000, 0x0000000100000000)
  region size 1024K, 92 young (94208K), 19 survivors (19456K)
 Metaspace       used 90428K, capacity 92809K, committed 92976K, reserved 1130496K
  class space    used 11462K, capacity 12274K, committed 12288K, reserved 1048576K
GC Heap History (20 events):
Event: 0.666 GC heap before
{Heap before GC invocations=0 (full 0):
 garbage-first heap   total 260096K, used 16384K [0x0000000080000000, 0x0000000100000000)
  region size 1024K, 14 young (14336K), 0 survivors (0K)
 Metaspace       used 6742K, capacity 6929K, committed 7168K, reserved 1056768K
  class space    used 571K, capacity 650K, committed 768K, reserved 1048576K
}
Event: 0.690 GC heap after
{Heap after GC invocations=1 (full 0):
 garbage-first heap   total 260096K, used 3984K [0x0000000080000000, 0x0000000100000000)
  region size 1024K, 2 young (2048K), 2 survivors (2048K)
 Metaspace       used 6742K, capacity 6929K, committed 7168K, reserved 1056768K
  class space    used 571K, capacity 650K, committed 768K, reserved 1048576K
}
Event: 2.184 GC heap before
{Heap before GC invocations=1 (full 0):
 garbage-first heap   total 260096K, used 114576K [0x0000000080000000, 0x0000000100000000)
  region size 1024K, 107 young (109568K), 2 survivors (2048K)
 Metaspace       used 20839K, capacity 21153K, committed 21296K, reserved 1069056K
  class space    used 2510K, capacity 2651K, committed 2688K, reserved 1048576K
}
Event: 2.191 GC heap after
{Heap after GC invocations=2 (full 0):
 garbage-first heap   total 260096K, used 17153K [0x0000000080000000, 0x0000000100000000)
  region size 1024K, 12 young (12288K), 12 survivors (12288K)
 Metaspace       used 20839K, capacity 21153K, committed 21296K, reserved 1069056K
  class space    used 2510K, capacity 2651K, committed 2688K, reserved 1048576K
}
Event: 2.615 GC heap before
{Heap before GC invocations=3 (full 0):
 garbage-first heap   total 260096K, used 66305K [0x0000000080000000, 0x0000000100000000)
  region size 1024K, 60 young (61440K), 12 survivors (12288K)
 Metaspace       used 26182K, capacity 26725K, committed 26800K, reserved 1073152K
  class space    used 3373K, capacity 3581K, committed 3584K, reserved 1048576K
}
Event: 2.624 GC heap after
{Heap after GC invocations=4 (full 0):
 garbage-first heap   total 260096K, used 18975K [0x0000000080000000, 0x0000000100000000)
  region size 1024K, 3 young (3072K), 3 survivors (3072K)
 Metaspace       used 26182K, capacity 26725K, committed 26800K, reserved 1073152K
  class space    used 3373K, capacity 3581K, committed 3584K, reserved 1048576K
}
Event: 3.317 GC heap before
{Heap before GC invocations=4 (full 0):
 garbage-first heap   total 260096K, used 88607K [0x0000000080000000, 0x0000000100000000)
  region size 1024K, 71 young (72704K), 3 survivors (3072K)
 Metaspace       used 34797K, capacity 35730K, committed 35888K, reserved 1081344K
  class space    used 4552K, capacity 4885K, committed 4992K, reserved 1048576K
}
Event: 3.323 GC heap after
{Heap after GC invocations=5 (full 0):
 garbage-first heap   total 260096K, used 22261K [0x0000000080000000, 0x0000000100000000)
  region size 1024K, 6 young (6144K), 6 survivors (6144K)
 Metaspace       used 34797K, capacity 35730K, committed 35888K, reserved 1081344K
  class space    used 4552K, capacity 4885K, committed 4992K, reserved 1048576K
}
Event: 3.328 GC heap before
{Heap before GC invocations=5 (full 0):
 garbage-first heap   total 260096K, used 22261K [0x0000000080000000, 0x0000000100000000)
  region size 1024K, 7 young (7168K), 6 survivors (6144K)
 Metaspace       used 34903K, capacity 35734K, committed 35888K, reserved 1081344K
  class space    used 4557K, capacity 4889K, committed 4992K, reserved 1048576K
}
Event: 3.334 GC heap after
{Heap after GC invocations=6 (full 0):
 garbage-first heap   total 260096K, used 22525K [0x0000000080000000, 0x0000000100000000)
  region size 1024K, 6 young (6144K), 6 survivors (6144K)
 Metaspace       used 34903K, capacity 35734K, committed 35888K, reserved 1081344K
  class space    used 4557K, capacity 4889K, committed 4992K, reserved 1048576K
}
Event: 4.324 GC heap before
{Heap before GC invocations=7 (full 0):
 garbage-first heap   total 260096K, used 129021K [0x0000000080000000, 0x0000000100000000)
  region size 1024K, 108 young (110592K), 6 survivors (6144K)
 Metaspace       used 43869K, capacity 45031K, committed 45160K, reserved 1089536K
  class space    used 5640K, capacity 6036K, committed 6144K, reserved 1048576K
}
Event: 4.336 GC heap after
{Heap after GC invocations=8 (full 0):
 garbage-first heap   total 260096K, used 30495K [0x0000000080000000, 0x0000000100000000)
  region size 1024K, 14 young (14336K), 14 survivors (14336K)
 Metaspace       used 43869K, capacity 45031K, committed 45160K, reserved 1089536K
  class space    used 5640K, capacity 6036K, committed 6144K, reserved 1048576K
}
Event: 5.557 GC heap before
{Heap before GC invocations=9 (full 0):
 garbage-first heap   total 260096K, used 159519K [0x0000000080000000, 0x0000000100000000)
  region size 1024K, 135 young (138240K), 14 survivors (14336K)
 Metaspace       used 52702K, capacity 54241K, committed 54504K, reserved 1097728K
  class space    used 6712K, capacity 7260K, committed 7296K, reserved 1048576K
}
Event: 5.578 GC heap after
{Heap after GC invocations=10 (full 0):
 garbage-first heap   total 260096K, used 43724K [0x0000000080000000, 0x0000000100000000)
  region size 1024K, 17 young (17408K), 17 survivors (17408K)
 Metaspace       used 52702K, capacity 54241K, committed 54504K, reserved 1097728K
  class space    used 6712K, capacity 7260K, committed 7296K, reserved 1048576K
}
Event: 7.014 GC heap before
{Heap before GC invocations=10 (full 0):
 garbage-first heap   total 260096K, used 188108K [0x0000000080000000, 0x0000000100000000)
  region size 1024K, 151 young (154624K), 17 survivors (17408K)
 Metaspace       used 67319K, capacity 68933K, committed 69224K, reserved 1110016K
  class space    used 8505K, capacity 9100K, committed 9216K, reserved 1048576K
}
Event: 7.032 GC heap after
{Heap after GC invocations=11 (full 0):
 garbage-first heap   total 260096K, used 53704K [0x0000000080000000, 0x0000000100000000)
  region size 1024K, 10 young (10240K), 10 survivors (10240K)
 Metaspace       used 67319K, capacity 68933K, committed 69224K, reserved 1110016K
  class space    used 8505K, capacity 9100K, committed 9216K, reserved 1048576K
}
Event: 7.979 GC heap before
{Heap before GC invocations=11 (full 0):
 garbage-first heap   total 260096K, used 168392K [0x0000000080000000, 0x0000000100000000)
  region size 1024K, 124 young (126976K), 10 survivors (10240K)
 Metaspace       used 75071K, capacity 76922K, committed 76976K, reserved 1116160K
  class space    used 9667K, capacity 10361K, committed 10368K, reserved 1048576K
}
Event: 8.004 GC heap after
{Heap after GC invocations=12 (full 0):
 garbage-first heap   total 317440K, used 63488K [0x0000000080000000, 0x0000000100000000)
  region size 1024K, 18 young (18432K), 18 survivors (18432K)
 Metaspace       used 75071K, capacity 76922K, committed 76976K, reserved 1116160K
  class space    used 9667K, capacity 10361K, committed 10368K, reserved 1048576K
}
Event: 42.409 GC heap before
{Heap before GC invocations=13 (full 0):
 garbage-first heap   total 317440K, used 209920K [0x0000000080000000, 0x0000000100000000)
  region size 1024K, 162 young (165888K), 18 survivors (18432K)
 Metaspace       used 88688K, capacity 90933K, committed 91184K, reserved 1128448K
  class space    used 11228K, capacity 12007K, committed 12032K, reserved 1048576K
}
Event: 42.443 GC heap after
{Heap after GC invocations=14 (full 0):
 garbage-first heap   total 317440K, used 72817K [0x0000000080000000, 0x0000000100000000)
  region size 1024K, 19 young (19456K), 19 survivors (19456K)
 Metaspace       used 88688K, capacity 90933K, committed 91184K, reserved 1128448K
  class space    used 11228K, capacity 12007K, committed 12032K, reserved 1048576K
}

