# JRE version: OpenJDK Runtime Environment (11.0.15) (build 11.0.15+0-b2043.56-9505619)
# Java VM: OpenJDK 64-Bit Server VM (11.0.15+0-b2043.56-9505619, mixed mode, tiered, compressed oops, g1 gc, windows-amd64)
Heap:
 garbage-first heap   total 312320K, used 177541K [0x0000000080000000, 0x0000000100000000)
  region size 1024K, 122 young (124928K), 18 survivors (18432K)
 Metaspace       used 90335K, capacity 92645K, committed 92840K, reserved 1130496K
  class space    used 11450K, capacity 12240K, committed 12324K, reserved 1048576K
GC Heap History (20 events):
Event: 1.001 GC heap before
{Heap before GC invocations=1 (full 0):
 garbage-first heap   total 260096K, used 20870K [0x0000000080000000, 0x0000000100000000)
  region size 1024K, 15 young (15360K), 2 survivors (2048K)
 Metaspace       used 9941K, capacity 10182K, committed 10368K, reserved 1058816K
  class space    used 1011K, capacity 1102K, committed 1152K, reserved 1048576K
}
Event: 1.003 GC heap after
{Heap after GC invocations=2 (full 0):
 garbage-first heap   total 260096K, used 9356K [0x0000000080000000, 0x0000000100000000)
  region size 1024K, 2 young (2048K), 2 survivors (2048K)
 Metaspace       used 9941K, capacity 10182K, committed 10368K, reserved 1058816K
  class space    used 1011K, capacity 1102K, committed 1152K, reserved 1048576K
}
Event: 1.553 GC heap before
{Heap before GC invocations=2 (full 0):
 garbage-first heap   total 260096K, used 54412K [0x0000000080000000, 0x0000000100000000)
  region size 1024K, 46 young (47104K), 2 survivors (2048K)
 Metaspace       used 12334K, capacity 12651K, committed 12800K, reserved 1060864K
  class space    used 1326K, capacity 1413K, committed 1536K, reserved 1048576K
}
Event: 1.558 GC heap after
{Heap after GC invocations=3 (full 0):
 garbage-first heap   total 260096K, used 14570K [0x0000000080000000, 0x0000000100000000)
  region size 1024K, 6 young (6144K), 6 survivors (6144K)
 Metaspace       used 12334K, capacity 12651K, committed 12800K, reserved 1060864K
  class space    used 1326K, capacity 1413K, committed 1536K, reserved 1048576K
}
Event: 2.175 GC heap before
{Heap before GC invocations=3 (full 0):
 garbage-first heap   total 260096K, used 63722K [0x0000000080000000, 0x0000000100000000)
  region size 1024K, 55 young (56320K), 6 survivors (6144K)
 Metaspace       used 20762K, capacity 21187K, committed 21296K, reserved 1069056K
  class space    used 2521K, capacity 2685K, committed 2688K, reserved 1048576K
}
Event: 2.181 GC heap after
{Heap after GC invocations=4 (full 0):
 garbage-first heap   total 260096K, used 17596K [0x0000000080000000, 0x0000000100000000)
  region size 1024K, 3 young (3072K), 3 survivors (3072K)
 Metaspace       used 20762K, capacity 21187K, committed 21296K, reserved 1069056K
  class space    used 2521K, capacity 2685K, committed 2688K, reserved 1048576K
}
Event: 2.720 GC heap before
{Heap before GC invocations=5 (full 0):
 garbage-first heap   total 260096K, used 78012K [0x0000000080000000, 0x0000000100000000)
  region size 1024K, 62 young (63488K), 3 survivors (3072K)
 Metaspace       used 27155K, capacity 27771K, committed 28028K, reserved 1073152K
  class space    used 3534K, capacity 3766K, committed 3788K, reserved 1048576K
}
Event: 2.727 GC heap after
{Heap after GC invocations=6 (full 0):
 garbage-first heap   total 260096K, used 19653K [0x0000000080000000, 0x0000000100000000)
  region size 1024K, 5 young (5120K), 5 survivors (5120K)
 Metaspace       used 27155K, capacity 27771K, committed 28028K, reserved 1073152K
  class space    used 3534K, capacity 3766K, committed 3788K, reserved 1048576K
}
Event: 3.408 GC heap before
{Heap before GC invocations=6 (full 0):
 garbage-first heap   total 260096K, used 81093K [0x0000000080000000, 0x0000000100000000)
  region size 1024K, 66 young (67584K), 5 survivors (5120K)
 Metaspace       used 35087K, capacity 35954K, committed 36048K, reserved 1081344K
  class space    used 4567K, capacity 4921K, committed 4940K, reserved 1048576K
}
Event: 3.419 GC heap after
{Heap after GC invocations=7 (full 0):
 garbage-first heap   total 260096K, used 23134K [0x0000000080000000, 0x0000000100000000)
  region size 1024K, 8 young (8192K), 8 survivors (8192K)
 Metaspace       used 35087K, capacity 35954K, committed 36048K, reserved 1081344K
  class space    used 4567K, capacity 4921K, committed 4940K, reserved 1048576K
}
Event: 4.347 GC heap before
{Heap before GC invocations=8 (full 0):
 garbage-first heap   total 260096K, used 124510K [0x0000000080000000, 0x0000000100000000)
  region size 1024K, 104 young (106496K), 8 survivors (8192K)
 Metaspace       used 43368K, capacity 44488K, committed 44572K, reserved 1087488K
  class space    used 5562K, capacity 5962K, committed 6040K, reserved 1048576K
}
Event: 4.366 GC heap after
{Heap after GC invocations=9 (full 0):
 garbage-first heap   total 260096K, used 31192K [0x0000000080000000, 0x0000000100000000)
  region size 1024K, 13 young (13312K), 13 survivors (13312K)
 Metaspace       used 43368K, capacity 44488K, committed 44572K, reserved 1087488K
  class space    used 5562K, capacity 5962K, committed 6040K, reserved 1048576K
}
Event: 5.580 GC heap before
{Heap before GC invocations=10 (full 0):
 garbage-first heap   total 260096K, used 156120K [0x0000000080000000, 0x0000000100000000)
  region size 1024K, 130 young (133120K), 13 survivors (13312K)
 Metaspace       used 51573K, capacity 53134K, committed 53404K, reserved 1095680K
  class space    used 6566K, capacity 7127K, committed 7192K, reserved 1048576K
}
Event: 5.603 GC heap after
{Heap after GC invocations=11 (full 0):
 garbage-first heap   total 260096K, used 44719K [0x0000000080000000, 0x0000000100000000)
  region size 1024K, 17 young (17408K), 17 survivors (17408K)
 Metaspace       used 51573K, capacity 53134K, committed 53404K, reserved 1095680K
  class space    used 6566K, capacity 7127K, committed 7192K, reserved 1048576K
}
Event: 7.179 GC heap before
{Heap before GC invocations=11 (full 0):
 garbage-first heap   total 260096K, used 190127K [0x0000000080000000, 0x0000000100000000)
  region size 1024K, 152 young (155648K), 17 survivors (17408K)
 Metaspace       used 66890K, capacity 68543K, committed 68892K, reserved 1110016K
  class space    used 8410K, capacity 8995K, committed 9112K, reserved 1048576K
}
Event: 7.201 GC heap after
{Heap after GC invocations=12 (full 0):
 garbage-first heap   total 260096K, used 56020K [0x0000000080000000, 0x0000000100000000)
  region size 1024K, 11 young (11264K), 11 survivors (11264K)
 Metaspace       used 66890K, capacity 68543K, committed 68892K, reserved 1110016K
  class space    used 8410K, capacity 8995K, committed 9112K, reserved 1048576K
}
Event: 7.909 GC heap before
{Heap before GC invocations=12 (full 0):
 garbage-first heap   total 260096K, used 146132K [0x0000000080000000, 0x0000000100000000)
  region size 1024K, 100 young (102400K), 11 survivors (11264K)
 Metaspace       used 72902K, capacity 74645K, committed 74716K, reserved 1114112K
  class space    used 9384K, capacity 10016K, committed 10072K, reserved 1048576K
}
Event: 7.926 GC heap after
{Heap after GC invocations=13 (full 0):
 garbage-first heap   total 312320K, used 61140K [0x0000000080000000, 0x0000000100000000)
  region size 1024K, 16 young (16384K), 16 survivors (16384K)
 Metaspace       used 72902K, capacity 74645K, committed 74716K, reserved 1114112K
  class space    used 9384K, capacity 10016K, committed 10072K, reserved 1048576K
}
Event: 31.340 GC heap before
{Heap before GC invocations=14 (full 0):
 garbage-first heap   total 312320K, used 212692K [0x0000000080000000, 0x0000000100000000)
  region size 1024K, 165 young (168960K), 16 survivors (16384K)
 Metaspace       used 85264K, capacity 87513K, committed 87720K, reserved 1126400K
  class space    used 10772K, capacity 11541K, committed 11556K, reserved 1048576K
}
Event: 31.386 GC heap after
{Heap after GC invocations=15 (full 0):
 garbage-first heap   total 312320K, used 72069K [0x0000000080000000, 0x0000000100000000)
  region size 1024K, 18 young (18432K), 18 survivors (18432K)
 Metaspace       used 85264K, capacity 87513K, committed 87720K, reserved 1126400K
  class space    used 10772K, capacity 11541K, committed 11556K, reserved 1048576K
}

