# JRE version: OpenJDK Runtime Environment (11.0.15) (build 11.0.15+0-b2043.56-9505619)
# Java VM: OpenJDK 64-Bit Server VM (11.0.15+0-b2043.56-9505619, mixed mode, tiered, compressed oops, g1 gc, windows-amd64)
Heap:
 garbage-first heap   total 312320K, used 145144K [0x0000000080000000, 0x0000000100000000)
  region size 1024K, 90 young (92160K), 18 survivors (18432K)
 Metaspace       used 90415K, capacity 92871K, committed 92992K, reserved 1130496K
  class space    used 11456K, capacity 12275K, committed 12288K, reserved 1048576K
GC Heap History (18 events):
Event: 0.391 GC heap before
{Heap before GC invocations=0 (full 0):
 garbage-first heap   total 260096K, used 16384K [0x0000000080000000, 0x0000000100000000)
  region size 1024K, 14 young (14336K), 0 survivors (0K)
 Metaspace       used 6751K, capacity 6989K, committed 7168K, reserved 1056768K
  class space    used 571K, capacity 650K, committed 768K, reserved 1048576K
}
Event: 0.395 GC heap after
{Heap after GC invocations=1 (full 0):
 garbage-first heap   total 260096K, used 3936K [0x0000000080000000, 0x0000000100000000)
  region size 1024K, 2 young (2048K), 2 survivors (2048K)
 Metaspace       used 6751K, capacity 6989K, committed 7168K, reserved 1056768K
  class space    used 571K, capacity 650K, committed 768K, reserved 1048576K
}
Event: 1.873 GC heap before
{Heap before GC invocations=1 (full 0):
 garbage-first heap   total 260096K, used 115552K [0x0000000080000000, 0x0000000100000000)
  region size 1024K, 108 young (110592K), 2 survivors (2048K)
 Metaspace       used 20841K, capacity 21149K, committed 21296K, reserved 1069056K
  class space    used 2510K, capacity 2651K, committed 2688K, reserved 1048576K
}
Event: 1.881 GC heap after
{Heap after GC invocations=2 (full 0):
 garbage-first heap   total 260096K, used 17407K [0x0000000080000000, 0x0000000100000000)
  region size 1024K, 13 young (13312K), 13 survivors (13312K)
 Metaspace       used 20841K, capacity 21149K, committed 21296K, reserved 1069056K
  class space    used 2510K, capacity 2651K, committed 2688K, reserved 1048576K
}
Event: 2.379 GC heap before
{Heap before GC invocations=3 (full 0):
 garbage-first heap   total 260096K, used 72703K [0x0000000080000000, 0x0000000100000000)
  region size 1024K, 67 young (68608K), 13 survivors (13312K)
 Metaspace       used 26845K, capacity 27483K, committed 27824K, reserved 1073152K
  class space    used 3484K, capacity 3734K, committed 3840K, reserved 1048576K
}
Event: 2.387 GC heap after
{Heap after GC invocations=4 (full 0):
 garbage-first heap   total 260096K, used 19243K [0x0000000080000000, 0x0000000100000000)
  region size 1024K, 3 young (3072K), 3 survivors (3072K)
 Metaspace       used 26845K, capacity 27483K, committed 27824K, reserved 1073152K
  class space    used 3484K, capacity 3734K, committed 3840K, reserved 1048576K
}
Event: 3.019 GC heap before
{Heap before GC invocations=4 (full 0):
 garbage-first heap   total 260096K, used 84779K [0x0000000080000000, 0x0000000100000000)
  region size 1024K, 68 young (69632K), 3 survivors (3072K)
 Metaspace       used 34938K, capacity 35729K, committed 35888K, reserved 1081344K
  class space    used 4555K, capacity 4889K, committed 4992K, reserved 1048576K
}
Event: 3.028 GC heap after
{Heap after GC invocations=5 (full 0):
 garbage-first heap   total 260096K, used 22310K [0x0000000080000000, 0x0000000100000000)
  region size 1024K, 6 young (6144K), 6 survivors (6144K)
 Metaspace       used 34938K, capacity 35729K, committed 35888K, reserved 1081344K
  class space    used 4555K, capacity 4889K, committed 4992K, reserved 1048576K
}
Event: 4.067 GC heap before
{Heap before GC invocations=6 (full 0):
 garbage-first heap   total 260096K, used 136998K [0x0000000080000000, 0x0000000100000000)
  region size 1024K, 115 young (117760K), 6 survivors (6144K)
 Metaspace       used 44934K, capacity 46087K, committed 46256K, reserved 1089536K
  class space    used 5683K, capacity 6087K, committed 6144K, reserved 1048576K
}
Event: 4.081 GC heap after
{Heap after GC invocations=7 (full 0):
 garbage-first heap   total 260096K, used 30560K [0x0000000080000000, 0x0000000100000000)
  region size 1024K, 14 young (14336K), 14 survivors (14336K)
 Metaspace       used 44934K, capacity 46087K, committed 46256K, reserved 1089536K
  class space    used 5683K, capacity 6087K, committed 6144K, reserved 1048576K
}
Event: 5.440 GC heap before
{Heap before GC invocations=8 (full 0):
 garbage-first heap   total 260096K, used 164704K [0x0000000080000000, 0x0000000100000000)
  region size 1024K, 141 young (144384K), 14 survivors (14336K)
 Metaspace       used 54691K, capacity 56256K, committed 56368K, reserved 1097728K
  class space    used 6966K, capacity 7525K, committed 7552K, reserved 1048576K
}
Event: 5.457 GC heap after
{Heap after GC invocations=9 (full 0):
 garbage-first heap   total 260096K, used 44571K [0x0000000080000000, 0x0000000100000000)
  region size 1024K, 18 young (18432K), 18 survivors (18432K)
 Metaspace       used 54691K, capacity 56256K, committed 56368K, reserved 1097728K
  class space    used 6966K, capacity 7525K, committed 7552K, reserved 1048576K
}
Event: 6.779 GC heap before
{Heap before GC invocations=9 (full 0):
 garbage-first heap   total 260096K, used 188955K [0x0000000080000000, 0x0000000100000000)
  region size 1024K, 152 young (155648K), 18 survivors (18432K)
 Metaspace       used 67322K, capacity 68998K, committed 69296K, reserved 1110016K
  class space    used 8500K, capacity 9102K, committed 9216K, reserved 1048576K
}
Event: 6.803 GC heap after
{Heap after GC invocations=10 (full 0):
 garbage-first heap   total 260096K, used 54653K [0x0000000080000000, 0x0000000100000000)
  region size 1024K, 10 young (10240K), 10 survivors (10240K)
 Metaspace       used 67322K, capacity 68998K, committed 69296K, reserved 1110016K
  class space    used 8500K, capacity 9102K, committed 9216K, reserved 1048576K
}
Event: 7.723 GC heap before
{Heap before GC invocations=10 (full 0):
 garbage-first heap   total 260096K, used 158077K [0x0000000080000000, 0x0000000100000000)
  region size 1024K, 113 young (115712K), 10 survivors (10240K)
 Metaspace       used 75683K, capacity 77574K, committed 77736K, reserved 1116160K
  class space    used 9702K, capacity 10404K, committed 10496K, reserved 1048576K
}
Event: 7.746 GC heap after
{Heap after GC invocations=11 (full 0):
 garbage-first heap   total 312320K, used 63869K [0x0000000080000000, 0x0000000100000000)
  region size 1024K, 19 young (19456K), 19 survivors (19456K)
 Metaspace       used 75683K, capacity 77574K, committed 77736K, reserved 1116160K
  class space    used 9702K, capacity 10404K, committed 10496K, reserved 1048576K
}
Event: 29.829 GC heap before
{Heap before GC invocations=12 (full 0):
 garbage-first heap   total 312320K, used 209277K [0x0000000080000000, 0x0000000100000000)
  region size 1024K, 162 young (165888K), 19 survivors (19456K)
 Metaspace       used 88823K, capacity 91059K, committed 91200K, reserved 1128448K
  class space    used 11233K, capacity 12007K, committed 12032K, reserved 1048576K
}
Event: 29.869 GC heap after
{Heap after GC invocations=13 (full 0):
 garbage-first heap   total 312320K, used 72440K [0x0000000080000000, 0x0000000100000000)
  region size 1024K, 18 young (18432K), 18 survivors (18432K)
 Metaspace       used 88823K, capacity 91059K, committed 91200K, reserved 1128448K
  class space    used 11233K, capacity 12007K, committed 12032K, reserved 1048576K
}

