# JRE version: OpenJDK Runtime Environment (11.0.15) (build 11.0.15+0-b2043.56-9505619)
# Java VM: OpenJDK 64-Bit Server VM (11.0.15+0-b2043.56-9505619, mixed mode, tiered, compressed oops, g1 gc, windows-amd64)
Heap:
 garbage-first heap   total 312320K, used 118623K [0x0000000080000000, 0x0000000100000000)
  region size 1024K, 62 young (63488K), 19 survivors (19456K)
 Metaspace       used 90580K, capacity 92932K, committed 93184K, reserved 1130496K
  class space    used 11473K, capacity 12250K, committed 12312K, reserved 1048576K
GC Heap History (20 events):
Event: 1.698 GC heap before
{Heap before GC invocations=2 (full 0):
 garbage-first heap   total 260096K, used 46084K [0x0000000080000000, 0x0000000100000000)
  region size 1024K, 38 young (38912K), 2 survivors (2048K)
 Metaspace       used 11057K, capacity 11385K, committed 11520K, reserved 1058816K
  class space    used 1139K, capacity 1247K, committed 1280K, reserved 1048576K
}
Event: 1.701 GC heap after
{Heap after GC invocations=3 (full 0):
 garbage-first heap   total 260096K, used 13675K [0x0000000080000000, 0x0000000100000000)
  region size 1024K, 5 young (5120K), 5 survivors (5120K)
 Metaspace       used 11057K, capacity 11385K, committed 11520K, reserved 1058816K
  class space    used 1139K, capacity 1247K, committed 1280K, reserved 1048576K
}
Event: 2.593 GC heap before
{Heap before GC invocations=3 (full 0):
 garbage-first heap   total 260096K, used 62827K [0x0000000080000000, 0x0000000100000000)
  region size 1024K, 54 young (55296K), 5 survivors (5120K)
 Metaspace       used 20057K, capacity 20462K, committed 20480K, reserved 1067008K
  class space    used 2398K, capacity 2551K, committed 2560K, reserved 1048576K
}
Event: 2.599 GC heap after
{Heap after GC invocations=4 (full 0):
 garbage-first heap   total 260096K, used 16721K [0x0000000080000000, 0x0000000100000000)
  region size 1024K, 7 young (7168K), 7 survivors (7168K)
 Metaspace       used 20057K, capacity 20462K, committed 20480K, reserved 1067008K
  class space    used 2398K, capacity 2551K, committed 2560K, reserved 1048576K
}
Event: 2.667 GC heap before
{Heap before GC invocations=4 (full 0):
 garbage-first heap   total 260096K, used 25937K [0x0000000080000000, 0x0000000100000000)
  region size 1024K, 17 young (17408K), 7 survivors (7168K)
 Metaspace       used 20768K, capacity 21187K, committed 21296K, reserved 1069056K
  class space    used 2521K, capacity 2685K, committed 2688K, reserved 1048576K
}
Event: 2.671 GC heap after
{Heap after GC invocations=5 (full 0):
 garbage-first heap   total 260096K, used 18015K [0x0000000080000000, 0x0000000100000000)
  region size 1024K, 4 young (4096K), 4 survivors (4096K)
 Metaspace       used 20768K, capacity 21187K, committed 21296K, reserved 1069056K
  class space    used 2521K, capacity 2685K, committed 2688K, reserved 1048576K
}
Event: 3.418 GC heap before
{Heap before GC invocations=6 (full 0):
 garbage-first heap   total 260096K, used 84575K [0x0000000080000000, 0x0000000100000000)
  region size 1024K, 69 young (70656K), 4 survivors (4096K)
 Metaspace       used 27469K, capacity 28097K, committed 28412K, reserved 1073152K
  class space    used 3588K, capacity 3832K, committed 3916K, reserved 1048576K
}
Event: 3.426 GC heap after
{Heap after GC invocations=7 (full 0):
 garbage-first heap   total 260096K, used 19851K [0x0000000080000000, 0x0000000100000000)
  region size 1024K, 6 young (6144K), 6 survivors (6144K)
 Metaspace       used 27469K, capacity 28097K, committed 28412K, reserved 1073152K
  class space    used 3588K, capacity 3832K, committed 3916K, reserved 1048576K
}
Event: 4.128 GC heap before
{Heap before GC invocations=7 (full 0):
 garbage-first heap   total 260096K, used 76171K [0x0000000080000000, 0x0000000100000000)
  region size 1024K, 62 young (63488K), 6 survivors (6144K)
 Metaspace       used 35095K, capacity 35953K, committed 36048K, reserved 1081344K
  class space    used 4572K, capacity 4921K, committed 4940K, reserved 1048576K
}
Event: 4.139 GC heap after
{Heap after GC invocations=8 (full 0):
 garbage-first heap   total 260096K, used 23397K [0x0000000080000000, 0x0000000100000000)
  region size 1024K, 9 young (9216K), 9 survivors (9216K)
 Metaspace       used 35095K, capacity 35953K, committed 36048K, reserved 1081344K
  class space    used 4572K, capacity 4921K, committed 4940K, reserved 1048576K
}
Event: 5.573 GC heap before
{Heap before GC invocations=9 (full 0):
 garbage-first heap   total 260096K, used 156517K [0x0000000080000000, 0x0000000100000000)
  region size 1024K, 136 young (139264K), 9 survivors (9216K)
 Metaspace       used 46168K, capacity 47371K, committed 47516K, reserved 1091584K
  class space    used 5897K, capacity 6303K, committed 6424K, reserved 1048576K
}
Event: 5.590 GC heap after
{Heap after GC invocations=10 (full 0):
 garbage-first heap   total 260096K, used 31464K [0x0000000080000000, 0x0000000100000000)
  region size 1024K, 17 young (17408K), 17 survivors (17408K)
 Metaspace       used 46168K, capacity 47371K, committed 47516K, reserved 1091584K
  class space    used 5897K, capacity 6303K, committed 6424K, reserved 1048576K
}
Event: 7.405 GC heap before
{Heap before GC invocations=11 (full 0):
 garbage-first heap   total 260096K, used 174824K [0x0000000080000000, 0x0000000100000000)
  region size 1024K, 152 young (155648K), 17 survivors (17408K)
 Metaspace       used 58455K, capacity 60051K, committed 60316K, reserved 1101824K
  class space    used 7337K, capacity 7872K, committed 7960K, reserved 1048576K
}
Event: 7.426 GC heap after
{Heap after GC invocations=12 (full 0):
 garbage-first heap   total 260096K, used 46363K [0x0000000080000000, 0x0000000100000000)
  region size 1024K, 19 young (19456K), 19 survivors (19456K)
 Metaspace       used 58455K, capacity 60051K, committed 60316K, reserved 1101824K
  class space    used 7337K, capacity 7872K, committed 7960K, reserved 1048576K
}
Event: 8.863 GC heap before
{Heap before GC invocations=12 (full 0):
 garbage-first heap   total 260096K, used 190747K [0x0000000080000000, 0x0000000100000000)
  region size 1024K, 152 young (155648K), 19 survivors (19456K)
 Metaspace       used 67466K, capacity 69237K, committed 69532K, reserved 1110016K
  class space    used 8514K, capacity 9138K, committed 9240K, reserved 1048576K
}
Event: 8.884 GC heap after
{Heap after GC invocations=13 (full 0):
 garbage-first heap   total 260096K, used 57719K [0x0000000080000000, 0x0000000100000000)
  region size 1024K, 12 young (12288K), 12 survivors (12288K)
 Metaspace       used 67466K, capacity 69237K, committed 69532K, reserved 1110016K
  class space    used 8514K, capacity 9138K, committed 9240K, reserved 1048576K
}
Event: 10.183 GC heap before
{Heap before GC invocations=13 (full 0):
 garbage-first heap   total 260096K, used 149879K [0x0000000080000000, 0x0000000100000000)
  region size 1024K, 104 young (106496K), 12 survivors (12288K)
 Metaspace       used 77353K, capacity 79392K, committed 79516K, reserved 1118208K
  class space    used 9948K, capacity 10652K, committed 10776K, reserved 1048576K
}
Event: 10.202 GC heap after
{Heap after GC invocations=14 (full 0):
 garbage-first heap   total 312320K, used 66048K [0x0000000080000000, 0x0000000100000000)
  region size 1024K, 9 young (9216K), 9 survivors (9216K)
 Metaspace       used 77353K, capacity 79392K, committed 79516K, reserved 1118208K
  class space    used 9948K, capacity 10652K, committed 10776K, reserved 1048576K
}
Event: 190.219 GC heap before
{Heap before GC invocations=15 (full 0):
 garbage-first heap   total 312320K, used 233984K [0x0000000080000000, 0x0000000100000000)
  region size 1024K, 174 young (178176K), 9 survivors (9216K)
 Metaspace       used 89443K, capacity 91723K, committed 92032K, reserved 1130496K
  class space    used 11293K, capacity 12050K, committed 12184K, reserved 1048576K
}
Event: 190.253 GC heap after
{Heap after GC invocations=16 (full 0):
 garbage-first heap   total 312320K, used 76639K [0x0000000080000000, 0x0000000100000000)
  region size 1024K, 19 young (19456K), 19 survivors (19456K)
 Metaspace       used 89443K, capacity 91723K, committed 92032K, reserved 1130496K
  class space    used 11293K, capacity 12050K, committed 12184K, reserved 1048576K
}

