# JRE version: OpenJDK Runtime Environment (11.0.15) (build 11.0.15+0-b2043.56-9505619)
# Java VM: OpenJDK 64-Bit Server VM (11.0.15+0-b2043.56-9505619, mixed mode, tiered, compressed oops, g1 gc, windows-amd64)
Heap:
 garbage-first heap   total 312320K, used 176809K [0x0000000080000000, 0x0000000100000000)
  region size 1024K, 121 young (123904K), 17 survivors (17408K)
 Metaspace       used 95535K, capacity 97917K, committed 98044K, reserved 1134592K
  class space    used 12113K, capacity 12966K, committed 13056K, reserved 1048576K
GC Heap History (20 events):
Event: 0.598 GC heap before
{Heap before GC invocations=0 (full 0):
 garbage-first heap   total 260096K, used 16384K [0x0000000080000000, 0x0000000100000000)
  region size 1024K, 14 young (14336K), 0 survivors (0K)
 Metaspace       used 6742K, capacity 6929K, committed 7168K, reserved 1056768K
  class space    used 571K, capacity 650K, committed 768K, reserved 1048576K
}
Event: 0.604 GC heap after
{Heap after GC invocations=1 (full 0):
 garbage-first heap   total 260096K, used 4161K [0x0000000080000000, 0x0000000100000000)
  region size 1024K, 2 young (2048K), 2 survivors (2048K)
 Metaspace       used 6742K, capacity 6929K, committed 7168K, reserved 1056768K
  class space    used 571K, capacity 650K, committed 768K, reserved 1048576K
}
Event: 2.199 GC heap before
{Heap before GC invocations=1 (full 0):
 garbage-first heap   total 260096K, used 115777K [0x0000000080000000, 0x0000000100000000)
  region size 1024K, 108 young (110592K), 2 survivors (2048K)
 Metaspace       used 20822K, capacity 21153K, committed 21296K, reserved 1069056K
  class space    used 2504K, capacity 2651K, committed 2688K, reserved 1048576K
}
Event: 2.208 GC heap after
{Heap after GC invocations=2 (full 0):
 garbage-first heap   total 260096K, used 16921K [0x0000000080000000, 0x0000000100000000)
  region size 1024K, 12 young (12288K), 12 survivors (12288K)
 Metaspace       used 20822K, capacity 21153K, committed 21296K, reserved 1069056K
  class space    used 2504K, capacity 2651K, committed 2688K, reserved 1048576K
}
Event: 2.401 GC heap before
{Heap before GC invocations=3 (full 0):
 garbage-first heap   total 260096K, used 40473K [0x0000000080000000, 0x0000000100000000)
  region size 1024K, 36 young (36864K), 12 survivors (12288K)
 Metaspace       used 23055K, capacity 23568K, committed 23856K, reserved 1071104K
  class space    used 2887K, capacity 3101K, committed 3200K, reserved 1048576K
}
Event: 2.407 GC heap after
{Heap after GC invocations=4 (full 0):
 garbage-first heap   total 260096K, used 18055K [0x0000000080000000, 0x0000000100000000)
  region size 1024K, 2 young (2048K), 2 survivors (2048K)
 Metaspace       used 23055K, capacity 23568K, committed 23856K, reserved 1071104K
  class space    used 2887K, capacity 3101K, committed 3200K, reserved 1048576K
}
Event: 3.148 GC heap before
{Heap before GC invocations=4 (full 0):
 garbage-first heap   total 260096K, used 87687K [0x0000000080000000, 0x0000000100000000)
  region size 1024K, 70 young (71680K), 2 survivors (2048K)
 Metaspace       used 29962K, capacity 30655K, committed 30896K, reserved 1075200K
  class space    used 3988K, capacity 4280K, committed 4352K, reserved 1048576K
}
Event: 3.152 GC heap after
{Heap after GC invocations=5 (full 0):
 garbage-first heap   total 260096K, used 19967K [0x0000000080000000, 0x0000000100000000)
  region size 1024K, 4 young (4096K), 4 survivors (4096K)
 Metaspace       used 29962K, capacity 30655K, committed 30896K, reserved 1075200K
  class space    used 3988K, capacity 4280K, committed 4352K, reserved 1048576K
}
Event: 3.528 GC heap before
{Heap before GC invocations=5 (full 0):
 garbage-first heap   total 260096K, used 47615K [0x0000000080000000, 0x0000000100000000)
  region size 1024K, 32 young (32768K), 4 survivors (4096K)
 Metaspace       used 34922K, capacity 35733K, committed 35888K, reserved 1081344K
  class space    used 4554K, capacity 4889K, committed 4992K, reserved 1048576K
}
Event: 3.535 GC heap after
{Heap after GC invocations=6 (full 0):
 garbage-first heap   total 260096K, used 22143K [0x0000000080000000, 0x0000000100000000)
  region size 1024K, 6 young (6144K), 6 survivors (6144K)
 Metaspace       used 34922K, capacity 35733K, committed 35888K, reserved 1081344K
  class space    used 4554K, capacity 4889K, committed 4992K, reserved 1048576K
}
Event: 4.747 GC heap before
{Heap before GC invocations=7 (full 0):
 garbage-first heap   total 260096K, used 147071K [0x0000000080000000, 0x0000000100000000)
  region size 1024K, 125 young (128000K), 6 survivors (6144K)
 Metaspace       used 45726K, capacity 46997K, committed 47080K, reserved 1089536K
  class space    used 5810K, capacity 6261K, committed 6272K, reserved 1048576K
}
Event: 4.765 GC heap after
{Heap after GC invocations=8 (full 0):
 garbage-first heap   total 260096K, used 30602K [0x0000000080000000, 0x0000000100000000)
  region size 1024K, 14 young (14336K), 14 survivors (14336K)
 Metaspace       used 45726K, capacity 46997K, committed 47080K, reserved 1089536K
  class space    used 5810K, capacity 6261K, committed 6272K, reserved 1048576K
}
Event: 6.895 GC heap before
{Heap before GC invocations=9 (full 0):
 garbage-first heap   total 260096K, used 172938K [0x0000000080000000, 0x0000000100000000)
  region size 1024K, 149 young (152576K), 14 survivors (14336K)
 Metaspace       used 58867K, capacity 60387K, committed 60648K, reserved 1101824K
  class space    used 7456K, capacity 7997K, committed 8064K, reserved 1048576K
}
Event: 6.919 GC heap after
{Heap after GC invocations=10 (full 0):
 garbage-first heap   total 260096K, used 46311K [0x0000000080000000, 0x0000000100000000)
  region size 1024K, 19 young (19456K), 19 survivors (19456K)
 Metaspace       used 58867K, capacity 60387K, committed 60648K, reserved 1101824K
  class space    used 7456K, capacity 7997K, committed 8064K, reserved 1048576K
}
Event: 8.385 GC heap before
{Heap before GC invocations=10 (full 0):
 garbage-first heap   total 260096K, used 190695K [0x0000000080000000, 0x0000000100000000)
  region size 1024K, 152 young (155648K), 19 survivors (19456K)
 Metaspace       used 72293K, capacity 73995K, committed 74216K, reserved 1114112K
  class space    used 9119K, capacity 9734K, committed 9856K, reserved 1048576K
}
Event: 8.405 GC heap after
{Heap after GC invocations=11 (full 0):
 garbage-first heap   total 260096K, used 56242K [0x0000000080000000, 0x0000000100000000)
  region size 1024K, 10 young (10240K), 10 survivors (10240K)
 Metaspace       used 72293K, capacity 73995K, committed 74216K, reserved 1114112K
  class space    used 9119K, capacity 9734K, committed 9856K, reserved 1048576K
}
Event: 9.009 GC heap before
{Heap before GC invocations=11 (full 0):
 garbage-first heap   total 260096K, used 129970K [0x0000000080000000, 0x0000000100000000)
  region size 1024K, 83 young (84992K), 10 survivors (10240K)
 Metaspace       used 76879K, capacity 78651K, committed 78824K, reserved 1118208K
  class space    used 9874K, capacity 10514K, committed 10624K, reserved 1048576K
}
Event: 9.032 GC heap after
{Heap after GC invocations=12 (full 0):
 garbage-first heap   total 312320K, used 60338K [0x0000000080000000, 0x0000000100000000)
  region size 1024K, 14 young (14336K), 14 survivors (14336K)
 Metaspace       used 76879K, capacity 78651K, committed 78824K, reserved 1118208K
  class space    used 9874K, capacity 10514K, committed 10624K, reserved 1048576K
}
Event: 15.818 GC heap before
{Heap before GC invocations=13 (full 0):
 garbage-first heap   total 312320K, used 222130K [0x0000000080000000, 0x0000000100000000)
  region size 1024K, 173 young (177152K), 14 survivors (14336K)
 Metaspace       used 90513K, capacity 92759K, committed 92924K, reserved 1130496K
  class space    used 11434K, capacity 12236K, committed 12288K, reserved 1048576K
}
Event: 15.882 GC heap after
{Heap after GC invocations=14 (full 0):
 garbage-first heap   total 312320K, used 72361K [0x0000000080000000, 0x0000000100000000)
  region size 1024K, 17 young (17408K), 17 survivors (17408K)
 Metaspace       used 90513K, capacity 92759K, committed 92924K, reserved 1130496K
  class space    used 11434K, capacity 12236K, committed 12288K, reserved 1048576K
}

