# JRE version: OpenJDK Runtime Environment (11.0.15) (build 11.0.15+0-b2043.56-9505619)
# Java VM: OpenJDK 64-Bit Server VM (11.0.15+0-b2043.56-9505619, mixed mode, tiered, compressed oops, g1 gc, windows-amd64)
Heap:
 garbage-first heap   total 312320K, used 207690K [0x0000000080000000, 0x0000000100000000)
  region size 1024K, 21 young (21504K), 9 survivors (9216K)
 Metaspace       used 106513K, capacity 109557K, committed 109732K, reserved 1144832K
  class space    used 13322K, capacity 14379K, committed 14412K, reserved 1048576K
GC Heap History (20 events):
Event: 8.022 GC heap before
{Heap before GC invocations=13 (full 0):
 garbage-first heap   total 260096K, used 203875K [0x0000000080000000, 0x0000000100000000)
  region size 1024K, 98 young (100352K), 13 survivors (13312K)
 Metaspace       used 72729K, capacity 74735K, committed 75044K, reserved 1114112K
  class space    used 9325K, capacity 10086K, committed 10188K, reserved 1048576K
}
Event: 8.033 GC heap after
{Heap after GC invocations=14 (full 0):
 garbage-first heap   total 260096K, used 122880K [0x0000000080000000, 0x0000000100000000)
  region size 1024K, 12 young (12288K), 12 survivors (12288K)
 Metaspace       used 72729K, capacity 74735K, committed 75044K, reserved 1114112K
  class space    used 9325K, capacity 10086K, committed 10188K, reserved 1048576K
}
Event: 8.576 GC heap before
{Heap before GC invocations=14 (full 0):
 garbage-first heap   total 260096K, used 179200K [0x0000000080000000, 0x0000000100000000)
  region size 1024K, 63 young (64512K), 12 survivors (12288K)
 Metaspace       used 78275K, capacity 80313K, committed 80548K, reserved 1120256K
  class space    used 10044K, capacity 10794K, committed 10828K, reserved 1048576K
}
Event: 8.592 GC heap after
{Heap after GC invocations=15 (full 0):
 garbage-first heap   total 260096K, used 133591K [0x0000000080000000, 0x0000000100000000)
  region size 1024K, 11 young (11264K), 11 survivors (11264K)
 Metaspace       used 78275K, capacity 80313K, committed 80548K, reserved 1120256K
  class space    used 10044K, capacity 10794K, committed 10828K, reserved 1048576K
}
Event: 9.086 GC heap before
{Heap before GC invocations=16 (full 0):
 garbage-first heap   total 260096K, used 227799K [0x0000000080000000, 0x0000000100000000)
  region size 1024K, 82 young (83968K), 11 survivors (11264K)
 Metaspace       used 81252K, capacity 83535K, committed 83876K, reserved 1122304K
  class space    used 10462K, capacity 11235K, committed 11340K, reserved 1048576K
}
Event: 9.099 GC heap after
{Heap after GC invocations=17 (full 0):
 garbage-first heap   total 312320K, used 161792K [0x0000000080000000, 0x0000000100000000)
  region size 1024K, 11 young (11264K), 11 survivors (11264K)
 Metaspace       used 81252K, capacity 83535K, committed 83876K, reserved 1122304K
  class space    used 10462K, capacity 11235K, committed 11340K, reserved 1048576K
}
Event: 9.330 GC heap before
{Heap before GC invocations=17 (full 0):
 garbage-first heap   total 312320K, used 191488K [0x0000000080000000, 0x0000000100000000)
  region size 1024K, 41 young (41984K), 11 survivors (11264K)
 Metaspace       used 82316K, capacity 84704K, committed 84772K, reserved 1122304K
  class space    used 10577K, capacity 11408K, committed 11468K, reserved 1048576K
}
Event: 9.340 GC heap after
{Heap after GC invocations=18 (full 0):
 garbage-first heap   total 312320K, used 164580K [0x0000000080000000, 0x0000000100000000)
  region size 1024K, 8 young (8192K), 8 survivors (8192K)
 Metaspace       used 82316K, capacity 84704K, committed 84772K, reserved 1122304K
  class space    used 10577K, capacity 11408K, committed 11468K, reserved 1048576K
}
Event: 10.120 GC heap before
{Heap before GC invocations=19 (full 0):
 garbage-first heap   total 312320K, used 234212K [0x0000000080000000, 0x0000000100000000)
  region size 1024K, 75 young (76800K), 8 survivors (8192K)
 Metaspace       used 90421K, capacity 93046K, committed 93220K, reserved 1130496K
  class space    used 11610K, capacity 12484K, committed 12492K, reserved 1048576K
}
Event: 10.129 GC heap after
{Heap after GC invocations=20 (full 0):
 garbage-first heap   total 312320K, used 167690K [0x0000000080000000, 0x0000000100000000)
  region size 1024K, 5 young (5120K), 5 survivors (5120K)
 Metaspace       used 90421K, capacity 93046K, committed 93220K, reserved 1130496K
  class space    used 11610K, capacity 12484K, committed 12492K, reserved 1048576K
}
Event: 11.105 GC heap before
{Heap before GC invocations=20 (full 0):
 garbage-first heap   total 312320K, used 237322K [0x0000000080000000, 0x0000000100000000)
  region size 1024K, 74 young (75776K), 5 survivors (5120K)
 Metaspace       used 95009K, capacity 97810K, committed 97956K, reserved 1134592K
  class space    used 12147K, capacity 13093K, committed 13132K, reserved 1048576K
}
Event: 11.120 GC heap after
{Heap after GC invocations=21 (full 0):
 garbage-first heap   total 312320K, used 174546K [0x0000000080000000, 0x0000000100000000)
  region size 1024K, 10 young (10240K), 10 survivors (10240K)
 Metaspace       used 95009K, capacity 97810K, committed 97956K, reserved 1134592K
  class space    used 12147K, capacity 13093K, committed 13132K, reserved 1048576K
}
Event: 12.133 GC heap before
{Heap before GC invocations=22 (full 0):
 garbage-first heap   total 312320K, used 243154K [0x0000000080000000, 0x0000000100000000)
  region size 1024K, 78 young (79872K), 10 survivors (10240K)
 Metaspace       used 96574K, capacity 99296K, committed 99364K, reserved 1136640K
  class space    used 12258K, capacity 13193K, committed 13260K, reserved 1048576K
}
Event: 12.148 GC heap after
{Heap after GC invocations=23 (full 0):
 garbage-first heap   total 312320K, used 180903K [0x0000000080000000, 0x0000000100000000)
  region size 1024K, 7 young (7168K), 7 survivors (7168K)
 Metaspace       used 96574K, capacity 99296K, committed 99364K, reserved 1136640K
  class space    used 12258K, capacity 13193K, committed 13260K, reserved 1048576K
}
Event: 12.439 GC heap before
{Heap before GC invocations=23 (full 0):
 garbage-first heap   total 312320K, used 249511K [0x0000000080000000, 0x0000000100000000)
  region size 1024K, 74 young (75776K), 7 survivors (7168K)
 Metaspace       used 98920K, capacity 101588K, committed 101668K, reserved 1138688K
  class space    used 12543K, capacity 13485K, committed 13516K, reserved 1048576K
}
Event: 12.447 GC heap after
{Heap after GC invocations=24 (full 0):
 garbage-first heap   total 312320K, used 183648K [0x0000000080000000, 0x0000000100000000)
  region size 1024K, 3 young (3072K), 3 survivors (3072K)
 Metaspace       used 98920K, capacity 101588K, committed 101668K, reserved 1138688K
  class space    used 12543K, capacity 13485K, committed 13516K, reserved 1048576K
}
Event: 18.262 GC heap before
{Heap before GC invocations=25 (full 0):
 garbage-first heap   total 312320K, used 252256K [0x0000000080000000, 0x0000000100000000)
  region size 1024K, 71 young (72704K), 3 survivors (3072K)
 Metaspace       used 104362K, capacity 107414K, committed 107684K, reserved 1142784K
  class space    used 13028K, capacity 14072K, committed 14156K, reserved 1048576K
}
Event: 18.280 GC heap after
{Heap after GC invocations=26 (full 0):
 garbage-first heap   total 312320K, used 188959K [0x0000000080000000, 0x0000000100000000)
  region size 1024K, 9 young (9216K), 9 survivors (9216K)
 Metaspace       used 104362K, capacity 107414K, committed 107684K, reserved 1142784K
  class space    used 13028K, capacity 14072K, committed 14156K, reserved 1048576K
}
Event: 18.696 GC heap before
{Heap before GC invocations=26 (full 0):
 garbage-first heap   total 312320K, used 256543K [0x0000000080000000, 0x0000000100000000)
  region size 1024K, 75 young (76800K), 9 survivors (9216K)
 Metaspace       used 105405K, capacity 108372K, committed 108452K, reserved 1144832K
  class space    used 13137K, capacity 14148K, committed 14156K, reserved 1048576K
}
Event: 18.716 GC heap after
{Heap after GC invocations=27 (full 0):
 garbage-first heap   total 312320K, used 197450K [0x0000000080000000, 0x0000000100000000)
  region size 1024K, 9 young (9216K), 9 survivors (9216K)
 Metaspace       used 105405K, capacity 108372K, committed 108452K, reserved 1144832K
  class space    used 13137K, capacity 14148K, committed 14156K, reserved 1048576K
}

