# JRE version: OpenJDK Runtime Environment (11.0.15) (build 11.0.15+0-b2043.56-9505619)
# Java VM: OpenJDK 64-Bit Server VM (11.0.15+0-b2043.56-9505619, mixed mode, tiered, compressed oops, g1 gc, windows-amd64)
Heap:
 garbage-first heap   total 369664K, used 79872K [0x0000000080000000, 0x0000000100000000)
  region size 1024K, 29 young (29696K), 26 survivors (26624K)
 Metaspace       used 85911K, capacity 88173K, committed 88432K, reserved 1126400K
  class space    used 11114K, capacity 11888K, committed 11904K, reserved 1048576K
GC Heap History (20 events):
Event: 0.543 GC heap before
{Heap before GC invocations=0 (full 0):
 garbage-first heap   total 260096K, used 16384K [0x0000000080000000, 0x0000000100000000)
  region size 1024K, 14 young (14336K), 0 survivors (0K)
 Metaspace       used 6750K, capacity 6989K, committed 7168K, reserved 1056768K
  class space    used 571K, capacity 650K, committed 768K, reserved 1048576K
}
Event: 0.580 GC heap after
{Heap after GC invocations=1 (full 0):
 garbage-first heap   total 260096K, used 4038K [0x0000000080000000, 0x0000000100000000)
  region size 1024K, 2 young (2048K), 2 survivors (2048K)
 Metaspace       used 6750K, capacity 6989K, committed 7168K, reserved 1056768K
  class space    used 571K, capacity 650K, committed 768K, reserved 1048576K
}
Event: 2.107 GC heap before
{Heap before GC invocations=1 (full 0):
 garbage-first heap   total 260096K, used 115654K [0x0000000080000000, 0x0000000100000000)
  region size 1024K, 108 young (110592K), 2 survivors (2048K)
 Metaspace       used 20836K, capacity 21149K, committed 21296K, reserved 1069056K
  class space    used 2509K, capacity 2651K, committed 2688K, reserved 1048576K
}
Event: 2.114 GC heap after
{Heap after GC invocations=2 (full 0):
 garbage-first heap   total 260096K, used 16964K [0x0000000080000000, 0x0000000100000000)
  region size 1024K, 12 young (12288K), 12 survivors (12288K)
 Metaspace       used 20836K, capacity 21149K, committed 21296K, reserved 1069056K
  class space    used 2509K, capacity 2651K, committed 2688K, reserved 1048576K
}
Event: 2.226 GC heap before
{Heap before GC invocations=3 (full 0):
 garbage-first heap   total 260096K, used 30276K [0x0000000080000000, 0x0000000100000000)
  region size 1024K, 26 young (26624K), 12 survivors (12288K)
 Metaspace       used 22452K, capacity 22972K, committed 23216K, reserved 1069056K
  class space    used 2783K, capacity 2967K, committed 3072K, reserved 1048576K
}
Event: 2.234 GC heap after
{Heap after GC invocations=4 (full 0):
 garbage-first heap   total 260096K, used 17485K [0x0000000080000000, 0x0000000100000000)
  region size 1024K, 1 young (1024K), 1 survivors (1024K)
 Metaspace       used 22452K, capacity 22972K, committed 23216K, reserved 1069056K
  class space    used 2783K, capacity 2967K, committed 3072K, reserved 1048576K
}
Event: 2.722 GC heap before
{Heap before GC invocations=4 (full 0):
 garbage-first heap   total 260096K, used 75853K [0x0000000080000000, 0x0000000100000000)
  region size 1024K, 58 young (59392K), 1 survivors (1024K)
 Metaspace       used 27904K, capacity 28534K, committed 28720K, reserved 1075200K
  class space    used 3663K, capacity 3915K, committed 3968K, reserved 1048576K
}
Event: 2.727 GC heap after
{Heap after GC invocations=5 (full 0):
 garbage-first heap   total 260096K, used 19472K [0x0000000080000000, 0x0000000100000000)
  region size 1024K, 3 young (3072K), 3 survivors (3072K)
 Metaspace       used 27904K, capacity 28534K, committed 28720K, reserved 1075200K
  class space    used 3663K, capacity 3915K, committed 3968K, reserved 1048576K
}
Event: 3.244 GC heap before
{Heap before GC invocations=5 (full 0):
 garbage-first heap   total 260096K, used 68624K [0x0000000080000000, 0x0000000100000000)
  region size 1024K, 52 young (53248K), 3 survivors (3072K)
 Metaspace       used 34887K, capacity 35727K, committed 35888K, reserved 1081344K
  class space    used 4552K, capacity 4887K, committed 4992K, reserved 1048576K
}
Event: 3.255 GC heap after
{Heap after GC invocations=6 (full 0):
 garbage-first heap   total 260096K, used 22412K [0x0000000080000000, 0x0000000100000000)
  region size 1024K, 6 young (6144K), 6 survivors (6144K)
 Metaspace       used 34887K, capacity 35727K, committed 35888K, reserved 1081344K
  class space    used 4552K, capacity 4887K, committed 4992K, reserved 1048576K
}
Event: 4.100 GC heap before
{Heap before GC invocations=7 (full 0):
 garbage-first heap   total 260096K, used 113548K [0x0000000080000000, 0x0000000100000000)
  region size 1024K, 93 young (95232K), 6 survivors (6144K)
 Metaspace       used 42530K, capacity 43698K, committed 43880K, reserved 1087488K
  class space    used 5424K, capacity 5827K, committed 5888K, reserved 1048576K
}
Event: 4.117 GC heap after
{Heap after GC invocations=8 (full 0):
 garbage-first heap   total 260096K, used 29595K [0x0000000080000000, 0x0000000100000000)
  region size 1024K, 12 young (12288K), 12 survivors (12288K)
 Metaspace       used 42530K, capacity 43698K, committed 43880K, reserved 1087488K
  class space    used 5424K, capacity 5827K, committed 5888K, reserved 1048576K
}
Event: 5.261 GC heap before
{Heap before GC invocations=9 (full 0):
 garbage-first heap   total 260096K, used 146331K [0x0000000080000000, 0x0000000100000000)
  region size 1024K, 121 young (123904K), 12 survivors (12288K)
 Metaspace       used 49767K, capacity 51233K, committed 51560K, reserved 1093632K
  class space    used 6316K, capacity 6811K, committed 6912K, reserved 1048576K
}
Event: 5.281 GC heap after
{Heap after GC invocations=10 (full 0):
 garbage-first heap   total 260096K, used 43760K [0x0000000080000000, 0x0000000100000000)
  region size 1024K, 16 young (16384K), 16 survivors (16384K)
 Metaspace       used 49767K, capacity 51233K, committed 51560K, reserved 1093632K
  class space    used 6316K, capacity 6811K, committed 6912K, reserved 1048576K
}
Event: 6.571 GC heap before
{Heap before GC invocations=10 (full 0):
 garbage-first heap   total 260096K, used 166640K [0x0000000080000000, 0x0000000100000000)
  region size 1024K, 129 young (132096K), 16 survivors (16384K)
 Metaspace       used 64361K, capacity 66002K, committed 66152K, reserved 1107968K
  class space    used 8089K, capacity 8691K, committed 8704K, reserved 1048576K
}
Event: 6.593 GC heap after
{Heap after GC invocations=11 (full 0):
 garbage-first heap   total 369664K, used 51916K [0x0000000080000000, 0x0000000100000000)
  region size 1024K, 8 young (8192K), 8 survivors (8192K)
 Metaspace       used 64361K, capacity 66002K, committed 66152K, reserved 1107968K
  class space    used 8089K, capacity 8691K, committed 8704K, reserved 1048576K
}
Event: 7.522 GC heap before
{Heap before GC invocations=11 (full 0):
 garbage-first heap   total 369664K, used 168652K [0x0000000080000000, 0x0000000100000000)
  region size 1024K, 122 young (124928K), 8 survivors (8192K)
 Metaspace       used 71641K, capacity 73393K, committed 73448K, reserved 1114112K
  class space    used 9191K, capacity 9841K, committed 9856K, reserved 1048576K
}
Event: 7.540 GC heap after
{Heap after GC invocations=12 (full 0):
 garbage-first heap   total 369664K, used 58572K [0x0000000080000000, 0x0000000100000000)
  region size 1024K, 14 young (14336K), 14 survivors (14336K)
 Metaspace       used 71641K, capacity 73393K, committed 73448K, reserved 1114112K
  class space    used 9191K, capacity 9841K, committed 9856K, reserved 1048576K
}
Event: 19.429 GC heap before
{Heap before GC invocations=13 (full 0):
 garbage-first heap   total 369664K, used 264396K [0x0000000080000000, 0x0000000100000000)
  region size 1024K, 216 young (221184K), 14 survivors (14336K)
 Metaspace       used 85698K, capacity 87974K, committed 88176K, reserved 1126400K
  class space    used 11084K, capacity 11844K, committed 11904K, reserved 1048576K
}
Event: 19.469 GC heap after
{Heap after GC invocations=14 (full 0):
 garbage-first heap   total 369664K, used 77824K [0x0000000080000000, 0x0000000100000000)
  region size 1024K, 26 young (26624K), 26 survivors (26624K)
 Metaspace       used 85698K, capacity 87974K, committed 88176K, reserved 1126400K
  class space    used 11084K, capacity 11844K, committed 11904K, reserved 1048576K
}

