# JRE version: OpenJDK Runtime Environment (11.0.15) (build 11.0.15+0-b2043.56-9505619)
# Java VM: OpenJDK 64-Bit Server VM (11.0.15+0-b2043.56-9505619, mixed mode, tiered, compressed oops, g1 gc, windows-amd64)
Heap:
 garbage-first heap   total 260096K, used 215254K [0x0000000080000000, 0x0000000100000000)
  region size 1024K, 19 young (19456K), 4 survivors (4096K)
 Metaspace       used 112017K, capacity 115129K, committed 115364K, reserved 1148928K
  class space    used 13998K, capacity 15088K, committed 15180K, reserved 1048576K
GC Heap History (20 events):
Event: 20.750 GC heap before
{Heap before GC invocations=23 (full 0):
 garbage-first heap   total 260096K, used 212083K [0x0000000080000000, 0x0000000100000000)
  region size 1024K, 44 young (45056K), 4 survivors (4096K)
 Metaspace       used 92997K, capacity 95512K, committed 95652K, reserved 1132544K
  class space    used 11878K, capacity 12758K, committed 12876K, reserved 1048576K
}
Event: 20.755 GC heap after
{Heap after GC invocations=24 (full 0):
 garbage-first heap   total 260096K, used 171179K [0x0000000080000000, 0x0000000100000000)
  region size 1024K, 3 young (3072K), 3 survivors (3072K)
 Metaspace       used 92997K, capacity 95512K, committed 95652K, reserved 1132544K
  class space    used 11878K, capacity 12758K, committed 12876K, reserved 1048576K
}
Event: 21.204 GC heap before
{Heap before GC invocations=24 (full 0):
 garbage-first heap   total 260096K, used 214187K [0x0000000080000000, 0x0000000100000000)
  region size 1024K, 45 young (46080K), 3 survivors (3072K)
 Metaspace       used 97811K, capacity 100363K, committed 100644K, reserved 1136640K
  class space    used 12533K, capacity 13440K, committed 13516K, reserved 1048576K
}
Event: 21.212 GC heap after
{Heap after GC invocations=25 (full 0):
 garbage-first heap   total 260096K, used 173503K [0x0000000080000000, 0x0000000100000000)
  region size 1024K, 6 young (6144K), 6 survivors (6144K)
 Metaspace       used 97811K, capacity 100363K, committed 100644K, reserved 1136640K
  class space    used 12533K, capacity 13440K, committed 13516K, reserved 1048576K
}
Event: 22.213 GC heap before
{Heap before GC invocations=26 (full 0):
 garbage-first heap   total 260096K, used 215487K [0x0000000080000000, 0x0000000100000000)
  region size 1024K, 47 young (48128K), 6 survivors (6144K)
 Metaspace       used 101826K, capacity 104461K, committed 104740K, reserved 1140736K
  class space    used 13041K, capacity 13966K, committed 14028K, reserved 1048576K
}
Event: 22.224 GC heap after
{Heap after GC invocations=27 (full 0):
 garbage-first heap   total 260096K, used 176876K [0x0000000080000000, 0x0000000100000000)
  region size 1024K, 6 young (6144K), 6 survivors (6144K)
 Metaspace       used 101826K, capacity 104461K, committed 104740K, reserved 1140736K
  class space    used 13041K, capacity 13966K, committed 14028K, reserved 1048576K
}
Event: 22.676 GC heap before
{Heap before GC invocations=27 (full 0):
 garbage-first heap   total 260096K, used 217836K [0x0000000080000000, 0x0000000100000000)
  region size 1024K, 47 young (48128K), 6 survivors (6144K)
 Metaspace       used 102340K, capacity 105061K, committed 105252K, reserved 1140736K
  class space    used 13061K, capacity 13983K, committed 14028K, reserved 1048576K
}
Event: 22.689 GC heap after
{Heap after GC invocations=28 (full 0):
 garbage-first heap   total 260096K, used 182149K [0x0000000080000000, 0x0000000100000000)
  region size 1024K, 6 young (6144K), 6 survivors (6144K)
 Metaspace       used 102340K, capacity 105061K, committed 105252K, reserved 1140736K
  class space    used 13061K, capacity 13983K, committed 14028K, reserved 1048576K
}
Event: 23.393 GC heap before
{Heap before GC invocations=29 (full 0):
 garbage-first heap   total 260096K, used 219013K [0x0000000080000000, 0x0000000100000000)
  region size 1024K, 43 young (44032K), 6 survivors (6144K)
 Metaspace       used 103207K, capacity 106014K, committed 106148K, reserved 1140736K
  class space    used 13110K, capacity 14087K, committed 14156K, reserved 1048576K
}
Event: 23.406 GC heap after
{Heap after GC invocations=30 (full 0):
 garbage-first heap   total 260096K, used 185041K [0x0000000080000000, 0x0000000100000000)
  region size 1024K, 5 young (5120K), 5 survivors (5120K)
 Metaspace       used 103207K, capacity 106014K, committed 106148K, reserved 1140736K
  class space    used 13110K, capacity 14087K, committed 14156K, reserved 1048576K
}
Event: 23.870 GC heap before
{Heap before GC invocations=30 (full 0):
 garbage-first heap   total 260096K, used 219857K [0x0000000080000000, 0x0000000100000000)
  region size 1024K, 40 young (40960K), 5 survivors (5120K)
 Metaspace       used 104386K, capacity 107201K, committed 107300K, reserved 1142784K
  class space    used 13224K, capacity 14217K, committed 14284K, reserved 1048576K
}
Event: 23.877 GC heap after
{Heap after GC invocations=31 (full 0):
 garbage-first heap   total 260096K, used 186964K [0x0000000080000000, 0x0000000100000000)
  region size 1024K, 2 young (2048K), 2 survivors (2048K)
 Metaspace       used 104386K, capacity 107201K, committed 107300K, reserved 1142784K
  class space    used 13224K, capacity 14217K, committed 14284K, reserved 1048576K
}
Event: 105.410 GC heap before
{Heap before GC invocations=32 (full 0):
 garbage-first heap   total 260096K, used 222803K [0x0000000080000000, 0x0000000100000000)
  region size 1024K, 38 young (38912K), 2 survivors (2048K)
 Metaspace       used 108809K, capacity 111783K, committed 112036K, reserved 1146880K
  class space    used 13596K, capacity 14604K, committed 14668K, reserved 1048576K
}
Event: 105.434 GC heap after
{Heap after GC invocations=33 (full 0):
 garbage-first heap   total 260096K, used 189012K [0x0000000080000000, 0x0000000100000000)
  region size 1024K, 4 young (4096K), 4 survivors (4096K)
 Metaspace       used 108809K, capacity 111783K, committed 112036K, reserved 1146880K
  class space    used 13596K, capacity 14604K, committed 14668K, reserved 1048576K
}
Event: 105.993 GC heap before
{Heap before GC invocations=33 (full 0):
 garbage-first heap   total 260096K, used 223828K [0x0000000080000000, 0x0000000100000000)
  region size 1024K, 38 young (38912K), 4 survivors (4096K)
 Metaspace       used 110086K, capacity 113114K, committed 113188K, reserved 1148928K
  class space    used 13733K, capacity 14781K, committed 14796K, reserved 1048576K
}
Event: 106.008 GC heap after
{Heap after GC invocations=34 (full 0):
 garbage-first heap   total 260096K, used 192664K [0x0000000080000000, 0x0000000100000000)
  region size 1024K, 5 young (5120K), 5 survivors (5120K)
 Metaspace       used 110086K, capacity 113114K, committed 113188K, reserved 1148928K
  class space    used 13733K, capacity 14781K, committed 14796K, reserved 1048576K
}
Event: 106.456 GC heap before
{Heap before GC invocations=35 (full 0):
 garbage-first heap   total 260096K, used 224408K [0x0000000080000000, 0x0000000100000000)
  region size 1024K, 36 young (36864K), 5 survivors (5120K)
 Metaspace       used 110694K, capacity 113687K, committed 113828K, reserved 1148928K
  class space    used 13791K, capacity 14818K, committed 14924K, reserved 1048576K
}
Event: 106.467 GC heap after
{Heap after GC invocations=36 (full 0):
 garbage-first heap   total 260096K, used 196824K [0x0000000080000000, 0x0000000100000000)
  region size 1024K, 4 young (4096K), 4 survivors (4096K)
 Metaspace       used 110694K, capacity 113687K, committed 113828K, reserved 1148928K
  class space    used 13791K, capacity 14818K, committed 14924K, reserved 1048576K
}
Event: 106.576 GC heap before
{Heap before GC invocations=36 (full 0):
 garbage-first heap   total 260096K, used 224472K [0x0000000080000000, 0x0000000100000000)
  region size 1024K, 31 young (31744K), 4 survivors (4096K)
 Metaspace       used 110751K, capacity 113795K, committed 114084K, reserved 1148928K
  class space    used 13794K, capacity 14852K, committed 14924K, reserved 1048576K
}
Event: 106.585 GC heap after
{Heap after GC invocations=37 (full 0):
 garbage-first heap   total 260096K, used 200918K [0x0000000080000000, 0x0000000100000000)
  region size 1024K, 4 young (4096K), 4 survivors (4096K)
 Metaspace       used 110751K, capacity 113795K, committed 114084K, reserved 1148928K
  class space    used 13794K, capacity 14852K, committed 14924K, reserved 1048576K
}

