# JRE version: OpenJDK Runtime Environment (11.0.15) (build 11.0.15+0-b2043.56-9505619)
# Java VM: OpenJDK 64-Bit Server VM (11.0.15+0-b2043.56-9505619, mixed mode, tiered, compressed oops, g1 gc, windows-amd64)
Heap:
 garbage-first heap   total 260096K, used 214162K [0x0000000080000000, 0x0000000100000000)
  region size 1024K, 29 young (29696K), 5 survivors (5120K)
 Metaspace       used 106325K, capacity 109462K, committed 109672K, reserved 1144832K
  class space    used 13270K, capacity 14301K, committed 14360K, reserved 1048576K
GC Heap History (20 events):
Event: 11.377 GC heap before
{Heap before GC invocations=17 (full 0):
 garbage-first heap   total 260096K, used 225901K [0x0000000080000000, 0x0000000100000000)
  region size 1024K, 81 young (82944K), 9 survivors (9216K)
 Metaspace       used 81081K, capacity 83348K, committed 83560K, reserved 1122304K
  class space    used 10441K, capacity 11241K, committed 11288K, reserved 1048576K
}
Event: 11.388 GC heap after
{Heap after GC invocations=18 (full 0):
 garbage-first heap   total 260096K, used 160383K [0x0000000080000000, 0x0000000100000000)
  region size 1024K, 11 young (11264K), 11 survivors (11264K)
 Metaspace       used 81081K, capacity 83348K, committed 83560K, reserved 1122304K
  class space    used 10441K, capacity 11241K, committed 11288K, reserved 1048576K
}
Event: 11.851 GC heap before
{Heap before GC invocations=18 (full 0):
 garbage-first heap   total 260096K, used 216703K [0x0000000080000000, 0x0000000100000000)
  region size 1024K, 66 young (67584K), 11 survivors (11264K)
 Metaspace       used 83487K, capacity 85893K, committed 85992K, reserved 1124352K
  class space    used 10756K, capacity 11636K, committed 11672K, reserved 1048576K
}
Event: 11.860 GC heap after
{Heap after GC invocations=19 (full 0):
 garbage-first heap   total 260096K, used 163984K [0x0000000080000000, 0x0000000100000000)
  region size 1024K, 3 young (3072K), 3 survivors (3072K)
 Metaspace       used 83487K, capacity 85893K, committed 85992K, reserved 1124352K
  class space    used 10756K, capacity 11636K, committed 11672K, reserved 1048576K
}
Event: 12.317 GC heap before
{Heap before GC invocations=20 (full 0):
 garbage-first heap   total 260096K, used 219280K [0x0000000080000000, 0x0000000100000000)
  region size 1024K, 57 young (58368K), 3 survivors (3072K)
 Metaspace       used 87232K, capacity 89684K, committed 89960K, reserved 1128448K
  class space    used 11148K, capacity 12000K, committed 12056K, reserved 1048576K
}
Event: 12.321 GC heap after
{Heap after GC invocations=21 (full 0):
 garbage-first heap   total 260096K, used 164077K [0x0000000080000000, 0x0000000100000000)
  region size 1024K, 3 young (3072K), 3 survivors (3072K)
 Metaspace       used 87232K, capacity 89684K, committed 89960K, reserved 1128448K
  class space    used 11148K, capacity 12000K, committed 12056K, reserved 1048576K
}
Event: 13.008 GC heap before
{Heap before GC invocations=21 (full 0):
 garbage-first heap   total 260096K, used 220397K [0x0000000080000000, 0x0000000100000000)
  region size 1024K, 58 young (59392K), 3 survivors (3072K)
 Metaspace       used 93016K, capacity 95615K, committed 95976K, reserved 1132544K
  class space    used 11935K, capacity 12822K, committed 12952K, reserved 1048576K
}
Event: 13.016 GC heap after
{Heap after GC invocations=22 (full 0):
 garbage-first heap   total 260096K, used 167029K [0x0000000080000000, 0x0000000100000000)
  region size 1024K, 6 young (6144K), 6 survivors (6144K)
 Metaspace       used 93016K, capacity 95615K, committed 95976K, reserved 1132544K
  class space    used 11935K, capacity 12822K, committed 12952K, reserved 1048576K
}
Event: 14.015 GC heap before
{Heap before GC invocations=23 (full 0):
 garbage-first heap   total 260096K, used 220277K [0x0000000080000000, 0x0000000100000000)
  region size 1024K, 59 young (60416K), 6 survivors (6144K)
 Metaspace       used 96922K, capacity 99569K, committed 99688K, reserved 1136640K
  class space    used 12397K, capacity 13319K, committed 13336K, reserved 1048576K
}
Event: 14.033 GC heap after
{Heap after GC invocations=24 (full 0):
 garbage-first heap   total 260096K, used 172688K [0x0000000080000000, 0x0000000100000000)
  region size 1024K, 8 young (8192K), 8 survivors (8192K)
 Metaspace       used 96922K, capacity 99569K, committed 99688K, reserved 1136640K
  class space    used 12397K, capacity 13319K, committed 13336K, reserved 1048576K
}
Event: 14.652 GC heap before
{Heap before GC invocations=24 (full 0):
 garbage-first heap   total 260096K, used 220816K [0x0000000080000000, 0x0000000100000000)
  region size 1024K, 56 young (57344K), 8 survivors (8192K)
 Metaspace       used 97648K, capacity 100306K, committed 100584K, reserved 1136640K
  class space    used 12435K, capacity 13353K, committed 13464K, reserved 1048576K
}
Event: 14.665 GC heap after
{Heap after GC invocations=25 (full 0):
 garbage-first heap   total 260096K, used 177520K [0x0000000080000000, 0x0000000100000000)
  region size 1024K, 6 young (6144K), 6 survivors (6144K)
 Metaspace       used 97648K, capacity 100306K, committed 100584K, reserved 1136640K
  class space    used 12435K, capacity 13353K, committed 13464K, reserved 1048576K
}
Event: 15.401 GC heap before
{Heap before GC invocations=26 (full 0):
 garbage-first heap   total 260096K, used 220528K [0x0000000080000000, 0x0000000100000000)
  region size 1024K, 49 young (50176K), 6 survivors (6144K)
 Metaspace       used 98800K, capacity 101499K, committed 101736K, reserved 1138688K
  class space    used 12534K, capacity 13456K, committed 13592K, reserved 1048576K
}
Event: 15.410 GC heap after
{Heap after GC invocations=27 (full 0):
 garbage-first heap   total 260096K, used 180084K [0x0000000080000000, 0x0000000100000000)
  region size 1024K, 4 young (4096K), 4 survivors (4096K)
 Metaspace       used 98800K, capacity 101499K, committed 101736K, reserved 1138688K
  class space    used 12534K, capacity 13456K, committed 13592K, reserved 1048576K
}
Event: 25.073 GC heap before
{Heap before GC invocations=27 (full 0):
 garbage-first heap   total 260096K, used 221044K [0x0000000080000000, 0x0000000100000000)
  region size 1024K, 45 young (46080K), 4 survivors (4096K)
 Metaspace       used 103437K, capacity 106467K, committed 106728K, reserved 1142784K
  class space    used 12926K, capacity 13934K, committed 13976K, reserved 1048576K
}
Event: 25.085 GC heap after
{Heap after GC invocations=28 (full 0):
 garbage-first heap   total 260096K, used 182383K [0x0000000080000000, 0x0000000100000000)
  region size 1024K, 6 young (6144K), 6 survivors (6144K)
 Metaspace       used 103437K, capacity 106467K, committed 106728K, reserved 1142784K
  class space    used 12926K, capacity 13934K, committed 13976K, reserved 1048576K
}
Event: 25.868 GC heap before
{Heap before GC invocations=29 (full 0):
 garbage-first heap   total 260096K, used 223343K [0x0000000080000000, 0x0000000100000000)
  region size 1024K, 46 young (47104K), 6 survivors (6144K)
 Metaspace       used 105116K, capacity 108201K, committed 108520K, reserved 1144832K
  class space    used 13095K, capacity 14111K, committed 14232K, reserved 1048576K
}
Event: 25.879 GC heap after
{Heap after GC invocations=30 (full 0):
 garbage-first heap   total 260096K, used 186489K [0x0000000080000000, 0x0000000100000000)
  region size 1024K, 6 young (6144K), 6 survivors (6144K)
 Metaspace       used 105116K, capacity 108201K, committed 108520K, reserved 1144832K
  class space    used 13095K, capacity 14111K, committed 14232K, reserved 1048576K
}
Event: 26.068 GC heap before
{Heap before GC invocations=30 (full 0):
 garbage-first heap   total 260096K, used 222329K [0x0000000080000000, 0x0000000100000000)
  region size 1024K, 41 young (41984K), 6 survivors (6144K)
 Metaspace       used 105399K, capacity 108460K, committed 108776K, reserved 1144832K
  class space    used 13124K, capacity 14150K, committed 14232K, reserved 1048576K
}
Event: 26.093 GC heap after
{Heap after GC invocations=31 (full 0):
 garbage-first heap   total 260096K, used 191634K [0x0000000080000000, 0x0000000100000000)
  region size 1024K, 5 young (5120K), 5 survivors (5120K)
 Metaspace       used 105399K, capacity 108460K, committed 108776K, reserved 1144832K
  class space    used 13124K, capacity 14150K, committed 14232K, reserved 1048576K
}

