# JRE version: OpenJDK Runtime Environment (11.0.15) (build 11.0.15+0-b2043.56-9505619)
# Java VM: OpenJDK 64-Bit Server VM (11.0.15+0-b2043.56-9505619, mixed mode, tiered, compressed oops, g1 gc, windows-amd64)
Heap:
 garbage-first heap   total 344064K, used 85150K [0x0000000080000000, 0x0000000100000000)
  region size 1024K, 34 young (34816K), 26 survivors (26624K)
 Metaspace       used 85917K, capacity 88175K, committed 88392K, reserved 1126400K
  class space    used 11127K, capacity 11889K, committed 11928K, reserved 1048576K
GC Heap History (20 events):
Event: 0.557 GC heap before
{Heap before GC invocations=0 (full 0):
 garbage-first heap   total 260096K, used 16384K [0x0000000080000000, 0x0000000100000000)
  region size 1024K, 14 young (14336K), 0 survivors (0K)
 Metaspace       used 6748K, capacity 6929K, committed 7168K, reserved 1056768K
  class space    used 571K, capacity 650K, committed 768K, reserved 1048576K
}
Event: 0.584 GC heap after
{Heap after GC invocations=1 (full 0):
 garbage-first heap   total 260096K, used 4394K [0x0000000080000000, 0x0000000100000000)
  region size 1024K, 2 young (2048K), 2 survivors (2048K)
 Metaspace       used 6748K, capacity 6929K, committed 7168K, reserved 1056768K
  class space    used 571K, capacity 650K, committed 768K, reserved 1048576K
}
Event: 2.041 GC heap before
{Heap before GC invocations=1 (full 0):
 garbage-first heap   total 260096K, used 97578K [0x0000000080000000, 0x0000000100000000)
  region size 1024K, 89 young (91136K), 2 survivors (2048K)
 Metaspace       used 18985K, capacity 19419K, committed 19584K, reserved 1067008K
  class space    used 2230K, capacity 2351K, committed 2432K, reserved 1048576K
}
Event: 2.048 GC heap after
{Heap after GC invocations=2 (full 0):
 garbage-first heap   total 260096K, used 16702K [0x0000000080000000, 0x0000000100000000)
  region size 1024K, 12 young (12288K), 12 survivors (12288K)
 Metaspace       used 18985K, capacity 19419K, committed 19584K, reserved 1067008K
  class space    used 2230K, capacity 2351K, committed 2432K, reserved 1048576K
}
Event: 2.160 GC heap before
{Heap before GC invocations=2 (full 0):
 garbage-first heap   total 260096K, used 35134K [0x0000000080000000, 0x0000000100000000)
  region size 1024K, 31 young (31744K), 12 survivors (12288K)
 Metaspace       used 20780K, capacity 21150K, committed 21296K, reserved 1069056K
  class space    used 2496K, capacity 2650K, committed 2688K, reserved 1048576K
}
Event: 2.166 GC heap after
{Heap after GC invocations=3 (full 0):
 garbage-first heap   total 260096K, used 16805K [0x0000000080000000, 0x0000000100000000)
  region size 1024K, 1 young (1024K), 1 survivors (1024K)
 Metaspace       used 20780K, capacity 21150K, committed 21296K, reserved 1069056K
  class space    used 2496K, capacity 2650K, committed 2688K, reserved 1048576K
}
Event: 3.016 GC heap before
{Heap before GC invocations=4 (full 0):
 garbage-first heap   total 260096K, used 112037K [0x0000000080000000, 0x0000000100000000)
  region size 1024K, 94 young (96256K), 1 survivors (1024K)
 Metaspace       used 30053K, capacity 30719K, committed 30896K, reserved 1075200K
  class space    used 4001K, capacity 4280K, committed 4352K, reserved 1048576K
}
Event: 3.021 GC heap after
{Heap after GC invocations=5 (full 0):
 garbage-first heap   total 260096K, used 19783K [0x0000000080000000, 0x0000000100000000)
  region size 1024K, 4 young (4096K), 4 survivors (4096K)
 Metaspace       used 30053K, capacity 30719K, committed 30896K, reserved 1075200K
  class space    used 4001K, capacity 4280K, committed 4352K, reserved 1048576K
}
Event: 3.420 GC heap before
{Heap before GC invocations=5 (full 0):
 garbage-first heap   total 260096K, used 46407K [0x0000000080000000, 0x0000000100000000)
  region size 1024K, 31 young (31744K), 4 survivors (4096K)
 Metaspace       used 34904K, capacity 35731K, committed 35888K, reserved 1081344K
  class space    used 4554K, capacity 4887K, committed 4992K, reserved 1048576K
}
Event: 3.429 GC heap after
{Heap after GC invocations=6 (full 0):
 garbage-first heap   total 260096K, used 22049K [0x0000000080000000, 0x0000000100000000)
  region size 1024K, 6 young (6144K), 6 survivors (6144K)
 Metaspace       used 34904K, capacity 35731K, committed 35888K, reserved 1081344K
  class space    used 4554K, capacity 4887K, committed 4992K, reserved 1048576K
}
Event: 4.294 GC heap before
{Heap before GC invocations=7 (full 0):
 garbage-first heap   total 260096K, used 123425K [0x0000000080000000, 0x0000000100000000)
  region size 1024K, 102 young (104448K), 6 survivors (6144K)
 Metaspace       used 43239K, capacity 44395K, committed 44592K, reserved 1087488K
  class space    used 5545K, capacity 5930K, committed 6016K, reserved 1048576K
}
Event: 4.309 GC heap after
{Heap after GC invocations=8 (full 0):
 garbage-first heap   total 260096K, used 30168K [0x0000000080000000, 0x0000000100000000)
  region size 1024K, 13 young (13312K), 13 survivors (13312K)
 Metaspace       used 43239K, capacity 44395K, committed 44592K, reserved 1087488K
  class space    used 5545K, capacity 5930K, committed 6016K, reserved 1048576K
}
Event: 5.401 GC heap before
{Heap before GC invocations=9 (full 0):
 garbage-first heap   total 260096K, used 143832K [0x0000000080000000, 0x0000000100000000)
  region size 1024K, 119 young (121856K), 13 survivors (13312K)
 Metaspace       used 50300K, capacity 51732K, committed 51888K, reserved 1093632K
  class space    used 6386K, capacity 6912K, committed 6912K, reserved 1048576K
}
Event: 5.423 GC heap after
{Heap after GC invocations=10 (full 0):
 garbage-first heap   total 260096K, used 43549K [0x0000000080000000, 0x0000000100000000)
  region size 1024K, 15 young (15360K), 15 survivors (15360K)
 Metaspace       used 50300K, capacity 51732K, committed 51888K, reserved 1093632K
  class space    used 6386K, capacity 6912K, committed 6912K, reserved 1048576K
}
Event: 6.748 GC heap before
{Heap before GC invocations=10 (full 0):
 garbage-first heap   total 260096K, used 170525K [0x0000000080000000, 0x0000000100000000)
  region size 1024K, 132 young (135168K), 15 survivors (15360K)
 Metaspace       used 64876K, capacity 66543K, committed 66864K, reserved 1107968K
  class space    used 8162K, capacity 8764K, committed 8832K, reserved 1048576K
}
Event: 6.767 GC heap after
{Heap after GC invocations=11 (full 0):
 garbage-first heap   total 260096K, used 53242K [0x0000000080000000, 0x0000000100000000)
  region size 1024K, 9 young (9216K), 9 survivors (9216K)
 Metaspace       used 64876K, capacity 66543K, committed 66864K, reserved 1107968K
  class space    used 8162K, capacity 8764K, committed 8832K, reserved 1048576K
}
Event: 7.820 GC heap before
{Heap before GC invocations=11 (full 0):
 garbage-first heap   total 260096K, used 175098K [0x0000000080000000, 0x0000000100000000)
  region size 1024K, 128 young (131072K), 9 survivors (9216K)
 Metaspace       used 72885K, capacity 74648K, committed 74748K, reserved 1114112K
  class space    used 9386K, capacity 10016K, committed 10060K, reserved 1048576K
}
Event: 7.839 GC heap after
{Heap after GC invocations=12 (full 0):
 garbage-first heap   total 344064K, used 59898K [0x0000000080000000, 0x0000000100000000)
  region size 1024K, 15 young (15360K), 15 survivors (15360K)
 Metaspace       used 72885K, capacity 74648K, committed 74748K, reserved 1114112K
  class space    used 9386K, capacity 10016K, committed 10060K, reserved 1048576K
}
Event: 9.678 GC heap before
{Heap before GC invocations=13 (full 0):
 garbage-first heap   total 344064K, used 249338K [0x0000000080000000, 0x0000000100000000)
  region size 1024K, 201 young (205824K), 15 survivors (15360K)
 Metaspace       used 85386K, capacity 87532K, committed 87752K, reserved 1126400K
  class space    used 11040K, capacity 11792K, committed 11800K, reserved 1048576K
}
Event: 9.717 GC heap after
{Heap after GC invocations=14 (full 0):
 garbage-first heap   total 344064K, used 77982K [0x0000000080000000, 0x0000000100000000)
  region size 1024K, 26 young (26624K), 26 survivors (26624K)
 Metaspace       used 85386K, capacity 87532K, committed 87752K, reserved 1126400K
  class space    used 11040K, capacity 11792K, committed 11800K, reserved 1048576K
}

