# JRE version: OpenJDK Runtime Environment (11.0.15) (build 11.0.15+0-b2043.56-9505619)
# Java VM: OpenJDK 64-Bit Server VM (11.0.15+0-b2043.56-9505619, mixed mode, tiered, compressed oops, g1 gc, windows-amd64)
Heap:
 garbage-first heap   total 260096K, used 164058K [0x0000000080000000, 0x0000000100000000)
  region size 1024K, 107 young (109568K), 9 survivors (9216K)
 Metaspace       used 85796K, capacity 88076K, committed 88176K, reserved 1126400K
  class space    used 11096K, capacity 11883K, committed 11904K, reserved 1048576K
GC Heap History (20 events):
Event: 2.734 GC heap before
{Heap before GC invocations=1 (full 0):
 garbage-first heap   total 260096K, used 115567K [0x0000000080000000, 0x0000000100000000)
  region size 1024K, 108 young (110592K), 2 survivors (2048K)
 Metaspace       used 20875K, capacity 21213K, committed 21296K, reserved 1069056K
  class space    used 2511K, capacity 2651K, committed 2688K, reserved 1048576K
}
Event: 2.743 GC heap after
{Heap after GC invocations=2 (full 0):
 garbage-first heap   total 260096K, used 16997K [0x0000000080000000, 0x0000000100000000)
  region size 1024K, 12 young (12288K), 12 survivors (12288K)
 Metaspace       used 20875K, capacity 21213K, committed 21296K, reserved 1069056K
  class space    used 2511K, capacity 2651K, committed 2688K, reserved 1048576K
}
Event: 3.062 GC heap before
{Heap before GC invocations=3 (full 0):
 garbage-first heap   total 260096K, used 38501K [0x0000000080000000, 0x0000000100000000)
  region size 1024K, 34 young (34816K), 12 survivors (12288K)
 Metaspace       used 22902K, capacity 23456K, committed 23728K, reserved 1071104K
  class space    used 2868K, capacity 3065K, committed 3072K, reserved 1048576K
}
Event: 3.070 GC heap after
{Heap after GC invocations=4 (full 0):
 garbage-first heap   total 260096K, used 17937K [0x0000000080000000, 0x0000000100000000)
  region size 1024K, 2 young (2048K), 2 survivors (2048K)
 Metaspace       used 22902K, capacity 23456K, committed 23728K, reserved 1071104K
  class space    used 2868K, capacity 3065K, committed 3072K, reserved 1048576K
}
Event: 4.264 GC heap before
{Heap before GC invocations=4 (full 0):
 garbage-first heap   total 260096K, used 78353K [0x0000000080000000, 0x0000000100000000)
  region size 1024K, 61 young (62464K), 2 survivors (2048K)
 Metaspace       used 29135K, capacity 29784K, committed 30000K, reserved 1075200K
  class space    used 3841K, capacity 4099K, committed 4224K, reserved 1048576K
}
Event: 4.269 GC heap after
{Heap after GC invocations=5 (full 0):
 garbage-first heap   total 260096K, used 19713K [0x0000000080000000, 0x0000000100000000)
  region size 1024K, 3 young (3072K), 3 survivors (3072K)
 Metaspace       used 29135K, capacity 29784K, committed 30000K, reserved 1075200K
  class space    used 3841K, capacity 4099K, committed 4224K, reserved 1048576K
}
Event: 4.998 GC heap before
{Heap before GC invocations=5 (full 0):
 garbage-first heap   total 260096K, used 56577K [0x0000000080000000, 0x0000000100000000)
  region size 1024K, 40 young (40960K), 3 survivors (3072K)
 Metaspace       used 34912K, capacity 35728K, committed 35888K, reserved 1081344K
  class space    used 4550K, capacity 4887K, committed 4992K, reserved 1048576K
}
Event: 5.007 GC heap after
{Heap after GC invocations=6 (full 0):
 garbage-first heap   total 260096K, used 22306K [0x0000000080000000, 0x0000000100000000)
  region size 1024K, 6 young (6144K), 6 survivors (6144K)
 Metaspace       used 34912K, capacity 35728K, committed 35888K, reserved 1081344K
  class space    used 4550K, capacity 4887K, committed 4992K, reserved 1048576K
}
Event: 6.043 GC heap before
{Heap before GC invocations=7 (full 0):
 garbage-first heap   total 260096K, used 100130K [0x0000000080000000, 0x0000000100000000)
  region size 1024K, 80 young (81920K), 6 survivors (6144K)
 Metaspace       used 41287K, capacity 42344K, committed 42600K, reserved 1087488K
  class space    used 5220K, capacity 5574K, committed 5632K, reserved 1048576K
}
Event: 6.062 GC heap after
{Heap after GC invocations=8 (full 0):
 garbage-first heap   total 260096K, used 28527K [0x0000000080000000, 0x0000000100000000)
  region size 1024K, 10 young (10240K), 10 survivors (10240K)
 Metaspace       used 41287K, capacity 42344K, committed 42600K, reserved 1087488K
  class space    used 5220K, capacity 5574K, committed 5632K, reserved 1048576K
}
Event: 8.167 GC heap before
{Heap before GC invocations=9 (full 0):
 garbage-first heap   total 260096K, used 122735K [0x0000000080000000, 0x0000000100000000)
  region size 1024K, 102 young (104448K), 10 survivors (10240K)
 Metaspace       used 49081K, capacity 50421K, committed 50664K, reserved 1093632K
  class space    used 6234K, capacity 6702K, committed 6784K, reserved 1048576K
}
Event: 8.180 GC heap after
{Heap after GC invocations=10 (full 0):
 garbage-first heap   total 260096K, used 32463K [0x0000000080000000, 0x0000000100000000)
  region size 1024K, 10 young (10240K), 10 survivors (10240K)
 Metaspace       used 49081K, capacity 50421K, committed 50664K, reserved 1093632K
  class space    used 6234K, capacity 6702K, committed 6784K, reserved 1048576K
}
Event: 9.879 GC heap before
{Heap before GC invocations=10 (full 0):
 garbage-first heap   total 260096K, used 150223K [0x0000000080000000, 0x0000000100000000)
  region size 1024K, 121 young (123904K), 10 survivors (10240K)
 Metaspace       used 61160K, capacity 62747K, committed 62952K, reserved 1103872K
  class space    used 7700K, capacity 8298K, committed 8320K, reserved 1048576K
}
Event: 9.895 GC heap after
{Heap after GC invocations=11 (full 0):
 garbage-first heap   total 260096K, used 47547K [0x0000000080000000, 0x0000000100000000)
  region size 1024K, 15 young (15360K), 15 survivors (15360K)
 Metaspace       used 61160K, capacity 62747K, committed 62952K, reserved 1103872K
  class space    used 7700K, capacity 8298K, committed 8320K, reserved 1048576K
}
Event: 10.941 GC heap before
{Heap before GC invocations=11 (full 0):
 garbage-first heap   total 260096K, used 172475K [0x0000000080000000, 0x0000000100000000)
  region size 1024K, 130 young (133120K), 15 survivors (15360K)
 Metaspace       used 67659K, capacity 69355K, committed 69480K, reserved 1110016K
  class space    used 8511K, capacity 9134K, committed 9216K, reserved 1048576K
}
Event: 10.957 GC heap after
{Heap after GC invocations=12 (full 0):
 garbage-first heap   total 260096K, used 57856K [0x0000000080000000, 0x0000000100000000)
  region size 1024K, 11 young (11264K), 11 survivors (11264K)
 Metaspace       used 67659K, capacity 69355K, committed 69480K, reserved 1110016K
  class space    used 8511K, capacity 9134K, committed 9216K, reserved 1048576K
}
Event: 11.079 GC heap before
{Heap before GC invocations=12 (full 0):
 garbage-first heap   total 260096K, used 69120K [0x0000000080000000, 0x0000000100000000)
  region size 1024K, 23 young (23552K), 11 survivors (11264K)
 Metaspace       used 69077K, capacity 70828K, committed 70888K, reserved 1112064K
  class space    used 8689K, capacity 9326K, committed 9344K, reserved 1048576K
}
Event: 11.092 GC heap after
{Heap after GC invocations=13 (full 0):
 garbage-first heap   total 260096K, used 59290K [0x0000000080000000, 0x0000000100000000)
  region size 1024K, 2 young (2048K), 2 survivors (2048K)
 Metaspace       used 69077K, capacity 70828K, committed 70888K, reserved 1112064K
  class space    used 8689K, capacity 9326K, committed 9344K, reserved 1048576K
}
Event: 12.795 GC heap before
{Heap before GC invocations=14 (full 0):
 garbage-first heap   total 260096K, used 185242K [0x0000000080000000, 0x0000000100000000)
  region size 1024K, 125 young (128000K), 2 survivors (2048K)
 Metaspace       used 81480K, capacity 83462K, committed 83696K, reserved 1122304K
  class space    used 10547K, capacity 11252K, committed 11264K, reserved 1048576K
}
Event: 12.811 GC heap after
{Heap after GC invocations=15 (full 0):
 garbage-first heap   total 260096K, used 65754K [0x0000000080000000, 0x0000000100000000)
  region size 1024K, 9 young (9216K), 9 survivors (9216K)
 Metaspace       used 81480K, capacity 83462K, committed 83696K, reserved 1122304K
  class space    used 10547K, capacity 11252K, committed 11264K, reserved 1048576K
}

