# JRE version: OpenJDK Runtime Environment (11.0.15) (build 11.0.15+0-b2043.56-9505619)
# Java VM: OpenJDK 64-Bit Server VM (11.0.15+0-b2043.56-9505619, mixed mode, tiered, compressed oops, g1 gc, windows-amd64)
Heap:
 garbage-first heap   total 312320K, used 141648K [0x0000000080000000, 0x0000000100000000)
  region size 1024K, 88 young (90112K), 16 survivors (16384K)
 Metaspace       used 85844K, capacity 88158K, committed 88400K, reserved 1126400K
  class space    used 11133K, capacity 11931K, committed 12032K, reserved 1048576K
GC Heap History (18 events):
Event: 0.545 GC heap before
{Heap before GC invocations=0 (full 0):
 garbage-first heap   total 260096K, used 16384K [0x0000000080000000, 0x0000000100000000)
  region size 1024K, 14 young (14336K), 0 survivors (0K)
 Metaspace       used 6753K, capacity 6989K, committed 7168K, reserved 1056768K
  class space    used 571K, capacity 650K, committed 768K, reserved 1048576K
}
Event: 0.562 GC heap after
{Heap after GC invocations=1 (full 0):
 garbage-first heap   total 260096K, used 3889K [0x0000000080000000, 0x0000000100000000)
  region size 1024K, 2 young (2048K), 2 survivors (2048K)
 Metaspace       used 6753K, capacity 6989K, committed 7168K, reserved 1056768K
  class space    used 571K, capacity 650K, committed 768K, reserved 1048576K
}
Event: 2.040 GC heap before
{Heap before GC invocations=1 (full 0):
 garbage-first heap   total 260096K, used 115505K [0x0000000080000000, 0x0000000100000000)
  region size 1024K, 108 young (110592K), 2 survivors (2048K)
 Metaspace       used 20847K, capacity 21149K, committed 21296K, reserved 1069056K
  class space    used 2511K, capacity 2651K, committed 2688K, reserved 1048576K
}
Event: 2.047 GC heap after
{Heap after GC invocations=2 (full 0):
 garbage-first heap   total 260096K, used 16815K [0x0000000080000000, 0x0000000100000000)
  region size 1024K, 12 young (12288K), 12 survivors (12288K)
 Metaspace       used 20847K, capacity 21149K, committed 21296K, reserved 1069056K
  class space    used 2511K, capacity 2651K, committed 2688K, reserved 1048576K
}
Event: 2.455 GC heap before
{Heap before GC invocations=3 (full 0):
 garbage-first heap   total 260096K, used 65967K [0x0000000080000000, 0x0000000100000000)
  region size 1024K, 60 young (61440K), 12 survivors (12288K)
 Metaspace       used 26016K, capacity 26593K, committed 26800K, reserved 1073152K
  class space    used 3345K, capacity 3581K, committed 3584K, reserved 1048576K
}
Event: 2.464 GC heap after
{Heap after GC invocations=4 (full 0):
 garbage-first heap   total 260096K, used 18813K [0x0000000080000000, 0x0000000100000000)
  region size 1024K, 3 young (3072K), 3 survivors (3072K)
 Metaspace       used 26016K, capacity 26593K, committed 26800K, reserved 1073152K
  class space    used 3345K, capacity 3581K, committed 3584K, reserved 1048576K
}
Event: 3.267 GC heap before
{Heap before GC invocations=4 (full 0):
 garbage-first heap   total 260096K, used 91517K [0x0000000080000000, 0x0000000100000000)
  region size 1024K, 75 young (76800K), 3 survivors (3072K)
 Metaspace       used 34915K, capacity 35729K, committed 35888K, reserved 1081344K
  class space    used 4558K, capacity 4889K, committed 4992K, reserved 1048576K
}
Event: 3.277 GC heap after
{Heap after GC invocations=5 (full 0):
 garbage-first heap   total 260096K, used 22048K [0x0000000080000000, 0x0000000100000000)
  region size 1024K, 6 young (6144K), 6 survivors (6144K)
 Metaspace       used 34915K, capacity 35729K, committed 35888K, reserved 1081344K
  class space    used 4558K, capacity 4889K, committed 4992K, reserved 1048576K
}
Event: 4.243 GC heap before
{Heap before GC invocations=6 (full 0):
 garbage-first heap   total 260096K, used 121376K [0x0000000080000000, 0x0000000100000000)
  region size 1024K, 101 young (103424K), 6 survivors (6144K)
 Metaspace       used 43218K, capacity 44324K, committed 44520K, reserved 1087488K
  class space    used 5541K, capacity 5929K, committed 6016K, reserved 1048576K
}
Event: 4.257 GC heap after
{Heap after GC invocations=7 (full 0):
 garbage-first heap   total 260096K, used 29764K [0x0000000080000000, 0x0000000100000000)
  region size 1024K, 13 young (13312K), 13 survivors (13312K)
 Metaspace       used 43218K, capacity 44324K, committed 44520K, reserved 1087488K
  class space    used 5541K, capacity 5929K, committed 6016K, reserved 1048576K
}
Event: 5.342 GC heap before
{Heap before GC invocations=8 (full 0):
 garbage-first heap   total 260096K, used 147524K [0x0000000080000000, 0x0000000100000000)
  region size 1024K, 123 young (125952K), 13 survivors (13312K)
 Metaspace       used 50824K, capacity 52330K, committed 52456K, reserved 1095680K
  class space    used 6461K, capacity 7006K, committed 7040K, reserved 1048576K
}
Event: 5.363 GC heap after
{Heap after GC invocations=9 (full 0):
 garbage-first heap   total 260096K, used 42844K [0x0000000080000000, 0x0000000100000000)
  region size 1024K, 16 young (16384K), 16 survivors (16384K)
 Metaspace       used 50824K, capacity 52330K, committed 52456K, reserved 1095680K
  class space    used 6461K, capacity 7006K, committed 7040K, reserved 1048576K
}
Event: 6.983 GC heap before
{Heap before GC invocations=9 (full 0):
 garbage-first heap   total 260096K, used 189276K [0x0000000080000000, 0x0000000100000000)
  region size 1024K, 152 young (155648K), 16 survivors (16384K)
 Metaspace       used 66425K, capacity 68097K, committed 68200K, reserved 1107968K
  class space    used 8365K, capacity 8957K, committed 8960K, reserved 1048576K
}
Event: 7.002 GC heap after
{Heap after GC invocations=10 (full 0):
 garbage-first heap   total 260096K, used 54089K [0x0000000080000000, 0x0000000100000000)
  region size 1024K, 19 young (19456K), 19 survivors (19456K)
 Metaspace       used 66425K, capacity 68097K, committed 68200K, reserved 1107968K
  class space    used 8365K, capacity 8957K, committed 8960K, reserved 1048576K
}
Event: 7.786 GC heap before
{Heap before GC invocations=10 (full 0):
 garbage-first heap   total 260096K, used 147273K [0x0000000080000000, 0x0000000100000000)
  region size 1024K, 111 young (113664K), 19 survivors (19456K)
 Metaspace       used 72731K, capacity 74462K, committed 74600K, reserved 1114112K
  class space    used 9369K, capacity 9979K, committed 9984K, reserved 1048576K
}
Event: 7.810 GC heap after
{Heap after GC invocations=11 (full 0):
 garbage-first heap   total 260096K, used 59392K [0x0000000080000000, 0x0000000100000000)
  region size 1024K, 15 young (15360K), 15 survivors (15360K)
 Metaspace       used 72731K, capacity 74462K, committed 74600K, reserved 1114112K
  class space    used 9369K, capacity 9979K, committed 9984K, reserved 1048576K
}
Event: 9.170 GC heap before
{Heap before GC invocations=12 (full 0):
 garbage-first heap   total 260096K, used 185344K [0x0000000080000000, 0x0000000100000000)
  region size 1024K, 138 young (141312K), 15 survivors (15360K)
 Metaspace       used 82095K, capacity 84160K, committed 84432K, reserved 1122304K
  class space    used 10635K, capacity 11313K, committed 11392K, reserved 1048576K
}
Event: 9.197 GC heap after
{Heap after GC invocations=13 (full 0):
 garbage-first heap   total 312320K, used 69968K [0x0000000080000000, 0x0000000100000000)
  region size 1024K, 16 young (16384K), 16 survivors (16384K)
 Metaspace       used 82095K, capacity 84160K, committed 84432K, reserved 1122304K
  class space    used 10635K, capacity 11313K, committed 11392K, reserved 1048576K
}

