# JRE version: OpenJDK Runtime Environment (11.0.15) (build 11.0.15+0-b2043.56-9505619)
# Java VM: OpenJDK 64-Bit Server VM (11.0.15+0-b2043.56-9505619, mixed mode, tiered, compressed oops, g1 gc, windows-amd64)
Heap:
 garbage-first heap   total 312320K, used 98248K [0x0000000080000000, 0x0000000100000000)
  region size 1024K, 44 young (45056K), 20 survivors (20480K)
 Metaspace       used 85948K, capacity 88154K, committed 88400K, reserved 1126400K
  class space    used 11139K, capacity 11922K, committed 11980K, reserved 1048576K
GC Heap History (20 events):
Event: 0.705 GC heap before
{Heap before GC invocations=0 (full 0):
 garbage-first heap   total 260096K, used 16384K [0x0000000080000000, 0x0000000100000000)
  region size 1024K, 14 young (14336K), 0 survivors (0K)
 Metaspace       used 6754K, capacity 6937K, committed 7168K, reserved 1056768K
  class space    used 571K, capacity 650K, committed 768K, reserved 1048576K
}
Event: 0.719 GC heap after
{Heap after GC invocations=1 (full 0):
 garbage-first heap   total 260096K, used 4033K [0x0000000080000000, 0x0000000100000000)
  region size 1024K, 2 young (2048K), 2 survivors (2048K)
 Metaspace       used 6754K, capacity 6937K, committed 7168K, reserved 1056768K
  class space    used 571K, capacity 650K, committed 768K, reserved 1048576K
}
Event: 2.270 GC heap before
{Heap before GC invocations=1 (full 0):
 garbage-first heap   total 260096K, used 115649K [0x0000000080000000, 0x0000000100000000)
  region size 1024K, 108 young (110592K), 2 survivors (2048K)
 Metaspace       used 20815K, capacity 21201K, committed 21296K, reserved 1069056K
  class space    used 2524K, capacity 2687K, committed 2688K, reserved 1048576K
}
Event: 2.280 GC heap after
{Heap after GC invocations=2 (full 0):
 garbage-first heap   total 260096K, used 16878K [0x0000000080000000, 0x0000000100000000)
  region size 1024K, 12 young (12288K), 12 survivors (12288K)
 Metaspace       used 20815K, capacity 21201K, committed 21296K, reserved 1069056K
  class space    used 2524K, capacity 2687K, committed 2688K, reserved 1048576K
}
Event: 2.599 GC heap before
{Heap before GC invocations=3 (full 0):
 garbage-first heap   total 260096K, used 57838K [0x0000000080000000, 0x0000000100000000)
  region size 1024K, 53 young (54272K), 12 survivors (12288K)
 Metaspace       used 25013K, capacity 25531K, committed 25728K, reserved 1071104K
  class space    used 3216K, capacity 3414K, committed 3456K, reserved 1048576K
}
Event: 2.611 GC heap after
{Heap after GC invocations=4 (full 0):
 garbage-first heap   total 260096K, used 18602K [0x0000000080000000, 0x0000000100000000)
  region size 1024K, 2 young (2048K), 2 survivors (2048K)
 Metaspace       used 25013K, capacity 25531K, committed 25728K, reserved 1071104K
  class space    used 3216K, capacity 3414K, committed 3456K, reserved 1048576K
}
Event: 3.332 GC heap before
{Heap before GC invocations=4 (full 0):
 garbage-first heap   total 260096K, used 91306K [0x0000000080000000, 0x0000000100000000)
  region size 1024K, 73 young (74752K), 2 survivors (2048K)
 Metaspace       used 32966K, capacity 33754K, committed 34048K, reserved 1079296K
  class space    used 4435K, capacity 4760K, committed 4864K, reserved 1048576K
}
Event: 3.339 GC heap after
{Heap after GC invocations=5 (full 0):
 garbage-first heap   total 260096K, used 21244K [0x0000000080000000, 0x0000000100000000)
  region size 1024K, 5 young (5120K), 5 survivors (5120K)
 Metaspace       used 32966K, capacity 33754K, committed 34048K, reserved 1079296K
  class space    used 4435K, capacity 4760K, committed 4864K, reserved 1048576K
}
Event: 3.480 GC heap before
{Heap before GC invocations=5 (full 0):
 garbage-first heap   total 260096K, used 27388K [0x0000000080000000, 0x0000000100000000)
  region size 1024K, 12 young (12288K), 5 survivors (5120K)
 Metaspace       used 34932K, capacity 35805K, committed 35968K, reserved 1081344K
  class space    used 4559K, capacity 4889K, committed 4992K, reserved 1048576K
}
Event: 3.489 GC heap after
{Heap after GC invocations=6 (full 0):
 garbage-first heap   total 260096K, used 22178K [0x0000000080000000, 0x0000000100000000)
  region size 1024K, 6 young (6144K), 6 survivors (6144K)
 Metaspace       used 34932K, capacity 35805K, committed 35968K, reserved 1081344K
  class space    used 4559K, capacity 4889K, committed 4992K, reserved 1048576K
}
Event: 4.746 GC heap before
{Heap before GC invocations=7 (full 0):
 garbage-first heap   total 260096K, used 130722K [0x0000000080000000, 0x0000000100000000)
  region size 1024K, 110 young (112640K), 6 survivors (6144K)
 Metaspace       used 44124K, capacity 45329K, committed 45468K, reserved 1089536K
  class space    used 5650K, capacity 6068K, committed 6144K, reserved 1048576K
}
Event: 4.762 GC heap after
{Heap after GC invocations=8 (full 0):
 garbage-first heap   total 260096K, used 29934K [0x0000000080000000, 0x0000000100000000)
  region size 1024K, 13 young (13312K), 13 survivors (13312K)
 Metaspace       used 44124K, capacity 45329K, committed 45468K, reserved 1089536K
  class space    used 5650K, capacity 6068K, committed 6144K, reserved 1048576K
}
Event: 6.093 GC heap before
{Heap before GC invocations=9 (full 0):
 garbage-first heap   total 260096K, used 159982K [0x0000000080000000, 0x0000000100000000)
  region size 1024K, 135 young (138240K), 13 survivors (13312K)
 Metaspace       used 53248K, capacity 54770K, committed 54940K, reserved 1097728K
  class space    used 6759K, capacity 7299K, committed 7424K, reserved 1048576K
}
Event: 6.113 GC heap after
{Heap after GC invocations=10 (full 0):
 garbage-first heap   total 260096K, used 43747K [0x0000000080000000, 0x0000000100000000)
  region size 1024K, 17 young (17408K), 17 survivors (17408K)
 Metaspace       used 53248K, capacity 54770K, committed 54940K, reserved 1097728K
  class space    used 6759K, capacity 7299K, committed 7424K, reserved 1048576K
}
Event: 7.512 GC heap before
{Heap before GC invocations=10 (full 0):
 garbage-first heap   total 260096K, used 184035K [0x0000000080000000, 0x0000000100000000)
  region size 1024K, 147 young (150528K), 17 survivors (17408K)
 Metaspace       used 67278K, capacity 68907K, committed 69148K, reserved 1110016K
  class space    used 8486K, capacity 9068K, committed 9088K, reserved 1048576K
}
Event: 7.530 GC heap after
{Heap after GC invocations=11 (full 0):
 garbage-first heap   total 260096K, used 54538K [0x0000000080000000, 0x0000000100000000)
  region size 1024K, 10 young (10240K), 10 survivors (10240K)
 Metaspace       used 67278K, capacity 68907K, committed 69148K, reserved 1110016K
  class space    used 8486K, capacity 9068K, committed 9088K, reserved 1048576K
}
Event: 8.609 GC heap before
{Heap before GC invocations=11 (full 0):
 garbage-first heap   total 260096K, used 164106K [0x0000000080000000, 0x0000000100000000)
  region size 1024K, 118 young (120832K), 10 survivors (10240K)
 Metaspace       used 75175K, capacity 76979K, committed 77060K, reserved 1116160K
  class space    used 9708K, capacity 10350K, committed 10368K, reserved 1048576K
}
Event: 8.631 GC heap after
{Heap after GC invocations=12 (full 0):
 garbage-first heap   total 312320K, used 61192K [0x0000000080000000, 0x0000000100000000)
  region size 1024K, 16 young (16384K), 16 survivors (16384K)
 Metaspace       used 75175K, capacity 76979K, committed 77060K, reserved 1116160K
  class space    used 9708K, capacity 10350K, committed 10368K, reserved 1048576K
}
Event: 10.044 GC heap before
{Heap before GC invocations=13 (full 0):
 garbage-first heap   total 312320K, used 206600K [0x0000000080000000, 0x0000000100000000)
  region size 1024K, 159 young (162816K), 16 survivors (16384K)
 Metaspace       used 83155K, capacity 85202K, committed 85328K, reserved 1124352K
  class space    used 10728K, capacity 11457K, committed 11468K, reserved 1048576K
}
Event: 10.072 GC heap after
{Heap after GC invocations=14 (full 0):
 garbage-first heap   total 312320K, used 75720K [0x0000000080000000, 0x0000000100000000)
  region size 1024K, 20 young (20480K), 20 survivors (20480K)
 Metaspace       used 83155K, capacity 85202K, committed 85328K, reserved 1124352K
  class space    used 10728K, capacity 11457K, committed 11468K, reserved 1048576K
}

