# JRE version: OpenJDK Runtime Environment (11.0.15) (build 11.0.15+0-b2043.56-9505619)
# Java VM: OpenJDK 64-Bit Server VM (11.0.15+0-b2043.56-9505619, mixed mode, tiered, compressed oops, g1 gc, windows-amd64)
Heap:
 garbage-first heap   total 312320K, used 136882K [0x0000000080000000, 0x0000000100000000)
  region size 1024K, 81 young (82944K), 16 survivors (16384K)
 Metaspace       used 89685K, capacity 92007K, committed 92284K, reserved 1128448K
  class space    used 11569K, capacity 12375K, committed 12492K, reserved 1048576K
GC Heap History (20 events):
Event: 1.256 GC heap before
{Heap before GC invocations=2 (full 0):
 garbage-first heap   total 260096K, used 39533K [0x0000000080000000, 0x0000000100000000)
  region size 1024K, 32 young (32768K), 4 survivors (4096K)
 Metaspace       used 11308K, capacity 11513K, committed 11648K, reserved 1058816K
  class space    used 1207K, capacity 1311K, committed 1408K, reserved 1048576K
}
Event: 1.260 GC heap after
{Heap after GC invocations=3 (full 0):
 garbage-first heap   total 260096K, used 14130K [0x0000000080000000, 0x0000000100000000)
  region size 1024K, 4 young (4096K), 4 survivors (4096K)
 Metaspace       used 11308K, capacity 11513K, committed 11648K, reserved 1058816K
  class space    used 1207K, capacity 1311K, committed 1408K, reserved 1048576K
}
Event: 1.917 GC heap before
{Heap before GC invocations=3 (full 0):
 garbage-first heap   total 260096K, used 53042K [0x0000000080000000, 0x0000000100000000)
  region size 1024K, 42 young (43008K), 4 survivors (4096K)
 Metaspace       used 19830K, capacity 20269K, committed 20480K, reserved 1067008K
  class space    used 2355K, capacity 2487K, committed 2560K, reserved 1048576K
}
Event: 1.923 GC heap after
{Heap after GC invocations=4 (full 0):
 garbage-first heap   total 260096K, used 17089K [0x0000000080000000, 0x0000000100000000)
  region size 1024K, 3 young (3072K), 3 survivors (3072K)
 Metaspace       used 19830K, capacity 20269K, committed 20480K, reserved 1067008K
  class space    used 2355K, capacity 2487K, committed 2560K, reserved 1048576K
}
Event: 2.012 GC heap before
{Heap before GC invocations=4 (full 0):
 garbage-first heap   total 260096K, used 30401K [0x0000000080000000, 0x0000000100000000)
  region size 1024K, 17 young (17408K), 3 survivors (3072K)
 Metaspace       used 20844K, capacity 21149K, committed 21296K, reserved 1069056K
  class space    used 2512K, capacity 2651K, committed 2688K, reserved 1048576K
}
Event: 2.016 GC heap after
{Heap after GC invocations=5 (full 0):
 garbage-first heap   total 260096K, used 17505K [0x0000000080000000, 0x0000000100000000)
  region size 1024K, 4 young (4096K), 4 survivors (4096K)
 Metaspace       used 20844K, capacity 21149K, committed 21296K, reserved 1069056K
  class space    used 2512K, capacity 2651K, committed 2688K, reserved 1048576K
}
Event: 2.577 GC heap before
{Heap before GC invocations=6 (full 0):
 garbage-first heap   total 260096K, used 73825K [0x0000000080000000, 0x0000000100000000)
  region size 1024K, 59 young (60416K), 4 survivors (4096K)
 Metaspace       used 26922K, capacity 27547K, committed 27824K, reserved 1073152K
  class space    used 3495K, capacity 3734K, committed 3840K, reserved 1048576K
}
Event: 2.583 GC heap after
{Heap after GC invocations=7 (full 0):
 garbage-first heap   total 260096K, used 19444K [0x0000000080000000, 0x0000000100000000)
  region size 1024K, 5 young (5120K), 5 survivors (5120K)
 Metaspace       used 26922K, capacity 27547K, committed 27824K, reserved 1073152K
  class space    used 3495K, capacity 3734K, committed 3840K, reserved 1048576K
}
Event: 3.215 GC heap before
{Heap before GC invocations=7 (full 0):
 garbage-first heap   total 260096K, used 84980K [0x0000000080000000, 0x0000000100000000)
  region size 1024K, 70 young (71680K), 5 survivors (5120K)
 Metaspace       used 34895K, capacity 35727K, committed 35888K, reserved 1081344K
  class space    used 4554K, capacity 4887K, committed 4992K, reserved 1048576K
}
Event: 3.230 GC heap after
{Heap after GC invocations=8 (full 0):
 garbage-first heap   total 260096K, used 22955K [0x0000000080000000, 0x0000000100000000)
  region size 1024K, 9 young (9216K), 9 survivors (9216K)
 Metaspace       used 34895K, capacity 35727K, committed 35888K, reserved 1081344K
  class space    used 4554K, capacity 4887K, committed 4992K, reserved 1048576K
}
Event: 4.146 GC heap before
{Heap before GC invocations=9 (full 0):
 garbage-first heap   total 260096K, used 129451K [0x0000000080000000, 0x0000000100000000)
  region size 1024K, 110 young (112640K), 9 survivors (9216K)
 Metaspace       used 43829K, capacity 44930K, committed 45104K, reserved 1089536K
  class space    used 5627K, capacity 6004K, committed 6016K, reserved 1048576K
}
Event: 4.164 GC heap after
{Heap after GC invocations=10 (full 0):
 garbage-first heap   total 260096K, used 30944K [0x0000000080000000, 0x0000000100000000)
  region size 1024K, 14 young (14336K), 14 survivors (14336K)
 Metaspace       used 43829K, capacity 44930K, committed 45104K, reserved 1089536K
  class space    used 5627K, capacity 6004K, committed 6016K, reserved 1048576K
}
Event: 5.850 GC heap before
{Heap before GC invocations=11 (full 0):
 garbage-first heap   total 260096K, used 170208K [0x0000000080000000, 0x0000000100000000)
  region size 1024K, 145 young (148480K), 14 survivors (14336K)
 Metaspace       used 56061K, capacity 57547K, committed 57776K, reserved 1099776K
  class space    used 7101K, capacity 7647K, committed 7680K, reserved 1048576K
}
Event: 5.868 GC heap after
{Heap after GC invocations=12 (full 0):
 garbage-first heap   total 260096K, used 46249K [0x0000000080000000, 0x0000000100000000)
  region size 1024K, 19 young (19456K), 19 survivors (19456K)
 Metaspace       used 56061K, capacity 57547K, committed 57776K, reserved 1099776K
  class space    used 7101K, capacity 7647K, committed 7680K, reserved 1048576K
}
Event: 7.280 GC heap before
{Heap before GC invocations=12 (full 0):
 garbage-first heap   total 260096K, used 189609K [0x0000000080000000, 0x0000000100000000)
  region size 1024K, 152 young (155648K), 19 survivors (19456K)
 Metaspace       used 70430K, capacity 72144K, committed 72496K, reserved 1112064K
  class space    used 8864K, capacity 9490K, committed 9600K, reserved 1048576K
}
Event: 7.300 GC heap after
{Heap after GC invocations=13 (full 0):
 garbage-first heap   total 312320K, used 55772K [0x0000000080000000, 0x0000000100000000)
  region size 1024K, 9 young (9216K), 9 survivors (9216K)
 Metaspace       used 70430K, capacity 72144K, committed 72496K, reserved 1112064K
  class space    used 8864K, capacity 9490K, committed 9600K, reserved 1048576K
}
Event: 7.970 GC heap before
{Heap before GC invocations=13 (full 0):
 garbage-first heap   total 312320K, used 141788K [0x0000000080000000, 0x0000000100000000)
  region size 1024K, 94 young (96256K), 9 survivors (9216K)
 Metaspace       used 74819K, capacity 76560K, committed 76668K, reserved 1116160K
  class space    used 9460K, capacity 10119K, committed 10188K, reserved 1048576K
}
Event: 7.983 GC heap after
{Heap after GC invocations=14 (full 0):
 garbage-first heap   total 312320K, used 60882K [0x0000000080000000, 0x0000000100000000)
  region size 1024K, 14 young (14336K), 14 survivors (14336K)
 Metaspace       used 74819K, capacity 76560K, committed 76668K, reserved 1116160K
  class space    used 9460K, capacity 10119K, committed 10188K, reserved 1048576K
}
Event: 9.516 GC heap before
{Heap before GC invocations=15 (full 0):
 garbage-first heap   total 312320K, used 205266K [0x0000000080000000, 0x0000000100000000)
  region size 1024K, 155 young (158720K), 14 survivors (14336K)
 Metaspace       used 87156K, capacity 89207K, committed 89340K, reserved 1126400K
  class space    used 11281K, capacity 12005K, committed 12108K, reserved 1048576K
}
Event: 9.546 GC heap after
{Heap after GC invocations=16 (full 0):
 garbage-first heap   total 312320K, used 71346K [0x0000000080000000, 0x0000000100000000)
  region size 1024K, 16 young (16384K), 16 survivors (16384K)
 Metaspace       used 87156K, capacity 89207K, committed 89340K, reserved 1126400K
  class space    used 11281K, capacity 12005K, committed 12108K, reserved 1048576K
}

