# JRE version: OpenJDK Runtime Environment (11.0.15) (build 11.0.15+0-b2043.56-9505619)
# Java VM: OpenJDK 64-Bit Server VM (11.0.15+0-b2043.56-9505619, mixed mode, tiered, compressed oops, g1 gc, windows-amd64)
Heap:
 garbage-first heap   total 312320K, used 210614K [0x0000000080000000, 0x0000000100000000)
  region size 1024K, 163 young (166912K), 17 survivors (17408K)
 Metaspace       used 85963K, capacity 88185K, committed 88316K, reserved 1126400K
  class space    used 11128K, capacity 11891K, committed 11904K, reserved 1048576K
GC Heap History (20 events):
Event: 0.677 GC heap before
{Heap before GC invocations=1 (full 0):
 garbage-first heap   total 260096K, used 20642K [0x0000000080000000, 0x0000000100000000)
  region size 1024K, 15 young (15360K), 2 survivors (2048K)
 Metaspace       used 9933K, capacity 10186K, committed 10368K, reserved 1058816K
  class space    used 1011K, capacity 1102K, committed 1152K, reserved 1048576K
}
Event: 0.680 GC heap after
{Heap after GC invocations=2 (full 0):
 garbage-first heap   total 260096K, used 9585K [0x0000000080000000, 0x0000000100000000)
  region size 1024K, 2 young (2048K), 2 survivors (2048K)
 Metaspace       used 9933K, capacity 10186K, committed 10368K, reserved 1058816K
  class space    used 1011K, capacity 1102K, committed 1152K, reserved 1048576K
}
Event: 1.072 GC heap before
{Heap before GC invocations=2 (full 0):
 garbage-first heap   total 260096K, used 40305K [0x0000000080000000, 0x0000000100000000)
  region size 1024K, 31 young (31744K), 2 survivors (2048K)
 Metaspace       used 10947K, capacity 11141K, committed 11264K, reserved 1058816K
  class space    used 1114K, capacity 1207K, committed 1280K, reserved 1048576K
}
Event: 1.075 GC heap after
{Heap after GC invocations=3 (full 0):
 garbage-first heap   total 260096K, used 13883K [0x0000000080000000, 0x0000000100000000)
  region size 1024K, 4 young (4096K), 4 survivors (4096K)
 Metaspace       used 10947K, capacity 11141K, committed 11264K, reserved 1058816K
  class space    used 1114K, capacity 1207K, committed 1280K, reserved 1048576K
}
Event: 1.730 GC heap before
{Heap before GC invocations=3 (full 0):
 garbage-first heap   total 260096K, used 56891K [0x0000000080000000, 0x0000000100000000)
  region size 1024K, 46 young (47104K), 4 survivors (4096K)
 Metaspace       used 18695K, capacity 18997K, committed 19328K, reserved 1067008K
  class space    used 2194K, capacity 2317K, committed 2432K, reserved 1048576K
}
Event: 1.734 GC heap after
{Heap after GC invocations=4 (full 0):
 garbage-first heap   total 260096K, used 16999K [0x0000000080000000, 0x0000000100000000)
  region size 1024K, 6 young (6144K), 6 survivors (6144K)
 Metaspace       used 18695K, capacity 18997K, committed 19328K, reserved 1067008K
  class space    used 2194K, capacity 2317K, committed 2432K, reserved 1048576K
}
Event: 1.868 GC heap before
{Heap before GC invocations=4 (full 0):
 garbage-first heap   total 260096K, used 36455K [0x0000000080000000, 0x0000000100000000)
  region size 1024K, 27 young (27648K), 6 survivors (6144K)
 Metaspace       used 20821K, capacity 21153K, committed 21296K, reserved 1069056K
  class space    used 2506K, capacity 2651K, committed 2688K, reserved 1048576K
}
Event: 1.871 GC heap after
{Heap after GC invocations=5 (full 0):
 garbage-first heap   total 260096K, used 17569K [0x0000000080000000, 0x0000000100000000)
  region size 1024K, 4 young (4096K), 4 survivors (4096K)
 Metaspace       used 20821K, capacity 21153K, committed 21296K, reserved 1069056K
  class space    used 2506K, capacity 2651K, committed 2688K, reserved 1048576K
}
Event: 2.510 GC heap before
{Heap before GC invocations=6 (full 0):
 garbage-first heap   total 260096K, used 85153K [0x0000000080000000, 0x0000000100000000)
  region size 1024K, 70 young (71680K), 4 survivors (4096K)
 Metaspace       used 27576K, capacity 28256K, committed 28464K, reserved 1073152K
  class space    used 3611K, capacity 3841K, committed 3968K, reserved 1048576K
}
Event: 2.518 GC heap after
{Heap after GC invocations=7 (full 0):
 garbage-first heap   total 260096K, used 19978K [0x0000000080000000, 0x0000000100000000)
  region size 1024K, 6 young (6144K), 6 survivors (6144K)
 Metaspace       used 27576K, capacity 28256K, committed 28464K, reserved 1073152K
  class space    used 3611K, capacity 3841K, committed 3968K, reserved 1048576K
}
Event: 3.083 GC heap before
{Heap before GC invocations=7 (full 0):
 garbage-first heap   total 260096K, used 74250K [0x0000000080000000, 0x0000000100000000)
  region size 1024K, 60 young (61440K), 6 survivors (6144K)
 Metaspace       used 34935K, capacity 35733K, committed 35888K, reserved 1081344K
  class space    used 4555K, capacity 4889K, committed 4992K, reserved 1048576K
}
Event: 3.094 GC heap after
{Heap after GC invocations=8 (full 0):
 garbage-first heap   total 260096K, used 22982K [0x0000000080000000, 0x0000000100000000)
  region size 1024K, 9 young (9216K), 9 survivors (9216K)
 Metaspace       used 34935K, capacity 35733K, committed 35888K, reserved 1081344K
  class space    used 4555K, capacity 4889K, committed 4992K, reserved 1048576K
}
Event: 4.254 GC heap before
{Heap before GC invocations=9 (full 0):
 garbage-first heap   total 260096K, used 146886K [0x0000000080000000, 0x0000000100000000)
  region size 1024K, 127 young (130048K), 9 survivors (9216K)
 Metaspace       used 45563K, capacity 46803K, committed 46896K, reserved 1089536K
  class space    used 5790K, capacity 6196K, committed 6272K, reserved 1048576K
}
Event: 4.273 GC heap after
{Heap after GC invocations=10 (full 0):
 garbage-first heap   total 260096K, used 31506K [0x0000000080000000, 0x0000000100000000)
  region size 1024K, 15 young (15360K), 15 survivors (15360K)
 Metaspace       used 45563K, capacity 46803K, committed 46896K, reserved 1089536K
  class space    used 5790K, capacity 6196K, committed 6272K, reserved 1048576K
}
Event: 5.686 GC heap before
{Heap before GC invocations=11 (full 0):
 garbage-first heap   total 260096K, used 172818K [0x0000000080000000, 0x0000000100000000)
  region size 1024K, 148 young (151552K), 15 survivors (15360K)
 Metaspace       used 56632K, capacity 58148K, committed 58416K, reserved 1099776K
  class space    used 7168K, capacity 7706K, committed 7808K, reserved 1048576K
}
Event: 5.704 GC heap after
{Heap after GC invocations=12 (full 0):
 garbage-first heap   total 260096K, used 46016K [0x0000000080000000, 0x0000000100000000)
  region size 1024K, 19 young (19456K), 19 survivors (19456K)
 Metaspace       used 56632K, capacity 58148K, committed 58416K, reserved 1099776K
  class space    used 7168K, capacity 7706K, committed 7808K, reserved 1048576K
}
Event: 7.016 GC heap before
{Heap before GC invocations=12 (full 0):
 garbage-first heap   total 260096K, used 190400K [0x0000000080000000, 0x0000000100000000)
  region size 1024K, 152 young (155648K), 19 survivors (19456K)
 Metaspace       used 67328K, capacity 69103K, committed 69296K, reserved 1110016K
  class space    used 8495K, capacity 9137K, committed 9216K, reserved 1048576K
}
Event: 7.041 GC heap after
{Heap after GC invocations=13 (full 0):
 garbage-first heap   total 312320K, used 57014K [0x0000000080000000, 0x0000000100000000)
  region size 1024K, 11 young (11264K), 11 survivors (11264K)
 Metaspace       used 67328K, capacity 69103K, committed 69296K, reserved 1110016K
  class space    used 8495K, capacity 9137K, committed 9216K, reserved 1048576K
}
Event: 8.149 GC heap before
{Heap before GC invocations=13 (full 0):
 garbage-first heap   total 312320K, used 161462K [0x0000000080000000, 0x0000000100000000)
  region size 1024K, 114 young (116736K), 11 survivors (11264K)
 Metaspace       used 76600K, capacity 78469K, committed 78588K, reserved 1118208K
  class space    used 9899K, capacity 10562K, committed 10624K, reserved 1048576K
}
Event: 8.169 GC heap after
{Heap after GC invocations=14 (full 0):
 garbage-first heap   total 312320K, used 63158K [0x0000000080000000, 0x0000000100000000)
  region size 1024K, 17 young (17408K), 17 survivors (17408K)
 Metaspace       used 76600K, capacity 78469K, committed 78588K, reserved 1118208K
  class space    used 9899K, capacity 10562K, committed 10624K, reserved 1048576K
}

