# JRE version: OpenJDK Runtime Environment (11.0.15) (build 11.0.15+0-b2043.56-9505619)
# Java VM: OpenJDK 64-Bit Server VM (11.0.15+0-b2043.56-9505619, mixed mode, tiered, compressed oops, g1 gc, windows-amd64)
Heap:
 garbage-first heap   total 312320K, used 133120K [0x0000000080000000, 0x0000000100000000)
  region size 1024K, 75 young (76800K), 17 survivors (17408K)
 Metaspace       used 90533K, capacity 92949K, committed 93192K, reserved 1130496K
  class space    used 11460K, capacity 12276K, committed 12288K, reserved 1048576K
GC Heap History (20 events):
Event: 1.241 GC heap before
{Heap before GC invocations=2 (full 0):
 garbage-first heap   total 260096K, used 50394K [0x0000000080000000, 0x0000000100000000)
  region size 1024K, 41 young (41984K), 2 survivors (2048K)
 Metaspace       used 11216K, capacity 11485K, committed 11520K, reserved 1058816K
  class space    used 1185K, capacity 1279K, committed 1280K, reserved 1048576K
}
Event: 1.245 GC heap after
{Heap after GC invocations=3 (full 0):
 garbage-first heap   total 260096K, used 14032K [0x0000000080000000, 0x0000000100000000)
  region size 1024K, 6 young (6144K), 6 survivors (6144K)
 Metaspace       used 11216K, capacity 11485K, committed 11520K, reserved 1058816K
  class space    used 1185K, capacity 1279K, committed 1280K, reserved 1048576K
}
Event: 2.055 GC heap before
{Heap before GC invocations=3 (full 0):
 garbage-first heap   total 260096K, used 66256K [0x0000000080000000, 0x0000000100000000)
  region size 1024K, 57 young (58368K), 6 survivors (6144K)
 Metaspace       used 20602K, capacity 20981K, committed 21120K, reserved 1067008K
  class space    used 2465K, capacity 2616K, committed 2688K, reserved 1048576K
}
Event: 2.067 GC heap after
{Heap after GC invocations=4 (full 0):
 garbage-first heap   total 260096K, used 16885K [0x0000000080000000, 0x0000000100000000)
  region size 1024K, 3 young (3072K), 3 survivors (3072K)
 Metaspace       used 20602K, capacity 20981K, committed 21120K, reserved 1067008K
  class space    used 2465K, capacity 2616K, committed 2688K, reserved 1048576K
}
Event: 2.093 GC heap before
{Heap before GC invocations=4 (full 0):
 garbage-first heap   total 260096K, used 20981K [0x0000000080000000, 0x0000000100000000)
  region size 1024K, 8 young (8192K), 3 survivors (3072K)
 Metaspace       used 20816K, capacity 21153K, committed 21296K, reserved 1069056K
  class space    used 2504K, capacity 2651K, committed 2688K, reserved 1048576K
}
Event: 2.096 GC heap after
{Heap after GC invocations=5 (full 0):
 garbage-first heap   total 260096K, used 17172K [0x0000000080000000, 0x0000000100000000)
  region size 1024K, 4 young (4096K), 4 survivors (4096K)
 Metaspace       used 20816K, capacity 21153K, committed 21296K, reserved 1069056K
  class space    used 2504K, capacity 2651K, committed 2688K, reserved 1048576K
}
Event: 2.718 GC heap before
{Heap before GC invocations=6 (full 0):
 garbage-first heap   total 260096K, used 72468K [0x0000000080000000, 0x0000000100000000)
  region size 1024K, 58 young (59392K), 4 survivors (4096K)
 Metaspace       used 26865K, capacity 27487K, committed 27824K, reserved 1073152K
  class space    used 3483K, capacity 3734K, committed 3840K, reserved 1048576K
}
Event: 2.723 GC heap after
{Heap after GC invocations=7 (full 0):
 garbage-first heap   total 260096K, used 19148K [0x0000000080000000, 0x0000000100000000)
  region size 1024K, 6 young (6144K), 6 survivors (6144K)
 Metaspace       used 26865K, capacity 27487K, committed 27824K, reserved 1073152K
  class space    used 3483K, capacity 3734K, committed 3840K, reserved 1048576K
}
Event: 3.360 GC heap before
{Heap before GC invocations=7 (full 0):
 garbage-first heap   total 260096K, used 86732K [0x0000000080000000, 0x0000000100000000)
  region size 1024K, 73 young (74752K), 6 survivors (6144K)
 Metaspace       used 34932K, capacity 35733K, committed 35888K, reserved 1081344K
  class space    used 4555K, capacity 4889K, committed 4992K, reserved 1048576K
}
Event: 3.369 GC heap after
{Heap after GC invocations=8 (full 0):
 garbage-first heap   total 260096K, used 22713K [0x0000000080000000, 0x0000000100000000)
  region size 1024K, 9 young (9216K), 9 survivors (9216K)
 Metaspace       used 34932K, capacity 35733K, committed 35888K, reserved 1081344K
  class space    used 4555K, capacity 4889K, committed 4992K, reserved 1048576K
}
Event: 4.582 GC heap before
{Heap before GC invocations=9 (full 0):
 garbage-first heap   total 260096K, used 159929K [0x0000000080000000, 0x0000000100000000)
  region size 1024K, 140 young (143360K), 9 survivors (9216K)
 Metaspace       used 46415K, capacity 47608K, committed 47720K, reserved 1091584K
  class space    used 5921K, capacity 6338K, committed 6400K, reserved 1048576K
}
Event: 4.602 GC heap after
{Heap after GC invocations=10 (full 0):
 garbage-first heap   total 260096K, used 30708K [0x0000000080000000, 0x0000000100000000)
  region size 1024K, 17 young (17408K), 17 survivors (17408K)
 Metaspace       used 46415K, capacity 47608K, committed 47720K, reserved 1091584K
  class space    used 5921K, capacity 6338K, committed 6400K, reserved 1048576K
}
Event: 6.177 GC heap before
{Heap before GC invocations=11 (full 0):
 garbage-first heap   total 260096K, used 173044K [0x0000000080000000, 0x0000000100000000)
  region size 1024K, 152 young (155648K), 17 survivors (17408K)
 Metaspace       used 59066K, capacity 60647K, committed 60904K, reserved 1101824K
  class space    used 7419K, capacity 7980K, committed 8064K, reserved 1048576K
}
Event: 6.197 GC heap after
{Heap after GC invocations=12 (full 0):
 garbage-first heap   total 260096K, used 45698K [0x0000000080000000, 0x0000000100000000)
  region size 1024K, 19 young (19456K), 19 survivors (19456K)
 Metaspace       used 59066K, capacity 60647K, committed 60904K, reserved 1101824K
  class space    used 7419K, capacity 7980K, committed 8064K, reserved 1048576K
}
Event: 7.413 GC heap before
{Heap before GC invocations=12 (full 0):
 garbage-first heap   total 260096K, used 189058K [0x0000000080000000, 0x0000000100000000)
  region size 1024K, 152 young (155648K), 19 survivors (19456K)
 Metaspace       used 67980K, capacity 69677K, committed 69736K, reserved 1110016K
  class space    used 8561K, capacity 9199K, committed 9216K, reserved 1048576K
}
Event: 7.434 GC heap after
{Heap after GC invocations=13 (full 0):
 garbage-first heap   total 312320K, used 57408K [0x0000000080000000, 0x0000000100000000)
  region size 1024K, 11 young (11264K), 11 survivors (11264K)
 Metaspace       used 67980K, capacity 69677K, committed 69736K, reserved 1110016K
  class space    used 8561K, capacity 9199K, committed 9216K, reserved 1048576K
}
Event: 8.497 GC heap before
{Heap before GC invocations=13 (full 0):
 garbage-first heap   total 312320K, used 146496K [0x0000000080000000, 0x0000000100000000)
  region size 1024K, 100 young (102400K), 11 survivors (11264K)
 Metaspace       used 77707K, capacity 79806K, committed 79960K, reserved 1118208K
  class space    used 9965K, capacity 10683K, committed 10752K, reserved 1048576K
}
Event: 8.515 GC heap after
{Heap after GC invocations=14 (full 0):
 garbage-first heap   total 312320K, used 65600K [0x0000000080000000, 0x0000000100000000)
  region size 1024K, 19 young (19456K), 19 survivors (19456K)
 Metaspace       used 77707K, capacity 79806K, committed 79960K, reserved 1118208K
  class space    used 9965K, capacity 10683K, committed 10752K, reserved 1048576K
}
Event: 33.164 GC heap before
{Heap before GC invocations=15 (full 0):
 garbage-first heap   total 312320K, used 211008K [0x0000000080000000, 0x0000000100000000)
  region size 1024K, 162 young (165888K), 19 survivors (19456K)
 Metaspace       used 89353K, capacity 91629K, committed 91784K, reserved 1128448K
  class space    used 11278K, capacity 12041K, committed 12160K, reserved 1048576K
}
Event: 33.197 GC heap after
{Heap after GC invocations=16 (full 0):
 garbage-first heap   total 312320K, used 74752K [0x0000000080000000, 0x0000000100000000)
  region size 1024K, 17 young (17408K), 17 survivors (17408K)
 Metaspace       used 89353K, capacity 91629K, committed 91784K, reserved 1128448K
  class space    used 11278K, capacity 12041K, committed 12160K, reserved 1048576K
}

