# JRE version: OpenJDK Runtime Environment (11.0.15) (build 11.0.15+0-b2043.56-9505619)
# Java VM: OpenJDK 64-Bit Server VM (11.0.15+0-b2043.56-9505619, mixed mode, tiered, compressed oops, g1 gc, windows-amd64)
Heap:
 garbage-first heap   total 312320K, used 148140K [0x0000000080000000, 0x0000000100000000)
  region size 1024K, 90 young (92160K), 17 survivors (17408K)
 Metaspace       used 89927K, capacity 92259K, committed 92368K, reserved 1130496K
  class space    used 11389K, capacity 12181K, committed 12236K, reserved 1048576K
GC Heap History (20 events):
Event: 1.195 GC heap before
{Heap before GC invocations=1 (full 0):
 garbage-first heap   total 260096K, used 45438K [0x0000000080000000, 0x0000000100000000)
  region size 1024K, 39 young (39936K), 2 survivors (2048K)
 Metaspace       used 10874K, capacity 11073K, committed 11264K, reserved 1058816K
  class space    used 1113K, capacity 1207K, committed 1280K, reserved 1048576K
}
Event: 1.199 GC heap after
{Heap after GC invocations=2 (full 0):
 garbage-first heap   total 260096K, used 12130K [0x0000000080000000, 0x0000000100000000)
  region size 1024K, 5 young (5120K), 5 survivors (5120K)
 Metaspace       used 10874K, capacity 11073K, committed 11264K, reserved 1058816K
  class space    used 1113K, capacity 1207K, committed 1280K, reserved 1048576K
}
Event: 1.888 GC heap before
{Heap before GC invocations=2 (full 0):
 garbage-first heap   total 260096K, used 50018K [0x0000000080000000, 0x0000000100000000)
  region size 1024K, 41 young (41984K), 5 survivors (5120K)
 Metaspace       used 17445K, capacity 17811K, committed 18048K, reserved 1064960K
  class space    used 2008K, capacity 2113K, committed 2176K, reserved 1048576K
}
Event: 1.895 GC heap after
{Heap after GC invocations=3 (full 0):
 garbage-first heap   total 260096K, used 16569K [0x0000000080000000, 0x0000000100000000)
  region size 1024K, 6 young (6144K), 6 survivors (6144K)
 Metaspace       used 17445K, capacity 17811K, committed 18048K, reserved 1064960K
  class space    used 2008K, capacity 2113K, committed 2176K, reserved 1048576K
}
Event: 2.123 GC heap before
{Heap before GC invocations=3 (full 0):
 garbage-first heap   total 260096K, used 47289K [0x0000000080000000, 0x0000000100000000)
  region size 1024K, 38 young (38912K), 6 survivors (6144K)
 Metaspace       used 20818K, capacity 21149K, committed 21296K, reserved 1069056K
  class space    used 2504K, capacity 2651K, committed 2688K, reserved 1048576K
}
Event: 2.127 GC heap after
{Heap after GC invocations=4 (full 0):
 garbage-first heap   total 260096K, used 18289K [0x0000000080000000, 0x0000000100000000)
  region size 1024K, 5 young (5120K), 5 survivors (5120K)
 Metaspace       used 20818K, capacity 21149K, committed 21296K, reserved 1069056K
  class space    used 2504K, capacity 2651K, committed 2688K, reserved 1048576K
}
Event: 2.593 GC heap before
{Heap before GC invocations=5 (full 0):
 garbage-first heap   total 260096K, used 68465K [0x0000000080000000, 0x0000000100000000)
  region size 1024K, 54 young (55296K), 5 survivors (5120K)
 Metaspace       used 26188K, capacity 26753K, committed 26876K, reserved 1073152K
  class space    used 3374K, capacity 3613K, committed 3660K, reserved 1048576K
}
Event: 2.602 GC heap after
{Heap after GC invocations=6 (full 0):
 garbage-first heap   total 260096K, used 20218K [0x0000000080000000, 0x0000000100000000)
  region size 1024K, 3 young (3072K), 3 survivors (3072K)
 Metaspace       used 26188K, capacity 26753K, committed 26876K, reserved 1073152K
  class space    used 3374K, capacity 3613K, committed 3660K, reserved 1048576K
}
Event: 3.612 GC heap before
{Heap before GC invocations=7 (full 0):
 garbage-first heap   total 260096K, used 109306K [0x0000000080000000, 0x0000000100000000)
  region size 1024K, 91 young (93184K), 3 survivors (3072K)
 Metaspace       used 38485K, capacity 39437K, committed 39548K, reserved 1083392K
  class space    used 4944K, capacity 5293K, committed 5324K, reserved 1048576K
}
Event: 3.622 GC heap after
{Heap after GC invocations=8 (full 0):
 garbage-first heap   total 260096K, used 26116K [0x0000000080000000, 0x0000000100000000)
  region size 1024K, 9 young (9216K), 9 survivors (9216K)
 Metaspace       used 38485K, capacity 39437K, committed 39548K, reserved 1083392K
  class space    used 4944K, capacity 5293K, committed 5324K, reserved 1048576K
}
Event: 4.322 GC heap before
{Heap before GC invocations=8 (full 0):
 garbage-first heap   total 260096K, used 110084K [0x0000000080000000, 0x0000000100000000)
  region size 1024K, 89 young (91136K), 9 survivors (9216K)
 Metaspace       used 43492K, capacity 44648K, committed 44796K, reserved 1087488K
  class space    used 5565K, capacity 5994K, committed 6092K, reserved 1048576K
}
Event: 4.340 GC heap after
{Heap after GC invocations=9 (full 0):
 garbage-first heap   total 260096K, used 30783K [0x0000000080000000, 0x0000000100000000)
  region size 1024K, 13 young (13312K), 13 survivors (13312K)
 Metaspace       used 43492K, capacity 44648K, committed 44796K, reserved 1087488K
  class space    used 5565K, capacity 5994K, committed 6092K, reserved 1048576K
}
Event: 5.552 GC heap before
{Heap before GC invocations=10 (full 0):
 garbage-first heap   total 260096K, used 152639K [0x0000000080000000, 0x0000000100000000)
  region size 1024K, 127 young (130048K), 13 survivors (13312K)
 Metaspace       used 51325K, capacity 52895K, committed 53064K, reserved 1095680K
  class space    used 6526K, capacity 7091K, committed 7116K, reserved 1048576K
}
Event: 5.569 GC heap after
{Heap after GC invocations=11 (full 0):
 garbage-first heap   total 312320K, used 45327K [0x0000000080000000, 0x0000000100000000)
  region size 1024K, 16 young (16384K), 16 survivors (16384K)
 Metaspace       used 51325K, capacity 52895K, committed 53064K, reserved 1095680K
  class space    used 6526K, capacity 7091K, committed 7116K, reserved 1048576K
}
Event: 7.242 GC heap before
{Heap before GC invocations=11 (full 0):
 garbage-first heap   total 312320K, used 221455K [0x0000000080000000, 0x0000000100000000)
  region size 1024K, 181 young (185344K), 16 survivors (16384K)
 Metaspace       used 67359K, capacity 69091K, committed 69192K, reserved 1110016K
  class space    used 8498K, capacity 9136K, committed 9164K, reserved 1048576K
}
Event: 7.261 GC heap after
{Heap after GC invocations=12 (full 0):
 garbage-first heap   total 312320K, used 56832K [0x0000000080000000, 0x0000000100000000)
  region size 1024K, 22 young (22528K), 22 survivors (22528K)
 Metaspace       used 67359K, capacity 69091K, committed 69192K, reserved 1110016K
  class space    used 8498K, capacity 9136K, committed 9164K, reserved 1048576K
}
Event: 7.939 GC heap before
{Heap before GC invocations=12 (full 0):
 garbage-first heap   total 312320K, used 122368K [0x0000000080000000, 0x0000000100000000)
  region size 1024K, 87 young (89088K), 22 survivors (22528K)
 Metaspace       used 73237K, capacity 75021K, committed 75216K, reserved 1114112K
  class space    used 9423K, capacity 10052K, committed 10188K, reserved 1048576K
}
Event: 7.966 GC heap after
{Heap after GC invocations=13 (full 0):
 garbage-first heap   total 312320K, used 60949K [0x0000000080000000, 0x0000000100000000)
  region size 1024K, 15 young (15360K), 15 survivors (15360K)
 Metaspace       used 73237K, capacity 75021K, committed 75216K, reserved 1114112K
  class space    used 9423K, capacity 10052K, committed 10188K, reserved 1048576K
}
Event: 13.289 GC heap before
{Heap before GC invocations=14 (full 0):
 garbage-first heap   total 312320K, used 231957K [0x0000000080000000, 0x0000000100000000)
  region size 1024K, 183 young (187392K), 15 survivors (15360K)
 Metaspace       used 88291K, capacity 90582K, committed 90960K, reserved 1128448K
  class space    used 11191K, capacity 11980K, committed 12108K, reserved 1048576K
}
Event: 13.324 GC heap after
{Heap after GC invocations=15 (full 0):
 garbage-first heap   total 312320K, used 74412K [0x0000000080000000, 0x0000000100000000)
  region size 1024K, 17 young (17408K), 17 survivors (17408K)
 Metaspace       used 88291K, capacity 90582K, committed 90960K, reserved 1128448K
  class space    used 11191K, capacity 11980K, committed 12108K, reserved 1048576K
}

