# JRE version: OpenJDK Runtime Environment (11.0.15) (build 11.0.15+0-b2043.56-9505619)
# Java VM: OpenJDK 64-Bit Server VM (11.0.15+0-b2043.56-9505619, mixed mode, tiered, compressed oops, g1 gc, windows-amd64)
Heap:
 garbage-first heap   total 353280K, used 260971K [0x0000000080000000, 0x0000000100000000)
  region size 1024K, 81 young (82944K), 7 survivors (7168K)
 Metaspace       used 106184K, capacity 109273K, committed 109384K, reserved 1144832K
  class space    used 13271K, capacity 14333K, committed 14336K, reserved 1048576K
GC Heap History (20 events):
Event: 3.491 GC heap before
{Heap before GC invocations=5 (full 0):
 garbage-first heap   total 260096K, used 50153K [0x0000000080000000, 0x0000000100000000)
  region size 1024K, 20 young (20480K), 9 survivors (9216K)
 Metaspace       used 34656K, capacity 35663K, committed 35920K, reserved 1081344K
  class space    used 4652K, capacity 4997K, committed 5024K, reserved 1048576K
}
Event: 3.501 GC heap after
{Heap after GC invocations=6 (full 0):
 garbage-first heap   total 260096K, used 41724K [0x0000000080000000, 0x0000000100000000)
  region size 1024K, 8 young (8192K), 8 survivors (8192K)
 Metaspace       used 34656K, capacity 35663K, committed 35920K, reserved 1081344K
  class space    used 4652K, capacity 4997K, committed 5024K, reserved 1048576K
}
Event: 4.754 GC heap before
{Heap before GC invocations=7 (full 0):
 garbage-first heap   total 260096K, used 179964K [0x0000000080000000, 0x0000000100000000)
  region size 1024K, 120 young (122880K), 8 survivors (8192K)
 Metaspace       used 46254K, capacity 47571K, committed 47824K, reserved 1091584K
  class space    used 5824K, capacity 6308K, committed 6432K, reserved 1048576K
}
Event: 4.769 GC heap after
{Heap after GC invocations=8 (full 0):
 garbage-first heap   total 260096K, used 72152K [0x0000000080000000, 0x0000000100000000)
  region size 1024K, 15 young (15360K), 15 survivors (15360K)
 Metaspace       used 46254K, capacity 47571K, committed 47824K, reserved 1091584K
  class space    used 5824K, capacity 6308K, committed 6432K, reserved 1048576K
}
Event: 6.086 GC heap before
{Heap before GC invocations=8 (full 0):
 garbage-first heap   total 260096K, used 191960K [0x0000000080000000, 0x0000000100000000)
  region size 1024K, 127 young (130048K), 15 survivors (15360K)
 Metaspace       used 51863K, capacity 53495K, committed 53840K, reserved 1095680K
  class space    used 6637K, capacity 7232K, committed 7328K, reserved 1048576K
}
Event: 6.102 GC heap after
{Heap after GC invocations=9 (full 0):
 garbage-first heap   total 260096K, used 86386K [0x0000000080000000, 0x0000000100000000)
  region size 1024K, 9 young (9216K), 9 survivors (9216K)
 Metaspace       used 51863K, capacity 53495K, committed 53840K, reserved 1095680K
  class space    used 6637K, capacity 7232K, committed 7328K, reserved 1048576K
}
Event: 6.743 GC heap before
{Heap before GC invocations=9 (full 0):
 garbage-first heap   total 260096K, used 149874K [0x0000000080000000, 0x0000000100000000)
  region size 1024K, 68 young (69632K), 9 survivors (9216K)
 Metaspace       used 58125K, capacity 59941K, committed 60080K, reserved 1101824K
  class space    used 7428K, capacity 8100K, committed 8192K, reserved 1048576K
}
Event: 6.754 GC heap after
{Heap after GC invocations=10 (full 0):
 garbage-first heap   total 260096K, used 96941K [0x0000000080000000, 0x0000000100000000)
  region size 1024K, 15 young (15360K), 15 survivors (15360K)
 Metaspace       used 58125K, capacity 59941K, committed 60080K, reserved 1101824K
  class space    used 7428K, capacity 8100K, committed 8192K, reserved 1048576K
}
Event: 7.952 GC heap before
{Heap before GC invocations=11 (full 0):
 garbage-first heap   total 260096K, used 207533K [0x0000000080000000, 0x0000000100000000)
  region size 1024K, 116 young (118784K), 15 survivors (15360K)
 Metaspace       used 68792K, capacity 70684K, committed 70984K, reserved 1112064K
  class space    used 8716K, capacity 9422K, committed 9472K, reserved 1048576K
}
Event: 7.975 GC heap after
{Heap after GC invocations=12 (full 0):
 garbage-first heap   total 260096K, used 104910K [0x0000000080000000, 0x0000000100000000)
  region size 1024K, 15 young (15360K), 15 survivors (15360K)
 Metaspace       used 68792K, capacity 70684K, committed 70984K, reserved 1112064K
  class space    used 8716K, capacity 9422K, committed 9472K, reserved 1048576K
}
Event: 8.944 GC heap before
{Heap before GC invocations=13 (full 0):
 garbage-first heap   total 260096K, used 204238K [0x0000000080000000, 0x0000000100000000)
  region size 1024K, 112 young (114688K), 15 survivors (15360K)
 Metaspace       used 75515K, capacity 77540K, committed 77768K, reserved 1116160K
  class space    used 9781K, capacity 10542K, committed 10624K, reserved 1048576K
}
Event: 8.964 GC heap after
{Heap after GC invocations=14 (full 0):
 garbage-first heap   total 353280K, used 111158K [0x0000000080000000, 0x0000000100000000)
  region size 1024K, 7 young (7168K), 7 survivors (7168K)
 Metaspace       used 75515K, capacity 77540K, committed 77768K, reserved 1116160K
  class space    used 9781K, capacity 10542K, committed 10624K, reserved 1048576K
}
Event: 10.108 GC heap before
{Heap before GC invocations=14 (full 0):
 garbage-first heap   total 353280K, used 290358K [0x0000000080000000, 0x0000000100000000)
  region size 1024K, 143 young (146432K), 7 survivors (7168K)
 Metaspace       used 83894K, capacity 86314K, committed 86472K, reserved 1124352K
  class space    used 10700K, capacity 11539K, committed 11648K, reserved 1048576K
}
Event: 10.120 GC heap after
{Heap after GC invocations=15 (full 0):
 garbage-first heap   total 353280K, used 163313K [0x0000000080000000, 0x0000000100000000)
  region size 1024K, 18 young (18432K), 18 survivors (18432K)
 Metaspace       used 83894K, capacity 86314K, committed 86472K, reserved 1124352K
  class space    used 10700K, capacity 11539K, committed 11648K, reserved 1048576K
}
Event: 11.448 GC heap before
{Heap before GC invocations=15 (full 0):
 garbage-first heap   total 353280K, used 282097K [0x0000000080000000, 0x0000000100000000)
  region size 1024K, 134 young (137216K), 18 survivors (18432K)
 Metaspace       used 95000K, capacity 97764K, committed 97992K, reserved 1134592K
  class space    used 12151K, capacity 13100K, committed 13184K, reserved 1048576K
}
Event: 11.470 GC heap after
{Heap after GC invocations=16 (full 0):
 garbage-first heap   total 353280K, used 172480K [0x0000000080000000, 0x0000000100000000)
  region size 1024K, 9 young (9216K), 9 survivors (9216K)
 Metaspace       used 95000K, capacity 97764K, committed 97992K, reserved 1134592K
  class space    used 12151K, capacity 13100K, committed 13184K, reserved 1048576K
}
Event: 12.640 GC heap before
{Heap before GC invocations=16 (full 0):
 garbage-first heap   total 353280K, used 284096K [0x0000000080000000, 0x0000000100000000)
  region size 1024K, 119 young (121856K), 9 survivors (9216K)
 Metaspace       used 98004K, capacity 100789K, committed 101064K, reserved 1136640K
  class space    used 12418K, capacity 13393K, committed 13440K, reserved 1048576K
}
Event: 12.659 GC heap after
{Heap after GC invocations=17 (full 0):
 garbage-first heap   total 353280K, used 181075K [0x0000000080000000, 0x0000000100000000)
  region size 1024K, 9 young (9216K), 9 survivors (9216K)
 Metaspace       used 98004K, capacity 100789K, committed 101064K, reserved 1136640K
  class space    used 12418K, capacity 13393K, committed 13440K, reserved 1048576K
}
Event: 19.933 GC heap before
{Heap before GC invocations=18 (full 0):
 garbage-first heap   total 353280K, used 288595K [0x0000000080000000, 0x0000000100000000)
  region size 1024K, 116 young (118784K), 9 survivors (9216K)
 Metaspace       used 104281K, capacity 107273K, committed 107336K, reserved 1142784K
  class space    used 13021K, capacity 14048K, committed 14080K, reserved 1048576K
}
Event: 19.947 GC heap after
{Heap after GC invocations=19 (full 0):
 garbage-first heap   total 353280K, used 187243K [0x0000000080000000, 0x0000000100000000)
  region size 1024K, 7 young (7168K), 7 survivors (7168K)
 Metaspace       used 104281K, capacity 107273K, committed 107336K, reserved 1142784K
  class space    used 13021K, capacity 14048K, committed 14080K, reserved 1048576K
}

