# JRE version: OpenJDK Runtime Environment (11.0.15) (build 11.0.15+0-b2043.56-9505619)
# Java VM: OpenJDK 64-Bit Server VM (11.0.15+0-b2043.56-9505619, mixed mode, tiered, compressed oops, g1 gc, windows-amd64)
Heap:
 garbage-first heap   total 343040K, used 249548K [0x0000000080000000, 0x0000000100000000)
  region size 1024K, 72 young (73728K), 10 survivors (10240K)
 Metaspace       used 106834K, capacity 110062K, committed 110292K, reserved 1144832K
  class space    used 13341K, capacity 14428K, committed 14540K, reserved 1048576K
GC Heap History (20 events):
Event: 4.878 GC heap before
{Heap before GC invocations=9 (full 0):
 garbage-first heap   total 260096K, used 212427K [0x0000000080000000, 0x0000000100000000)
  region size 1024K, 144 young (147456K), 14 survivors (14336K)
 Metaspace       used 46878K, capacity 48216K, committed 48464K, reserved 1091584K
  class space    used 5916K, capacity 6391K, committed 6400K, reserved 1048576K
}
Event: 4.897 GC heap after
{Heap after GC invocations=10 (full 0):
 garbage-first heap   total 260096K, used 88536K [0x0000000080000000, 0x0000000100000000)
  region size 1024K, 18 young (18432K), 18 survivors (18432K)
 Metaspace       used 46878K, capacity 48216K, committed 48464K, reserved 1091584K
  class space    used 5916K, capacity 6391K, committed 6400K, reserved 1048576K
}
Event: 6.130 GC heap before
{Heap before GC invocations=11 (full 0):
 garbage-first heap   total 260096K, used 206296K [0x0000000080000000, 0x0000000100000000)
  region size 1024K, 124 young (126976K), 18 survivors (18432K)
 Metaspace       used 52414K, capacity 54182K, committed 54352K, reserved 1095680K
  class space    used 6724K, capacity 7351K, committed 7424K, reserved 1048576K
}
Event: 6.149 GC heap after
{Heap after GC invocations=12 (full 0):
 garbage-first heap   total 260096K, used 110650K [0x0000000080000000, 0x0000000100000000)
  region size 1024K, 14 young (14336K), 14 survivors (14336K)
 Metaspace       used 52414K, capacity 54182K, committed 54352K, reserved 1095680K
  class space    used 6724K, capacity 7351K, committed 7424K, reserved 1048576K
}
Event: 7.111 GC heap before
{Heap before GC invocations=12 (full 0):
 garbage-first heap   total 260096K, used 207930K [0x0000000080000000, 0x0000000100000000)
  region size 1024K, 104 young (106496K), 14 survivors (14336K)
 Metaspace       used 64818K, capacity 66735K, committed 66896K, reserved 1107968K
  class space    used 8220K, capacity 8932K, committed 8960K, reserved 1048576K
}
Event: 7.125 GC heap after
{Heap after GC invocations=13 (full 0):
 garbage-first heap   total 343040K, used 120181K [0x0000000080000000, 0x0000000100000000)
  region size 1024K, 8 young (8192K), 8 survivors (8192K)
 Metaspace       used 64818K, capacity 66735K, committed 66896K, reserved 1107968K
  class space    used 8220K, capacity 8932K, committed 8960K, reserved 1048576K
}
Event: 8.413 GC heap before
{Heap before GC invocations=13 (full 0):
 garbage-first heap   total 343040K, used 265589K [0x0000000080000000, 0x0000000100000000)
  region size 1024K, 147 young (150528K), 8 survivors (8192K)
 Metaspace       used 74748K, capacity 76767K, committed 76880K, reserved 1116160K
  class space    used 9680K, capacity 10417K, committed 10496K, reserved 1048576K
}
Event: 8.428 GC heap after
{Heap after GC invocations=14 (full 0):
 garbage-first heap   total 343040K, used 123373K [0x0000000080000000, 0x0000000100000000)
  region size 1024K, 14 young (14336K), 14 survivors (14336K)
 Metaspace       used 74748K, capacity 76767K, committed 76880K, reserved 1116160K
  class space    used 9680K, capacity 10417K, committed 10496K, reserved 1048576K
}
Event: 8.867 GC heap before
{Heap before GC invocations=14 (full 0):
 garbage-first heap   total 343040K, used 191981K [0x0000000080000000, 0x0000000100000000)
  region size 1024K, 56 young (57344K), 14 survivors (14336K)
 Metaspace       used 78600K, capacity 80692K, committed 80776K, reserved 1120256K
  class space    used 10087K, capacity 10858K, committed 10880K, reserved 1048576K
}
Event: 8.890 GC heap after
{Heap after GC invocations=15 (full 0):
 garbage-first heap   total 343040K, used 160371K [0x0000000080000000, 0x0000000100000000)
  region size 1024K, 18 young (18432K), 18 survivors (18432K)
 Metaspace       used 78600K, capacity 80692K, committed 80776K, reserved 1120256K
  class space    used 10087K, capacity 10858K, committed 10880K, reserved 1048576K
}
Event: 9.553 GC heap before
{Heap before GC invocations=16 (full 0):
 garbage-first heap   total 343040K, used 256627K [0x0000000080000000, 0x0000000100000000)
  region size 1024K, 112 young (114688K), 18 survivors (18432K)
 Metaspace       used 83224K, capacity 85601K, committed 85716K, reserved 1124352K
  class space    used 10602K, capacity 11408K, committed 11468K, reserved 1048576K
}
Event: 9.567 GC heap after
{Heap after GC invocations=17 (full 0):
 garbage-first heap   total 343040K, used 164538K [0x0000000080000000, 0x0000000100000000)
  region size 1024K, 4 young (4096K), 4 survivors (4096K)
 Metaspace       used 83224K, capacity 85601K, committed 85716K, reserved 1124352K
  class space    used 10602K, capacity 11408K, committed 11468K, reserved 1048576K
}
Event: 10.745 GC heap before
{Heap before GC invocations=18 (full 0):
 garbage-first heap   total 343040K, used 264890K [0x0000000080000000, 0x0000000100000000)
  region size 1024K, 102 young (104448K), 4 survivors (4096K)
 Metaspace       used 93947K, capacity 96670K, committed 96852K, reserved 1132544K
  class space    used 12060K, capacity 13004K, committed 13132K, reserved 1048576K
}
Event: 10.757 GC heap after
{Heap after GC invocations=19 (full 0):
 garbage-first heap   total 343040K, used 168917K [0x0000000080000000, 0x0000000100000000)
  region size 1024K, 9 young (9216K), 9 survivors (9216K)
 Metaspace       used 93947K, capacity 96670K, committed 96852K, reserved 1132544K
  class space    used 12060K, capacity 13004K, committed 13132K, reserved 1048576K
}
Event: 12.089 GC heap before
{Heap before GC invocations=19 (full 0):
 garbage-first heap   total 343040K, used 269269K [0x0000000080000000, 0x0000000100000000)
  region size 1024K, 108 young (110592K), 9 survivors (9216K)
 Metaspace       used 96460K, capacity 99183K, committed 99284K, reserved 1136640K
  class space    used 12244K, capacity 13198K, committed 13260K, reserved 1048576K
}
Event: 12.108 GC heap after
{Heap after GC invocations=20 (full 0):
 garbage-first heap   total 343040K, used 178426K [0x0000000080000000, 0x0000000100000000)
  region size 1024K, 14 young (14336K), 14 survivors (14336K)
 Metaspace       used 96460K, capacity 99183K, committed 99284K, reserved 1136640K
  class space    used 12244K, capacity 13198K, committed 13260K, reserved 1048576K
}
Event: 12.793 GC heap before
{Heap before GC invocations=21 (full 0):
 garbage-first heap   total 343040K, used 274682K [0x0000000080000000, 0x0000000100000000)
  region size 1024K, 108 young (110592K), 14 survivors (14336K)
 Metaspace       used 101149K, capacity 104090K, committed 104148K, reserved 1140736K
  class space    used 12788K, capacity 13754K, committed 13772K, reserved 1048576K
}
Event: 12.813 GC heap after
{Heap after GC invocations=22 (full 0):
 garbage-first heap   total 343040K, used 182942K [0x0000000080000000, 0x0000000100000000)
  region size 1024K, 5 young (5120K), 5 survivors (5120K)
 Metaspace       used 101149K, capacity 104090K, committed 104148K, reserved 1140736K
  class space    used 12788K, capacity 13754K, committed 13772K, reserved 1048576K
}
Event: 68.483 GC heap before
{Heap before GC invocations=22 (full 0):
 garbage-first heap   total 343040K, used 278174K [0x0000000080000000, 0x0000000100000000)
  region size 1024K, 99 young (101376K), 5 survivors (5120K)
 Metaspace       used 105665K, capacity 108774K, committed 109012K, reserved 1144832K
  class space    used 13192K, capacity 14225K, committed 14284K, reserved 1048576K
}
Event: 68.500 GC heap after
{Heap after GC invocations=23 (full 0):
 garbage-first heap   total 343040K, used 188108K [0x0000000080000000, 0x0000000100000000)
  region size 1024K, 10 young (10240K), 10 survivors (10240K)
 Metaspace       used 105665K, capacity 108774K, committed 109012K, reserved 1144832K
  class space    used 13192K, capacity 14225K, committed 14284K, reserved 1048576K
}

