# JRE version: OpenJDK Runtime Environment (11.0.15) (build 11.0.15+0-b2043.56-9505619)
# Java VM: OpenJDK 64-Bit Server VM (11.0.15+0-b2043.56-9505619, mixed mode, tiered, compressed oops, g1 gc, windows-amd64)
Heap:
 garbage-first heap   total 322560K, used 152551K [0x0000000080000000, 0x0000000100000000)
  region size 1024K, 98 young (100352K), 21 survivors (21504K)
 Metaspace       used 86986K, capacity 89370K, committed 89552K, reserved 1126400K
  class space    used 11222K, capacity 12056K, committed 12132K, reserved 1048576K
GC Heap History (20 events):
Event: 0.457 GC heap before
{Heap before GC invocations=0 (full 0):
 garbage-first heap   total 260096K, used 16384K [0x0000000080000000, 0x0000000100000000)
  region size 1024K, 14 young (14336K), 0 survivors (0K)
 Metaspace       used 6747K, capacity 6929K, committed 7168K, reserved 1056768K
  class space    used 571K, capacity 650K, committed 768K, reserved 1048576K
}
Event: 0.472 GC heap after
{Heap after GC invocations=1 (full 0):
 garbage-first heap   total 260096K, used 4040K [0x0000000080000000, 0x0000000100000000)
  region size 1024K, 2 young (2048K), 2 survivors (2048K)
 Metaspace       used 6747K, capacity 6929K, committed 7168K, reserved 1056768K
  class space    used 571K, capacity 650K, committed 768K, reserved 1048576K
}
Event: 2.054 GC heap before
{Heap before GC invocations=1 (full 0):
 garbage-first heap   total 260096K, used 113608K [0x0000000080000000, 0x0000000100000000)
  region size 1024K, 105 young (107520K), 2 survivors (2048K)
 Metaspace       used 20469K, capacity 20885K, committed 21120K, reserved 1067008K
  class space    used 2472K, capacity 2648K, committed 2688K, reserved 1048576K
}
Event: 2.061 GC heap after
{Heap after GC invocations=2 (full 0):
 garbage-first heap   total 260096K, used 16993K [0x0000000080000000, 0x0000000100000000)
  region size 1024K, 12 young (12288K), 12 survivors (12288K)
 Metaspace       used 20469K, capacity 20885K, committed 21120K, reserved 1067008K
  class space    used 2472K, capacity 2648K, committed 2688K, reserved 1048576K
}
Event: 2.082 GC heap before
{Heap before GC invocations=2 (full 0):
 garbage-first heap   total 260096K, used 20065K [0x0000000080000000, 0x0000000100000000)
  region size 1024K, 16 young (16384K), 12 survivors (12288K)
 Metaspace       used 20757K, capacity 21191K, committed 21296K, reserved 1069056K
  class space    used 2519K, capacity 2685K, committed 2688K, reserved 1048576K
}
Event: 2.089 GC heap after
{Heap after GC invocations=3 (full 0):
 garbage-first heap   total 260096K, used 17355K [0x0000000080000000, 0x0000000100000000)
  region size 1024K, 1 young (1024K), 1 survivors (1024K)
 Metaspace       used 20757K, capacity 21191K, committed 21296K, reserved 1069056K
  class space    used 2519K, capacity 2685K, committed 2688K, reserved 1048576K
}
Event: 2.570 GC heap before
{Heap before GC invocations=4 (full 0):
 garbage-first heap   total 260096K, used 65483K [0x0000000080000000, 0x0000000100000000)
  region size 1024K, 49 young (50176K), 1 survivors (1024K)
 Metaspace       used 25961K, capacity 26597K, committed 26876K, reserved 1073152K
  class space    used 3360K, capacity 3581K, committed 3660K, reserved 1048576K
}
Event: 2.575 GC heap after
{Heap after GC invocations=5 (full 0):
 garbage-first heap   total 260096K, used 18774K [0x0000000080000000, 0x0000000100000000)
  region size 1024K, 3 young (3072K), 3 survivors (3072K)
 Metaspace       used 25961K, capacity 26597K, committed 26876K, reserved 1073152K
  class space    used 3360K, capacity 3581K, committed 3660K, reserved 1048576K
}
Event: 3.365 GC heap before
{Heap before GC invocations=5 (full 0):
 garbage-first heap   total 260096K, used 90454K [0x0000000080000000, 0x0000000100000000)
  region size 1024K, 74 young (75776K), 3 survivors (3072K)
 Metaspace       used 35065K, capacity 35957K, committed 36048K, reserved 1081344K
  class space    used 4567K, capacity 4921K, committed 4940K, reserved 1048576K
}
Event: 3.378 GC heap after
{Heap after GC invocations=6 (full 0):
 garbage-first heap   total 260096K, used 22302K [0x0000000080000000, 0x0000000100000000)
  region size 1024K, 6 young (6144K), 6 survivors (6144K)
 Metaspace       used 35065K, capacity 35957K, committed 36048K, reserved 1081344K
  class space    used 4567K, capacity 4921K, committed 4940K, reserved 1048576K
}
Event: 4.586 GC heap before
{Heap before GC invocations=7 (full 0):
 garbage-first heap   total 260096K, used 132894K [0x0000000080000000, 0x0000000100000000)
  region size 1024K, 111 young (113664K), 6 survivors (6144K)
 Metaspace       used 44757K, capacity 45895K, committed 46236K, reserved 1089536K
  class space    used 5653K, capacity 6068K, committed 6168K, reserved 1048576K
}
Event: 4.608 GC heap after
{Heap after GC invocations=8 (full 0):
 garbage-first heap   total 260096K, used 30332K [0x0000000080000000, 0x0000000100000000)
  region size 1024K, 14 young (14336K), 14 survivors (14336K)
 Metaspace       used 44757K, capacity 45895K, committed 46236K, reserved 1089536K
  class space    used 5653K, capacity 6068K, committed 6168K, reserved 1048576K
}
Event: 6.492 GC heap before
{Heap before GC invocations=9 (full 0):
 garbage-first heap   total 260096K, used 153212K [0x0000000080000000, 0x0000000100000000)
  region size 1024K, 129 young (132096K), 14 survivors (14336K)
 Metaspace       used 52453K, capacity 53918K, committed 54044K, reserved 1095680K
  class space    used 6664K, capacity 7194K, committed 7320K, reserved 1048576K
}
Event: 6.515 GC heap after
{Heap after GC invocations=10 (full 0):
 garbage-first heap   total 260096K, used 43728K [0x0000000080000000, 0x0000000100000000)
  region size 1024K, 17 young (17408K), 17 survivors (17408K)
 Metaspace       used 52453K, capacity 53918K, committed 54044K, reserved 1095680K
  class space    used 6664K, capacity 7194K, committed 7320K, reserved 1048576K
}
Event: 8.796 GC heap before
{Heap before GC invocations=10 (full 0):
 garbage-first heap   total 260096K, used 189136K [0x0000000080000000, 0x0000000100000000)
  region size 1024K, 152 young (155648K), 17 survivors (17408K)
 Metaspace       used 67312K, capacity 68997K, committed 69276K, reserved 1110016K
  class space    used 8484K, capacity 9101K, committed 9240K, reserved 1048576K
}
Event: 8.820 GC heap after
{Heap after GC invocations=11 (full 0):
 garbage-first heap   total 322560K, used 54472K [0x0000000080000000, 0x0000000100000000)
  region size 1024K, 10 young (10240K), 10 survivors (10240K)
 Metaspace       used 67312K, capacity 68997K, committed 69276K, reserved 1110016K
  class space    used 8484K, capacity 9101K, committed 9240K, reserved 1048576K
}
Event: 9.991 GC heap before
{Heap before GC invocations=11 (full 0):
 garbage-first heap   total 322560K, used 163016K [0x0000000080000000, 0x0000000100000000)
  region size 1024K, 117 young (119808K), 10 survivors (10240K)
 Metaspace       used 75125K, capacity 76927K, committed 77060K, reserved 1116160K
  class space    used 9698K, capacity 10357K, committed 10392K, reserved 1048576K
}
Event: 10.014 GC heap after
{Heap after GC invocations=12 (full 0):
 garbage-first heap   total 322560K, used 61128K [0x0000000080000000, 0x0000000100000000)
  region size 1024K, 17 young (17408K), 17 survivors (17408K)
 Metaspace       used 75125K, capacity 76927K, committed 77060K, reserved 1116160K
  class space    used 9698K, capacity 10357K, committed 10392K, reserved 1048576K
}
Event: 11.498 GC heap before
{Heap before GC invocations=13 (full 0):
 garbage-first heap   total 322560K, used 211656K [0x0000000080000000, 0x0000000100000000)
  region size 1024K, 165 young (168960K), 17 survivors (17408K)
 Metaspace       used 84170K, capacity 86210K, committed 86480K, reserved 1124352K
  class space    used 10821K, capacity 11560K, committed 11620K, reserved 1048576K
}
Event: 11.532 GC heap after
{Heap after GC invocations=14 (full 0):
 garbage-first heap   total 322560K, used 75751K [0x0000000080000000, 0x0000000100000000)
  region size 1024K, 21 young (21504K), 21 survivors (21504K)
 Metaspace       used 84170K, capacity 86210K, committed 86480K, reserved 1124352K
  class space    used 10821K, capacity 11560K, committed 11620K, reserved 1048576K
}

