# JRE version: OpenJDK Runtime Environment (11.0.15) (build 11.0.15+0-b2043.56-9505619)
# Java VM: OpenJDK 64-Bit Server VM (11.0.15+0-b2043.56-9505619, mixed mode, tiered, compressed oops, g1 gc, windows-amd64)
Heap:
 garbage-first heap   total 260096K, used 207349K [0x0000000080000000, 0x0000000100000000)
  region size 1024K, 21 young (21504K), 6 survivors (6144K)
 Metaspace       used 106343K, capacity 109581K, committed 109608K, reserved 1144832K
  class space    used 13285K, capacity 14315K, committed 14336K, reserved 1048576K
GC Heap History (20 events):
Event: 12.214 GC heap before
{Heap before GC invocations=18 (full 0):
 garbage-first heap   total 260096K, used 202285K [0x0000000080000000, 0x0000000100000000)
  region size 1024K, 49 young (50176K), 7 survivors (7168K)
 Metaspace       used 82530K, capacity 84862K, committed 85032K, reserved 1122304K
  class space    used 10602K, capacity 11440K, committed 11520K, reserved 1048576K
}
Event: 12.219 GC heap after
{Heap after GC invocations=19 (full 0):
 garbage-first heap   total 260096K, used 163459K [0x0000000080000000, 0x0000000100000000)
  region size 1024K, 5 young (5120K), 5 survivors (5120K)
 Metaspace       used 82530K, capacity 84862K, committed 85032K, reserved 1122304K
  class space    used 10602K, capacity 11440K, committed 11520K, reserved 1048576K
}
Event: 13.004 GC heap before
{Heap before GC invocations=20 (full 0):
 garbage-first heap   total 260096K, used 216707K [0x0000000080000000, 0x0000000100000000)
  region size 1024K, 56 young (57344K), 5 survivors (5120K)
 Metaspace       used 89153K, capacity 91628K, committed 91688K, reserved 1128448K
  class space    used 11413K, capacity 12273K, committed 12288K, reserved 1048576K
}
Event: 13.012 GC heap after
{Heap after GC invocations=21 (full 0):
 garbage-first heap   total 260096K, used 164770K [0x0000000080000000, 0x0000000100000000)
  region size 1024K, 4 young (4096K), 4 survivors (4096K)
 Metaspace       used 89153K, capacity 91628K, committed 91688K, reserved 1128448K
  class space    used 11413K, capacity 12273K, committed 12288K, reserved 1048576K
}
Event: 13.834 GC heap before
{Heap before GC invocations=21 (full 0):
 garbage-first heap   total 260096K, used 218018K [0x0000000080000000, 0x0000000100000000)
  region size 1024K, 56 young (57344K), 4 survivors (4096K)
 Metaspace       used 94342K, capacity 97051K, committed 97192K, reserved 1134592K
  class space    used 12104K, capacity 13068K, committed 13184K, reserved 1048576K
}
Event: 13.842 GC heap after
{Heap after GC invocations=22 (full 0):
 garbage-first heap   total 260096K, used 167664K [0x0000000080000000, 0x0000000100000000)
  region size 1024K, 5 young (5120K), 5 survivors (5120K)
 Metaspace       used 94342K, capacity 97051K, committed 97192K, reserved 1134592K
  class space    used 12104K, capacity 13068K, committed 13184K, reserved 1048576K
}
Event: 14.736 GC heap before
{Heap before GC invocations=23 (full 0):
 garbage-first heap   total 260096K, used 218864K [0x0000000080000000, 0x0000000100000000)
  region size 1024K, 56 young (57344K), 5 survivors (5120K)
 Metaspace       used 95442K, capacity 98137K, committed 98216K, reserved 1134592K
  class space    used 12171K, capacity 13129K, committed 13184K, reserved 1048576K
}
Event: 14.749 GC heap after
{Heap after GC invocations=24 (full 0):
 garbage-first heap   total 260096K, used 173966K [0x0000000080000000, 0x0000000100000000)
  region size 1024K, 7 young (7168K), 7 survivors (7168K)
 Metaspace       used 95442K, capacity 98137K, committed 98216K, reserved 1134592K
  class space    used 12171K, capacity 13129K, committed 13184K, reserved 1048576K
}
Event: 15.581 GC heap before
{Heap before GC invocations=24 (full 0):
 garbage-first heap   total 260096K, used 220046K [0x0000000080000000, 0x0000000100000000)
  region size 1024K, 53 young (54272K), 7 survivors (7168K)
 Metaspace       used 96619K, capacity 99401K, committed 99624K, reserved 1136640K
  class space    used 12255K, capacity 13227K, committed 13312K, reserved 1048576K
}
Event: 15.596 GC heap after
{Heap after GC invocations=25 (full 0):
 garbage-first heap   total 260096K, used 177932K [0x0000000080000000, 0x0000000100000000)
  region size 1024K, 5 young (5120K), 5 survivors (5120K)
 Metaspace       used 96619K, capacity 99401K, committed 99624K, reserved 1136640K
  class space    used 12255K, capacity 13227K, committed 13312K, reserved 1048576K
}
Event: 16.079 GC heap before
{Heap before GC invocations=26 (full 0):
 garbage-first heap   total 260096K, used 221964K [0x0000000080000000, 0x0000000100000000)
  region size 1024K, 48 young (49152K), 5 survivors (5120K)
 Metaspace       used 98250K, capacity 101058K, committed 101288K, reserved 1136640K
  class space    used 12443K, capacity 13392K, committed 13440K, reserved 1048576K
}
Event: 16.090 GC heap after
{Heap after GC invocations=27 (full 0):
 garbage-first heap   total 260096K, used 180734K [0x0000000080000000, 0x0000000100000000)
  region size 1024K, 3 young (3072K), 3 survivors (3072K)
 Metaspace       used 98250K, capacity 101058K, committed 101288K, reserved 1136640K
  class space    used 12443K, capacity 13392K, committed 13440K, reserved 1048576K
}
Event: 16.441 GC heap before
{Heap before GC invocations=27 (full 0):
 garbage-first heap   total 260096K, used 222718K [0x0000000080000000, 0x0000000100000000)
  region size 1024K, 44 young (45056K), 3 survivors (3072K)
 Metaspace       used 100095K, capacity 103046K, committed 103336K, reserved 1138688K
  class space    used 12662K, capacity 13642K, committed 13696K, reserved 1048576K
}
Event: 16.446 GC heap after
{Heap after GC invocations=28 (full 0):
 garbage-first heap   total 260096K, used 181099K [0x0000000080000000, 0x0000000100000000)
  region size 1024K, 4 young (4096K), 4 survivors (4096K)
 Metaspace       used 100095K, capacity 103046K, committed 103336K, reserved 1138688K
  class space    used 12662K, capacity 13642K, committed 13696K, reserved 1048576K
}
Event: 83.980 GC heap before
{Heap before GC invocations=29 (full 0):
 garbage-first heap   total 260096K, used 222059K [0x0000000080000000, 0x0000000100000000)
  region size 1024K, 45 young (46080K), 4 survivors (4096K)
 Metaspace       used 103771K, capacity 106791K, committed 107048K, reserved 1142784K
  class space    used 12955K, capacity 13971K, committed 14080K, reserved 1048576K
}
Event: 83.987 GC heap after
{Heap after GC invocations=30 (full 0):
 garbage-first heap   total 260096K, used 183585K [0x0000000080000000, 0x0000000100000000)
  region size 1024K, 4 young (4096K), 4 survivors (4096K)
 Metaspace       used 103771K, capacity 106791K, committed 107048K, reserved 1142784K
  class space    used 12955K, capacity 13971K, committed 14080K, reserved 1048576K
}
Event: 84.484 GC heap before
{Heap before GC invocations=30 (full 0):
 garbage-first heap   total 260096K, used 224545K [0x0000000080000000, 0x0000000100000000)
  region size 1024K, 44 young (45056K), 4 survivors (4096K)
 Metaspace       used 105310K, capacity 108358K, committed 108456K, reserved 1144832K
  class space    used 13119K, capacity 14117K, committed 14208K, reserved 1048576K
}
Event: 84.503 GC heap after
{Heap after GC invocations=31 (full 0):
 garbage-first heap   total 260096K, used 188048K [0x0000000080000000, 0x0000000100000000)
  region size 1024K, 6 young (6144K), 6 survivors (6144K)
 Metaspace       used 105310K, capacity 108358K, committed 108456K, reserved 1144832K
  class space    used 13119K, capacity 14117K, committed 14208K, reserved 1048576K
}
Event: 84.744 GC heap before
{Heap before GC invocations=31 (full 0):
 garbage-first heap   total 260096K, used 224912K [0x0000000080000000, 0x0000000100000000)
  region size 1024K, 42 young (43008K), 6 survivors (6144K)
 Metaspace       used 105385K, capacity 108440K, committed 108712K, reserved 1144832K
  class space    used 13123K, capacity 14121K, committed 14208K, reserved 1048576K
}
Event: 84.756 GC heap after
{Heap after GC invocations=32 (full 0):
 garbage-first heap   total 260096K, used 194037K [0x0000000080000000, 0x0000000100000000)
  region size 1024K, 6 young (6144K), 6 survivors (6144K)
 Metaspace       used 105385K, capacity 108440K, committed 108712K, reserved 1144832K
  class space    used 13123K, capacity 14121K, committed 14208K, reserved 1048576K
}

