# JRE version: OpenJDK Runtime Environment (11.0.15) (build 11.0.15+0-b2043.56-9505619)
# Java VM: OpenJDK 64-Bit Server VM (11.0.15+0-b2043.56-9505619, mixed mode, tiered, compressed oops, g1 gc, windows-amd64)
Heap:
 garbage-first heap   total 312320K, used 76332K [0x0000000080000000, 0x0000000100000000)
  region size 1024K, 20 young (20480K), 19 survivors (19456K)
 Metaspace       used 85963K, capacity 88235K, committed 88348K, reserved 1126400K
  class space    used 11129K, capacity 11889K, committed 11980K, reserved 1048576K
GC Heap History (20 events):
Event: 1.892 GC heap before
{Heap before GC invocations=2 (full 0):
 garbage-first heap   total 260096K, used 21129K [0x0000000080000000, 0x0000000100000000)
  region size 1024K, 14 young (14336K), 9 survivors (9216K)
 Metaspace       used 17503K, capacity 17875K, committed 18176K, reserved 1064960K
  class space    used 2021K, capacity 2177K, committed 2304K, reserved 1048576K
}
Event: 1.897 GC heap after
{Heap after GC invocations=3 (full 0):
 garbage-first heap   total 260096K, used 16181K [0x0000000080000000, 0x0000000100000000)
  region size 1024K, 1 young (1024K), 1 survivors (1024K)
 Metaspace       used 17503K, capacity 17875K, committed 18176K, reserved 1064960K
  class space    used 2021K, capacity 2177K, committed 2304K, reserved 1048576K
}
Event: 2.132 GC heap before
{Heap before GC invocations=3 (full 0):
 garbage-first heap   total 260096K, used 46901K [0x0000000080000000, 0x0000000100000000)
  region size 1024K, 31 young (31744K), 1 survivors (1024K)
 Metaspace       used 20745K, capacity 21140K, committed 21296K, reserved 1069056K
  class space    used 2495K, capacity 2649K, committed 2688K, reserved 1048576K
}
Event: 2.135 GC heap after
{Heap after GC invocations=4 (full 0):
 garbage-first heap   total 260096K, used 16869K [0x0000000080000000, 0x0000000100000000)
  region size 1024K, 2 young (2048K), 2 survivors (2048K)
 Metaspace       used 20745K, capacity 21140K, committed 21296K, reserved 1069056K
  class space    used 2495K, capacity 2649K, committed 2688K, reserved 1048576K
}
Event: 2.146 GC heap before
{Heap before GC invocations=4 (full 0):
 garbage-first heap   total 260096K, used 16869K [0x0000000080000000, 0x0000000100000000)
  region size 1024K, 3 young (3072K), 2 survivors (2048K)
 Metaspace       used 20830K, capacity 21149K, committed 21296K, reserved 1069056K
  class space    used 2507K, capacity 2651K, committed 2688K, reserved 1048576K
}
Event: 2.148 GC heap after
{Heap after GC invocations=5 (full 0):
 garbage-first heap   total 260096K, used 17029K [0x0000000080000000, 0x0000000100000000)
  region size 1024K, 2 young (2048K), 2 survivors (2048K)
 Metaspace       used 20830K, capacity 21149K, committed 21296K, reserved 1069056K
  class space    used 2507K, capacity 2651K, committed 2688K, reserved 1048576K
}
Event: 3.009 GC heap before
{Heap before GC invocations=6 (full 0):
 garbage-first heap   total 260096K, used 89733K [0x0000000080000000, 0x0000000100000000)
  region size 1024K, 73 young (74752K), 2 survivors (2048K)
 Metaspace       used 28010K, capacity 28668K, committed 28720K, reserved 1075200K
  class space    used 3679K, capacity 3917K, committed 3968K, reserved 1048576K
}
Event: 3.013 GC heap after
{Heap after GC invocations=7 (full 0):
 garbage-first heap   total 260096K, used 19451K [0x0000000080000000, 0x0000000100000000)
  region size 1024K, 4 young (4096K), 4 survivors (4096K)
 Metaspace       used 28010K, capacity 28668K, committed 28720K, reserved 1075200K
  class space    used 3679K, capacity 3917K, committed 3968K, reserved 1048576K
}
Event: 3.619 GC heap before
{Heap before GC invocations=7 (full 0):
 garbage-first heap   total 260096K, used 66555K [0x0000000080000000, 0x0000000100000000)
  region size 1024K, 51 young (52224K), 4 survivors (4096K)
 Metaspace       used 34904K, capacity 35726K, committed 35888K, reserved 1081344K
  class space    used 4554K, capacity 4887K, committed 4992K, reserved 1048576K
}
Event: 3.629 GC heap after
{Heap after GC invocations=8 (full 0):
 garbage-first heap   total 260096K, used 22377K [0x0000000080000000, 0x0000000100000000)
  region size 1024K, 7 young (7168K), 7 survivors (7168K)
 Metaspace       used 34904K, capacity 35726K, committed 35888K, reserved 1081344K
  class space    used 4554K, capacity 4887K, committed 4992K, reserved 1048576K
}
Event: 4.808 GC heap before
{Heap before GC invocations=9 (full 0):
 garbage-first heap   total 260096K, used 137065K [0x0000000080000000, 0x0000000100000000)
  region size 1024K, 116 young (118784K), 7 survivors (7168K)
 Metaspace       used 44935K, capacity 46084K, committed 46256K, reserved 1089536K
  class space    used 5684K, capacity 6086K, committed 6144K, reserved 1048576K
}
Event: 4.820 GC heap after
{Heap after GC invocations=10 (full 0):
 garbage-first heap   total 260096K, used 30438K [0x0000000080000000, 0x0000000100000000)
  region size 1024K, 15 young (15360K), 15 survivors (15360K)
 Metaspace       used 44935K, capacity 46084K, committed 46256K, reserved 1089536K
  class space    used 5684K, capacity 6086K, committed 6144K, reserved 1048576K
}
Event: 6.178 GC heap before
{Heap before GC invocations=10 (full 0):
 garbage-first heap   total 260096K, used 159462K [0x0000000080000000, 0x0000000100000000)
  region size 1024K, 137 young (140288K), 15 survivors (15360K)
 Metaspace       used 53939K, capacity 55512K, committed 55856K, reserved 1097728K
  class space    used 6852K, capacity 7426K, committed 7552K, reserved 1048576K
}
Event: 6.199 GC heap after
{Heap after GC invocations=11 (full 0):
 garbage-first heap   total 260096K, used 44583K [0x0000000080000000, 0x0000000100000000)
  region size 1024K, 18 young (18432K), 18 survivors (18432K)
 Metaspace       used 53939K, capacity 55512K, committed 55856K, reserved 1097728K
  class space    used 6852K, capacity 7426K, committed 7552K, reserved 1048576K
}
Event: 6.577 GC heap before
{Heap before GC invocations=11 (full 0):
 garbage-first heap   total 260096K, used 74279K [0x0000000080000000, 0x0000000100000000)
  region size 1024K, 48 young (49152K), 18 survivors (18432K)
 Metaspace       used 58599K, capacity 60173K, committed 60240K, reserved 1101824K
  class space    used 7352K, capacity 7934K, committed 7936K, reserved 1048576K
}
Event: 6.594 GC heap after
{Heap after GC invocations=12 (full 0):
 garbage-first heap   total 260096K, used 46817K [0x0000000080000000, 0x0000000100000000)
  region size 1024K, 3 young (3072K), 3 survivors (3072K)
 Metaspace       used 58599K, capacity 60173K, committed 60240K, reserved 1101824K
  class space    used 7352K, capacity 7934K, committed 7936K, reserved 1048576K
}
Event: 8.273 GC heap before
{Heap before GC invocations=13 (full 0):
 garbage-first heap   total 260096K, used 159457K [0x0000000080000000, 0x0000000100000000)
  region size 1024K, 105 young (107520K), 3 survivors (3072K)
 Metaspace       used 67330K, capacity 68994K, committed 69148K, reserved 1110016K
  class space    used 8503K, capacity 9100K, committed 9164K, reserved 1048576K
}
Event: 8.286 GC heap after
{Heap after GC invocations=14 (full 0):
 garbage-first heap   total 312320K, used 54151K [0x0000000080000000, 0x0000000100000000)
  region size 1024K, 10 young (10240K), 10 survivors (10240K)
 Metaspace       used 67330K, capacity 68994K, committed 69148K, reserved 1110016K
  class space    used 8503K, capacity 9100K, committed 9164K, reserved 1048576K
}
Event: 9.820 GC heap before
{Heap before GC invocations=15 (full 0):
 garbage-first heap   total 312320K, used 187271K [0x0000000080000000, 0x0000000100000000)
  region size 1024K, 140 young (143360K), 10 survivors (10240K)
 Metaspace       used 77532K, capacity 79527K, committed 79772K, reserved 1118208K
  class space    used 10038K, capacity 10721K, committed 10828K, reserved 1048576K
}
Event: 9.838 GC heap after
{Heap after GC invocations=16 (full 0):
 garbage-first heap   total 312320K, used 62482K [0x0000000080000000, 0x0000000100000000)
  region size 1024K, 17 young (17408K), 17 survivors (17408K)
 Metaspace       used 77532K, capacity 79527K, committed 79772K, reserved 1118208K
  class space    used 10038K, capacity 10721K, committed 10828K, reserved 1048576K
}

