# JRE version: OpenJDK Runtime Environment (11.0.15) (build 11.0.15+0-b2043.56-9505619)
# Java VM: OpenJDK 64-Bit Server VM (11.0.15+0-b2043.56-9505619, mixed mode, tiered, compressed oops, g1 gc, windows-amd64)
Heap:
 garbage-first heap   total 312320K, used 197398K [0x0000000080000000, 0x0000000100000000)
  region size 1024K, 12 young (12288K), 9 survivors (9216K)
 Metaspace       used 106477K, capacity 109519K, committed 109732K, reserved 1144832K
  class space    used 13314K, capacity 14345K, committed 14412K, reserved 1048576K
GC Heap History (20 events):
Event: 9.388 GC heap before
{Heap before GC invocations=13 (full 0):
 garbage-first heap   total 260096K, used 196989K [0x0000000080000000, 0x0000000100000000)
  region size 1024K, 98 young (100352K), 8 survivors (8192K)
 Metaspace       used 73844K, capacity 75875K, committed 76068K, reserved 1116160K
  class space    used 9552K, capacity 10315K, committed 10444K, reserved 1048576K
}
Event: 9.403 GC heap after
{Heap after GC invocations=14 (full 0):
 garbage-first heap   total 312320K, used 109568K [0x0000000080000000, 0x0000000100000000)
  region size 1024K, 6 young (6144K), 6 survivors (6144K)
 Metaspace       used 73844K, capacity 75875K, committed 76068K, reserved 1116160K
  class space    used 9552K, capacity 10315K, committed 10444K, reserved 1048576K
}
Event: 9.937 GC heap before
{Heap before GC invocations=14 (full 0):
 garbage-first heap   total 312320K, used 183296K [0x0000000080000000, 0x0000000100000000)
  region size 1024K, 53 young (54272K), 6 survivors (6144K)
 Metaspace       used 78309K, capacity 80441K, committed 80548K, reserved 1120256K
  class space    used 10045K, capacity 10795K, committed 10828K, reserved 1048576K
}
Event: 9.947 GC heap after
{Heap after GC invocations=15 (full 0):
 garbage-first heap   total 312320K, used 146269K [0x0000000080000000, 0x0000000100000000)
  region size 1024K, 15 young (15360K), 15 survivors (15360K)
 Metaspace       used 78309K, capacity 80441K, committed 80548K, reserved 1120256K
  class space    used 10045K, capacity 10795K, committed 10828K, reserved 1048576K
}
Event: 10.610 GC heap before
{Heap before GC invocations=16 (full 0):
 garbage-first heap   total 312320K, used 252765K [0x0000000080000000, 0x0000000100000000)
  region size 1024K, 107 young (109568K), 15 survivors (15360K)
 Metaspace       used 81980K, capacity 84349K, committed 84516K, reserved 1122304K
  class space    used 10541K, capacity 11375K, committed 11468K, reserved 1048576K
}
Event: 10.625 GC heap after
{Heap after GC invocations=17 (full 0):
 garbage-first heap   total 312320K, used 162420K [0x0000000080000000, 0x0000000100000000)
  region size 1024K, 4 young (4096K), 4 survivors (4096K)
 Metaspace       used 81980K, capacity 84349K, committed 84516K, reserved 1122304K
  class space    used 10541K, capacity 11375K, committed 11468K, reserved 1048576K
}
Event: 10.670 GC heap before
{Heap before GC invocations=17 (full 0):
 garbage-first heap   total 312320K, used 167540K [0x0000000080000000, 0x0000000100000000)
  region size 1024K, 10 young (10240K), 4 survivors (4096K)
 Metaspace       used 82409K, capacity 84832K, committed 85028K, reserved 1122304K
  class space    used 10577K, capacity 11408K, committed 11468K, reserved 1048576K
}
Event: 10.676 GC heap after
{Heap after GC invocations=18 (full 0):
 garbage-first heap   total 312320K, used 162796K [0x0000000080000000, 0x0000000100000000)
  region size 1024K, 5 young (5120K), 5 survivors (5120K)
 Metaspace       used 82409K, capacity 84832K, committed 85028K, reserved 1122304K
  class space    used 10577K, capacity 11408K, committed 11468K, reserved 1048576K
}
Event: 11.460 GC heap before
{Heap before GC invocations=19 (full 0):
 garbage-first heap   total 312320K, used 231404K [0x0000000080000000, 0x0000000100000000)
  region size 1024K, 71 young (72704K), 5 survivors (5120K)
 Metaspace       used 90380K, capacity 92982K, committed 93220K, reserved 1130496K
  class space    used 11599K, capacity 12484K, committed 12492K, reserved 1048576K
}
Event: 11.468 GC heap after
{Heap after GC invocations=20 (full 0):
 garbage-first heap   total 312320K, used 165527K [0x0000000080000000, 0x0000000100000000)
  region size 1024K, 7 young (7168K), 7 survivors (7168K)
 Metaspace       used 90380K, capacity 92982K, committed 93220K, reserved 1130496K
  class space    used 11599K, capacity 12484K, committed 12492K, reserved 1048576K
}
Event: 12.296 GC heap before
{Heap before GC invocations=20 (full 0):
 garbage-first heap   total 312320K, used 237207K [0x0000000080000000, 0x0000000100000000)
  region size 1024K, 78 young (79872K), 7 survivors (7168K)
 Metaspace       used 95118K, capacity 97812K, committed 97956K, reserved 1134592K
  class space    used 12159K, capacity 13096K, committed 13132K, reserved 1048576K
}
Event: 12.322 GC heap after
{Heap after GC invocations=21 (full 0):
 garbage-first heap   total 312320K, used 172396K [0x0000000080000000, 0x0000000100000000)
  region size 1024K, 10 young (10240K), 10 survivors (10240K)
 Metaspace       used 95118K, capacity 97812K, committed 97956K, reserved 1134592K
  class space    used 12159K, capacity 13096K, committed 13132K, reserved 1048576K
}
Event: 13.585 GC heap before
{Heap before GC invocations=22 (full 0):
 garbage-first heap   total 312320K, used 243052K [0x0000000080000000, 0x0000000100000000)
  region size 1024K, 80 young (81920K), 10 survivors (10240K)
 Metaspace       used 96662K, capacity 99372K, committed 99620K, reserved 1136640K
  class space    used 12262K, capacity 13197K, committed 13260K, reserved 1048576K
}
Event: 13.603 GC heap after
{Heap after GC invocations=23 (full 0):
 garbage-first heap   total 312320K, used 178310K [0x0000000080000000, 0x0000000100000000)
  region size 1024K, 7 young (7168K), 7 survivors (7168K)
 Metaspace       used 96662K, capacity 99372K, committed 99620K, reserved 1136640K
  class space    used 12262K, capacity 13197K, committed 13260K, reserved 1048576K
}
Event: 13.893 GC heap before
{Heap before GC invocations=23 (full 0):
 garbage-first heap   total 312320K, used 247942K [0x0000000080000000, 0x0000000100000000)
  region size 1024K, 75 young (76800K), 7 survivors (7168K)
 Metaspace       used 99088K, capacity 101887K, committed 102052K, reserved 1138688K
  class space    used 12562K, capacity 13521K, committed 13644K, reserved 1048576K
}
Event: 13.904 GC heap after
{Heap after GC invocations=24 (full 0):
 garbage-first heap   total 312320K, used 181241K [0x0000000080000000, 0x0000000100000000)
  region size 1024K, 3 young (3072K), 3 survivors (3072K)
 Metaspace       used 99088K, capacity 101887K, committed 102052K, reserved 1138688K
  class space    used 12562K, capacity 13521K, committed 13644K, reserved 1048576K
}
Event: 29.823 GC heap before
{Heap before GC invocations=25 (full 0):
 garbage-first heap   total 312320K, used 251897K [0x0000000080000000, 0x0000000100000000)
  region size 1024K, 73 young (74752K), 3 survivors (3072K)
 Metaspace       used 104688K, capacity 107698K, committed 107940K, reserved 1142784K
  class space    used 13064K, capacity 14103K, committed 14156K, reserved 1048576K
}
Event: 29.835 GC heap after
{Heap after GC invocations=26 (full 0):
 garbage-first heap   total 312320K, used 186896K [0x0000000080000000, 0x0000000100000000)
  region size 1024K, 9 young (9216K), 9 survivors (9216K)
 Metaspace       used 104688K, capacity 107698K, committed 107940K, reserved 1142784K
  class space    used 13064K, capacity 14103K, committed 14156K, reserved 1048576K
}
Event: 40.313 GC heap before
{Heap before GC invocations=26 (full 0):
 garbage-first heap   total 312320K, used 255504K [0x0000000080000000, 0x0000000100000000)
  region size 1024K, 77 young (78848K), 9 survivors (9216K)
 Metaspace       used 106244K, capacity 109280K, committed 109476K, reserved 1144832K
  class space    used 13279K, capacity 14331K, committed 14412K, reserved 1048576K
}
Event: 40.338 GC heap after
{Heap after GC invocations=27 (full 0):
 garbage-first heap   total 312320K, used 195350K [0x0000000080000000, 0x0000000100000000)
  region size 1024K, 9 young (9216K), 9 survivors (9216K)
 Metaspace       used 106244K, capacity 109280K, committed 109476K, reserved 1144832K
  class space    used 13279K, capacity 14331K, committed 14412K, reserved 1048576K
}

