# JRE version: OpenJDK Runtime Environment (11.0.15) (build 11.0.15+0-b2043.56-9505619)
# Java VM: OpenJDK 64-Bit Server VM (11.0.15+0-b2043.56-9505619, mixed mode, tiered, compressed oops, g1 gc, windows-amd64)
Heap:
 garbage-first heap   total 312320K, used 128130K [0x0000000080000000, 0x0000000100000000)
  region size 1024K, 77 young (78848K), 19 survivors (19456K)
 Metaspace       used 86100K, capacity 88405K, committed 88732K, reserved 1126400K
  class space    used 11131K, capacity 11924K, committed 12056K, reserved 1048576K
GC Heap History (20 events):
Event: 0.375 GC heap before
{Heap before GC invocations=0 (full 0):
 garbage-first heap   total 260096K, used 16384K [0x0000000080000000, 0x0000000100000000)
  region size 1024K, 14 young (14336K), 0 survivors (0K)
 Metaspace       used 6745K, capacity 6925K, committed 7168K, reserved 1056768K
  class space    used 571K, capacity 650K, committed 768K, reserved 1048576K
}
Event: 0.380 GC heap after
{Heap after GC invocations=1 (full 0):
 garbage-first heap   total 260096K, used 3897K [0x0000000080000000, 0x0000000100000000)
  region size 1024K, 2 young (2048K), 2 survivors (2048K)
 Metaspace       used 6745K, capacity 6925K, committed 7168K, reserved 1056768K
  class space    used 571K, capacity 650K, committed 768K, reserved 1048576K
}
Event: 1.762 GC heap before
{Heap before GC invocations=1 (full 0):
 garbage-first heap   total 260096K, used 101177K [0x0000000080000000, 0x0000000100000000)
  region size 1024K, 93 young (95232K), 2 survivors (2048K)
 Metaspace       used 19674K, capacity 20098K, committed 20224K, reserved 1067008K
  class space    used 2332K, capacity 2451K, committed 2560K, reserved 1048576K
}
Event: 1.769 GC heap after
{Heap after GC invocations=2 (full 0):
 garbage-first heap   total 260096K, used 16796K [0x0000000080000000, 0x0000000100000000)
  region size 1024K, 12 young (12288K), 12 survivors (12288K)
 Metaspace       used 19674K, capacity 20098K, committed 20224K, reserved 1067008K
  class space    used 2332K, capacity 2451K, committed 2560K, reserved 1048576K
}
Event: 1.856 GC heap before
{Heap before GC invocations=2 (full 0):
 garbage-first heap   total 260096K, used 31132K [0x0000000080000000, 0x0000000100000000)
  region size 1024K, 27 young (27648K), 12 survivors (12288K)
 Metaspace       used 20840K, capacity 21149K, committed 21296K, reserved 1069056K
  class space    used 2511K, capacity 2651K, committed 2688K, reserved 1048576K
}
Event: 1.863 GC heap after
{Heap after GC invocations=3 (full 0):
 garbage-first heap   total 260096K, used 17109K [0x0000000080000000, 0x0000000100000000)
  region size 1024K, 1 young (1024K), 1 survivors (1024K)
 Metaspace       used 20840K, capacity 21149K, committed 21296K, reserved 1069056K
  class space    used 2511K, capacity 2651K, committed 2688K, reserved 1048576K
}
Event: 2.364 GC heap before
{Heap before GC invocations=4 (full 0):
 garbage-first heap   total 260096K, used 70357K [0x0000000080000000, 0x0000000100000000)
  region size 1024K, 53 young (54272K), 1 survivors (1024K)
 Metaspace       used 26516K, capacity 27162K, committed 27388K, reserved 1073152K
  class space    used 3430K, capacity 3648K, committed 3660K, reserved 1048576K
}
Event: 2.368 GC heap after
{Heap after GC invocations=5 (full 0):
 garbage-first heap   total 260096K, used 18947K [0x0000000080000000, 0x0000000100000000)
  region size 1024K, 3 young (3072K), 3 survivors (3072K)
 Metaspace       used 26516K, capacity 27162K, committed 27388K, reserved 1073152K
  class space    used 3430K, capacity 3648K, committed 3660K, reserved 1048576K
}
Event: 3.281 GC heap before
{Heap before GC invocations=5 (full 0):
 garbage-first heap   total 260096K, used 88579K [0x0000000080000000, 0x0000000100000000)
  region size 1024K, 72 young (73728K), 3 survivors (3072K)
 Metaspace       used 35073K, capacity 35953K, committed 36048K, reserved 1081344K
  class space    used 4567K, capacity 4921K, committed 4940K, reserved 1048576K
}
Event: 3.292 GC heap after
{Heap after GC invocations=6 (full 0):
 garbage-first heap   total 260096K, used 22409K [0x0000000080000000, 0x0000000100000000)
  region size 1024K, 6 young (6144K), 6 survivors (6144K)
 Metaspace       used 35073K, capacity 35953K, committed 36048K, reserved 1081344K
  class space    used 4567K, capacity 4921K, committed 4940K, reserved 1048576K
}
Event: 4.600 GC heap before
{Heap before GC invocations=7 (full 0):
 garbage-first heap   total 260096K, used 122761K [0x0000000080000000, 0x0000000100000000)
  region size 1024K, 102 young (104448K), 6 survivors (6144K)
 Metaspace       used 43448K, capacity 44619K, committed 44828K, reserved 1087488K
  class space    used 5562K, capacity 5962K, committed 6040K, reserved 1048576K
}
Event: 4.622 GC heap after
{Heap after GC invocations=8 (full 0):
 garbage-first heap   total 260096K, used 30168K [0x0000000080000000, 0x0000000100000000)
  region size 1024K, 13 young (13312K), 13 survivors (13312K)
 Metaspace       used 43448K, capacity 44619K, committed 44828K, reserved 1087488K
  class space    used 5562K, capacity 5962K, committed 6040K, reserved 1048576K
}
Event: 7.553 GC heap before
{Heap before GC invocations=9 (full 0):
 garbage-first heap   total 260096K, used 143832K [0x0000000080000000, 0x0000000100000000)
  region size 1024K, 119 young (121856K), 13 survivors (13312K)
 Metaspace       used 50674K, capacity 52067K, committed 52252K, reserved 1095680K
  class space    used 6412K, capacity 6938K, committed 7064K, reserved 1048576K
}
Event: 7.572 GC heap after
{Heap after GC invocations=10 (full 0):
 garbage-first heap   total 260096K, used 43760K [0x0000000080000000, 0x0000000100000000)
  region size 1024K, 15 young (15360K), 15 survivors (15360K)
 Metaspace       used 50674K, capacity 52067K, committed 52252K, reserved 1095680K
  class space    used 6412K, capacity 6938K, committed 7064K, reserved 1048576K
}
Event: 9.929 GC heap before
{Heap before GC invocations=10 (full 0):
 garbage-first heap   total 260096K, used 171760K [0x0000000080000000, 0x0000000100000000)
  region size 1024K, 133 young (136192K), 15 survivors (15360K)
 Metaspace       used 65369K, capacity 67080K, committed 67356K, reserved 1107968K
  class space    used 8189K, capacity 8791K, committed 8856K, reserved 1048576K
}
Event: 9.946 GC heap after
{Heap after GC invocations=11 (full 0):
 garbage-first heap   total 312320K, used 52506K [0x0000000080000000, 0x0000000100000000)
  region size 1024K, 9 young (9216K), 9 survivors (9216K)
 Metaspace       used 65369K, capacity 67080K, committed 67356K, reserved 1107968K
  class space    used 8189K, capacity 8791K, committed 8856K, reserved 1048576K
}
Event: 11.422 GC heap before
{Heap before GC invocations=11 (full 0):
 garbage-first heap   total 312320K, used 165146K [0x0000000080000000, 0x0000000100000000)
  region size 1024K, 120 young (122880K), 9 survivors (9216K)
 Metaspace       used 72872K, capacity 74580K, committed 74652K, reserved 1114112K
  class space    used 9355K, capacity 9975K, committed 10008K, reserved 1048576K
}
Event: 11.442 GC heap after
{Heap after GC invocations=12 (full 0):
 garbage-first heap   total 312320K, used 59025K [0x0000000080000000, 0x0000000100000000)
  region size 1024K, 15 young (15360K), 15 survivors (15360K)
 Metaspace       used 72872K, capacity 74580K, committed 74652K, reserved 1114112K
  class space    used 9355K, capacity 9975K, committed 10008K, reserved 1048576K
}
Event: 13.697 GC heap before
{Heap before GC invocations=13 (full 0):
 garbage-first heap   total 312320K, used 199313K [0x0000000080000000, 0x0000000100000000)
  region size 1024K, 152 young (155648K), 15 survivors (15360K)
 Metaspace       used 82372K, capacity 84414K, committed 84764K, reserved 1122304K
  class space    used 10642K, capacity 11309K, committed 11416K, reserved 1048576K
}
Event: 13.744 GC heap after
{Heap after GC invocations=14 (full 0):
 garbage-first heap   total 312320K, used 70786K [0x0000000080000000, 0x0000000100000000)
  region size 1024K, 19 young (19456K), 19 survivors (19456K)
 Metaspace       used 82372K, capacity 84414K, committed 84764K, reserved 1122304K
  class space    used 10642K, capacity 11309K, committed 11416K, reserved 1048576K
}

