# JRE version: OpenJDK Runtime Environment Corretto-11.0.18.10.1 (11.0.18+10) (build 11.0.18+10-LTS)
# Java VM: OpenJDK 64-Bit Server VM Corretto-11.0.18.10.1 (11.0.18+10-LTS, mixed mode, tiered, compressed oops, g1 gc, windows-amd64)
Heap:
 garbage-first heap   total 260096K, used 199680K [0x0000000080000000, 0x0000000100000000)
  region size 1024K, 6 young (6144K), 4 survivors (4096K)
 Metaspace       used 112476K, capacity 115921K, committed 116004K, reserved 1150976K
  class space    used 14098K, capacity 15284K, committed 15308K, reserved 1048576K
GC Heap History (20 events):
Event: 45.540 GC heap before
{Heap before GC invocations=31 (full 0):
 garbage-first heap   total 260096K, used 213120K [0x0000000080000000, 0x0000000100000000)
  region size 1024K, 37 young (37888K), 4 survivors (4096K)
 Metaspace       used 102010K, capacity 104947K, committed 105124K, reserved 1140736K
  class space    used 13013K, capacity 14051K, committed 14156K, reserved 1048576K
}
Event: 45.546 GC heap after
{Heap after GC invocations=32 (full 0):
 garbage-first heap   total 260096K, used 181149K [0x0000000080000000, 0x0000000100000000)
  region size 1024K, 4 young (4096K), 4 survivors (4096K)
 Metaspace       used 102010K, capacity 104947K, committed 105124K, reserved 1140736K
  class space    used 13013K, capacity 14051K, committed 14156K, reserved 1048576K
}
Event: 46.633 GC heap before
{Heap before GC invocations=32 (full 0):
 garbage-first heap   total 260096K, used 214941K [0x0000000080000000, 0x0000000100000000)
  region size 1024K, 38 young (38912K), 4 survivors (4096K)
 Metaspace       used 102336K, capacity 105260K, committed 105380K, reserved 1140736K
  class space    used 13021K, capacity 14058K, committed 14156K, reserved 1048576K
}
Event: 46.641 GC heap after
{Heap after GC invocations=33 (full 0):
 garbage-first heap   total 260096K, used 183004K [0x0000000080000000, 0x0000000100000000)
  region size 1024K, 4 young (4096K), 4 survivors (4096K)
 Metaspace       used 102336K, capacity 105260K, committed 105380K, reserved 1140736K
  class space    used 13021K, capacity 14058K, committed 14156K, reserved 1048576K
}
Event: 47.869 GC heap before
{Heap before GC invocations=34 (full 0):
 garbage-first heap   total 260096K, used 217820K [0x0000000080000000, 0x0000000100000000)
  region size 1024K, 39 young (39936K), 4 survivors (4096K)
 Metaspace       used 102982K, capacity 106031K, committed 106148K, reserved 1140736K
  class space    used 13082K, capacity 14154K, committed 14156K, reserved 1048576K
}
Event: 47.875 GC heap after
{Heap after GC invocations=35 (full 0):
 garbage-first heap   total 260096K, used 184212K [0x0000000080000000, 0x0000000100000000)
  region size 1024K, 4 young (4096K), 4 survivors (4096K)
 Metaspace       used 102982K, capacity 106031K, committed 106148K, reserved 1140736K
  class space    used 13082K, capacity 14154K, committed 14156K, reserved 1048576K
}
Event: 48.726 GC heap before
{Heap before GC invocations=35 (full 0):
 garbage-first heap   total 260096K, used 220052K [0x0000000080000000, 0x0000000100000000)
  region size 1024K, 39 young (39936K), 4 survivors (4096K)
 Metaspace       used 104450K, capacity 107551K, committed 107684K, reserved 1142784K
  class space    used 13257K, capacity 14382K, committed 14412K, reserved 1048576K
}
Event: 48.736 GC heap after
{Heap after GC invocations=36 (full 0):
 garbage-first heap   total 260096K, used 186393K [0x0000000080000000, 0x0000000100000000)
  region size 1024K, 4 young (4096K), 4 survivors (4096K)
 Metaspace       used 104450K, capacity 107551K, committed 107684K, reserved 1142784K
  class space    used 13257K, capacity 14382K, committed 14412K, reserved 1048576K
}
Event: 48.894 GC heap before
{Heap before GC invocations=36 (full 0):
 garbage-first heap   total 260096K, used 221209K [0x0000000080000000, 0x0000000100000000)
  region size 1024K, 38 young (38912K), 4 survivors (4096K)
 Metaspace       used 105479K, capacity 108677K, committed 108836K, reserved 1144832K
  class space    used 13389K, capacity 14527K, committed 14540K, reserved 1048576K
}
Event: 48.899 GC heap after
{Heap after GC invocations=37 (full 0):
 garbage-first heap   total 260096K, used 187021K [0x0000000080000000, 0x0000000100000000)
  region size 1024K, 3 young (3072K), 3 survivors (3072K)
 Metaspace       used 105479K, capacity 108677K, committed 108836K, reserved 1144832K
  class space    used 13389K, capacity 14527K, committed 14540K, reserved 1048576K
}
Event: 224.444 GC heap before
{Heap before GC invocations=38 (full 0):
 garbage-first heap   total 260096K, used 221837K [0x0000000080000000, 0x0000000100000000)
  region size 1024K, 38 young (38912K), 3 survivors (3072K)
 Metaspace       used 109572K, capacity 112828K, committed 113060K, reserved 1146880K
  class space    used 13740K, capacity 14884K, committed 14924K, reserved 1048576K
}
Event: 224.450 GC heap after
{Heap after GC invocations=39 (full 0):
 garbage-first heap   total 260096K, used 188712K [0x0000000080000000, 0x0000000100000000)
  region size 1024K, 5 young (5120K), 5 survivors (5120K)
 Metaspace       used 109572K, capacity 112828K, committed 113060K, reserved 1146880K
  class space    used 13740K, capacity 14884K, committed 14924K, reserved 1048576K
}
Event: 225.345 GC heap before
{Heap before GC invocations=39 (full 0):
 garbage-first heap   total 260096K, used 222504K [0x0000000080000000, 0x0000000100000000)
  region size 1024K, 39 young (39936K), 5 survivors (5120K)
 Metaspace       used 110857K, capacity 114238K, committed 114596K, reserved 1148928K
  class space    used 13882K, capacity 15065K, committed 15180K, reserved 1048576K
}
Event: 225.358 GC heap after
{Heap after GC invocations=40 (full 0):
 garbage-first heap   total 260096K, used 192425K [0x0000000080000000, 0x0000000100000000)
  region size 1024K, 5 young (5120K), 5 survivors (5120K)
 Metaspace       used 110857K, capacity 114238K, committed 114596K, reserved 1148928K
  class space    used 13882K, capacity 15065K, committed 15180K, reserved 1048576K
}
Event: 225.896 GC heap before
{Heap before GC invocations=41 (full 0):
 garbage-first heap   total 260096K, used 225193K [0x0000000080000000, 0x0000000100000000)
  region size 1024K, 37 young (37888K), 5 survivors (5120K)
 Metaspace       used 111511K, capacity 114902K, committed 115108K, reserved 1148928K
  class space    used 13948K, capacity 15133K, committed 15180K, reserved 1048576K
}
Event: 225.907 GC heap after
{Heap after GC invocations=42 (full 0):
 garbage-first heap   total 260096K, used 196549K [0x0000000080000000, 0x0000000100000000)
  region size 1024K, 4 young (4096K), 4 survivors (4096K)
 Metaspace       used 111511K, capacity 114902K, committed 115108K, reserved 1148928K
  class space    used 13948K, capacity 15133K, committed 15180K, reserved 1048576K
}
Event: 225.961 GC heap before
{Heap before GC invocations=42 (full 0):
 garbage-first heap   total 260096K, used 204741K [0x0000000080000000, 0x0000000100000000)
  region size 1024K, 12 young (12288K), 4 survivors (4096K)
 Metaspace       used 111529K, capacity 114908K, committed 115108K, reserved 1148928K
  class space    used 13950K, capacity 15134K, committed 15180K, reserved 1048576K
}
Event: 225.969 GC heap after
{Heap after GC invocations=43 (full 0):
 garbage-first heap   total 260096K, used 195562K [0x0000000080000000, 0x0000000100000000)
  region size 1024K, 2 young (2048K), 2 survivors (2048K)
 Metaspace       used 111529K, capacity 114908K, committed 115108K, reserved 1148928K
  class space    used 13950K, capacity 15134K, committed 15180K, reserved 1048576K
}
Event: 236.327 GC heap before
{Heap before GC invocations=43 (full 0):
 garbage-first heap   total 260096K, used 222186K [0x0000000080000000, 0x0000000100000000)
  region size 1024K, 29 young (29696K), 2 survivors (2048K)
 Metaspace       used 112316K, capacity 115706K, committed 115748K, reserved 1150976K
  class space    used 14068K, capacity 15277K, committed 15308K, reserved 1048576K
}
Event: 236.334 GC heap after
{Heap after GC invocations=44 (full 0):
 garbage-first heap   total 260096K, used 198656K [0x0000000080000000, 0x0000000100000000)
  region size 1024K, 4 young (4096K), 4 survivors (4096K)
 Metaspace       used 112316K, capacity 115706K, committed 115748K, reserved 1150976K
  class space    used 14068K, capacity 15277K, committed 15308K, reserved 1048576K
}

