# JRE version: OpenJDK Runtime Environment (11.0.15) (build 11.0.15+0-b2043.56-9505619)
# Java VM: OpenJDK 64-Bit Server VM (11.0.15+0-b2043.56-9505619, mixed mode, tiered, compressed oops, g1 gc, windows-amd64)
Heap:
 garbage-first heap   total 260096K, used 110592K [0x0000000080000000, 0x0000000100000000)
  region size 1024K, 57 young (58368K), 18 survivors (18432K)
 Metaspace       used 85969K, capacity 88251K, committed 88400K, reserved 1126400K
  class space    used 11126K, capacity 11918K, committed 12056K, reserved 1048576K
GC Heap History (20 events):
Event: 1.244 GC heap before
{Heap before GC invocations=1 (full 0):
 garbage-first heap   total 260096K, used 40119K [0x0000000080000000, 0x0000000100000000)
  region size 1024K, 34 young (34816K), 2 survivors (2048K)
 Metaspace       used 10855K, capacity 11077K, committed 11264K, reserved 1058816K
  class space    used 1113K, capacity 1207K, committed 1280K, reserved 1048576K
}
Event: 1.248 GC heap after
{Heap after GC invocations=2 (full 0):
 garbage-first heap   total 260096K, used 9787K [0x0000000080000000, 0x0000000100000000)
  region size 1024K, 5 young (5120K), 5 survivors (5120K)
 Metaspace       used 10855K, capacity 11077K, committed 11264K, reserved 1058816K
  class space    used 1113K, capacity 1207K, committed 1280K, reserved 1048576K
}
Event: 2.159 GC heap before
{Heap before GC invocations=2 (full 0):
 garbage-first heap   total 260096K, used 46651K [0x0000000080000000, 0x0000000100000000)
  region size 1024K, 40 young (40960K), 5 survivors (5120K)
 Metaspace       used 16295K, capacity 16643K, committed 16896K, reserved 1064960K
  class space    used 1836K, capacity 1933K, committed 2048K, reserved 1048576K
}
Event: 2.165 GC heap after
{Heap after GC invocations=3 (full 0):
 garbage-first heap   total 260096K, used 15723K [0x0000000080000000, 0x0000000100000000)
  region size 1024K, 5 young (5120K), 5 survivors (5120K)
 Metaspace       used 16295K, capacity 16643K, committed 16896K, reserved 1064960K
  class space    used 1836K, capacity 1933K, committed 2048K, reserved 1048576K
}
Event: 2.562 GC heap before
{Heap before GC invocations=3 (full 0):
 garbage-first heap   total 260096K, used 53611K [0x0000000080000000, 0x0000000100000000)
  region size 1024K, 44 young (45056K), 5 survivors (5120K)
 Metaspace       used 20760K, capacity 21191K, committed 21296K, reserved 1069056K
  class space    used 2521K, capacity 2685K, committed 2688K, reserved 1048576K
}
Event: 2.569 GC heap after
{Heap after GC invocations=4 (full 0):
 garbage-first heap   total 260096K, used 17512K [0x0000000080000000, 0x0000000100000000)
  region size 1024K, 2 young (2048K), 2 survivors (2048K)
 Metaspace       used 20760K, capacity 21191K, committed 21296K, reserved 1069056K
  class space    used 2521K, capacity 2685K, committed 2688K, reserved 1048576K
}
Event: 3.290 GC heap before
{Heap before GC invocations=5 (full 0):
 garbage-first heap   total 260096K, used 73832K [0x0000000080000000, 0x0000000100000000)
  region size 1024K, 57 young (58368K), 2 survivors (2048K)
 Metaspace       used 26909K, capacity 27487K, committed 27772K, reserved 1073152K
  class space    used 3493K, capacity 3734K, committed 3788K, reserved 1048576K
}
Event: 3.297 GC heap after
{Heap after GC invocations=6 (full 0):
 garbage-first heap   total 260096K, used 19335K [0x0000000080000000, 0x0000000100000000)
  region size 1024K, 4 young (4096K), 4 survivors (4096K)
 Metaspace       used 26909K, capacity 27487K, committed 27772K, reserved 1073152K
  class space    used 3493K, capacity 3734K, committed 3788K, reserved 1048576K
}
Event: 4.146 GC heap before
{Heap before GC invocations=6 (full 0):
 garbage-first heap   total 260096K, used 83847K [0x0000000080000000, 0x0000000100000000)
  region size 1024K, 68 young (69632K), 4 survivors (4096K)
 Metaspace       used 35071K, capacity 35957K, committed 36048K, reserved 1081344K
  class space    used 4567K, capacity 4921K, committed 4940K, reserved 1048576K
}
Event: 4.157 GC heap after
{Heap after GC invocations=7 (full 0):
 garbage-first heap   total 260096K, used 22630K [0x0000000080000000, 0x0000000100000000)
  region size 1024K, 7 young (7168K), 7 survivors (7168K)
 Metaspace       used 35071K, capacity 35957K, committed 36048K, reserved 1081344K
  class space    used 4567K, capacity 4921K, committed 4940K, reserved 1048576K
}
Event: 5.895 GC heap before
{Heap before GC invocations=8 (full 0):
 garbage-first heap   total 260096K, used 134246K [0x0000000080000000, 0x0000000100000000)
  region size 1024K, 113 young (115712K), 7 survivors (7168K)
 Metaspace       used 44839K, capacity 45992K, committed 46236K, reserved 1089536K
  class space    used 5668K, capacity 6075K, committed 6168K, reserved 1048576K
}
Event: 5.918 GC heap after
{Heap after GC invocations=9 (full 0):
 garbage-first heap   total 260096K, used 30547K [0x0000000080000000, 0x0000000100000000)
  region size 1024K, 15 young (15360K), 15 survivors (15360K)
 Metaspace       used 44839K, capacity 45992K, committed 46236K, reserved 1089536K
  class space    used 5668K, capacity 6075K, committed 6168K, reserved 1048576K
}
Event: 8.719 GC heap before
{Heap before GC invocations=10 (full 0):
 garbage-first heap   total 260096K, used 161619K [0x0000000080000000, 0x0000000100000000)
  region size 1024K, 138 young (141312K), 15 survivors (15360K)
 Metaspace       used 53803K, capacity 55349K, committed 55452K, reserved 1097728K
  class space    used 6829K, capacity 7391K, committed 7448K, reserved 1048576K
}
Event: 8.739 GC heap after
{Heap after GC invocations=11 (full 0):
 garbage-first heap   total 260096K, used 44952K [0x0000000080000000, 0x0000000100000000)
  region size 1024K, 18 young (18432K), 18 survivors (18432K)
 Metaspace       used 53803K, capacity 55349K, committed 55452K, reserved 1097728K
  class space    used 6829K, capacity 7391K, committed 7448K, reserved 1048576K
}
Event: 10.861 GC heap before
{Heap before GC invocations=11 (full 0):
 garbage-first heap   total 260096K, used 190360K [0x0000000080000000, 0x0000000100000000)
  region size 1024K, 152 young (155648K), 18 survivors (18432K)
 Metaspace       used 67577K, capacity 69182K, committed 69532K, reserved 1110016K
  class space    used 8517K, capacity 9097K, committed 9240K, reserved 1048576K
}
Event: 10.884 GC heap after
{Heap after GC invocations=12 (full 0):
 garbage-first heap   total 260096K, used 55486K [0x0000000080000000, 0x0000000100000000)
  region size 1024K, 11 young (11264K), 11 survivors (11264K)
 Metaspace       used 67577K, capacity 69182K, committed 69532K, reserved 1110016K
  class space    used 8517K, capacity 9097K, committed 9240K, reserved 1048576K
}
Event: 12.303 GC heap before
{Heap before GC invocations=12 (full 0):
 garbage-first heap   total 260096K, used 151742K [0x0000000080000000, 0x0000000100000000)
  region size 1024K, 106 young (108544K), 11 survivors (11264K)
 Metaspace       used 75085K, capacity 76942K, committed 77060K, reserved 1116160K
  class space    used 9684K, capacity 10344K, committed 10392K, reserved 1048576K
}
Event: 12.322 GC heap after
{Heap after GC invocations=13 (full 0):
 garbage-first heap   total 260096K, used 60606K [0x0000000080000000, 0x0000000100000000)
  region size 1024K, 16 young (16384K), 16 survivors (16384K)
 Metaspace       used 75085K, capacity 76942K, committed 77060K, reserved 1116160K
  class space    used 9684K, capacity 10344K, committed 10392K, reserved 1048576K
}
Event: 13.988 GC heap before
{Heap before GC invocations=14 (full 0):
 garbage-first heap   total 260096K, used 194750K [0x0000000080000000, 0x0000000100000000)
  region size 1024K, 147 young (150528K), 16 survivors (16384K)
 Metaspace       used 82343K, capacity 84399K, committed 84688K, reserved 1122304K
  class space    used 10654K, capacity 11347K, committed 11416K, reserved 1048576K
}
Event: 14.016 GC heap after
{Heap after GC invocations=15 (full 0):
 garbage-first heap   total 260096K, used 72704K [0x0000000080000000, 0x0000000100000000)
  region size 1024K, 18 young (18432K), 18 survivors (18432K)
 Metaspace       used 82343K, capacity 84399K, committed 84688K, reserved 1122304K
  class space    used 10654K, capacity 11347K, committed 11416K, reserved 1048576K
}

