# JRE version: OpenJDK Runtime Environment (11.0.15) (build 11.0.15+0-b2043.56-9505619)
# Java VM: OpenJDK 64-Bit Server VM (11.0.15+0-b2043.56-9505619, mixed mode, tiered, compressed oops, g1 gc, windows-amd64)
Heap:
 garbage-first heap   total 312320K, used 152576K [0x0000000080000000, 0x0000000100000000)
  region size 1024K, 72 young (73728K), 12 survivors (12288K)
 Metaspace       used 93680K, capacity 96110K, committed 96176K, reserved 1132544K
  class space    used 11935K, capacity 12750K, committed 12800K, reserved 1048576K
GC Heap History (20 events):
Event: 2.219 GC heap before
{Heap before GC invocations=3 (full 0):
 garbage-first heap   total 260096K, used 65288K [0x0000000080000000, 0x0000000100000000)
  region size 1024K, 55 young (56320K), 5 survivors (5120K)
 Metaspace       used 20412K, capacity 20753K, committed 20864K, reserved 1067008K
  class space    used 2430K, capacity 2584K, committed 2688K, reserved 1048576K
}
Event: 2.225 GC heap after
{Heap after GC invocations=4 (full 0):
 garbage-first heap   total 260096K, used 17977K [0x0000000080000000, 0x0000000100000000)
  region size 1024K, 7 young (7168K), 7 survivors (7168K)
 Metaspace       used 20412K, capacity 20753K, committed 20864K, reserved 1067008K
  class space    used 2430K, capacity 2584K, committed 2688K, reserved 1048576K
}
Event: 2.332 GC heap before
{Heap before GC invocations=4 (full 0):
 garbage-first heap   total 260096K, used 25145K [0x0000000080000000, 0x0000000100000000)
  region size 1024K, 15 young (15360K), 7 survivors (7168K)
 Metaspace       used 20879K, capacity 21213K, committed 21296K, reserved 1069056K
  class space    used 2512K, capacity 2651K, committed 2688K, reserved 1048576K
}
Event: 2.337 GC heap after
{Heap after GC invocations=5 (full 0):
 garbage-first heap   total 260096K, used 17480K [0x0000000080000000, 0x0000000100000000)
  region size 1024K, 4 young (4096K), 4 survivors (4096K)
 Metaspace       used 20879K, capacity 21213K, committed 21296K, reserved 1069056K
  class space    used 2512K, capacity 2651K, committed 2688K, reserved 1048576K
}
Event: 3.127 GC heap before
{Heap before GC invocations=6 (full 0):
 garbage-first heap   total 260096K, used 73800K [0x0000000080000000, 0x0000000100000000)
  region size 1024K, 59 young (60416K), 4 survivors (4096K)
 Metaspace       used 26917K, capacity 27547K, committed 27824K, reserved 1073152K
  class space    used 3496K, capacity 3734K, committed 3840K, reserved 1048576K
}
Event: 3.133 GC heap after
{Heap after GC invocations=7 (full 0):
 garbage-first heap   total 260096K, used 19537K [0x0000000080000000, 0x0000000100000000)
  region size 1024K, 6 young (6144K), 6 survivors (6144K)
 Metaspace       used 26917K, capacity 27547K, committed 27824K, reserved 1073152K
  class space    used 3496K, capacity 3734K, committed 3840K, reserved 1048576K
}
Event: 4.377 GC heap before
{Heap before GC invocations=7 (full 0):
 garbage-first heap   total 260096K, used 84049K [0x0000000080000000, 0x0000000100000000)
  region size 1024K, 70 young (71680K), 6 survivors (6144K)
 Metaspace       used 34946K, capacity 35729K, committed 35888K, reserved 1081344K
  class space    used 4554K, capacity 4889K, committed 4992K, reserved 1048576K
}
Event: 4.390 GC heap after
{Heap after GC invocations=8 (full 0):
 garbage-first heap   total 260096K, used 23139K [0x0000000080000000, 0x0000000100000000)
  region size 1024K, 9 young (9216K), 9 survivors (9216K)
 Metaspace       used 34946K, capacity 35729K, committed 35888K, reserved 1081344K
  class space    used 4554K, capacity 4889K, committed 4992K, reserved 1048576K
}
Event: 6.225 GC heap before
{Heap before GC invocations=9 (full 0):
 garbage-first heap   total 260096K, used 172643K [0x0000000080000000, 0x0000000100000000)
  region size 1024K, 152 young (155648K), 9 survivors (9216K)
 Metaspace       used 47604K, capacity 48864K, committed 48944K, reserved 1091584K
  class space    used 6070K, capacity 6502K, committed 6528K, reserved 1048576K
}
Event: 6.240 GC heap after
{Heap after GC invocations=10 (full 0):
 garbage-first heap   total 260096K, used 31487K [0x0000000080000000, 0x0000000100000000)
  region size 1024K, 17 young (17408K), 17 survivors (17408K)
 Metaspace       used 47604K, capacity 48864K, committed 48944K, reserved 1091584K
  class space    used 6070K, capacity 6502K, committed 6528K, reserved 1048576K
}
Event: 10.956 GC heap before
{Heap before GC invocations=10 (full 0):
 garbage-first heap   total 260096K, used 146175K [0x0000000080000000, 0x0000000100000000)
  region size 1024K, 126 young (129024K), 17 survivors (17408K)
 Metaspace       used 58572K, capacity 60080K, committed 60208K, reserved 1101824K
  class space    used 7401K, capacity 7960K, committed 8064K, reserved 1048576K
}
Event: 10.979 GC heap after
{Heap after GC invocations=11 (full 0):
 garbage-first heap   total 260096K, used 46885K [0x0000000080000000, 0x0000000100000000)
  region size 1024K, 19 young (19456K), 19 survivors (19456K)
 Metaspace       used 58572K, capacity 60080K, committed 60208K, reserved 1101824K
  class space    used 7401K, capacity 7960K, committed 8064K, reserved 1048576K
}
Event: 13.158 GC heap before
{Heap before GC invocations=12 (full 0):
 garbage-first heap   total 260096K, used 191269K [0x0000000080000000, 0x0000000100000000)
  region size 1024K, 152 young (155648K), 19 survivors (19456K)
 Metaspace       used 72206K, capacity 73976K, committed 74160K, reserved 1114112K
  class space    used 9090K, capacity 9688K, committed 9728K, reserved 1048576K
}
Event: 13.189 GC heap after
{Heap after GC invocations=13 (full 0):
 garbage-first heap   total 260096K, used 57968K [0x0000000080000000, 0x0000000100000000)
  region size 1024K, 10 young (10240K), 10 survivors (10240K)
 Metaspace       used 72206K, capacity 73976K, committed 74160K, reserved 1114112K
  class space    used 9090K, capacity 9688K, committed 9728K, reserved 1048576K
}
Event: 14.869 GC heap before
{Heap before GC invocations=13 (full 0):
 garbage-first heap   total 260096K, used 191088K [0x0000000080000000, 0x0000000100000000)
  region size 1024K, 140 young (143360K), 10 survivors (10240K)
 Metaspace       used 81574K, capacity 83538K, committed 83632K, reserved 1122304K
  class space    used 10544K, capacity 11222K, committed 11264K, reserved 1048576K
}
Event: 14.886 GC heap after
{Heap after GC invocations=14 (full 0):
 garbage-first heap   total 312320K, used 64624K [0x0000000080000000, 0x0000000100000000)
  region size 1024K, 17 young (17408K), 17 survivors (17408K)
 Metaspace       used 81574K, capacity 83538K, committed 83632K, reserved 1122304K
  class space    used 10544K, capacity 11222K, committed 11264K, reserved 1048576K
}
Event: 27.005 GC heap before
{Heap before GC invocations=14 (full 0):
 garbage-first heap   total 312320K, used 218224K [0x0000000080000000, 0x0000000100000000)
  region size 1024K, 168 young (172032K), 17 survivors (17408K)
 Metaspace       used 90987K, capacity 93283K, committed 93360K, reserved 1130496K
  class space    used 11736K, capacity 12539K, committed 12544K, reserved 1048576K
}
Event: 27.042 GC heap after
{Heap after GC invocations=15 (full 0):
 garbage-first heap   total 312320K, used 80583K [0x0000000080000000, 0x0000000100000000)
  region size 1024K, 21 young (21504K), 21 survivors (21504K)
 Metaspace       used 90987K, capacity 93283K, committed 93360K, reserved 1130496K
  class space    used 11736K, capacity 12539K, committed 12544K, reserved 1048576K
}
Event: 29.564 GC heap before
{Heap before GC invocations=15 (full 0):
 garbage-first heap   total 312320K, used 228039K [0x0000000080000000, 0x0000000100000000)
  region size 1024K, 166 young (169984K), 21 survivors (21504K)
 Metaspace       used 92887K, capacity 95312K, committed 95664K, reserved 1132544K
  class space    used 11871K, capacity 12701K, committed 12800K, reserved 1048576K
}
Event: 29.616 GC heap after
{Heap after GC invocations=16 (full 0):
 garbage-first heap   total 312320K, used 93184K [0x0000000080000000, 0x0000000100000000)
  region size 1024K, 12 young (12288K), 12 survivors (12288K)
 Metaspace       used 92887K, capacity 95312K, committed 95664K, reserved 1132544K
  class space    used 11871K, capacity 12701K, committed 12800K, reserved 1048576K
}

