# JRE version: OpenJDK Runtime Environment (11.0.15) (build 11.0.15+0-b2043.56-9505619)
# Java VM: OpenJDK 64-Bit Server VM (11.0.15+0-b2043.56-9505619, mixed mode, tiered, compressed oops, g1 gc, windows-amd64)
Heap:
 garbage-first heap   total 312320K, used 80336K [0x0000000080000000, 0x0000000100000000)
  region size 1024K, 25 young (25600K), 22 survivors (22528K)
 Metaspace       used 85924K, capacity 88142K, committed 88476K, reserved 1126400K
  class space    used 11117K, capacity 11920K, committed 12056K, reserved 1048576K
GC Heap History (20 events):
Event: 1.328 GC heap before
{Heap before GC invocations=2 (full 0):
 garbage-first heap   total 260096K, used 40028K [0x0000000080000000, 0x0000000100000000)
  region size 1024K, 31 young (31744K), 2 survivors (2048K)
 Metaspace       used 10945K, capacity 11141K, committed 11264K, reserved 1058816K
  class space    used 1114K, capacity 1207K, committed 1280K, reserved 1048576K
}
Event: 1.332 GC heap after
{Heap after GC invocations=3 (full 0):
 garbage-first heap   total 260096K, used 13097K [0x0000000080000000, 0x0000000100000000)
  region size 1024K, 4 young (4096K), 4 survivors (4096K)
 Metaspace       used 10945K, capacity 11141K, committed 11264K, reserved 1058816K
  class space    used 1114K, capacity 1207K, committed 1280K, reserved 1048576K
}
Event: 2.032 GC heap before
{Heap before GC invocations=3 (full 0):
 garbage-first heap   total 260096K, used 56105K [0x0000000080000000, 0x0000000100000000)
  region size 1024K, 46 young (47104K), 4 survivors (4096K)
 Metaspace       used 18556K, capacity 18930K, committed 19072K, reserved 1067008K
  class space    used 2178K, capacity 2316K, committed 2432K, reserved 1048576K
}
Event: 2.036 GC heap after
{Heap after GC invocations=4 (full 0):
 garbage-first heap   total 260096K, used 16462K [0x0000000080000000, 0x0000000100000000)
  region size 1024K, 6 young (6144K), 6 survivors (6144K)
 Metaspace       used 18556K, capacity 18930K, committed 19072K, reserved 1067008K
  class space    used 2178K, capacity 2316K, committed 2432K, reserved 1048576K
}
Event: 2.193 GC heap before
{Heap before GC invocations=4 (full 0):
 garbage-first heap   total 260096K, used 37966K [0x0000000080000000, 0x0000000100000000)
  region size 1024K, 28 young (28672K), 6 survivors (6144K)
 Metaspace       used 20775K, capacity 21191K, committed 21296K, reserved 1069056K
  class space    used 2519K, capacity 2685K, committed 2688K, reserved 1048576K
}
Event: 2.197 GC heap after
{Heap after GC invocations=5 (full 0):
 garbage-first heap   total 260096K, used 17242K [0x0000000080000000, 0x0000000100000000)
  region size 1024K, 4 young (4096K), 4 survivors (4096K)
 Metaspace       used 20775K, capacity 21191K, committed 21296K, reserved 1069056K
  class space    used 2519K, capacity 2685K, committed 2688K, reserved 1048576K
}
Event: 2.927 GC heap before
{Heap before GC invocations=6 (full 0):
 garbage-first heap   total 260096K, used 80730K [0x0000000080000000, 0x0000000100000000)
  region size 1024K, 67 young (68608K), 4 survivors (4096K)
 Metaspace       used 27357K, capacity 28005K, committed 28156K, reserved 1073152K
  class space    used 3563K, capacity 3800K, committed 3916K, reserved 1048576K
}
Event: 2.934 GC heap after
{Heap after GC invocations=7 (full 0):
 garbage-first heap   total 260096K, used 19471K [0x0000000080000000, 0x0000000100000000)
  region size 1024K, 7 young (7168K), 7 survivors (7168K)
 Metaspace       used 27357K, capacity 28005K, committed 28156K, reserved 1073152K
  class space    used 3563K, capacity 3800K, committed 3916K, reserved 1048576K
}
Event: 3.711 GC heap before
{Heap before GC invocations=7 (full 0):
 garbage-first heap   total 260096K, used 77839K [0x0000000080000000, 0x0000000100000000)
  region size 1024K, 65 young (66560K), 7 survivors (7168K)
 Metaspace       used 35084K, capacity 35957K, committed 36048K, reserved 1081344K
  class space    used 4566K, capacity 4921K, committed 4940K, reserved 1048576K
}
Event: 3.723 GC heap after
{Heap after GC invocations=8 (full 0):
 garbage-first heap   total 260096K, used 22616K [0x0000000080000000, 0x0000000100000000)
  region size 1024K, 10 young (10240K), 10 survivors (10240K)
 Metaspace       used 35084K, capacity 35957K, committed 36048K, reserved 1081344K
  class space    used 4566K, capacity 4921K, committed 4940K, reserved 1048576K
}
Event: 5.055 GC heap before
{Heap before GC invocations=9 (full 0):
 garbage-first heap   total 260096K, used 136280K [0x0000000080000000, 0x0000000100000000)
  region size 1024K, 118 young (120832K), 10 survivors (10240K)
 Metaspace       used 44902K, capacity 46145K, committed 46236K, reserved 1089536K
  class space    used 5675K, capacity 6082K, committed 6168K, reserved 1048576K
}
Event: 5.075 GC heap after
{Heap after GC invocations=10 (full 0):
 garbage-first heap   total 260096K, used 30397K [0x0000000080000000, 0x0000000100000000)
  region size 1024K, 14 young (14336K), 14 survivors (14336K)
 Metaspace       used 44902K, capacity 46145K, committed 46236K, reserved 1089536K
  class space    used 5675K, capacity 6082K, committed 6168K, reserved 1048576K
}
Event: 6.877 GC heap before
{Heap before GC invocations=11 (full 0):
 garbage-first heap   total 260096K, used 175805K [0x0000000080000000, 0x0000000100000000)
  region size 1024K, 152 young (155648K), 14 survivors (14336K)
 Metaspace       used 56275K, capacity 57786K, committed 58012K, reserved 1099776K
  class space    used 7124K, capacity 7670K, committed 7704K, reserved 1048576K
}
Event: 6.895 GC heap after
{Heap after GC invocations=12 (full 0):
 garbage-first heap   total 260096K, used 45689K [0x0000000080000000, 0x0000000100000000)
  region size 1024K, 19 young (19456K), 19 survivors (19456K)
 Metaspace       used 56275K, capacity 57786K, committed 58012K, reserved 1099776K
  class space    used 7124K, capacity 7670K, committed 7704K, reserved 1048576K
}
Event: 8.358 GC heap before
{Heap before GC invocations=12 (full 0):
 garbage-first heap   total 260096K, used 189049K [0x0000000080000000, 0x0000000100000000)
  region size 1024K, 152 young (155648K), 19 survivors (19456K)
 Metaspace       used 67417K, capacity 69101K, committed 69276K, reserved 1110016K
  class space    used 8506K, capacity 9135K, committed 9240K, reserved 1048576K
}
Event: 8.381 GC heap after
{Heap after GC invocations=13 (full 0):
 garbage-first heap   total 312320K, used 56794K [0x0000000080000000, 0x0000000100000000)
  region size 1024K, 11 young (11264K), 11 survivors (11264K)
 Metaspace       used 67417K, capacity 69101K, committed 69276K, reserved 1110016K
  class space    used 8506K, capacity 9135K, committed 9240K, reserved 1048576K
}
Event: 9.437 GC heap before
{Heap before GC invocations=13 (full 0):
 garbage-first heap   total 312320K, used 145882K [0x0000000080000000, 0x0000000100000000)
  region size 1024K, 99 young (101376K), 11 survivors (11264K)
 Metaspace       used 75464K, capacity 77297K, committed 77468K, reserved 1116160K
  class space    used 9734K, capacity 10393K, committed 10520K, reserved 1048576K
}
Event: 9.458 GC heap after
{Heap after GC invocations=14 (full 0):
 garbage-first heap   total 312320K, used 61914K [0x0000000080000000, 0x0000000100000000)
  region size 1024K, 16 young (16384K), 16 survivors (16384K)
 Metaspace       used 75464K, capacity 77297K, committed 77468K, reserved 1116160K
  class space    used 9734K, capacity 10393K, committed 10520K, reserved 1048576K
}
Event: 21.016 GC heap before
{Heap before GC invocations=15 (full 0):
 garbage-first heap   total 312320K, used 224730K [0x0000000080000000, 0x0000000100000000)
  region size 1024K, 176 young (180224K), 16 survivors (16384K)
 Metaspace       used 85628K, capacity 87886K, committed 88092K, reserved 1126400K
  class space    used 11073K, capacity 11838K, committed 11928K, reserved 1048576K
}
Event: 21.061 GC heap after
{Heap after GC invocations=16 (full 0):
 garbage-first heap   total 312320K, used 78288K [0x0000000080000000, 0x0000000100000000)
  region size 1024K, 22 young (22528K), 22 survivors (22528K)
 Metaspace       used 85628K, capacity 87886K, committed 88092K, reserved 1126400K
  class space    used 11073K, capacity 11838K, committed 11928K, reserved 1048576K
}

