# JRE version: OpenJDK Runtime Environment (11.0.15) (build 11.0.15+0-b2043.56-9505619)
# Java VM: OpenJDK 64-Bit Server VM (11.0.15+0-b2043.56-9505619, mixed mode, tiered, compressed oops, g1 gc, windows-amd64)
Heap:
 garbage-first heap   total 312320K, used 227307K [0x0000000080000000, 0x0000000100000000)
  region size 1024K, 42 young (43008K), 9 survivors (9216K)
 Metaspace       used 106817K, capacity 109933K, committed 109980K, reserved 1144832K
  class space    used 13332K, capacity 14391K, committed 14412K, reserved 1048576K
GC Heap History (20 events):
Event: 7.174 GC heap before
{Heap before GC invocations=12 (full 0):
 garbage-first heap   total 260096K, used 190498K [0x0000000080000000, 0x0000000100000000)
  region size 1024K, 152 young (155648K), 19 survivors (19456K)
 Metaspace       used 67507K, capacity 69238K, committed 69404K, reserved 1110016K
  class space    used 8519K, capacity 9138K, committed 9164K, reserved 1048576K
}
Event: 7.215 GC heap after
{Heap after GC invocations=13 (full 0):
 garbage-first heap   total 312320K, used 57097K [0x0000000080000000, 0x0000000100000000)
  region size 1024K, 11 young (11264K), 11 survivors (11264K)
 Metaspace       used 67507K, capacity 69238K, committed 69404K, reserved 1110016K
  class space    used 8519K, capacity 9138K, committed 9164K, reserved 1048576K
}
Event: 20.770 GC heap before
{Heap before GC invocations=14 (full 0):
 garbage-first heap   total 312320K, used 264969K [0x0000000080000000, 0x0000000100000000)
  region size 1024K, 168 young (172032K), 11 survivors (11264K)
 Metaspace       used 82864K, capacity 85246K, committed 85532K, reserved 1124352K
  class space    used 10531K, capacity 11359K, committed 11468K, reserved 1048576K
}
Event: 20.796 GC heap after
{Heap after GC invocations=15 (full 0):
 garbage-first heap   total 312320K, used 121856K [0x0000000080000000, 0x0000000100000000)
  region size 1024K, 21 young (21504K), 21 survivors (21504K)
 Metaspace       used 82864K, capacity 85246K, committed 85532K, reserved 1124352K
  class space    used 10531K, capacity 11359K, committed 11468K, reserved 1048576K
}
Event: 22.070 GC heap before
{Heap before GC invocations=15 (full 0):
 garbage-first heap   total 312320K, used 276480K [0x0000000080000000, 0x0000000100000000)
  region size 1024K, 141 young (144384K), 21 survivors (21504K)
 Metaspace       used 87461K, capacity 90031K, committed 90268K, reserved 1128448K
  class space    used 11066K, capacity 11976K, committed 12108K, reserved 1048576K
}
Event: 22.090 GC heap after
{Heap after GC invocations=16 (full 0):
 garbage-first heap   total 312320K, used 166272K [0x0000000080000000, 0x0000000100000000)
  region size 1024K, 11 young (11264K), 11 survivors (11264K)
 Metaspace       used 87461K, capacity 90031K, committed 90268K, reserved 1128448K
  class space    used 11066K, capacity 11976K, committed 12108K, reserved 1048576K
}
Event: 22.108 GC heap before
{Heap before GC invocations=16 (full 0):
 garbage-first heap   total 312320K, used 173440K [0x0000000080000000, 0x0000000100000000)
  region size 1024K, 19 young (19456K), 11 survivors (11264K)
 Metaspace       used 87811K, capacity 90479K, committed 90780K, reserved 1128448K
  class space    used 11098K, capacity 12040K, committed 12108K, reserved 1048576K
}
Event: 22.115 GC heap after
{Heap after GC invocations=17 (full 0):
 garbage-first heap   total 312320K, used 168813K [0x0000000080000000, 0x0000000100000000)
  region size 1024K, 2 young (2048K), 2 survivors (2048K)
 Metaspace       used 87811K, capacity 90479K, committed 90780K, reserved 1128448K
  class space    used 11098K, capacity 12040K, committed 12108K, reserved 1048576K
}
Event: 22.823 GC heap before
{Heap before GC invocations=18 (full 0):
 garbage-first heap   total 312320K, used 225133K [0x0000000080000000, 0x0000000100000000)
  region size 1024K, 56 young (57344K), 2 survivors (2048K)
 Metaspace       used 94694K, capacity 97397K, committed 97564K, reserved 1134592K
  class space    used 11944K, capacity 12876K, committed 13004K, reserved 1048576K
}
Event: 22.829 GC heap after
{Heap after GC invocations=19 (full 0):
 garbage-first heap   total 312320K, used 169788K [0x0000000080000000, 0x0000000100000000)
  region size 1024K, 3 young (3072K), 3 survivors (3072K)
 Metaspace       used 94694K, capacity 97397K, committed 97564K, reserved 1134592K
  class space    used 11944K, capacity 12876K, committed 13004K, reserved 1048576K
}
Event: 23.670 GC heap before
{Heap before GC invocations=19 (full 0):
 garbage-first heap   total 312320K, used 231228K [0x0000000080000000, 0x0000000100000000)
  region size 1024K, 63 young (64512K), 3 survivors (3072K)
 Metaspace       used 99793K, capacity 102618K, committed 102812K, reserved 1138688K
  class space    used 12575K, capacity 13572K, committed 13644K, reserved 1048576K
}
Event: 23.680 GC heap after
{Heap after GC invocations=20 (full 0):
 garbage-first heap   total 312320K, used 174527K [0x0000000080000000, 0x0000000100000000)
  region size 1024K, 8 young (8192K), 8 survivors (8192K)
 Metaspace       used 99793K, capacity 102618K, committed 102812K, reserved 1138688K
  class space    used 12575K, capacity 13572K, committed 13644K, reserved 1048576K
}
Event: 24.451 GC heap before
{Heap before GC invocations=21 (full 0):
 garbage-first heap   total 312320K, used 235967K [0x0000000080000000, 0x0000000100000000)
  region size 1024K, 69 young (70656K), 8 survivors (8192K)
 Metaspace       used 100634K, capacity 103517K, committed 103580K, reserved 1138688K
  class space    used 12627K, capacity 13618K, committed 13644K, reserved 1048576K
}
Event: 24.464 GC heap after
{Heap after GC invocations=22 (full 0):
 garbage-first heap   total 312320K, used 180781K [0x0000000080000000, 0x0000000100000000)
  region size 1024K, 7 young (7168K), 7 survivors (7168K)
 Metaspace       used 100634K, capacity 103517K, committed 103580K, reserved 1138688K
  class space    used 12627K, capacity 13618K, committed 13644K, reserved 1048576K
}
Event: 24.981 GC heap before
{Heap before GC invocations=22 (full 0):
 garbage-first heap   total 312320K, used 242221K [0x0000000080000000, 0x0000000100000000)
  region size 1024K, 68 young (69632K), 7 survivors (7168K)
 Metaspace       used 102860K, capacity 105712K, committed 105884K, reserved 1140736K
  class space    used 12863K, capacity 13845K, committed 13900K, reserved 1048576K
}
Event: 24.994 GC heap after
{Heap after GC invocations=23 (full 0):
 garbage-first heap   total 312320K, used 185225K [0x0000000080000000, 0x0000000100000000)
  region size 1024K, 5 young (5120K), 5 survivors (5120K)
 Metaspace       used 102860K, capacity 105712K, committed 105884K, reserved 1140736K
  class space    used 12863K, capacity 13845K, committed 13900K, reserved 1048576K
}
Event: 34.086 GC heap before
{Heap before GC invocations=24 (full 0):
 garbage-first heap   total 312320K, used 248713K [0x0000000080000000, 0x0000000100000000)
  region size 1024K, 67 young (68608K), 5 survivors (5120K)
 Metaspace       used 104517K, capacity 107528K, committed 107676K, reserved 1142784K
  class space    used 13070K, capacity 14080K, committed 14156K, reserved 1048576K
}
Event: 34.095 GC heap after
{Heap after GC invocations=25 (full 0):
 garbage-first heap   total 312320K, used 187110K [0x0000000080000000, 0x0000000100000000)
  region size 1024K, 7 young (7168K), 7 survivors (7168K)
 Metaspace       used 104517K, capacity 107528K, committed 107676K, reserved 1142784K
  class space    used 13070K, capacity 14080K, committed 14156K, reserved 1048576K
}
Event: 34.660 GC heap before
{Heap before GC invocations=25 (full 0):
 garbage-first heap   total 312320K, used 251622K [0x0000000080000000, 0x0000000100000000)
  region size 1024K, 70 young (71680K), 7 survivors (7168K)
 Metaspace       used 106060K, capacity 109119K, committed 109340K, reserved 1144832K
  class space    used 13227K, capacity 14256K, committed 14284K, reserved 1048576K
}
Event: 34.683 GC heap after
{Heap after GC invocations=26 (full 0):
 garbage-first heap   total 312320K, used 194539K [0x0000000080000000, 0x0000000100000000)
  region size 1024K, 9 young (9216K), 9 survivors (9216K)
 Metaspace       used 106060K, capacity 109119K, committed 109340K, reserved 1144832K
  class space    used 13227K, capacity 14256K, committed 14284K, reserved 1048576K
}

