# JRE version: OpenJDK Runtime Environment (11.0.15) (build 11.0.15+0-b2043.56-9505619)
# Java VM: OpenJDK 64-Bit Server VM (11.0.15+0-b2043.56-9505619, mixed mode, tiered, compressed oops, g1 gc, windows-amd64)
Heap:
 garbage-first heap   total 312320K, used 184169K [0x0000000080000000, 0x0000000100000000)
  region size 1024K, 125 young (128000K), 6 survivors (6144K)
 Metaspace       used 85907K, capacity 88108K, committed 88364K, reserved 1126400K
  class space    used 11128K, capacity 11890K, committed 11904K, reserved 1048576K
GC Heap History (20 events):
Event: 0.844 GC heap before
{Heap before GC invocations=1 (full 0):
 garbage-first heap   total 260096K, used 27452K [0x0000000080000000, 0x0000000100000000)
  region size 1024K, 22 young (22528K), 2 survivors (2048K)
 Metaspace       used 10798K, capacity 11009K, committed 11264K, reserved 1058816K
  class space    used 1111K, capacity 1207K, committed 1280K, reserved 1048576K
}
Event: 0.847 GC heap after
{Heap after GC invocations=2 (full 0):
 garbage-first heap   total 260096K, used 9664K [0x0000000080000000, 0x0000000100000000)
  region size 1024K, 3 young (3072K), 3 survivors (3072K)
 Metaspace       used 10798K, capacity 11009K, committed 11264K, reserved 1058816K
  class space    used 1111K, capacity 1207K, committed 1280K, reserved 1048576K
}
Event: 1.125 GC heap before
{Heap before GC invocations=2 (full 0):
 garbage-first heap   total 260096K, used 38336K [0x0000000080000000, 0x0000000100000000)
  region size 1024K, 30 young (30720K), 3 survivors (3072K)
 Metaspace       used 11025K, capacity 11321K, committed 11520K, reserved 1058816K
  class space    used 1137K, capacity 1247K, committed 1280K, reserved 1048576K
}
Event: 1.127 GC heap after
{Heap after GC invocations=3 (full 0):
 garbage-first heap   total 260096K, used 13940K [0x0000000080000000, 0x0000000100000000)
  region size 1024K, 4 young (4096K), 4 survivors (4096K)
 Metaspace       used 11025K, capacity 11321K, committed 11520K, reserved 1058816K
  class space    used 1137K, capacity 1247K, committed 1280K, reserved 1048576K
}
Event: 1.788 GC heap before
{Heap before GC invocations=3 (full 0):
 garbage-first heap   total 260096K, used 58996K [0x0000000080000000, 0x0000000100000000)
  region size 1024K, 48 young (49152K), 4 survivors (4096K)
 Metaspace       used 19821K, capacity 20205K, committed 20480K, reserved 1067008K
  class space    used 2355K, capacity 2487K, committed 2560K, reserved 1048576K
}
Event: 1.792 GC heap after
{Heap after GC invocations=4 (full 0):
 garbage-first heap   total 260096K, used 17108K [0x0000000080000000, 0x0000000100000000)
  region size 1024K, 3 young (3072K), 3 survivors (3072K)
 Metaspace       used 19821K, capacity 20205K, committed 20480K, reserved 1067008K
  class space    used 2355K, capacity 2487K, committed 2560K, reserved 1048576K
}
Event: 1.868 GC heap before
{Heap before GC invocations=4 (full 0):
 garbage-first heap   total 260096K, used 30420K [0x0000000080000000, 0x0000000100000000)
  region size 1024K, 17 young (17408K), 3 survivors (3072K)
 Metaspace       used 20843K, capacity 21149K, committed 21296K, reserved 1069056K
  class space    used 2512K, capacity 2651K, committed 2688K, reserved 1048576K
}
Event: 1.872 GC heap after
{Heap after GC invocations=5 (full 0):
 garbage-first heap   total 260096K, used 17693K [0x0000000080000000, 0x0000000100000000)
  region size 1024K, 4 young (4096K), 4 survivors (4096K)
 Metaspace       used 20843K, capacity 21149K, committed 21296K, reserved 1069056K
  class space    used 2512K, capacity 2651K, committed 2688K, reserved 1048576K
}
Event: 2.401 GC heap before
{Heap before GC invocations=6 (full 0):
 garbage-first heap   total 260096K, used 74013K [0x0000000080000000, 0x0000000100000000)
  region size 1024K, 59 young (60416K), 4 survivors (4096K)
 Metaspace       used 26888K, capacity 27483K, committed 27824K, reserved 1073152K
  class space    used 3495K, capacity 3734K, committed 3840K, reserved 1048576K
}
Event: 2.408 GC heap after
{Heap after GC invocations=7 (full 0):
 garbage-first heap   total 260096K, used 19695K [0x0000000080000000, 0x0000000100000000)
  region size 1024K, 6 young (6144K), 6 survivors (6144K)
 Metaspace       used 26888K, capacity 27483K, committed 27824K, reserved 1073152K
  class space    used 3495K, capacity 3734K, committed 3840K, reserved 1048576K
}
Event: 3.081 GC heap before
{Heap before GC invocations=7 (full 0):
 garbage-first heap   total 260096K, used 85231K [0x0000000080000000, 0x0000000100000000)
  region size 1024K, 71 young (72704K), 6 survivors (6144K)
 Metaspace       used 34902K, capacity 35729K, committed 35888K, reserved 1081344K
  class space    used 4557K, capacity 4889K, committed 4992K, reserved 1048576K
}
Event: 3.091 GC heap after
{Heap after GC invocations=8 (full 0):
 garbage-first heap   total 260096K, used 23236K [0x0000000080000000, 0x0000000100000000)
  region size 1024K, 9 young (9216K), 9 survivors (9216K)
 Metaspace       used 34902K, capacity 35729K, committed 35888K, reserved 1081344K
  class space    used 4557K, capacity 4889K, committed 4992K, reserved 1048576K
}
Event: 4.311 GC heap before
{Heap before GC invocations=9 (full 0):
 garbage-first heap   total 260096K, used 169668K [0x0000000080000000, 0x0000000100000000)
  region size 1024K, 148 young (151552K), 9 survivors (9216K)
 Metaspace       used 47070K, capacity 48313K, committed 48432K, reserved 1091584K
  class space    used 6009K, capacity 6425K, committed 6528K, reserved 1048576K
}
Event: 4.331 GC heap after
{Heap after GC invocations=10 (full 0):
 garbage-first heap   total 260096K, used 31346K [0x0000000080000000, 0x0000000100000000)
  region size 1024K, 17 young (17408K), 17 survivors (17408K)
 Metaspace       used 47070K, capacity 48313K, committed 48432K, reserved 1091584K
  class space    used 6009K, capacity 6425K, committed 6528K, reserved 1048576K
}
Event: 5.843 GC heap before
{Heap before GC invocations=11 (full 0):
 garbage-first heap   total 260096K, used 173682K [0x0000000080000000, 0x0000000100000000)
  region size 1024K, 152 young (155648K), 17 survivors (17408K)
 Metaspace       used 60354K, capacity 61965K, committed 62128K, reserved 1103872K
  class space    used 7608K, capacity 8187K, committed 8192K, reserved 1048576K
}
Event: 5.869 GC heap after
{Heap after GC invocations=12 (full 0):
 garbage-first heap   total 312320K, used 46237K [0x0000000080000000, 0x0000000100000000)
  region size 1024K, 19 young (19456K), 19 survivors (19456K)
 Metaspace       used 60354K, capacity 61965K, committed 62128K, reserved 1103872K
  class space    used 7608K, capacity 8187K, committed 8192K, reserved 1048576K
}
Event: 7.334 GC heap before
{Heap before GC invocations=12 (full 0):
 garbage-first heap   total 312320K, used 220317K [0x0000000080000000, 0x0000000100000000)
  region size 1024K, 182 young (186368K), 19 survivors (19456K)
 Metaspace       used 72545K, capacity 74323K, committed 74416K, reserved 1114112K
  class space    used 9344K, capacity 9976K, committed 9984K, reserved 1048576K
}
Event: 7.357 GC heap after
{Heap after GC invocations=13 (full 0):
 garbage-first heap   total 312320K, used 58665K [0x0000000080000000, 0x0000000100000000)
  region size 1024K, 23 young (23552K), 23 survivors (23552K)
 Metaspace       used 72545K, capacity 74323K, committed 74416K, reserved 1114112K
  class space    used 9344K, capacity 9976K, committed 9984K, reserved 1048576K
}
Event: 8.148 GC heap before
{Heap before GC invocations=13 (full 0):
 garbage-first heap   total 312320K, used 136489K [0x0000000080000000, 0x0000000100000000)
  region size 1024K, 100 young (102400K), 23 survivors (23552K)
 Metaspace       used 79071K, capacity 80972K, committed 81072K, reserved 1120256K
  class space    used 10282K, capacity 10961K, committed 11008K, reserved 1048576K
}
Event: 8.180 GC heap after
{Heap after GC invocations=14 (full 0):
 garbage-first heap   total 312320K, used 64361K [0x0000000080000000, 0x0000000100000000)
  region size 1024K, 6 young (6144K), 6 survivors (6144K)
 Metaspace       used 79071K, capacity 80972K, committed 81072K, reserved 1120256K
  class space    used 10282K, capacity 10961K, committed 11008K, reserved 1048576K
}

