# JRE version: OpenJDK Runtime Environment (11.0.15) (build 11.0.15+0-b2043.56-9505619)
# Java VM: OpenJDK 64-Bit Server VM (11.0.15+0-b2043.56-9505619, mixed mode, tiered, compressed oops, g1 gc, windows-amd64)
Heap:
 garbage-first heap   total 357376K, used 170646K [0x0000000080000000, 0x0000000100000000)
  region size 1024K, 113 young (115712K), 25 survivors (25600K)
 Metaspace       used 88727K, capacity 91154K, committed 91344K, reserved 1128448K
  class space    used 11401K, capacity 12268K, committed 12388K, reserved 1048576K
GC Heap History (20 events):
Event: 1.196 GC heap before
{Heap before GC invocations=2 (full 0):
 garbage-first heap   total 260096K, used 39077K [0x0000000080000000, 0x0000000100000000)
  region size 1024K, 31 young (31744K), 2 survivors (2048K)
 Metaspace       used 10929K, capacity 11137K, committed 11264K, reserved 1058816K
  class space    used 1114K, capacity 1207K, committed 1280K, reserved 1048576K
}
Event: 1.200 GC heap after
{Heap after GC invocations=3 (full 0):
 garbage-first heap   total 260096K, used 13716K [0x0000000080000000, 0x0000000100000000)
  region size 1024K, 4 young (4096K), 4 survivors (4096K)
 Metaspace       used 10929K, capacity 11137K, committed 11264K, reserved 1058816K
  class space    used 1114K, capacity 1207K, committed 1280K, reserved 1048576K
}
Event: 1.855 GC heap before
{Heap before GC invocations=3 (full 0):
 garbage-first heap   total 260096K, used 56724K [0x0000000080000000, 0x0000000100000000)
  region size 1024K, 46 young (47104K), 4 survivors (4096K)
 Metaspace       used 18167K, capacity 18571K, committed 18688K, reserved 1064960K
  class space    used 2129K, capacity 2283K, committed 2304K, reserved 1048576K
}
Event: 1.860 GC heap after
{Heap after GC invocations=4 (full 0):
 garbage-first heap   total 260096K, used 16636K [0x0000000080000000, 0x0000000100000000)
  region size 1024K, 6 young (6144K), 6 survivors (6144K)
 Metaspace       used 18167K, capacity 18571K, committed 18688K, reserved 1064960K
  class space    used 2129K, capacity 2283K, committed 2304K, reserved 1048576K
}
Event: 2.041 GC heap before
{Heap before GC invocations=4 (full 0):
 garbage-first heap   total 260096K, used 40188K [0x0000000080000000, 0x0000000100000000)
  region size 1024K, 30 young (30720K), 6 survivors (6144K)
 Metaspace       used 20782K, capacity 21187K, committed 21296K, reserved 1069056K
  class space    used 2521K, capacity 2685K, committed 2688K, reserved 1048576K
}
Event: 2.047 GC heap after
{Heap after GC invocations=5 (full 0):
 garbage-first heap   total 260096K, used 17562K [0x0000000080000000, 0x0000000100000000)
  region size 1024K, 4 young (4096K), 4 survivors (4096K)
 Metaspace       used 20782K, capacity 21187K, committed 21296K, reserved 1069056K
  class space    used 2521K, capacity 2685K, committed 2688K, reserved 1048576K
}
Event: 2.748 GC heap before
{Heap before GC invocations=6 (full 0):
 garbage-first heap   total 260096K, used 86170K [0x0000000080000000, 0x0000000100000000)
  region size 1024K, 72 young (73728K), 4 survivors (4096K)
 Metaspace       used 27772K, capacity 28433K, committed 28668K, reserved 1075200K
  class space    used 3639K, capacity 3881K, committed 3916K, reserved 1048576K
}
Event: 2.754 GC heap after
{Heap after GC invocations=7 (full 0):
 garbage-first heap   total 260096K, used 19776K [0x0000000080000000, 0x0000000100000000)
  region size 1024K, 7 young (7168K), 7 survivors (7168K)
 Metaspace       used 27772K, capacity 28433K, committed 28668K, reserved 1075200K
  class space    used 3639K, capacity 3881K, committed 3916K, reserved 1048576K
}
Event: 3.356 GC heap before
{Heap before GC invocations=7 (full 0):
 garbage-first heap   total 260096K, used 70976K [0x0000000080000000, 0x0000000100000000)
  region size 1024K, 58 young (59392K), 7 survivors (7168K)
 Metaspace       used 35085K, capacity 35953K, committed 36048K, reserved 1081344K
  class space    used 4568K, capacity 4921K, committed 4940K, reserved 1048576K
}
Event: 3.367 GC heap after
{Heap after GC invocations=8 (full 0):
 garbage-first heap   total 260096K, used 22936K [0x0000000080000000, 0x0000000100000000)
  region size 1024K, 10 young (10240K), 10 survivors (10240K)
 Metaspace       used 35085K, capacity 35953K, committed 36048K, reserved 1081344K
  class space    used 4568K, capacity 4921K, committed 4940K, reserved 1048576K
}
Event: 4.809 GC heap before
{Heap before GC invocations=9 (full 0):
 garbage-first heap   total 260096K, used 135576K [0x0000000080000000, 0x0000000100000000)
  region size 1024K, 117 young (119808K), 10 survivors (10240K)
 Metaspace       used 44854K, capacity 46062K, committed 46236K, reserved 1089536K
  class space    used 5672K, capacity 6077K, committed 6168K, reserved 1048576K
}
Event: 4.853 GC heap after
{Heap after GC invocations=10 (full 0):
 garbage-first heap   total 260096K, used 30596K [0x0000000080000000, 0x0000000100000000)
  region size 1024K, 14 young (14336K), 14 survivors (14336K)
 Metaspace       used 44854K, capacity 46062K, committed 46236K, reserved 1089536K
  class space    used 5672K, capacity 6077K, committed 6168K, reserved 1048576K
}
Event: 8.857 GC heap before
{Heap before GC invocations=11 (full 0):
 garbage-first heap   total 260096K, used 176004K [0x0000000080000000, 0x0000000100000000)
  region size 1024K, 152 young (155648K), 14 survivors (14336K)
 Metaspace       used 56019K, capacity 57493K, committed 57756K, reserved 1099776K
  class space    used 7108K, capacity 7638K, committed 7704K, reserved 1048576K
}
Event: 8.912 GC heap after
{Heap after GC invocations=12 (full 0):
 garbage-first heap   total 260096K, used 45876K [0x0000000080000000, 0x0000000100000000)
  region size 1024K, 19 young (19456K), 19 survivors (19456K)
 Metaspace       used 56019K, capacity 57493K, committed 57756K, reserved 1099776K
  class space    used 7108K, capacity 7638K, committed 7704K, reserved 1048576K
}
Event: 10.914 GC heap before
{Heap before GC invocations=12 (full 0):
 garbage-first heap   total 260096K, used 190260K [0x0000000080000000, 0x0000000100000000)
  region size 1024K, 152 young (155648K), 19 survivors (19456K)
 Metaspace       used 67517K, capacity 69288K, committed 69532K, reserved 1110016K
  class space    used 8521K, capacity 9135K, committed 9240K, reserved 1048576K
}
Event: 10.938 GC heap after
{Heap after GC invocations=13 (full 0):
 garbage-first heap   total 260096K, used 55808K [0x0000000080000000, 0x0000000100000000)
  region size 1024K, 11 young (11264K), 11 survivors (11264K)
 Metaspace       used 67517K, capacity 69288K, committed 69532K, reserved 1110016K
  class space    used 8521K, capacity 9135K, committed 9240K, reserved 1048576K
}
Event: 12.742 GC heap before
{Heap before GC invocations=13 (full 0):
 garbage-first heap   total 260096K, used 140800K [0x0000000080000000, 0x0000000100000000)
  region size 1024K, 95 young (97280K), 11 survivors (11264K)
 Metaspace       used 75170K, capacity 76966K, committed 77060K, reserved 1116160K
  class space    used 9703K, capacity 10351K, committed 10392K, reserved 1048576K
}
Event: 12.768 GC heap after
{Heap after GC invocations=14 (full 0):
 garbage-first heap   total 357376K, used 61952K [0x0000000080000000, 0x0000000100000000)
  region size 1024K, 7 young (7168K), 7 survivors (7168K)
 Metaspace       used 75170K, capacity 76966K, committed 77060K, reserved 1116160K
  class space    used 9703K, capacity 10351K, committed 10392K, reserved 1048576K
}
Event: 26.518 GC heap before
{Heap before GC invocations=15 (full 0):
 garbage-first heap   total 357376K, used 260608K [0x0000000080000000, 0x0000000100000000)
  region size 1024K, 202 young (206848K), 7 survivors (7168K)
 Metaspace       used 86307K, capacity 88572K, committed 88656K, reserved 1126400K
  class space    used 11141K, capacity 11948K, committed 12004K, reserved 1048576K
}
Event: 26.542 GC heap after
{Heap after GC invocations=16 (full 0):
 garbage-first heap   total 357376K, used 80534K [0x0000000080000000, 0x0000000100000000)
  region size 1024K, 25 young (25600K), 25 survivors (25600K)
 Metaspace       used 86307K, capacity 88572K, committed 88656K, reserved 1126400K
  class space    used 11141K, capacity 11948K, committed 12004K, reserved 1048576K
}

