# JRE version: OpenJDK Runtime Environment (11.0.15) (build 11.0.15+0-b2043.56-9505619)
# Java VM: OpenJDK 64-Bit Server VM (11.0.15+0-b2043.56-9505619, mixed mode, tiered, compressed oops, g1 gc, windows-amd64)
Heap:
 garbage-first heap   total 374784K, used 243503K [0x0000000080000000, 0x0000000100000000)
  region size 1024K, 63 young (64512K), 8 survivors (8192K)
 Metaspace       used 106521K, capacity 109564K, committed 109732K, reserved 1144832K
  class space    used 13321K, capacity 14381K, committed 14412K, reserved 1048576K
GC Heap History (20 events):
Event: 5.609 GC heap before
{Heap before GC invocations=10 (full 0):
 garbage-first heap   total 260096K, used 185873K [0x0000000080000000, 0x0000000100000000)
  region size 1024K, 123 young (125952K), 15 survivors (15360K)
 Metaspace       used 51661K, capacity 53293K, committed 53500K, reserved 1095680K
  class space    used 6631K, capacity 7230K, committed 7244K, reserved 1048576K
}
Event: 5.626 GC heap after
{Heap after GC invocations=11 (full 0):
 garbage-first heap   total 312320K, used 83416K [0x0000000080000000, 0x0000000100000000)
  region size 1024K, 8 young (8192K), 8 survivors (8192K)
 Metaspace       used 51661K, capacity 53293K, committed 53500K, reserved 1095680K
  class space    used 6631K, capacity 7230K, committed 7244K, reserved 1048576K
}
Event: 6.440 GC heap before
{Heap before GC invocations=11 (full 0):
 garbage-first heap   total 312320K, used 160216K [0x0000000080000000, 0x0000000100000000)
  region size 1024K, 80 young (81920K), 8 survivors (8192K)
 Metaspace       used 58062K, capacity 59819K, committed 59940K, reserved 1101824K
  class space    used 7425K, capacity 8101K, committed 8140K, reserved 1048576K
}
Event: 6.453 GC heap after
{Heap after GC invocations=12 (full 0):
 garbage-first heap   total 312320K, used 95979K [0x0000000080000000, 0x0000000100000000)
  region size 1024K, 16 young (16384K), 16 survivors (16384K)
 Metaspace       used 58062K, capacity 59819K, committed 59940K, reserved 1101824K
  class space    used 7425K, capacity 8101K, committed 8140K, reserved 1048576K
}
Event: 7.812 GC heap before
{Heap before GC invocations=13 (full 0):
 garbage-first heap   total 312320K, used 223979K [0x0000000080000000, 0x0000000100000000)
  region size 1024K, 133 young (136192K), 16 survivors (16384K)
 Metaspace       used 69375K, capacity 71332K, committed 71588K, reserved 1112064K
  class space    used 8827K, capacity 9529K, committed 9548K, reserved 1048576K
}
Event: 7.839 GC heap after
{Heap after GC invocations=14 (full 0):
 garbage-first heap   total 312320K, used 104448K [0x0000000080000000, 0x0000000100000000)
  region size 1024K, 17 young (17408K), 17 survivors (17408K)
 Metaspace       used 69375K, capacity 71332K, committed 71588K, reserved 1112064K
  class space    used 8827K, capacity 9529K, committed 9548K, reserved 1048576K
}
Event: 9.141 GC heap before
{Heap before GC invocations=15 (full 0):
 garbage-first heap   total 312320K, used 275456K [0x0000000080000000, 0x0000000100000000)
  region size 1024K, 146 young (149504K), 17 survivors (17408K)
 Metaspace       used 79519K, capacity 81758K, committed 81828K, reserved 1120256K
  class space    used 10254K, capacity 11043K, committed 11084K, reserved 1048576K
}
Event: 9.162 GC heap after
{Heap after GC invocations=16 (full 0):
 garbage-first heap   total 312320K, used 159257K [0x0000000080000000, 0x0000000100000000)
  region size 1024K, 19 young (19456K), 19 survivors (19456K)
 Metaspace       used 79519K, capacity 81758K, committed 81828K, reserved 1120256K
  class space    used 10254K, capacity 11043K, committed 11084K, reserved 1048576K
}
Event: 9.657 GC heap before
{Heap before GC invocations=16 (full 0):
 garbage-first heap   total 312320K, used 248345K [0x0000000080000000, 0x0000000100000000)
  region size 1024K, 106 young (108544K), 19 survivors (19456K)
 Metaspace       used 82624K, capacity 84973K, committed 85156K, reserved 1122304K
  class space    used 10643K, capacity 11501K, committed 11596K, reserved 1048576K
}
Event: 9.672 GC heap after
{Heap after GC invocations=17 (full 0):
 garbage-first heap   total 312320K, used 164652K [0x0000000080000000, 0x0000000100000000)
  region size 1024K, 4 young (4096K), 4 survivors (4096K)
 Metaspace       used 82624K, capacity 84973K, committed 85156K, reserved 1122304K
  class space    used 10643K, capacity 11501K, committed 11596K, reserved 1048576K
}
Event: 9.841 GC heap before
{Heap before GC invocations=17 (full 0):
 garbage-first heap   total 312320K, used 198444K [0x0000000080000000, 0x0000000100000000)
  region size 1024K, 39 young (39936K), 4 survivors (4096K)
 Metaspace       used 84115K, capacity 86543K, committed 86564K, reserved 1124352K
  class space    used 10834K, capacity 11703K, committed 11724K, reserved 1048576K
}
Event: 9.846 GC heap after
{Heap after GC invocations=18 (full 0):
 garbage-first heap   total 312320K, used 165956K [0x0000000080000000, 0x0000000100000000)
  region size 1024K, 6 young (6144K), 6 survivors (6144K)
 Metaspace       used 84115K, capacity 86543K, committed 86564K, reserved 1124352K
  class space    used 10834K, capacity 11703K, committed 11724K, reserved 1048576K
}
Event: 10.588 GC heap before
{Heap before GC invocations=19 (full 0):
 garbage-first heap   total 312320K, used 249924K [0x0000000080000000, 0x0000000100000000)
  region size 1024K, 87 young (89088K), 6 survivors (6144K)
 Metaspace       used 91979K, capacity 94495K, committed 94756K, reserved 1132544K
  class space    used 11817K, capacity 12739K, committed 12748K, reserved 1048576K
}
Event: 10.596 GC heap after
{Heap after GC invocations=20 (full 0):
 garbage-first heap   total 312320K, used 167695K [0x0000000080000000, 0x0000000100000000)
  region size 1024K, 7 young (7168K), 7 survivors (7168K)
 Metaspace       used 91979K, capacity 94495K, committed 94756K, reserved 1132544K
  class space    used 11817K, capacity 12739K, committed 12748K, reserved 1048576K
}
Event: 11.645 GC heap before
{Heap before GC invocations=20 (full 0):
 garbage-first heap   total 312320K, used 252687K [0x0000000080000000, 0x0000000100000000)
  region size 1024K, 91 young (93184K), 7 survivors (7168K)
 Metaspace       used 96986K, capacity 99589K, committed 99748K, reserved 1136640K
  class space    used 12396K, capacity 13320K, committed 13388K, reserved 1048576K
}
Event: 11.661 GC heap after
{Heap after GC invocations=21 (full 0):
 garbage-first heap   total 312320K, used 175695K [0x0000000080000000, 0x0000000100000000)
  region size 1024K, 12 young (12288K), 12 survivors (12288K)
 Metaspace       used 96986K, capacity 99589K, committed 99748K, reserved 1136640K
  class space    used 12396K, capacity 13320K, committed 13388K, reserved 1048576K
}
Event: 12.764 GC heap before
{Heap before GC invocations=22 (full 0):
 garbage-first heap   total 312320K, used 254543K [0x0000000080000000, 0x0000000100000000)
  region size 1024K, 90 young (92160K), 12 survivors (12288K)
 Metaspace       used 100578K, capacity 103418K, committed 103716K, reserved 1138688K
  class space    used 12737K, capacity 13705K, committed 13772K, reserved 1048576K
}
Event: 12.788 GC heap after
{Heap after GC invocations=23 (full 0):
 garbage-first heap   total 312320K, used 181246K [0x0000000080000000, 0x0000000100000000)
  region size 1024K, 7 young (7168K), 7 survivors (7168K)
 Metaspace       used 100578K, capacity 103418K, committed 103716K, reserved 1138688K
  class space    used 12737K, capacity 13705K, committed 13772K, reserved 1048576K
}
Event: 24.235 GC heap before
{Heap before GC invocations=23 (full 0):
 garbage-first heap   total 312320K, used 258046K [0x0000000080000000, 0x0000000100000000)
  region size 1024K, 83 young (84992K), 7 survivors (7168K)
 Metaspace       used 105198K, capacity 108196K, committed 108452K, reserved 1144832K
  class space    used 13116K, capacity 14138K, committed 14156K, reserved 1048576K
}
Event: 24.263 GC heap after
{Heap after GC invocations=24 (full 0):
 garbage-first heap   total 374784K, used 188207K [0x0000000080000000, 0x0000000100000000)
  region size 1024K, 8 young (8192K), 8 survivors (8192K)
 Metaspace       used 105198K, capacity 108196K, committed 108452K, reserved 1144832K
  class space    used 13116K, capacity 14138K, committed 14156K, reserved 1048576K
}

