# JRE version: OpenJDK Runtime Environment Corretto-11.0.18.10.1 (11.0.18+10) (build 11.0.18+10-LTS)
# Java VM: OpenJDK 64-Bit Server VM Corretto-11.0.18.10.1 (11.0.18+10-LTS, mixed mode, tiered, compressed oops, g1 gc, windows-amd64)
Heap:
 garbage-first heap   total 322560K, used 139264K [0x0000000080000000, 0x0000000100000000)
  region size 1024K, 93 young (95232K), 22 survivors (22528K)
 Metaspace       used 85956K, capacity 88251K, committed 88412K, reserved 1126400K
  class space    used 11132K, capacity 11955K, committed 11968K, reserved 1048576K
GC Heap History (20 events):
Event: 0.753 GC heap before
{Heap before GC invocations=1 (full 0):
 garbage-first heap   total 260096K, used 21321K [0x0000000080000000, 0x0000000100000000)
  region size 1024K, 17 young (17408K), 2 survivors (2048K)
 Metaspace       used 10228K, capacity 10448K, committed 10624K, reserved 1058816K
  class space    used 1045K, capacity 1101K, committed 1152K, reserved 1048576K
}
Event: 0.758 GC heap after
{Heap after GC invocations=2 (full 0):
 garbage-first heap   total 260096K, used 9584K [0x0000000080000000, 0x0000000100000000)
  region size 1024K, 3 young (3072K), 3 survivors (3072K)
 Metaspace       used 10228K, capacity 10448K, committed 10624K, reserved 1058816K
  class space    used 1045K, capacity 1101K, committed 1152K, reserved 1048576K
}
Event: 1.073 GC heap before
{Heap before GC invocations=2 (full 0):
 garbage-first heap   total 260096K, used 34160K [0x0000000080000000, 0x0000000100000000)
  region size 1024K, 27 young (27648K), 3 survivors (3072K)
 Metaspace       used 10931K, capacity 11147K, committed 11264K, reserved 1058816K
  class space    used 1112K, capacity 1206K, committed 1280K, reserved 1048576K
}
Event: 1.076 GC heap after
{Heap after GC invocations=3 (full 0):
 garbage-first heap   total 260096K, used 11778K [0x0000000080000000, 0x0000000100000000)
  region size 1024K, 3 young (3072K), 3 survivors (3072K)
 Metaspace       used 10931K, capacity 11147K, committed 11264K, reserved 1058816K
  class space    used 1112K, capacity 1206K, committed 1280K, reserved 1048576K
}
Event: 1.801 GC heap before
{Heap before GC invocations=3 (full 0):
 garbage-first heap   total 260096K, used 55810K [0x0000000080000000, 0x0000000100000000)
  region size 1024K, 46 young (47104K), 3 survivors (3072K)
 Metaspace       used 18132K, capacity 18482K, committed 18688K, reserved 1064960K
  class space    used 2121K, capacity 2249K, committed 2304K, reserved 1048576K
}
Event: 1.806 GC heap after
{Heap after GC invocations=4 (full 0):
 garbage-first heap   total 260096K, used 16267K [0x0000000080000000, 0x0000000100000000)
  region size 1024K, 6 young (6144K), 6 survivors (6144K)
 Metaspace       used 18132K, capacity 18482K, committed 18688K, reserved 1064960K
  class space    used 2121K, capacity 2249K, committed 2304K, reserved 1048576K
}
Event: 1.987 GC heap before
{Heap before GC invocations=4 (full 0):
 garbage-first heap   total 260096K, used 39819K [0x0000000080000000, 0x0000000100000000)
  region size 1024K, 30 young (30720K), 6 survivors (6144K)
 Metaspace       used 20813K, capacity 21198K, committed 21296K, reserved 1069056K
  class space    used 2518K, capacity 2687K, committed 2688K, reserved 1048576K
}
Event: 1.991 GC heap after
{Heap after GC invocations=5 (full 0):
 garbage-first heap   total 260096K, used 17578K [0x0000000080000000, 0x0000000100000000)
  region size 1024K, 5 young (5120K), 5 survivors (5120K)
 Metaspace       used 20813K, capacity 21198K, committed 21296K, reserved 1069056K
  class space    used 2518K, capacity 2687K, committed 2688K, reserved 1048576K
}
Event: 2.514 GC heap before
{Heap before GC invocations=6 (full 0):
 garbage-first heap   total 260096K, used 72874K [0x0000000080000000, 0x0000000100000000)
  region size 1024K, 59 young (60416K), 5 survivors (5120K)
 Metaspace       used 26768K, capacity 27359K, committed 27648K, reserved 1073152K
  class space    used 3472K, capacity 3731K, committed 3840K, reserved 1048576K
}
Event: 2.520 GC heap after
{Heap after GC invocations=7 (full 0):
 garbage-first heap   total 260096K, used 19915K [0x0000000080000000, 0x0000000100000000)
  region size 1024K, 4 young (4096K), 4 survivors (4096K)
 Metaspace       used 26768K, capacity 27359K, committed 27648K, reserved 1073152K
  class space    used 3472K, capacity 3731K, committed 3840K, reserved 1048576K
}
Event: 3.408 GC heap before
{Heap before GC invocations=7 (full 0):
 garbage-first heap   total 260096K, used 84427K [0x0000000080000000, 0x0000000100000000)
  region size 1024K, 68 young (69632K), 4 survivors (4096K)
 Metaspace       used 34932K, capacity 35800K, committed 35968K, reserved 1081344K
  class space    used 4555K, capacity 4887K, committed 4992K, reserved 1048576K
}
Event: 3.419 GC heap after
{Heap after GC invocations=8 (full 0):
 garbage-first heap   total 260096K, used 23244K [0x0000000080000000, 0x0000000100000000)
  region size 1024K, 7 young (7168K), 7 survivors (7168K)
 Metaspace       used 34932K, capacity 35800K, committed 35968K, reserved 1081344K
  class space    used 4555K, capacity 4887K, committed 4992K, reserved 1048576K
}
Event: 4.989 GC heap before
{Heap before GC invocations=9 (full 0):
 garbage-first heap   total 260096K, used 174796K [0x0000000080000000, 0x0000000100000000)
  region size 1024K, 152 young (155648K), 7 survivors (7168K)
 Metaspace       used 47798K, capacity 49080K, committed 49308K, reserved 1091584K
  class space    used 6104K, capacity 6549K, committed 6656K, reserved 1048576K
}
Event: 5.003 GC heap after
{Heap after GC invocations=10 (full 0):
 garbage-first heap   total 260096K, used 31731K [0x0000000080000000, 0x0000000100000000)
  region size 1024K, 15 young (15360K), 15 survivors (15360K)
 Metaspace       used 47798K, capacity 49080K, committed 49308K, reserved 1091584K
  class space    used 6104K, capacity 6549K, committed 6656K, reserved 1048576K
}
Event: 6.567 GC heap before
{Heap before GC invocations=10 (full 0):
 garbage-first heap   total 260096K, used 158707K [0x0000000080000000, 0x0000000100000000)
  region size 1024K, 135 young (138240K), 15 survivors (15360K)
 Metaspace       used 59097K, capacity 60581K, committed 60636K, reserved 1101824K
  class space    used 7421K, capacity 7974K, committed 8000K, reserved 1048576K
}
Event: 6.610 GC heap after
{Heap after GC invocations=11 (full 0):
 garbage-first heap   total 260096K, used 46171K [0x0000000080000000, 0x0000000100000000)
  region size 1024K, 19 young (19456K), 19 survivors (19456K)
 Metaspace       used 59097K, capacity 60581K, committed 60636K, reserved 1101824K
  class space    used 7421K, capacity 7974K, committed 8000K, reserved 1048576K
}
Event: 8.035 GC heap before
{Heap before GC invocations=12 (full 0):
 garbage-first heap   total 260096K, used 190555K [0x0000000080000000, 0x0000000100000000)
  region size 1024K, 152 young (155648K), 19 survivors (19456K)
 Metaspace       used 68132K, capacity 69814K, committed 70108K, reserved 1110016K
  class space    used 8587K, capacity 9197K, committed 9280K, reserved 1048576K
}
Event: 8.057 GC heap after
{Heap after GC invocations=13 (full 0):
 garbage-first heap   total 322560K, used 57344K [0x0000000080000000, 0x0000000100000000)
  region size 1024K, 11 young (11264K), 11 survivors (11264K)
 Metaspace       used 68132K, capacity 69814K, committed 70108K, reserved 1110016K
  class space    used 8587K, capacity 9197K, committed 9280K, reserved 1048576K
}
Event: 9.960 GC heap before
{Heap before GC invocations=13 (full 0):
 garbage-first heap   total 322560K, used 221184K [0x0000000080000000, 0x0000000100000000)
  region size 1024K, 171 young (175104K), 11 survivors (11264K)
 Metaspace       used 82183K, capacity 84173K, committed 84444K, reserved 1122304K
  class space    used 10636K, capacity 11312K, committed 11328K, reserved 1048576K
}
Event: 9.983 GC heap after
{Heap after GC invocations=14 (full 0):
 garbage-first heap   total 322560K, used 68608K [0x0000000080000000, 0x0000000100000000)
  region size 1024K, 22 young (22528K), 22 survivors (22528K)
 Metaspace       used 82183K, capacity 84173K, committed 84444K, reserved 1122304K
  class space    used 10636K, capacity 11312K, committed 11328K, reserved 1048576K
}

