# JRE version: OpenJDK Runtime Environment (11.0.15) (build 11.0.15+0-b2043.56-9505619)
# Java VM: OpenJDK 64-Bit Server VM (11.0.15+0-b2043.56-9505619, mixed mode, tiered, compressed oops, g1 gc, windows-amd64)
Heap:
 garbage-first heap   total 312320K, used 226304K [0x0000000080000000, 0x0000000100000000)
  region size 1024K, 42 young (43008K), 10 survivors (10240K)
 Metaspace       used 106811K, capacity 109866K, committed 110064K, reserved 1144832K
  class space    used 13334K, capacity 14388K, committed 14488K, reserved 1048576K
GC Heap History (20 events):
Event: 5.868 GC heap before
{Heap before GC invocations=11 (full 0):
 garbage-first heap   total 260096K, used 175376K [0x0000000080000000, 0x0000000100000000)
  region size 1024K, 152 young (155648K), 15 survivors (15360K)
 Metaspace       used 59165K, capacity 60767K, committed 60956K, reserved 1101824K
  class space    used 7459K, capacity 8020K, committed 8088K, reserved 1048576K
}
Event: 5.890 GC heap after
{Heap after GC invocations=12 (full 0):
 garbage-first heap   total 312320K, used 46061K [0x0000000080000000, 0x0000000100000000)
  region size 1024K, 19 young (19456K), 19 survivors (19456K)
 Metaspace       used 59165K, capacity 60767K, committed 60956K, reserved 1101824K
  class space    used 7459K, capacity 8020K, committed 8088K, reserved 1048576K
}
Event: 7.470 GC heap before
{Heap before GC invocations=12 (full 0):
 garbage-first heap   total 312320K, used 222189K [0x0000000080000000, 0x0000000100000000)
  region size 1024K, 183 young (187392K), 19 survivors (19456K)
 Metaspace       used 72244K, capacity 73975K, committed 74140K, reserved 1114112K
  class space    used 9304K, capacity 9946K, committed 10008K, reserved 1048576K
}
Event: 7.495 GC heap after
{Heap after GC invocations=13 (full 0):
 garbage-first heap   total 312320K, used 58100K [0x0000000080000000, 0x0000000100000000)
  region size 1024K, 23 young (23552K), 23 survivors (23552K)
 Metaspace       used 72244K, capacity 73975K, committed 74140K, reserved 1114112K
  class space    used 9304K, capacity 9946K, committed 10008K, reserved 1048576K
}
Event: 8.071 GC heap before
{Heap before GC invocations=13 (full 0):
 garbage-first heap   total 312320K, used 117492K [0x0000000080000000, 0x0000000100000000)
  region size 1024K, 83 young (84992K), 23 survivors (23552K)
 Metaspace       used 78250K, capacity 80274K, committed 80412K, reserved 1118208K
  class space    used 10073K, capacity 10798K, committed 10904K, reserved 1048576K
}
Event: 8.103 GC heap after
{Heap after GC invocations=14 (full 0):
 garbage-first heap   total 312320K, used 65024K [0x0000000080000000, 0x0000000100000000)
  region size 1024K, 7 young (7168K), 7 survivors (7168K)
 Metaspace       used 78250K, capacity 80274K, committed 80412K, reserved 1118208K
  class space    used 10073K, capacity 10798K, committed 10904K, reserved 1048576K
}
Event: 14.465 GC heap before
{Heap before GC invocations=15 (full 0):
 garbage-first heap   total 312320K, used 283136K [0x0000000080000000, 0x0000000100000000)
  region size 1024K, 142 young (145408K), 7 survivors (7168K)
 Metaspace       used 86015K, capacity 88608K, committed 88688K, reserved 1126400K
  class space    used 10897K, capacity 11737K, committed 11800K, reserved 1048576K
}
Event: 14.485 GC heap after
{Heap after GC invocations=16 (full 0):
 garbage-first heap   total 312320K, used 164352K [0x0000000080000000, 0x0000000100000000)
  region size 1024K, 18 young (18432K), 18 survivors (18432K)
 Metaspace       used 86015K, capacity 88608K, committed 88688K, reserved 1126400K
  class space    used 10897K, capacity 11737K, committed 11800K, reserved 1048576K
}
Event: 14.920 GC heap before
{Heap before GC invocations=17 (full 0):
 garbage-first heap   total 312320K, used 221696K [0x0000000080000000, 0x0000000100000000)
  region size 1024K, 75 young (76800K), 18 survivors (18432K)
 Metaspace       used 87811K, capacity 90481K, committed 90864K, reserved 1128448K
  class space    used 11094K, capacity 12036K, committed 12184K, reserved 1048576K
}
Event: 14.937 GC heap after
{Heap after GC invocations=18 (full 0):
 garbage-first heap   total 312320K, used 168796K [0x0000000080000000, 0x0000000100000000)
  region size 1024K, 4 young (4096K), 4 survivors (4096K)
 Metaspace       used 87811K, capacity 90481K, committed 90864K, reserved 1128448K
  class space    used 11094K, capacity 12036K, committed 12184K, reserved 1048576K
}
Event: 15.759 GC heap before
{Heap before GC invocations=19 (full 0):
 garbage-first heap   total 312320K, used 244572K [0x0000000080000000, 0x0000000100000000)
  region size 1024K, 77 young (78848K), 4 survivors (4096K)
 Metaspace       used 96304K, capacity 99200K, committed 99312K, reserved 1136640K
  class space    used 12168K, capacity 13146K, committed 13208K, reserved 1048576K
}
Event: 15.769 GC heap after
{Heap after GC invocations=20 (full 0):
 garbage-first heap   total 312320K, used 170739K [0x0000000080000000, 0x0000000100000000)
  region size 1024K, 6 young (6144K), 6 survivors (6144K)
 Metaspace       used 96304K, capacity 99200K, committed 99312K, reserved 1136640K
  class space    used 12168K, capacity 13146K, committed 13208K, reserved 1048576K
}
Event: 16.653 GC heap before
{Heap before GC invocations=20 (full 0):
 garbage-first heap   total 312320K, used 245491K [0x0000000080000000, 0x0000000100000000)
  region size 1024K, 80 young (81920K), 6 survivors (6144K)
 Metaspace       used 100041K, capacity 102955K, committed 103024K, reserved 1138688K
  class space    used 12587K, capacity 13589K, committed 13592K, reserved 1048576K
}
Event: 16.670 GC heap after
{Heap after GC invocations=21 (full 0):
 garbage-first heap   total 312320K, used 178176K [0x0000000080000000, 0x0000000100000000)
  region size 1024K, 10 young (10240K), 10 survivors (10240K)
 Metaspace       used 100041K, capacity 102955K, committed 103024K, reserved 1138688K
  class space    used 12587K, capacity 13589K, committed 13592K, reserved 1048576K
}
Event: 17.496 GC heap before
{Heap before GC invocations=22 (full 0):
 garbage-first heap   total 312320K, used 250880K [0x0000000080000000, 0x0000000100000000)
  region size 1024K, 82 young (83968K), 10 survivors (10240K)
 Metaspace       used 102364K, capacity 105284K, committed 105456K, reserved 1140736K
  class space    used 12799K, capacity 13832K, committed 13976K, reserved 1048576K
}
Event: 17.512 GC heap after
{Heap after GC invocations=23 (full 0):
 garbage-first heap   total 312320K, used 184678K [0x0000000080000000, 0x0000000100000000)
  region size 1024K, 7 young (7168K), 7 survivors (7168K)
 Metaspace       used 102364K, capacity 105284K, committed 105456K, reserved 1140736K
  class space    used 12799K, capacity 13832K, committed 13976K, reserved 1048576K
}
Event: 24.178 GC heap before
{Heap before GC invocations=23 (full 0):
 garbage-first heap   total 312320K, used 256358K [0x0000000080000000, 0x0000000100000000)
  region size 1024K, 77 young (78848K), 7 survivors (7168K)
 Metaspace       used 104408K, capacity 107378K, committed 107632K, reserved 1142784K
  class space    used 13062K, capacity 14076K, committed 14104K, reserved 1048576K
}
Event: 24.193 GC heap after
{Heap after GC invocations=24 (full 0):
 garbage-first heap   total 312320K, used 189073K [0x0000000080000000, 0x0000000100000000)
  region size 1024K, 5 young (5120K), 5 survivors (5120K)
 Metaspace       used 104408K, capacity 107378K, committed 107632K, reserved 1142784K
  class space    used 13062K, capacity 14076K, committed 14104K, reserved 1048576K
}
Event: 24.895 GC heap before
{Heap before GC invocations=25 (full 0):
 garbage-first heap   total 312320K, used 259729K [0x0000000080000000, 0x0000000100000000)
  region size 1024K, 74 young (75776K), 5 survivors (5120K)
 Metaspace       used 106067K, capacity 109052K, committed 109168K, reserved 1144832K
  class space    used 13228K, capacity 14254K, committed 14360K, reserved 1048576K
}
Event: 24.907 GC heap after
{Heap after GC invocations=26 (full 0):
 garbage-first heap   total 312320K, used 195584K [0x0000000080000000, 0x0000000100000000)
  region size 1024K, 10 young (10240K), 10 survivors (10240K)
 Metaspace       used 106067K, capacity 109052K, committed 109168K, reserved 1144832K
  class space    used 13228K, capacity 14254K, committed 14360K, reserved 1048576K
}

