# JRE version: OpenJDK Runtime Environment (11.0.15) (build 11.0.15+0-b2043.56-9505619)
# Java VM: OpenJDK 64-Bit Server VM (11.0.15+0-b2043.56-9505619, mixed mode, tiered, compressed oops, g1 gc, windows-amd64)
Heap:
 garbage-first heap   total 351232K, used 145677K [0x0000000080000000, 0x0000000100000000)
  region size 1024K, 91 young (93184K), 19 survivors (19456K)
 Metaspace       used 90404K, capacity 92748K, committed 92828K, reserved 1130496K
  class space    used 11457K, capacity 12277K, committed 12288K, reserved 1048576K
GC Heap History (20 events):
Event: 0.625 GC heap before
{Heap before GC invocations=0 (full 0):
 garbage-first heap   total 260096K, used 16384K [0x0000000080000000, 0x0000000100000000)
  region size 1024K, 14 young (14336K), 0 survivors (0K)
 Metaspace       used 6742K, capacity 6925K, committed 7168K, reserved 1056768K
  class space    used 571K, capacity 650K, committed 768K, reserved 1048576K
}
Event: 0.655 GC heap after
{Heap after GC invocations=1 (full 0):
 garbage-first heap   total 260096K, used 3972K [0x0000000080000000, 0x0000000100000000)
  region size 1024K, 2 young (2048K), 2 survivors (2048K)
 Metaspace       used 6742K, capacity 6925K, committed 7168K, reserved 1056768K
  class space    used 571K, capacity 650K, committed 768K, reserved 1048576K
}
Event: 2.076 GC heap before
{Heap before GC invocations=1 (full 0):
 garbage-first heap   total 260096K, used 105348K [0x0000000080000000, 0x0000000100000000)
  region size 1024K, 97 young (99328K), 2 survivors (2048K)
 Metaspace       used 19994K, capacity 20462K, committed 20480K, reserved 1067008K
  class space    used 2383K, capacity 2551K, committed 2560K, reserved 1048576K
}
Event: 2.083 GC heap after
{Heap after GC invocations=2 (full 0):
 garbage-first heap   total 260096K, used 16688K [0x0000000080000000, 0x0000000100000000)
  region size 1024K, 12 young (12288K), 12 survivors (12288K)
 Metaspace       used 19994K, capacity 20462K, committed 20480K, reserved 1067008K
  class space    used 2383K, capacity 2551K, committed 2560K, reserved 1048576K
}
Event: 2.149 GC heap before
{Heap before GC invocations=2 (full 0):
 garbage-first heap   total 260096K, used 27952K [0x0000000080000000, 0x0000000100000000)
  region size 1024K, 24 young (24576K), 12 survivors (12288K)
 Metaspace       used 20815K, capacity 21189K, committed 21296K, reserved 1069056K
  class space    used 2522K, capacity 2687K, committed 2688K, reserved 1048576K
}
Event: 2.156 GC heap after
{Heap after GC invocations=3 (full 0):
 garbage-first heap   total 260096K, used 17614K [0x0000000080000000, 0x0000000100000000)
  region size 1024K, 1 young (1024K), 1 survivors (1024K)
 Metaspace       used 20815K, capacity 21189K, committed 21296K, reserved 1069056K
  class space    used 2522K, capacity 2687K, committed 2688K, reserved 1048576K
}
Event: 2.667 GC heap before
{Heap before GC invocations=4 (full 0):
 garbage-first heap   total 260096K, used 75982K [0x0000000080000000, 0x0000000100000000)
  region size 1024K, 59 young (60416K), 1 survivors (1024K)
 Metaspace       used 27051K, capacity 27675K, committed 27904K, reserved 1073152K
  class space    used 3516K, capacity 3734K, committed 3840K, reserved 1048576K
}
Event: 2.674 GC heap after
{Heap after GC invocations=5 (full 0):
 garbage-first heap   total 260096K, used 19454K [0x0000000080000000, 0x0000000100000000)
  region size 1024K, 3 young (3072K), 3 survivors (3072K)
 Metaspace       used 27051K, capacity 27675K, committed 27904K, reserved 1073152K
  class space    used 3516K, capacity 3734K, committed 3840K, reserved 1048576K
}
Event: 3.355 GC heap before
{Heap before GC invocations=5 (full 0):
 garbage-first heap   total 260096K, used 82942K [0x0000000080000000, 0x0000000100000000)
  region size 1024K, 66 young (67584K), 3 survivors (3072K)
 Metaspace       used 35005K, capacity 35889K, committed 35968K, reserved 1081344K
  class space    used 4564K, capacity 4921K, committed 4992K, reserved 1048576K
}
Event: 3.364 GC heap after
{Heap after GC invocations=6 (full 0):
 garbage-first heap   total 260096K, used 22632K [0x0000000080000000, 0x0000000100000000)
  region size 1024K, 6 young (6144K), 6 survivors (6144K)
 Metaspace       used 35005K, capacity 35889K, committed 35968K, reserved 1081344K
  class space    used 4564K, capacity 4921K, committed 4992K, reserved 1048576K
}
Event: 4.322 GC heap before
{Heap before GC invocations=7 (full 0):
 garbage-first heap   total 260096K, used 128104K [0x0000000080000000, 0x0000000100000000)
  region size 1024K, 106 young (108544K), 6 survivors (6144K)
 Metaspace       used 43824K, capacity 45059K, committed 45084K, reserved 1089536K
  class space    used 5619K, capacity 6004K, committed 6016K, reserved 1048576K
}
Event: 4.342 GC heap after
{Heap after GC invocations=8 (full 0):
 garbage-first heap   total 260096K, used 30586K [0x0000000080000000, 0x0000000100000000)
  region size 1024K, 14 young (14336K), 14 survivors (14336K)
 Metaspace       used 43824K, capacity 45059K, committed 45084K, reserved 1089536K
  class space    used 5619K, capacity 6004K, committed 6016K, reserved 1048576K
}
Event: 5.516 GC heap before
{Heap before GC invocations=9 (full 0):
 garbage-first heap   total 260096K, used 148346K [0x0000000080000000, 0x0000000100000000)
  region size 1024K, 124 young (126976K), 14 survivors (14336K)
 Metaspace       used 51393K, capacity 52839K, committed 53148K, reserved 1095680K
  class space    used 6536K, capacity 7093K, committed 7168K, reserved 1048576K
}
Event: 5.538 GC heap after
{Heap after GC invocations=10 (full 0):
 garbage-first heap   total 260096K, used 43722K [0x0000000080000000, 0x0000000100000000)
  region size 1024K, 16 young (16384K), 16 survivors (16384K)
 Metaspace       used 51393K, capacity 52839K, committed 53148K, reserved 1095680K
  class space    used 6536K, capacity 7093K, committed 7168K, reserved 1048576K
}
Event: 7.134 GC heap before
{Heap before GC invocations=10 (full 0):
 garbage-first heap   total 260096K, used 190154K [0x0000000080000000, 0x0000000100000000)
  region size 1024K, 152 young (155648K), 16 survivors (16384K)
 Metaspace       used 66870K, capacity 68539K, committed 68636K, reserved 1110016K
  class space    used 8394K, capacity 8994K, committed 9088K, reserved 1048576K
}
Event: 7.153 GC heap after
{Heap after GC invocations=11 (full 0):
 garbage-first heap   total 260096K, used 54784K [0x0000000080000000, 0x0000000100000000)
  region size 1024K, 11 young (11264K), 11 survivors (11264K)
 Metaspace       used 66870K, capacity 68539K, committed 68636K, reserved 1110016K
  class space    used 8394K, capacity 8994K, committed 9088K, reserved 1048576K
}
Event: 8.144 GC heap before
{Heap before GC invocations=11 (full 0):
 garbage-first heap   total 260096K, used 165376K [0x0000000080000000, 0x0000000100000000)
  region size 1024K, 120 young (122880K), 11 survivors (11264K)
 Metaspace       used 74534K, capacity 76421K, committed 76572K, reserved 1116160K
  class space    used 9610K, capacity 10259K, committed 10368K, reserved 1048576K
}
Event: 8.172 GC heap after
{Heap after GC invocations=12 (full 0):
 garbage-first heap   total 351232K, used 62464K [0x0000000080000000, 0x0000000100000000)
  region size 1024K, 9 young (9216K), 9 survivors (9216K)
 Metaspace       used 74534K, capacity 76421K, committed 76572K, reserved 1116160K
  class space    used 9610K, capacity 10259K, committed 10368K, reserved 1048576K
}
Event: 19.316 GC heap before
{Heap before GC invocations=13 (full 0):
 garbage-first heap   total 351232K, used 222208K [0x0000000080000000, 0x0000000100000000)
  region size 1024K, 166 young (169984K), 9 survivors (9216K)
 Metaspace       used 88652K, capacity 90939K, committed 91036K, reserved 1128448K
  class space    used 11224K, capacity 12011K, committed 12032K, reserved 1048576K
}
Event: 19.336 GC heap after
{Heap after GC invocations=14 (full 0):
 garbage-first heap   total 351232K, used 72973K [0x0000000080000000, 0x0000000100000000)
  region size 1024K, 19 young (19456K), 19 survivors (19456K)
 Metaspace       used 88652K, capacity 90939K, committed 91036K, reserved 1128448K
  class space    used 11224K, capacity 12011K, committed 12032K, reserved 1048576K
}

