# JRE version: OpenJDK Runtime Environment Corretto-11.0.18.10.1 (11.0.18+10) (build 11.0.18+10-LTS)
# Java VM: OpenJDK 64-Bit Server VM Corretto-11.0.18.10.1 (11.0.18+10-LTS, mixed mode, tiered, compressed oops, g1 gc, windows-amd64)
Heap:
 garbage-first heap   total 312320K, used 151179K [0x0000000080000000, 0x0000000100000000)
  region size 1024K, 94 young (96256K), 11 survivors (11264K)
 Metaspace       used 85891K, capacity 88105K, committed 88220K, reserved 1126400K
  class space    used 11132K, capacity 11929K, committed 12032K, reserved 1048576K
GC Heap History (20 events):
Event: 2.235 GC heap before
{Heap before GC invocations=1 (full 0):
 garbage-first heap   total 260096K, used 115568K [0x0000000080000000, 0x0000000100000000)
  region size 1024K, 109 young (111616K), 2 survivors (2048K)
 Metaspace       used 20821K, capacity 21198K, committed 21296K, reserved 1069056K
  class space    used 2516K, capacity 2687K, committed 2688K, reserved 1048576K
}
Event: 2.244 GC heap after
{Heap after GC invocations=2 (full 0):
 garbage-first heap   total 260096K, used 17112K [0x0000000080000000, 0x0000000100000000)
  region size 1024K, 12 young (12288K), 12 survivors (12288K)
 Metaspace       used 20821K, capacity 21198K, committed 21296K, reserved 1069056K
  class space    used 2516K, capacity 2687K, committed 2688K, reserved 1048576K
}
Event: 2.543 GC heap before
{Heap before GC invocations=3 (full 0):
 garbage-first heap   total 260096K, used 42712K [0x0000000080000000, 0x0000000100000000)
  region size 1024K, 38 young (38912K), 12 survivors (12288K)
 Metaspace       used 23458K, capacity 23984K, committed 24192K, reserved 1071104K
  class space    used 2949K, capacity 3171K, committed 3200K, reserved 1048576K
}
Event: 2.550 GC heap after
{Heap after GC invocations=4 (full 0):
 garbage-first heap   total 260096K, used 18348K [0x0000000080000000, 0x0000000100000000)
  region size 1024K, 2 young (2048K), 2 survivors (2048K)
 Metaspace       used 23458K, capacity 23984K, committed 24192K, reserved 1071104K
  class space    used 2949K, capacity 3171K, committed 3200K, reserved 1048576K
}
Event: 3.115 GC heap before
{Heap before GC invocations=4 (full 0):
 garbage-first heap   total 260096K, used 74668K [0x0000000080000000, 0x0000000100000000)
  region size 1024K, 57 young (58368K), 2 survivors (2048K)
 Metaspace       used 29076K, capacity 29759K, committed 29952K, reserved 1075200K
  class space    used 3834K, capacity 4065K, committed 4096K, reserved 1048576K
}
Event: 3.119 GC heap after
{Heap after GC invocations=5 (full 0):
 garbage-first heap   total 260096K, used 19765K [0x0000000080000000, 0x0000000100000000)
  region size 1024K, 3 young (3072K), 3 survivors (3072K)
 Metaspace       used 29076K, capacity 29759K, committed 29952K, reserved 1075200K
  class space    used 3834K, capacity 4065K, committed 4096K, reserved 1048576K
}
Event: 3.584 GC heap before
{Heap before GC invocations=5 (full 0):
 garbage-first heap   total 260096K, used 56629K [0x0000000080000000, 0x0000000100000000)
  region size 1024K, 40 young (40960K), 3 survivors (3072K)
 Metaspace       used 34920K, capacity 35833K, committed 36048K, reserved 1081344K
  class space    used 4549K, capacity 4855K, committed 4864K, reserved 1048576K
}
Event: 3.592 GC heap after
{Heap after GC invocations=6 (full 0):
 garbage-first heap   total 260096K, used 22477K [0x0000000080000000, 0x0000000100000000)
  region size 1024K, 6 young (6144K), 6 survivors (6144K)
 Metaspace       used 34920K, capacity 35833K, committed 36048K, reserved 1081344K
  class space    used 4549K, capacity 4855K, committed 4864K, reserved 1048576K
}
Event: 4.263 GC heap before
{Heap before GC invocations=7 (full 0):
 garbage-first heap   total 260096K, used 98253K [0x0000000080000000, 0x0000000100000000)
  region size 1024K, 78 young (79872K), 6 survivors (6144K)
 Metaspace       used 41073K, capacity 42145K, committed 42396K, reserved 1085440K
  class space    used 5207K, capacity 5567K, committed 5632K, reserved 1048576K
}
Event: 4.280 GC heap after
{Heap after GC invocations=8 (full 0):
 garbage-first heap   total 260096K, used 28665K [0x0000000080000000, 0x0000000100000000)
  region size 1024K, 10 young (10240K), 10 survivors (10240K)
 Metaspace       used 41073K, capacity 42145K, committed 42396K, reserved 1085440K
  class space    used 5207K, capacity 5567K, committed 5632K, reserved 1048576K
}
Event: 5.302 GC heap before
{Heap before GC invocations=9 (full 0):
 garbage-first heap   total 260096K, used 123897K [0x0000000080000000, 0x0000000100000000)
  region size 1024K, 102 young (104448K), 10 survivors (10240K)
 Metaspace       used 48958K, capacity 50248K, committed 50460K, reserved 1093632K
  class space    used 6236K, capacity 6704K, committed 6784K, reserved 1048576K
}
Event: 5.314 GC heap after
{Heap after GC invocations=10 (full 0):
 garbage-first heap   total 260096K, used 32346K [0x0000000080000000, 0x0000000100000000)
  region size 1024K, 10 young (10240K), 10 survivors (10240K)
 Metaspace       used 48958K, capacity 50248K, committed 50460K, reserved 1093632K
  class space    used 6236K, capacity 6704K, committed 6784K, reserved 1048576K
}
Event: 6.549 GC heap before
{Heap before GC invocations=10 (full 0):
 garbage-first heap   total 260096K, used 149082K [0x0000000080000000, 0x0000000100000000)
  region size 1024K, 120 young (122880K), 10 survivors (10240K)
 Metaspace       used 60914K, capacity 62598K, committed 62748K, reserved 1103872K
  class space    used 7679K, capacity 8266K, committed 8320K, reserved 1048576K
}
Event: 6.564 GC heap after
{Heap after GC invocations=11 (full 0):
 garbage-first heap   total 260096K, used 48178K [0x0000000080000000, 0x0000000100000000)
  region size 1024K, 15 young (15360K), 15 survivors (15360K)
 Metaspace       used 60914K, capacity 62598K, committed 62748K, reserved 1103872K
  class space    used 7679K, capacity 8266K, committed 8320K, reserved 1048576K
}
Event: 7.609 GC heap before
{Heap before GC invocations=11 (full 0):
 garbage-first heap   total 260096K, used 170034K [0x0000000080000000, 0x0000000100000000)
  region size 1024K, 126 young (129024K), 15 survivors (15360K)
 Metaspace       used 67455K, capacity 69157K, committed 69276K, reserved 1110016K
  class space    used 8514K, capacity 9132K, committed 9216K, reserved 1048576K
}
Event: 7.625 GC heap after
{Heap after GC invocations=12 (full 0):
 garbage-first heap   total 260096K, used 57598K [0x0000000080000000, 0x0000000100000000)
  region size 1024K, 10 young (10240K), 10 survivors (10240K)
 Metaspace       used 67455K, capacity 69157K, committed 69276K, reserved 1110016K
  class space    used 8514K, capacity 9132K, committed 9216K, reserved 1048576K
}
Event: 7.796 GC heap before
{Heap before GC invocations=12 (full 0):
 garbage-first heap   total 260096K, used 77054K [0x0000000080000000, 0x0000000100000000)
  region size 1024K, 30 young (30720K), 10 survivors (10240K)
 Metaspace       used 69226K, capacity 70963K, committed 71068K, reserved 1112064K
  class space    used 8738K, capacity 9390K, committed 9472K, reserved 1048576K
}
Event: 7.811 GC heap after
{Heap after GC invocations=13 (full 0):
 garbage-first heap   total 312320K, used 59392K [0x0000000080000000, 0x0000000100000000)
  region size 1024K, 2 young (2048K), 2 survivors (2048K)
 Metaspace       used 69226K, capacity 70963K, committed 71068K, reserved 1112064K
  class space    used 8738K, capacity 9390K, committed 9472K, reserved 1048576K
}
Event: 9.473 GC heap before
{Heap before GC invocations=14 (full 0):
 garbage-first heap   total 312320K, used 201728K [0x0000000080000000, 0x0000000100000000)
  region size 1024K, 141 young (144384K), 2 survivors (2048K)
 Metaspace       used 82114K, capacity 84150K, committed 84252K, reserved 1122304K
  class space    used 10632K, capacity 11307K, committed 11392K, reserved 1048576K
}
Event: 9.493 GC heap after
{Heap after GC invocations=15 (full 0):
 garbage-first heap   total 312320K, used 68235K [0x0000000080000000, 0x0000000100000000)
  region size 1024K, 11 young (11264K), 11 survivors (11264K)
 Metaspace       used 82114K, capacity 84150K, committed 84252K, reserved 1122304K
  class space    used 10632K, capacity 11307K, committed 11392K, reserved 1048576K
}

