# JRE version: OpenJDK Runtime Environment (11.0.15) (build 11.0.15+0-b2043.56-9505619)
# Java VM: OpenJDK 64-Bit Server VM (11.0.15+0-b2043.56-9505619, mixed mode, tiered, compressed oops, g1 gc, windows-amd64)
Heap:
 garbage-first heap   total 260096K, used 210250K [0x0000000080000000, 0x0000000100000000)
  region size 1024K, 16 young (16384K), 5 survivors (5120K)
 Metaspace       used 111875K, capacity 115100K, committed 115408K, reserved 1148928K
  class space    used 14038K, capacity 15149K, committed 15232K, reserved 1048576K
GC Heap History (20 events):
Event: 16.246 GC heap before
{Heap before GC invocations=18 (full 0):
 garbage-first heap   total 260096K, used 220877K [0x0000000080000000, 0x0000000100000000)
  region size 1024K, 53 young (54272K), 2 survivors (2048K)
 Metaspace       used 94769K, capacity 97410K, committed 97616K, reserved 1134592K
  class space    used 12161K, capacity 13043K, committed 13056K, reserved 1048576K
}
Event: 16.251 GC heap after
{Heap after GC invocations=19 (full 0):
 garbage-first heap   total 260096K, used 168866K [0x0000000080000000, 0x0000000100000000)
  region size 1024K, 4 young (4096K), 4 survivors (4096K)
 Metaspace       used 94769K, capacity 97410K, committed 97616K, reserved 1134592K
  class space    used 12161K, capacity 13043K, committed 13056K, reserved 1048576K
}
Event: 17.175 GC heap before
{Heap before GC invocations=19 (full 0):
 garbage-first heap   total 260096K, used 220066K [0x0000000080000000, 0x0000000100000000)
  region size 1024K, 54 young (55296K), 4 survivors (4096K)
 Metaspace       used 99864K, capacity 102584K, committed 102736K, reserved 1138688K
  class space    used 12841K, capacity 13797K, committed 13824K, reserved 1048576K
}
Event: 17.187 GC heap after
{Heap after GC invocations=20 (full 0):
 garbage-first heap   total 260096K, used 171866K [0x0000000080000000, 0x0000000100000000)
  region size 1024K, 7 young (7168K), 7 survivors (7168K)
 Metaspace       used 99864K, capacity 102584K, committed 102736K, reserved 1138688K
  class space    used 12841K, capacity 13797K, committed 13824K, reserved 1048576K
}
Event: 18.166 GC heap before
{Heap before GC invocations=21 (full 0):
 garbage-first heap   total 260096K, used 221018K [0x0000000080000000, 0x0000000100000000)
  region size 1024K, 56 young (57344K), 7 survivors (7168K)
 Metaspace       used 100708K, capacity 103400K, committed 103632K, reserved 1138688K
  class space    used 12886K, capacity 13860K, committed 13952K, reserved 1048576K
}
Event: 18.183 GC heap after
{Heap after GC invocations=22 (full 0):
 garbage-first heap   total 260096K, used 177787K [0x0000000080000000, 0x0000000100000000)
  region size 1024K, 7 young (7168K), 7 survivors (7168K)
 Metaspace       used 100708K, capacity 103400K, committed 103632K, reserved 1138688K
  class space    used 12886K, capacity 13860K, committed 13952K, reserved 1048576K
}
Event: 18.809 GC heap before
{Heap before GC invocations=22 (full 0):
 garbage-first heap   total 260096K, used 220795K [0x0000000080000000, 0x0000000100000000)
  region size 1024K, 50 young (51200K), 7 survivors (7168K)
 Metaspace       used 101640K, capacity 104362K, committed 104656K, reserved 1140736K
  class space    used 12935K, capacity 13901K, committed 13952K, reserved 1048576K
}
Event: 18.824 GC heap after
{Heap after GC invocations=23 (full 0):
 garbage-first heap   total 260096K, used 181628K [0x0000000080000000, 0x0000000100000000)
  region size 1024K, 5 young (5120K), 5 survivors (5120K)
 Metaspace       used 101640K, capacity 104362K, committed 104656K, reserved 1140736K
  class space    used 12935K, capacity 13901K, committed 13952K, reserved 1048576K
}
Event: 19.474 GC heap before
{Heap before GC invocations=24 (full 0):
 garbage-first heap   total 260096K, used 221564K [0x0000000080000000, 0x0000000100000000)
  region size 1024K, 44 young (45056K), 5 survivors (5120K)
 Metaspace       used 103481K, capacity 106378K, committed 106704K, reserved 1142784K
  class space    used 13149K, capacity 14120K, committed 14208K, reserved 1048576K
}
Event: 19.483 GC heap after
{Heap after GC invocations=25 (full 0):
 garbage-first heap   total 260096K, used 184056K [0x0000000080000000, 0x0000000100000000)
  region size 1024K, 3 young (3072K), 3 survivors (3072K)
 Metaspace       used 103481K, capacity 106378K, committed 106704K, reserved 1142784K
  class space    used 13149K, capacity 14120K, committed 14208K, reserved 1048576K
}
Event: 19.886 GC heap before
{Heap before GC invocations=25 (full 0):
 garbage-first heap   total 260096K, used 222968K [0x0000000080000000, 0x0000000100000000)
  region size 1024K, 41 young (41984K), 3 survivors (3072K)
 Metaspace       used 104392K, capacity 107242K, committed 107344K, reserved 1142784K
  class space    used 13271K, capacity 14255K, committed 14336K, reserved 1048576K
}
Event: 19.896 GC heap after
{Heap after GC invocations=26 (full 0):
 garbage-first heap   total 260096K, used 184733K [0x0000000080000000, 0x0000000100000000)
  region size 1024K, 4 young (4096K), 4 survivors (4096K)
 Metaspace       used 104392K, capacity 107242K, committed 107344K, reserved 1142784K
  class space    used 13271K, capacity 14255K, committed 14336K, reserved 1048576K
}
Event: 27.261 GC heap before
{Heap before GC invocations=27 (full 0):
 garbage-first heap   total 260096K, used 222621K [0x0000000080000000, 0x0000000100000000)
  region size 1024K, 42 young (43008K), 4 survivors (4096K)
 Metaspace       used 108866K, capacity 111919K, committed 112208K, reserved 1146880K
  class space    used 13661K, capacity 14725K, committed 14848K, reserved 1048576K
}
Event: 27.273 GC heap after
{Heap after GC invocations=28 (full 0):
 garbage-first heap   total 260096K, used 186937K [0x0000000080000000, 0x0000000100000000)
  region size 1024K, 6 young (6144K), 6 survivors (6144K)
 Metaspace       used 108866K, capacity 111919K, committed 112208K, reserved 1146880K
  class space    used 13661K, capacity 14725K, committed 14848K, reserved 1048576K
}
Event: 28.070 GC heap before
{Heap before GC invocations=28 (full 0):
 garbage-first heap   total 260096K, used 222777K [0x0000000080000000, 0x0000000100000000)
  region size 1024K, 42 young (43008K), 6 survivors (6144K)
 Metaspace       used 110066K, capacity 113139K, committed 113232K, reserved 1148928K
  class space    used 13786K, capacity 14842K, committed 14848K, reserved 1048576K
}
Event: 28.091 GC heap after
{Heap after GC invocations=29 (full 0):
 garbage-first heap   total 260096K, used 190461K [0x0000000080000000, 0x0000000100000000)
  region size 1024K, 6 young (6144K), 6 survivors (6144K)
 Metaspace       used 110066K, capacity 113139K, committed 113232K, reserved 1148928K
  class space    used 13786K, capacity 14842K, committed 14848K, reserved 1048576K
}
Event: 28.436 GC heap before
{Heap before GC invocations=30 (full 0):
 garbage-first heap   total 260096K, used 224253K [0x0000000080000000, 0x0000000100000000)
  region size 1024K, 39 young (39936K), 6 survivors (6144K)
 Metaspace       used 110783K, capacity 113968K, committed 114128K, reserved 1148928K
  class space    used 13856K, capacity 14942K, committed 14976K, reserved 1048576K
}
Event: 28.450 GC heap after
{Heap after GC invocations=31 (full 0):
 garbage-first heap   total 260096K, used 194847K [0x0000000080000000, 0x0000000100000000)
  region size 1024K, 5 young (5120K), 5 survivors (5120K)
 Metaspace       used 110783K, capacity 113968K, committed 114128K, reserved 1148928K
  class space    used 13856K, capacity 14942K, committed 14976K, reserved 1048576K
}
Event: 38.692 GC heap before
{Heap before GC invocations=31 (full 0):
 garbage-first heap   total 260096K, used 224543K [0x0000000080000000, 0x0000000100000000)
  region size 1024K, 34 young (34816K), 5 survivors (5120K)
 Metaspace       used 111056K, capacity 114219K, committed 114384K, reserved 1148928K
  class space    used 13891K, capacity 14956K, committed 14976K, reserved 1048576K
}
Event: 38.701 GC heap after
{Heap after GC invocations=32 (full 0):
 garbage-first heap   total 260096K, used 200010K [0x0000000080000000, 0x0000000100000000)
  region size 1024K, 5 young (5120K), 5 survivors (5120K)
 Metaspace       used 111056K, capacity 114219K, committed 114384K, reserved 1148928K
  class space    used 13891K, capacity 14956K, committed 14976K, reserved 1048576K
}

