# JRE version: OpenJDK Runtime Environment (11.0.15) (build 11.0.15+0-b2043.56-9505619)
# Java VM: OpenJDK 64-Bit Server VM (11.0.15+0-b2043.56-9505619, mixed mode, tiered, compressed oops, g1 gc, windows-amd64)
Heap:
 garbage-first heap   total 260096K, used 101304K [0x0000000080000000, 0x0000000100000000)
  region size 1024K, 39 young (39936K), 14 survivors (14336K)
 Metaspace       used 86250K, capacity 88575K, committed 88732K, reserved 1126400K
  class space    used 11183K, capacity 11977K, committed 12056K, reserved 1048576K
GC Heap History (20 events):
Event: 2.353 GC heap before
{Heap before GC invocations=3 (full 0):
 garbage-first heap   total 260096K, used 33131K [0x0000000080000000, 0x0000000100000000)
  region size 1024K, 29 young (29696K), 12 survivors (12288K)
 Metaspace       used 22457K, capacity 22976K, committed 23292K, reserved 1069056K
  class space    used 2816K, capacity 3031K, committed 3148K, reserved 1048576K
}
Event: 2.362 GC heap after
{Heap after GC invocations=4 (full 0):
 garbage-first heap   total 260096K, used 17464K [0x0000000080000000, 0x0000000100000000)
  region size 1024K, 1 young (1024K), 1 survivors (1024K)
 Metaspace       used 22457K, capacity 22976K, committed 23292K, reserved 1069056K
  class space    used 2816K, capacity 3031K, committed 3148K, reserved 1048576K
}
Event: 3.116 GC heap before
{Heap before GC invocations=4 (full 0):
 garbage-first heap   total 260096K, used 86072K [0x0000000080000000, 0x0000000100000000)
  region size 1024K, 68 young (69632K), 1 survivors (1024K)
 Metaspace       used 29231K, capacity 29889K, committed 29948K, reserved 1075200K
  class space    used 3859K, capacity 4133K, committed 4172K, reserved 1048576K
}
Event: 3.120 GC heap after
{Heap after GC invocations=5 (full 0):
 garbage-first heap   total 260096K, used 19610K [0x0000000080000000, 0x0000000100000000)
  region size 1024K, 3 young (3072K), 3 survivors (3072K)
 Metaspace       used 29231K, capacity 29889K, committed 29948K, reserved 1075200K
  class space    used 3859K, capacity 4133K, committed 4172K, reserved 1048576K
}
Event: 3.582 GC heap before
{Heap before GC invocations=5 (full 0):
 garbage-first heap   total 260096K, used 55450K [0x0000000080000000, 0x0000000100000000)
  region size 1024K, 39 young (39936K), 3 survivors (3072K)
 Metaspace       used 35102K, capacity 35957K, committed 36048K, reserved 1081344K
  class space    used 4567K, capacity 4921K, committed 4940K, reserved 1048576K
}
Event: 3.589 GC heap after
{Heap after GC invocations=6 (full 0):
 garbage-first heap   total 260096K, used 22194K [0x0000000080000000, 0x0000000100000000)
  region size 1024K, 6 young (6144K), 6 survivors (6144K)
 Metaspace       used 35102K, capacity 35957K, committed 36048K, reserved 1081344K
  class space    used 4567K, capacity 4921K, committed 4940K, reserved 1048576K
}
Event: 4.792 GC heap before
{Heap before GC invocations=7 (full 0):
 garbage-first heap   total 260096K, used 102066K [0x0000000080000000, 0x0000000100000000)
  region size 1024K, 81 young (82944K), 6 survivors (6144K)
 Metaspace       used 41543K, capacity 42589K, committed 42652K, reserved 1087488K
  class space    used 5263K, capacity 5611K, committed 5656K, reserved 1048576K
}
Event: 4.807 GC heap after
{Heap after GC invocations=8 (full 0):
 garbage-first heap   total 260096K, used 28490K [0x0000000080000000, 0x0000000100000000)
  region size 1024K, 11 young (11264K), 11 survivors (11264K)
 Metaspace       used 41543K, capacity 42589K, committed 42652K, reserved 1087488K
  class space    used 5263K, capacity 5611K, committed 5656K, reserved 1048576K
}
Event: 5.808 GC heap before
{Heap before GC invocations=9 (full 0):
 garbage-first heap   total 260096K, used 123722K [0x0000000080000000, 0x0000000100000000)
  region size 1024K, 104 young (106496K), 11 survivors (11264K)
 Metaspace       used 49043K, capacity 50390K, committed 50716K, reserved 1093632K
  class space    used 6247K, capacity 6710K, committed 6808K, reserved 1048576K
}
Event: 5.820 GC heap after
{Heap after GC invocations=10 (full 0):
 garbage-first heap   total 260096K, used 32564K [0x0000000080000000, 0x0000000100000000)
  region size 1024K, 10 young (10240K), 10 survivors (10240K)
 Metaspace       used 49043K, capacity 50390K, committed 50716K, reserved 1093632K
  class space    used 6247K, capacity 6710K, committed 6808K, reserved 1048576K
}
Event: 7.976 GC heap before
{Heap before GC invocations=10 (full 0):
 garbage-first heap   total 260096K, used 150324K [0x0000000080000000, 0x0000000100000000)
  region size 1024K, 121 young (123904K), 10 survivors (10240K)
 Metaspace       used 61421K, capacity 63085K, committed 63388K, reserved 1103872K
  class space    used 7757K, capacity 8366K, committed 8472K, reserved 1048576K
}
Event: 7.993 GC heap after
{Heap after GC invocations=11 (full 0):
 garbage-first heap   total 260096K, used 47476K [0x0000000080000000, 0x0000000100000000)
  region size 1024K, 15 young (15360K), 15 survivors (15360K)
 Metaspace       used 61421K, capacity 63085K, committed 63388K, reserved 1103872K
  class space    used 7757K, capacity 8366K, committed 8472K, reserved 1048576K
}
Event: 9.035 GC heap before
{Heap before GC invocations=11 (full 0):
 garbage-first heap   total 260096K, used 171380K [0x0000000080000000, 0x0000000100000000)
  region size 1024K, 129 young (132096K), 15 survivors (15360K)
 Metaspace       used 67672K, capacity 69466K, committed 69788K, reserved 1110016K
  class space    used 8536K, capacity 9170K, committed 9240K, reserved 1048576K
}
Event: 9.054 GC heap after
{Heap after GC invocations=12 (full 0):
 garbage-first heap   total 260096K, used 57344K [0x0000000080000000, 0x0000000100000000)
  region size 1024K, 10 young (10240K), 10 survivors (10240K)
 Metaspace       used 67672K, capacity 69466K, committed 69788K, reserved 1110016K
  class space    used 8536K, capacity 9170K, committed 9240K, reserved 1048576K
}
Event: 9.269 GC heap before
{Heap before GC invocations=12 (full 0):
 garbage-first heap   total 260096K, used 69632K [0x0000000080000000, 0x0000000100000000)
  region size 1024K, 23 young (23552K), 10 survivors (10240K)
 Metaspace       used 69159K, capacity 70907K, committed 71088K, reserved 1112064K
  class space    used 8727K, capacity 9330K, committed 9368K, reserved 1048576K
}
Event: 9.282 GC heap after
{Heap after GC invocations=13 (full 0):
 garbage-first heap   total 260096K, used 59305K [0x0000000080000000, 0x0000000100000000)
  region size 1024K, 2 young (2048K), 2 survivors (2048K)
 Metaspace       used 69159K, capacity 70907K, committed 71088K, reserved 1112064K
  class space    used 8727K, capacity 9330K, committed 9368K, reserved 1048576K
}
Event: 10.888 GC heap before
{Heap before GC invocations=14 (full 0):
 garbage-first heap   total 260096K, used 160681K [0x0000000080000000, 0x0000000100000000)
  region size 1024K, 101 young (103424K), 2 survivors (2048K)
 Metaspace       used 78821K, capacity 80731K, committed 81052K, reserved 1120256K
  class space    used 10258K, capacity 10950K, committed 11032K, reserved 1048576K
}
Event: 10.896 GC heap after
{Heap after GC invocations=15 (full 0):
 garbage-first heap   total 260096K, used 63865K [0x0000000080000000, 0x0000000100000000)
  region size 1024K, 7 young (7168K), 7 survivors (7168K)
 Metaspace       used 78821K, capacity 80731K, committed 81052K, reserved 1120256K
  class space    used 10258K, capacity 10950K, committed 11032K, reserved 1048576K
}
Event: 11.852 GC heap before
{Heap before GC invocations=15 (full 0):
 garbage-first heap   total 260096K, used 170361K [0x0000000080000000, 0x0000000100000000)
  region size 1024K, 111 young (113664K), 7 survivors (7168K)
 Metaspace       used 84051K, capacity 86107K, committed 86300K, reserved 1124352K
  class space    used 10800K, capacity 11548K, committed 11672K, reserved 1048576K
}
Event: 11.870 GC heap after
{Heap after GC invocations=16 (full 0):
 garbage-first heap   total 260096K, used 76728K [0x0000000080000000, 0x0000000100000000)
  region size 1024K, 14 young (14336K), 14 survivors (14336K)
 Metaspace       used 84051K, capacity 86107K, committed 86300K, reserved 1124352K
  class space    used 10800K, capacity 11548K, committed 11672K, reserved 1048576K
}

