# JRE version: OpenJDK Runtime Environment (11.0.15) (build 11.0.15+0-b2043.56-9505619)
# Java VM: OpenJDK 64-Bit Server VM (11.0.15+0-b2043.56-9505619, mixed mode, tiered, compressed oops, g1 gc, windows-amd64)
Heap:
 garbage-first heap   total 260096K, used 146432K [0x0000000080000000, 0x0000000100000000)
  region size 1024K, 66 young (67584K), 10 survivors (10240K)
 Metaspace       used 88410K, capacity 90746K, committed 90928K, reserved 1128448K
  class space    used 11276K, capacity 12080K, committed 12160K, reserved 1048576K
GC Heap History (20 events):
Event: 3.621 GC heap before
{Heap before GC invocations=5 (full 0):
 garbage-first heap   total 260096K, used 83105K [0x0000000080000000, 0x0000000100000000)
  region size 1024K, 65 young (66560K), 3 survivors (3072K)
 Metaspace       used 32023K, capacity 32762K, committed 32944K, reserved 1077248K
  class space    used 4300K, capacity 4604K, committed 4608K, reserved 1048576K
}
Event: 3.627 GC heap after
{Heap after GC invocations=6 (full 0):
 garbage-first heap   total 260096K, used 21626K [0x0000000080000000, 0x0000000100000000)
  region size 1024K, 5 young (5120K), 5 survivors (5120K)
 Metaspace       used 32023K, capacity 32762K, committed 32944K, reserved 1077248K
  class space    used 4300K, capacity 4604K, committed 4608K, reserved 1048576K
}
Event: 4.056 GC heap before
{Heap before GC invocations=6 (full 0):
 garbage-first heap   total 260096K, used 32890K [0x0000000080000000, 0x0000000100000000)
  region size 1024K, 17 young (17408K), 5 survivors (5120K)
 Metaspace       used 34936K, capacity 35729K, committed 35888K, reserved 1081344K
  class space    used 4557K, capacity 4889K, committed 4992K, reserved 1048576K
}
Event: 4.064 GC heap after
{Heap after GC invocations=7 (full 0):
 garbage-first heap   total 260096K, used 23318K [0x0000000080000000, 0x0000000100000000)
  region size 1024K, 7 young (7168K), 7 survivors (7168K)
 Metaspace       used 34936K, capacity 35729K, committed 35888K, reserved 1081344K
  class space    used 4557K, capacity 4889K, committed 4992K, reserved 1048576K
}
Event: 5.277 GC heap before
{Heap before GC invocations=8 (full 0):
 garbage-first heap   total 260096K, used 117526K [0x0000000080000000, 0x0000000100000000)
  region size 1024K, 97 young (99328K), 7 survivors (7168K)
 Metaspace       used 42766K, capacity 43921K, committed 43952K, reserved 1087488K
  class space    used 5457K, capacity 5859K, committed 5888K, reserved 1048576K
}
Event: 5.295 GC heap after
{Heap after GC invocations=9 (full 0):
 garbage-first heap   total 260096K, used 30290K [0x0000000080000000, 0x0000000100000000)
  region size 1024K, 13 young (13312K), 13 survivors (13312K)
 Metaspace       used 42766K, capacity 43921K, committed 43952K, reserved 1087488K
  class space    used 5457K, capacity 5859K, committed 5888K, reserved 1048576K
}
Event: 8.925 GC heap before
{Heap before GC invocations=9 (full 0):
 garbage-first heap   total 260096K, used 170578K [0x0000000080000000, 0x0000000100000000)
  region size 1024K, 145 young (148480K), 13 survivors (13312K)
 Metaspace       used 52797K, capacity 54318K, committed 54576K, reserved 1097728K
  class space    used 6710K, capacity 7265K, committed 7296K, reserved 1048576K
}
Event: 8.942 GC heap after
{Heap after GC invocations=10 (full 0):
 garbage-first heap   total 260096K, used 44814K [0x0000000080000000, 0x0000000100000000)
  region size 1024K, 19 young (19456K), 19 survivors (19456K)
 Metaspace       used 52797K, capacity 54318K, committed 54576K, reserved 1097728K
  class space    used 6710K, capacity 7265K, committed 7296K, reserved 1048576K
}
Event: 9.738 GC heap before
{Heap before GC invocations=10 (full 0):
 garbage-first heap   total 260096K, used 83726K [0x0000000080000000, 0x0000000100000000)
  region size 1024K, 58 young (59392K), 19 survivors (19456K)
 Metaspace       used 58653K, capacity 60162K, committed 60240K, reserved 1101824K
  class space    used 7360K, capacity 7909K, committed 7936K, reserved 1048576K
}
Event: 9.757 GC heap after
{Heap after GC invocations=11 (full 0):
 garbage-first heap   total 260096K, used 47841K [0x0000000080000000, 0x0000000100000000)
  region size 1024K, 3 young (3072K), 3 survivors (3072K)
 Metaspace       used 58653K, capacity 60162K, committed 60240K, reserved 1101824K
  class space    used 7360K, capacity 7909K, committed 7936K, reserved 1048576K
}
Event: 11.098 GC heap before
{Heap before GC invocations=12 (full 0):
 garbage-first heap   total 260096K, used 157409K [0x0000000080000000, 0x0000000100000000)
  region size 1024K, 103 young (105472K), 3 survivors (3072K)
 Metaspace       used 67361K, capacity 69078K, committed 69296K, reserved 1110016K
  class space    used 8514K, capacity 9107K, committed 9216K, reserved 1048576K
}
Event: 11.110 GC heap after
{Heap after GC invocations=13 (full 0):
 garbage-first heap   total 260096K, used 55009K [0x0000000080000000, 0x0000000100000000)
  region size 1024K, 10 young (10240K), 10 survivors (10240K)
 Metaspace       used 67361K, capacity 69078K, committed 69296K, reserved 1110016K
  class space    used 8514K, capacity 9107K, committed 9216K, reserved 1048576K
}
Event: 12.245 GC heap before
{Heap before GC invocations=14 (full 0):
 garbage-first heap   total 260096K, used 161505K [0x0000000080000000, 0x0000000100000000)
  region size 1024K, 114 young (116736K), 10 survivors (10240K)
 Metaspace       used 75299K, capacity 77134K, committed 77488K, reserved 1116160K
  class space    used 9732K, capacity 10384K, committed 10496K, reserved 1048576K
}
Event: 12.264 GC heap after
{Heap after GC invocations=15 (full 0):
 garbage-first heap   total 260096K, used 61758K [0x0000000080000000, 0x0000000100000000)
  region size 1024K, 7 young (7168K), 7 survivors (7168K)
 Metaspace       used 75299K, capacity 77134K, committed 77488K, reserved 1116160K
  class space    used 9732K, capacity 10384K, committed 10496K, reserved 1048576K
}
Event: 13.321 GC heap before
{Heap before GC invocations=15 (full 0):
 garbage-first heap   total 260096K, used 170302K [0x0000000080000000, 0x0000000100000000)
  region size 1024K, 113 young (115712K), 7 survivors (7168K)
 Metaspace       used 82191K, capacity 84161K, committed 84272K, reserved 1122304K
  class space    used 10643K, capacity 11312K, committed 11392K, reserved 1048576K
}
Event: 13.340 GC heap after
{Heap after GC invocations=16 (full 0):
 garbage-first heap   total 260096K, used 70351K [0x0000000080000000, 0x0000000100000000)
  region size 1024K, 15 young (15360K), 15 survivors (15360K)
 Metaspace       used 82191K, capacity 84161K, committed 84272K, reserved 1122304K
  class space    used 10643K, capacity 11312K, committed 11392K, reserved 1048576K
}
Event: 24.760 GC heap before
{Heap before GC invocations=16 (full 0):
 garbage-first heap   total 260096K, used 177871K [0x0000000080000000, 0x0000000100000000)
  region size 1024K, 121 young (123904K), 15 survivors (15360K)
 Metaspace       used 86414K, capacity 88799K, committed 89008K, reserved 1126400K
  class space    used 11137K, capacity 11955K, committed 12032K, reserved 1048576K
}
Event: 24.785 GC heap after
{Heap after GC invocations=17 (full 0):
 garbage-first heap   total 260096K, used 83684K [0x0000000080000000, 0x0000000100000000)
  region size 1024K, 13 young (13312K), 13 survivors (13312K)
 Metaspace       used 86414K, capacity 88799K, committed 89008K, reserved 1126400K
  class space    used 11137K, capacity 11955K, committed 12032K, reserved 1048576K
}
Event: 26.198 GC heap before
{Heap before GC invocations=17 (full 0):
 garbage-first heap   total 260096K, used 186084K [0x0000000080000000, 0x0000000100000000)
  region size 1024K, 114 young (116736K), 13 survivors (13312K)
 Metaspace       used 87630K, capacity 90078K, committed 90288K, reserved 1128448K
  class space    used 11211K, capacity 12031K, committed 12032K, reserved 1048576K
}
Event: 26.216 GC heap after
{Heap after GC invocations=18 (full 0):
 garbage-first heap   total 260096K, used 91136K [0x0000000080000000, 0x0000000100000000)
  region size 1024K, 10 young (10240K), 10 survivors (10240K)
 Metaspace       used 87630K, capacity 90078K, committed 90288K, reserved 1128448K
  class space    used 11211K, capacity 12031K, committed 12032K, reserved 1048576K
}

