# JRE version: OpenJDK Runtime Environment (11.0.15) (build 11.0.15+0-b2043.56-9505619)
# Java VM: OpenJDK 64-Bit Server VM (11.0.15+0-b2043.56-9505619, mixed mode, tiered, compressed oops, g1 gc, windows-amd64)
Heap:
 garbage-first heap   total 312320K, used 98304K [0x0000000080000000, 0x0000000100000000)
  region size 1024K, 40 young (40960K), 20 survivors (20480K)
 Metaspace       used 90348K, capacity 92643K, committed 92700K, reserved 1130496K
  class space    used 11452K, capacity 12241K, committed 12288K, reserved 1048576K
GC Heap History (20 events):
Event: 2.500 GC heap before
{Heap before GC invocations=3 (full 0):
 garbage-first heap   total 260096K, used 66240K [0x0000000080000000, 0x0000000100000000)
  region size 1024K, 60 young (61440K), 12 survivors (12288K)
 Metaspace       used 25975K, capacity 26555K, committed 26800K, reserved 1073152K
  class space    used 3335K, capacity 3547K, committed 3584K, reserved 1048576K
}
Event: 2.509 GC heap after
{Heap after GC invocations=4 (full 0):
 garbage-first heap   total 260096K, used 18856K [0x0000000080000000, 0x0000000100000000)
  region size 1024K, 3 young (3072K), 3 survivors (3072K)
 Metaspace       used 25975K, capacity 26555K, committed 26800K, reserved 1073152K
  class space    used 3335K, capacity 3547K, committed 3584K, reserved 1048576K
}
Event: 3.181 GC heap before
{Heap before GC invocations=4 (full 0):
 garbage-first heap   total 260096K, used 88488K [0x0000000080000000, 0x0000000100000000)
  region size 1024K, 71 young (72704K), 3 survivors (3072K)
 Metaspace       used 34150K, capacity 34972K, committed 34992K, reserved 1079296K
  class space    used 4513K, capacity 4849K, committed 4864K, reserved 1048576K
}
Event: 3.186 GC heap after
{Heap after GC invocations=5 (full 0):
 garbage-first heap   total 260096K, used 21466K [0x0000000080000000, 0x0000000100000000)
  region size 1024K, 5 young (5120K), 5 survivors (5120K)
 Metaspace       used 34150K, capacity 34972K, committed 34992K, reserved 1079296K
  class space    used 4513K, capacity 4849K, committed 4864K, reserved 1048576K
}
Event: 3.231 GC heap before
{Heap before GC invocations=5 (full 0):
 garbage-first heap   total 260096K, used 23514K [0x0000000080000000, 0x0000000100000000)
  region size 1024K, 8 young (8192K), 5 survivors (5120K)
 Metaspace       used 34913K, capacity 35726K, committed 35888K, reserved 1081344K
  class space    used 4556K, capacity 4887K, committed 4992K, reserved 1048576K
}
Event: 3.238 GC heap after
{Heap after GC invocations=6 (full 0):
 garbage-first heap   total 260096K, used 22112K [0x0000000080000000, 0x0000000100000000)
  region size 1024K, 6 young (6144K), 6 survivors (6144K)
 Metaspace       used 34913K, capacity 35726K, committed 35888K, reserved 1081344K
  class space    used 4556K, capacity 4887K, committed 4992K, reserved 1048576K
}
Event: 3.799 GC heap before
{Heap before GC invocations=7 (full 0):
 garbage-first heap   total 260096K, used 86624K [0x0000000080000000, 0x0000000100000000)
  region size 1024K, 67 young (68608K), 6 survivors (6144K)
 Metaspace       used 40778K, capacity 41773K, committed 42088K, reserved 1085440K
  class space    used 5168K, capacity 5553K, committed 5632K, reserved 1048576K
}
Event: 3.812 GC heap after
{Heap after GC invocations=8 (full 0):
 garbage-first heap   total 260096K, used 27465K [0x0000000080000000, 0x0000000100000000)
  region size 1024K, 9 young (9216K), 9 survivors (9216K)
 Metaspace       used 40778K, capacity 41773K, committed 42088K, reserved 1085440K
  class space    used 5168K, capacity 5553K, committed 5632K, reserved 1048576K
}
Event: 4.454 GC heap before
{Heap before GC invocations=9 (full 0):
 garbage-first heap   total 260096K, used 109385K [0x0000000080000000, 0x0000000100000000)
  region size 1024K, 89 young (91136K), 9 survivors (9216K)
 Metaspace       used 47464K, capacity 48692K, committed 48872K, reserved 1091584K
  class space    used 6058K, capacity 6466K, committed 6528K, reserved 1048576K
}
Event: 4.469 GC heap after
{Heap after GC invocations=10 (full 0):
 garbage-first heap   total 260096K, used 30471K [0x0000000080000000, 0x0000000100000000)
  region size 1024K, 9 young (9216K), 9 survivors (9216K)
 Metaspace       used 47464K, capacity 48692K, committed 48872K, reserved 1091584K
  class space    used 6058K, capacity 6466K, committed 6528K, reserved 1048576K
}
Event: 5.651 GC heap before
{Heap before GC invocations=10 (full 0):
 garbage-first heap   total 260096K, used 145159K [0x0000000080000000, 0x0000000100000000)
  region size 1024K, 117 young (119808K), 9 survivors (9216K)
 Metaspace       used 57040K, capacity 58661K, committed 58856K, reserved 1099776K
  class space    used 7215K, capacity 7773K, committed 7808K, reserved 1048576K
}
Event: 5.664 GC heap after
{Heap after GC invocations=11 (full 0):
 garbage-first heap   total 260096K, used 45434K [0x0000000080000000, 0x0000000100000000)
  region size 1024K, 14 young (14336K), 14 survivors (14336K)
 Metaspace       used 57040K, capacity 58661K, committed 58856K, reserved 1099776K
  class space    used 7215K, capacity 7773K, committed 7808K, reserved 1048576K
}
Event: 6.832 GC heap before
{Heap before GC invocations=11 (full 0):
 garbage-first heap   total 260096K, used 164218K [0x0000000080000000, 0x0000000100000000)
  region size 1024K, 122 young (124928K), 14 survivors (14336K)
 Metaspace       used 67355K, capacity 68992K, committed 69224K, reserved 1110016K
  class space    used 8502K, capacity 9100K, committed 9216K, reserved 1048576K
}
Event: 6.847 GC heap after
{Heap after GC invocations=12 (full 0):
 garbage-first heap   total 260096K, used 54504K [0x0000000080000000, 0x0000000100000000)
  region size 1024K, 9 young (9216K), 9 survivors (9216K)
 Metaspace       used 67355K, capacity 68992K, committed 69224K, reserved 1110016K
  class space    used 8502K, capacity 9100K, committed 9216K, reserved 1048576K
}
Event: 7.065 GC heap before
{Heap before GC invocations=12 (full 0):
 garbage-first heap   total 260096K, used 96488K [0x0000000080000000, 0x0000000100000000)
  region size 1024K, 51 young (52224K), 9 survivors (9216K)
 Metaspace       used 68246K, capacity 70005K, committed 70148K, reserved 1110016K
  class space    used 8596K, capacity 9202K, committed 9216K, reserved 1048576K
}
Event: 7.081 GC heap after
{Heap after GC invocations=13 (full 0):
 garbage-first heap   total 312320K, used 58234K [0x0000000080000000, 0x0000000100000000)
  region size 1024K, 4 young (4096K), 4 survivors (4096K)
 Metaspace       used 68246K, capacity 70005K, committed 70148K, reserved 1110016K
  class space    used 8596K, capacity 9202K, committed 9216K, reserved 1048576K
}
Event: 35.073 GC heap before
{Heap before GC invocations=14 (full 0):
 garbage-first heap   total 312320K, used 188282K [0x0000000080000000, 0x0000000100000000)
  region size 1024K, 132 young (135168K), 4 survivors (4096K)
 Metaspace       used 81555K, capacity 83690K, committed 83868K, reserved 1122304K
  class space    used 10286K, capacity 11020K, committed 11136K, reserved 1048576K
}
Event: 35.091 GC heap after
{Heap after GC invocations=15 (full 0):
 garbage-first heap   total 312320K, used 66772K [0x0000000080000000, 0x0000000100000000)
  region size 1024K, 13 young (13312K), 13 survivors (13312K)
 Metaspace       used 81555K, capacity 83690K, committed 83868K, reserved 1122304K
  class space    used 10286K, capacity 11020K, committed 11136K, reserved 1048576K
}
Event: 36.661 GC heap before
{Heap before GC invocations=16 (full 0):
 garbage-first heap   total 312320K, used 210132K [0x0000000080000000, 0x0000000100000000)
  region size 1024K, 153 young (156672K), 13 survivors (13312K)
 Metaspace       used 89346K, capacity 91586K, committed 91804K, reserved 1128448K
  class space    used 11292K, capacity 12048K, committed 12160K, reserved 1048576K
}
Event: 36.683 GC heap after
{Heap after GC invocations=17 (full 0):
 garbage-first heap   total 312320K, used 78848K [0x0000000080000000, 0x0000000100000000)
  region size 1024K, 20 young (20480K), 20 survivors (20480K)
 Metaspace       used 89346K, capacity 91586K, committed 91804K, reserved 1128448K
  class space    used 11292K, capacity 12048K, committed 12160K, reserved 1048576K
}

