# JRE version: OpenJDK Runtime Environment (11.0.15) (build 11.0.15+0-b2043.56-9505619)
# Java VM: OpenJDK 64-Bit Server VM (11.0.15+0-b2043.56-9505619, mixed mode, tiered, compressed oops, g1 gc, windows-amd64)
Heap:
 garbage-first heap   total 312320K, used 114176K [0x0000000080000000, 0x0000000100000000)
  region size 1024K, 36 young (36864K), 14 survivors (14336K)
 Metaspace       used 88680K, capacity 91131K, committed 91164K, reserved 1128448K
  class space    used 11376K, capacity 12215K, committed 12236K, reserved 1048576K
GC Heap History (20 events):
Event: 2.071 GC heap before
{Heap before GC invocations=4 (full 0):
 garbage-first heap   total 260096K, used 36997K [0x0000000080000000, 0x0000000100000000)
  region size 1024K, 28 young (28672K), 6 survivors (6144K)
 Metaspace       used 20827K, capacity 21149K, committed 21296K, reserved 1069056K
  class space    used 2508K, capacity 2651K, committed 2688K, reserved 1048576K
}
Event: 2.077 GC heap after
{Heap after GC invocations=5 (full 0):
 garbage-first heap   total 260096K, used 17339K [0x0000000080000000, 0x0000000100000000)
  region size 1024K, 4 young (4096K), 4 survivors (4096K)
 Metaspace       used 20827K, capacity 21149K, committed 21296K, reserved 1069056K
  class space    used 2508K, capacity 2651K, committed 2688K, reserved 1048576K
}
Event: 2.607 GC heap before
{Heap before GC invocations=6 (full 0):
 garbage-first heap   total 260096K, used 80827K [0x0000000080000000, 0x0000000100000000)
  region size 1024K, 66 young (67584K), 4 survivors (4096K)
 Metaspace       used 27317K, capacity 27905K, committed 28080K, reserved 1073152K
  class space    used 3563K, capacity 3768K, committed 3840K, reserved 1048576K
}
Event: 2.614 GC heap after
{Heap after GC invocations=7 (full 0):
 garbage-first heap   total 260096K, used 19237K [0x0000000080000000, 0x0000000100000000)
  region size 1024K, 6 young (6144K), 6 survivors (6144K)
 Metaspace       used 27317K, capacity 27905K, committed 28080K, reserved 1073152K
  class space    used 3563K, capacity 3768K, committed 3840K, reserved 1048576K
}
Event: 3.213 GC heap before
{Heap before GC invocations=7 (full 0):
 garbage-first heap   total 260096K, used 77605K [0x0000000080000000, 0x0000000100000000)
  region size 1024K, 64 young (65536K), 6 survivors (6144K)
 Metaspace       used 34919K, capacity 35729K, committed 35888K, reserved 1081344K
  class space    used 4557K, capacity 4889K, committed 4992K, reserved 1048576K
}
Event: 3.224 GC heap after
{Heap after GC invocations=8 (full 0):
 garbage-first heap   total 260096K, used 22459K [0x0000000080000000, 0x0000000100000000)
  region size 1024K, 9 young (9216K), 9 survivors (9216K)
 Metaspace       used 34919K, capacity 35729K, committed 35888K, reserved 1081344K
  class space    used 4557K, capacity 4889K, committed 4992K, reserved 1048576K
}
Event: 4.235 GC heap before
{Heap before GC invocations=9 (full 0):
 garbage-first heap   total 260096K, used 126907K [0x0000000080000000, 0x0000000100000000)
  region size 1024K, 108 young (110592K), 9 survivors (9216K)
 Metaspace       used 43690K, capacity 44867K, committed 45104K, reserved 1089536K
  class space    used 5617K, capacity 6004K, committed 6016K, reserved 1048576K
}
Event: 4.249 GC heap after
{Heap after GC invocations=10 (full 0):
 garbage-first heap   total 260096K, used 30451K [0x0000000080000000, 0x0000000100000000)
  region size 1024K, 14 young (14336K), 14 survivors (14336K)
 Metaspace       used 43690K, capacity 44867K, committed 45104K, reserved 1089536K
  class space    used 5617K, capacity 6004K, committed 6016K, reserved 1048576K
}
Event: 5.398 GC heap before
{Heap before GC invocations=10 (full 0):
 garbage-first heap   total 260096K, used 156403K [0x0000000080000000, 0x0000000100000000)
  region size 1024K, 132 young (135168K), 14 survivors (14336K)
 Metaspace       used 52021K, capacity 53528K, committed 53680K, reserved 1095680K
  class space    used 6610K, capacity 7129K, committed 7168K, reserved 1048576K
}
Event: 5.415 GC heap after
{Heap after GC invocations=11 (full 0):
 garbage-first heap   total 260096K, used 44032K [0x0000000080000000, 0x0000000100000000)
  region size 1024K, 17 young (17408K), 17 survivors (17408K)
 Metaspace       used 52021K, capacity 53528K, committed 53680K, reserved 1095680K
  class space    used 6610K, capacity 7129K, committed 7168K, reserved 1048576K
}
Event: 5.853 GC heap before
{Heap before GC invocations=11 (full 0):
 garbage-first heap   total 260096K, used 89088K [0x0000000080000000, 0x0000000100000000)
  region size 1024K, 62 young (63488K), 17 survivors (17408K)
 Metaspace       used 58631K, capacity 60180K, committed 60240K, reserved 1101824K
  class space    used 7359K, capacity 7936K, committed 7936K, reserved 1048576K
}
Event: 5.869 GC heap after
{Heap after GC invocations=12 (full 0):
 garbage-first heap   total 260096K, used 47602K [0x0000000080000000, 0x0000000100000000)
  region size 1024K, 3 young (3072K), 3 survivors (3072K)
 Metaspace       used 58631K, capacity 60180K, committed 60240K, reserved 1101824K
  class space    used 7359K, capacity 7936K, committed 7936K, reserved 1048576K
}
Event: 7.055 GC heap before
{Heap before GC invocations=13 (full 0):
 garbage-first heap   total 260096K, used 169458K [0x0000000080000000, 0x0000000100000000)
  region size 1024K, 114 young (116736K), 3 survivors (3072K)
 Metaspace       used 67359K, capacity 69065K, committed 69148K, reserved 1110016K
  class space    used 8509K, capacity 9102K, committed 9164K, reserved 1048576K
}
Event: 7.069 GC heap after
{Heap after GC invocations=14 (full 0):
 garbage-first heap   total 312320K, used 55248K [0x0000000080000000, 0x0000000100000000)
  region size 1024K, 11 young (11264K), 11 survivors (11264K)
 Metaspace       used 67359K, capacity 69065K, committed 69148K, reserved 1110016K
  class space    used 8509K, capacity 9102K, committed 9164K, reserved 1048576K
}
Event: 8.608 GC heap before
{Heap before GC invocations=15 (full 0):
 garbage-first heap   total 312320K, used 195536K [0x0000000080000000, 0x0000000100000000)
  region size 1024K, 148 young (151552K), 11 survivors (11264K)
 Metaspace       used 79012K, capacity 80985K, committed 81308K, reserved 1120256K
  class space    used 10281K, capacity 10964K, committed 11084K, reserved 1048576K
}
Event: 8.630 GC heap after
{Heap after GC invocations=16 (full 0):
 garbage-first heap   total 312320K, used 63786K [0x0000000080000000, 0x0000000100000000)
  region size 1024K, 17 young (17408K), 17 survivors (17408K)
 Metaspace       used 79012K, capacity 80985K, committed 81308K, reserved 1120256K
  class space    used 10281K, capacity 10964K, committed 11084K, reserved 1048576K
}
Event: 20.229 GC heap before
{Heap before GC invocations=16 (full 0):
 garbage-first heap   total 312320K, used 211242K [0x0000000080000000, 0x0000000100000000)
  region size 1024K, 162 young (165888K), 17 survivors (17408K)
 Metaspace       used 86339K, capacity 88732K, committed 88988K, reserved 1126400K
  class space    used 11152K, capacity 11982K, committed 12108K, reserved 1048576K
}
Event: 20.257 GC heap after
{Heap after GC invocations=17 (full 0):
 garbage-first heap   total 312320K, used 79965K [0x0000000080000000, 0x0000000100000000)
  region size 1024K, 21 young (21504K), 21 survivors (21504K)
 Metaspace       used 86339K, capacity 88732K, committed 88988K, reserved 1126400K
  class space    used 11152K, capacity 11982K, committed 12108K, reserved 1048576K
}
Event: 21.976 GC heap before
{Heap before GC invocations=17 (full 0):
 garbage-first heap   total 312320K, used 221277K [0x0000000080000000, 0x0000000100000000)
  region size 1024K, 160 young (163840K), 21 survivors (21504K)
 Metaspace       used 88334K, capacity 90789K, committed 90908K, reserved 1128448K
  class space    used 11324K, capacity 12165K, committed 12236K, reserved 1048576K
}
Event: 22.012 GC heap after
{Heap after GC invocations=18 (full 0):
 garbage-first heap   total 312320K, used 93696K [0x0000000080000000, 0x0000000100000000)
  region size 1024K, 14 young (14336K), 14 survivors (14336K)
 Metaspace       used 88334K, capacity 90789K, committed 90908K, reserved 1128448K
  class space    used 11324K, capacity 12165K, committed 12236K, reserved 1048576K
}

