# JRE version: OpenJDK Runtime Environment (11.0.15) (build 11.0.15+0-b2043.56-9505619)
# Java VM: OpenJDK 64-Bit Server VM (11.0.15+0-b2043.56-9505619, mixed mode, tiered, compressed oops, g1 gc, windows-amd64)
Heap:
 garbage-first heap   total 319488K, used 118425K [0x0000000080000000, 0x0000000100000000)
  region size 1024K, 58 young (59392K), 16 survivors (16384K)
 Metaspace       used 89934K, capacity 92312K, committed 92548K, reserved 1130496K
  class space    used 11393K, capacity 12183K, committed 12264K, reserved 1048576K
GC Heap History (20 events):
Event: 2.476 GC heap before
{Heap before GC invocations=5 (full 0):
 garbage-first heap   total 260096K, used 66823K [0x0000000080000000, 0x0000000100000000)
  region size 1024K, 49 young (50176K), 1 survivors (1024K)
 Metaspace       used 25975K, capacity 26529K, committed 26624K, reserved 1073152K
  class space    used 3363K, capacity 3581K, committed 3584K, reserved 1048576K
}
Event: 2.480 GC heap after
{Heap after GC invocations=6 (full 0):
 garbage-first heap   total 260096K, used 19494K [0x0000000080000000, 0x0000000100000000)
  region size 1024K, 3 young (3072K), 3 survivors (3072K)
 Metaspace       used 25975K, capacity 26529K, committed 26624K, reserved 1073152K
  class space    used 3363K, capacity 3581K, committed 3584K, reserved 1048576K
}
Event: 3.203 GC heap before
{Heap before GC invocations=6 (full 0):
 garbage-first heap   total 260096K, used 90150K [0x0000000080000000, 0x0000000100000000)
  region size 1024K, 72 young (73728K), 3 survivors (3072K)
 Metaspace       used 33996K, capacity 34809K, committed 35072K, reserved 1079296K
  class space    used 4500K, capacity 4816K, committed 4864K, reserved 1048576K
}
Event: 3.211 GC heap after
{Heap after GC invocations=7 (full 0):
 garbage-first heap   total 260096K, used 22470K [0x0000000080000000, 0x0000000100000000)
  region size 1024K, 6 young (6144K), 6 survivors (6144K)
 Metaspace       used 33996K, capacity 34809K, committed 35072K, reserved 1079296K
  class space    used 4500K, capacity 4816K, committed 4864K, reserved 1048576K
}
Event: 3.268 GC heap before
{Heap before GC invocations=7 (full 0):
 garbage-first heap   total 260096K, used 25542K [0x0000000080000000, 0x0000000100000000)
  region size 1024K, 10 young (10240K), 6 survivors (6144K)
 Metaspace       used 35024K, capacity 35889K, committed 35968K, reserved 1081344K
  class space    used 4564K, capacity 4921K, committed 4992K, reserved 1048576K
}
Event: 3.275 GC heap after
{Heap after GC invocations=8 (full 0):
 garbage-first heap   total 260096K, used 23524K [0x0000000080000000, 0x0000000100000000)
  region size 1024K, 7 young (7168K), 7 survivors (7168K)
 Metaspace       used 35024K, capacity 35889K, committed 35968K, reserved 1081344K
  class space    used 4564K, capacity 4921K, committed 4992K, reserved 1048576K
}
Event: 4.125 GC heap before
{Heap before GC invocations=9 (full 0):
 garbage-first heap   total 260096K, used 116708K [0x0000000080000000, 0x0000000100000000)
  region size 1024K, 95 young (97280K), 7 survivors (7168K)
 Metaspace       used 42606K, capacity 43857K, committed 43932K, reserved 1087488K
  class space    used 5439K, capacity 5859K, committed 5888K, reserved 1048576K
}
Event: 4.143 GC heap after
{Heap after GC invocations=10 (full 0):
 garbage-first heap   total 260096K, used 30215K [0x0000000080000000, 0x0000000100000000)
  region size 1024K, 12 young (12288K), 12 survivors (12288K)
 Metaspace       used 42606K, capacity 43857K, committed 43932K, reserved 1087488K
  class space    used 5439K, capacity 5859K, committed 5888K, reserved 1048576K
}
Event: 5.347 GC heap before
{Heap before GC invocations=11 (full 0):
 garbage-first heap   total 260096K, used 146951K [0x0000000080000000, 0x0000000100000000)
  region size 1024K, 121 young (123904K), 12 survivors (12288K)
 Metaspace       used 49675K, capacity 51112K, committed 51356K, reserved 1093632K
  class space    used 6308K, capacity 6814K, committed 6912K, reserved 1048576K
}
Event: 5.375 GC heap after
{Heap after GC invocations=12 (full 0):
 garbage-first heap   total 260096K, used 44202K [0x0000000080000000, 0x0000000100000000)
  region size 1024K, 16 young (16384K), 16 survivors (16384K)
 Metaspace       used 49675K, capacity 51112K, committed 51356K, reserved 1093632K
  class space    used 6308K, capacity 6814K, committed 6912K, reserved 1048576K
}
Event: 6.677 GC heap before
{Heap before GC invocations=12 (full 0):
 garbage-first heap   total 260096K, used 165034K [0x0000000080000000, 0x0000000100000000)
  region size 1024K, 127 young (130048K), 16 survivors (16384K)
 Metaspace       used 63936K, capacity 65640K, committed 65692K, reserved 1105920K
  class space    used 8042K, capacity 8659K, committed 8704K, reserved 1048576K
}
Event: 6.694 GC heap after
{Heap after GC invocations=13 (full 0):
 garbage-first heap   total 260096K, used 52361K [0x0000000080000000, 0x0000000100000000)
  region size 1024K, 8 young (8192K), 8 survivors (8192K)
 Metaspace       used 63936K, capacity 65640K, committed 65692K, reserved 1105920K
  class space    used 8042K, capacity 8659K, committed 8704K, reserved 1048576K
}
Event: 7.645 GC heap before
{Heap before GC invocations=13 (full 0):
 garbage-first heap   total 260096K, used 167049K [0x0000000080000000, 0x0000000100000000)
  region size 1024K, 120 young (122880K), 8 survivors (8192K)
 Metaspace       used 70839K, capacity 72563K, committed 72860K, reserved 1112064K
  class space    used 9020K, capacity 9650K, committed 9728K, reserved 1048576K
}
Event: 7.656 GC heap after
{Heap after GC invocations=14 (full 0):
 garbage-first heap   total 260096K, used 59017K [0x0000000080000000, 0x0000000100000000)
  region size 1024K, 14 young (14336K), 14 survivors (14336K)
 Metaspace       used 70839K, capacity 72563K, committed 72860K, reserved 1112064K
  class space    used 9020K, capacity 9650K, committed 9728K, reserved 1048576K
}
Event: 7.770 GC heap before
{Heap before GC invocations=14 (full 0):
 garbage-first heap   total 260096K, used 67209K [0x0000000080000000, 0x0000000100000000)
  region size 1024K, 23 young (23552K), 14 survivors (14336K)
 Metaspace       used 72020K, capacity 73771K, committed 73860K, reserved 1114112K
  class space    used 9260K, capacity 9880K, committed 9960K, reserved 1048576K
}
Event: 7.787 GC heap after
{Heap after GC invocations=15 (full 0):
 garbage-first heap   total 260096K, used 60459K [0x0000000080000000, 0x0000000100000000)
  region size 1024K, 9 young (9216K), 9 survivors (9216K)
 Metaspace       used 72020K, capacity 73771K, committed 73860K, reserved 1114112K
  class space    used 9260K, capacity 9880K, committed 9960K, reserved 1048576K
}
Event: 15.268 GC heap before
{Heap before GC invocations=16 (full 0):
 garbage-first heap   total 260096K, used 148523K [0x0000000080000000, 0x0000000100000000)
  region size 1024K, 96 young (98304K), 9 survivors (9216K)
 Metaspace       used 81378K, capacity 83542K, committed 83716K, reserved 1122304K
  class space    used 10282K, capacity 11019K, committed 11112K, reserved 1048576K
}
Event: 15.295 GC heap after
{Heap after GC invocations=17 (full 0):
 garbage-first heap   total 319488K, used 68429K [0x0000000080000000, 0x0000000100000000)
  region size 1024K, 9 young (9216K), 9 survivors (9216K)
 Metaspace       used 81378K, capacity 83542K, committed 83716K, reserved 1122304K
  class space    used 10282K, capacity 11019K, committed 11112K, reserved 1048576K
}
Event: 16.786 GC heap before
{Heap before GC invocations=18 (full 0):
 garbage-first heap   total 319488K, used 190285K [0x0000000080000000, 0x0000000100000000)
  region size 1024K, 128 young (131072K), 9 survivors (9216K)
 Metaspace       used 89208K, capacity 91422K, committed 91652K, reserved 1128448K
  class space    used 11283K, capacity 12042K, committed 12136K, reserved 1048576K
}
Event: 16.803 GC heap after
{Heap after GC invocations=19 (full 0):
 garbage-first heap   total 319488K, used 76441K [0x0000000080000000, 0x0000000100000000)
  region size 1024K, 16 young (16384K), 16 survivors (16384K)
 Metaspace       used 89208K, capacity 91422K, committed 91652K, reserved 1128448K
  class space    used 11283K, capacity 12042K, committed 12136K, reserved 1048576K
}

