# JRE version: OpenJDK Runtime Environment (11.0.15) (build 11.0.15+0-b2043.56-9505619)
# Java VM: OpenJDK 64-Bit Server VM (11.0.15+0-b2043.56-9505619, mixed mode, tiered, compressed oops, g1 gc, windows-amd64)
Heap:
 garbage-first heap   total 312320K, used 251216K [0x0000000080000000, 0x0000000100000000)
  region size 1024K, 61 young (62464K), 9 survivors (9216K)
 Metaspace       used 109854K, capacity 113137K, committed 113448K, reserved 1148928K
  class space    used 13661K, capacity 14768K, committed 14848K, reserved 1048576K
GC Heap History (20 events):
Event: 9.256 GC heap before
{Heap before GC invocations=16 (full 0):
 garbage-first heap   total 312320K, used 251797K [0x0000000080000000, 0x0000000100000000)
  region size 1024K, 113 young (115712K), 13 survivors (13312K)
 Metaspace       used 81050K, capacity 83367K, committed 83496K, reserved 1122304K
  class space    used 10443K, capacity 11244K, committed 11264K, reserved 1048576K
}
Event: 9.275 GC heap after
{Heap after GC invocations=17 (full 0):
 garbage-first heap   total 312320K, used 162513K [0x0000000080000000, 0x0000000100000000)
  region size 1024K, 15 young (15360K), 15 survivors (15360K)
 Metaspace       used 81050K, capacity 83367K, committed 83496K, reserved 1122304K
  class space    used 10443K, capacity 11244K, committed 11264K, reserved 1048576K
}
Event: 9.490 GC heap before
{Heap before GC invocations=18 (full 0):
 garbage-first heap   total 312320K, used 196305K [0x0000000080000000, 0x0000000100000000)
  region size 1024K, 49 young (50176K), 15 survivors (15360K)
 Metaspace       used 82244K, capacity 84636K, committed 84776K, reserved 1122304K
  class space    used 10576K, capacity 11408K, committed 11520K, reserved 1048576K
}
Event: 9.502 GC heap after
{Heap after GC invocations=19 (full 0):
 garbage-first heap   total 312320K, used 165786K [0x0000000080000000, 0x0000000100000000)
  region size 1024K, 3 young (3072K), 3 survivors (3072K)
 Metaspace       used 82244K, capacity 84636K, committed 84776K, reserved 1122304K
  class space    used 10576K, capacity 11408K, committed 11520K, reserved 1048576K
}
Event: 10.258 GC heap before
{Heap before GC invocations=20 (full 0):
 garbage-first heap   total 312320K, used 234394K [0x0000000080000000, 0x0000000100000000)
  region size 1024K, 69 young (70656K), 3 survivors (3072K)
 Metaspace       used 90201K, capacity 92782K, committed 92968K, reserved 1130496K
  class space    used 11587K, capacity 12484K, committed 12544K, reserved 1048576K
}
Event: 10.269 GC heap after
{Heap after GC invocations=21 (full 0):
 garbage-first heap   total 312320K, used 167322K [0x0000000080000000, 0x0000000100000000)
  region size 1024K, 4 young (4096K), 4 survivors (4096K)
 Metaspace       used 90201K, capacity 92782K, committed 92968K, reserved 1130496K
  class space    used 11587K, capacity 12484K, committed 12544K, reserved 1048576K
}
Event: 11.092 GC heap before
{Heap before GC invocations=21 (full 0):
 garbage-first heap   total 312320K, used 236954K [0x0000000080000000, 0x0000000100000000)
  region size 1024K, 73 young (74752K), 4 survivors (4096K)
 Metaspace       used 94991K, capacity 97637K, committed 97960K, reserved 1134592K
  class space    used 12152K, capacity 13101K, committed 13184K, reserved 1048576K
}
Event: 11.103 GC heap after
{Heap after GC invocations=22 (full 0):
 garbage-first heap   total 312320K, used 173848K [0x0000000080000000, 0x0000000100000000)
  region size 1024K, 10 young (10240K), 10 survivors (10240K)
 Metaspace       used 94991K, capacity 97637K, committed 97960K, reserved 1134592K
  class space    used 12152K, capacity 13101K, committed 13184K, reserved 1048576K
}
Event: 12.092 GC heap before
{Heap before GC invocations=23 (full 0):
 garbage-first heap   total 312320K, used 242456K [0x0000000080000000, 0x0000000100000000)
  region size 1024K, 78 young (79872K), 10 survivors (10240K)
 Metaspace       used 96424K, capacity 99187K, committed 99368K, reserved 1136640K
  class space    used 12248K, capacity 13200K, committed 13312K, reserved 1048576K
}
Event: 12.107 GC heap after
{Heap after GC invocations=24 (full 0):
 garbage-first heap   total 312320K, used 178828K [0x0000000080000000, 0x0000000100000000)
  region size 1024K, 7 young (7168K), 7 survivors (7168K)
 Metaspace       used 96424K, capacity 99187K, committed 99368K, reserved 1136640K
  class space    used 12248K, capacity 13200K, committed 13312K, reserved 1048576K
}
Event: 12.408 GC heap before
{Heap before GC invocations=24 (full 0):
 garbage-first heap   total 312320K, used 247436K [0x0000000080000000, 0x0000000100000000)
  region size 1024K, 74 young (75776K), 7 survivors (7168K)
 Metaspace       used 98784K, capacity 101546K, committed 101672K, reserved 1138688K
  class space    used 12533K, capacity 13493K, committed 13568K, reserved 1048576K
}
Event: 12.422 GC heap after
{Heap after GC invocations=25 (full 0):
 garbage-first heap   total 312320K, used 182207K [0x0000000080000000, 0x0000000100000000)
  region size 1024K, 3 young (3072K), 3 survivors (3072K)
 Metaspace       used 98784K, capacity 101546K, committed 101672K, reserved 1138688K
  class space    used 12533K, capacity 13493K, committed 13568K, reserved 1048576K
}
Event: 21.675 GC heap before
{Heap before GC invocations=26 (full 0):
 garbage-first heap   total 312320K, used 251839K [0x0000000080000000, 0x0000000100000000)
  region size 1024K, 72 young (73728K), 3 survivors (3072K)
 Metaspace       used 104372K, capacity 107477K, committed 107688K, reserved 1142784K
  class space    used 13067K, capacity 14107K, committed 14208K, reserved 1048576K
}
Event: 21.680 GC heap after
{Heap after GC invocations=27 (full 0):
 garbage-first heap   total 312320K, used 183406K [0x0000000080000000, 0x0000000100000000)
  region size 1024K, 5 young (5120K), 5 survivors (5120K)
 Metaspace       used 104372K, capacity 107477K, committed 107688K, reserved 1142784K
  class space    used 13067K, capacity 14107K, committed 14208K, reserved 1048576K
}
Event: 46.561 GC heap before
{Heap before GC invocations=27 (full 0):
 garbage-first heap   total 312320K, used 255086K [0x0000000080000000, 0x0000000100000000)
  region size 1024K, 75 young (76800K), 5 survivors (5120K)
 Metaspace       used 106301K, capacity 109473K, committed 109736K, reserved 1144832K
  class space    used 13289K, capacity 14387K, committed 14464K, reserved 1048576K
}
Event: 46.584 GC heap after
{Heap after GC invocations=28 (full 0):
 garbage-first heap   total 312320K, used 188916K [0x0000000080000000, 0x0000000100000000)
  region size 1024K, 10 young (10240K), 10 survivors (10240K)
 Metaspace       used 106301K, capacity 109473K, committed 109736K, reserved 1144832K
  class space    used 13289K, capacity 14387K, committed 14464K, reserved 1048576K
}
Event: 47.212 GC heap before
{Heap before GC invocations=29 (full 0):
 garbage-first heap   total 312320K, used 258548K [0x0000000080000000, 0x0000000100000000)
  region size 1024K, 78 young (79872K), 10 survivors (10240K)
 Metaspace       used 107453K, capacity 110772K, committed 110888K, reserved 1146880K
  class space    used 13398K, capacity 14510K, committed 14592K, reserved 1048576K
}
Event: 47.228 GC heap after
{Heap after GC invocations=30 (full 0):
 garbage-first heap   total 312320K, used 193023K [0x0000000080000000, 0x0000000100000000)
  region size 1024K, 5 young (5120K), 5 survivors (5120K)
 Metaspace       used 107453K, capacity 110772K, committed 110888K, reserved 1146880K
  class space    used 13398K, capacity 14510K, committed 14592K, reserved 1048576K
}
Event: 87.472 GC heap before
{Heap before GC invocations=30 (full 0):
 garbage-first heap   total 312320K, used 261631K [0x0000000080000000, 0x0000000100000000)
  region size 1024K, 72 young (73728K), 5 survivors (5120K)
 Metaspace       used 109157K, capacity 112464K, committed 112552K, reserved 1146880K
  class space    used 13567K, capacity 14701K, committed 14720K, reserved 1048576K
}
Event: 87.490 GC heap after
{Heap after GC invocations=31 (full 0):
 garbage-first heap   total 312320K, used 198992K [0x0000000080000000, 0x0000000100000000)
  region size 1024K, 9 young (9216K), 9 survivors (9216K)
 Metaspace       used 109157K, capacity 112464K, committed 112552K, reserved 1146880K
  class space    used 13567K, capacity 14701K, committed 14720K, reserved 1048576K
}

