# JRE version: OpenJDK Runtime Environment (11.0.15) (build 11.0.15+0-b2043.56-9505619)
# Java VM: OpenJDK 64-Bit Server VM (11.0.15+0-b2043.56-9505619, mixed mode, tiered, compressed oops, g1 gc, windows-amd64)
Heap:
 garbage-first heap   total 378880K, used 226816K [0x0000000080000000, 0x0000000100000000)
  region size 1024K, 169 young (173056K), 8 survivors (8192K)
 Metaspace       used 85868K, capacity 88160K, committed 88316K, reserved 1126400K
  class space    used 11105K, capacity 11885K, committed 11896K, reserved 1048576K
GC Heap History (18 events):
Event: 0.394 GC heap before
{Heap before GC invocations=0 (full 0):
 garbage-first heap   total 260096K, used 16384K [0x0000000080000000, 0x0000000100000000)
  region size 1024K, 14 young (14336K), 0 survivors (0K)
 Metaspace       used 6736K, capacity 6925K, committed 7168K, reserved 1056768K
  class space    used 571K, capacity 650K, committed 768K, reserved 1048576K
}
Event: 0.421 GC heap after
{Heap after GC invocations=1 (full 0):
 garbage-first heap   total 260096K, used 4543K [0x0000000080000000, 0x0000000100000000)
  region size 1024K, 2 young (2048K), 2 survivors (2048K)
 Metaspace       used 6736K, capacity 6925K, committed 7168K, reserved 1056768K
  class space    used 571K, capacity 650K, committed 768K, reserved 1048576K
}
Event: 1.969 GC heap before
{Heap before GC invocations=1 (full 0):
 garbage-first heap   total 260096K, used 112063K [0x0000000080000000, 0x0000000100000000)
  region size 1024K, 104 young (106496K), 2 survivors (2048K)
 Metaspace       used 20389K, capacity 20753K, committed 20864K, reserved 1067008K
  class space    used 2461K, capacity 2584K, committed 2688K, reserved 1048576K
}
Event: 1.978 GC heap after
{Heap after GC invocations=2 (full 0):
 garbage-first heap   total 260096K, used 17019K [0x0000000080000000, 0x0000000100000000)
  region size 1024K, 12 young (12288K), 12 survivors (12288K)
 Metaspace       used 20389K, capacity 20753K, committed 20864K, reserved 1067008K
  class space    used 2461K, capacity 2584K, committed 2688K, reserved 1048576K
}
Event: 2.011 GC heap before
{Heap before GC invocations=2 (full 0):
 garbage-first heap   total 260096K, used 21115K [0x0000000080000000, 0x0000000100000000)
  region size 1024K, 17 young (17408K), 12 survivors (12288K)
 Metaspace       used 20776K, capacity 21187K, committed 21296K, reserved 1069056K
  class space    used 2521K, capacity 2685K, committed 2688K, reserved 1048576K
}
Event: 2.018 GC heap after
{Heap after GC invocations=3 (full 0):
 garbage-first heap   total 260096K, used 17882K [0x0000000080000000, 0x0000000100000000)
  region size 1024K, 1 young (1024K), 1 survivors (1024K)
 Metaspace       used 20776K, capacity 21187K, committed 21296K, reserved 1069056K
  class space    used 2521K, capacity 2685K, committed 2688K, reserved 1048576K
}
Event: 2.897 GC heap before
{Heap before GC invocations=4 (full 0):
 garbage-first heap   total 260096K, used 113114K [0x0000000080000000, 0x0000000100000000)
  region size 1024K, 95 young (97280K), 1 survivors (1024K)
 Metaspace       used 30237K, capacity 30939K, committed 31228K, reserved 1077248K
  class space    used 4019K, capacity 4312K, committed 4428K, reserved 1048576K
}
Event: 2.901 GC heap after
{Heap after GC invocations=5 (full 0):
 garbage-first heap   total 260096K, used 20492K [0x0000000080000000, 0x0000000100000000)
  region size 1024K, 4 young (4096K), 4 survivors (4096K)
 Metaspace       used 30237K, capacity 30939K, committed 31228K, reserved 1077248K
  class space    used 4019K, capacity 4312K, committed 4428K, reserved 1048576K
}
Event: 3.222 GC heap before
{Heap before GC invocations=5 (full 0):
 garbage-first heap   total 260096K, used 46092K [0x0000000080000000, 0x0000000100000000)
  region size 1024K, 30 young (30720K), 4 survivors (4096K)
 Metaspace       used 35062K, capacity 35953K, committed 36048K, reserved 1081344K
  class space    used 4567K, capacity 4921K, committed 4940K, reserved 1048576K
}
Event: 3.230 GC heap after
{Heap after GC invocations=6 (full 0):
 garbage-first heap   total 260096K, used 22821K [0x0000000080000000, 0x0000000100000000)
  region size 1024K, 6 young (6144K), 6 survivors (6144K)
 Metaspace       used 35062K, capacity 35953K, committed 36048K, reserved 1081344K
  class space    used 4567K, capacity 4921K, committed 4940K, reserved 1048576K
}
Event: 4.417 GC heap before
{Heap before GC invocations=7 (full 0):
 garbage-first heap   total 260096K, used 141605K [0x0000000080000000, 0x0000000100000000)
  region size 1024K, 119 young (121856K), 6 survivors (6144K)
 Metaspace       used 45280K, capacity 46481K, committed 46800K, reserved 1089536K
  class space    used 5744K, capacity 6154K, committed 6220K, reserved 1048576K
}
Event: 4.436 GC heap after
{Heap after GC invocations=8 (full 0):
 garbage-first heap   total 260096K, used 31267K [0x0000000080000000, 0x0000000100000000)
  region size 1024K, 14 young (14336K), 14 survivors (14336K)
 Metaspace       used 45280K, capacity 46481K, committed 46800K, reserved 1089536K
  class space    used 5744K, capacity 6154K, committed 6220K, reserved 1048576K
}
Event: 5.843 GC heap before
{Heap before GC invocations=9 (full 0):
 garbage-first heap   total 260096K, used 165411K [0x0000000080000000, 0x0000000100000000)
  region size 1024K, 140 young (143360K), 14 survivors (14336K)
 Metaspace       used 54900K, capacity 56414K, committed 56656K, reserved 1097728K
  class space    used 7003K, capacity 7535K, committed 7628K, reserved 1048576K
}
Event: 5.861 GC heap after
{Heap after GC invocations=10 (full 0):
 garbage-first heap   total 260096K, used 45374K [0x0000000080000000, 0x0000000100000000)
  region size 1024K, 18 young (18432K), 18 survivors (18432K)
 Metaspace       used 54900K, capacity 56414K, committed 56656K, reserved 1097728K
  class space    used 7003K, capacity 7535K, committed 7628K, reserved 1048576K
}
Event: 7.183 GC heap before
{Heap before GC invocations=10 (full 0):
 garbage-first heap   total 260096K, used 190782K [0x0000000080000000, 0x0000000100000000)
  region size 1024K, 152 young (155648K), 18 survivors (18432K)
 Metaspace       used 67323K, capacity 68994K, committed 69200K, reserved 1110016K
  class space    used 8503K, capacity 9102K, committed 9164K, reserved 1048576K
}
Event: 7.207 GC heap after
{Heap after GC invocations=11 (full 0):
 garbage-first heap   total 260096K, used 55610K [0x0000000080000000, 0x0000000100000000)
  region size 1024K, 11 young (11264K), 11 survivors (11264K)
 Metaspace       used 67323K, capacity 68994K, committed 69200K, reserved 1110016K
  class space    used 8503K, capacity 9102K, committed 9164K, reserved 1048576K
}
Event: 8.272 GC heap before
{Heap before GC invocations=11 (full 0):
 garbage-first heap   total 260096K, used 163130K [0x0000000080000000, 0x0000000100000000)
  region size 1024K, 117 young (119808K), 11 survivors (11264K)
 Metaspace       used 76055K, capacity 77921K, committed 78000K, reserved 1116160K
  class space    used 9837K, capacity 10510K, committed 10540K, reserved 1048576K
}
Event: 8.296 GC heap after
{Heap after GC invocations=12 (full 0):
 garbage-first heap   total 378880K, used 62976K [0x0000000080000000, 0x0000000100000000)
  region size 1024K, 8 young (8192K), 8 survivors (8192K)
 Metaspace       used 76055K, capacity 77921K, committed 78000K, reserved 1116160K
  class space    used 9837K, capacity 10510K, committed 10540K, reserved 1048576K
}

