# JRE version: OpenJDK Runtime Environment (11.0.15) (build 11.0.15+0-b2043.56-9505619)
# Java VM: OpenJDK 64-Bit Server VM (11.0.15+0-b2043.56-9505619, mixed mode, tiered, compressed oops, g1 gc, windows-amd64)
Heap:
 garbage-first heap   total 260096K, used 207872K [0x0000000080000000, 0x0000000100000000)
  region size 1024K, 12 young (12288K), 4 survivors (4096K)
 Metaspace       used 112017K, capacity 115177K, committed 115304K, reserved 1148928K
  class space    used 13988K, capacity 15058K, committed 15104K, reserved 1048576K
GC Heap History (20 events):
Event: 26.871 GC heap before
{Heap before GC invocations=20 (full 0):
 garbage-first heap   total 260096K, used 189754K [0x0000000080000000, 0x0000000100000000)
  region size 1024K, 24 young (24576K), 3 survivors (3072K)
 Metaspace       used 94780K, capacity 97411K, committed 97640K, reserved 1134592K
  class space    used 12012K, capacity 12954K, committed 13056K, reserved 1048576K
}
Event: 26.890 GC heap after
{Heap after GC invocations=21 (full 0):
 garbage-first heap   total 260096K, used 170877K [0x0000000080000000, 0x0000000100000000)
  region size 1024K, 3 young (3072K), 3 survivors (3072K)
 Metaspace       used 94780K, capacity 97411K, committed 97640K, reserved 1134592K
  class space    used 12012K, capacity 12954K, committed 13056K, reserved 1048576K
}
Event: 27.284 GC heap before
{Heap before GC invocations=22 (full 0):
 garbage-first heap   total 260096K, used 220029K [0x0000000080000000, 0x0000000100000000)
  region size 1024K, 50 young (51200K), 3 survivors (3072K)
 Metaspace       used 98851K, capacity 101563K, committed 101608K, reserved 1138688K
  class space    used 12487K, capacity 13440K, committed 13440K, reserved 1048576K
}
Event: 27.289 GC heap after
{Heap after GC invocations=23 (full 0):
 garbage-first heap   total 260096K, used 171107K [0x0000000080000000, 0x0000000100000000)
  region size 1024K, 3 young (3072K), 3 survivors (3072K)
 Metaspace       used 98851K, capacity 101563K, committed 101608K, reserved 1138688K
  class space    used 12487K, capacity 13440K, committed 13440K, reserved 1048576K
}
Event: 27.882 GC heap before
{Heap before GC invocations=23 (full 0):
 garbage-first heap   total 260096K, used 220259K [0x0000000080000000, 0x0000000100000000)
  region size 1024K, 51 young (52224K), 3 survivors (3072K)
 Metaspace       used 103765K, capacity 106596K, committed 106728K, reserved 1142784K
  class space    used 13157K, capacity 14155K, committed 14208K, reserved 1048576K
}
Event: 27.891 GC heap after
{Heap after GC invocations=24 (full 0):
 garbage-first heap   total 260096K, used 174142K [0x0000000080000000, 0x0000000100000000)
  region size 1024K, 6 young (6144K), 6 survivors (6144K)
 Metaspace       used 103765K, capacity 106596K, committed 106728K, reserved 1142784K
  class space    used 13157K, capacity 14155K, committed 14208K, reserved 1048576K
}
Event: 28.799 GC heap before
{Heap before GC invocations=25 (full 0):
 garbage-first heap   total 260096K, used 220222K [0x0000000080000000, 0x0000000100000000)
  region size 1024K, 52 young (53248K), 6 survivors (6144K)
 Metaspace       used 106936K, capacity 109805K, committed 109928K, reserved 1144832K
  class space    used 13498K, capacity 14510K, committed 14592K, reserved 1048576K
}
Event: 28.815 GC heap after
{Heap after GC invocations=26 (full 0):
 garbage-first heap   total 260096K, used 179417K [0x0000000080000000, 0x0000000100000000)
  region size 1024K, 7 young (7168K), 7 survivors (7168K)
 Metaspace       used 106936K, capacity 109805K, committed 109928K, reserved 1144832K
  class space    used 13498K, capacity 14510K, committed 14592K, reserved 1048576K
}
Event: 29.288 GC heap before
{Heap before GC invocations=26 (full 0):
 garbage-first heap   total 260096K, used 220377K [0x0000000080000000, 0x0000000100000000)
  region size 1024K, 48 young (49152K), 7 survivors (7168K)
 Metaspace       used 107480K, capacity 110389K, committed 110440K, reserved 1144832K
  class space    used 13534K, capacity 14544K, committed 14592K, reserved 1048576K
}
Event: 29.299 GC heap after
{Heap after GC invocations=27 (full 0):
 garbage-first heap   total 260096K, used 183258K [0x0000000080000000, 0x0000000100000000)
  region size 1024K, 5 young (5120K), 5 survivors (5120K)
 Metaspace       used 107480K, capacity 110389K, committed 110440K, reserved 1144832K
  class space    used 13534K, capacity 14544K, committed 14592K, reserved 1048576K
}
Event: 30.004 GC heap before
{Heap before GC invocations=28 (full 0):
 garbage-first heap   total 260096K, used 221146K [0x0000000080000000, 0x0000000100000000)
  region size 1024K, 43 young (44032K), 5 survivors (5120K)
 Metaspace       used 108415K, capacity 111320K, committed 111592K, reserved 1146880K
  class space    used 13600K, capacity 14642K, committed 14720K, reserved 1048576K
}
Event: 30.011 GC heap after
{Heap after GC invocations=29 (full 0):
 garbage-first heap   total 260096K, used 186036K [0x0000000080000000, 0x0000000100000000)
  region size 1024K, 4 young (4096K), 4 survivors (4096K)
 Metaspace       used 108415K, capacity 111320K, committed 111592K, reserved 1146880K
  class space    used 13600K, capacity 14642K, committed 14720K, reserved 1048576K
}
Event: 57.657 GC heap before
{Heap before GC invocations=29 (full 0):
 garbage-first heap   total 260096K, used 221876K [0x0000000080000000, 0x0000000100000000)
  region size 1024K, 40 young (40960K), 4 survivors (4096K)
 Metaspace       used 109746K, capacity 112840K, committed 113000K, reserved 1146880K
  class space    used 13742K, capacity 14793K, committed 14848K, reserved 1048576K
}
Event: 57.665 GC heap after
{Heap after GC invocations=30 (full 0):
 garbage-first heap   total 260096K, used 188833K [0x0000000080000000, 0x0000000100000000)
  region size 1024K, 3 young (3072K), 3 survivors (3072K)
 Metaspace       used 109746K, capacity 112840K, committed 113000K, reserved 1146880K
  class space    used 13742K, capacity 14793K, committed 14848K, reserved 1048576K
}
Event: 58.168 GC heap before
{Heap before GC invocations=31 (full 0):
 garbage-first heap   total 260096K, used 222625K [0x0000000080000000, 0x0000000100000000)
  region size 1024K, 37 young (37888K), 3 survivors (3072K)
 Metaspace       used 110808K, capacity 113970K, committed 114152K, reserved 1148928K
  class space    used 13846K, capacity 14924K, committed 14976K, reserved 1048576K
}
Event: 58.176 GC heap after
{Heap after GC invocations=32 (full 0):
 garbage-first heap   total 260096K, used 192969K [0x0000000080000000, 0x0000000100000000)
  region size 1024K, 5 young (5120K), 5 survivors (5120K)
 Metaspace       used 110808K, capacity 113970K, committed 114152K, reserved 1148928K
  class space    used 13846K, capacity 14924K, committed 14976K, reserved 1048576K
}
Event: 58.337 GC heap before
{Heap before GC invocations=32 (full 0):
 garbage-first heap   total 260096K, used 222665K [0x0000000080000000, 0x0000000100000000)
  region size 1024K, 34 young (34816K), 5 survivors (5120K)
 Metaspace       used 111349K, capacity 114504K, committed 114792K, reserved 1148928K
  class space    used 13901K, capacity 14992K, committed 15104K, reserved 1048576K
}
Event: 58.351 GC heap after
{Heap after GC invocations=33 (full 0):
 garbage-first heap   total 260096K, used 196737K [0x0000000080000000, 0x0000000100000000)
  region size 1024K, 4 young (4096K), 4 survivors (4096K)
 Metaspace       used 111349K, capacity 114504K, committed 114792K, reserved 1148928K
  class space    used 13901K, capacity 14992K, committed 15104K, reserved 1048576K
}
Event: 58.531 GC heap before
{Heap before GC invocations=33 (full 0):
 garbage-first heap   total 260096K, used 223361K [0x0000000080000000, 0x0000000100000000)
  region size 1024K, 30 young (30720K), 4 survivors (4096K)
 Metaspace       used 111423K, capacity 114580K, committed 114792K, reserved 1148928K
  class space    used 13904K, capacity 14994K, committed 15104K, reserved 1048576K
}
Event: 58.539 GC heap after
{Heap after GC invocations=34 (full 0):
 garbage-first heap   total 260096K, used 200704K [0x0000000080000000, 0x0000000100000000)
  region size 1024K, 4 young (4096K), 4 survivors (4096K)
 Metaspace       used 111423K, capacity 114580K, committed 114792K, reserved 1148928K
  class space    used 13904K, capacity 14994K, committed 15104K, reserved 1048576K
}

