# JRE version: OpenJDK Runtime Environment (11.0.15) (build 11.0.15+0-b2043.56-9505619)
# Java VM: OpenJDK 64-Bit Server VM (11.0.15+0-b2043.56-9505619, mixed mode, tiered, compressed oops, g1 gc, windows-amd64)
Heap:
 garbage-first heap   total 312320K, used 176128K [0x0000000080000000, 0x0000000100000000)
  region size 1024K, 117 young (119808K), 7 survivors (7168K)
 Metaspace       used 85478K, capacity 87649K, committed 87772K, reserved 1126400K
  class space    used 11050K, capacity 11830K, committed 11928K, reserved 1048576K
GC Heap History (20 events):
Event: 0.583 GC heap before
{Heap before GC invocations=0 (full 0):
 garbage-first heap   total 260096K, used 16384K [0x0000000080000000, 0x0000000100000000)
  region size 1024K, 14 young (14336K), 0 survivors (0K)
 Metaspace       used 6747K, capacity 6929K, committed 7168K, reserved 1056768K
  class space    used 571K, capacity 650K, committed 768K, reserved 1048576K
}
Event: 0.587 GC heap after
{Heap after GC invocations=1 (full 0):
 garbage-first heap   total 260096K, used 4424K [0x0000000080000000, 0x0000000100000000)
  region size 1024K, 2 young (2048K), 2 survivors (2048K)
 Metaspace       used 6747K, capacity 6929K, committed 7168K, reserved 1056768K
  class space    used 571K, capacity 650K, committed 768K, reserved 1048576K
}
Event: 0.868 GC heap before
{Heap before GC invocations=1 (full 0):
 garbage-first heap   total 260096K, used 18760K [0x0000000080000000, 0x0000000100000000)
  region size 1024K, 13 young (13312K), 2 survivors (2048K)
 Metaspace       used 9857K, capacity 10122K, committed 10368K, reserved 1058816K
  class space    used 1009K, capacity 1102K, committed 1152K, reserved 1048576K
}
Event: 0.870 GC heap after
{Heap after GC invocations=2 (full 0):
 garbage-first heap   total 260096K, used 9374K [0x0000000080000000, 0x0000000100000000)
  region size 1024K, 2 young (2048K), 2 survivors (2048K)
 Metaspace       used 9857K, capacity 10122K, committed 10368K, reserved 1058816K
  class space    used 1009K, capacity 1102K, committed 1152K, reserved 1048576K
}
Event: 1.461 GC heap before
{Heap before GC invocations=2 (full 0):
 garbage-first heap   total 260096K, used 53406K [0x0000000080000000, 0x0000000100000000)
  region size 1024K, 45 young (46080K), 2 survivors (2048K)
 Metaspace       used 11342K, capacity 11581K, committed 11904K, reserved 1060864K
  class space    used 1214K, capacity 1311K, committed 1408K, reserved 1048576K
}
Event: 1.465 GC heap after
{Heap after GC invocations=3 (full 0):
 garbage-first heap   total 260096K, used 14129K [0x0000000080000000, 0x0000000100000000)
  region size 1024K, 6 young (6144K), 6 survivors (6144K)
 Metaspace       used 11342K, capacity 11581K, committed 11904K, reserved 1060864K
  class space    used 1214K, capacity 1311K, committed 1408K, reserved 1048576K
}
Event: 2.258 GC heap before
{Heap before GC invocations=3 (full 0):
 garbage-first heap   total 260096K, used 67377K [0x0000000080000000, 0x0000000100000000)
  region size 1024K, 59 young (60416K), 6 survivors (6144K)
 Metaspace       used 20762K, capacity 21191K, committed 21296K, reserved 1069056K
  class space    used 2519K, capacity 2685K, committed 2688K, reserved 1048576K
}
Event: 2.264 GC heap after
{Heap after GC invocations=4 (full 0):
 garbage-first heap   total 260096K, used 17241K [0x0000000080000000, 0x0000000100000000)
  region size 1024K, 4 young (4096K), 4 survivors (4096K)
 Metaspace       used 20762K, capacity 21191K, committed 21296K, reserved 1069056K
  class space    used 2519K, capacity 2685K, committed 2688K, reserved 1048576K
}
Event: 2.876 GC heap before
{Heap before GC invocations=5 (full 0):
 garbage-first heap   total 260096K, used 82777K [0x0000000080000000, 0x0000000100000000)
  region size 1024K, 68 young (69632K), 4 survivors (4096K)
 Metaspace       used 27383K, capacity 27941K, committed 28156K, reserved 1073152K
  class space    used 3571K, capacity 3800K, committed 3916K, reserved 1048576K
}
Event: 2.883 GC heap after
{Heap after GC invocations=6 (full 0):
 garbage-first heap   total 260096K, used 19415K [0x0000000080000000, 0x0000000100000000)
  region size 1024K, 6 young (6144K), 6 survivors (6144K)
 Metaspace       used 27383K, capacity 27941K, committed 28156K, reserved 1073152K
  class space    used 3571K, capacity 3800K, committed 3916K, reserved 1048576K
}
Event: 3.517 GC heap before
{Heap before GC invocations=6 (full 0):
 garbage-first heap   total 260096K, used 75735K [0x0000000080000000, 0x0000000100000000)
  region size 1024K, 62 young (63488K), 6 survivors (6144K)
 Metaspace       used 35079K, capacity 35957K, committed 36048K, reserved 1081344K
  class space    used 4564K, capacity 4921K, committed 4940K, reserved 1048576K
}
Event: 3.530 GC heap after
{Heap after GC invocations=7 (full 0):
 garbage-first heap   total 260096K, used 22678K [0x0000000080000000, 0x0000000100000000)
  region size 1024K, 9 young (9216K), 9 survivors (9216K)
 Metaspace       used 35079K, capacity 35957K, committed 36048K, reserved 1081344K
  class space    used 4564K, capacity 4921K, committed 4940K, reserved 1048576K
}
Event: 5.005 GC heap before
{Heap before GC invocations=8 (full 0):
 garbage-first heap   total 260096K, used 172182K [0x0000000080000000, 0x0000000100000000)
  region size 1024K, 152 young (155648K), 9 survivors (9216K)
 Metaspace       used 47537K, capacity 48767K, committed 48968K, reserved 1091584K
  class space    used 6057K, capacity 6468K, committed 6552K, reserved 1048576K
}
Event: 5.022 GC heap after
{Heap after GC invocations=9 (full 0):
 garbage-first heap   total 260096K, used 31917K [0x0000000080000000, 0x0000000100000000)
  region size 1024K, 18 young (18432K), 18 survivors (18432K)
 Metaspace       used 47537K, capacity 48767K, committed 48968K, reserved 1091584K
  class space    used 6057K, capacity 6468K, committed 6552K, reserved 1048576K
}
Event: 6.624 GC heap before
{Heap before GC invocations=10 (full 0):
 garbage-first heap   total 260096K, used 174253K [0x0000000080000000, 0x0000000100000000)
  region size 1024K, 152 young (155648K), 18 survivors (18432K)
 Metaspace       used 60768K, capacity 62449K, committed 62536K, reserved 1103872K
  class space    used 7661K, capacity 8261K, committed 8344K, reserved 1048576K
}
Event: 6.659 GC heap after
{Heap after GC invocations=11 (full 0):
 garbage-first heap   total 260096K, used 45920K [0x0000000080000000, 0x0000000100000000)
  region size 1024K, 19 young (19456K), 19 survivors (19456K)
 Metaspace       used 60768K, capacity 62449K, committed 62536K, reserved 1103872K
  class space    used 7661K, capacity 8261K, committed 8344K, reserved 1048576K
}
Event: 8.224 GC heap before
{Heap before GC invocations=11 (full 0):
 garbage-first heap   total 260096K, used 190304K [0x0000000080000000, 0x0000000100000000)
  region size 1024K, 152 young (155648K), 19 survivors (19456K)
 Metaspace       used 69176K, capacity 70942K, committed 71112K, reserved 1112064K
  class space    used 8723K, capacity 9362K, committed 9496K, reserved 1048576K
}
Event: 8.250 GC heap after
{Heap after GC invocations=12 (full 0):
 garbage-first heap   total 260096K, used 58203K [0x0000000080000000, 0x0000000100000000)
  region size 1024K, 11 young (11264K), 11 survivors (11264K)
 Metaspace       used 69176K, capacity 70942K, committed 71112K, reserved 1112064K
  class space    used 8723K, capacity 9362K, committed 9496K, reserved 1048576K
}
Event: 9.389 GC heap before
{Heap before GC invocations=12 (full 0):
 garbage-first heap   total 260096K, used 167771K [0x0000000080000000, 0x0000000100000000)
  region size 1024K, 119 young (121856K), 11 survivors (11264K)
 Metaspace       used 79994K, capacity 81878K, committed 81992K, reserved 1120256K
  class space    used 10392K, capacity 11066K, committed 11160K, reserved 1048576K
}
Event: 9.411 GC heap after
{Heap after GC invocations=13 (full 0):
 garbage-first heap   total 312320K, used 65536K [0x0000000080000000, 0x0000000100000000)
  region size 1024K, 7 young (7168K), 7 survivors (7168K)
 Metaspace       used 79994K, capacity 81878K, committed 81992K, reserved 1120256K
  class space    used 10392K, capacity 11066K, committed 11160K, reserved 1048576K
}

