# JRE version: OpenJDK Runtime Environment (11.0.15) (build 11.0.15+0-b2043.56-9505619)
# Java VM: OpenJDK 64-Bit Server VM (11.0.15+0-b2043.56-9505619, mixed mode, tiered, compressed oops, g1 gc, windows-amd64)
Heap:
 garbage-first heap   total 312320K, used 241664K [0x0000000080000000, 0x0000000100000000)
  region size 1024K, 55 young (56320K), 8 survivors (8192K)
 Metaspace       used 112034K, capacity 115138K, committed 115376K, reserved 1148928K
  class space    used 13982K, capacity 15061K, committed 15104K, reserved 1048576K
GC Heap History (20 events):
Event: 6.406 GC heap before
{Heap before GC invocations=11 (full 0):
 garbage-first heap   total 260096K, used 176891K [0x0000000080000000, 0x0000000100000000)
  region size 1024K, 152 young (155648K), 14 survivors (14336K)
 Metaspace       used 57438K, capacity 58993K, committed 59312K, reserved 1101824K
  class space    used 7266K, capacity 7809K, committed 7936K, reserved 1048576K
}
Event: 6.425 GC heap after
{Heap after GC invocations=12 (full 0):
 garbage-first heap   total 312320K, used 46443K [0x0000000080000000, 0x0000000100000000)
  region size 1024K, 19 young (19456K), 19 survivors (19456K)
 Metaspace       used 57438K, capacity 58993K, committed 59312K, reserved 1101824K
  class space    used 7266K, capacity 7809K, committed 7936K, reserved 1048576K
}
Event: 8.066 GC heap before
{Heap before GC invocations=12 (full 0):
 garbage-first heap   total 312320K, used 222571K [0x0000000080000000, 0x0000000100000000)
  region size 1024K, 183 young (187392K), 19 survivors (19456K)
 Metaspace       used 72426K, capacity 74211K, committed 74544K, reserved 1114112K
  class space    used 9138K, capacity 9764K, committed 9856K, reserved 1048576K
}
Event: 8.087 GC heap after
{Heap after GC invocations=13 (full 0):
 garbage-first heap   total 312320K, used 57858K [0x0000000080000000, 0x0000000100000000)
  region size 1024K, 11 young (11264K), 11 survivors (11264K)
 Metaspace       used 72426K, capacity 74211K, committed 74544K, reserved 1114112K
  class space    used 9138K, capacity 9764K, committed 9856K, reserved 1048576K
}
Event: 8.389 GC heap before
{Heap before GC invocations=13 (full 0):
 garbage-first heap   total 312320K, used 97794K [0x0000000080000000, 0x0000000100000000)
  region size 1024K, 51 young (52224K), 11 survivors (11264K)
 Metaspace       used 74763K, capacity 76538K, committed 76592K, reserved 1116160K
  class space    used 9435K, capacity 10088K, committed 10112K, reserved 1048576K
}
Event: 8.402 GC heap after
{Heap after GC invocations=14 (full 0):
 garbage-first heap   total 312320K, used 60418K [0x0000000080000000, 0x0000000100000000)
  region size 1024K, 14 young (14336K), 14 survivors (14336K)
 Metaspace       used 74763K, capacity 76538K, committed 76592K, reserved 1116160K
  class space    used 9435K, capacity 10088K, committed 10112K, reserved 1048576K
}
Event: 51.629 GC heap before
{Heap before GC invocations=15 (full 0):
 garbage-first heap   total 312320K, used 233474K [0x0000000080000000, 0x0000000100000000)
  region size 1024K, 149 young (152576K), 14 survivors (14336K)
 Metaspace       used 87868K, capacity 90329K, committed 90544K, reserved 1128448K
  class space    used 11169K, capacity 12017K, committed 12032K, reserved 1048576K
}
Event: 51.650 GC heap after
{Heap after GC invocations=16 (full 0):
 garbage-first heap   total 312320K, used 110764K [0x0000000080000000, 0x0000000100000000)
  region size 1024K, 18 young (18432K), 18 survivors (18432K)
 Metaspace       used 87868K, capacity 90329K, committed 90544K, reserved 1128448K
  class space    used 11169K, capacity 12017K, committed 12032K, reserved 1048576K
}
Event: 53.701 GC heap before
{Heap before GC invocations=17 (full 0):
 garbage-first heap   total 312320K, used 266412K [0x0000000080000000, 0x0000000100000000)
  region size 1024K, 127 young (130048K), 18 survivors (18432K)
 Metaspace       used 92001K, capacity 94620K, committed 94640K, reserved 1132544K
  class space    used 11646K, capacity 12536K, committed 12544K, reserved 1048576K
}
Event: 53.720 GC heap after
{Heap after GC invocations=18 (full 0):
 garbage-first heap   total 312320K, used 167077K [0x0000000080000000, 0x0000000100000000)
  region size 1024K, 12 young (12288K), 12 survivors (12288K)
 Metaspace       used 92001K, capacity 94620K, committed 94640K, reserved 1132544K
  class space    used 11646K, capacity 12536K, committed 12544K, reserved 1048576K
}
Event: 54.431 GC heap before
{Heap before GC invocations=18 (full 0):
 garbage-first heap   total 312320K, used 240805K [0x0000000080000000, 0x0000000100000000)
  region size 1024K, 86 young (88064K), 12 survivors (12288K)
 Metaspace       used 95221K, capacity 97952K, committed 98224K, reserved 1134592K
  class space    used 12046K, capacity 13024K, committed 13056K, reserved 1048576K
}
Event: 54.457 GC heap after
{Heap after GC invocations=19 (full 0):
 garbage-first heap   total 312320K, used 171417K [0x0000000080000000, 0x0000000100000000)
  region size 1024K, 4 young (4096K), 4 survivors (4096K)
 Metaspace       used 95221K, capacity 97952K, committed 98224K, reserved 1134592K
  class space    used 12046K, capacity 13024K, committed 13056K, reserved 1048576K
}
Event: 55.461 GC heap before
{Heap before GC invocations=20 (full 0):
 garbage-first heap   total 312320K, used 251289K [0x0000000080000000, 0x0000000100000000)
  region size 1024K, 81 young (82944K), 4 survivors (4096K)
 Metaspace       used 103066K, capacity 105916K, committed 106160K, reserved 1140736K
  class space    used 13035K, capacity 13994K, committed 14080K, reserved 1048576K
}
Event: 55.470 GC heap after
{Heap after GC invocations=21 (full 0):
 garbage-first heap   total 312320K, used 173056K [0x0000000080000000, 0x0000000100000000)
  region size 1024K, 5 young (5120K), 5 survivors (5120K)
 Metaspace       used 103066K, capacity 105916K, committed 106160K, reserved 1140736K
  class space    used 13035K, capacity 13994K, committed 14080K, reserved 1048576K
}
Event: 56.661 GC heap before
{Heap before GC invocations=21 (full 0):
 garbage-first heap   total 312320K, used 252928K [0x0000000080000000, 0x0000000100000000)
  region size 1024K, 84 young (86016K), 5 survivors (5120K)
 Metaspace       used 107324K, capacity 110299K, committed 110512K, reserved 1144832K
  class space    used 13511K, capacity 14516K, committed 14592K, reserved 1048576K
}
Event: 56.683 GC heap after
{Heap after GC invocations=22 (full 0):
 garbage-first heap   total 312320K, used 180954K [0x0000000080000000, 0x0000000100000000)
  region size 1024K, 11 young (11264K), 11 survivors (11264K)
 Metaspace       used 107324K, capacity 110299K, committed 110512K, reserved 1144832K
  class space    used 13511K, capacity 14516K, committed 14592K, reserved 1048576K
}
Event: 58.299 GC heap before
{Heap before GC invocations=23 (full 0):
 garbage-first heap   total 312320K, used 255706K [0x0000000080000000, 0x0000000100000000)
  region size 1024K, 85 young (87040K), 11 survivors (11264K)
 Metaspace       used 109160K, capacity 112094K, committed 112176K, reserved 1146880K
  class space    used 13663K, capacity 14683K, committed 14720K, reserved 1048576K
}
Event: 58.315 GC heap after
{Heap after GC invocations=24 (full 0):
 garbage-first heap   total 312320K, used 187130K [0x0000000080000000, 0x0000000100000000)
  region size 1024K, 7 young (7168K), 7 survivors (7168K)
 Metaspace       used 109160K, capacity 112094K, committed 112176K, reserved 1146880K
  class space    used 13663K, capacity 14683K, committed 14720K, reserved 1048576K
}
Event: 101.109 GC heap before
{Heap before GC invocations=24 (full 0):
 garbage-first heap   total 312320K, used 259834K [0x0000000080000000, 0x0000000100000000)
  region size 1024K, 78 young (79872K), 7 survivors (7168K)
 Metaspace       used 111408K, capacity 114518K, committed 114736K, reserved 1148928K
  class space    used 13900K, capacity 14971K, committed 14976K, reserved 1048576K
}
Event: 101.131 GC heap after
{Heap after GC invocations=25 (full 0):
 garbage-first heap   total 312320K, used 194560K [0x0000000080000000, 0x0000000100000000)
  region size 1024K, 8 young (8192K), 8 survivors (8192K)
 Metaspace       used 111408K, capacity 114518K, committed 114736K, reserved 1148928K
  class space    used 13900K, capacity 14971K, committed 14976K, reserved 1048576K
}

