# JRE version: OpenJDK Runtime Environment (11.0.15) (build 11.0.15+0-b2043.56-9505619)
# Java VM: OpenJDK 64-Bit Server VM (11.0.15+0-b2043.56-9505619, mixed mode, tiered, compressed oops, g1 gc, windows-amd64)
Heap:
 garbage-first heap   total 312320K, used 211456K [0x0000000080000000, 0x0000000100000000)
  region size 1024K, 154 young (157696K), 8 survivors (8192K)
 Metaspace       used 85677K, capacity 87923K, committed 88308K, reserved 1126400K
  class space    used 11092K, capacity 11874K, committed 12004K, reserved 1048576K
GC Heap History (18 events):
Event: 0.413 GC heap before
{Heap before GC invocations=0 (full 0):
 garbage-first heap   total 260096K, used 16384K [0x0000000080000000, 0x0000000100000000)
  region size 1024K, 14 young (14336K), 0 survivors (0K)
 Metaspace       used 6748K, capacity 6989K, committed 7168K, reserved 1056768K
  class space    used 571K, capacity 650K, committed 768K, reserved 1048576K
}
Event: 0.420 GC heap after
{Heap after GC invocations=1 (full 0):
 garbage-first heap   total 260096K, used 3953K [0x0000000080000000, 0x0000000100000000)
  region size 1024K, 2 young (2048K), 2 survivors (2048K)
 Metaspace       used 6748K, capacity 6989K, committed 7168K, reserved 1056768K
  class space    used 571K, capacity 650K, committed 768K, reserved 1048576K
}
Event: 2.103 GC heap before
{Heap before GC invocations=1 (full 0):
 garbage-first heap   total 260096K, used 116593K [0x0000000080000000, 0x0000000100000000)
  region size 1024K, 109 young (111616K), 2 survivors (2048K)
 Metaspace       used 20783K, capacity 21187K, committed 21296K, reserved 1069056K
  class space    used 2521K, capacity 2685K, committed 2688K, reserved 1048576K
}
Event: 2.113 GC heap after
{Heap after GC invocations=2 (full 0):
 garbage-first heap   total 260096K, used 16887K [0x0000000080000000, 0x0000000100000000)
  region size 1024K, 12 young (12288K), 12 survivors (12288K)
 Metaspace       used 20783K, capacity 21187K, committed 21296K, reserved 1069056K
  class space    used 2521K, capacity 2685K, committed 2688K, reserved 1048576K
}
Event: 2.309 GC heap before
{Heap before GC invocations=3 (full 0):
 garbage-first heap   total 260096K, used 39415K [0x0000000080000000, 0x0000000100000000)
  region size 1024K, 35 young (35840K), 12 survivors (12288K)
 Metaspace       used 22833K, capacity 23372K, committed 23548K, reserved 1069056K
  class space    used 2882K, capacity 3101K, committed 3148K, reserved 1048576K
}
Event: 2.315 GC heap after
{Heap after GC invocations=4 (full 0):
 garbage-first heap   total 260096K, used 17765K [0x0000000080000000, 0x0000000100000000)
  region size 1024K, 2 young (2048K), 2 survivors (2048K)
 Metaspace       used 22833K, capacity 23372K, committed 23548K, reserved 1069056K
  class space    used 2882K, capacity 3101K, committed 3148K, reserved 1048576K
}
Event: 2.972 GC heap before
{Heap before GC invocations=4 (full 0):
 garbage-first heap   total 260096K, used 78181K [0x0000000080000000, 0x0000000100000000)
  region size 1024K, 61 young (62464K), 2 survivors (2048K)
 Metaspace       used 29167K, capacity 29784K, committed 29948K, reserved 1075200K
  class space    used 3846K, capacity 4099K, committed 4172K, reserved 1048576K
}
Event: 2.977 GC heap after
{Heap after GC invocations=5 (full 0):
 garbage-first heap   total 260096K, used 19579K [0x0000000080000000, 0x0000000100000000)
  region size 1024K, 4 young (4096K), 4 survivors (4096K)
 Metaspace       used 29167K, capacity 29784K, committed 29948K, reserved 1075200K
  class space    used 3846K, capacity 4099K, committed 4172K, reserved 1048576K
}
Event: 3.390 GC heap before
{Heap before GC invocations=5 (full 0):
 garbage-first heap   total 260096K, used 56443K [0x0000000080000000, 0x0000000100000000)
  region size 1024K, 41 young (41984K), 4 survivors (4096K)
 Metaspace       used 35073K, capacity 35954K, committed 36048K, reserved 1081344K
  class space    used 4566K, capacity 4921K, committed 4940K, reserved 1048576K
}
Event: 3.400 GC heap after
{Heap after GC invocations=6 (full 0):
 garbage-first heap   total 260096K, used 21992K [0x0000000080000000, 0x0000000100000000)
  region size 1024K, 6 young (6144K), 6 survivors (6144K)
 Metaspace       used 35073K, capacity 35954K, committed 36048K, reserved 1081344K
  class space    used 4566K, capacity 4921K, committed 4940K, reserved 1048576K
}
Event: 4.459 GC heap before
{Heap before GC invocations=7 (full 0):
 garbage-first heap   total 260096K, used 142824K [0x0000000080000000, 0x0000000100000000)
  region size 1024K, 121 young (123904K), 6 survivors (6144K)
 Metaspace       used 45498K, capacity 46727K, committed 46800K, reserved 1089536K
  class space    used 5775K, capacity 6193K, committed 6220K, reserved 1048576K
}
Event: 4.476 GC heap after
{Heap after GC invocations=8 (full 0):
 garbage-first heap   total 260096K, used 30274K [0x0000000080000000, 0x0000000100000000)
  region size 1024K, 14 young (14336K), 14 survivors (14336K)
 Metaspace       used 45498K, capacity 46727K, committed 46800K, reserved 1089536K
  class space    used 5775K, capacity 6193K, committed 6220K, reserved 1048576K
}
Event: 6.032 GC heap before
{Heap before GC invocations=9 (full 0):
 garbage-first heap   total 260096K, used 168514K [0x0000000080000000, 0x0000000100000000)
  region size 1024K, 145 young (148480K), 14 survivors (14336K)
 Metaspace       used 56261K, capacity 57844K, committed 58064K, reserved 1099776K
  class space    used 7120K, capacity 7670K, committed 7756K, reserved 1048576K
}
Event: 6.049 GC heap after
{Heap after GC invocations=10 (full 0):
 garbage-first heap   total 260096K, used 45216K [0x0000000080000000, 0x0000000100000000)
  region size 1024K, 19 young (19456K), 19 survivors (19456K)
 Metaspace       used 56261K, capacity 57844K, committed 58064K, reserved 1099776K
  class space    used 7120K, capacity 7670K, committed 7756K, reserved 1048576K
}
Event: 7.444 GC heap before
{Heap before GC invocations=10 (full 0):
 garbage-first heap   total 260096K, used 188576K [0x0000000080000000, 0x0000000100000000)
  region size 1024K, 152 young (155648K), 19 survivors (19456K)
 Metaspace       used 67430K, capacity 69155K, committed 69200K, reserved 1110016K
  class space    used 8507K, capacity 9135K, committed 9164K, reserved 1048576K
}
Event: 7.465 GC heap after
{Heap after GC invocations=11 (full 0):
 garbage-first heap   total 260096K, used 56030K [0x0000000080000000, 0x0000000100000000)
  region size 1024K, 11 young (11264K), 11 survivors (11264K)
 Metaspace       used 67430K, capacity 69155K, committed 69200K, reserved 1110016K
  class space    used 8507K, capacity 9135K, committed 9164K, reserved 1048576K
}
Event: 8.654 GC heap before
{Heap before GC invocations=11 (full 0):
 garbage-first heap   total 260096K, used 158430K [0x0000000080000000, 0x0000000100000000)
  region size 1024K, 112 young (114688K), 11 survivors (11264K)
 Metaspace       used 76488K, capacity 78366K, committed 78428K, reserved 1118208K
  class space    used 9869K, capacity 10552K, committed 10572K, reserved 1048576K
}
Event: 8.676 GC heap after
{Heap after GC invocations=12 (full 0):
 garbage-first heap   total 312320K, used 64000K [0x0000000080000000, 0x0000000100000000)
  region size 1024K, 8 young (8192K), 8 survivors (8192K)
 Metaspace       used 76488K, capacity 78366K, committed 78428K, reserved 1118208K
  class space    used 9869K, capacity 10552K, committed 10572K, reserved 1048576K
}

