# JRE version: OpenJDK Runtime Environment (11.0.15) (build 11.0.15+0-b2043.56-9505619)
# Java VM: OpenJDK 64-Bit Server VM (11.0.15+0-b2043.56-9505619, mixed mode, tiered, compressed oops, g1 gc, windows-amd64)
Heap:
 garbage-first heap   total 260096K, used 132608K [0x0000000080000000, 0x0000000100000000)
  region size 1024K, 50 young (51200K), 10 survivors (10240K)
 Metaspace       used 88442K, capacity 90816K, committed 91036K, reserved 1128448K
  class space    used 11278K, capacity 12101K, committed 12108K, reserved 1048576K
GC Heap History (20 events):
Event: 5.011 GC heap before
{Heap before GC invocations=3 (full 0):
 garbage-first heap   total 260096K, used 66615K [0x0000000080000000, 0x0000000100000000)
  region size 1024K, 60 young (61440K), 12 survivors (12288K)
 Metaspace       used 25941K, capacity 26601K, committed 26800K, reserved 1073152K
  class space    used 3359K, capacity 3581K, committed 3584K, reserved 1048576K
}
Event: 5.019 GC heap after
{Heap after GC invocations=4 (full 0):
 garbage-first heap   total 260096K, used 18986K [0x0000000080000000, 0x0000000100000000)
  region size 1024K, 3 young (3072K), 3 survivors (3072K)
 Metaspace       used 25941K, capacity 26601K, committed 26800K, reserved 1073152K
  class space    used 3359K, capacity 3581K, committed 3584K, reserved 1048576K
}
Event: 6.682 GC heap before
{Heap before GC invocations=4 (full 0):
 garbage-first heap   total 260096K, used 89642K [0x0000000080000000, 0x0000000100000000)
  region size 1024K, 73 young (74752K), 3 survivors (3072K)
 Metaspace       used 34941K, capacity 35737K, committed 35888K, reserved 1081344K
  class space    used 4557K, capacity 4889K, committed 4992K, reserved 1048576K
}
Event: 6.691 GC heap after
{Heap after GC invocations=5 (full 0):
 garbage-first heap   total 260096K, used 22138K [0x0000000080000000, 0x0000000100000000)
  region size 1024K, 6 young (6144K), 6 survivors (6144K)
 Metaspace       used 34941K, capacity 35737K, committed 35888K, reserved 1081344K
  class space    used 4557K, capacity 4889K, committed 4992K, reserved 1048576K
}
Event: 8.204 GC heap before
{Heap before GC invocations=6 (full 0):
 garbage-first heap   total 260096K, used 116346K [0x0000000080000000, 0x0000000100000000)
  region size 1024K, 96 young (98304K), 6 survivors (6144K)
 Metaspace       used 42792K, capacity 43929K, committed 44208K, reserved 1087488K
  class space    used 5460K, capacity 5859K, committed 5888K, reserved 1048576K
}
Event: 8.214 GC heap after
{Heap after GC invocations=7 (full 0):
 garbage-first heap   total 260096K, used 29341K [0x0000000080000000, 0x0000000100000000)
  region size 1024K, 12 young (12288K), 12 survivors (12288K)
 Metaspace       used 42792K, capacity 43929K, committed 44208K, reserved 1087488K
  class space    used 5460K, capacity 5859K, committed 5888K, reserved 1048576K
}
Event: 12.399 GC heap before
{Heap before GC invocations=7 (full 0):
 garbage-first heap   total 260096K, used 149149K [0x0000000080000000, 0x0000000100000000)
  region size 1024K, 124 young (126976K), 12 survivors (12288K)
 Metaspace       used 50590K, capacity 52053K, committed 52144K, reserved 1095680K
  class space    used 6409K, capacity 6911K, committed 6912K, reserved 1048576K
}
Event: 12.415 GC heap after
{Heap after GC invocations=8 (full 0):
 garbage-first heap   total 260096K, used 43540K [0x0000000080000000, 0x0000000100000000)
  region size 1024K, 16 young (16384K), 16 survivors (16384K)
 Metaspace       used 50590K, capacity 52053K, committed 52144K, reserved 1095680K
  class space    used 6409K, capacity 6911K, committed 6912K, reserved 1048576K
}
Event: 13.976 GC heap before
{Heap before GC invocations=8 (full 0):
 garbage-first heap   total 260096K, used 99860K [0x0000000080000000, 0x0000000100000000)
  region size 1024K, 72 young (73728K), 16 survivors (16384K)
 Metaspace       used 58608K, capacity 60152K, committed 60240K, reserved 1101824K
  class space    used 7347K, capacity 7903K, committed 7936K, reserved 1048576K
}
Event: 13.995 GC heap after
{Heap after GC invocations=9 (full 0):
 garbage-first heap   total 260096K, used 48048K [0x0000000080000000, 0x0000000100000000)
  region size 1024K, 4 young (4096K), 4 survivors (4096K)
 Metaspace       used 58608K, capacity 60152K, committed 60240K, reserved 1101824K
  class space    used 7347K, capacity 7903K, committed 7936K, reserved 1048576K
}
Event: 16.101 GC heap before
{Heap before GC invocations=10 (full 0):
 garbage-first heap   total 260096K, used 162736K [0x0000000080000000, 0x0000000100000000)
  region size 1024K, 109 young (111616K), 4 survivors (4096K)
 Metaspace       used 67428K, capacity 69131K, committed 69404K, reserved 1110016K
  class space    used 8514K, capacity 9101K, committed 9164K, reserved 1048576K
}
Event: 16.111 GC heap after
{Heap after GC invocations=11 (full 0):
 garbage-first heap   total 260096K, used 55673K [0x0000000080000000, 0x0000000100000000)
  region size 1024K, 11 young (11264K), 11 survivors (11264K)
 Metaspace       used 67428K, capacity 69131K, committed 69404K, reserved 1110016K
  class space    used 8514K, capacity 9101K, committed 9164K, reserved 1048576K
}
Event: 18.149 GC heap before
{Heap before GC invocations=11 (full 0):
 garbage-first heap   total 260096K, used 165241K [0x0000000080000000, 0x0000000100000000)
  region size 1024K, 118 young (120832K), 11 survivors (11264K)
 Metaspace       used 75825K, capacity 77649K, committed 77980K, reserved 1116160K
  class space    used 9803K, capacity 10464K, committed 10572K, reserved 1048576K
}
Event: 18.164 GC heap after
{Heap after GC invocations=12 (full 0):
 garbage-first heap   total 260096K, used 62107K [0x0000000080000000, 0x0000000100000000)
  region size 1024K, 7 young (7168K), 7 survivors (7168K)
 Metaspace       used 75825K, capacity 77649K, committed 77980K, reserved 1116160K
  class space    used 9803K, capacity 10464K, committed 10572K, reserved 1048576K
}
Event: 19.478 GC heap before
{Heap before GC invocations=12 (full 0):
 garbage-first heap   total 260096K, used 174747K [0x0000000080000000, 0x0000000100000000)
  region size 1024K, 117 young (119808K), 7 survivors (7168K)
 Metaspace       used 82271K, capacity 84259K, committed 84380K, reserved 1122304K
  class space    used 10646K, capacity 11319K, committed 11340K, reserved 1048576K
}
Event: 19.497 GC heap after
{Heap after GC invocations=13 (full 0):
 garbage-first heap   total 260096K, used 72704K [0x0000000080000000, 0x0000000100000000)
  region size 1024K, 15 young (15360K), 15 survivors (15360K)
 Metaspace       used 82271K, capacity 84259K, committed 84380K, reserved 1122304K
  class space    used 10646K, capacity 11319K, committed 11340K, reserved 1048576K
}
Event: 32.126 GC heap before
{Heap before GC invocations=13 (full 0):
 garbage-first heap   total 260096K, used 182272K [0x0000000080000000, 0x0000000100000000)
  region size 1024K, 123 young (125952K), 15 survivors (15360K)
 Metaspace       used 86628K, capacity 88943K, committed 89116K, reserved 1126400K
  class space    used 11151K, capacity 11978K, committed 11980K, reserved 1048576K
}
Event: 32.161 GC heap after
{Heap after GC invocations=14 (full 0):
 garbage-first heap   total 260096K, used 85469K [0x0000000080000000, 0x0000000100000000)
  region size 1024K, 12 young (12288K), 12 survivors (12288K)
 Metaspace       used 86628K, capacity 88943K, committed 89116K, reserved 1126400K
  class space    used 11151K, capacity 11978K, committed 11980K, reserved 1048576K
}
Event: 33.623 GC heap before
{Heap before GC invocations=14 (full 0):
 garbage-first heap   total 260096K, used 188893K [0x0000000080000000, 0x0000000100000000)
  region size 1024K, 114 young (116736K), 12 survivors (12288K)
 Metaspace       used 87717K, capacity 90154K, committed 90268K, reserved 1128448K
  class space    used 11220K, capacity 12052K, committed 12108K, reserved 1048576K
}
Event: 33.642 GC heap after
{Heap after GC invocations=15 (full 0):
 garbage-first heap   total 260096K, used 93696K [0x0000000080000000, 0x0000000100000000)
  region size 1024K, 10 young (10240K), 10 survivors (10240K)
 Metaspace       used 87717K, capacity 90154K, committed 90268K, reserved 1128448K
  class space    used 11220K, capacity 12052K, committed 12108K, reserved 1048576K
}

