# JRE version: OpenJDK Runtime Environment (11.0.15) (build 11.0.15+0-b2043.56-9505619)
# Java VM: OpenJDK 64-Bit Server VM (11.0.15+0-b2043.56-9505619, mixed mode, tiered, compressed oops, g1 gc, windows-amd64)
Heap:
 garbage-first heap   total 312320K, used 210432K [0x0000000080000000, 0x0000000100000000)
  region size 1024K, 153 young (156672K), 7 survivors (7168K)
 Metaspace       used 85843K, capacity 88102K, committed 88196K, reserved 1126400K
  class space    used 11114K, capacity 11888K, committed 11904K, reserved 1048576K
GC Heap History (18 events):
Event: 0.409 GC heap before
{Heap before GC invocations=0 (full 0):
 garbage-first heap   total 260096K, used 16384K [0x0000000080000000, 0x0000000100000000)
  region size 1024K, 14 young (14336K), 0 survivors (0K)
 Metaspace       used 6738K, capacity 6925K, committed 7168K, reserved 1056768K
  class space    used 571K, capacity 650K, committed 768K, reserved 1048576K
}
Event: 0.422 GC heap after
{Heap after GC invocations=1 (full 0):
 garbage-first heap   total 260096K, used 3973K [0x0000000080000000, 0x0000000100000000)
  region size 1024K, 2 young (2048K), 2 survivors (2048K)
 Metaspace       used 6738K, capacity 6925K, committed 7168K, reserved 1056768K
  class space    used 571K, capacity 650K, committed 768K, reserved 1048576K
}
Event: 2.038 GC heap before
{Heap before GC invocations=1 (full 0):
 garbage-first heap   total 260096K, used 116613K [0x0000000080000000, 0x0000000100000000)
  region size 1024K, 109 young (111616K), 2 survivors (2048K)
 Metaspace       used 20796K, capacity 21187K, committed 21296K, reserved 1069056K
  class space    used 2521K, capacity 2685K, committed 2688K, reserved 1048576K
}
Event: 2.050 GC heap after
{Heap after GC invocations=2 (full 0):
 garbage-first heap   total 260096K, used 16839K [0x0000000080000000, 0x0000000100000000)
  region size 1024K, 12 young (12288K), 12 survivors (12288K)
 Metaspace       used 20796K, capacity 21187K, committed 21296K, reserved 1069056K
  class space    used 2521K, capacity 2685K, committed 2688K, reserved 1048576K
}
Event: 2.512 GC heap before
{Heap before GC invocations=3 (full 0):
 garbage-first heap   total 260096K, used 57799K [0x0000000080000000, 0x0000000100000000)
  region size 1024K, 53 young (54272K), 12 survivors (12288K)
 Metaspace       used 25074K, capacity 25583K, committed 25648K, reserved 1071104K
  class space    used 3218K, capacity 3414K, committed 3456K, reserved 1048576K
}
Event: 2.521 GC heap after
{Heap after GC invocations=4 (full 0):
 garbage-first heap   total 260096K, used 18609K [0x0000000080000000, 0x0000000100000000)
  region size 1024K, 2 young (2048K), 2 survivors (2048K)
 Metaspace       used 25074K, capacity 25583K, committed 25648K, reserved 1071104K
  class space    used 3218K, capacity 3414K, committed 3456K, reserved 1048576K
}
Event: 3.292 GC heap before
{Heap before GC invocations=4 (full 0):
 garbage-first heap   total 260096K, used 95409K [0x0000000080000000, 0x0000000100000000)
  region size 1024K, 77 young (78848K), 2 survivors (2048K)
 Metaspace       used 34178K, capacity 35036K, committed 35248K, reserved 1079296K
  class space    used 4514K, capacity 4849K, committed 4864K, reserved 1048576K
}
Event: 3.299 GC heap after
{Heap after GC invocations=5 (full 0):
 garbage-first heap   total 260096K, used 21800K [0x0000000080000000, 0x0000000100000000)
  region size 1024K, 6 young (6144K), 6 survivors (6144K)
 Metaspace       used 34178K, capacity 35036K, committed 35248K, reserved 1079296K
  class space    used 4514K, capacity 4849K, committed 4864K, reserved 1048576K
}
Event: 3.337 GC heap before
{Heap before GC invocations=5 (full 0):
 garbage-first heap   total 260096K, used 23848K [0x0000000080000000, 0x0000000100000000)
  region size 1024K, 9 young (9216K), 6 survivors (6144K)
 Metaspace       used 34836K, capacity 35725K, committed 35888K, reserved 1081344K
  class space    used 4553K, capacity 4885K, committed 4992K, reserved 1048576K
}
Event: 3.346 GC heap after
{Heap after GC invocations=6 (full 0):
 garbage-first heap   total 260096K, used 22312K [0x0000000080000000, 0x0000000100000000)
  region size 1024K, 6 young (6144K), 6 survivors (6144K)
 Metaspace       used 34836K, capacity 35725K, committed 35888K, reserved 1081344K
  class space    used 4553K, capacity 4885K, committed 4992K, reserved 1048576K
}
Event: 4.685 GC heap before
{Heap before GC invocations=7 (full 0):
 garbage-first heap   total 260096K, used 146216K [0x0000000080000000, 0x0000000100000000)
  region size 1024K, 124 young (126976K), 6 survivors (6144K)
 Metaspace       used 45661K, capacity 46862K, committed 47080K, reserved 1089536K
  class space    used 5801K, capacity 6196K, committed 6272K, reserved 1048576K
}
Event: 4.703 GC heap after
{Heap after GC invocations=8 (full 0):
 garbage-first heap   total 260096K, used 30344K [0x0000000080000000, 0x0000000100000000)
  region size 1024K, 14 young (14336K), 14 survivors (14336K)
 Metaspace       used 45661K, capacity 46862K, committed 47080K, reserved 1089536K
  class space    used 5801K, capacity 6196K, committed 6272K, reserved 1048576K
}
Event: 6.254 GC heap before
{Heap before GC invocations=9 (full 0):
 garbage-first heap   total 260096K, used 175752K [0x0000000080000000, 0x0000000100000000)
  region size 1024K, 151 young (154624K), 14 survivors (14336K)
 Metaspace       used 57636K, capacity 59192K, committed 59368K, reserved 1101824K
  class space    used 7255K, capacity 7800K, committed 7808K, reserved 1048576K
}
Event: 6.271 GC heap after
{Heap after GC invocations=10 (full 0):
 garbage-first heap   total 260096K, used 44989K [0x0000000080000000, 0x0000000100000000)
  region size 1024K, 19 young (19456K), 19 survivors (19456K)
 Metaspace       used 57636K, capacity 59192K, committed 59368K, reserved 1101824K
  class space    used 7255K, capacity 7800K, committed 7808K, reserved 1048576K
}
Event: 7.474 GC heap before
{Heap before GC invocations=10 (full 0):
 garbage-first heap   total 260096K, used 189373K [0x0000000080000000, 0x0000000100000000)
  region size 1024K, 152 young (155648K), 19 survivors (19456K)
 Metaspace       used 67388K, capacity 69141K, committed 69480K, reserved 1110016K
  class space    used 8500K, capacity 9130K, committed 9216K, reserved 1048576K
}
Event: 7.495 GC heap after
{Heap after GC invocations=11 (full 0):
 garbage-first heap   total 260096K, used 56492K [0x0000000080000000, 0x0000000100000000)
  region size 1024K, 11 young (11264K), 11 survivors (11264K)
 Metaspace       used 67388K, capacity 69141K, committed 69480K, reserved 1110016K
  class space    used 8500K, capacity 9130K, committed 9216K, reserved 1048576K
}
Event: 8.583 GC heap before
{Heap before GC invocations=11 (full 0):
 garbage-first heap   total 260096K, used 154796K [0x0000000080000000, 0x0000000100000000)
  region size 1024K, 108 young (110592K), 11 survivors (11264K)
 Metaspace       used 76561K, capacity 78381K, committed 78468K, reserved 1118208K
  class space    used 9894K, capacity 10555K, committed 10624K, reserved 1048576K
}
Event: 8.604 GC heap after
{Heap after GC invocations=12 (full 0):
 garbage-first heap   total 312320K, used 62976K [0x0000000080000000, 0x0000000100000000)
  region size 1024K, 7 young (7168K), 7 survivors (7168K)
 Metaspace       used 76561K, capacity 78381K, committed 78468K, reserved 1118208K
  class space    used 9894K, capacity 10555K, committed 10624K, reserved 1048576K
}

