# JRE version: OpenJDK Runtime Environment (11.0.15) (build 11.0.15+0-b2043.56-9505619)
# Java VM: OpenJDK 64-Bit Server VM (11.0.15+0-b2043.56-9505619, mixed mode, tiered, compressed oops, g1 gc, windows-amd64)
Heap:
 garbage-first heap   total 260096K, used 181753K [0x0000000080000000, 0x0000000100000000)
  region size 1024K, 101 young (103424K), 11 survivors (11264K)
 Metaspace       used 93709K, capacity 96202K, committed 96560K, reserved 1132544K
  class space    used 11948K, capacity 12822K, committed 12928K, reserved 1048576K
GC Heap History (20 events):
Event: 2.543 GC heap before
{Heap before GC invocations=4 (full 0):
 garbage-first heap   total 260096K, used 39108K [0x0000000080000000, 0x0000000100000000)
  region size 1024K, 28 young (28672K), 5 survivors (5120K)
 Metaspace       used 20821K, capacity 21149K, committed 21296K, reserved 1069056K
  class space    used 2508K, capacity 2651K, committed 2688K, reserved 1048576K
}
Event: 2.547 GC heap after
{Heap after GC invocations=5 (full 0):
 garbage-first heap   total 260096K, used 17312K [0x0000000080000000, 0x0000000100000000)
  region size 1024K, 4 young (4096K), 4 survivors (4096K)
 Metaspace       used 20821K, capacity 21149K, committed 21296K, reserved 1069056K
  class space    used 2508K, capacity 2651K, committed 2688K, reserved 1048576K
}
Event: 3.352 GC heap before
{Heap before GC invocations=6 (full 0):
 garbage-first heap   total 260096K, used 75680K [0x0000000080000000, 0x0000000100000000)
  region size 1024K, 61 young (62464K), 4 survivors (4096K)
 Metaspace       used 27008K, capacity 27611K, committed 27824K, reserved 1073152K
  class space    used 3509K, capacity 3734K, committed 3840K, reserved 1048576K
}
Event: 3.359 GC heap after
{Heap after GC invocations=7 (full 0):
 garbage-first heap   total 260096K, used 19572K [0x0000000080000000, 0x0000000100000000)
  region size 1024K, 6 young (6144K), 6 survivors (6144K)
 Metaspace       used 27008K, capacity 27611K, committed 27824K, reserved 1073152K
  class space    used 3509K, capacity 3734K, committed 3840K, reserved 1048576K
}
Event: 4.290 GC heap before
{Heap before GC invocations=7 (full 0):
 garbage-first heap   total 260096K, used 82036K [0x0000000080000000, 0x0000000100000000)
  region size 1024K, 68 young (69632K), 6 survivors (6144K)
 Metaspace       used 34937K, capacity 35729K, committed 35888K, reserved 1081344K
  class space    used 4557K, capacity 4889K, committed 4992K, reserved 1048576K
}
Event: 4.300 GC heap after
{Heap after GC invocations=8 (full 0):
 garbage-first heap   total 260096K, used 22609K [0x0000000080000000, 0x0000000100000000)
  region size 1024K, 9 young (9216K), 9 survivors (9216K)
 Metaspace       used 34937K, capacity 35729K, committed 35888K, reserved 1081344K
  class space    used 4557K, capacity 4889K, committed 4992K, reserved 1048576K
}
Event: 5.543 GC heap before
{Heap before GC invocations=9 (full 0):
 garbage-first heap   total 260096K, used 125009K [0x0000000080000000, 0x0000000100000000)
  region size 1024K, 107 young (109568K), 9 survivors (9216K)
 Metaspace       used 43644K, capacity 44784K, committed 44848K, reserved 1087488K
  class space    used 5603K, capacity 5998K, committed 6016K, reserved 1048576K
}
Event: 5.557 GC heap after
{Heap after GC invocations=10 (full 0):
 garbage-first heap   total 260096K, used 30573K [0x0000000080000000, 0x0000000100000000)
  region size 1024K, 14 young (14336K), 14 survivors (14336K)
 Metaspace       used 43644K, capacity 44784K, committed 44848K, reserved 1087488K
  class space    used 5603K, capacity 5998K, committed 6016K, reserved 1048576K
}
Event: 15.158 GC heap before
{Heap before GC invocations=10 (full 0):
 garbage-first heap   total 260096K, used 149357K [0x0000000080000000, 0x0000000100000000)
  region size 1024K, 130 young (133120K), 14 survivors (14336K)
 Metaspace       used 55846K, capacity 57220K, committed 57520K, reserved 1099776K
  class space    used 7060K, capacity 7571K, committed 7680K, reserved 1048576K
}
Event: 15.175 GC heap after
{Heap after GC invocations=11 (full 0):
 garbage-first heap   total 260096K, used 37071K [0x0000000080000000, 0x0000000100000000)
  region size 1024K, 15 young (15360K), 15 survivors (15360K)
 Metaspace       used 55846K, capacity 57220K, committed 57520K, reserved 1099776K
  class space    used 7060K, capacity 7571K, committed 7680K, reserved 1048576K
}
Event: 17.514 GC heap before
{Heap before GC invocations=11 (full 0):
 garbage-first heap   total 260096K, used 79055K [0x0000000080000000, 0x0000000100000000)
  region size 1024K, 53 young (54272K), 15 survivors (15360K)
 Metaspace       used 58611K, capacity 60070K, committed 60208K, reserved 1101824K
  class space    used 7415K, capacity 7957K, committed 8064K, reserved 1048576K
}
Event: 17.533 GC heap after
{Heap after GC invocations=12 (full 0):
 garbage-first heap   total 260096K, used 48128K [0x0000000080000000, 0x0000000100000000)
  region size 1024K, 14 young (14336K), 14 survivors (14336K)
 Metaspace       used 58611K, capacity 60070K, committed 60208K, reserved 1101824K
  class space    used 7415K, capacity 7957K, committed 8064K, reserved 1048576K
}
Event: 19.911 GC heap before
{Heap before GC invocations=13 (full 0):
 garbage-first heap   total 260096K, used 197632K [0x0000000080000000, 0x0000000100000000)
  region size 1024K, 152 young (155648K), 14 survivors (14336K)
 Metaspace       used 72549K, capacity 74255K, committed 74544K, reserved 1114112K
  class space    used 9158K, capacity 9758K, committed 9856K, reserved 1048576K
}
Event: 19.933 GC heap after
{Heap after GC invocations=14 (full 0):
 garbage-first heap   total 260096K, used 56969K [0x0000000080000000, 0x0000000100000000)
  region size 1024K, 16 young (16384K), 16 survivors (16384K)
 Metaspace       used 72549K, capacity 74255K, committed 74544K, reserved 1114112K
  class space    used 9158K, capacity 9758K, committed 9856K, reserved 1048576K
}
Event: 21.686 GC heap before
{Heap before GC invocations=14 (full 0):
 garbage-first heap   total 260096K, used 196233K [0x0000000080000000, 0x0000000100000000)
  region size 1024K, 152 young (155648K), 16 survivors (16384K)
 Metaspace       used 82771K, capacity 84684K, committed 84784K, reserved 1122304K
  class space    used 10700K, capacity 11388K, committed 11392K, reserved 1048576K
}
Event: 21.709 GC heap after
{Heap after GC invocations=15 (full 0):
 garbage-first heap   total 260096K, used 66560K [0x0000000080000000, 0x0000000100000000)
  region size 1024K, 18 young (18432K), 18 survivors (18432K)
 Metaspace       used 82771K, capacity 84684K, committed 84784K, reserved 1122304K
  class space    used 10700K, capacity 11388K, committed 11392K, reserved 1048576K
}
Event: 33.095 GC heap before
{Heap before GC invocations=15 (full 0):
 garbage-first heap   total 260096K, used 201728K [0x0000000080000000, 0x0000000100000000)
  region size 1024K, 151 young (154624K), 18 survivors (18432K)
 Metaspace       used 90618K, capacity 92945K, committed 93104K, reserved 1130496K
  class space    used 11699K, capacity 12515K, committed 12544K, reserved 1048576K
}
Event: 33.121 GC heap after
{Heap after GC invocations=16 (full 0):
 garbage-first heap   total 260096K, used 79872K [0x0000000080000000, 0x0000000100000000)
  region size 1024K, 19 young (19456K), 19 survivors (19456K)
 Metaspace       used 90618K, capacity 92945K, committed 93104K, reserved 1130496K
  class space    used 11699K, capacity 12515K, committed 12544K, reserved 1048576K
}
Event: 35.453 GC heap before
{Heap before GC invocations=16 (full 0):
 garbage-first heap   total 260096K, used 200704K [0x0000000080000000, 0x0000000100000000)
  region size 1024K, 138 young (141312K), 19 survivors (19456K)
 Metaspace       used 92483K, capacity 94859K, committed 95152K, reserved 1132544K
  class space    used 11859K, capacity 12698K, committed 12800K, reserved 1048576K
}
Event: 35.489 GC heap after
{Heap after GC invocations=17 (full 0):
 garbage-first heap   total 260096K, used 91641K [0x0000000080000000, 0x0000000100000000)
  region size 1024K, 11 young (11264K), 11 survivors (11264K)
 Metaspace       used 92483K, capacity 94859K, committed 95152K, reserved 1132544K
  class space    used 11859K, capacity 12698K, committed 12800K, reserved 1048576K
}

