# JRE version: OpenJDK Runtime Environment (11.0.15) (build 11.0.15+0-b2043.56-9505619)
# Java VM: OpenJDK 64-Bit Server VM (11.0.15+0-b2043.56-9505619, mixed mode, tiered, compressed oops, g1 gc, windows-amd64)
Heap:
 garbage-first heap   total 337920K, used 110359K [0x0000000080000000, 0x0000000100000000)
  region size 1024K, 59 young (60416K), 20 survivors (20480K)
 Metaspace       used 85868K, capacity 88037K, committed 88272K, reserved 1126400K
  class space    used 11117K, capacity 11886K, committed 11904K, reserved 1048576K
GC Heap History (18 events):
Event: 0.471 GC heap before
{Heap before GC invocations=0 (full 0):
 garbage-first heap   total 260096K, used 16384K [0x0000000080000000, 0x0000000100000000)
  region size 1024K, 14 young (14336K), 0 survivors (0K)
 Metaspace       used 6750K, capacity 6993K, committed 7168K, reserved 1056768K
  class space    used 571K, capacity 650K, committed 768K, reserved 1048576K
}
Event: 0.492 GC heap after
{Heap after GC invocations=1 (full 0):
 garbage-first heap   total 260096K, used 4038K [0x0000000080000000, 0x0000000100000000)
  region size 1024K, 2 young (2048K), 2 survivors (2048K)
 Metaspace       used 6750K, capacity 6993K, committed 7168K, reserved 1056768K
  class space    used 571K, capacity 650K, committed 768K, reserved 1048576K
}
Event: 2.124 GC heap before
{Heap before GC invocations=1 (full 0):
 garbage-first heap   total 260096K, used 114630K [0x0000000080000000, 0x0000000100000000)
  region size 1024K, 107 young (109568K), 2 survivors (2048K)
 Metaspace       used 20824K, capacity 21153K, committed 21296K, reserved 1069056K
  class space    used 2507K, capacity 2651K, committed 2688K, reserved 1048576K
}
Event: 2.131 GC heap after
{Heap after GC invocations=2 (full 0):
 garbage-first heap   total 260096K, used 16970K [0x0000000080000000, 0x0000000100000000)
  region size 1024K, 12 young (12288K), 12 survivors (12288K)
 Metaspace       used 20824K, capacity 21153K, committed 21296K, reserved 1069056K
  class space    used 2507K, capacity 2651K, committed 2688K, reserved 1048576K
}
Event: 2.633 GC heap before
{Heap before GC invocations=3 (full 0):
 garbage-first heap   total 260096K, used 66122K [0x0000000080000000, 0x0000000100000000)
  region size 1024K, 60 young (61440K), 12 survivors (12288K)
 Metaspace       used 26201K, capacity 26789K, committed 26800K, reserved 1073152K
  class space    used 3370K, capacity 3581K, committed 3584K, reserved 1048576K
}
Event: 2.642 GC heap after
{Heap after GC invocations=4 (full 0):
 garbage-first heap   total 260096K, used 18935K [0x0000000080000000, 0x0000000100000000)
  region size 1024K, 3 young (3072K), 3 survivors (3072K)
 Metaspace       used 26201K, capacity 26789K, committed 26800K, reserved 1073152K
  class space    used 3370K, capacity 3581K, committed 3584K, reserved 1048576K
}
Event: 3.445 GC heap before
{Heap before GC invocations=4 (full 0):
 garbage-first heap   total 260096K, used 87543K [0x0000000080000000, 0x0000000100000000)
  region size 1024K, 71 young (72704K), 3 survivors (3072K)
 Metaspace       used 34946K, capacity 35733K, committed 35888K, reserved 1081344K
  class space    used 4558K, capacity 4889K, committed 4992K, reserved 1048576K
}
Event: 3.456 GC heap after
{Heap after GC invocations=5 (full 0):
 garbage-first heap   total 260096K, used 22105K [0x0000000080000000, 0x0000000100000000)
  region size 1024K, 6 young (6144K), 6 survivors (6144K)
 Metaspace       used 34946K, capacity 35733K, committed 35888K, reserved 1081344K
  class space    used 4558K, capacity 4889K, committed 4992K, reserved 1048576K
}
Event: 4.377 GC heap before
{Heap before GC invocations=6 (full 0):
 garbage-first heap   total 260096K, used 122457K [0x0000000080000000, 0x0000000100000000)
  region size 1024K, 102 young (104448K), 6 survivors (6144K)
 Metaspace       used 43355K, capacity 44555K, committed 44776K, reserved 1087488K
  class space    used 5562K, capacity 5962K, committed 6016K, reserved 1048576K
}
Event: 4.396 GC heap after
{Heap after GC invocations=7 (full 0):
 garbage-first heap   total 260096K, used 30245K [0x0000000080000000, 0x0000000100000000)
  region size 1024K, 13 young (13312K), 13 survivors (13312K)
 Metaspace       used 43355K, capacity 44555K, committed 44776K, reserved 1087488K
  class space    used 5562K, capacity 5962K, committed 6016K, reserved 1048576K
}
Event: 5.640 GC heap before
{Heap before GC invocations=8 (full 0):
 garbage-first heap   total 260096K, used 149029K [0x0000000080000000, 0x0000000100000000)
  region size 1024K, 124 young (126976K), 13 survivors (13312K)
 Metaspace       used 51158K, capacity 52646K, committed 52840K, reserved 1095680K
  class space    used 6501K, capacity 7047K, committed 7168K, reserved 1048576K
}
Event: 5.665 GC heap after
{Heap after GC invocations=9 (full 0):
 garbage-first heap   total 260096K, used 43741K [0x0000000080000000, 0x0000000100000000)
  region size 1024K, 16 young (16384K), 16 survivors (16384K)
 Metaspace       used 51158K, capacity 52646K, committed 52840K, reserved 1095680K
  class space    used 6501K, capacity 7047K, committed 7168K, reserved 1048576K
}
Event: 7.268 GC heap before
{Heap before GC invocations=9 (full 0):
 garbage-first heap   total 260096K, used 183005K [0x0000000080000000, 0x0000000100000000)
  region size 1024K, 145 young (148480K), 16 survivors (16384K)
 Metaspace       used 66055K, capacity 67748K, committed 67944K, reserved 1107968K
  class space    used 8306K, capacity 8926K, committed 8960K, reserved 1048576K
}
Event: 7.290 GC heap after
{Heap after GC invocations=10 (full 0):
 garbage-first heap   total 260096K, used 53650K [0x0000000080000000, 0x0000000100000000)
  region size 1024K, 10 young (10240K), 10 survivors (10240K)
 Metaspace       used 66055K, capacity 67748K, committed 67944K, reserved 1107968K
  class space    used 8306K, capacity 8926K, committed 8960K, reserved 1048576K
}
Event: 8.176 GC heap before
{Heap before GC invocations=10 (full 0):
 garbage-first heap   total 260096K, used 152978K [0x0000000080000000, 0x0000000100000000)
  region size 1024K, 108 young (110592K), 10 survivors (10240K)
 Metaspace       used 72817K, capacity 74548K, committed 74600K, reserved 1114112K
  class space    used 9371K, capacity 9983K, committed 9984K, reserved 1048576K
}
Event: 8.192 GC heap after
{Heap after GC invocations=11 (full 0):
 garbage-first heap   total 337920K, used 59226K [0x0000000080000000, 0x0000000100000000)
  region size 1024K, 15 young (15360K), 15 survivors (15360K)
 Metaspace       used 72817K, capacity 74548K, committed 74600K, reserved 1114112K
  class space    used 9371K, capacity 9983K, committed 9984K, reserved 1048576K
}
Event: 9.852 GC heap before
{Heap before GC invocations=12 (full 0):
 garbage-first heap   total 337920K, used 217946K [0x0000000080000000, 0x0000000100000000)
  region size 1024K, 170 young (174080K), 15 survivors (15360K)
 Metaspace       used 82189K, capacity 84169K, committed 84432K, reserved 1122304K
  class space    used 10634K, capacity 11310K, committed 11392K, reserved 1048576K
}
Event: 9.900 GC heap after
{Heap after GC invocations=13 (full 0):
 garbage-first heap   total 337920K, used 72471K [0x0000000080000000, 0x0000000100000000)
  region size 1024K, 20 young (20480K), 20 survivors (20480K)
 Metaspace       used 82189K, capacity 84169K, committed 84432K, reserved 1122304K
  class space    used 10634K, capacity 11310K, committed 11392K, reserved 1048576K
}

