# JRE version: OpenJDK Runtime Environment (11.0.15) (build 11.0.15+0-b2043.56-9505619)
# Java VM: OpenJDK 64-Bit Server VM (11.0.15+0-b2043.56-9505619, mixed mode, tiered, compressed oops, g1 gc, windows-amd64)
Heap:
 garbage-first heap   total 260096K, used 84992K [0x0000000080000000, 0x0000000100000000)
  region size 1024K, 25 young (25600K), 19 survivors (19456K)
 Metaspace       used 90528K, capacity 92775K, committed 92848K, reserved 1130496K
  class space    used 11690K, capacity 12487K, committed 12544K, reserved 1048576K
GC Heap History (18 events):
Event: 0.437 GC heap before
{Heap before GC invocations=0 (full 0):
 garbage-first heap   total 260096K, used 16384K [0x0000000080000000, 0x0000000100000000)
  region size 1024K, 14 young (14336K), 0 survivors (0K)
 Metaspace       used 6742K, capacity 6925K, committed 7168K, reserved 1056768K
  class space    used 571K, capacity 650K, committed 768K, reserved 1048576K
}
Event: 0.442 GC heap after
{Heap after GC invocations=1 (full 0):
 garbage-first heap   total 260096K, used 3889K [0x0000000080000000, 0x0000000100000000)
  region size 1024K, 2 young (2048K), 2 survivors (2048K)
 Metaspace       used 6742K, capacity 6925K, committed 7168K, reserved 1056768K
  class space    used 571K, capacity 650K, committed 768K, reserved 1048576K
}
Event: 2.361 GC heap before
{Heap before GC invocations=1 (full 0):
 garbage-first heap   total 260096K, used 115505K [0x0000000080000000, 0x0000000100000000)
  region size 1024K, 108 young (110592K), 2 survivors (2048K)
 Metaspace       used 20886K, capacity 21213K, committed 21296K, reserved 1069056K
  class space    used 2508K, capacity 2651K, committed 2688K, reserved 1048576K
}
Event: 2.371 GC heap after
{Heap after GC invocations=2 (full 0):
 garbage-first heap   total 260096K, used 16841K [0x0000000080000000, 0x0000000100000000)
  region size 1024K, 12 young (12288K), 12 survivors (12288K)
 Metaspace       used 20886K, capacity 21213K, committed 21296K, reserved 1069056K
  class space    used 2508K, capacity 2651K, committed 2688K, reserved 1048576K
}
Event: 3.028 GC heap before
{Heap before GC invocations=3 (full 0):
 garbage-first heap   total 260096K, used 65993K [0x0000000080000000, 0x0000000100000000)
  region size 1024K, 60 young (61440K), 12 survivors (12288K)
 Metaspace       used 26043K, capacity 26654K, committed 26800K, reserved 1073152K
  class space    used 3341K, capacity 3580K, committed 3584K, reserved 1048576K
}
Event: 3.036 GC heap after
{Heap after GC invocations=4 (full 0):
 garbage-first heap   total 260096K, used 19398K [0x0000000080000000, 0x0000000100000000)
  region size 1024K, 3 young (3072K), 3 survivors (3072K)
 Metaspace       used 26043K, capacity 26654K, committed 26800K, reserved 1073152K
  class space    used 3341K, capacity 3580K, committed 3584K, reserved 1048576K
}
Event: 4.047 GC heap before
{Heap before GC invocations=4 (full 0):
 garbage-first heap   total 260096K, used 90054K [0x0000000080000000, 0x0000000100000000)
  region size 1024K, 73 young (74752K), 3 survivors (3072K)
 Metaspace       used 34825K, capacity 35724K, committed 35888K, reserved 1081344K
  class space    used 4544K, capacity 4885K, committed 4992K, reserved 1048576K
}
Event: 4.055 GC heap after
{Heap after GC invocations=5 (full 0):
 garbage-first heap   total 260096K, used 22720K [0x0000000080000000, 0x0000000100000000)
  region size 1024K, 6 young (6144K), 6 survivors (6144K)
 Metaspace       used 34825K, capacity 35724K, committed 35888K, reserved 1081344K
  class space    used 4544K, capacity 4885K, committed 4992K, reserved 1048576K
}
Event: 5.307 GC heap before
{Heap before GC invocations=6 (full 0):
 garbage-first heap   total 260096K, used 128192K [0x0000000080000000, 0x0000000100000000)
  region size 1024K, 106 young (108544K), 6 survivors (6144K)
 Metaspace       used 43741K, capacity 44932K, committed 45104K, reserved 1089536K
  class space    used 5617K, capacity 6004K, committed 6016K, reserved 1048576K
}
Event: 5.321 GC heap after
{Heap after GC invocations=7 (full 0):
 garbage-first heap   total 260096K, used 30881K [0x0000000080000000, 0x0000000100000000)
  region size 1024K, 14 young (14336K), 14 survivors (14336K)
 Metaspace       used 43741K, capacity 44932K, committed 45104K, reserved 1089536K
  class space    used 5617K, capacity 6004K, committed 6016K, reserved 1048576K
}
Event: 7.530 GC heap before
{Heap before GC invocations=7 (full 0):
 garbage-first heap   total 260096K, used 148641K [0x0000000080000000, 0x0000000100000000)
  region size 1024K, 129 young (132096K), 14 survivors (14336K)
 Metaspace       used 55826K, capacity 57231K, committed 57520K, reserved 1099776K
  class space    used 7051K, capacity 7573K, committed 7680K, reserved 1048576K
}
Event: 7.554 GC heap after
{Heap after GC invocations=8 (full 0):
 garbage-first heap   total 260096K, used 37018K [0x0000000080000000, 0x0000000100000000)
  region size 1024K, 15 young (15360K), 15 survivors (15360K)
 Metaspace       used 55826K, capacity 57231K, committed 57520K, reserved 1099776K
  class space    used 7051K, capacity 7573K, committed 7680K, reserved 1048576K
}
Event: 9.963 GC heap before
{Heap before GC invocations=8 (full 0):
 garbage-first heap   total 260096K, used 76954K [0x0000000080000000, 0x0000000100000000)
  region size 1024K, 51 young (52224K), 15 survivors (15360K)
 Metaspace       used 58607K, capacity 60080K, committed 60208K, reserved 1101824K
  class space    used 7402K, capacity 7959K, committed 8064K, reserved 1048576K
}
Event: 9.980 GC heap after
{Heap after GC invocations=9 (full 0):
 garbage-first heap   total 260096K, used 47510K [0x0000000080000000, 0x0000000100000000)
  region size 1024K, 14 young (14336K), 14 survivors (14336K)
 Metaspace       used 58607K, capacity 60080K, committed 60208K, reserved 1101824K
  class space    used 7402K, capacity 7959K, committed 8064K, reserved 1048576K
}
Event: 12.357 GC heap before
{Heap before GC invocations=10 (full 0):
 garbage-first heap   total 260096K, used 197014K [0x0000000080000000, 0x0000000100000000)
  region size 1024K, 152 young (155648K), 14 survivors (14336K)
 Metaspace       used 72532K, capacity 74261K, committed 74544K, reserved 1114112K
  class space    used 9153K, capacity 9760K, committed 9856K, reserved 1048576K
}
Event: 12.373 GC heap after
{Heap after GC invocations=11 (full 0):
 garbage-first heap   total 260096K, used 57260K [0x0000000080000000, 0x0000000100000000)
  region size 1024K, 16 young (16384K), 16 survivors (16384K)
 Metaspace       used 72532K, capacity 74261K, committed 74544K, reserved 1114112K
  class space    used 9153K, capacity 9760K, committed 9856K, reserved 1048576K
}
Event: 14.023 GC heap before
{Heap before GC invocations=11 (full 0):
 garbage-first heap   total 260096K, used 193452K [0x0000000080000000, 0x0000000100000000)
  region size 1024K, 149 young (152576K), 16 survivors (16384K)
 Metaspace       used 82220K, capacity 84140K, committed 84272K, reserved 1122304K
  class space    used 10609K, capacity 11291K, committed 11392K, reserved 1048576K
}
Event: 14.041 GC heap after
{Heap after GC invocations=12 (full 0):
 garbage-first heap   total 260096K, used 66503K [0x0000000080000000, 0x0000000100000000)
  region size 1024K, 18 young (18432K), 18 survivors (18432K)
 Metaspace       used 82220K, capacity 84140K, committed 84272K, reserved 1122304K
  class space    used 10609K, capacity 11291K, committed 11392K, reserved 1048576K
}

