# JRE version: OpenJDK Runtime Environment (11.0.15) (build 11.0.15+0-b2043.56-9505619)
# Java VM: OpenJDK 64-Bit Server VM (11.0.15+0-b2043.56-9505619, mixed mode, tiered, compressed oops, g1 gc, windows-amd64)
Heap:
 garbage-first heap   total 260096K, used 150528K [0x0000000080000000, 0x0000000100000000)
  region size 1024K, 67 young (68608K), 10 survivors (10240K)
 Metaspace       used 93288K, capacity 95636K, committed 95920K, reserved 1132544K
  class space    used 11900K, capacity 12721K, committed 12800K, reserved 1048576K
GC Heap History (20 events):
Event: 3.885 GC heap before
{Heap before GC invocations=4 (full 0):
 garbage-first heap   total 260096K, used 85484K [0x0000000080000000, 0x0000000100000000)
  region size 1024K, 67 young (68608K), 1 survivors (1024K)
 Metaspace       used 29207K, capacity 29893K, committed 30000K, reserved 1075200K
  class space    used 3853K, capacity 4133K, committed 4224K, reserved 1048576K
}
Event: 3.889 GC heap after
{Heap after GC invocations=5 (full 0):
 garbage-first heap   total 260096K, used 19884K [0x0000000080000000, 0x0000000100000000)
  region size 1024K, 3 young (3072K), 3 survivors (3072K)
 Metaspace       used 29207K, capacity 29893K, committed 30000K, reserved 1075200K
  class space    used 3853K, capacity 4133K, committed 4224K, reserved 1048576K
}
Event: 4.536 GC heap before
{Heap before GC invocations=5 (full 0):
 garbage-first heap   total 260096K, used 55724K [0x0000000080000000, 0x0000000100000000)
  region size 1024K, 39 young (39936K), 3 survivors (3072K)
 Metaspace       used 34942K, capacity 35735K, committed 35888K, reserved 1081344K
  class space    used 4558K, capacity 4887K, committed 4992K, reserved 1048576K
}
Event: 4.545 GC heap after
{Heap after GC invocations=6 (full 0):
 garbage-first heap   total 260096K, used 22508K [0x0000000080000000, 0x0000000100000000)
  region size 1024K, 6 young (6144K), 6 survivors (6144K)
 Metaspace       used 34942K, capacity 35735K, committed 35888K, reserved 1081344K
  class space    used 4558K, capacity 4887K, committed 4992K, reserved 1048576K
}
Event: 5.651 GC heap before
{Heap before GC invocations=7 (full 0):
 garbage-first heap   total 260096K, used 101356K [0x0000000080000000, 0x0000000100000000)
  region size 1024K, 81 young (82944K), 6 survivors (6144K)
 Metaspace       used 41487K, capacity 42585K, committed 42672K, reserved 1087488K
  class space    used 5248K, capacity 5609K, committed 5632K, reserved 1048576K
}
Event: 5.665 GC heap after
{Heap after GC invocations=8 (full 0):
 garbage-first heap   total 260096K, used 29144K [0x0000000080000000, 0x0000000100000000)
  region size 1024K, 11 young (11264K), 11 survivors (11264K)
 Metaspace       used 41487K, capacity 42585K, committed 42672K, reserved 1087488K
  class space    used 5248K, capacity 5609K, committed 5632K, reserved 1048576K
}
Event: 7.195 GC heap before
{Heap before GC invocations=8 (full 0):
 garbage-first heap   total 260096K, used 132568K [0x0000000080000000, 0x0000000100000000)
  region size 1024K, 112 young (114688K), 11 survivors (11264K)
 Metaspace       used 52015K, capacity 53437K, committed 53680K, reserved 1095680K
  class space    used 6555K, capacity 7058K, committed 7168K, reserved 1048576K
}
Event: 7.209 GC heap after
{Heap after GC invocations=9 (full 0):
 garbage-first heap   total 260096K, used 34681K [0x0000000080000000, 0x0000000100000000)
  region size 1024K, 12 young (12288K), 12 survivors (12288K)
 Metaspace       used 52015K, capacity 53437K, committed 53680K, reserved 1095680K
  class space    used 6555K, capacity 7058K, committed 7168K, reserved 1048576K
}
Event: 11.129 GC heap before
{Heap before GC invocations=9 (full 0):
 garbage-first heap   total 260096K, used 114553K [0x0000000080000000, 0x0000000100000000)
  region size 1024K, 87 young (89088K), 12 survivors (12288K)
 Metaspace       used 58607K, capacity 60071K, committed 60208K, reserved 1101824K
  class space    used 7415K, capacity 7955K, committed 8064K, reserved 1048576K
}
Event: 11.148 GC heap after
{Heap after GC invocations=10 (full 0):
 garbage-first heap   total 260096K, used 48842K [0x0000000080000000, 0x0000000100000000)
  region size 1024K, 15 young (15360K), 15 survivors (15360K)
 Metaspace       used 58607K, capacity 60071K, committed 60208K, reserved 1101824K
  class space    used 7415K, capacity 7955K, committed 8064K, reserved 1048576K
}
Event: 13.038 GC heap before
{Heap before GC invocations=11 (full 0):
 garbage-first heap   total 260096K, used 168650K [0x0000000080000000, 0x0000000100000000)
  region size 1024K, 125 young (128000K), 15 survivors (15360K)
 Metaspace       used 70255K, capacity 71974K, committed 72112K, reserved 1112064K
  class space    used 8842K, capacity 9453K, committed 9472K, reserved 1048576K
}
Event: 13.058 GC heap after
{Heap after GC invocations=12 (full 0):
 garbage-first heap   total 260096K, used 57103K [0x0000000080000000, 0x0000000100000000)
  region size 1024K, 9 young (9216K), 9 survivors (9216K)
 Metaspace       used 70255K, capacity 71974K, committed 72112K, reserved 1112064K
  class space    used 8842K, capacity 9453K, committed 9472K, reserved 1048576K
}
Event: 14.607 GC heap before
{Heap before GC invocations=13 (full 0):
 garbage-first heap   total 260096K, used 171791K [0x0000000080000000, 0x0000000100000000)
  region size 1024K, 120 young (122880K), 9 survivors (9216K)
 Metaspace       used 78348K, capacity 80188K, committed 80304K, reserved 1118208K
  class space    used 10090K, capacity 10740K, committed 10752K, reserved 1048576K
}
Event: 14.622 GC heap after
{Heap after GC invocations=14 (full 0):
 garbage-first heap   total 260096K, used 63162K [0x0000000080000000, 0x0000000100000000)
  region size 1024K, 15 young (15360K), 15 survivors (15360K)
 Metaspace       used 78348K, capacity 80188K, committed 80304K, reserved 1118208K
  class space    used 10090K, capacity 10740K, committed 10752K, reserved 1048576K
}
Event: 16.139 GC heap before
{Heap before GC invocations=14 (full 0):
 garbage-first heap   total 260096K, used 180922K [0x0000000080000000, 0x0000000100000000)
  region size 1024K, 130 young (133120K), 15 survivors (15360K)
 Metaspace       used 87067K, capacity 89107K, committed 89264K, reserved 1126400K
  class space    used 11262K, capacity 11972K, committed 12032K, reserved 1048576K
}
Event: 16.159 GC heap after
{Heap after GC invocations=15 (full 0):
 garbage-first heap   total 260096K, used 72835K [0x0000000080000000, 0x0000000100000000)
  region size 1024K, 17 young (17408K), 17 survivors (17408K)
 Metaspace       used 87067K, capacity 89107K, committed 89264K, reserved 1126400K
  class space    used 11262K, capacity 11972K, committed 12032K, reserved 1048576K
}
Event: 27.877 GC heap before
{Heap before GC invocations=15 (full 0):
 garbage-first heap   total 260096K, used 187523K [0x0000000080000000, 0x0000000100000000)
  region size 1024K, 130 young (133120K), 17 survivors (17408K)
 Metaspace       used 91261K, capacity 93617K, committed 93744K, reserved 1130496K
  class space    used 11763K, capacity 12596K, committed 12672K, reserved 1048576K
}
Event: 27.905 GC heap after
{Heap after GC invocations=16 (full 0):
 garbage-first heap   total 260096K, used 86528K [0x0000000080000000, 0x0000000100000000)
  region size 1024K, 15 young (15360K), 15 survivors (15360K)
 Metaspace       used 91261K, capacity 93617K, committed 93744K, reserved 1130496K
  class space    used 11763K, capacity 12596K, committed 12672K, reserved 1048576K
}
Event: 29.424 GC heap before
{Heap before GC invocations=16 (full 0):
 garbage-first heap   total 260096K, used 193024K [0x0000000080000000, 0x0000000100000000)
  region size 1024K, 120 young (122880K), 15 survivors (15360K)
 Metaspace       used 92472K, capacity 94837K, committed 95024K, reserved 1132544K
  class space    used 11833K, capacity 12672K, committed 12672K, reserved 1048576K
}
Event: 29.446 GC heap after
{Heap after GC invocations=17 (full 0):
 garbage-first heap   total 260096K, used 94208K [0x0000000080000000, 0x0000000100000000)
  region size 1024K, 10 young (10240K), 10 survivors (10240K)
 Metaspace       used 92472K, capacity 94837K, committed 95024K, reserved 1132544K
  class space    used 11833K, capacity 12672K, committed 12672K, reserved 1048576K
}

