# JRE version: OpenJDK Runtime Environment (11.0.15) (build 11.0.15+0-b2043.56-9505619)
# Java VM: OpenJDK 64-Bit Server VM (11.0.15+0-b2043.56-9505619, mixed mode, tiered, compressed oops, g1 gc, windows-amd64)
Heap:
 garbage-first heap   total 312320K, used 140506K [0x0000000080000000, 0x0000000100000000)
  region size 1024K, 61 young (62464K), 13 survivors (13312K)
 Metaspace       used 88676K, capacity 91130K, committed 91240K, reserved 1128448K
  class space    used 11323K, capacity 12185K, committed 12260K, reserved 1048576K
GC Heap History (20 events):
Event: 2.937 GC heap before
{Heap before GC invocations=3 (full 0):
 garbage-first heap   total 260096K, used 61974K [0x0000000080000000, 0x0000000100000000)
  region size 1024K, 53 young (54272K), 5 survivors (5120K)
 Metaspace       used 20042K, capacity 20474K, committed 20736K, reserved 1067008K
  class space    used 2391K, capacity 2551K, committed 2560K, reserved 1048576K
}
Event: 2.942 GC heap after
{Heap after GC invocations=4 (full 0):
 garbage-first heap   total 260096K, used 16923K [0x0000000080000000, 0x0000000100000000)
  region size 1024K, 7 young (7168K), 7 survivors (7168K)
 Metaspace       used 20042K, capacity 20474K, committed 20736K, reserved 1067008K
  class space    used 2391K, capacity 2551K, committed 2560K, reserved 1048576K
}
Event: 3.036 GC heap before
{Heap before GC invocations=4 (full 0):
 garbage-first heap   total 260096K, used 27163K [0x0000000080000000, 0x0000000100000000)
  region size 1024K, 18 young (18432K), 7 survivors (7168K)
 Metaspace       used 20789K, capacity 21199K, committed 21296K, reserved 1069056K
  class space    used 2521K, capacity 2685K, committed 2688K, reserved 1048576K
}
Event: 3.041 GC heap after
{Heap after GC invocations=5 (full 0):
 garbage-first heap   total 260096K, used 18252K [0x0000000080000000, 0x0000000100000000)
  region size 1024K, 4 young (4096K), 4 survivors (4096K)
 Metaspace       used 20789K, capacity 21199K, committed 21296K, reserved 1069056K
  class space    used 2521K, capacity 2685K, committed 2688K, reserved 1048576K
}
Event: 3.890 GC heap before
{Heap before GC invocations=6 (full 0):
 garbage-first heap   total 260096K, used 88908K [0x0000000080000000, 0x0000000100000000)
  region size 1024K, 74 young (75776K), 4 survivors (4096K)
 Metaspace       used 27848K, capacity 28546K, committed 28796K, reserved 1075200K
  class space    used 3647K, capacity 3915K, committed 4044K, reserved 1048576K
}
Event: 3.895 GC heap after
{Heap after GC invocations=7 (full 0):
 garbage-first heap   total 260096K, used 20292K [0x0000000080000000, 0x0000000100000000)
  region size 1024K, 6 young (6144K), 6 survivors (6144K)
 Metaspace       used 27848K, capacity 28546K, committed 28796K, reserved 1075200K
  class space    used 3647K, capacity 3915K, committed 4044K, reserved 1048576K
}
Event: 4.681 GC heap before
{Heap before GC invocations=7 (full 0):
 garbage-first heap   total 260096K, used 71492K [0x0000000080000000, 0x0000000100000000)
  region size 1024K, 57 young (58368K), 6 survivors (6144K)
 Metaspace       used 35074K, capacity 35966K, committed 36048K, reserved 1081344K
  class space    used 4567K, capacity 4921K, committed 4940K, reserved 1048576K
}
Event: 4.689 GC heap after
{Heap after GC invocations=8 (full 0):
 garbage-first heap   total 260096K, used 23444K [0x0000000080000000, 0x0000000100000000)
  region size 1024K, 9 young (9216K), 9 survivors (9216K)
 Metaspace       used 35074K, capacity 35966K, committed 36048K, reserved 1081344K
  class space    used 4567K, capacity 4921K, committed 4940K, reserved 1048576K
}
Event: 6.529 GC heap before
{Heap before GC invocations=9 (full 0):
 garbage-first heap   total 260096K, used 166804K [0x0000000080000000, 0x0000000100000000)
  region size 1024K, 146 young (149504K), 9 survivors (9216K)
 Metaspace       used 47057K, capacity 48319K, committed 48668K, reserved 1091584K
  class space    used 5999K, capacity 6422K, committed 6552K, reserved 1048576K
}
Event: 6.547 GC heap after
{Heap after GC invocations=10 (full 0):
 garbage-first heap   total 260096K, used 32386K [0x0000000080000000, 0x0000000100000000)
  region size 1024K, 18 young (18432K), 18 survivors (18432K)
 Metaspace       used 47057K, capacity 48319K, committed 48668K, reserved 1091584K
  class space    used 5999K, capacity 6422K, committed 6552K, reserved 1048576K
}
Event: 8.555 GC heap before
{Heap before GC invocations=11 (full 0):
 garbage-first heap   total 260096K, used 173698K [0x0000000080000000, 0x0000000100000000)
  region size 1024K, 152 young (155648K), 18 survivors (18432K)
 Metaspace       used 59423K, capacity 61009K, committed 61212K, reserved 1101824K
  class space    used 7488K, capacity 8054K, committed 8088K, reserved 1048576K
}
Event: 8.575 GC heap after
{Heap after GC invocations=12 (full 0):
 garbage-first heap   total 260096K, used 46981K [0x0000000080000000, 0x0000000100000000)
  region size 1024K, 19 young (19456K), 19 survivors (19456K)
 Metaspace       used 59423K, capacity 61009K, committed 61212K, reserved 1101824K
  class space    used 7488K, capacity 8054K, committed 8088K, reserved 1048576K
}
Event: 10.031 GC heap before
{Heap before GC invocations=12 (full 0):
 garbage-first heap   total 260096K, used 190341K [0x0000000080000000, 0x0000000100000000)
  region size 1024K, 152 young (155648K), 19 survivors (19456K)
 Metaspace       used 68782K, capacity 70558K, committed 70684K, reserved 1110016K
  class space    used 8670K, capacity 9296K, committed 9368K, reserved 1048576K
}
Event: 10.052 GC heap after
{Heap after GC invocations=13 (full 0):
 garbage-first heap   total 260096K, used 59296K [0x0000000080000000, 0x0000000100000000)
  region size 1024K, 12 young (12288K), 12 survivors (12288K)
 Metaspace       used 68782K, capacity 70558K, committed 70684K, reserved 1110016K
  class space    used 8670K, capacity 9296K, committed 9368K, reserved 1048576K
}
Event: 11.593 GC heap before
{Heap before GC invocations=13 (full 0):
 garbage-first heap   total 260096K, used 167840K [0x0000000080000000, 0x0000000100000000)
  region size 1024K, 119 young (121856K), 12 survivors (12288K)
 Metaspace       used 79115K, capacity 81008K, committed 81116K, reserved 1120256K
  class space    used 10283K, capacity 10968K, committed 11032K, reserved 1048576K
}
Event: 11.624 GC heap after
{Heap after GC invocations=14 (full 0):
 garbage-first heap   total 260096K, used 65536K [0x0000000080000000, 0x0000000100000000)
  region size 1024K, 7 young (7168K), 7 survivors (7168K)
 Metaspace       used 79115K, capacity 81008K, committed 81116K, reserved 1120256K
  class space    used 10283K, capacity 10968K, committed 11032K, reserved 1048576K
}
Event: 28.151 GC heap before
{Heap before GC invocations=15 (full 0):
 garbage-first heap   total 260096K, used 200704K [0x0000000080000000, 0x0000000100000000)
  region size 1024K, 140 young (143360K), 7 survivors (7168K)
 Metaspace       used 86298K, capacity 88676K, committed 88936K, reserved 1126400K
  class space    used 11154K, capacity 11984K, committed 12004K, reserved 1048576K
}
Event: 28.188 GC heap after
{Heap after GC invocations=16 (full 0):
 garbage-first heap   total 312320K, used 80384K [0x0000000080000000, 0x0000000100000000)
  region size 1024K, 18 young (18432K), 18 survivors (18432K)
 Metaspace       used 86298K, capacity 88676K, committed 88936K, reserved 1126400K
  class space    used 11154K, capacity 11984K, committed 12004K, reserved 1048576K
}
Event: 30.283 GC heap before
{Heap before GC invocations=17 (full 0):
 garbage-first heap   total 312320K, used 231936K [0x0000000080000000, 0x0000000100000000)
  region size 1024K, 167 young (171008K), 18 survivors (18432K)
 Metaspace       used 87780K, capacity 90188K, committed 90344K, reserved 1128448K
  class space    used 11230K, capacity 12062K, committed 12132K, reserved 1048576K
}
Event: 30.314 GC heap after
{Heap after GC invocations=18 (full 0):
 garbage-first heap   total 312320K, used 93402K [0x0000000080000000, 0x0000000100000000)
  region size 1024K, 13 young (13312K), 13 survivors (13312K)
 Metaspace       used 87780K, capacity 90188K, committed 90344K, reserved 1128448K
  class space    used 11230K, capacity 12062K, committed 12132K, reserved 1048576K
}

