# JRE version: OpenJDK Runtime Environment (11.0.15) (build 11.0.15+0-b2043.56-9505619)
# Java VM: OpenJDK 64-Bit Server VM (11.0.15+0-b2043.56-9505619, mixed mode, tiered, compressed oops, g1 gc, windows-amd64)
Heap:
 garbage-first heap   total 260096K, used 208697K [0x0000000080000000, 0x0000000100000000)
  region size 1024K, 6 young (6144K), 3 survivors (3072K)
 Metaspace       used 107666K, capacity 110848K, committed 111024K, reserved 1146880K
  class space    used 13384K, capacity 14484K, committed 14592K, reserved 1048576K
GC Heap History (20 events):
Event: 151.790 GC heap before
{Heap before GC invocations=38 (full 0):
 garbage-first heap   total 260096K, used 225113K [0x0000000080000000, 0x0000000100000000)
  region size 1024K, 35 young (35840K), 5 survivors (5120K)
 Metaspace       used 106546K, capacity 109706K, committed 109872K, reserved 1144832K
  class space    used 13290K, capacity 14377K, committed 14464K, reserved 1048576K
}
Event: 151.798 GC heap after
{Heap after GC invocations=39 (full 0):
 garbage-first heap   total 260096K, used 198134K [0x0000000080000000, 0x0000000100000000)
  region size 1024K, 4 young (4096K), 4 survivors (4096K)
 Metaspace       used 106546K, capacity 109706K, committed 109872K, reserved 1144832K
  class space    used 13290K, capacity 14377K, committed 14464K, reserved 1048576K
}
Event: 152.278 GC heap before
{Heap before GC invocations=40 (full 0):
 garbage-first heap   total 260096K, used 223734K [0x0000000080000000, 0x0000000100000000)
  region size 1024K, 30 young (30720K), 4 survivors (4096K)
 Metaspace       used 106723K, capacity 109793K, committed 110128K, reserved 1144832K
  class space    used 13295K, capacity 14379K, committed 14464K, reserved 1048576K
}
Event: 152.288 GC heap after
{Heap after GC invocations=41 (full 0):
 garbage-first heap   total 260096K, used 201126K [0x0000000080000000, 0x0000000100000000)
  region size 1024K, 3 young (3072K), 3 survivors (3072K)
 Metaspace       used 106723K, capacity 109793K, committed 110128K, reserved 1144832K
  class space    used 13295K, capacity 14379K, committed 14464K, reserved 1048576K
}
Event: 152.441 GC heap before
{Heap before GC invocations=41 (full 0):
 garbage-first heap   total 260096K, used 210342K [0x0000000080000000, 0x0000000100000000)
  region size 1024K, 12 young (12288K), 3 survivors (3072K)
 Metaspace       used 106884K, capacity 110000K, committed 110128K, reserved 1144832K
  class space    used 13323K, capacity 14424K, committed 14464K, reserved 1048576K
}
Event: 152.454 GC heap after
{Heap after GC invocations=42 (full 0):
 garbage-first heap   total 260096K, used 199471K [0x0000000080000000, 0x0000000100000000)
  region size 1024K, 1 young (1024K), 1 survivors (1024K)
 Metaspace       used 106884K, capacity 110000K, committed 110128K, reserved 1144832K
  class space    used 13323K, capacity 14424K, committed 14464K, reserved 1048576K
}
Event: 152.767 GC heap before
{Heap before GC invocations=42 (full 0):
 garbage-first heap   total 260096K, used 224047K [0x0000000080000000, 0x0000000100000000)
  region size 1024K, 26 young (26624K), 1 survivors (1024K)
 Metaspace       used 107114K, capacity 110287K, committed 110384K, reserved 1144832K
  class space    used 13334K, capacity 14433K, committed 14464K, reserved 1048576K
}
Event: 152.773 GC heap after
{Heap after GC invocations=43 (full 0):
 garbage-first heap   total 260096K, used 202740K [0x0000000080000000, 0x0000000100000000)
  region size 1024K, 4 young (4096K), 4 survivors (4096K)
 Metaspace       used 107114K, capacity 110287K, committed 110384K, reserved 1144832K
  class space    used 13334K, capacity 14433K, committed 14464K, reserved 1048576K
}
Event: 153.183 GC heap before
{Heap before GC invocations=44 (full 0):
 garbage-first heap   total 260096K, used 224244K [0x0000000080000000, 0x0000000100000000)
  region size 1024K, 26 young (26624K), 4 survivors (4096K)
 Metaspace       used 107256K, capacity 110450K, committed 110640K, reserved 1144832K
  class space    used 13348K, capacity 14442K, committed 14464K, reserved 1048576K
}
Event: 153.190 GC heap after
{Heap after GC invocations=45 (full 0):
 garbage-first heap   total 260096K, used 204556K [0x0000000080000000, 0x0000000100000000)
  region size 1024K, 3 young (3072K), 3 survivors (3072K)
 Metaspace       used 107256K, capacity 110450K, committed 110640K, reserved 1144832K
  class space    used 13348K, capacity 14442K, committed 14464K, reserved 1048576K
}
Event: 153.288 GC heap before
{Heap before GC invocations=45 (full 0):
 garbage-first heap   total 260096K, used 212748K [0x0000000080000000, 0x0000000100000000)
  region size 1024K, 12 young (12288K), 3 survivors (3072K)
 Metaspace       used 107275K, capacity 110454K, committed 110640K, reserved 1144832K
  class space    used 13348K, capacity 14443K, committed 14464K, reserved 1048576K
}
Event: 153.296 GC heap after
{Heap after GC invocations=46 (full 0):
 garbage-first heap   total 260096K, used 202613K [0x0000000080000000, 0x0000000100000000)
  region size 1024K, 2 young (2048K), 2 survivors (2048K)
 Metaspace       used 107275K, capacity 110454K, committed 110640K, reserved 1144832K
  class space    used 13348K, capacity 14443K, committed 14464K, reserved 1048576K
}
Event: 153.573 GC heap before
{Heap before GC invocations=46 (full 0):
 garbage-first heap   total 260096K, used 223093K [0x0000000080000000, 0x0000000100000000)
  region size 1024K, 23 young (23552K), 2 survivors (2048K)
 Metaspace       used 107336K, capacity 110498K, committed 110768K, reserved 1144832K
  class space    used 13351K, capacity 14476K, committed 14592K, reserved 1048576K
}
Event: 153.580 GC heap after
{Heap after GC invocations=47 (full 0):
 garbage-first heap   total 260096K, used 204315K [0x0000000080000000, 0x0000000100000000)
  region size 1024K, 3 young (3072K), 3 survivors (3072K)
 Metaspace       used 107336K, capacity 110498K, committed 110768K, reserved 1144832K
  class space    used 13351K, capacity 14476K, committed 14592K, reserved 1048576K
}
Event: 153.900 GC heap before
{Heap before GC invocations=48 (full 0):
 garbage-first heap   total 260096K, used 224795K [0x0000000080000000, 0x0000000100000000)
  region size 1024K, 24 young (24576K), 3 survivors (3072K)
 Metaspace       used 107358K, capacity 110568K, committed 110768K, reserved 1144832K
  class space    used 13352K, capacity 14477K, committed 14592K, reserved 1048576K
}
Event: 153.908 GC heap after
{Heap after GC invocations=49 (full 0):
 garbage-first heap   total 260096K, used 205933K [0x0000000080000000, 0x0000000100000000)
  region size 1024K, 3 young (3072K), 3 survivors (3072K)
 Metaspace       used 107358K, capacity 110568K, committed 110768K, reserved 1144832K
  class space    used 13352K, capacity 14477K, committed 14592K, reserved 1048576K
}
Event: 153.975 GC heap before
{Heap before GC invocations=49 (full 0):
 garbage-first heap   total 260096K, used 214125K [0x0000000080000000, 0x0000000100000000)
  region size 1024K, 12 young (12288K), 3 survivors (3072K)
 Metaspace       used 107359K, capacity 110568K, committed 110768K, reserved 1144832K
  class space    used 13352K, capacity 14477K, committed 14592K, reserved 1048576K
}
Event: 153.980 GC heap after
{Heap after GC invocations=50 (full 0):
 garbage-first heap   total 260096K, used 205102K [0x0000000080000000, 0x0000000100000000)
  region size 1024K, 1 young (1024K), 1 survivors (1024K)
 Metaspace       used 107359K, capacity 110568K, committed 110768K, reserved 1144832K
  class space    used 13352K, capacity 14477K, committed 14592K, reserved 1048576K
}
Event: 154.199 GC heap before
{Heap before GC invocations=50 (full 0):
 garbage-first heap   total 260096K, used 224558K [0x0000000080000000, 0x0000000100000000)
  region size 1024K, 21 young (21504K), 1 survivors (1024K)
 Metaspace       used 107381K, capacity 110576K, committed 110768K, reserved 1144832K
  class space    used 13353K, capacity 14479K, committed 14592K, reserved 1048576K
}
Event: 154.205 GC heap after
{Heap after GC invocations=51 (full 0):
 garbage-first heap   total 260096K, used 206649K [0x0000000080000000, 0x0000000100000000)
  region size 1024K, 3 young (3072K), 3 survivors (3072K)
 Metaspace       used 107381K, capacity 110576K, committed 110768K, reserved 1144832K
  class space    used 13353K, capacity 14479K, committed 14592K, reserved 1048576K
}

