# JRE version: OpenJDK Runtime Environment (11.0.15) (build 11.0.15+0-b2043.56-9505619)
# Java VM: OpenJDK 64-Bit Server VM (11.0.15+0-b2043.56-9505619, mixed mode, tiered, compressed oops, g1 gc, windows-amd64)
Heap:
 garbage-first heap   total 312320K, used 180224K [0x0000000080000000, 0x0000000100000000)
  region size 1024K, 122 young (124928K), 8 survivors (8192K)
 Metaspace       used 85866K, capacity 88037K, committed 88244K, reserved 1126400K
  class space    used 11120K, capacity 11887K, committed 11904K, reserved 1048576K
GC Heap History (20 events):
Event: 0.680 GC heap before
{Heap before GC invocations=1 (full 0):
 garbage-first heap   total 260096K, used 19780K [0x0000000080000000, 0x0000000100000000)
  region size 1024K, 14 young (14336K), 2 survivors (2048K)
 Metaspace       used 9906K, capacity 10122K, committed 10368K, reserved 1058816K
  class space    used 1011K, capacity 1102K, committed 1152K, reserved 1048576K
}
Event: 0.683 GC heap after
{Heap after GC invocations=2 (full 0):
 garbage-first heap   total 260096K, used 9564K [0x0000000080000000, 0x0000000100000000)
  region size 1024K, 2 young (2048K), 2 survivors (2048K)
 Metaspace       used 9906K, capacity 10122K, committed 10368K, reserved 1058816K
  class space    used 1011K, capacity 1102K, committed 1152K, reserved 1048576K
}
Event: 1.232 GC heap before
{Heap before GC invocations=2 (full 0):
 garbage-first heap   total 260096K, used 51548K [0x0000000080000000, 0x0000000100000000)
  region size 1024K, 43 young (44032K), 2 survivors (2048K)
 Metaspace       used 11318K, capacity 11581K, committed 11904K, reserved 1060864K
  class space    used 1205K, capacity 1311K, committed 1408K, reserved 1048576K
}
Event: 1.235 GC heap after
{Heap after GC invocations=3 (full 0):
 garbage-first heap   total 260096K, used 14122K [0x0000000080000000, 0x0000000100000000)
  region size 1024K, 6 young (6144K), 6 survivors (6144K)
 Metaspace       used 11318K, capacity 11581K, committed 11904K, reserved 1060864K
  class space    used 1205K, capacity 1311K, committed 1408K, reserved 1048576K
}
Event: 1.974 GC heap before
{Heap before GC invocations=3 (full 0):
 garbage-first heap   total 260096K, used 68394K [0x0000000080000000, 0x0000000100000000)
  region size 1024K, 59 young (60416K), 6 survivors (6144K)
 Metaspace       used 20750K, capacity 21144K, committed 21296K, reserved 1069056K
  class space    used 2495K, capacity 2649K, committed 2688K, reserved 1048576K
}
Event: 1.979 GC heap after
{Heap after GC invocations=4 (full 0):
 garbage-first heap   total 260096K, used 17094K [0x0000000080000000, 0x0000000100000000)
  region size 1024K, 3 young (3072K), 3 survivors (3072K)
 Metaspace       used 20750K, capacity 21144K, committed 21296K, reserved 1069056K
  class space    used 2495K, capacity 2649K, committed 2688K, reserved 1048576K
}
Event: 1.990 GC heap before
{Heap before GC invocations=4 (full 0):
 garbage-first heap   total 260096K, used 18118K [0x0000000080000000, 0x0000000100000000)
  region size 1024K, 5 young (5120K), 3 survivors (3072K)
 Metaspace       used 20834K, capacity 21153K, committed 21296K, reserved 1069056K
  class space    used 2508K, capacity 2651K, committed 2688K, reserved 1048576K
}
Event: 1.994 GC heap after
{Heap after GC invocations=5 (full 0):
 garbage-first heap   total 260096K, used 17194K [0x0000000080000000, 0x0000000100000000)
  region size 1024K, 3 young (3072K), 3 survivors (3072K)
 Metaspace       used 20834K, capacity 21153K, committed 21296K, reserved 1069056K
  class space    used 2508K, capacity 2651K, committed 2688K, reserved 1048576K
}
Event: 2.544 GC heap before
{Heap before GC invocations=6 (full 0):
 garbage-first heap   total 260096K, used 75562K [0x0000000080000000, 0x0000000100000000)
  region size 1024K, 60 young (61440K), 3 survivors (3072K)
 Metaspace       used 27020K, capacity 27615K, committed 27824K, reserved 1073152K
  class space    used 3511K, capacity 3734K, committed 3840K, reserved 1048576K
}
Event: 2.551 GC heap after
{Heap after GC invocations=7 (full 0):
 garbage-first heap   total 260096K, used 19381K [0x0000000080000000, 0x0000000100000000)
  region size 1024K, 6 young (6144K), 6 survivors (6144K)
 Metaspace       used 27020K, capacity 27615K, committed 27824K, reserved 1073152K
  class space    used 3511K, capacity 3734K, committed 3840K, reserved 1048576K
}
Event: 3.229 GC heap before
{Heap before GC invocations=7 (full 0):
 garbage-first heap   total 260096K, used 81845K [0x0000000080000000, 0x0000000100000000)
  region size 1024K, 68 young (69632K), 6 survivors (6144K)
 Metaspace       used 34889K, capacity 35731K, committed 35888K, reserved 1081344K
  class space    used 4554K, capacity 4887K, committed 4992K, reserved 1048576K
}
Event: 3.241 GC heap after
{Heap after GC invocations=8 (full 0):
 garbage-first heap   total 260096K, used 22759K [0x0000000080000000, 0x0000000100000000)
  region size 1024K, 9 young (9216K), 9 survivors (9216K)
 Metaspace       used 34889K, capacity 35731K, committed 35888K, reserved 1081344K
  class space    used 4554K, capacity 4887K, committed 4992K, reserved 1048576K
}
Event: 4.883 GC heap before
{Heap before GC invocations=9 (full 0):
 garbage-first heap   total 260096K, used 172263K [0x0000000080000000, 0x0000000100000000)
  region size 1024K, 152 young (155648K), 9 survivors (9216K)
 Metaspace       used 47629K, capacity 48873K, committed 48944K, reserved 1091584K
  class space    used 6074K, capacity 6503K, committed 6528K, reserved 1048576K
}
Event: 4.902 GC heap after
{Heap after GC invocations=10 (full 0):
 garbage-first heap   total 260096K, used 31338K [0x0000000080000000, 0x0000000100000000)
  region size 1024K, 17 young (17408K), 17 survivors (17408K)
 Metaspace       used 47629K, capacity 48873K, committed 48944K, reserved 1091584K
  class space    used 6074K, capacity 6503K, committed 6528K, reserved 1048576K
}
Event: 6.407 GC heap before
{Heap before GC invocations=11 (full 0):
 garbage-first heap   total 260096K, used 173674K [0x0000000080000000, 0x0000000100000000)
  region size 1024K, 152 young (155648K), 17 survivors (17408K)
 Metaspace       used 60936K, capacity 62569K, committed 62768K, reserved 1103872K
  class space    used 7700K, capacity 8302K, committed 8320K, reserved 1048576K
}
Event: 6.428 GC heap after
{Heap after GC invocations=12 (full 0):
 garbage-first heap   total 260096K, used 46370K [0x0000000080000000, 0x0000000100000000)
  region size 1024K, 19 young (19456K), 19 survivors (19456K)
 Metaspace       used 60936K, capacity 62569K, committed 62768K, reserved 1103872K
  class space    used 7700K, capacity 8302K, committed 8320K, reserved 1048576K
}
Event: 7.552 GC heap before
{Heap before GC invocations=12 (full 0):
 garbage-first heap   total 260096K, used 189730K [0x0000000080000000, 0x0000000100000000)
  region size 1024K, 151 young (154624K), 19 survivors (19456K)
 Metaspace       used 69254K, capacity 71031K, committed 71344K, reserved 1112064K
  class space    used 8751K, capacity 9394K, committed 9472K, reserved 1048576K
}
Event: 7.572 GC heap after
{Heap after GC invocations=13 (full 0):
 garbage-first heap   total 260096K, used 57950K [0x0000000080000000, 0x0000000100000000)
  region size 1024K, 11 young (11264K), 11 survivors (11264K)
 Metaspace       used 69254K, capacity 71031K, committed 71344K, reserved 1112064K
  class space    used 8751K, capacity 9394K, committed 9472K, reserved 1048576K
}
Event: 8.853 GC heap before
{Heap before GC invocations=13 (full 0):
 garbage-first heap   total 260096K, used 165470K [0x0000000080000000, 0x0000000100000000)
  region size 1024K, 117 young (119808K), 11 survivors (11264K)
 Metaspace       used 79989K, capacity 81875K, committed 81968K, reserved 1120256K
  class space    used 10398K, capacity 11066K, committed 11136K, reserved 1048576K
}
Event: 8.873 GC heap after
{Heap after GC invocations=14 (full 0):
 garbage-first heap   total 312320K, used 65536K [0x0000000080000000, 0x0000000100000000)
  region size 1024K, 8 young (8192K), 8 survivors (8192K)
 Metaspace       used 79989K, capacity 81875K, committed 81968K, reserved 1120256K
  class space    used 10398K, capacity 11066K, committed 11136K, reserved 1048576K
}

