# JRE version: OpenJDK Runtime Environment (11.0.15) (build 11.0.15+0-b2043.56-9505619)
# Java VM: OpenJDK 64-Bit Server VM (11.0.15+0-b2043.56-9505619, mixed mode, tiered, compressed oops, g1 gc, windows-amd64)
Heap:
 garbage-first heap   total 376832K, used 164268K [0x0000000080000000, 0x0000000100000000)
  region size 1024K, 110 young (112640K), 17 survivors (17408K)
 Metaspace       used 90387K, capacity 92632K, committed 92836K, reserved 1130496K
  class space    used 11440K, capacity 12237K, committed 12276K, reserved 1048576K
GC Heap History (20 events):
Event: 0.633 GC heap before
{Heap before GC invocations=0 (full 0):
 garbage-first heap   total 260096K, used 16384K [0x0000000080000000, 0x0000000100000000)
  region size 1024K, 14 young (14336K), 0 survivors (0K)
 Metaspace       used 6749K, capacity 6989K, committed 7168K, reserved 1056768K
  class space    used 571K, capacity 650K, committed 768K, reserved 1048576K
}
Event: 0.681 GC heap after
{Heap after GC invocations=1 (full 0):
 garbage-first heap   total 260096K, used 4038K [0x0000000080000000, 0x0000000100000000)
  region size 1024K, 2 young (2048K), 2 survivors (2048K)
 Metaspace       used 6749K, capacity 6989K, committed 7168K, reserved 1056768K
  class space    used 571K, capacity 650K, committed 768K, reserved 1048576K
}
Event: 2.244 GC heap before
{Heap before GC invocations=1 (full 0):
 garbage-first heap   total 260096K, used 115654K [0x0000000080000000, 0x0000000100000000)
  region size 1024K, 108 young (110592K), 2 survivors (2048K)
 Metaspace       used 20790K, capacity 21187K, committed 21296K, reserved 1069056K
  class space    used 2520K, capacity 2685K, committed 2688K, reserved 1048576K
}
Event: 2.252 GC heap after
{Heap after GC invocations=2 (full 0):
 garbage-first heap   total 260096K, used 17189K [0x0000000080000000, 0x0000000100000000)
  region size 1024K, 12 young (12288K), 12 survivors (12288K)
 Metaspace       used 20790K, capacity 21187K, committed 21296K, reserved 1069056K
  class space    used 2520K, capacity 2685K, committed 2688K, reserved 1048576K
}
Event: 2.534 GC heap before
{Heap before GC invocations=3 (full 0):
 garbage-first heap   total 260096K, used 53029K [0x0000000080000000, 0x0000000100000000)
  region size 1024K, 47 young (48128K), 12 survivors (12288K)
 Metaspace       used 24369K, capacity 24970K, committed 25084K, reserved 1071104K
  class space    used 3102K, capacity 3316K, committed 3404K, reserved 1048576K
}
Event: 2.541 GC heap after
{Heap after GC invocations=4 (full 0):
 garbage-first heap   total 260096K, used 18570K [0x0000000080000000, 0x0000000100000000)
  region size 1024K, 2 young (2048K), 2 survivors (2048K)
 Metaspace       used 24369K, capacity 24970K, committed 25084K, reserved 1071104K
  class space    used 3102K, capacity 3316K, committed 3404K, reserved 1048576K
}
Event: 3.217 GC heap before
{Heap before GC invocations=4 (full 0):
 garbage-first heap   total 260096K, used 84106K [0x0000000080000000, 0x0000000100000000)
  region size 1024K, 66 young (67584K), 2 survivors (2048K)
 Metaspace       used 30738K, capacity 31517K, committed 31868K, reserved 1077248K
  class space    used 4102K, capacity 4420K, committed 4556K, reserved 1048576K
}
Event: 3.221 GC heap after
{Heap after GC invocations=5 (full 0):
 garbage-first heap   total 260096K, used 20481K [0x0000000080000000, 0x0000000100000000)
  region size 1024K, 4 young (4096K), 4 survivors (4096K)
 Metaspace       used 30738K, capacity 31517K, committed 31868K, reserved 1077248K
  class space    used 4102K, capacity 4420K, committed 4556K, reserved 1048576K
}
Event: 3.533 GC heap before
{Heap before GC invocations=5 (full 0):
 garbage-first heap   total 260096K, used 40961K [0x0000000080000000, 0x0000000100000000)
  region size 1024K, 25 young (25600K), 4 survivors (4096K)
 Metaspace       used 35056K, capacity 35953K, committed 36048K, reserved 1081344K
  class space    used 4564K, capacity 4921K, committed 4940K, reserved 1048576K
}
Event: 3.543 GC heap after
{Heap after GC invocations=6 (full 0):
 garbage-first heap   total 260096K, used 22630K [0x0000000080000000, 0x0000000100000000)
  region size 1024K, 6 young (6144K), 6 survivors (6144K)
 Metaspace       used 35056K, capacity 35953K, committed 36048K, reserved 1081344K
  class space    used 4564K, capacity 4921K, committed 4940K, reserved 1048576K
}
Event: 4.442 GC heap before
{Heap before GC invocations=7 (full 0):
 garbage-first heap   total 260096K, used 122982K [0x0000000080000000, 0x0000000100000000)
  region size 1024K, 102 young (104448K), 6 survivors (6144K)
 Metaspace       used 43352K, capacity 44487K, committed 44616K, reserved 1087488K
  class space    used 5560K, capacity 5962K, committed 6040K, reserved 1048576K
}
Event: 4.457 GC heap after
{Heap after GC invocations=8 (full 0):
 garbage-first heap   total 260096K, used 30150K [0x0000000080000000, 0x0000000100000000)
  region size 1024K, 13 young (13312K), 13 survivors (13312K)
 Metaspace       used 43352K, capacity 44487K, committed 44616K, reserved 1087488K
  class space    used 5560K, capacity 5962K, committed 6040K, reserved 1048576K
}
Event: 5.910 GC heap before
{Heap before GC invocations=9 (full 0):
 garbage-first heap   total 260096K, used 154054K [0x0000000080000000, 0x0000000100000000)
  region size 1024K, 129 young (132096K), 13 survivors (13312K)
 Metaspace       used 51579K, capacity 53095K, committed 53448K, reserved 1095680K
  class space    used 6540K, capacity 7091K, committed 7192K, reserved 1048576K
}
Event: 5.929 GC heap after
{Heap after GC invocations=10 (full 0):
 garbage-first heap   total 260096K, used 44151K [0x0000000080000000, 0x0000000100000000)
  region size 1024K, 17 young (17408K), 17 survivors (17408K)
 Metaspace       used 51579K, capacity 53095K, committed 53448K, reserved 1095680K
  class space    used 6540K, capacity 7091K, committed 7192K, reserved 1048576K
}
Event: 7.433 GC heap before
{Heap before GC invocations=10 (full 0):
 garbage-first heap   total 260096K, used 182391K [0x0000000080000000, 0x0000000100000000)
  region size 1024K, 145 young (148480K), 17 survivors (17408K)
 Metaspace       used 66267K, capacity 67868K, committed 68040K, reserved 1107968K
  class space    used 8327K, capacity 8923K, committed 8984K, reserved 1048576K
}
Event: 7.450 GC heap after
{Heap after GC invocations=11 (full 0):
 garbage-first heap   total 260096K, used 52938K [0x0000000080000000, 0x0000000100000000)
  region size 1024K, 9 young (9216K), 9 survivors (9216K)
 Metaspace       used 66267K, capacity 67868K, committed 68040K, reserved 1107968K
  class space    used 8327K, capacity 8923K, committed 8984K, reserved 1048576K
}
Event: 8.427 GC heap before
{Heap before GC invocations=11 (full 0):
 garbage-first heap   total 260096K, used 151242K [0x0000000080000000, 0x0000000100000000)
  region size 1024K, 105 young (107520K), 9 survivors (9216K)
 Metaspace       used 72932K, capacity 74700K, committed 74788K, reserved 1114112K
  class space    used 9369K, capacity 10012K, committed 10100K, reserved 1048576K
}
Event: 8.445 GC heap after
{Heap after GC invocations=12 (full 0):
 garbage-first heap   total 376832K, used 59555K [0x0000000080000000, 0x0000000100000000)
  region size 1024K, 15 young (15360K), 15 survivors (15360K)
 Metaspace       used 72932K, capacity 74700K, committed 74788K, reserved 1114112K
  class space    used 9369K, capacity 10012K, committed 10100K, reserved 1048576K
}
Event: 26.471 GC heap before
{Heap before GC invocations=13 (full 0):
 garbage-first heap   total 376832K, used 219299K [0x0000000080000000, 0x0000000100000000)
  region size 1024K, 171 young (175104K), 15 survivors (15360K)
 Metaspace       used 86075K, capacity 88368K, committed 88484K, reserved 1126400K
  class space    used 10903K, capacity 11699K, committed 11764K, reserved 1048576K
}
Event: 26.508 GC heap after
{Heap after GC invocations=14 (full 0):
 garbage-first heap   total 376832K, used 70060K [0x0000000080000000, 0x0000000100000000)
  region size 1024K, 17 young (17408K), 17 survivors (17408K)
 Metaspace       used 86075K, capacity 88368K, committed 88484K, reserved 1126400K
  class space    used 10903K, capacity 11699K, committed 11764K, reserved 1048576K
}

