# JRE version: OpenJDK Runtime Environment (11.0.15) (build 11.0.15+0-b2043.56-9505619)
# Java VM: OpenJDK 64-Bit Server VM (11.0.15+0-b2043.56-9505619, mixed mode, tiered, compressed oops, g1 gc, windows-amd64)
Heap:
 garbage-first heap   total 260096K, used 106311K [0x0000000080000000, 0x0000000100000000)
  region size 1024K, 46 young (47104K), 15 survivors (15360K)
 Metaspace       used 91173K, capacity 93515K, committed 93744K, reserved 1130496K
  class space    used 11786K, capacity 12619K, committed 12672K, reserved 1048576K
GC Heap History (20 events):
Event: 2.665 GC heap before
{Heap before GC invocations=4 (full 0):
 garbage-first heap   total 260096K, used 41378K [0x0000000080000000, 0x0000000100000000)
  region size 1024K, 28 young (28672K), 3 survivors (3072K)
 Metaspace       used 20787K, capacity 21187K, committed 21296K, reserved 1069056K
  class space    used 2524K, capacity 2685K, committed 2688K, reserved 1048576K
}
Event: 2.672 GC heap after
{Heap after GC invocations=5 (full 0):
 garbage-first heap   total 260096K, used 17598K [0x0000000080000000, 0x0000000100000000)
  region size 1024K, 4 young (4096K), 4 survivors (4096K)
 Metaspace       used 20787K, capacity 21187K, committed 21296K, reserved 1069056K
  class space    used 2524K, capacity 2685K, committed 2688K, reserved 1048576K
}
Event: 3.482 GC heap before
{Heap before GC invocations=6 (full 0):
 garbage-first heap   total 260096K, used 74942K [0x0000000080000000, 0x0000000100000000)
  region size 1024K, 61 young (62464K), 4 survivors (4096K)
 Metaspace       used 27045K, capacity 27675K, committed 27824K, reserved 1073152K
  class space    used 3514K, capacity 3734K, committed 3840K, reserved 1048576K
}
Event: 3.487 GC heap after
{Heap after GC invocations=7 (full 0):
 garbage-first heap   total 260096K, used 19873K [0x0000000080000000, 0x0000000100000000)
  region size 1024K, 6 young (6144K), 6 survivors (6144K)
 Metaspace       used 27045K, capacity 27675K, committed 27824K, reserved 1073152K
  class space    used 3514K, capacity 3734K, committed 3840K, reserved 1048576K
}
Event: 4.514 GC heap before
{Heap before GC invocations=7 (full 0):
 garbage-first heap   total 260096K, used 82337K [0x0000000080000000, 0x0000000100000000)
  region size 1024K, 68 young (69632K), 6 survivors (6144K)
 Metaspace       used 34914K, capacity 35724K, committed 35888K, reserved 1081344K
  class space    used 4552K, capacity 4885K, committed 4992K, reserved 1048576K
}
Event: 4.524 GC heap after
{Heap after GC invocations=8 (full 0):
 garbage-first heap   total 260096K, used 23122K [0x0000000080000000, 0x0000000100000000)
  region size 1024K, 9 young (9216K), 9 survivors (9216K)
 Metaspace       used 34914K, capacity 35724K, committed 35888K, reserved 1081344K
  class space    used 4552K, capacity 4885K, committed 4992K, reserved 1048576K
}
Event: 6.282 GC heap before
{Heap before GC invocations=9 (full 0):
 garbage-first heap   total 260096K, used 144978K [0x0000000080000000, 0x0000000100000000)
  region size 1024K, 125 young (128000K), 9 survivors (9216K)
 Metaspace       used 45504K, capacity 46726K, committed 46896K, reserved 1089536K
  class space    used 5777K, capacity 6193K, committed 6272K, reserved 1048576K
}
Event: 6.297 GC heap after
{Heap after GC invocations=10 (full 0):
 garbage-first heap   total 260096K, used 31266K [0x0000000080000000, 0x0000000100000000)
  region size 1024K, 15 young (15360K), 15 survivors (15360K)
 Metaspace       used 45504K, capacity 46726K, committed 46896K, reserved 1089536K
  class space    used 5777K, capacity 6193K, committed 6272K, reserved 1048576K
}
Event: 17.879 GC heap before
{Heap before GC invocations=10 (full 0):
 garbage-first heap   total 260096K, used 173602K [0x0000000080000000, 0x0000000100000000)
  region size 1024K, 150 young (153600K), 15 survivors (15360K)
 Metaspace       used 58437K, capacity 59929K, committed 60080K, reserved 1101824K
  class space    used 7398K, capacity 7931K, committed 7936K, reserved 1048576K
}
Event: 17.904 GC heap after
{Heap after GC invocations=11 (full 0):
 garbage-first heap   total 260096K, used 47048K [0x0000000080000000, 0x0000000100000000)
  region size 1024K, 19 young (19456K), 19 survivors (19456K)
 Metaspace       used 58437K, capacity 59929K, committed 60080K, reserved 1101824K
  class space    used 7398K, capacity 7931K, committed 7936K, reserved 1048576K
}
Event: 17.961 GC heap before
{Heap before GC invocations=11 (full 0):
 garbage-first heap   total 260096K, used 48072K [0x0000000080000000, 0x0000000100000000)
  region size 1024K, 21 young (21504K), 19 survivors (19456K)
 Metaspace       used 58650K, capacity 60089K, committed 60208K, reserved 1101824K
  class space    used 7413K, capacity 7963K, committed 8064K, reserved 1048576K
}
Event: 17.982 GC heap after
{Heap after GC invocations=12 (full 0):
 garbage-first heap   total 260096K, used 49455K [0x0000000080000000, 0x0000000100000000)
  region size 1024K, 2 young (2048K), 2 survivors (2048K)
 Metaspace       used 58650K, capacity 60089K, committed 60208K, reserved 1101824K
  class space    used 7413K, capacity 7963K, committed 8064K, reserved 1048576K
}
Event: 19.633 GC heap before
{Heap before GC invocations=13 (full 0):
 garbage-first heap   total 260096K, used 144687K [0x0000000080000000, 0x0000000100000000)
  region size 1024K, 88 young (90112K), 2 survivors (2048K)
 Metaspace       used 68697K, capacity 70409K, committed 70704K, reserved 1110016K
  class space    used 8668K, capacity 9260K, committed 9344K, reserved 1048576K
}
Event: 19.638 GC heap after
{Heap after GC invocations=14 (full 0):
 garbage-first heap   total 260096K, used 54063K [0x0000000080000000, 0x0000000100000000)
  region size 1024K, 6 young (6144K), 6 survivors (6144K)
 Metaspace       used 68697K, capacity 70409K, committed 70704K, reserved 1110016K
  class space    used 8668K, capacity 9260K, committed 9344K, reserved 1048576K
}
Event: 20.579 GC heap before
{Heap before GC invocations=14 (full 0):
 garbage-first heap   total 260096K, used 151343K [0x0000000080000000, 0x0000000100000000)
  region size 1024K, 100 young (102400K), 6 survivors (6144K)
 Metaspace       used 73302K, capacity 75158K, committed 75440K, reserved 1114112K
  class space    used 9254K, capacity 9930K, committed 9984K, reserved 1048576K
}
Event: 20.590 GC heap after
{Heap after GC invocations=15 (full 0):
 garbage-first heap   total 260096K, used 60207K [0x0000000080000000, 0x0000000100000000)
  region size 1024K, 12 young (12288K), 12 survivors (12288K)
 Metaspace       used 73302K, capacity 75158K, committed 75440K, reserved 1114112K
  class space    used 9254K, capacity 9930K, committed 9984K, reserved 1048576K
}
Event: 22.086 GC heap before
{Heap before GC invocations=15 (full 0):
 garbage-first heap   total 260096K, used 160559K [0x0000000080000000, 0x0000000100000000)
  region size 1024K, 110 young (112640K), 12 survivors (12288K)
 Metaspace       used 83038K, capacity 84929K, committed 85168K, reserved 1122304K
  class space    used 10737K, capacity 11426K, committed 11520K, reserved 1048576K
}
Event: 22.101 GC heap after
{Heap after GC invocations=16 (full 0):
 garbage-first heap   total 260096K, used 66300K [0x0000000080000000, 0x0000000100000000)
  region size 1024K, 13 young (13312K), 13 survivors (13312K)
 Metaspace       used 83038K, capacity 84929K, committed 85168K, reserved 1122304K
  class space    used 10737K, capacity 11426K, committed 11520K, reserved 1048576K
}
Event: 22.985 GC heap before
{Heap before GC invocations=16 (full 0):
 garbage-first heap   total 260096K, used 168700K [0x0000000080000000, 0x0000000100000000)
  region size 1024K, 114 young (116736K), 13 survivors (13312K)
 Metaspace       used 87873K, capacity 90064K, committed 90160K, reserved 1128448K
  class space    used 11344K, capacity 12119K, committed 12160K, reserved 1048576K
}
Event: 23.009 GC heap after
{Heap after GC invocations=17 (full 0):
 garbage-first heap   total 260096K, used 76615K [0x0000000080000000, 0x0000000100000000)
  region size 1024K, 15 young (15360K), 15 survivors (15360K)
 Metaspace       used 87873K, capacity 90064K, committed 90160K, reserved 1128448K
  class space    used 11344K, capacity 12119K, committed 12160K, reserved 1048576K
}

