# JRE version: OpenJDK Runtime Environment (11.0.15) (build 11.0.15+0-b2043.56-9505619)
# Java VM: OpenJDK 64-Bit Server VM (11.0.15+0-b2043.56-9505619, mixed mode, tiered, compressed oops, g1 gc, windows-amd64)
Heap:
 garbage-first heap   total 260096K, used 205513K [0x0000000080000000, 0x0000000100000000)
  region size 1024K, 8 young (8192K), 2 survivors (2048K)
 Metaspace       used 113425K, capacity 116537K, committed 116720K, reserved 1150976K
  class space    used 14069K, capacity 15160K, committed 15256K, reserved 1048576K
GC Heap History (20 events):
Event: 33.237 GC heap before
{Heap before GC invocations=27 (full 0):
 garbage-first heap   total 260096K, used 221875K [0x0000000080000000, 0x0000000100000000)
  region size 1024K, 44 young (45056K), 4 survivors (4096K)
 Metaspace       used 102894K, capacity 105700K, committed 106096K, reserved 1140736K
  class space    used 12997K, capacity 13993K, committed 14104K, reserved 1048576K
}
Event: 33.245 GC heap after
{Heap after GC invocations=28 (full 0):
 garbage-first heap   total 260096K, used 184227K [0x0000000080000000, 0x0000000100000000)
  region size 1024K, 5 young (5120K), 5 survivors (5120K)
 Metaspace       used 102894K, capacity 105700K, committed 106096K, reserved 1140736K
  class space    used 12997K, capacity 13993K, committed 14104K, reserved 1048576K
}
Event: 36.215 GC heap before
{Heap before GC invocations=28 (full 0):
 garbage-first heap   total 260096K, used 222115K [0x0000000080000000, 0x0000000100000000)
  region size 1024K, 43 young (44032K), 5 survivors (5120K)
 Metaspace       used 103538K, capacity 106490K, committed 106736K, reserved 1142784K
  class space    used 13047K, capacity 14091K, committed 14232K, reserved 1048576K
}
Event: 36.223 GC heap after
{Heap after GC invocations=29 (full 0):
 garbage-first heap   total 260096K, used 186742K [0x0000000080000000, 0x0000000100000000)
  region size 1024K, 6 young (6144K), 6 survivors (6144K)
 Metaspace       used 103538K, capacity 106490K, committed 106736K, reserved 1142784K
  class space    used 13047K, capacity 14091K, committed 14232K, reserved 1048576K
}
Event: 41.116 GC heap before
{Heap before GC invocations=30 (full 0):
 garbage-first heap   total 260096K, used 223606K [0x0000000080000000, 0x0000000100000000)
  region size 1024K, 42 young (43008K), 6 survivors (6144K)
 Metaspace       used 104741K, capacity 107553K, committed 107760K, reserved 1142784K
  class space    used 13153K, capacity 14164K, committed 14232K, reserved 1048576K
}
Event: 41.123 GC heap after
{Heap after GC invocations=31 (full 0):
 garbage-first heap   total 260096K, used 187895K [0x0000000080000000, 0x0000000100000000)
  region size 1024K, 2 young (2048K), 2 survivors (2048K)
 Metaspace       used 104741K, capacity 107553K, committed 107760K, reserved 1142784K
  class space    used 13153K, capacity 14164K, committed 14232K, reserved 1048576K
}
Event: 41.770 GC heap before
{Heap before GC invocations=31 (full 0):
 garbage-first heap   total 260096K, used 223735K [0x0000000080000000, 0x0000000100000000)
  region size 1024K, 38 young (38912K), 2 survivors (2048K)
 Metaspace       used 105810K, capacity 108521K, committed 108656K, reserved 1144832K
  class space    used 13298K, capacity 14293K, committed 14360K, reserved 1048576K
}
Event: 41.774 GC heap after
{Heap after GC invocations=32 (full 0):
 garbage-first heap   total 260096K, used 189510K [0x0000000080000000, 0x0000000100000000)
  region size 1024K, 4 young (4096K), 4 survivors (4096K)
 Metaspace       used 105810K, capacity 108521K, committed 108656K, reserved 1144832K
  class space    used 13298K, capacity 14293K, committed 14360K, reserved 1048576K
}
Event: 42.183 GC heap before
{Heap before GC invocations=33 (full 0):
 garbage-first heap   total 260096K, used 225350K [0x0000000080000000, 0x0000000100000000)
  region size 1024K, 39 young (39936K), 4 survivors (4096K)
 Metaspace       used 107641K, capacity 110591K, committed 110704K, reserved 1144832K
  class space    used 13520K, capacity 14544K, committed 14616K, reserved 1048576K
}
Event: 42.189 GC heap after
{Heap after GC invocations=34 (full 0):
 garbage-first heap   total 260096K, used 190346K [0x0000000080000000, 0x0000000100000000)
  region size 1024K, 3 young (3072K), 3 survivors (3072K)
 Metaspace       used 107641K, capacity 110591K, committed 110704K, reserved 1144832K
  class space    used 13520K, capacity 14544K, committed 14616K, reserved 1048576K
}
Event: 53.092 GC heap before
{Heap before GC invocations=34 (full 0):
 garbage-first heap   total 260096K, used 225162K [0x0000000080000000, 0x0000000100000000)
  region size 1024K, 38 young (38912K), 3 survivors (3072K)
 Metaspace       used 110978K, capacity 114059K, committed 114288K, reserved 1148928K
  class space    used 13778K, capacity 14860K, committed 14872K, reserved 1048576K
}
Event: 53.102 GC heap after
{Heap after GC invocations=35 (full 0):
 garbage-first heap   total 260096K, used 192421K [0x0000000080000000, 0x0000000100000000)
  region size 1024K, 3 young (3072K), 3 survivors (3072K)
 Metaspace       used 110978K, capacity 114059K, committed 114288K, reserved 1148928K
  class space    used 13778K, capacity 14860K, committed 14872K, reserved 1048576K
}
Event: 53.932 GC heap before
{Heap before GC invocations=36 (full 0):
 garbage-first heap   total 260096K, used 227237K [0x0000000080000000, 0x0000000100000000)
  region size 1024K, 37 young (37888K), 3 survivors (3072K)
 Metaspace       used 112441K, capacity 115501K, committed 115824K, reserved 1150976K
  class space    used 13927K, capacity 15006K, committed 15128K, reserved 1048576K
}
Event: 53.944 GC heap after
{Heap after GC invocations=37 (full 0):
 garbage-first heap   total 260096K, used 196338K [0x0000000080000000, 0x0000000100000000)
  region size 1024K, 5 young (5120K), 5 survivors (5120K)
 Metaspace       used 112441K, capacity 115501K, committed 115824K, reserved 1150976K
  class space    used 13927K, capacity 15006K, committed 15128K, reserved 1048576K
}
Event: 54.220 GC heap before
{Heap before GC invocations=37 (full 0):
 garbage-first heap   total 260096K, used 226034K [0x0000000080000000, 0x0000000100000000)
  region size 1024K, 34 young (34816K), 5 survivors (5120K)
 Metaspace       used 112636K, capacity 115749K, committed 116080K, reserved 1150976K
  class space    used 13946K, capacity 15043K, committed 15128K, reserved 1048576K
}
Event: 54.241 GC heap after
{Heap after GC invocations=38 (full 0):
 garbage-first heap   total 260096K, used 200992K [0x0000000080000000, 0x0000000100000000)
  region size 1024K, 5 young (5120K), 5 survivors (5120K)
 Metaspace       used 112636K, capacity 115749K, committed 116080K, reserved 1150976K
  class space    used 13946K, capacity 15043K, committed 15128K, reserved 1048576K
}
Event: 64.731 GC heap before
{Heap before GC invocations=39 (full 0):
 garbage-first heap   total 260096K, used 225568K [0x0000000080000000, 0x0000000100000000)
  region size 1024K, 29 young (29696K), 5 survivors (5120K)
 Metaspace       used 113099K, capacity 116199K, committed 116464K, reserved 1150976K
  class space    used 14021K, capacity 15134K, committed 15256K, reserved 1048576K
}
Event: 64.738 GC heap after
{Heap after GC invocations=40 (full 0):
 garbage-first heap   total 260096K, used 204402K [0x0000000080000000, 0x0000000100000000)
  region size 1024K, 4 young (4096K), 4 survivors (4096K)
 Metaspace       used 113099K, capacity 116199K, committed 116464K, reserved 1150976K
  class space    used 14021K, capacity 15134K, committed 15256K, reserved 1048576K
}
Event: 64.975 GC heap before
{Heap before GC invocations=40 (full 0):
 garbage-first heap   total 260096K, used 211570K [0x0000000080000000, 0x0000000100000000)
  region size 1024K, 12 young (12288K), 4 survivors (4096K)
 Metaspace       used 113394K, capacity 116536K, committed 116720K, reserved 1150976K
  class space    used 14067K, capacity 15160K, committed 15256K, reserved 1048576K
}
Event: 64.991 GC heap after
{Heap after GC invocations=41 (full 0):
 garbage-first heap   total 260096K, used 200393K [0x0000000080000000, 0x0000000100000000)
  region size 1024K, 2 young (2048K), 2 survivors (2048K)
 Metaspace       used 113394K, capacity 116536K, committed 116720K, reserved 1150976K
  class space    used 14067K, capacity 15160K, committed 15256K, reserved 1048576K
}

