# JRE version: OpenJDK Runtime Environment (11.0.15) (build 11.0.15+0-b2043.56-9505619)
# Java VM: OpenJDK 64-Bit Server VM (11.0.15+0-b2043.56-9505619, mixed mode, tiered, compressed oops, g1 gc, windows-amd64)
Heap:
 garbage-first heap   total 260096K, used 213479K [0x0000000080000000, 0x0000000100000000)
  region size 1024K, 17 young (17408K), 1 survivors (1024K)
 Metaspace       used 112239K, capacity 115411K, committed 115696K, reserved 1150976K
  class space    used 14024K, capacity 15154K, committed 15256K, reserved 1048576K
GC Heap History (20 events):
Event: 18.022 GC heap before
{Heap before GC invocations=27 (full 0):
 garbage-first heap   total 260096K, used 220647K [0x0000000080000000, 0x0000000100000000)
  region size 1024K, 54 young (55296K), 7 survivors (7168K)
 Metaspace       used 101025K, capacity 103932K, committed 104176K, reserved 1140736K
  class space    used 12929K, capacity 13933K, committed 13976K, reserved 1048576K
}
Event: 18.036 GC heap after
{Heap after GC invocations=28 (full 0):
 garbage-first heap   total 260096K, used 178961K [0x0000000080000000, 0x0000000100000000)
  region size 1024K, 7 young (7168K), 7 survivors (7168K)
 Metaspace       used 101025K, capacity 103932K, committed 104176K, reserved 1140736K
  class space    used 12929K, capacity 13933K, committed 13976K, reserved 1048576K
}
Event: 18.697 GC heap before
{Heap before GC invocations=28 (full 0):
 garbage-first heap   total 260096K, used 220945K [0x0000000080000000, 0x0000000100000000)
  region size 1024K, 49 young (50176K), 7 survivors (7168K)
 Metaspace       used 101842K, capacity 104744K, committed 105072K, reserved 1140736K
  class space    used 12971K, capacity 13969K, committed 14104K, reserved 1048576K
}
Event: 18.712 GC heap after
{Heap after GC invocations=29 (full 0):
 garbage-first heap   total 260096K, used 183281K [0x0000000080000000, 0x0000000100000000)
  region size 1024K, 5 young (5120K), 5 survivors (5120K)
 Metaspace       used 101842K, capacity 104744K, committed 105072K, reserved 1140736K
  class space    used 12971K, capacity 13969K, committed 14104K, reserved 1048576K
}
Event: 19.364 GC heap before
{Heap before GC invocations=30 (full 0):
 garbage-first heap   total 260096K, used 222193K [0x0000000080000000, 0x0000000100000000)
  region size 1024K, 43 young (44032K), 5 survivors (5120K)
 Metaspace       used 102839K, capacity 105725K, committed 105840K, reserved 1140736K
  class space    used 13065K, capacity 14068K, committed 14104K, reserved 1048576K
}
Event: 19.375 GC heap after
{Heap after GC invocations=31 (full 0):
 garbage-first heap   total 260096K, used 185639K [0x0000000080000000, 0x0000000100000000)
  region size 1024K, 3 young (3072K), 3 survivors (3072K)
 Metaspace       used 102839K, capacity 105725K, committed 105840K, reserved 1140736K
  class space    used 13065K, capacity 14068K, committed 14104K, reserved 1048576K
}
Event: 19.738 GC heap before
{Heap before GC invocations=31 (full 0):
 garbage-first heap   total 260096K, used 222503K [0x0000000080000000, 0x0000000100000000)
  region size 1024K, 40 young (40960K), 3 survivors (3072K)
 Metaspace       used 104152K, capacity 106993K, committed 107376K, reserved 1142784K
  class space    used 13226K, capacity 14232K, committed 14360K, reserved 1048576K
}
Event: 19.743 GC heap after
{Heap after GC invocations=32 (full 0):
 garbage-first heap   total 260096K, used 187907K [0x0000000080000000, 0x0000000100000000)
  region size 1024K, 5 young (5120K), 5 survivors (5120K)
 Metaspace       used 104152K, capacity 106993K, committed 107376K, reserved 1142784K
  class space    used 13226K, capacity 14232K, committed 14360K, reserved 1048576K
}
Event: 20.051 GC heap before
{Heap before GC invocations=33 (full 0):
 garbage-first heap   total 260096K, used 223747K [0x0000000080000000, 0x0000000100000000)
  region size 1024K, 40 young (40960K), 5 survivors (5120K)
 Metaspace       used 105731K, capacity 108658K, committed 108784K, reserved 1144832K
  class space    used 13425K, capacity 14455K, committed 14488K, reserved 1048576K
}
Event: 20.058 GC heap after
{Heap after GC invocations=34 (full 0):
 garbage-first heap   total 260096K, used 188505K [0x0000000080000000, 0x0000000100000000)
  region size 1024K, 4 young (4096K), 4 survivors (4096K)
 Metaspace       used 105731K, capacity 108658K, committed 108784K, reserved 1144832K
  class space    used 13425K, capacity 14455K, committed 14488K, reserved 1048576K
}
Event: 314.998 GC heap before
{Heap before GC invocations=34 (full 0):
 garbage-first heap   total 260096K, used 223321K [0x0000000080000000, 0x0000000100000000)
  region size 1024K, 39 young (39936K), 4 survivors (4096K)
 Metaspace       used 109372K, capacity 112331K, committed 112496K, reserved 1146880K
  class space    used 13689K, capacity 14745K, committed 14872K, reserved 1048576K
}
Event: 315.006 GC heap after
{Heap after GC invocations=35 (full 0):
 garbage-first heap   total 260096K, used 190183K [0x0000000080000000, 0x0000000100000000)
  region size 1024K, 3 young (3072K), 3 survivors (3072K)
 Metaspace       used 109372K, capacity 112331K, committed 112496K, reserved 1146880K
  class space    used 13689K, capacity 14745K, committed 14872K, reserved 1048576K
}
Event: 315.643 GC heap before
{Heap before GC invocations=36 (full 0):
 garbage-first heap   total 260096K, used 226023K [0x0000000080000000, 0x0000000100000000)
  region size 1024K, 38 young (38912K), 3 survivors (3072K)
 Metaspace       used 110746K, capacity 113871K, committed 114160K, reserved 1148928K
  class space    used 13840K, capacity 14926K, committed 15000K, reserved 1048576K
}
Event: 315.652 GC heap after
{Heap after GC invocations=37 (full 0):
 garbage-first heap   total 260096K, used 193937K [0x0000000080000000, 0x0000000100000000)
  region size 1024K, 5 young (5120K), 5 survivors (5120K)
 Metaspace       used 110746K, capacity 113871K, committed 114160K, reserved 1148928K
  class space    used 13840K, capacity 14926K, committed 15000K, reserved 1048576K
}
Event: 315.875 GC heap before
{Heap before GC invocations=37 (full 0):
 garbage-first heap   total 260096K, used 224657K [0x0000000080000000, 0x0000000100000000)
  region size 1024K, 35 young (35840K), 5 survivors (5120K)
 Metaspace       used 111228K, capacity 114375K, committed 114416K, reserved 1148928K
  class space    used 13886K, capacity 14963K, committed 15000K, reserved 1048576K
}
Event: 315.892 GC heap after
{Heap after GC invocations=38 (full 0):
 garbage-first heap   total 260096K, used 197695K [0x0000000080000000, 0x0000000100000000)
  region size 1024K, 4 young (4096K), 4 survivors (4096K)
 Metaspace       used 111228K, capacity 114375K, committed 114416K, reserved 1148928K
  class space    used 13886K, capacity 14963K, committed 15000K, reserved 1048576K
}
Event: 316.267 GC heap before
{Heap before GC invocations=39 (full 0):
 garbage-first heap   total 260096K, used 224319K [0x0000000080000000, 0x0000000100000000)
  region size 1024K, 30 young (30720K), 4 survivors (4096K)
 Metaspace       used 111385K, capacity 114464K, committed 114672K, reserved 1148928K
  class space    used 13900K, capacity 14968K, committed 15000K, reserved 1048576K
}
Event: 316.276 GC heap after
{Heap after GC invocations=40 (full 0):
 garbage-first heap   total 260096K, used 201859K [0x0000000080000000, 0x0000000100000000)
  region size 1024K, 4 young (4096K), 4 survivors (4096K)
 Metaspace       used 111385K, capacity 114464K, committed 114672K, reserved 1148928K
  class space    used 13900K, capacity 14968K, committed 15000K, reserved 1048576K
}
Event: 326.350 GC heap before
{Heap before GC invocations=40 (full 0):
 garbage-first heap   total 260096K, used 209027K [0x0000000080000000, 0x0000000100000000)
  region size 1024K, 12 young (12288K), 4 survivors (4096K)
 Metaspace       used 111935K, capacity 115162K, committed 115312K, reserved 1148928K
  class space    used 13995K, capacity 15101K, committed 15128K, reserved 1048576K
}
Event: 326.358 GC heap after
{Heap after GC invocations=41 (full 0):
 garbage-first heap   total 260096K, used 199143K [0x0000000080000000, 0x0000000100000000)
  region size 1024K, 1 young (1024K), 1 survivors (1024K)
 Metaspace       used 111935K, capacity 115162K, committed 115312K, reserved 1148928K
  class space    used 13995K, capacity 15101K, committed 15128K, reserved 1048576K
}

