# JRE version: OpenJDK Runtime Environment (11.0.15) (build 11.0.15+0-b2043.56-9505619)
# Java VM: OpenJDK 64-Bit Server VM (11.0.15+0-b2043.56-9505619, mixed mode, tiered, compressed oops, g1 gc, windows-amd64)
Heap:
 garbage-first heap   total 312320K, used 185957K [0x0000000080000000, 0x0000000100000000)
  region size 1024K, 114 young (116736K), 16 survivors (16384K)
 Metaspace       used 88506K, capacity 90864K, committed 91132K, reserved 1128448K
  class space    used 11293K, capacity 12142K, committed 12260K, reserved 1048576K
GC Heap History (20 events):
Event: 1.226 GC heap before
{Heap before GC invocations=2 (full 0):
 garbage-first heap   total 260096K, used 54318K [0x0000000080000000, 0x0000000100000000)
  region size 1024K, 45 young (46080K), 2 survivors (2048K)
 Metaspace       used 12286K, capacity 12587K, committed 12800K, reserved 1060864K
  class space    used 1326K, capacity 1413K, committed 1536K, reserved 1048576K
}
Event: 1.229 GC heap after
{Heap after GC invocations=3 (full 0):
 garbage-first heap   total 260096K, used 14487K [0x0000000080000000, 0x0000000100000000)
  region size 1024K, 6 young (6144K), 6 survivors (6144K)
 Metaspace       used 12286K, capacity 12587K, committed 12800K, reserved 1060864K
  class space    used 1326K, capacity 1413K, committed 1536K, reserved 1048576K
}
Event: 2.057 GC heap before
{Heap before GC invocations=3 (full 0):
 garbage-first heap   total 260096K, used 63639K [0x0000000080000000, 0x0000000100000000)
  region size 1024K, 55 young (56320K), 6 survivors (6144K)
 Metaspace       used 20767K, capacity 21187K, committed 21296K, reserved 1069056K
  class space    used 2520K, capacity 2685K, committed 2688K, reserved 1048576K
}
Event: 2.064 GC heap after
{Heap after GC invocations=4 (full 0):
 garbage-first heap   total 260096K, used 17526K [0x0000000080000000, 0x0000000100000000)
  region size 1024K, 3 young (3072K), 3 survivors (3072K)
 Metaspace       used 20767K, capacity 21187K, committed 21296K, reserved 1069056K
  class space    used 2520K, capacity 2685K, committed 2688K, reserved 1048576K
}
Event: 2.668 GC heap before
{Heap before GC invocations=5 (full 0):
 garbage-first heap   total 260096K, used 78966K [0x0000000080000000, 0x0000000100000000)
  region size 1024K, 63 young (64512K), 3 survivors (3072K)
 Metaspace       used 27184K, capacity 27771K, committed 28028K, reserved 1073152K
  class space    used 3537K, capacity 3766K, committed 3788K, reserved 1048576K
}
Event: 2.674 GC heap after
{Heap after GC invocations=6 (full 0):
 garbage-first heap   total 260096K, used 19588K [0x0000000080000000, 0x0000000100000000)
  region size 1024K, 5 young (5120K), 5 survivors (5120K)
 Metaspace       used 27184K, capacity 27771K, committed 28028K, reserved 1073152K
  class space    used 3537K, capacity 3766K, committed 3788K, reserved 1048576K
}
Event: 3.358 GC heap before
{Heap before GC invocations=6 (full 0):
 garbage-first heap   total 260096K, used 80004K [0x0000000080000000, 0x0000000100000000)
  region size 1024K, 65 young (66560K), 5 survivors (5120K)
 Metaspace       used 35076K, capacity 35953K, committed 36048K, reserved 1081344K
  class space    used 4566K, capacity 4921K, committed 4940K, reserved 1048576K
}
Event: 3.368 GC heap after
{Heap after GC invocations=7 (full 0):
 garbage-first heap   total 260096K, used 22711K [0x0000000080000000, 0x0000000100000000)
  region size 1024K, 8 young (8192K), 8 survivors (8192K)
 Metaspace       used 35076K, capacity 35953K, committed 36048K, reserved 1081344K
  class space    used 4566K, capacity 4921K, committed 4940K, reserved 1048576K
}
Event: 4.269 GC heap before
{Heap before GC invocations=8 (full 0):
 garbage-first heap   total 260096K, used 121015K [0x0000000080000000, 0x0000000100000000)
  region size 1024K, 102 young (104448K), 8 survivors (8192K)
 Metaspace       used 43135K, capacity 44316K, committed 44572K, reserved 1087488K
  class space    used 5528K, capacity 5926K, committed 6040K, reserved 1048576K
}
Event: 4.288 GC heap after
{Heap after GC invocations=9 (full 0):
 garbage-first heap   total 260096K, used 30204K [0x0000000080000000, 0x0000000100000000)
  region size 1024K, 13 young (13312K), 13 survivors (13312K)
 Metaspace       used 43135K, capacity 44316K, committed 44572K, reserved 1087488K
  class space    used 5528K, capacity 5926K, committed 6040K, reserved 1048576K
}
Event: 5.764 GC heap before
{Heap before GC invocations=10 (full 0):
 garbage-first heap   total 260096K, used 154108K [0x0000000080000000, 0x0000000100000000)
  region size 1024K, 129 young (132096K), 13 survivors (13312K)
 Metaspace       used 51246K, capacity 52769K, committed 52892K, reserved 1095680K
  class space    used 6518K, capacity 7069K, committed 7192K, reserved 1048576K
}
Event: 5.781 GC heap after
{Heap after GC invocations=11 (full 0):
 garbage-first heap   total 260096K, used 44031K [0x0000000080000000, 0x0000000100000000)
  region size 1024K, 17 young (17408K), 17 survivors (17408K)
 Metaspace       used 51246K, capacity 52769K, committed 52892K, reserved 1095680K
  class space    used 6518K, capacity 7069K, committed 7192K, reserved 1048576K
}
Event: 7.468 GC heap before
{Heap before GC invocations=11 (full 0):
 garbage-first heap   total 260096K, used 189439K [0x0000000080000000, 0x0000000100000000)
  region size 1024K, 152 young (155648K), 17 survivors (17408K)
 Metaspace       used 66663K, capacity 68324K, committed 68636K, reserved 1110016K
  class space    used 8386K, capacity 9007K, committed 9112K, reserved 1048576K
}
Event: 7.487 GC heap after
{Heap after GC invocations=12 (full 0):
 garbage-first heap   total 312320K, used 56319K [0x0000000080000000, 0x0000000100000000)
  region size 1024K, 11 young (11264K), 11 survivors (11264K)
 Metaspace       used 66663K, capacity 68324K, committed 68636K, reserved 1110016K
  class space    used 8386K, capacity 9007K, committed 9112K, reserved 1048576K
}
Event: 8.418 GC heap before
{Heap before GC invocations=12 (full 0):
 garbage-first heap   total 312320K, used 144383K [0x0000000080000000, 0x0000000100000000)
  region size 1024K, 98 young (100352K), 11 survivors (11264K)
 Metaspace       used 72473K, capacity 74210K, committed 74288K, reserved 1114112K
  class space    used 9336K, capacity 9959K, committed 10008K, reserved 1048576K
}
Event: 8.437 GC heap after
{Heap after GC invocations=13 (full 0):
 garbage-first heap   total 312320K, used 59903K [0x0000000080000000, 0x0000000100000000)
  region size 1024K, 15 young (15360K), 15 survivors (15360K)
 Metaspace       used 72473K, capacity 74210K, committed 74288K, reserved 1114112K
  class space    used 9336K, capacity 9959K, committed 10008K, reserved 1048576K
}
Event: 9.957 GC heap before
{Heap before GC invocations=14 (full 0):
 garbage-first heap   total 312320K, used 211455K [0x0000000080000000, 0x0000000100000000)
  region size 1024K, 163 young (166912K), 15 survivors (15360K)
 Metaspace       used 82162K, capacity 84168K, committed 84348K, reserved 1122304K
  class space    used 10634K, capacity 11313K, committed 11364K, reserved 1048576K
}
Event: 9.995 GC heap after
{Heap after GC invocations=15 (full 0):
 garbage-first heap   total 312320K, used 72899K [0x0000000080000000, 0x0000000100000000)
  region size 1024K, 19 young (19456K), 19 survivors (19456K)
 Metaspace       used 82162K, capacity 84168K, committed 84348K, reserved 1122304K
  class space    used 10634K, capacity 11313K, committed 11364K, reserved 1048576K
}
Event: 23.024 GC heap before
{Heap before GC invocations=16 (full 0):
 garbage-first heap   total 312320K, used 232643K [0x0000000080000000, 0x0000000100000000)
  region size 1024K, 176 young (180224K), 19 survivors (19456K)
 Metaspace       used 87183K, capacity 89614K, committed 89724K, reserved 1126400K
  class space    used 11202K, capacity 12048K, committed 12132K, reserved 1048576K
}
Event: 23.054 GC heap after
{Heap after GC invocations=17 (full 0):
 garbage-first heap   total 312320K, used 87653K [0x0000000080000000, 0x0000000100000000)
  region size 1024K, 16 young (16384K), 16 survivors (16384K)
 Metaspace       used 87183K, capacity 89614K, committed 89724K, reserved 1126400K
  class space    used 11202K, capacity 12048K, committed 12132K, reserved 1048576K
}

