# JRE version: OpenJDK Runtime Environment (11.0.15) (build 11.0.15+0-b2043.56-9505619)
# Java VM: OpenJDK 64-Bit Server VM (11.0.15+0-b2043.56-9505619, mixed mode, tiered, compressed oops, g1 gc, windows-amd64)
Heap:
 garbage-first heap   total 312320K, used 131306K [0x0000000080000000, 0x0000000100000000)
  region size 1024K, 75 young (76800K), 15 survivors (15360K)
 Metaspace       used 85884K, capacity 88146K, committed 88356K, reserved 1126400K
  class space    used 11124K, capacity 11923K, committed 12032K, reserved 1048576K
GC Heap History (20 events):
Event: 0.678 GC heap before
{Heap before GC invocations=1 (full 0):
 garbage-first heap   total 260096K, used 21898K [0x0000000080000000, 0x0000000100000000)
  region size 1024K, 16 young (16384K), 2 survivors (2048K)
 Metaspace       used 9989K, capacity 10246K, committed 10368K, reserved 1058816K
  class space    used 1016K, capacity 1102K, committed 1152K, reserved 1048576K
}
Event: 0.680 GC heap after
{Heap after GC invocations=2 (full 0):
 garbage-first heap   total 260096K, used 9448K [0x0000000080000000, 0x0000000100000000)
  region size 1024K, 2 young (2048K), 2 survivors (2048K)
 Metaspace       used 9989K, capacity 10246K, committed 10368K, reserved 1058816K
  class space    used 1016K, capacity 1102K, committed 1152K, reserved 1048576K
}
Event: 1.163 GC heap before
{Heap before GC invocations=2 (full 0):
 garbage-first heap   total 260096K, used 53480K [0x0000000080000000, 0x0000000100000000)
  region size 1024K, 44 young (45056K), 2 survivors (2048K)
 Metaspace       used 11642K, capacity 11932K, committed 12160K, reserved 1060864K
  class space    used 1260K, capacity 1344K, committed 1408K, reserved 1048576K
}
Event: 1.166 GC heap after
{Heap after GC invocations=3 (full 0):
 garbage-first heap   total 260096K, used 14444K [0x0000000080000000, 0x0000000100000000)
  region size 1024K, 6 young (6144K), 6 survivors (6144K)
 Metaspace       used 11642K, capacity 11932K, committed 12160K, reserved 1060864K
  class space    used 1260K, capacity 1344K, committed 1408K, reserved 1048576K
}
Event: 1.904 GC heap before
{Heap before GC invocations=3 (full 0):
 garbage-first heap   total 260096K, used 65644K [0x0000000080000000, 0x0000000100000000)
  region size 1024K, 57 young (58368K), 6 survivors (6144K)
 Metaspace       used 20817K, capacity 21149K, committed 21296K, reserved 1069056K
  class space    used 2505K, capacity 2651K, committed 2688K, reserved 1048576K
}
Event: 1.912 GC heap after
{Heap after GC invocations=4 (full 0):
 garbage-first heap   total 260096K, used 17119K [0x0000000080000000, 0x0000000100000000)
  region size 1024K, 3 young (3072K), 3 survivors (3072K)
 Metaspace       used 20817K, capacity 21149K, committed 21296K, reserved 1069056K
  class space    used 2505K, capacity 2651K, committed 2688K, reserved 1048576K
}
Event: 2.559 GC heap before
{Heap before GC invocations=5 (full 0):
 garbage-first heap   total 260096K, used 79583K [0x0000000080000000, 0x0000000100000000)
  region size 1024K, 64 young (65536K), 3 survivors (3072K)
 Metaspace       used 27237K, capacity 27902K, committed 28080K, reserved 1073152K
  class space    used 3544K, capacity 3767K, committed 3840K, reserved 1048576K
}
Event: 2.565 GC heap after
{Heap after GC invocations=6 (full 0):
 garbage-first heap   total 260096K, used 19380K [0x0000000080000000, 0x0000000100000000)
  region size 1024K, 6 young (6144K), 6 survivors (6144K)
 Metaspace       used 27237K, capacity 27902K, committed 28080K, reserved 1073152K
  class space    used 3544K, capacity 3767K, committed 3840K, reserved 1048576K
}
Event: 3.186 GC heap before
{Heap before GC invocations=6 (full 0):
 garbage-first heap   total 260096K, used 76724K [0x0000000080000000, 0x0000000100000000)
  region size 1024K, 63 young (64512K), 6 survivors (6144K)
 Metaspace       used 34914K, capacity 35729K, committed 35888K, reserved 1081344K
  class space    used 4554K, capacity 4889K, committed 4992K, reserved 1048576K
}
Event: 3.196 GC heap after
{Heap after GC invocations=7 (full 0):
 garbage-first heap   total 260096K, used 22762K [0x0000000080000000, 0x0000000100000000)
  region size 1024K, 9 young (9216K), 9 survivors (9216K)
 Metaspace       used 34914K, capacity 35729K, committed 35888K, reserved 1081344K
  class space    used 4554K, capacity 4889K, committed 4992K, reserved 1048576K
}
Event: 4.021 GC heap before
{Heap before GC invocations=8 (full 0):
 garbage-first heap   total 260096K, used 119018K [0x0000000080000000, 0x0000000100000000)
  region size 1024K, 100 young (102400K), 9 survivors (9216K)
 Metaspace       used 42811K, capacity 44018K, committed 44264K, reserved 1087488K
  class space    used 5471K, capacity 5891K, committed 6016K, reserved 1048576K
}
Event: 4.038 GC heap after
{Heap after GC invocations=9 (full 0):
 garbage-first heap   total 260096K, used 29970K [0x0000000080000000, 0x0000000100000000)
  region size 1024K, 13 young (13312K), 13 survivors (13312K)
 Metaspace       used 42811K, capacity 44018K, committed 44264K, reserved 1087488K
  class space    used 5471K, capacity 5891K, committed 6016K, reserved 1048576K
}
Event: 5.443 GC heap before
{Heap before GC invocations=10 (full 0):
 garbage-first heap   total 260096K, used 170258K [0x0000000080000000, 0x0000000100000000)
  region size 1024K, 145 young (148480K), 13 survivors (13312K)
 Metaspace       used 52858K, capacity 54356K, committed 54504K, reserved 1097728K
  class space    used 6722K, capacity 7256K, committed 7296K, reserved 1048576K
}
Event: 5.465 GC heap after
{Heap after GC invocations=11 (full 0):
 garbage-first heap   total 312320K, used 45236K [0x0000000080000000, 0x0000000100000000)
  region size 1024K, 19 young (19456K), 19 survivors (19456K)
 Metaspace       used 52858K, capacity 54356K, committed 54504K, reserved 1097728K
  class space    used 6722K, capacity 7256K, committed 7296K, reserved 1048576K
}
Event: 7.002 GC heap before
{Heap before GC invocations=11 (full 0):
 garbage-first heap   total 312320K, used 220340K [0x0000000080000000, 0x0000000100000000)
  region size 1024K, 183 young (187392K), 19 survivors (19456K)
 Metaspace       used 67315K, capacity 69083K, committed 69224K, reserved 1110016K
  class space    used 8497K, capacity 9132K, committed 9216K, reserved 1048576K
}
Event: 7.022 GC heap after
{Heap after GC invocations=12 (full 0):
 garbage-first heap   total 312320K, used 55942K [0x0000000080000000, 0x0000000100000000)
  region size 1024K, 22 young (22528K), 22 survivors (22528K)
 Metaspace       used 67315K, capacity 69083K, committed 69224K, reserved 1110016K
  class space    used 8497K, capacity 9132K, committed 9216K, reserved 1048576K
}
Event: 7.647 GC heap before
{Heap before GC invocations=12 (full 0):
 garbage-first heap   total 312320K, used 100998K [0x0000000080000000, 0x0000000100000000)
  region size 1024K, 67 young (68608K), 22 survivors (22528K)
 Metaspace       used 72232K, capacity 74025K, committed 74088K, reserved 1114112K
  class space    used 9305K, capacity 9942K, committed 9984K, reserved 1048576K
}
Event: 7.675 GC heap after
{Heap after GC invocations=13 (full 0):
 garbage-first heap   total 312320K, used 60206K [0x0000000080000000, 0x0000000100000000)
  region size 1024K, 15 young (15360K), 15 survivors (15360K)
 Metaspace       used 72232K, capacity 74025K, committed 74088K, reserved 1114112K
  class space    used 9305K, capacity 9942K, committed 9984K, reserved 1048576K
}
Event: 9.259 GC heap before
{Heap before GC invocations=14 (full 0):
 garbage-first heap   total 312320K, used 201518K [0x0000000080000000, 0x0000000100000000)
  region size 1024K, 153 young (156672K), 15 survivors (15360K)
 Metaspace       used 82119K, capacity 84166K, committed 84388K, reserved 1122304K
  class space    used 10632K, capacity 11312K, committed 11392K, reserved 1048576K
}
Event: 9.281 GC heap after
{Heap after GC invocations=15 (full 0):
 garbage-first heap   total 312320K, used 71914K [0x0000000080000000, 0x0000000100000000)
  region size 1024K, 15 young (15360K), 15 survivors (15360K)
 Metaspace       used 82119K, capacity 84166K, committed 84388K, reserved 1122304K
  class space    used 10632K, capacity 11312K, committed 11392K, reserved 1048576K
}

