# JRE version: OpenJDK Runtime Environment (11.0.15) (build 11.0.15+0-b2043.56-9505619)
# Java VM: OpenJDK 64-Bit Server VM (11.0.15+0-b2043.56-9505619, mixed mode, tiered, compressed oops, g1 gc, windows-amd64)
Heap:
 garbage-first heap   total 312320K, used 198091K [0x0000000080000000, 0x0000000100000000)
  region size 1024K, 144 young (147456K), 18 survivors (18432K)
 Metaspace       used 90408K, capacity 92714K, committed 93032K, reserved 1130496K
  class space    used 11443K, capacity 12239K, committed 12312K, reserved 1048576K
GC Heap History (20 events):
Event: 2.181 GC heap before
{Heap before GC invocations=1 (full 0):
 garbage-first heap   total 260096K, used 104291K [0x0000000080000000, 0x0000000100000000)
  region size 1024K, 96 young (98304K), 2 survivors (2048K)
 Metaspace       used 19933K, capacity 20310K, committed 20480K, reserved 1067008K
  class space    used 2371K, capacity 2519K, committed 2560K, reserved 1048576K
}
Event: 2.187 GC heap after
{Heap after GC invocations=2 (full 0):
 garbage-first heap   total 260096K, used 16523K [0x0000000080000000, 0x0000000100000000)
  region size 1024K, 12 young (12288K), 12 survivors (12288K)
 Metaspace       used 19933K, capacity 20310K, committed 20480K, reserved 1067008K
  class space    used 2371K, capacity 2519K, committed 2560K, reserved 1048576K
}
Event: 2.250 GC heap before
{Heap before GC invocations=2 (full 0):
 garbage-first heap   total 260096K, used 27787K [0x0000000080000000, 0x0000000100000000)
  region size 1024K, 24 young (24576K), 12 survivors (12288K)
 Metaspace       used 20757K, capacity 21195K, committed 21296K, reserved 1069056K
  class space    used 2519K, capacity 2685K, committed 2688K, reserved 1048576K
}
Event: 2.257 GC heap after
{Heap after GC invocations=3 (full 0):
 garbage-first heap   total 260096K, used 17762K [0x0000000080000000, 0x0000000100000000)
  region size 1024K, 1 young (1024K), 1 survivors (1024K)
 Metaspace       used 20757K, capacity 21195K, committed 21296K, reserved 1069056K
  class space    used 2519K, capacity 2685K, committed 2688K, reserved 1048576K
}
Event: 2.910 GC heap before
{Heap before GC invocations=4 (full 0):
 garbage-first heap   total 260096K, used 94562K [0x0000000080000000, 0x0000000100000000)
  region size 1024K, 76 young (77824K), 1 survivors (1024K)
 Metaspace       used 28403K, capacity 29069K, committed 29308K, reserved 1075200K
  class space    used 3737K, capacity 3984K, committed 4044K, reserved 1048576K
}
Event: 2.916 GC heap after
{Heap after GC invocations=5 (full 0):
 garbage-first heap   total 260096K, used 20006K [0x0000000080000000, 0x0000000100000000)
  region size 1024K, 3 young (3072K), 3 survivors (3072K)
 Metaspace       used 28403K, capacity 29069K, committed 29308K, reserved 1075200K
  class space    used 3737K, capacity 3984K, committed 4044K, reserved 1048576K
}
Event: 3.460 GC heap before
{Heap before GC invocations=5 (full 0):
 garbage-first heap   total 260096K, used 66086K [0x0000000080000000, 0x0000000100000000)
  region size 1024K, 49 young (50176K), 3 survivors (3072K)
 Metaspace       used 35063K, capacity 35962K, committed 36048K, reserved 1081344K
  class space    used 4564K, capacity 4921K, committed 4940K, reserved 1048576K
}
Event: 3.470 GC heap after
{Heap after GC invocations=6 (full 0):
 garbage-first heap   total 260096K, used 22809K [0x0000000080000000, 0x0000000100000000)
  region size 1024K, 6 young (6144K), 6 survivors (6144K)
 Metaspace       used 35063K, capacity 35962K, committed 36048K, reserved 1081344K
  class space    used 4564K, capacity 4921K, committed 4940K, reserved 1048576K
}
Event: 4.324 GC heap before
{Heap before GC invocations=7 (full 0):
 garbage-first heap   total 260096K, used 114969K [0x0000000080000000, 0x0000000100000000)
  region size 1024K, 94 young (96256K), 6 survivors (6144K)
 Metaspace       used 42607K, capacity 43802K, committed 43976K, reserved 1087488K
  class space    used 5435K, capacity 5859K, committed 5912K, reserved 1048576K
}
Event: 4.342 GC heap after
{Heap after GC invocations=8 (full 0):
 garbage-first heap   total 260096K, used 30168K [0x0000000080000000, 0x0000000100000000)
  region size 1024K, 12 young (12288K), 12 survivors (12288K)
 Metaspace       used 42607K, capacity 43802K, committed 43976K, reserved 1087488K
  class space    used 5435K, capacity 5859K, committed 5912K, reserved 1048576K
}
Event: 5.388 GC heap before
{Heap before GC invocations=9 (full 0):
 garbage-first heap   total 260096K, used 133592K [0x0000000080000000, 0x0000000100000000)
  region size 1024K, 112 young (114688K), 12 survivors (12288K)
 Metaspace       used 49591K, capacity 51032K, committed 51272K, reserved 1093632K
  class space    used 6298K, capacity 6782K, committed 6808K, reserved 1048576K
}
Event: 5.404 GC heap after
{Heap after GC invocations=10 (full 0):
 garbage-first heap   total 260096K, used 37147K [0x0000000080000000, 0x0000000100000000)
  region size 1024K, 13 young (13312K), 13 survivors (13312K)
 Metaspace       used 49591K, capacity 51032K, committed 51272K, reserved 1093632K
  class space    used 6298K, capacity 6782K, committed 6808K, reserved 1048576K
}
Event: 6.639 GC heap before
{Heap before GC invocations=10 (full 0):
 garbage-first heap   total 260096K, used 161051K [0x0000000080000000, 0x0000000100000000)
  region size 1024K, 124 young (126976K), 13 survivors (13312K)
 Metaspace       used 63077K, capacity 64718K, committed 64840K, reserved 1105920K
  class space    used 7938K, capacity 8564K, committed 8600K, reserved 1048576K
}
Event: 6.655 GC heap after
{Heap after GC invocations=11 (full 0):
 garbage-first heap   total 260096K, used 51132K [0x0000000080000000, 0x0000000100000000)
  region size 1024K, 16 young (16384K), 16 survivors (16384K)
 Metaspace       used 63077K, capacity 64718K, committed 64840K, reserved 1105920K
  class space    used 7938K, capacity 8564K, committed 8600K, reserved 1048576K
}
Event: 7.621 GC heap before
{Heap before GC invocations=11 (full 0):
 garbage-first heap   total 260096K, used 166844K [0x0000000080000000, 0x0000000100000000)
  region size 1024K, 129 young (132096K), 16 survivors (16384K)
 Metaspace       used 69895K, capacity 71652K, committed 72008K, reserved 1112064K
  class space    used 8827K, capacity 9490K, committed 9624K, reserved 1048576K
}
Event: 7.639 GC heap after
{Heap after GC invocations=12 (full 0):
 garbage-first heap   total 312320K, used 59701K [0x0000000080000000, 0x0000000100000000)
  region size 1024K, 8 young (8192K), 8 survivors (8192K)
 Metaspace       used 69895K, capacity 71652K, committed 72008K, reserved 1112064K
  class space    used 8827K, capacity 9490K, committed 9624K, reserved 1048576K
}
Event: 7.854 GC heap before
{Heap before GC invocations=12 (full 0):
 garbage-first heap   total 312320K, used 75061K [0x0000000080000000, 0x0000000100000000)
  region size 1024K, 24 young (24576K), 8 survivors (8192K)
 Metaspace       used 72042K, capacity 73790K, committed 73928K, reserved 1114112K
  class space    used 9255K, capacity 9882K, committed 10008K, reserved 1048576K
}
Event: 7.865 GC heap after
{Heap after GC invocations=13 (full 0):
 garbage-first heap   total 312320K, used 60585K [0x0000000080000000, 0x0000000100000000)
  region size 1024K, 9 young (9216K), 9 survivors (9216K)
 Metaspace       used 72042K, capacity 73790K, committed 73928K, reserved 1114112K
  class space    used 9255K, capacity 9882K, committed 10008K, reserved 1048576K
}
Event: 23.265 GC heap before
{Heap before GC invocations=14 (full 0):
 garbage-first heap   total 312320K, used 192681K [0x0000000080000000, 0x0000000100000000)
  region size 1024K, 139 young (142336K), 9 survivors (9216K)
 Metaspace       used 83208K, capacity 85364K, committed 85608K, reserved 1124352K
  class space    used 10475K, capacity 11215K, committed 11288K, reserved 1048576K
}
Event: 23.293 GC heap after
{Heap after GC invocations=15 (full 0):
 garbage-first heap   total 312320K, used 70091K [0x0000000080000000, 0x0000000100000000)
  region size 1024K, 18 young (18432K), 18 survivors (18432K)
 Metaspace       used 83208K, capacity 85364K, committed 85608K, reserved 1124352K
  class space    used 10475K, capacity 11215K, committed 11288K, reserved 1048576K
}

