# JRE version: OpenJDK Runtime Environment (11.0.15) (build 11.0.15+0-b2043.56-9505619)
# Java VM: OpenJDK 64-Bit Server VM (11.0.15+0-b2043.56-9505619, mixed mode, tiered, compressed oops, g1 gc, windows-amd64)
Heap:
 garbage-first heap   total 260096K, used 135834K [0x0000000080000000, 0x0000000100000000)
  region size 1024K, 81 young (82944K), 15 survivors (15360K)
 Metaspace       used 85950K, capacity 88207K, committed 88400K, reserved 1126400K
  class space    used 11128K, capacity 11921K, committed 12032K, reserved 1048576K
GC Heap History (20 events):
Event: 2.036 GC heap before
{Heap before GC invocations=1 (full 0):
 garbage-first heap   total 260096K, used 56132K [0x0000000080000000, 0x0000000100000000)
  region size 1024K, 49 young (50176K), 2 survivors (2048K)
 Metaspace       used 11042K, capacity 11389K, committed 11520K, reserved 1058816K
  class space    used 1137K, capacity 1247K, committed 1280K, reserved 1048576K
}
Event: 2.042 GC heap after
{Heap after GC invocations=2 (full 0):
 garbage-first heap   total 260096K, used 13535K [0x0000000080000000, 0x0000000100000000)
  region size 1024K, 7 young (7168K), 7 survivors (7168K)
 Metaspace       used 11042K, capacity 11389K, committed 11520K, reserved 1058816K
  class space    used 1137K, capacity 1247K, committed 1280K, reserved 1048576K
}
Event: 2.722 GC heap before
{Heap before GC invocations=2 (full 0):
 garbage-first heap   total 260096K, used 34015K [0x0000000080000000, 0x0000000100000000)
  region size 1024K, 27 young (27648K), 7 survivors (7168K)
 Metaspace       used 16231K, capacity 16579K, committed 16896K, reserved 1064960K
  class space    used 1824K, capacity 1933K, committed 2048K, reserved 1048576K
}
Event: 2.727 GC heap after
{Heap after GC invocations=3 (full 0):
 garbage-first heap   total 260096K, used 16048K [0x0000000080000000, 0x0000000100000000)
  region size 1024K, 2 young (2048K), 2 survivors (2048K)
 Metaspace       used 16231K, capacity 16579K, committed 16896K, reserved 1064960K
  class space    used 1824K, capacity 1933K, committed 2048K, reserved 1048576K
}
Event: 3.098 GC heap before
{Heap before GC invocations=3 (full 0):
 garbage-first heap   total 260096K, used 53936K [0x0000000080000000, 0x0000000100000000)
  region size 1024K, 40 young (40960K), 2 survivors (2048K)
 Metaspace       used 20834K, capacity 21153K, committed 21296K, reserved 1069056K
  class space    used 2504K, capacity 2651K, committed 2688K, reserved 1048576K
}
Event: 3.102 GC heap after
{Heap after GC invocations=4 (full 0):
 garbage-first heap   total 260096K, used 17356K [0x0000000080000000, 0x0000000100000000)
  region size 1024K, 4 young (4096K), 4 survivors (4096K)
 Metaspace       used 20834K, capacity 21153K, committed 21296K, reserved 1069056K
  class space    used 2504K, capacity 2651K, committed 2688K, reserved 1048576K
}
Event: 3.653 GC heap before
{Heap before GC invocations=5 (full 0):
 garbage-first heap   total 260096K, used 67532K [0x0000000080000000, 0x0000000100000000)
  region size 1024K, 53 young (54272K), 4 survivors (4096K)
 Metaspace       used 26246K, capacity 26885K, committed 27184K, reserved 1073152K
  class space    used 3373K, capacity 3613K, committed 3712K, reserved 1048576K
}
Event: 3.658 GC heap after
{Heap after GC invocations=6 (full 0):
 garbage-first heap   total 260096K, used 19120K [0x0000000080000000, 0x0000000100000000)
  region size 1024K, 5 young (5120K), 5 survivors (5120K)
 Metaspace       used 26246K, capacity 26885K, committed 27184K, reserved 1073152K
  class space    used 3373K, capacity 3613K, committed 3712K, reserved 1048576K
}
Event: 4.574 GC heap before
{Heap before GC invocations=6 (full 0):
 garbage-first heap   total 260096K, used 91824K [0x0000000080000000, 0x0000000100000000)
  region size 1024K, 77 young (78848K), 5 survivors (5120K)
 Metaspace       used 34927K, capacity 35730K, committed 35888K, reserved 1081344K
  class space    used 4553K, capacity 4887K, committed 4992K, reserved 1048576K
}
Event: 4.583 GC heap after
{Heap after GC invocations=7 (full 0):
 garbage-first heap   total 260096K, used 23079K [0x0000000080000000, 0x0000000100000000)
  region size 1024K, 9 young (9216K), 9 survivors (9216K)
 Metaspace       used 34927K, capacity 35730K, committed 35888K, reserved 1081344K
  class space    used 4553K, capacity 4887K, committed 4992K, reserved 1048576K
}
Event: 5.874 GC heap before
{Heap before GC invocations=8 (full 0):
 garbage-first heap   total 260096K, used 121383K [0x0000000080000000, 0x0000000100000000)
  region size 1024K, 103 young (105472K), 9 survivors (9216K)
 Metaspace       used 43182K, capacity 44319K, committed 44592K, reserved 1087488K
  class space    used 5529K, capacity 5926K, committed 6016K, reserved 1048576K
}
Event: 5.891 GC heap after
{Heap after GC invocations=9 (full 0):
 garbage-first heap   total 260096K, used 30168K [0x0000000080000000, 0x0000000100000000)
  region size 1024K, 13 young (13312K), 13 survivors (13312K)
 Metaspace       used 43182K, capacity 44319K, committed 44592K, reserved 1087488K
  class space    used 5529K, capacity 5926K, committed 6016K, reserved 1048576K
}
Event: 7.651 GC heap before
{Heap before GC invocations=10 (full 0):
 garbage-first heap   total 260096K, used 173528K [0x0000000080000000, 0x0000000100000000)
  region size 1024K, 148 young (151552K), 13 survivors (13312K)
 Metaspace       used 53754K, capacity 55325K, committed 55472K, reserved 1097728K
  class space    used 6827K, capacity 7362K, committed 7424K, reserved 1048576K
}
Event: 7.669 GC heap after
{Heap after GC invocations=11 (full 0):
 garbage-first heap   total 260096K, used 45820K [0x0000000080000000, 0x0000000100000000)
  region size 1024K, 18 young (18432K), 18 survivors (18432K)
 Metaspace       used 53754K, capacity 55325K, committed 55472K, reserved 1097728K
  class space    used 6827K, capacity 7362K, committed 7424K, reserved 1048576K
}
Event: 9.102 GC heap before
{Heap before GC invocations=11 (full 0):
 garbage-first heap   total 260096K, used 191228K [0x0000000080000000, 0x0000000100000000)
  region size 1024K, 152 young (155648K), 18 survivors (18432K)
 Metaspace       used 67419K, capacity 69065K, committed 69296K, reserved 1110016K
  class space    used 8500K, capacity 9100K, committed 9216K, reserved 1048576K
}
Event: 9.120 GC heap after
{Heap after GC invocations=12 (full 0):
 garbage-first heap   total 260096K, used 56549K [0x0000000080000000, 0x0000000100000000)
  region size 1024K, 11 young (11264K), 11 survivors (11264K)
 Metaspace       used 67419K, capacity 69065K, committed 69296K, reserved 1110016K
  class space    used 8500K, capacity 9100K, committed 9216K, reserved 1048576K
}
Event: 9.736 GC heap before
{Heap before GC invocations=12 (full 0):
 garbage-first heap   total 260096K, used 126181K [0x0000000080000000, 0x0000000100000000)
  region size 1024K, 80 young (81920K), 11 survivors (11264K)
 Metaspace       used 72466K, capacity 74235K, committed 74320K, reserved 1114112K
  class space    used 9323K, capacity 9945K, committed 9984K, reserved 1048576K
}
Event: 9.752 GC heap after
{Heap after GC invocations=13 (full 0):
 garbage-first heap   total 260096K, used 60133K [0x0000000080000000, 0x0000000100000000)
  region size 1024K, 14 young (14336K), 14 survivors (14336K)
 Metaspace       used 72466K, capacity 74235K, committed 74320K, reserved 1114112K
  class space    used 9323K, capacity 9945K, committed 9984K, reserved 1048576K
}
Event: 11.261 GC heap before
{Heap before GC invocations=14 (full 0):
 garbage-first heap   total 260096K, used 195301K [0x0000000080000000, 0x0000000100000000)
  region size 1024K, 146 young (149504K), 14 survivors (14336K)
 Metaspace       used 82178K, capacity 84156K, committed 84432K, reserved 1122304K
  class space    used 10632K, capacity 11309K, committed 11392K, reserved 1048576K
}
Event: 11.291 GC heap after
{Heap after GC invocations=15 (full 0):
 garbage-first heap   total 260096K, used 70298K [0x0000000080000000, 0x0000000100000000)
  region size 1024K, 15 young (15360K), 15 survivors (15360K)
 Metaspace       used 82178K, capacity 84156K, committed 84432K, reserved 1122304K
  class space    used 10632K, capacity 11309K, committed 11392K, reserved 1048576K
}

