# JRE version: OpenJDK Runtime Environment (11.0.15) (build 11.0.15+0-b2043.56-9505619)
# Java VM: OpenJDK 64-Bit Server VM (11.0.15+0-b2043.56-9505619, mixed mode, tiered, compressed oops, g1 gc, windows-amd64)
Heap:
 garbage-first heap   total 332800K, used 208268K [0x0000000080000000, 0x0000000100000000)
  region size 1024K, 25 young (25600K), 12 survivors (12288K)
 Metaspace       used 107186K, capacity 110335K, committed 110536K, reserved 1144832K
  class space    used 13348K, capacity 14413K, committed 14488K, reserved 1048576K
GC Heap History (20 events):
Event: 4.033 GC heap before
{Heap before GC invocations=7 (full 0):
 garbage-first heap   total 260096K, used 136304K [0x0000000080000000, 0x0000000100000000)
  region size 1024K, 115 young (117760K), 7 survivors (7168K)
 Metaspace       used 44849K, capacity 46016K, committed 46236K, reserved 1089536K
  class space    used 5675K, capacity 6082K, committed 6168K, reserved 1048576K
}
Event: 4.049 GC heap after
{Heap after GC invocations=8 (full 0):
 garbage-first heap   total 260096K, used 30150K [0x0000000080000000, 0x0000000100000000)
  region size 1024K, 14 young (14336K), 14 survivors (14336K)
 Metaspace       used 44849K, capacity 46016K, committed 46236K, reserved 1089536K
  class space    used 5675K, capacity 6082K, committed 6168K, reserved 1048576K
}
Event: 5.573 GC heap before
{Heap before GC invocations=9 (full 0):
 garbage-first heap   total 260096K, used 175558K [0x0000000080000000, 0x0000000100000000)
  region size 1024K, 152 young (155648K), 14 survivors (14336K)
 Metaspace       used 56105K, capacity 57609K, committed 57756K, reserved 1099776K
  class space    used 7103K, capacity 7633K, committed 7704K, reserved 1048576K
}
Event: 5.591 GC heap after
{Heap after GC invocations=10 (full 0):
 garbage-first heap   total 260096K, used 45570K [0x0000000080000000, 0x0000000100000000)
  region size 1024K, 19 young (19456K), 19 survivors (19456K)
 Metaspace       used 56105K, capacity 57609K, committed 57756K, reserved 1099776K
  class space    used 7103K, capacity 7633K, committed 7704K, reserved 1048576K
}
Event: 6.916 GC heap before
{Heap before GC invocations=10 (full 0):
 garbage-first heap   total 260096K, used 189954K [0x0000000080000000, 0x0000000100000000)
  region size 1024K, 152 young (155648K), 19 survivors (19456K)
 Metaspace       used 67376K, capacity 69146K, committed 69276K, reserved 1110016K
  class space    used 8505K, capacity 9130K, committed 9240K, reserved 1048576K
}
Event: 6.936 GC heap after
{Heap after GC invocations=11 (full 0):
 garbage-first heap   total 260096K, used 55696K [0x0000000080000000, 0x0000000100000000)
  region size 1024K, 11 young (11264K), 11 survivors (11264K)
 Metaspace       used 67376K, capacity 69146K, committed 69276K, reserved 1110016K
  class space    used 8505K, capacity 9130K, committed 9240K, reserved 1048576K
}
Event: 7.919 GC heap before
{Heap before GC invocations=11 (full 0):
 garbage-first heap   total 260096K, used 150928K [0x0000000080000000, 0x0000000100000000)
  region size 1024K, 106 young (108544K), 11 survivors (11264K)
 Metaspace       used 75459K, capacity 77353K, committed 77488K, reserved 1116160K
  class space    used 9694K, capacity 10395K, committed 10520K, reserved 1048576K
}
Event: 7.937 GC heap after
{Heap after GC invocations=12 (full 0):
 garbage-first heap   total 312320K, used 64512K [0x0000000080000000, 0x0000000100000000)
  region size 1024K, 9 young (9216K), 9 survivors (9216K)
 Metaspace       used 75459K, capacity 77353K, committed 77488K, reserved 1116160K
  class space    used 9694K, capacity 10395K, committed 10520K, reserved 1048576K
}
Event: 19.204 GC heap before
{Heap before GC invocations=13 (full 0):
 garbage-first heap   total 312320K, used 304128K [0x0000000080000000, 0x0000000100000000)
  region size 1024K, 165 young (168960K), 9 survivors (9216K)
 Metaspace       used 85938K, capacity 88391K, committed 88648K, reserved 1126400K
  class space    used 10884K, capacity 11756K, committed 11800K, reserved 1048576K
}
Event: 19.232 GC heap after
{Heap after GC invocations=14 (full 0):
 garbage-first heap   total 332800K, used 163840K [0x0000000080000000, 0x0000000100000000)
  region size 1024K, 21 young (21504K), 21 survivors (21504K)
 Metaspace       used 85938K, capacity 88391K, committed 88648K, reserved 1126400K
  class space    used 10884K, capacity 11756K, committed 11800K, reserved 1048576K
}
Event: 20.122 GC heap before
{Heap before GC invocations=15 (full 0):
 garbage-first heap   total 332800K, used 266240K [0x0000000080000000, 0x0000000100000000)
  region size 1024K, 121 young (123904K), 21 survivors (21504K)
 Metaspace       used 92831K, capacity 95618K, committed 95688K, reserved 1132544K
  class space    used 11738K, capacity 12671K, committed 12696K, reserved 1048576K
}
Event: 20.140 GC heap after
{Heap after GC invocations=16 (full 0):
 garbage-first heap   total 332800K, used 168960K [0x0000000080000000, 0x0000000100000000)
  region size 1024K, 5 young (5120K), 5 survivors (5120K)
 Metaspace       used 92831K, capacity 95618K, committed 95688K, reserved 1132544K
  class space    used 11738K, capacity 12671K, committed 12696K, reserved 1048576K
}
Event: 21.402 GC heap before
{Heap before GC invocations=16 (full 0):
 garbage-first heap   total 332800K, used 269312K [0x0000000080000000, 0x0000000100000000)
  region size 1024K, 104 young (106496K), 5 survivors (5120K)
 Metaspace       used 100013K, capacity 102889K, committed 102984K, reserved 1138688K
  class space    used 12590K, capacity 13590K, committed 13592K, reserved 1048576K
}
Event: 21.419 GC heap after
{Heap after GC invocations=17 (full 0):
 garbage-first heap   total 332800K, used 176942K [0x0000000080000000, 0x0000000100000000)
  region size 1024K, 13 young (13312K), 13 survivors (13312K)
 Metaspace       used 100013K, capacity 102889K, committed 102984K, reserved 1138688K
  class space    used 12590K, capacity 13590K, committed 13592K, reserved 1048576K
}
Event: 22.538 GC heap before
{Heap before GC invocations=18 (full 0):
 garbage-first heap   total 332800K, used 273198K [0x0000000080000000, 0x0000000100000000)
  region size 1024K, 107 young (109568K), 13 survivors (13312K)
 Metaspace       used 102818K, capacity 105715K, committed 105928K, reserved 1140736K
  class space    used 12860K, capacity 13845K, committed 13976K, reserved 1048576K
}
Event: 22.555 GC heap after
{Heap after GC invocations=19 (full 0):
 garbage-first heap   total 332800K, used 183851K [0x0000000080000000, 0x0000000100000000)
  region size 1024K, 9 young (9216K), 9 survivors (9216K)
 Metaspace       used 102818K, capacity 105715K, committed 105928K, reserved 1140736K
  class space    used 12860K, capacity 13845K, committed 13976K, reserved 1048576K
}
Event: 180.702 GC heap before
{Heap before GC invocations=19 (full 0):
 garbage-first heap   total 332800K, used 273963K [0x0000000080000000, 0x0000000100000000)
  region size 1024K, 98 young (100352K), 9 survivors (9216K)
 Metaspace       used 104815K, capacity 107886K, committed 108104K, reserved 1142784K
  class space    used 13075K, capacity 14097K, committed 14104K, reserved 1048576K
}
Event: 180.717 GC heap after
{Heap after GC invocations=20 (full 0):
 garbage-first heap   total 332800K, used 185768K [0x0000000080000000, 0x0000000100000000)
  region size 1024K, 3 young (3072K), 3 survivors (3072K)
 Metaspace       used 104815K, capacity 107886K, committed 108104K, reserved 1142784K
  class space    used 13075K, capacity 14097K, committed 14104K, reserved 1048576K
}
Event: 181.505 GC heap before
{Heap before GC invocations=21 (full 0):
 garbage-first heap   total 332800K, used 277928K [0x0000000080000000, 0x0000000100000000)
  region size 1024K, 93 young (95232K), 3 survivors (3072K)
 Metaspace       used 106504K, capacity 109543K, committed 109640K, reserved 1144832K
  class space    used 13246K, capacity 14282K, committed 14360K, reserved 1048576K
}
Event: 181.521 GC heap after
{Heap after GC invocations=22 (full 0):
 garbage-first heap   total 332800K, used 195980K [0x0000000080000000, 0x0000000100000000)
  region size 1024K, 12 young (12288K), 12 survivors (12288K)
 Metaspace       used 106504K, capacity 109543K, committed 109640K, reserved 1144832K
  class space    used 13246K, capacity 14282K, committed 14360K, reserved 1048576K
}

