# JRE version: OpenJDK Runtime Environment (11.0.15) (build 11.0.15+0-b2043.56-9505619)
# Java VM: OpenJDK 64-Bit Server VM (11.0.15+0-b2043.56-9505619, mixed mode, tiered, compressed oops, g1 gc, windows-amd64)
Heap:
 garbage-first heap   total 312320K, used 140886K [0x0000000080000000, 0x0000000100000000)
  region size 1024K, 86 young (88064K), 18 survivors (18432K)
 Metaspace       used 90457K, capacity 92810K, committed 92840K, reserved 1130496K
  class space    used 11458K, capacity 12273K, committed 12288K, reserved 1048576K
GC Heap History (18 events):
Event: 0.376 GC heap before
{Heap before GC invocations=0 (full 0):
 garbage-first heap   total 260096K, used 16384K [0x0000000080000000, 0x0000000100000000)
  region size 1024K, 14 young (14336K), 0 survivors (0K)
 Metaspace       used 6746K, capacity 6989K, committed 7168K, reserved 1056768K
  class space    used 571K, capacity 650K, committed 768K, reserved 1048576K
}
Event: 0.380 GC heap after
{Heap after GC invocations=1 (full 0):
 garbage-first heap   total 260096K, used 3945K [0x0000000080000000, 0x0000000100000000)
  region size 1024K, 2 young (2048K), 2 survivors (2048K)
 Metaspace       used 6746K, capacity 6989K, committed 7168K, reserved 1056768K
  class space    used 571K, capacity 650K, committed 768K, reserved 1048576K
}
Event: 1.872 GC heap before
{Heap before GC invocations=1 (full 0):
 garbage-first heap   total 260096K, used 115561K [0x0000000080000000, 0x0000000100000000)
  region size 1024K, 108 young (110592K), 2 survivors (2048K)
 Metaspace       used 20822K, capacity 21149K, committed 21296K, reserved 1069056K
  class space    used 2505K, capacity 2651K, committed 2688K, reserved 1048576K
}
Event: 1.880 GC heap after
{Heap after GC invocations=2 (full 0):
 garbage-first heap   total 260096K, used 16605K [0x0000000080000000, 0x0000000100000000)
  region size 1024K, 12 young (12288K), 12 survivors (12288K)
 Metaspace       used 20822K, capacity 21149K, committed 21296K, reserved 1069056K
  class space    used 2505K, capacity 2651K, committed 2688K, reserved 1048576K
}
Event: 2.328 GC heap before
{Heap before GC invocations=3 (full 0):
 garbage-first heap   total 260096K, used 65757K [0x0000000080000000, 0x0000000100000000)
  region size 1024K, 60 young (61440K), 12 survivors (12288K)
 Metaspace       used 25998K, capacity 26555K, committed 26800K, reserved 1073152K
  class space    used 3336K, capacity 3547K, committed 3584K, reserved 1048576K
}
Event: 2.336 GC heap after
{Heap after GC invocations=4 (full 0):
 garbage-first heap   total 260096K, used 19234K [0x0000000080000000, 0x0000000100000000)
  region size 1024K, 3 young (3072K), 3 survivors (3072K)
 Metaspace       used 25998K, capacity 26555K, committed 26800K, reserved 1073152K
  class space    used 3336K, capacity 3547K, committed 3584K, reserved 1048576K
}
Event: 3.061 GC heap before
{Heap before GC invocations=4 (full 0):
 garbage-first heap   total 260096K, used 90914K [0x0000000080000000, 0x0000000100000000)
  region size 1024K, 74 young (75776K), 3 survivors (3072K)
 Metaspace       used 34903K, capacity 35727K, committed 35888K, reserved 1081344K
  class space    used 4550K, capacity 4887K, committed 4992K, reserved 1048576K
}
Event: 3.071 GC heap after
{Heap after GC invocations=5 (full 0):
 garbage-first heap   total 260096K, used 22425K [0x0000000080000000, 0x0000000100000000)
  region size 1024K, 6 young (6144K), 6 survivors (6144K)
 Metaspace       used 34903K, capacity 35727K, committed 35888K, reserved 1081344K
  class space    used 4550K, capacity 4887K, committed 4992K, reserved 1048576K
}
Event: 4.125 GC heap before
{Heap before GC invocations=6 (full 0):
 garbage-first heap   total 260096K, used 136089K [0x0000000080000000, 0x0000000100000000)
  region size 1024K, 114 young (116736K), 6 survivors (6144K)
 Metaspace       used 44892K, capacity 46077K, committed 46256K, reserved 1089536K
  class space    used 5676K, capacity 6082K, committed 6144K, reserved 1048576K
}
Event: 4.140 GC heap after
{Heap after GC invocations=7 (full 0):
 garbage-first heap   total 260096K, used 30525K [0x0000000080000000, 0x0000000100000000)
  region size 1024K, 14 young (14336K), 14 survivors (14336K)
 Metaspace       used 44892K, capacity 46077K, committed 46256K, reserved 1089536K
  class space    used 5676K, capacity 6082K, committed 6144K, reserved 1048576K
}
Event: 5.457 GC heap before
{Heap before GC invocations=8 (full 0):
 garbage-first heap   total 260096K, used 162621K [0x0000000080000000, 0x0000000100000000)
  region size 1024K, 139 young (142336K), 14 survivors (14336K)
 Metaspace       used 54290K, capacity 55862K, committed 56112K, reserved 1097728K
  class space    used 6899K, capacity 7458K, committed 7552K, reserved 1048576K
}
Event: 5.481 GC heap after
{Heap after GC invocations=9 (full 0):
 garbage-first heap   total 260096K, used 44588K [0x0000000080000000, 0x0000000100000000)
  region size 1024K, 18 young (18432K), 18 survivors (18432K)
 Metaspace       used 54290K, capacity 55862K, committed 56112K, reserved 1097728K
  class space    used 6899K, capacity 7458K, committed 7552K, reserved 1048576K
}
Event: 6.881 GC heap before
{Heap before GC invocations=9 (full 0):
 garbage-first heap   total 260096K, used 189996K [0x0000000080000000, 0x0000000100000000)
  region size 1024K, 152 young (155648K), 18 survivors (18432K)
 Metaspace       used 67365K, capacity 68993K, committed 69296K, reserved 1110016K
  class space    used 8492K, capacity 9100K, committed 9216K, reserved 1048576K
}
Event: 6.902 GC heap after
{Heap after GC invocations=10 (full 0):
 garbage-first heap   total 260096K, used 55168K [0x0000000080000000, 0x0000000100000000)
  region size 1024K, 11 young (11264K), 11 survivors (11264K)
 Metaspace       used 67365K, capacity 68993K, committed 69296K, reserved 1110016K
  class space    used 8492K, capacity 9100K, committed 9216K, reserved 1048576K
}
Event: 7.836 GC heap before
{Heap before GC invocations=10 (full 0):
 garbage-first heap   total 260096K, used 158592K [0x0000000080000000, 0x0000000100000000)
  region size 1024K, 113 young (115712K), 11 survivors (11264K)
 Metaspace       used 75090K, capacity 76945K, committed 77096K, reserved 1116160K
  class space    used 9661K, capacity 10326K, committed 10368K, reserved 1048576K
}
Event: 7.863 GC heap after
{Heap after GC invocations=11 (full 0):
 garbage-first heap   total 312320K, used 63360K [0x0000000080000000, 0x0000000100000000)
  region size 1024K, 19 young (19456K), 19 survivors (19456K)
 Metaspace       used 75090K, capacity 76945K, committed 77096K, reserved 1116160K
  class space    used 9661K, capacity 10326K, committed 10368K, reserved 1048576K
}
Event: 27.432 GC heap before
{Heap before GC invocations=12 (full 0):
 garbage-first heap   total 312320K, used 212864K [0x0000000080000000, 0x0000000100000000)
  region size 1024K, 166 young (169984K), 19 survivors (19456K)
 Metaspace       used 88835K, capacity 91063K, committed 91304K, reserved 1128448K
  class space    used 11239K, capacity 12008K, committed 12032K, reserved 1048576K
}
Event: 27.469 GC heap after
{Heap after GC invocations=13 (full 0):
 garbage-first heap   total 312320K, used 72278K [0x0000000080000000, 0x0000000100000000)
  region size 1024K, 18 young (18432K), 18 survivors (18432K)
 Metaspace       used 88835K, capacity 91063K, committed 91304K, reserved 1128448K
  class space    used 11239K, capacity 12008K, committed 12032K, reserved 1048576K
}

