# JRE version: OpenJDK Runtime Environment (11.0.15) (build 11.0.15+0-b2043.56-9505619)
# Java VM: OpenJDK 64-Bit Server VM (11.0.15+0-b2043.56-9505619, mixed mode, tiered, compressed oops, g1 gc, windows-amd64)
Heap:
 garbage-first heap   total 312320K, used 99484K [0x0000000080000000, 0x0000000100000000)
  region size 1024K, 45 young (46080K), 19 survivors (19456K)
 Metaspace       used 85291K, capacity 87538K, committed 87836K, reserved 1126400K
  class space    used 11020K, capacity 11807K, committed 11928K, reserved 1048576K
GC Heap History (20 events):
Event: 1.665 GC heap before
{Heap before GC invocations=2 (full 0):
 garbage-first heap   total 260096K, used 39003K [0x0000000080000000, 0x0000000100000000)
  region size 1024K, 31 young (31744K), 2 survivors (2048K)
 Metaspace       used 10948K, capacity 11141K, committed 11264K, reserved 1058816K
  class space    used 1114K, capacity 1207K, committed 1280K, reserved 1048576K
}
Event: 1.668 GC heap after
{Heap after GC invocations=3 (full 0):
 garbage-first heap   total 260096K, used 13322K [0x0000000080000000, 0x0000000100000000)
  region size 1024K, 4 young (4096K), 4 survivors (4096K)
 Metaspace       used 10948K, capacity 11141K, committed 11264K, reserved 1058816K
  class space    used 1114K, capacity 1207K, committed 1280K, reserved 1048576K
}
Event: 2.600 GC heap before
{Heap before GC invocations=3 (full 0):
 garbage-first heap   total 260096K, used 56330K [0x0000000080000000, 0x0000000100000000)
  region size 1024K, 46 young (47104K), 4 survivors (4096K)
 Metaspace       used 18542K, capacity 18930K, committed 19072K, reserved 1067008K
  class space    used 2179K, capacity 2316K, committed 2432K, reserved 1048576K
}
Event: 2.605 GC heap after
{Heap after GC invocations=4 (full 0):
 garbage-first heap   total 260096K, used 16795K [0x0000000080000000, 0x0000000100000000)
  region size 1024K, 6 young (6144K), 6 survivors (6144K)
 Metaspace       used 18542K, capacity 18930K, committed 19072K, reserved 1067008K
  class space    used 2179K, capacity 2316K, committed 2432K, reserved 1048576K
}
Event: 2.821 GC heap before
{Heap before GC invocations=4 (full 0):
 garbage-first heap   total 260096K, used 38299K [0x0000000080000000, 0x0000000100000000)
  region size 1024K, 28 young (28672K), 6 survivors (6144K)
 Metaspace       used 20763K, capacity 21191K, committed 21296K, reserved 1069056K
  class space    used 2520K, capacity 2685K, committed 2688K, reserved 1048576K
}
Event: 2.826 GC heap after
{Heap after GC invocations=5 (full 0):
 garbage-first heap   total 260096K, used 18105K [0x0000000080000000, 0x0000000100000000)
  region size 1024K, 4 young (4096K), 4 survivors (4096K)
 Metaspace       used 20763K, capacity 21191K, committed 21296K, reserved 1069056K
  class space    used 2520K, capacity 2685K, committed 2688K, reserved 1048576K
}
Event: 3.549 GC heap before
{Heap before GC invocations=6 (full 0):
 garbage-first heap   total 260096K, used 74425K [0x0000000080000000, 0x0000000100000000)
  region size 1024K, 59 young (60416K), 4 survivors (4096K)
 Metaspace       used 26914K, capacity 27487K, committed 27772K, reserved 1073152K
  class space    used 3493K, capacity 3734K, committed 3788K, reserved 1048576K
}
Event: 3.554 GC heap after
{Heap after GC invocations=7 (full 0):
 garbage-first heap   total 260096K, used 19998K [0x0000000080000000, 0x0000000100000000)
  region size 1024K, 6 young (6144K), 6 survivors (6144K)
 Metaspace       used 26914K, capacity 27487K, committed 27772K, reserved 1073152K
  class space    used 3493K, capacity 3734K, committed 3788K, reserved 1048576K
}
Event: 4.677 GC heap before
{Heap before GC invocations=7 (full 0):
 garbage-first heap   total 260096K, used 85534K [0x0000000080000000, 0x0000000100000000)
  region size 1024K, 71 young (72704K), 6 survivors (6144K)
 Metaspace       used 35101K, capacity 35958K, committed 36048K, reserved 1081344K
  class space    used 4568K, capacity 4921K, committed 4940K, reserved 1048576K
}
Event: 4.689 GC heap after
{Heap after GC invocations=8 (full 0):
 garbage-first heap   total 260096K, used 23500K [0x0000000080000000, 0x0000000100000000)
  region size 1024K, 10 young (10240K), 10 survivors (10240K)
 Metaspace       used 35101K, capacity 35958K, committed 36048K, reserved 1081344K
  class space    used 4568K, capacity 4921K, committed 4940K, reserved 1048576K
}
Event: 6.082 GC heap before
{Heap before GC invocations=9 (full 0):
 garbage-first heap   total 260096K, used 127948K [0x0000000080000000, 0x0000000100000000)
  region size 1024K, 109 young (111616K), 10 survivors (10240K)
 Metaspace       used 43777K, capacity 44937K, committed 45084K, reserved 1089536K
  class space    used 5616K, capacity 6004K, committed 6040K, reserved 1048576K
}
Event: 6.099 GC heap after
{Heap after GC invocations=10 (full 0):
 garbage-first heap   total 260096K, used 31226K [0x0000000080000000, 0x0000000100000000)
  region size 1024K, 14 young (14336K), 14 survivors (14336K)
 Metaspace       used 43777K, capacity 44937K, committed 45084K, reserved 1089536K
  class space    used 5616K, capacity 6004K, committed 6040K, reserved 1048576K
}
Event: 8.358 GC heap before
{Heap before GC invocations=11 (full 0):
 garbage-first heap   total 260096K, used 177658K [0x0000000080000000, 0x0000000100000000)
  region size 1024K, 152 young (155648K), 14 survivors (14336K)
 Metaspace       used 54964K, capacity 56461K, committed 56604K, reserved 1097728K
  class space    used 6993K, capacity 7526K, committed 7576K, reserved 1048576K
}
Event: 8.375 GC heap after
{Heap after GC invocations=12 (full 0):
 garbage-first heap   total 260096K, used 46428K [0x0000000080000000, 0x0000000100000000)
  region size 1024K, 19 young (19456K), 19 survivors (19456K)
 Metaspace       used 54964K, capacity 56461K, committed 56604K, reserved 1097728K
  class space    used 6993K, capacity 7526K, committed 7576K, reserved 1048576K
}
Event: 10.220 GC heap before
{Heap before GC invocations=12 (full 0):
 garbage-first heap   total 260096K, used 190812K [0x0000000080000000, 0x0000000100000000)
  region size 1024K, 152 young (155648K), 19 survivors (19456K)
 Metaspace       used 67587K, capacity 69202K, committed 69532K, reserved 1110016K
  class space    used 8524K, capacity 9103K, committed 9240K, reserved 1048576K
}
Event: 10.240 GC heap after
{Heap after GC invocations=13 (full 0):
 garbage-first heap   total 312320K, used 56320K [0x0000000080000000, 0x0000000100000000)
  region size 1024K, 10 young (10240K), 10 survivors (10240K)
 Metaspace       used 67587K, capacity 69202K, committed 69532K, reserved 1110016K
  class space    used 8524K, capacity 9103K, committed 9240K, reserved 1048576K
}
Event: 11.074 GC heap before
{Heap before GC invocations=13 (full 0):
 garbage-first heap   total 312320K, used 131072K [0x0000000080000000, 0x0000000100000000)
  region size 1024K, 84 young (86016K), 10 survivors (10240K)
 Metaspace       used 73693K, capacity 75483K, committed 75676K, reserved 1114112K
  class space    used 9480K, capacity 10117K, committed 10264K, reserved 1048576K
}
Event: 11.093 GC heap after
{Heap after GC invocations=14 (full 0):
 garbage-first heap   total 312320K, used 60416K [0x0000000080000000, 0x0000000100000000)
  region size 1024K, 14 young (14336K), 14 survivors (14336K)
 Metaspace       used 73693K, capacity 75483K, committed 75676K, reserved 1114112K
  class space    used 9480K, capacity 10117K, committed 10264K, reserved 1048576K
}
Event: 12.760 GC heap before
{Heap before GC invocations=15 (full 0):
 garbage-first heap   total 312320K, used 215040K [0x0000000080000000, 0x0000000100000000)
  region size 1024K, 165 young (168960K), 14 survivors (14336K)
 Metaspace       used 82359K, capacity 84346K, committed 84508K, reserved 1122304K
  class space    used 10660K, capacity 11348K, committed 11416K, reserved 1048576K
}
Event: 12.786 GC heap after
{Heap after GC invocations=16 (full 0):
 garbage-first heap   total 312320K, used 74908K [0x0000000080000000, 0x0000000100000000)
  region size 1024K, 19 young (19456K), 19 survivors (19456K)
 Metaspace       used 82359K, capacity 84346K, committed 84508K, reserved 1122304K
  class space    used 10660K, capacity 11348K, committed 11416K, reserved 1048576K
}

