# JRE version: OpenJDK Runtime Environment (11.0.15) (build 11.0.15+0-b2043.56-9505619)
# Java VM: OpenJDK 64-Bit Server VM (11.0.15+0-b2043.56-9505619, mixed mode, tiered, compressed oops, g1 gc, windows-amd64)
Heap:
 garbage-first heap   total 312320K, used 146753K [0x0000000080000000, 0x0000000100000000)
  region size 1024K, 96 young (98304K), 17 survivors (17408K)
 Metaspace       used 85844K, capacity 88043K, committed 88084K, reserved 1126400K
  class space    used 11116K, capacity 11888K, committed 11928K, reserved 1048576K
GC Heap History (20 events):
Event: 2.052 GC heap before
{Heap before GC invocations=1 (full 0):
 garbage-first heap   total 260096K, used 115990K [0x0000000080000000, 0x0000000100000000)
  region size 1024K, 108 young (110592K), 2 survivors (2048K)
 Metaspace       used 20837K, capacity 21149K, committed 21296K, reserved 1069056K
  class space    used 2507K, capacity 2651K, committed 2688K, reserved 1048576K
}
Event: 2.062 GC heap after
{Heap after GC invocations=2 (full 0):
 garbage-first heap   total 260096K, used 17594K [0x0000000080000000, 0x0000000100000000)
  region size 1024K, 12 young (12288K), 12 survivors (12288K)
 Metaspace       used 20837K, capacity 21149K, committed 21296K, reserved 1069056K
  class space    used 2507K, capacity 2651K, committed 2688K, reserved 1048576K
}
Event: 2.230 GC heap before
{Heap before GC invocations=3 (full 0):
 garbage-first heap   total 260096K, used 33978K [0x0000000080000000, 0x0000000100000000)
  region size 1024K, 29 young (29696K), 12 survivors (12288K)
 Metaspace       used 22644K, capacity 23132K, committed 23472K, reserved 1069056K
  class space    used 2814K, capacity 2999K, committed 3072K, reserved 1048576K
}
Event: 2.237 GC heap after
{Heap after GC invocations=4 (full 0):
 garbage-first heap   total 260096K, used 18101K [0x0000000080000000, 0x0000000100000000)
  region size 1024K, 1 young (1024K), 1 survivors (1024K)
 Metaspace       used 22644K, capacity 23132K, committed 23472K, reserved 1069056K
  class space    used 2814K, capacity 2999K, committed 3072K, reserved 1048576K
}
Event: 2.784 GC heap before
{Heap before GC invocations=4 (full 0):
 garbage-first heap   total 260096K, used 66229K [0x0000000080000000, 0x0000000100000000)
  region size 1024K, 49 young (50176K), 1 survivors (1024K)
 Metaspace       used 27509K, capacity 28161K, committed 28336K, reserved 1073152K
  class space    used 3588K, capacity 3832K, committed 3840K, reserved 1048576K
}
Event: 2.791 GC heap after
{Heap after GC invocations=5 (full 0):
 garbage-first heap   total 260096K, used 19676K [0x0000000080000000, 0x0000000100000000)
  region size 1024K, 3 young (3072K), 3 survivors (3072K)
 Metaspace       used 27509K, capacity 28161K, committed 28336K, reserved 1073152K
  class space    used 3588K, capacity 3832K, committed 3840K, reserved 1048576K
}
Event: 3.518 GC heap before
{Heap before GC invocations=5 (full 0):
 garbage-first heap   total 260096K, used 72924K [0x0000000080000000, 0x0000000100000000)
  region size 1024K, 56 young (57344K), 3 survivors (3072K)
 Metaspace       used 34846K, capacity 35724K, committed 35888K, reserved 1081344K
  class space    used 4548K, capacity 4885K, committed 4992K, reserved 1048576K
}
Event: 3.526 GC heap after
{Heap after GC invocations=6 (full 0):
 garbage-first heap   total 260096K, used 22687K [0x0000000080000000, 0x0000000100000000)
  region size 1024K, 6 young (6144K), 6 survivors (6144K)
 Metaspace       used 34846K, capacity 35724K, committed 35888K, reserved 1081344K
  class space    used 4548K, capacity 4885K, committed 4992K, reserved 1048576K
}
Event: 4.331 GC heap before
{Heap before GC invocations=7 (full 0):
 garbage-first heap   total 260096K, used 106655K [0x0000000080000000, 0x0000000100000000)
  region size 1024K, 86 young (88064K), 6 survivors (6144K)
 Metaspace       used 41826K, capacity 42918K, committed 43056K, reserved 1087488K
  class space    used 5312K, capacity 5681K, committed 5760K, reserved 1048576K
}
Event: 4.348 GC heap after
{Heap after GC invocations=8 (full 0):
 garbage-first heap   total 260096K, used 29325K [0x0000000080000000, 0x0000000100000000)
  region size 1024K, 11 young (11264K), 11 survivors (11264K)
 Metaspace       used 41826K, capacity 42918K, committed 43056K, reserved 1087488K
  class space    used 5312K, capacity 5681K, committed 5760K, reserved 1048576K
}
Event: 5.349 GC heap before
{Heap before GC invocations=9 (full 0):
 garbage-first heap   total 260096K, used 132749K [0x0000000080000000, 0x0000000100000000)
  region size 1024K, 112 young (114688K), 11 survivors (11264K)
 Metaspace       used 49253K, capacity 50566K, committed 50736K, reserved 1093632K
  class space    used 6255K, capacity 6748K, committed 6784K, reserved 1048576K
}
Event: 5.365 GC heap after
{Heap after GC invocations=10 (full 0):
 garbage-first heap   total 260096K, used 34358K [0x0000000080000000, 0x0000000100000000)
  region size 1024K, 11 young (11264K), 11 survivors (11264K)
 Metaspace       used 49253K, capacity 50566K, committed 50736K, reserved 1093632K
  class space    used 6255K, capacity 6748K, committed 6784K, reserved 1048576K
}
Event: 6.816 GC heap before
{Heap before GC invocations=10 (full 0):
 garbage-first heap   total 260096K, used 164406K [0x0000000080000000, 0x0000000100000000)
  region size 1024K, 126 young (129024K), 11 survivors (11264K)
 Metaspace       used 62850K, capacity 64507K, committed 64816K, reserved 1105920K
  class space    used 7893K, capacity 8498K, committed 8576K, reserved 1048576K
}
Event: 6.832 GC heap after
{Heap after GC invocations=11 (full 0):
 garbage-first heap   total 260096K, used 50363K [0x0000000080000000, 0x0000000100000000)
  region size 1024K, 16 young (16384K), 16 survivors (16384K)
 Metaspace       used 62850K, capacity 64507K, committed 64816K, reserved 1105920K
  class space    used 7893K, capacity 8498K, committed 8576K, reserved 1048576K
}
Event: 7.789 GC heap before
{Heap before GC invocations=11 (full 0):
 garbage-first heap   total 260096K, used 167099K [0x0000000080000000, 0x0000000100000000)
  region size 1024K, 130 young (133120K), 16 survivors (16384K)
 Metaspace       used 69851K, capacity 71541K, committed 71600K, reserved 1112064K
  class space    used 8820K, capacity 9458K, committed 9472K, reserved 1048576K
}
Event: 7.810 GC heap after
{Heap after GC invocations=12 (full 0):
 garbage-first heap   total 312320K, used 58943K [0x0000000080000000, 0x0000000100000000)
  region size 1024K, 8 young (8192K), 8 survivors (8192K)
 Metaspace       used 69851K, capacity 71541K, committed 71600K, reserved 1112064K
  class space    used 8820K, capacity 9458K, committed 9472K, reserved 1048576K
}
Event: 7.867 GC heap before
{Heap before GC invocations=12 (full 0):
 garbage-first heap   total 312320K, used 62015K [0x0000000080000000, 0x0000000100000000)
  region size 1024K, 12 young (12288K), 8 survivors (8192K)
 Metaspace       used 70373K, capacity 72088K, committed 72188K, reserved 1112064K
  class space    used 8928K, capacity 9555K, committed 9600K, reserved 1048576K
}
Event: 7.878 GC heap after
{Heap after GC invocations=13 (full 0):
 garbage-first heap   total 312320K, used 58789K [0x0000000080000000, 0x0000000100000000)
  region size 1024K, 8 young (8192K), 8 survivors (8192K)
 Metaspace       used 70373K, capacity 72088K, committed 72188K, reserved 1112064K
  class space    used 8928K, capacity 9555K, committed 9600K, reserved 1048576K
}
Event: 9.631 GC heap before
{Heap before GC invocations=14 (full 0):
 garbage-first heap   total 312320K, used 194981K [0x0000000080000000, 0x0000000100000000)
  region size 1024K, 141 young (144384K), 8 survivors (8192K)
 Metaspace       used 82141K, capacity 84145K, committed 84500K, reserved 1122304K
  class space    used 10632K, capacity 11306K, committed 11416K, reserved 1048576K
}
Event: 9.663 GC heap after
{Heap after GC invocations=15 (full 0):
 garbage-first heap   total 312320K, used 67905K [0x0000000080000000, 0x0000000100000000)
  region size 1024K, 17 young (17408K), 17 survivors (17408K)
 Metaspace       used 82141K, capacity 84145K, committed 84500K, reserved 1122304K
  class space    used 10632K, capacity 11306K, committed 11416K, reserved 1048576K
}

