# JRE version: OpenJDK Runtime Environment (11.0.15) (build 11.0.15+0-b2043.56-9505619)
# Java VM: OpenJDK 64-Bit Server VM (11.0.15+0-b2043.56-9505619, mixed mode, tiered, compressed oops, g1 gc, windows-amd64)
Heap:
 garbage-first heap   total 321536K, used 151552K [0x0000000080000000, 0x0000000100000000)
  region size 1024K, 95 young (97280K), 17 survivors (17408K)
 Metaspace       used 90350K, capacity 92661K, committed 92712K, reserved 1130496K
  class space    used 11466K, capacity 12272K, committed 12288K, reserved 1048576K
GC Heap History (20 events):
Event: 1.493 GC heap before
{Heap before GC invocations=2 (full 0):
 garbage-first heap   total 260096K, used 43643K [0x0000000080000000, 0x0000000100000000)
  region size 1024K, 36 young (36864K), 4 survivors (4096K)
 Metaspace       used 14417K, capacity 14713K, committed 14848K, reserved 1062912K
  class space    used 1595K, capacity 1718K, committed 1792K, reserved 1048576K
}
Event: 1.499 GC heap after
{Heap after GC invocations=3 (full 0):
 garbage-first heap   total 260096K, used 15469K [0x0000000080000000, 0x0000000100000000)
  region size 1024K, 5 young (5120K), 5 survivors (5120K)
 Metaspace       used 14417K, capacity 14713K, committed 14848K, reserved 1062912K
  class space    used 1595K, capacity 1718K, committed 1792K, reserved 1048576K
}
Event: 2.007 GC heap before
{Heap before GC invocations=3 (full 0):
 garbage-first heap   total 260096K, used 54381K [0x0000000080000000, 0x0000000100000000)
  region size 1024K, 43 young (44032K), 5 survivors (5120K)
 Metaspace       used 20379K, capacity 20753K, committed 20864K, reserved 1067008K
  class space    used 2464K, capacity 2584K, committed 2688K, reserved 1048576K
}
Event: 2.013 GC heap after
{Heap after GC invocations=4 (full 0):
 garbage-first heap   total 260096K, used 17078K [0x0000000080000000, 0x0000000100000000)
  region size 1024K, 2 young (2048K), 2 survivors (2048K)
 Metaspace       used 20379K, capacity 20753K, committed 20864K, reserved 1067008K
  class space    used 2464K, capacity 2584K, committed 2688K, reserved 1048576K
}
Event: 2.046 GC heap before
{Heap before GC invocations=4 (full 0):
 garbage-first heap   total 260096K, used 21174K [0x0000000080000000, 0x0000000100000000)
  region size 1024K, 7 young (7168K), 2 survivors (2048K)
 Metaspace       used 20813K, capacity 21189K, committed 21296K, reserved 1069056K
  class space    used 2526K, capacity 2687K, committed 2688K, reserved 1048576K
}
Event: 2.049 GC heap after
{Heap after GC invocations=5 (full 0):
 garbage-first heap   total 260096K, used 17199K [0x0000000080000000, 0x0000000100000000)
  region size 1024K, 2 young (2048K), 2 survivors (2048K)
 Metaspace       used 20813K, capacity 21189K, committed 21296K, reserved 1069056K
  class space    used 2526K, capacity 2687K, committed 2688K, reserved 1048576K
}
Event: 2.534 GC heap before
{Heap before GC invocations=6 (full 0):
 garbage-first heap   total 260096K, used 69423K [0x0000000080000000, 0x0000000100000000)
  region size 1024K, 53 young (54272K), 2 survivors (2048K)
 Metaspace       used 26419K, capacity 27078K, committed 27264K, reserved 1073152K
  class space    used 3443K, capacity 3684K, committed 3712K, reserved 1048576K
}
Event: 2.539 GC heap after
{Heap after GC invocations=7 (full 0):
 garbage-first heap   total 260096K, used 19142K [0x0000000080000000, 0x0000000100000000)
  region size 1024K, 4 young (4096K), 4 survivors (4096K)
 Metaspace       used 26419K, capacity 27078K, committed 27264K, reserved 1073152K
  class space    used 3443K, capacity 3684K, committed 3712K, reserved 1048576K
}
Event: 3.266 GC heap before
{Heap before GC invocations=7 (full 0):
 garbage-first heap   total 260096K, used 87750K [0x0000000080000000, 0x0000000100000000)
  region size 1024K, 72 young (73728K), 4 survivors (4096K)
 Metaspace       used 34997K, capacity 35890K, committed 35968K, reserved 1081344K
  class space    used 4570K, capacity 4921K, committed 4992K, reserved 1048576K
}
Event: 3.277 GC heap after
{Heap after GC invocations=8 (full 0):
 garbage-first heap   total 260096K, used 22706K [0x0000000080000000, 0x0000000100000000)
  region size 1024K, 8 young (8192K), 8 survivors (8192K)
 Metaspace       used 34997K, capacity 35890K, committed 35968K, reserved 1081344K
  class space    used 4570K, capacity 4921K, committed 4992K, reserved 1048576K
}
Event: 4.209 GC heap before
{Heap before GC invocations=9 (full 0):
 garbage-first heap   total 260096K, used 128178K [0x0000000080000000, 0x0000000100000000)
  region size 1024K, 109 young (111616K), 8 survivors (8192K)
 Metaspace       used 43855K, capacity 44963K, committed 45212K, reserved 1089536K
  class space    used 5631K, capacity 6036K, committed 6144K, reserved 1048576K
}
Event: 4.223 GC heap after
{Heap after GC invocations=10 (full 0):
 garbage-first heap   total 260096K, used 30168K [0x0000000080000000, 0x0000000100000000)
  region size 1024K, 14 young (14336K), 14 survivors (14336K)
 Metaspace       used 43855K, capacity 44963K, committed 45212K, reserved 1089536K
  class space    used 5631K, capacity 6036K, committed 6144K, reserved 1048576K
}
Event: 5.676 GC heap before
{Heap before GC invocations=11 (full 0):
 garbage-first heap   total 260096K, used 175576K [0x0000000080000000, 0x0000000100000000)
  region size 1024K, 151 young (154624K), 14 survivors (14336K)
 Metaspace       used 54898K, capacity 56413K, committed 56604K, reserved 1097728K
  class space    used 7000K, capacity 7535K, committed 7552K, reserved 1048576K
}
Event: 5.695 GC heap after
{Heap after GC invocations=12 (full 0):
 garbage-first heap   total 260096K, used 46337K [0x0000000080000000, 0x0000000100000000)
  region size 1024K, 19 young (19456K), 19 survivors (19456K)
 Metaspace       used 54898K, capacity 56413K, committed 56604K, reserved 1097728K
  class space    used 7000K, capacity 7535K, committed 7552K, reserved 1048576K
}
Event: 7.072 GC heap before
{Heap before GC invocations=12 (full 0):
 garbage-first heap   total 260096K, used 189697K [0x0000000080000000, 0x0000000100000000)
  region size 1024K, 152 young (155648K), 19 survivors (19456K)
 Metaspace       used 67352K, capacity 68999K, committed 69276K, reserved 1110016K
  class space    used 8500K, capacity 9102K, committed 9216K, reserved 1048576K
}
Event: 7.091 GC heap after
{Heap after GC invocations=13 (full 0):
 garbage-first heap   total 321536K, used 56022K [0x0000000080000000, 0x0000000100000000)
  region size 1024K, 10 young (10240K), 10 survivors (10240K)
 Metaspace       used 67352K, capacity 68999K, committed 69276K, reserved 1110016K
  class space    used 8500K, capacity 9102K, committed 9216K, reserved 1048576K
}
Event: 8.007 GC heap before
{Heap before GC invocations=13 (full 0):
 garbage-first heap   total 321536K, used 148182K [0x0000000080000000, 0x0000000100000000)
  region size 1024K, 101 young (103424K), 10 survivors (10240K)
 Metaspace       used 74605K, capacity 76463K, committed 76572K, reserved 1116160K
  class space    used 9634K, capacity 10294K, committed 10368K, reserved 1048576K
}
Event: 8.021 GC heap after
{Heap after GC invocations=14 (full 0):
 garbage-first heap   total 321536K, used 62166K [0x0000000080000000, 0x0000000100000000)
  region size 1024K, 16 young (16384K), 16 survivors (16384K)
 Metaspace       used 74605K, capacity 76463K, committed 76572K, reserved 1116160K
  class space    used 9634K, capacity 10294K, committed 10368K, reserved 1048576K
}
Event: 16.133 GC heap before
{Heap before GC invocations=15 (full 0):
 garbage-first heap   total 321536K, used 211670K [0x0000000080000000, 0x0000000100000000)
  region size 1024K, 163 young (166912K), 16 survivors (16384K)
 Metaspace       used 88302K, capacity 90566K, committed 90664K, reserved 1128448K
  class space    used 11194K, capacity 11975K, committed 12032K, reserved 1048576K
}
Event: 16.155 GC heap after
{Heap after GC invocations=16 (full 0):
 garbage-first heap   total 321536K, used 72704K [0x0000000080000000, 0x0000000100000000)
  region size 1024K, 17 young (17408K), 17 survivors (17408K)
 Metaspace       used 88302K, capacity 90566K, committed 90664K, reserved 1128448K
  class space    used 11194K, capacity 11975K, committed 12032K, reserved 1048576K
}

