# JRE version: OpenJDK Runtime Environment (11.0.15) (build 11.0.15+0-b2043.56-9505619)
# Java VM: OpenJDK 64-Bit Server VM (11.0.15+0-b2043.56-9505619, mixed mode, tiered, compressed oops, g1 gc, windows-amd64)
Heap:
 garbage-first heap   total 312320K, used 205284K [0x0000000080000000, 0x0000000100000000)
  region size 1024K, 19 young (19456K), 9 survivors (9216K)
 Metaspace       used 106533K, capacity 109681K, committed 109776K, reserved 1144832K
  class space    used 13331K, capacity 14420K, committed 14464K, reserved 1048576K
GC Heap History (20 events):
Event: 8.021 GC heap before
{Heap before GC invocations=13 (full 0):
 garbage-first heap   total 312320K, used 124728K [0x0000000080000000, 0x0000000100000000)
  region size 1024K, 15 young (15360K), 13 survivors (13312K)
 Metaspace       used 74014K, capacity 75951K, committed 75984K, reserved 1116160K
  class space    used 9583K, capacity 10340K, committed 10368K, reserved 1048576K
}
Event: 8.034 GC heap after
{Heap after GC invocations=14 (full 0):
 garbage-first heap   total 312320K, used 123740K [0x0000000080000000, 0x0000000100000000)
  region size 1024K, 7 young (7168K), 7 survivors (7168K)
 Metaspace       used 74014K, capacity 75951K, committed 75984K, reserved 1116160K
  class space    used 9583K, capacity 10340K, committed 10368K, reserved 1048576K
}
Event: 8.589 GC heap before
{Heap before GC invocations=15 (full 0):
 garbage-first heap   total 312320K, used 188252K [0x0000000080000000, 0x0000000100000000)
  region size 1024K, 50 young (51200K), 7 survivors (7168K)
 Metaspace       used 78183K, capacity 80283K, committed 80592K, reserved 1120256K
  class space    used 10040K, capacity 10784K, committed 10880K, reserved 1048576K
}
Event: 8.599 GC heap after
{Heap after GC invocations=16 (full 0):
 garbage-first heap   total 312320K, used 153653K [0x0000000080000000, 0x0000000100000000)
  region size 1024K, 14 young (14336K), 14 survivors (14336K)
 Metaspace       used 78183K, capacity 80283K, committed 80592K, reserved 1120256K
  class space    used 10040K, capacity 10784K, committed 10880K, reserved 1048576K
}
Event: 9.150 GC heap before
{Heap before GC invocations=17 (full 0):
 garbage-first heap   total 312320K, used 237621K [0x0000000080000000, 0x0000000100000000)
  region size 1024K, 91 young (93184K), 14 survivors (14336K)
 Metaspace       used 81361K, capacity 83615K, committed 83792K, reserved 1122304K
  class space    used 10475K, capacity 11236K, committed 11264K, reserved 1048576K
}
Event: 9.164 GC heap after
{Heap after GC invocations=18 (full 0):
 garbage-first heap   total 312320K, used 163075K [0x0000000080000000, 0x0000000100000000)
  region size 1024K, 5 young (5120K), 5 survivors (5120K)
 Metaspace       used 81361K, capacity 83615K, committed 83792K, reserved 1122304K
  class space    used 10475K, capacity 11236K, committed 11264K, reserved 1048576K
}
Event: 9.303 GC heap before
{Heap before GC invocations=18 (full 0):
 garbage-first heap   total 312320K, used 184579K [0x0000000080000000, 0x0000000100000000)
  region size 1024K, 28 young (28672K), 5 survivors (5120K)
 Metaspace       used 82306K, capacity 84707K, committed 85072K, reserved 1122304K
  class space    used 10579K, capacity 11408K, committed 11520K, reserved 1048576K
}
Event: 9.311 GC heap after
{Heap after GC invocations=19 (full 0):
 garbage-first heap   total 312320K, used 164038K [0x0000000080000000, 0x0000000100000000)
  region size 1024K, 6 young (6144K), 6 survivors (6144K)
 Metaspace       used 82306K, capacity 84707K, committed 85072K, reserved 1122304K
  class space    used 10579K, capacity 11408K, committed 11520K, reserved 1048576K
}
Event: 10.053 GC heap before
{Heap before GC invocations=20 (full 0):
 garbage-first heap   total 312320K, used 234694K [0x0000000080000000, 0x0000000100000000)
  region size 1024K, 74 young (75776K), 6 survivors (6144K)
 Metaspace       used 90351K, capacity 92927K, committed 93008K, reserved 1130496K
  class space    used 11602K, capacity 12486K, committed 12544K, reserved 1048576K
}
Event: 10.064 GC heap after
{Heap after GC invocations=21 (full 0):
 garbage-first heap   total 312320K, used 166817K [0x0000000080000000, 0x0000000100000000)
  region size 1024K, 5 young (5120K), 5 survivors (5120K)
 Metaspace       used 90351K, capacity 92927K, committed 93008K, reserved 1130496K
  class space    used 11602K, capacity 12486K, committed 12544K, reserved 1048576K
}
Event: 10.889 GC heap before
{Heap before GC invocations=21 (full 0):
 garbage-first heap   total 312320K, used 237473K [0x0000000080000000, 0x0000000100000000)
  region size 1024K, 75 young (76800K), 5 survivors (5120K)
 Metaspace       used 94991K, capacity 97702K, committed 98000K, reserved 1134592K
  class space    used 12154K, capacity 13101K, committed 13184K, reserved 1048576K
}
Event: 10.905 GC heap after
{Heap after GC invocations=22 (full 0):
 garbage-first heap   total 312320K, used 173725K [0x0000000080000000, 0x0000000100000000)
  region size 1024K, 10 young (10240K), 10 survivors (10240K)
 Metaspace       used 94991K, capacity 97702K, committed 98000K, reserved 1134592K
  class space    used 12154K, capacity 13101K, committed 13184K, reserved 1048576K
}
Event: 11.808 GC heap before
{Heap before GC invocations=23 (full 0):
 garbage-first heap   total 312320K, used 243357K [0x0000000080000000, 0x0000000100000000)
  region size 1024K, 79 young (80896K), 10 survivors (10240K)
 Metaspace       used 96578K, capacity 99321K, committed 99664K, reserved 1136640K
  class space    used 12265K, capacity 13203K, committed 13312K, reserved 1048576K
}
Event: 11.823 GC heap after
{Heap after GC invocations=24 (full 0):
 garbage-first heap   total 312320K, used 179726K [0x0000000080000000, 0x0000000100000000)
  region size 1024K, 7 young (7168K), 7 survivors (7168K)
 Metaspace       used 96578K, capacity 99321K, committed 99664K, reserved 1136640K
  class space    used 12265K, capacity 13203K, committed 13312K, reserved 1048576K
}
Event: 12.209 GC heap before
{Heap before GC invocations=24 (full 0):
 garbage-first heap   total 312320K, used 249358K [0x0000000080000000, 0x0000000100000000)
  region size 1024K, 75 young (76800K), 7 survivors (7168K)
 Metaspace       used 98940K, capacity 101613K, committed 101712K, reserved 1138688K
  class space    used 12551K, capacity 13495K, committed 13568K, reserved 1048576K
}
Event: 12.220 GC heap after
{Heap after GC invocations=25 (full 0):
 garbage-first heap   total 312320K, used 183314K [0x0000000080000000, 0x0000000100000000)
  region size 1024K, 4 young (4096K), 4 survivors (4096K)
 Metaspace       used 98940K, capacity 101613K, committed 101712K, reserved 1138688K
  class space    used 12551K, capacity 13495K, committed 13568K, reserved 1048576K
}
Event: 26.967 GC heap before
{Heap before GC invocations=26 (full 0):
 garbage-first heap   total 312320K, used 252946K [0x0000000080000000, 0x0000000100000000)
  region size 1024K, 73 young (74752K), 4 survivors (4096K)
 Metaspace       used 104361K, capacity 107300K, committed 107344K, reserved 1142784K
  class space    used 13034K, capacity 14078K, committed 14080K, reserved 1048576K
}
Event: 26.976 GC heap after
{Heap after GC invocations=27 (full 0):
 garbage-first heap   total 312320K, used 188274K [0x0000000080000000, 0x0000000100000000)
  region size 1024K, 9 young (9216K), 9 survivors (9216K)
 Metaspace       used 104361K, capacity 107300K, committed 107344K, reserved 1142784K
  class space    used 13034K, capacity 14078K, committed 14080K, reserved 1048576K
}
Event: 27.451 GC heap before
{Heap before GC invocations=27 (full 0):
 garbage-first heap   total 312320K, used 256882K [0x0000000080000000, 0x0000000100000000)
  region size 1024K, 76 young (77824K), 9 survivors (9216K)
 Metaspace       used 105683K, capacity 108752K, committed 108880K, reserved 1144832K
  class space    used 13200K, capacity 14251K, committed 14336K, reserved 1048576K
}
Event: 27.472 GC heap after
{Heap after GC invocations=28 (full 0):
 garbage-first heap   total 312320K, used 197092K [0x0000000080000000, 0x0000000100000000)
  region size 1024K, 9 young (9216K), 9 survivors (9216K)
 Metaspace       used 105683K, capacity 108752K, committed 108880K, reserved 1144832K
  class space    used 13200K, capacity 14251K, committed 14336K, reserved 1048576K
}

