# JRE version: OpenJDK Runtime Environment (11.0.15) (build 11.0.15+0-b2043.56-9505619)
# Java VM: OpenJDK 64-Bit Server VM (11.0.15+0-b2043.56-9505619, mixed mode, tiered, compressed oops, g1 gc, windows-amd64)
Heap:
 garbage-first heap   total 312320K, used 224856K [0x0000000080000000, 0x0000000100000000)
  region size 1024K, 39 young (39936K), 10 survivors (10240K)
 Metaspace       used 106977K, capacity 110085K, committed 110312K, reserved 1144832K
  class space    used 13345K, capacity 14366K, committed 14464K, reserved 1048576K
GC Heap History (20 events):
Event: 6.105 GC heap before
{Heap before GC invocations=11 (full 0):
 garbage-first heap   total 260096K, used 155824K [0x0000000080000000, 0x0000000100000000)
  region size 1024K, 132 young (135168K), 14 survivors (14336K)
 Metaspace       used 52389K, capacity 53912K, committed 54248K, reserved 1095680K
  class space    used 6649K, capacity 7191K, committed 7296K, reserved 1048576K
}
Event: 6.122 GC heap after
{Heap after GC invocations=12 (full 0):
 garbage-first heap   total 260096K, used 43710K [0x0000000080000000, 0x0000000100000000)
  region size 1024K, 17 young (17408K), 17 survivors (17408K)
 Metaspace       used 52389K, capacity 53912K, committed 54248K, reserved 1095680K
  class space    used 6649K, capacity 7191K, committed 7296K, reserved 1048576K
}
Event: 7.668 GC heap before
{Heap before GC invocations=12 (full 0):
 garbage-first heap   total 260096K, used 179902K [0x0000000080000000, 0x0000000100000000)
  region size 1024K, 143 young (146432K), 17 survivors (17408K)
 Metaspace       used 66596K, capacity 68319K, committed 68584K, reserved 1110016K
  class space    used 8365K, capacity 8961K, committed 9088K, reserved 1048576K
}
Event: 7.688 GC heap after
{Heap after GC invocations=13 (full 0):
 garbage-first heap   total 260096K, used 54272K [0x0000000080000000, 0x0000000100000000)
  region size 1024K, 10 young (10240K), 10 survivors (10240K)
 Metaspace       used 66596K, capacity 68319K, committed 68584K, reserved 1110016K
  class space    used 8365K, capacity 8961K, committed 9088K, reserved 1048576K
}
Event: 8.767 GC heap before
{Heap before GC invocations=13 (full 0):
 garbage-first heap   total 260096K, used 164864K [0x0000000080000000, 0x0000000100000000)
  region size 1024K, 119 young (121856K), 10 survivors (10240K)
 Metaspace       used 74558K, capacity 76358K, committed 76520K, reserved 1116160K
  class space    used 9610K, capacity 10255K, committed 10368K, reserved 1048576K
}
Event: 8.785 GC heap after
{Heap after GC invocations=14 (full 0):
 garbage-first heap   total 312320K, used 61440K [0x0000000080000000, 0x0000000100000000)
  region size 1024K, 8 young (8192K), 8 survivors (8192K)
 Metaspace       used 74558K, capacity 76358K, committed 76520K, reserved 1116160K
  class space    used 9610K, capacity 10255K, committed 10368K, reserved 1048576K
}
Event: 28.396 GC heap before
{Heap before GC invocations=15 (full 0):
 garbage-first heap   total 312320K, used 254976K [0x0000000080000000, 0x0000000100000000)
  region size 1024K, 146 young (149504K), 8 survivors (8192K)
 Metaspace       used 84544K, capacity 86864K, committed 87016K, reserved 1124352K
  class space    used 10713K, capacity 11570K, committed 11648K, reserved 1048576K
}
Event: 28.414 GC heap after
{Heap after GC invocations=16 (full 0):
 garbage-first heap   total 312320K, used 131982K [0x0000000080000000, 0x0000000100000000)
  region size 1024K, 19 young (19456K), 19 survivors (19456K)
 Metaspace       used 84544K, capacity 86864K, committed 87016K, reserved 1124352K
  class space    used 10713K, capacity 11570K, committed 11648K, reserved 1048576K
}
Event: 29.556 GC heap before
{Heap before GC invocations=16 (full 0):
 garbage-first heap   total 312320K, used 253838K [0x0000000080000000, 0x0000000100000000)
  region size 1024K, 113 young (115712K), 19 survivors (19456K)
 Metaspace       used 88148K, capacity 90838K, committed 91112K, reserved 1128448K
  class space    used 11136K, capacity 12071K, committed 12160K, reserved 1048576K
}
Event: 29.586 GC heap after
{Heap after GC invocations=17 (full 0):
 garbage-first heap   total 312320K, used 168734K [0x0000000080000000, 0x0000000100000000)
  region size 1024K, 9 young (9216K), 9 survivors (9216K)
 Metaspace       used 88148K, capacity 90838K, committed 91112K, reserved 1128448K
  class space    used 11136K, capacity 12071K, committed 12160K, reserved 1048576K
}
Event: 30.738 GC heap before
{Heap before GC invocations=18 (full 0):
 garbage-first heap   total 312320K, used 250654K [0x0000000080000000, 0x0000000100000000)
  region size 1024K, 88 young (90112K), 9 survivors (9216K)
 Metaspace       used 96923K, capacity 99737K, committed 99944K, reserved 1136640K
  class space    used 12249K, capacity 13195K, committed 13312K, reserved 1048576K
}
Event: 30.747 GC heap after
{Heap after GC invocations=19 (full 0):
 garbage-first heap   total 312320K, used 172544K [0x0000000080000000, 0x0000000100000000)
  region size 1024K, 4 young (4096K), 4 survivors (4096K)
 Metaspace       used 96923K, capacity 99737K, committed 99944K, reserved 1136640K
  class space    used 12249K, capacity 13195K, committed 13312K, reserved 1048576K
}
Event: 31.933 GC heap before
{Heap before GC invocations=19 (full 0):
 garbage-first heap   total 312320K, used 253440K [0x0000000080000000, 0x0000000100000000)
  region size 1024K, 84 young (86016K), 4 survivors (4096K)
 Metaspace       used 100494K, capacity 103420K, committed 103656K, reserved 1138688K
  class space    used 12627K, capacity 13631K, committed 13696K, reserved 1048576K
}
Event: 31.952 GC heap after
{Heap after GC invocations=20 (full 0):
 garbage-first heap   total 312320K, used 180789K [0x0000000080000000, 0x0000000100000000)
  region size 1024K, 11 young (11264K), 11 survivors (11264K)
 Metaspace       used 100494K, capacity 103420K, committed 103656K, reserved 1138688K
  class space    used 12627K, capacity 13631K, committed 13696K, reserved 1048576K
}
Event: 32.989 GC heap before
{Heap before GC invocations=21 (full 0):
 garbage-first heap   total 312320K, used 255541K [0x0000000080000000, 0x0000000100000000)
  region size 1024K, 85 young (87040K), 11 survivors (11264K)
 Metaspace       used 102838K, capacity 105795K, committed 105960K, reserved 1140736K
  class space    used 12842K, capacity 13849K, committed 13952K, reserved 1048576K
}
Event: 33.011 GC heap after
{Heap after GC invocations=22 (full 0):
 garbage-first heap   total 312320K, used 186580K [0x0000000080000000, 0x0000000100000000)
  region size 1024K, 7 young (7168K), 7 survivors (7168K)
 Metaspace       used 102838K, capacity 105795K, committed 105960K, reserved 1140736K
  class space    used 12842K, capacity 13849K, committed 13952K, reserved 1048576K
}
Event: 72.146 GC heap before
{Heap before GC invocations=22 (full 0):
 garbage-first heap   total 312320K, used 259284K [0x0000000080000000, 0x0000000100000000)
  region size 1024K, 78 young (79872K), 7 survivors (7168K)
 Metaspace       used 104762K, capacity 107788K, committed 108008K, reserved 1142784K
  class space    used 13095K, capacity 14095K, committed 14208K, reserved 1048576K
}
Event: 72.160 GC heap after
{Heap after GC invocations=23 (full 0):
 garbage-first heap   total 312320K, used 189141K [0x0000000080000000, 0x0000000100000000)
  region size 1024K, 4 young (4096K), 4 survivors (4096K)
 Metaspace       used 104762K, capacity 107788K, committed 108008K, reserved 1142784K
  class space    used 13095K, capacity 14095K, committed 14208K, reserved 1048576K
}
Event: 73.121 GC heap before
{Heap before GC invocations=24 (full 0):
 garbage-first heap   total 312320K, used 261845K [0x0000000080000000, 0x0000000100000000)
  region size 1024K, 75 young (76800K), 4 survivors (4096K)
 Metaspace       used 106313K, capacity 109406K, committed 109672K, reserved 1144832K
  class space    used 13257K, capacity 14299K, committed 14336K, reserved 1048576K
}
Event: 73.133 GC heap after
{Heap after GC invocations=25 (full 0):
 garbage-first heap   total 312320K, used 197208K [0x0000000080000000, 0x0000000100000000)
  region size 1024K, 10 young (10240K), 10 survivors (10240K)
 Metaspace       used 106313K, capacity 109406K, committed 109672K, reserved 1144832K
  class space    used 13257K, capacity 14299K, committed 14336K, reserved 1048576K
}

