# JRE version: OpenJDK Runtime Environment (11.0.15) (build 11.0.15+0-b2043.56-9505619)
# Java VM: OpenJDK 64-Bit Server VM (11.0.15+0-b2043.56-9505619, mixed mode, tiered, compressed oops, g1 gc, windows-amd64)
Heap:
 garbage-first heap   total 312320K, used 178573K [0x0000000080000000, 0x0000000100000000)
  region size 1024K, 123 young (125952K), 10 survivors (10240K)
 Metaspace       used 85976K, capacity 88219K, committed 88348K, reserved 1126400K
  class space    used 11129K, capacity 11923K, committed 12032K, reserved 1048576K
GC Heap History (20 events):
Event: 2.128 GC heap before
{Heap before GC invocations=1 (full 0):
 garbage-first heap   total 260096K, used 115550K [0x0000000080000000, 0x0000000100000000)
  region size 1024K, 108 young (110592K), 2 survivors (2048K)
 Metaspace       used 20818K, capacity 21149K, committed 21296K, reserved 1069056K
  class space    used 2504K, capacity 2651K, committed 2688K, reserved 1048576K
}
Event: 2.137 GC heap after
{Heap after GC invocations=2 (full 0):
 garbage-first heap   total 260096K, used 17194K [0x0000000080000000, 0x0000000100000000)
  region size 1024K, 12 young (12288K), 12 survivors (12288K)
 Metaspace       used 20818K, capacity 21149K, committed 21296K, reserved 1069056K
  class space    used 2504K, capacity 2651K, committed 2688K, reserved 1048576K
}
Event: 2.612 GC heap before
{Heap before GC invocations=3 (full 0):
 garbage-first heap   total 260096K, used 66346K [0x0000000080000000, 0x0000000100000000)
  region size 1024K, 60 young (61440K), 12 survivors (12288K)
 Metaspace       used 26015K, capacity 26651K, committed 26800K, reserved 1073152K
  class space    used 3338K, capacity 3579K, committed 3584K, reserved 1048576K
}
Event: 2.620 GC heap after
{Heap after GC invocations=4 (full 0):
 garbage-first heap   total 260096K, used 19194K [0x0000000080000000, 0x0000000100000000)
  region size 1024K, 3 young (3072K), 3 survivors (3072K)
 Metaspace       used 26015K, capacity 26651K, committed 26800K, reserved 1073152K
  class space    used 3338K, capacity 3579K, committed 3584K, reserved 1048576K
}
Event: 3.386 GC heap before
{Heap before GC invocations=4 (full 0):
 garbage-first heap   total 260096K, used 88826K [0x0000000080000000, 0x0000000100000000)
  region size 1024K, 71 young (72704K), 3 survivors (3072K)
 Metaspace       used 34167K, capacity 34972K, committed 34992K, reserved 1079296K
  class space    used 4509K, capacity 4849K, committed 4864K, reserved 1048576K
}
Event: 3.391 GC heap after
{Heap after GC invocations=5 (full 0):
 garbage-first heap   total 260096K, used 21855K [0x0000000080000000, 0x0000000100000000)
  region size 1024K, 5 young (5120K), 5 survivors (5120K)
 Metaspace       used 34167K, capacity 34972K, committed 34992K, reserved 1079296K
  class space    used 4509K, capacity 4849K, committed 4864K, reserved 1048576K
}
Event: 3.434 GC heap before
{Heap before GC invocations=5 (full 0):
 garbage-first heap   total 260096K, used 23903K [0x0000000080000000, 0x0000000100000000)
  region size 1024K, 8 young (8192K), 5 survivors (5120K)
 Metaspace       used 34941K, capacity 35729K, committed 35888K, reserved 1081344K
  class space    used 4554K, capacity 4889K, committed 4992K, reserved 1048576K
}
Event: 3.442 GC heap after
{Heap after GC invocations=6 (full 0):
 garbage-first heap   total 260096K, used 22700K [0x0000000080000000, 0x0000000100000000)
  region size 1024K, 6 young (6144K), 6 survivors (6144K)
 Metaspace       used 34941K, capacity 35729K, committed 35888K, reserved 1081344K
  class space    used 4554K, capacity 4889K, committed 4992K, reserved 1048576K
}
Event: 4.094 GC heap before
{Heap before GC invocations=7 (full 0):
 garbage-first heap   total 260096K, used 86188K [0x0000000080000000, 0x0000000100000000)
  region size 1024K, 66 young (67584K), 6 survivors (6144K)
 Metaspace       used 40680K, capacity 41608K, committed 41832K, reserved 1085440K
  class space    used 5137K, capacity 5520K, committed 5632K, reserved 1048576K
}
Event: 4.106 GC heap after
{Heap after GC invocations=8 (full 0):
 garbage-first heap   total 260096K, used 28370K [0x0000000080000000, 0x0000000100000000)
  region size 1024K, 9 young (9216K), 9 survivors (9216K)
 Metaspace       used 40680K, capacity 41608K, committed 41832K, reserved 1085440K
  class space    used 5137K, capacity 5520K, committed 5632K, reserved 1048576K
}
Event: 5.016 GC heap before
{Heap before GC invocations=9 (full 0):
 garbage-first heap   total 260096K, used 112338K [0x0000000080000000, 0x0000000100000000)
  region size 1024K, 90 young (92160K), 9 survivors (9216K)
 Metaspace       used 47464K, capacity 48694K, committed 48872K, reserved 1091584K
  class space    used 6052K, capacity 6466K, committed 6528K, reserved 1048576K
}
Event: 5.027 GC heap after
{Heap after GC invocations=10 (full 0):
 garbage-first heap   total 260096K, used 31728K [0x0000000080000000, 0x0000000100000000)
  region size 1024K, 10 young (10240K), 10 survivors (10240K)
 Metaspace       used 47464K, capacity 48694K, committed 48872K, reserved 1091584K
  class space    used 6052K, capacity 6466K, committed 6528K, reserved 1048576K
}
Event: 6.371 GC heap before
{Heap before GC invocations=10 (full 0):
 garbage-first heap   total 260096K, used 147440K [0x0000000080000000, 0x0000000100000000)
  region size 1024K, 119 young (121856K), 10 survivors (10240K)
 Metaspace       used 57493K, capacity 59076K, committed 59112K, reserved 1101824K
  class space    used 7244K, capacity 7805K, committed 7808K, reserved 1048576K
}
Event: 6.385 GC heap after
{Heap after GC invocations=11 (full 0):
 garbage-first heap   total 260096K, used 46080K [0x0000000080000000, 0x0000000100000000)
  region size 1024K, 14 young (14336K), 14 survivors (14336K)
 Metaspace       used 57493K, capacity 59076K, committed 59112K, reserved 1101824K
  class space    used 7244K, capacity 7805K, committed 7808K, reserved 1048576K
}
Event: 7.536 GC heap before
{Heap before GC invocations=11 (full 0):
 garbage-first heap   total 260096K, used 168960K [0x0000000080000000, 0x0000000100000000)
  region size 1024K, 126 young (129024K), 14 survivors (14336K)
 Metaspace       used 67342K, capacity 68995K, committed 69224K, reserved 1110016K
  class space    used 8492K, capacity 9102K, committed 9216K, reserved 1048576K
}
Event: 7.555 GC heap after
{Heap after GC invocations=12 (full 0):
 garbage-first heap   total 260096K, used 55988K [0x0000000080000000, 0x0000000100000000)
  region size 1024K, 10 young (10240K), 10 survivors (10240K)
 Metaspace       used 67342K, capacity 68995K, committed 69224K, reserved 1110016K
  class space    used 8492K, capacity 9102K, committed 9216K, reserved 1048576K
}
Event: 7.766 GC heap before
{Heap before GC invocations=12 (full 0):
 garbage-first heap   total 260096K, used 89780K [0x0000000080000000, 0x0000000100000000)
  region size 1024K, 44 young (45056K), 10 survivors (10240K)
 Metaspace       used 68260K, capacity 70002K, committed 70148K, reserved 1110016K
  class space    used 8590K, capacity 9202K, committed 9216K, reserved 1048576K
}
Event: 7.783 GC heap after
{Heap after GC invocations=13 (full 0):
 garbage-first heap   total 312320K, used 58831K [0x0000000080000000, 0x0000000100000000)
  region size 1024K, 4 young (4096K), 4 survivors (4096K)
 Metaspace       used 68260K, capacity 70002K, committed 70148K, reserved 1110016K
  class space    used 8590K, capacity 9202K, committed 9216K, reserved 1048576K
}
Event: 9.270 GC heap before
{Heap before GC invocations=14 (full 0):
 garbage-first heap   total 312320K, used 180687K [0x0000000080000000, 0x0000000100000000)
  region size 1024K, 123 young (125952K), 4 survivors (4096K)
 Metaspace       used 80801K, capacity 82781K, committed 82972K, reserved 1122304K
  class space    used 10478K, capacity 11156K, committed 11264K, reserved 1048576K
}
Event: 9.285 GC heap after
{Heap after GC invocations=15 (full 0):
 garbage-first heap   total 312320K, used 64909K [0x0000000080000000, 0x0000000100000000)
  region size 1024K, 10 young (10240K), 10 survivors (10240K)
 Metaspace       used 80801K, capacity 82781K, committed 82972K, reserved 1122304K
  class space    used 10478K, capacity 11156K, committed 11264K, reserved 1048576K
}

