# JRE version: OpenJDK Runtime Environment (11.0.15) (build 11.0.15+0-b2043.56-9505619)
# Java VM: OpenJDK 64-Bit Server VM (11.0.15+0-b2043.56-9505619, mixed mode, tiered, compressed oops, g1 gc, windows-amd64)
Heap:
 garbage-first heap   total 312320K, used 160564K [0x0000000080000000, 0x0000000100000000)
  region size 1024K, 106 young (108544K), 13 survivors (13312K)
 Metaspace       used 90065K, capacity 92335K, committed 92392K, reserved 1130496K
  class space    used 11637K, capacity 12408K, committed 12416K, reserved 1048576K
GC Heap History (18 events):
Event: 0.561 GC heap before
{Heap before GC invocations=0 (full 0):
 garbage-first heap   total 260096K, used 16384K [0x0000000080000000, 0x0000000100000000)
  region size 1024K, 14 young (14336K), 0 survivors (0K)
 Metaspace       used 6744K, capacity 6929K, committed 7168K, reserved 1056768K
  class space    used 571K, capacity 650K, committed 768K, reserved 1048576K
}
Event: 0.566 GC heap after
{Heap after GC invocations=1 (full 0):
 garbage-first heap   total 260096K, used 3890K [0x0000000080000000, 0x0000000100000000)
  region size 1024K, 2 young (2048K), 2 survivors (2048K)
 Metaspace       used 6744K, capacity 6929K, committed 7168K, reserved 1056768K
  class space    used 571K, capacity 650K, committed 768K, reserved 1048576K
}
Event: 2.167 GC heap before
{Heap before GC invocations=1 (full 0):
 garbage-first heap   total 260096K, used 115506K [0x0000000080000000, 0x0000000100000000)
  region size 1024K, 108 young (110592K), 2 survivors (2048K)
 Metaspace       used 20818K, capacity 21153K, committed 21296K, reserved 1069056K
  class space    used 2505K, capacity 2651K, committed 2688K, reserved 1048576K
}
Event: 2.174 GC heap after
{Heap after GC invocations=2 (full 0):
 garbage-first heap   total 260096K, used 16689K [0x0000000080000000, 0x0000000100000000)
  region size 1024K, 12 young (12288K), 12 survivors (12288K)
 Metaspace       used 20818K, capacity 21153K, committed 21296K, reserved 1069056K
  class space    used 2505K, capacity 2651K, committed 2688K, reserved 1048576K
}
Event: 2.640 GC heap before
{Heap before GC invocations=3 (full 0):
 garbage-first heap   total 260096K, used 65841K [0x0000000080000000, 0x0000000100000000)
  region size 1024K, 60 young (61440K), 12 survivors (12288K)
 Metaspace       used 26012K, capacity 26655K, committed 26800K, reserved 1073152K
  class space    used 3338K, capacity 3579K, committed 3584K, reserved 1048576K
}
Event: 2.649 GC heap after
{Heap after GC invocations=4 (full 0):
 garbage-first heap   total 260096K, used 18679K [0x0000000080000000, 0x0000000100000000)
  region size 1024K, 3 young (3072K), 3 survivors (3072K)
 Metaspace       used 26012K, capacity 26655K, committed 26800K, reserved 1073152K
  class space    used 3338K, capacity 3579K, committed 3584K, reserved 1048576K
}
Event: 3.401 GC heap before
{Heap before GC invocations=4 (full 0):
 garbage-first heap   total 260096K, used 91383K [0x0000000080000000, 0x0000000100000000)
  region size 1024K, 75 young (76800K), 3 survivors (3072K)
 Metaspace       used 34924K, capacity 35731K, committed 35888K, reserved 1081344K
  class space    used 4552K, capacity 4887K, committed 4992K, reserved 1048576K
}
Event: 3.413 GC heap after
{Heap after GC invocations=5 (full 0):
 garbage-first heap   total 260096K, used 22045K [0x0000000080000000, 0x0000000100000000)
  region size 1024K, 6 young (6144K), 6 survivors (6144K)
 Metaspace       used 34924K, capacity 35731K, committed 35888K, reserved 1081344K
  class space    used 4552K, capacity 4887K, committed 4992K, reserved 1048576K
}
Event: 4.400 GC heap before
{Heap before GC invocations=6 (full 0):
 garbage-first heap   total 260096K, used 132637K [0x0000000080000000, 0x0000000100000000)
  region size 1024K, 111 young (113664K), 6 survivors (6144K)
 Metaspace       used 44740K, capacity 45894K, committed 46184K, reserved 1089536K
  class space    used 5652K, capacity 6068K, committed 6144K, reserved 1048576K
}
Event: 4.416 GC heap after
{Heap after GC invocations=7 (full 0):
 garbage-first heap   total 260096K, used 29631K [0x0000000080000000, 0x0000000100000000)
  region size 1024K, 13 young (13312K), 13 survivors (13312K)
 Metaspace       used 44740K, capacity 45894K, committed 46184K, reserved 1089536K
  class space    used 5652K, capacity 6068K, committed 6144K, reserved 1048576K
}
Event: 6.202 GC heap before
{Heap before GC invocations=8 (full 0):
 garbage-first heap   total 260096K, used 148415K [0x0000000080000000, 0x0000000100000000)
  region size 1024K, 128 young (131072K), 13 survivors (13312K)
 Metaspace       used 55989K, capacity 57420K, committed 57704K, reserved 1099776K
  class space    used 7091K, capacity 7582K, committed 7680K, reserved 1048576K
}
Event: 6.222 GC heap after
{Heap after GC invocations=9 (full 0):
 garbage-first heap   total 260096K, used 38943K [0x0000000080000000, 0x0000000100000000)
  region size 1024K, 16 young (16384K), 16 survivors (16384K)
 Metaspace       used 55989K, capacity 57420K, committed 57704K, reserved 1099776K
  class space    used 7091K, capacity 7582K, committed 7680K, reserved 1048576K
}
Event: 7.763 GC heap before
{Heap before GC invocations=9 (full 0):
 garbage-first heap   total 260096K, used 188447K [0x0000000080000000, 0x0000000100000000)
  region size 1024K, 152 young (155648K), 16 survivors (16384K)
 Metaspace       used 70386K, capacity 72080K, committed 72424K, reserved 1112064K
  class space    used 8852K, capacity 9489K, committed 9600K, reserved 1048576K
}
Event: 7.783 GC heap after
{Heap after GC invocations=10 (full 0):
 garbage-first heap   total 260096K, used 53805K [0x0000000080000000, 0x0000000100000000)
  region size 1024K, 19 young (19456K), 19 survivors (19456K)
 Metaspace       used 70386K, capacity 72080K, committed 72424K, reserved 1112064K
  class space    used 8852K, capacity 9489K, committed 9600K, reserved 1048576K
}
Event: 8.442 GC heap before
{Heap before GC invocations=10 (full 0):
 garbage-first heap   total 260096K, used 144941K [0x0000000080000000, 0x0000000100000000)
  region size 1024K, 108 young (110592K), 19 survivors (19456K)
 Metaspace       used 75061K, capacity 76783K, committed 76904K, reserved 1116160K
  class space    used 9498K, capacity 10150K, committed 10240K, reserved 1048576K
}
Event: 8.466 GC heap after
{Heap after GC invocations=11 (full 0):
 garbage-first heap   total 260096K, used 60928K [0x0000000080000000, 0x0000000100000000)
  region size 1024K, 7 young (7168K), 7 survivors (7168K)
 Metaspace       used 75061K, capacity 76783K, committed 76904K, reserved 1116160K
  class space    used 9498K, capacity 10150K, committed 10240K, reserved 1048576K
}
Event: 9.781 GC heap before
{Heap before GC invocations=12 (full 0):
 garbage-first heap   total 260096K, used 177664K [0x0000000080000000, 0x0000000100000000)
  region size 1024K, 121 young (123904K), 7 survivors (7168K)
 Metaspace       used 86464K, capacity 88476K, committed 88552K, reserved 1126400K
  class space    used 11193K, capacity 11891K, committed 11904K, reserved 1048576K
}
Event: 9.799 GC heap after
{Heap after GC invocations=13 (full 0):
 garbage-first heap   total 312320K, used 67380K [0x0000000080000000, 0x0000000100000000)
  region size 1024K, 13 young (13312K), 13 survivors (13312K)
 Metaspace       used 86464K, capacity 88476K, committed 88552K, reserved 1126400K
  class space    used 11193K, capacity 11891K, committed 11904K, reserved 1048576K
}

