# JRE version: OpenJDK Runtime Environment (11.0.15) (build 11.0.15+0-b2043.56-9505619)
# Java VM: OpenJDK 64-Bit Server VM (11.0.15+0-b2043.56-9505619, mixed mode, tiered, compressed oops, g1 gc, windows-amd64)
Heap:
 garbage-first heap   total 312320K, used 225823K [0x0000000080000000, 0x0000000100000000)
  region size 1024K, 44 young (45056K), 10 survivors (10240K)
 Metaspace       used 107101K, capacity 110196K, committed 110500K, reserved 1144832K
  class space    used 13344K, capacity 14413K, committed 14464K, reserved 1048576K
GC Heap History (20 events):
Event: 6.713 GC heap before
{Heap before GC invocations=10 (full 0):
 garbage-first heap   total 260096K, used 180549K [0x0000000080000000, 0x0000000100000000)
  region size 1024K, 143 young (146432K), 16 survivors (16384K)
 Metaspace       used 65487K, capacity 67116K, committed 67304K, reserved 1107968K
  class space    used 8218K, capacity 8824K, committed 8832K, reserved 1048576K
}
Event: 6.735 GC heap after
{Heap after GC invocations=11 (full 0):
 garbage-first heap   total 312320K, used 53581K [0x0000000080000000, 0x0000000100000000)
  region size 1024K, 10 young (10240K), 10 survivors (10240K)
 Metaspace       used 65487K, capacity 67116K, committed 67304K, reserved 1107968K
  class space    used 8218K, capacity 8824K, committed 8832K, reserved 1048576K
}
Event: 7.597 GC heap before
{Heap before GC invocations=11 (full 0):
 garbage-first heap   total 312320K, used 152909K [0x0000000080000000, 0x0000000100000000)
  region size 1024K, 108 young (110592K), 10 survivors (10240K)
 Metaspace       used 72261K, capacity 74025K, committed 74088K, reserved 1114112K
  class space    used 9298K, capacity 9941K, committed 9984K, reserved 1048576K
}
Event: 7.612 GC heap after
{Heap after GC invocations=12 (full 0):
 garbage-first heap   total 312320K, used 59156K [0x0000000080000000, 0x0000000100000000)
  region size 1024K, 15 young (15360K), 15 survivors (15360K)
 Metaspace       used 72261K, capacity 74025K, committed 74088K, reserved 1114112K
  class space    used 9298K, capacity 9941K, committed 9984K, reserved 1048576K
}
Event: 20.803 GC heap before
{Heap before GC invocations=13 (full 0):
 garbage-first heap   total 312320K, used 255764K [0x0000000080000000, 0x0000000100000000)
  region size 1024K, 156 young (159744K), 15 survivors (15360K)
 Metaspace       used 83547K, capacity 85954K, committed 86052K, reserved 1124352K
  class space    used 10609K, capacity 11491K, committed 11520K, reserved 1048576K
}
Event: 20.828 GC heap after
{Heap after GC invocations=14 (full 0):
 garbage-first heap   total 312320K, used 128678K [0x0000000080000000, 0x0000000100000000)
  region size 1024K, 20 young (20480K), 20 survivors (20480K)
 Metaspace       used 83547K, capacity 85954K, committed 86052K, reserved 1124352K
  class space    used 10609K, capacity 11491K, committed 11520K, reserved 1048576K
}
Event: 21.670 GC heap before
{Heap before GC invocations=15 (full 0):
 garbage-first heap   total 312320K, used 265894K [0x0000000080000000, 0x0000000100000000)
  region size 1024K, 128 young (131072K), 20 survivors (20480K)
 Metaspace       used 87421K, capacity 90053K, committed 90148K, reserved 1128448K
  class space    used 11057K, capacity 12000K, committed 12032K, reserved 1048576K
}
Event: 21.700 GC heap after
{Heap after GC invocations=16 (full 0):
 garbage-first heap   total 312320K, used 166328K [0x0000000080000000, 0x0000000100000000)
  region size 1024K, 10 young (10240K), 10 survivors (10240K)
 Metaspace       used 87421K, capacity 90053K, committed 90148K, reserved 1128448K
  class space    used 11057K, capacity 12000K, committed 12032K, reserved 1048576K
}
Event: 21.753 GC heap before
{Heap before GC invocations=16 (full 0):
 garbage-first heap   total 312320K, used 171448K [0x0000000080000000, 0x0000000100000000)
  region size 1024K, 16 young (16384K), 10 survivors (10240K)
 Metaspace       used 87996K, capacity 90667K, committed 91044K, reserved 1128448K
  class space    used 11112K, capacity 12033K, committed 12160K, reserved 1048576K
}
Event: 21.761 GC heap after
{Heap after GC invocations=17 (full 0):
 garbage-first heap   total 312320K, used 167650K [0x0000000080000000, 0x0000000100000000)
  region size 1024K, 2 young (2048K), 2 survivors (2048K)
 Metaspace       used 87996K, capacity 90667K, committed 91044K, reserved 1128448K
  class space    used 11112K, capacity 12033K, committed 12160K, reserved 1048576K
}
Event: 22.748 GC heap before
{Heap before GC invocations=18 (full 0):
 garbage-first heap   total 312320K, used 250594K [0x0000000080000000, 0x0000000100000000)
  region size 1024K, 82 young (83968K), 2 survivors (2048K)
 Metaspace       used 96789K, capacity 99617K, committed 99876K, reserved 1136640K
  class space    used 12232K, capacity 13196K, committed 13312K, reserved 1048576K
}
Event: 22.757 GC heap after
{Heap after GC invocations=19 (full 0):
 garbage-first heap   total 312320K, used 170180K [0x0000000080000000, 0x0000000100000000)
  region size 1024K, 5 young (5120K), 5 survivors (5120K)
 Metaspace       used 96789K, capacity 99617K, committed 99876K, reserved 1136640K
  class space    used 12232K, capacity 13196K, committed 13312K, reserved 1048576K
}
Event: 23.748 GC heap before
{Heap before GC invocations=19 (full 0):
 garbage-first heap   total 312320K, used 252100K [0x0000000080000000, 0x0000000100000000)
  region size 1024K, 86 young (88064K), 5 survivors (5120K)
 Metaspace       used 100301K, capacity 103101K, committed 103332K, reserved 1138688K
  class space    used 12602K, capacity 13587K, committed 13696K, reserved 1048576K
}
Event: 23.762 GC heap after
{Heap after GC invocations=20 (full 0):
 garbage-first heap   total 312320K, used 178176K [0x0000000080000000, 0x0000000100000000)
  region size 1024K, 11 young (11264K), 11 survivors (11264K)
 Metaspace       used 100301K, capacity 103101K, committed 103332K, reserved 1138688K
  class space    used 12602K, capacity 13587K, committed 13696K, reserved 1048576K
}
Event: 24.585 GC heap before
{Heap before GC invocations=21 (full 0):
 garbage-first heap   total 312320K, used 257024K [0x0000000080000000, 0x0000000100000000)
  region size 1024K, 88 young (90112K), 11 survivors (11264K)
 Metaspace       used 102874K, capacity 105716K, committed 105892K, reserved 1140736K
  class space    used 12867K, capacity 13844K, committed 13952K, reserved 1048576K
}
Event: 24.605 GC heap after
{Heap after GC invocations=22 (full 0):
 garbage-first heap   total 312320K, used 183741K [0x0000000080000000, 0x0000000100000000)
  region size 1024K, 6 young (6144K), 6 survivors (6144K)
 Metaspace       used 102874K, capacity 105716K, committed 105892K, reserved 1140736K
  class space    used 12867K, capacity 13844K, committed 13952K, reserved 1048576K
}
Event: 76.402 GC heap before
{Heap before GC invocations=22 (full 0):
 garbage-first heap   total 312320K, used 257469K [0x0000000080000000, 0x0000000100000000)
  region size 1024K, 79 young (80896K), 6 survivors (6144K)
 Metaspace       used 104709K, capacity 107783K, committed 107940K, reserved 1142784K
  class space    used 13068K, capacity 14089K, committed 14208K, reserved 1048576K
}
Event: 76.413 GC heap after
{Heap after GC invocations=23 (full 0):
 garbage-first heap   total 312320K, used 185310K [0x0000000080000000, 0x0000000100000000)
  region size 1024K, 2 young (2048K), 2 survivors (2048K)
 Metaspace       used 104709K, capacity 107783K, committed 107940K, reserved 1142784K
  class space    used 13068K, capacity 14089K, committed 14208K, reserved 1048576K
}
Event: 77.397 GC heap before
{Heap before GC invocations=24 (full 0):
 garbage-first heap   total 312320K, used 261086K [0x0000000080000000, 0x0000000100000000)
  region size 1024K, 76 young (77824K), 2 survivors (2048K)
 Metaspace       used 106383K, capacity 109463K, committed 109604K, reserved 1144832K
  class space    used 13240K, capacity 14281K, committed 14336K, reserved 1048576K
}
Event: 77.411 GC heap after
{Heap after GC invocations=25 (full 0):
 garbage-first heap   total 312320K, used 193055K [0x0000000080000000, 0x0000000100000000)
  region size 1024K, 10 young (10240K), 10 survivors (10240K)
 Metaspace       used 106383K, capacity 109463K, committed 109604K, reserved 1144832K
  class space    used 13240K, capacity 14281K, committed 14336K, reserved 1048576K
}

