# JRE version: OpenJDK Runtime Environment (11.0.15) (build 11.0.15+0-b2043.56-9505619)
# Java VM: OpenJDK 64-Bit Server VM (11.0.15+0-b2043.56-9505619, mixed mode, tiered, compressed oops, g1 gc, windows-amd64)
Heap:
 garbage-first heap   total 317440K, used 117597K [0x0000000080000000, 0x0000000100000000)
  region size 1024K, 61 young (62464K), 20 survivors (20480K)
 Metaspace       used 90304K, capacity 92636K, committed 93012K, reserved 1130496K
  class space    used 11460K, capacity 12241K, committed 12364K, reserved 1048576K
GC Heap History (20 events):
Event: 1.178 GC heap before
{Heap before GC invocations=2 (full 0):
 garbage-first heap   total 260096K, used 37160K [0x0000000080000000, 0x0000000100000000)
  region size 1024K, 29 young (29696K), 3 survivors (3072K)
 Metaspace       used 10991K, capacity 11213K, committed 11520K, reserved 1058816K
  class space    used 1123K, capacity 1211K, committed 1280K, reserved 1048576K
}
Event: 1.181 GC heap after
{Heap after GC invocations=3 (full 0):
 garbage-first heap   total 260096K, used 13663K [0x0000000080000000, 0x0000000100000000)
  region size 1024K, 4 young (4096K), 4 survivors (4096K)
 Metaspace       used 10991K, capacity 11213K, committed 11520K, reserved 1058816K
  class space    used 1123K, capacity 1211K, committed 1280K, reserved 1048576K
}
Event: 1.891 GC heap before
{Heap before GC invocations=3 (full 0):
 garbage-first heap   total 260096K, used 57695K [0x0000000080000000, 0x0000000100000000)
  region size 1024K, 47 young (48128K), 4 survivors (4096K)
 Metaspace       used 19359K, capacity 19740K, committed 19840K, reserved 1067008K
  class space    used 2287K, capacity 2417K, committed 2432K, reserved 1048576K
}
Event: 1.896 GC heap after
{Heap after GC invocations=4 (full 0):
 garbage-first heap   total 260096K, used 17236K [0x0000000080000000, 0x0000000100000000)
  region size 1024K, 3 young (3072K), 3 survivors (3072K)
 Metaspace       used 19359K, capacity 19740K, committed 19840K, reserved 1067008K
  class space    used 2287K, capacity 2417K, committed 2432K, reserved 1048576K
}
Event: 2.000 GC heap before
{Heap before GC invocations=4 (full 0):
 garbage-first heap   total 260096K, used 33620K [0x0000000080000000, 0x0000000100000000)
  region size 1024K, 20 young (20480K), 3 survivors (3072K)
 Metaspace       used 20819K, capacity 21149K, committed 21296K, reserved 1069056K
  class space    used 2508K, capacity 2651K, committed 2688K, reserved 1048576K
}
Event: 2.004 GC heap after
{Heap after GC invocations=5 (full 0):
 garbage-first heap   total 260096K, used 17735K [0x0000000080000000, 0x0000000100000000)
  region size 1024K, 4 young (4096K), 4 survivors (4096K)
 Metaspace       used 20819K, capacity 21149K, committed 21296K, reserved 1069056K
  class space    used 2508K, capacity 2651K, committed 2688K, reserved 1048576K
}
Event: 2.518 GC heap before
{Heap before GC invocations=6 (full 0):
 garbage-first heap   total 260096K, used 75079K [0x0000000080000000, 0x0000000100000000)
  region size 1024K, 60 young (61440K), 4 survivors (4096K)
 Metaspace       used 26959K, capacity 27611K, committed 27824K, reserved 1073152K
  class space    used 3503K, capacity 3734K, committed 3840K, reserved 1048576K
}
Event: 2.523 GC heap after
{Heap after GC invocations=7 (full 0):
 garbage-first heap   total 260096K, used 19741K [0x0000000080000000, 0x0000000100000000)
  region size 1024K, 6 young (6144K), 6 survivors (6144K)
 Metaspace       used 26959K, capacity 27611K, committed 27824K, reserved 1073152K
  class space    used 3503K, capacity 3734K, committed 3840K, reserved 1048576K
}
Event: 3.173 GC heap before
{Heap before GC invocations=7 (full 0):
 garbage-first heap   total 260096K, used 84253K [0x0000000080000000, 0x0000000100000000)
  region size 1024K, 70 young (71680K), 6 survivors (6144K)
 Metaspace       used 34947K, capacity 35729K, committed 35888K, reserved 1081344K
  class space    used 4558K, capacity 4889K, committed 4992K, reserved 1048576K
}
Event: 3.185 GC heap after
{Heap after GC invocations=8 (full 0):
 garbage-first heap   total 260096K, used 23060K [0x0000000080000000, 0x0000000100000000)
  region size 1024K, 9 young (9216K), 9 survivors (9216K)
 Metaspace       used 34947K, capacity 35729K, committed 35888K, reserved 1081344K
  class space    used 4558K, capacity 4889K, committed 4992K, reserved 1048576K
}
Event: 4.338 GC heap before
{Heap before GC invocations=9 (full 0):
 garbage-first heap   total 260096K, used 160276K [0x0000000080000000, 0x0000000100000000)
  region size 1024K, 139 young (142336K), 9 survivors (9216K)
 Metaspace       used 46363K, capacity 47605K, committed 47720K, reserved 1091584K
  class space    used 5925K, capacity 6338K, committed 6400K, reserved 1048576K
}
Event: 4.357 GC heap after
{Heap after GC invocations=10 (full 0):
 garbage-first heap   total 260096K, used 32044K [0x0000000080000000, 0x0000000100000000)
  region size 1024K, 18 young (18432K), 18 survivors (18432K)
 Metaspace       used 46363K, capacity 47605K, committed 47720K, reserved 1091584K
  class space    used 5925K, capacity 6338K, committed 6400K, reserved 1048576K
}
Event: 5.830 GC heap before
{Heap before GC invocations=11 (full 0):
 garbage-first heap   total 260096K, used 173356K [0x0000000080000000, 0x0000000100000000)
  region size 1024K, 152 young (155648K), 18 survivors (18432K)
 Metaspace       used 58886K, capacity 60516K, committed 60648K, reserved 1101824K
  class space    used 7406K, capacity 7979K, committed 8064K, reserved 1048576K
}
Event: 5.859 GC heap after
{Heap after GC invocations=12 (full 0):
 garbage-first heap   total 260096K, used 46001K [0x0000000080000000, 0x0000000100000000)
  region size 1024K, 19 young (19456K), 19 survivors (19456K)
 Metaspace       used 58886K, capacity 60516K, committed 60648K, reserved 1101824K
  class space    used 7406K, capacity 7979K, committed 8064K, reserved 1048576K
}
Event: 7.155 GC heap before
{Heap before GC invocations=12 (full 0):
 garbage-first heap   total 260096K, used 190385K [0x0000000080000000, 0x0000000100000000)
  region size 1024K, 152 young (155648K), 19 survivors (19456K)
 Metaspace       used 67863K, capacity 69594K, committed 69736K, reserved 1110016K
  class space    used 8557K, capacity 9171K, committed 9216K, reserved 1048576K
}
Event: 7.175 GC heap after
{Heap after GC invocations=13 (full 0):
 garbage-first heap   total 317440K, used 56832K [0x0000000080000000, 0x0000000100000000)
  region size 1024K, 11 young (11264K), 11 survivors (11264K)
 Metaspace       used 67863K, capacity 69594K, committed 69736K, reserved 1110016K
  class space    used 8557K, capacity 9171K, committed 9216K, reserved 1048576K
}
Event: 8.212 GC heap before
{Heap before GC invocations=13 (full 0):
 garbage-first heap   total 317440K, used 148992K [0x0000000080000000, 0x0000000100000000)
  region size 1024K, 103 young (105472K), 11 survivors (11264K)
 Metaspace       used 77843K, capacity 79868K, committed 79960K, reserved 1118208K
  class space    used 10006K, capacity 10726K, committed 10752K, reserved 1048576K
}
Event: 8.228 GC heap after
{Heap after GC invocations=14 (full 0):
 garbage-first heap   total 317440K, used 65536K [0x0000000080000000, 0x0000000100000000)
  region size 1024K, 19 young (19456K), 19 survivors (19456K)
 Metaspace       used 77843K, capacity 79868K, committed 79960K, reserved 1118208K
  class space    used 10006K, capacity 10726K, committed 10752K, reserved 1048576K
}
Event: 13.002 GC heap before
{Heap before GC invocations=15 (full 0):
 garbage-first heap   total 317440K, used 227328K [0x0000000080000000, 0x0000000100000000)
  region size 1024K, 178 young (182272K), 19 survivors (19456K)
 Metaspace       used 89202K, capacity 91436K, committed 91732K, reserved 1128448K
  class space    used 11287K, capacity 12045K, committed 12108K, reserved 1048576K
}
Event: 13.043 GC heap after
{Heap after GC invocations=16 (full 0):
 garbage-first heap   total 317440K, used 76637K [0x0000000080000000, 0x0000000100000000)
  region size 1024K, 20 young (20480K), 20 survivors (20480K)
 Metaspace       used 89202K, capacity 91436K, committed 91732K, reserved 1128448K
  class space    used 11287K, capacity 12045K, committed 12108K, reserved 1048576K
}

