# JRE version: OpenJDK Runtime Environment (11.0.15) (build 11.0.15+0-b2043.56-9505619)
# Java VM: OpenJDK 64-Bit Server VM (11.0.15+0-b2043.56-9505619, mixed mode, tiered, compressed oops, g1 gc, windows-amd64)
Heap:
 garbage-first heap   total 260096K, used 217975K [0x0000000080000000, 0x0000000100000000)
  region size 1024K, 30 young (30720K), 5 survivors (5120K)
 Metaspace       used 106544K, capacity 109674K, committed 109988K, reserved 1144832K
  class space    used 13316K, capacity 14351K, committed 14412K, reserved 1048576K
GC Heap History (20 events):
Event: 9.357 GC heap before
{Heap before GC invocations=15 (full 0):
 garbage-first heap   total 260096K, used 228556K [0x0000000080000000, 0x0000000100000000)
  region size 1024K, 85 young (87040K), 14 survivors (14336K)
 Metaspace       used 81198K, capacity 83497K, committed 83620K, reserved 1122304K
  class space    used 10460K, capacity 11244K, committed 11340K, reserved 1048576K
}
Event: 9.369 GC heap after
{Heap after GC invocations=16 (full 0):
 garbage-first heap   total 260096K, used 163630K [0x0000000080000000, 0x0000000100000000)
  region size 1024K, 7 young (7168K), 7 survivors (7168K)
 Metaspace       used 81198K, capacity 83497K, committed 83620K, reserved 1122304K
  class space    used 10460K, capacity 11244K, committed 11340K, reserved 1048576K
}
Event: 9.658 GC heap before
{Heap before GC invocations=16 (full 0):
 garbage-first heap   total 260096K, used 217902K [0x0000000080000000, 0x0000000100000000)
  region size 1024K, 60 young (61440K), 7 survivors (7168K)
 Metaspace       used 83371K, capacity 85803K, committed 86052K, reserved 1124352K
  class space    used 10739K, capacity 11604K, committed 11724K, reserved 1048576K
}
Event: 9.664 GC heap after
{Heap after GC invocations=17 (full 0):
 garbage-first heap   total 260096K, used 166427K [0x0000000080000000, 0x0000000100000000)
  region size 1024K, 3 young (3072K), 3 survivors (3072K)
 Metaspace       used 83371K, capacity 85803K, committed 86052K, reserved 1124352K
  class space    used 10739K, capacity 11604K, committed 11724K, reserved 1048576K
}
Event: 9.943 GC heap before
{Heap before GC invocations=18 (full 0):
 garbage-first heap   total 260096K, used 220699K [0x0000000080000000, 0x0000000100000000)
  region size 1024K, 56 young (57344K), 3 survivors (3072K)
 Metaspace       used 86762K, capacity 89227K, committed 89380K, reserved 1126400K
  class space    used 11075K, capacity 11932K, committed 11980K, reserved 1048576K
}
Event: 9.947 GC heap after
{Heap after GC invocations=19 (full 0):
 garbage-first heap   total 260096K, used 166454K [0x0000000080000000, 0x0000000100000000)
  region size 1024K, 3 young (3072K), 3 survivors (3072K)
 Metaspace       used 86762K, capacity 89227K, committed 89380K, reserved 1126400K
  class space    used 11075K, capacity 11932K, committed 11980K, reserved 1048576K
}
Event: 10.548 GC heap before
{Heap before GC invocations=19 (full 0):
 garbage-first heap   total 260096K, used 221750K [0x0000000080000000, 0x0000000100000000)
  region size 1024K, 57 young (58368K), 3 survivors (3072K)
 Metaspace       used 92818K, capacity 95359K, committed 95652K, reserved 1132544K
  class space    used 11905K, capacity 12781K, committed 12876K, reserved 1048576K
}
Event: 10.555 GC heap after
{Heap after GC invocations=20 (full 0):
 garbage-first heap   total 260096K, used 169448K [0x0000000080000000, 0x0000000100000000)
  region size 1024K, 6 young (6144K), 6 survivors (6144K)
 Metaspace       used 92818K, capacity 95359K, committed 95652K, reserved 1132544K
  class space    used 11905K, capacity 12781K, committed 12876K, reserved 1048576K
}
Event: 11.329 GC heap before
{Heap before GC invocations=21 (full 0):
 garbage-first heap   total 260096K, used 223720K [0x0000000080000000, 0x0000000100000000)
  region size 1024K, 59 young (60416K), 6 survivors (6144K)
 Metaspace       used 96964K, capacity 99648K, committed 99748K, reserved 1136640K
  class space    used 12407K, capacity 13322K, committed 13388K, reserved 1048576K
}
Event: 11.343 GC heap after
{Heap after GC invocations=22 (full 0):
 garbage-first heap   total 260096K, used 174993K [0x0000000080000000, 0x0000000100000000)
  region size 1024K, 8 young (8192K), 8 survivors (8192K)
 Metaspace       used 96964K, capacity 99648K, committed 99748K, reserved 1136640K
  class space    used 12407K, capacity 13322K, committed 13388K, reserved 1048576K
}
Event: 11.894 GC heap before
{Heap before GC invocations=22 (full 0):
 garbage-first heap   total 260096K, used 222097K [0x0000000080000000, 0x0000000100000000)
  region size 1024K, 55 young (56320K), 8 survivors (8192K)
 Metaspace       used 97651K, capacity 100408K, committed 100644K, reserved 1136640K
  class space    used 12452K, capacity 13388K, committed 13516K, reserved 1048576K
}
Event: 11.908 GC heap after
{Heap after GC invocations=23 (full 0):
 garbage-first heap   total 260096K, used 179310K [0x0000000080000000, 0x0000000100000000)
  region size 1024K, 5 young (5120K), 5 survivors (5120K)
 Metaspace       used 97651K, capacity 100408K, committed 100644K, reserved 1136640K
  class space    used 12452K, capacity 13388K, committed 13516K, reserved 1048576K
}
Event: 12.468 GC heap before
{Heap before GC invocations=24 (full 0):
 garbage-first heap   total 260096K, used 221294K [0x0000000080000000, 0x0000000100000000)
  region size 1024K, 47 young (48128K), 5 survivors (5120K)
 Metaspace       used 99288K, capacity 102138K, committed 102308K, reserved 1138688K
  class space    used 12589K, capacity 13554K, committed 13644K, reserved 1048576K
}
Event: 12.477 GC heap after
{Heap after GC invocations=25 (full 0):
 garbage-first heap   total 260096K, used 182643K [0x0000000080000000, 0x0000000100000000)
  region size 1024K, 4 young (4096K), 4 survivors (4096K)
 Metaspace       used 99288K, capacity 102138K, committed 102308K, reserved 1138688K
  class space    used 12589K, capacity 13554K, committed 13644K, reserved 1048576K
}
Event: 42.315 GC heap before
{Heap before GC invocations=25 (full 0):
 garbage-first heap   total 260096K, used 221555K [0x0000000080000000, 0x0000000100000000)
  region size 1024K, 43 young (44032K), 4 survivors (4096K)
 Metaspace       used 103503K, capacity 106563K, committed 106788K, reserved 1142784K
  class space    used 12943K, capacity 13933K, committed 14028K, reserved 1048576K
}
Event: 42.326 GC heap after
{Heap after GC invocations=26 (full 0):
 garbage-first heap   total 260096K, used 184741K [0x0000000080000000, 0x0000000100000000)
  region size 1024K, 3 young (3072K), 3 survivors (3072K)
 Metaspace       used 103503K, capacity 106563K, committed 106788K, reserved 1142784K
  class space    used 12943K, capacity 13933K, committed 14028K, reserved 1048576K
}
Event: 43.246 GC heap before
{Heap before GC invocations=27 (full 0):
 garbage-first heap   total 260096K, used 223653K [0x0000000080000000, 0x0000000100000000)
  region size 1024K, 41 young (41984K), 3 survivors (3072K)
 Metaspace       used 105062K, capacity 108107K, committed 108196K, reserved 1142784K
  class space    used 13093K, capacity 14107K, committed 14156K, reserved 1048576K
}
Event: 43.257 GC heap after
{Heap after GC invocations=28 (full 0):
 garbage-first heap   total 260096K, used 189111K [0x0000000080000000, 0x0000000100000000)
  region size 1024K, 6 young (6144K), 6 survivors (6144K)
 Metaspace       used 105062K, capacity 108107K, committed 108196K, reserved 1142784K
  class space    used 13093K, capacity 14107K, committed 14156K, reserved 1048576K
}
Event: 43.486 GC heap before
{Heap before GC invocations=28 (full 0):
 garbage-first heap   total 260096K, used 223927K [0x0000000080000000, 0x0000000100000000)
  region size 1024K, 40 young (40960K), 6 survivors (6144K)
 Metaspace       used 105268K, capacity 108263K, committed 108452K, reserved 1144832K
  class space    used 13113K, capacity 14112K, committed 14156K, reserved 1048576K
}
Event: 43.507 GC heap after
{Heap after GC invocations=29 (full 0):
 garbage-first heap   total 260096K, used 194423K [0x0000000080000000, 0x0000000100000000)
  region size 1024K, 5 young (5120K), 5 survivors (5120K)
 Metaspace       used 105268K, capacity 108263K, committed 108452K, reserved 1144832K
  class space    used 13113K, capacity 14112K, committed 14156K, reserved 1048576K
}

