# JRE version: OpenJDK Runtime Environment Corretto-11.0.18.10.1 (11.0.18+10) (build 11.0.18+10-LTS)
# Java VM: OpenJDK 64-Bit Server VM Corretto-11.0.18.10.1 (11.0.18+10-LTS, mixed mode, tiered, compressed oops, g1 gc, windows-amd64)
Heap:
 garbage-first heap   total 260096K, used 213201K [0x0000000080000000, 0x0000000100000000)
  region size 1024K, 19 young (19456K), 4 survivors (4096K)
 Metaspace       used 114593K, capacity 117844K, committed 118180K, reserved 1153024K
  class space    used 14193K, capacity 15329K, committed 15436K, reserved 1048576K
GC Heap History (20 events):
Event: 80.047 GC heap before
{Heap before GC invocations=41 (full 0):
 garbage-first heap   total 260096K, used 221184K [0x0000000080000000, 0x0000000100000000)
  region size 1024K, 34 young (34816K), 2 survivors (2048K)
 Metaspace       used 111141K, capacity 114072K, committed 114340K, reserved 1148928K
  class space    used 13857K, capacity 14887K, committed 14924K, reserved 1048576K
}
Event: 80.052 GC heap after
{Heap after GC invocations=42 (full 0):
 garbage-first heap   total 260096K, used 191231K [0x0000000080000000, 0x0000000100000000)
  region size 1024K, 4 young (4096K), 4 survivors (4096K)
 Metaspace       used 111141K, capacity 114072K, committed 114340K, reserved 1148928K
  class space    used 13857K, capacity 14887K, committed 14924K, reserved 1048576K
}
Event: 80.756 GC heap before
{Heap before GC invocations=42 (full 0):
 garbage-first heap   total 260096K, used 222975K [0x0000000080000000, 0x0000000100000000)
  region size 1024K, 35 young (35840K), 4 survivors (4096K)
 Metaspace       used 111566K, capacity 114623K, committed 114980K, reserved 1148928K
  class space    used 13881K, capacity 14931K, committed 15052K, reserved 1048576K
}
Event: 80.769 GC heap after
{Heap after GC invocations=43 (full 0):
 garbage-first heap   total 260096K, used 194510K [0x0000000080000000, 0x0000000100000000)
  region size 1024K, 5 young (5120K), 5 survivors (5120K)
 Metaspace       used 111566K, capacity 114623K, committed 114980K, reserved 1148928K
  class space    used 13881K, capacity 14931K, committed 15052K, reserved 1048576K
}
Event: 81.296 GC heap before
{Heap before GC invocations=44 (full 0):
 garbage-first heap   total 260096K, used 223182K [0x0000000080000000, 0x0000000100000000)
  region size 1024K, 34 young (34816K), 5 survivors (5120K)
 Metaspace       used 111884K, capacity 115046K, committed 115236K, reserved 1148928K
  class space    used 13891K, capacity 14981K, committed 15052K, reserved 1048576K
}
Event: 81.306 GC heap after
{Heap after GC invocations=45 (full 0):
 garbage-first heap   total 260096K, used 197591K [0x0000000080000000, 0x0000000100000000)
  region size 1024K, 4 young (4096K), 4 survivors (4096K)
 Metaspace       used 111884K, capacity 115046K, committed 115236K, reserved 1148928K
  class space    used 13891K, capacity 14981K, committed 15052K, reserved 1048576K
}
Event: 81.501 GC heap before
{Heap before GC invocations=45 (full 0):
 garbage-first heap   total 260096K, used 224215K [0x0000000080000000, 0x0000000100000000)
  region size 1024K, 30 young (30720K), 4 survivors (4096K)
 Metaspace       used 112014K, capacity 115127K, committed 115236K, reserved 1148928K
  class space    used 13893K, capacity 14983K, committed 15052K, reserved 1048576K
}
Event: 81.510 GC heap after
{Heap after GC invocations=46 (full 0):
 garbage-first heap   total 260096K, used 199625K [0x0000000080000000, 0x0000000100000000)
  region size 1024K, 3 young (3072K), 3 survivors (3072K)
 Metaspace       used 112014K, capacity 115127K, committed 115236K, reserved 1148928K
  class space    used 13893K, capacity 14983K, committed 15052K, reserved 1048576K
}
Event: 99.638 GC heap before
{Heap before GC invocations=47 (full 0):
 garbage-first heap   total 260096K, used 225225K [0x0000000080000000, 0x0000000100000000)
  region size 1024K, 28 young (28672K), 3 survivors (3072K)
 Metaspace       used 112128K, capacity 115262K, committed 115492K, reserved 1150976K
  class space    used 13895K, capacity 14982K, committed 15052K, reserved 1048576K
}
Event: 99.642 GC heap after
{Heap after GC invocations=48 (full 0):
 garbage-first heap   total 260096K, used 201126K [0x0000000080000000, 0x0000000100000000)
  region size 1024K, 4 young (4096K), 4 survivors (4096K)
 Metaspace       used 112128K, capacity 115262K, committed 115492K, reserved 1150976K
  class space    used 13895K, capacity 14982K, committed 15052K, reserved 1048576K
}
Event: 99.852 GC heap before
{Heap before GC invocations=48 (full 0):
 garbage-first heap   total 260096K, used 209318K [0x0000000080000000, 0x0000000100000000)
  region size 1024K, 12 young (12288K), 4 survivors (4096K)
 Metaspace       used 112188K, capacity 115352K, committed 115492K, reserved 1150976K
  class space    used 13901K, capacity 14989K, committed 15052K, reserved 1048576K
}
Event: 99.865 GC heap after
{Heap after GC invocations=49 (full 0):
 garbage-first heap   total 260096K, used 198884K [0x0000000080000000, 0x0000000100000000)
  region size 1024K, 2 young (2048K), 2 survivors (2048K)
 Metaspace       used 112188K, capacity 115352K, committed 115492K, reserved 1150976K
  class space    used 13901K, capacity 14989K, committed 15052K, reserved 1048576K
}
Event: 100.507 GC heap before
{Heap before GC invocations=49 (full 0):
 garbage-first heap   total 260096K, used 224484K [0x0000000080000000, 0x0000000100000000)
  region size 1024K, 27 young (27648K), 2 survivors (2048K)
 Metaspace       used 112898K, capacity 116074K, committed 116388K, reserved 1150976K
  class space    used 13981K, capacity 15083K, committed 15180K, reserved 1048576K
}
Event: 100.523 GC heap after
{Heap after GC invocations=50 (full 0):
 garbage-first heap   total 260096K, used 200824K [0x0000000080000000, 0x0000000100000000)
  region size 1024K, 4 young (4096K), 4 survivors (4096K)
 Metaspace       used 112898K, capacity 116074K, committed 116388K, reserved 1150976K
  class space    used 13981K, capacity 15083K, committed 15180K, reserved 1048576K
}
Event: 101.082 GC heap before
{Heap before GC invocations=51 (full 0):
 garbage-first heap   total 260096K, used 224147K [0x0000000080000000, 0x0000000100000000)
  region size 1024K, 28 young (28672K), 4 survivors (4096K)
 Metaspace       used 113903K, capacity 117105K, committed 117284K, reserved 1150976K
  class space    used 14083K, capacity 15181K, committed 15308K, reserved 1048576K
}
Event: 101.091 GC heap after
{Heap after GC invocations=52 (full 0):
 garbage-first heap   total 260096K, used 202020K [0x0000000080000000, 0x0000000100000000)
  region size 1024K, 3 young (3072K), 3 survivors (3072K)
 Metaspace       used 113903K, capacity 117105K, committed 117284K, reserved 1150976K
  class space    used 14083K, capacity 15181K, committed 15308K, reserved 1048576K
}
Event: 101.135 GC heap before
{Heap before GC invocations=52 (full 0):
 garbage-first heap   total 260096K, used 211236K [0x0000000080000000, 0x0000000100000000)
  region size 1024K, 12 young (12288K), 3 survivors (3072K)
 Metaspace       used 113919K, capacity 117114K, committed 117284K, reserved 1150976K
  class space    used 14085K, capacity 15183K, committed 15308K, reserved 1048576K
}
Event: 101.144 GC heap after
{Heap after GC invocations=53 (full 0):
 garbage-first heap   total 260096K, used 194510K [0x0000000080000000, 0x0000000100000000)
  region size 1024K, 2 young (2048K), 2 survivors (2048K)
 Metaspace       used 113919K, capacity 117114K, committed 117284K, reserved 1150976K
  class space    used 14085K, capacity 15183K, committed 15308K, reserved 1048576K
}
Event: 101.270 GC heap before
{Heap before GC invocations=53 (full 0):
 garbage-first heap   total 260096K, used 222158K [0x0000000080000000, 0x0000000100000000)
  region size 1024K, 29 young (29696K), 2 survivors (2048K)
 Metaspace       used 113968K, capacity 117193K, committed 117540K, reserved 1150976K
  class space    used 14088K, capacity 15186K, committed 15308K, reserved 1048576K
}
Event: 101.279 GC heap after
{Heap after GC invocations=54 (full 0):
 garbage-first heap   total 260096K, used 198865K [0x0000000080000000, 0x0000000100000000)
  region size 1024K, 4 young (4096K), 4 survivors (4096K)
 Metaspace       used 113968K, capacity 117193K, committed 117540K, reserved 1150976K
  class space    used 14088K, capacity 15186K, committed 15308K, reserved 1048576K
}

