# JRE version: OpenJDK Runtime Environment Corretto-11.0.18.10.1 (11.0.18+10) (build 11.0.18+10-LTS)
# Java VM: OpenJDK 64-Bit Server VM Corretto-11.0.18.10.1 (11.0.18+10-LTS, mixed mode, tiered, compressed oops, g1 gc, windows-amd64)
Heap:
 garbage-first heap   total 312320K, used 101376K [0x0000000080000000, 0x0000000100000000)
  region size 1024K, 41 young (41984K), 18 survivors (18432K)
 Metaspace       used 86228K, capacity 88547K, committed 88656K, reserved 1126400K
  class space    used 11155K, capacity 11963K, committed 11980K, reserved 1048576K
GC Heap History (20 events):
Event: 0.426 GC heap before
{Heap before GC invocations=0 (full 0):
 garbage-first heap   total 260096K, used 16384K [0x0000000080000000, 0x0000000100000000)
  region size 1024K, 14 young (14336K), 0 survivors (0K)
 Metaspace       used 6764K, capacity 6999K, committed 7168K, reserved 1056768K
  class space    used 571K, capacity 649K, committed 768K, reserved 1048576K
}
Event: 0.430 GC heap after
{Heap after GC invocations=1 (full 0):
 garbage-first heap   total 260096K, used 3951K [0x0000000080000000, 0x0000000100000000)
  region size 1024K, 2 young (2048K), 2 survivors (2048K)
 Metaspace       used 6764K, capacity 6999K, committed 7168K, reserved 1056768K
  class space    used 571K, capacity 649K, committed 768K, reserved 1048576K
}
Event: 2.055 GC heap before
{Heap before GC invocations=1 (full 0):
 garbage-first heap   total 260096K, used 115567K [0x0000000080000000, 0x0000000100000000)
  region size 1024K, 109 young (111616K), 2 survivors (2048K)
 Metaspace       used 20762K, capacity 21194K, committed 21296K, reserved 1069056K
  class space    used 2513K, capacity 2683K, committed 2688K, reserved 1048576K
}
Event: 2.063 GC heap after
{Heap after GC invocations=2 (full 0):
 garbage-first heap   total 260096K, used 16850K [0x0000000080000000, 0x0000000100000000)
  region size 1024K, 12 young (12288K), 12 survivors (12288K)
 Metaspace       used 20762K, capacity 21194K, committed 21296K, reserved 1069056K
  class space    used 2513K, capacity 2683K, committed 2688K, reserved 1048576K
}
Event: 2.239 GC heap before
{Heap before GC invocations=3 (full 0):
 garbage-first heap   total 260096K, used 39378K [0x0000000080000000, 0x0000000100000000)
  region size 1024K, 35 young (35840K), 12 survivors (12288K)
 Metaspace       used 22843K, capacity 23347K, committed 23548K, reserved 1069056K
  class space    used 2875K, capacity 3067K, committed 3148K, reserved 1048576K
}
Event: 2.248 GC heap after
{Heap after GC invocations=4 (full 0):
 garbage-first heap   total 260096K, used 18431K [0x0000000080000000, 0x0000000100000000)
  region size 1024K, 2 young (2048K), 2 survivors (2048K)
 Metaspace       used 22843K, capacity 23347K, committed 23548K, reserved 1069056K
  class space    used 2875K, capacity 3067K, committed 3148K, reserved 1048576K
}
Event: 2.910 GC heap before
{Heap before GC invocations=4 (full 0):
 garbage-first heap   total 260096K, used 86015K [0x0000000080000000, 0x0000000100000000)
  region size 1024K, 68 young (69632K), 2 survivors (2048K)
 Metaspace       used 29703K, capacity 30428K, committed 30588K, reserved 1075200K
  class space    used 3931K, capacity 4203K, committed 4300K, reserved 1048576K
}
Event: 2.914 GC heap after
{Heap after GC invocations=5 (full 0):
 garbage-first heap   total 260096K, used 20262K [0x0000000080000000, 0x0000000100000000)
  region size 1024K, 4 young (4096K), 4 survivors (4096K)
 Metaspace       used 29703K, capacity 30428K, committed 30588K, reserved 1075200K
  class space    used 3931K, capacity 4203K, committed 4300K, reserved 1048576K
}
Event: 3.272 GC heap before
{Heap before GC invocations=5 (full 0):
 garbage-first heap   total 260096K, used 50982K [0x0000000080000000, 0x0000000100000000)
  region size 1024K, 35 young (35840K), 4 survivors (4096K)
 Metaspace       used 35076K, capacity 35960K, committed 36048K, reserved 1081344K
  class space    used 4557K, capacity 4919K, committed 4940K, reserved 1048576K
}
Event: 3.280 GC heap after
{Heap after GC invocations=6 (full 0):
 garbage-first heap   total 260096K, used 22837K [0x0000000080000000, 0x0000000100000000)
  region size 1024K, 6 young (6144K), 6 survivors (6144K)
 Metaspace       used 35076K, capacity 35960K, committed 36048K, reserved 1081344K
  class space    used 4557K, capacity 4919K, committed 4940K, reserved 1048576K
}
Event: 4.599 GC heap before
{Heap before GC invocations=7 (full 0):
 garbage-first heap   total 260096K, used 144693K [0x0000000080000000, 0x0000000100000000)
  region size 1024K, 122 young (124928K), 6 survivors (6144K)
 Metaspace       used 45575K, capacity 46743K, committed 46800K, reserved 1089536K
  class space    used 5787K, capacity 6194K, committed 6220K, reserved 1048576K
}
Event: 4.616 GC heap after
{Heap after GC invocations=8 (full 0):
 garbage-first heap   total 260096K, used 30942K [0x0000000080000000, 0x0000000100000000)
  region size 1024K, 14 young (14336K), 14 survivors (14336K)
 Metaspace       used 45575K, capacity 46743K, committed 46800K, reserved 1089536K
  class space    used 5787K, capacity 6194K, committed 6220K, reserved 1048576K
}
Event: 6.033 GC heap before
{Heap before GC invocations=9 (full 0):
 garbage-first heap   total 260096K, used 173278K [0x0000000080000000, 0x0000000100000000)
  region size 1024K, 148 young (151552K), 14 survivors (14336K)
 Metaspace       used 57165K, capacity 58800K, committed 58960K, reserved 1099776K
  class space    used 7217K, capacity 7772K, committed 7884K, reserved 1048576K
}
Event: 6.051 GC heap after
{Heap after GC invocations=10 (full 0):
 garbage-first heap   total 260096K, used 45869K [0x0000000080000000, 0x0000000100000000)
  region size 1024K, 19 young (19456K), 19 survivors (19456K)
 Metaspace       used 57165K, capacity 58800K, committed 58960K, reserved 1099776K
  class space    used 7217K, capacity 7772K, committed 7884K, reserved 1048576K
}
Event: 7.280 GC heap before
{Heap before GC invocations=10 (full 0):
 garbage-first heap   total 260096K, used 189229K [0x0000000080000000, 0x0000000100000000)
  region size 1024K, 152 young (155648K), 19 survivors (19456K)
 Metaspace       used 67405K, capacity 69107K, committed 69200K, reserved 1110016K
  class space    used 8507K, capacity 9135K, committed 9164K, reserved 1048576K
}
Event: 7.300 GC heap after
{Heap after GC invocations=11 (full 0):
 garbage-first heap   total 260096K, used 56684K [0x0000000080000000, 0x0000000100000000)
  region size 1024K, 11 young (11264K), 11 survivors (11264K)
 Metaspace       used 67405K, capacity 69107K, committed 69200K, reserved 1110016K
  class space    used 8507K, capacity 9135K, committed 9164K, reserved 1048576K
}
Event: 8.357 GC heap before
{Heap before GC invocations=11 (full 0):
 garbage-first heap   total 260096K, used 159084K [0x0000000080000000, 0x0000000100000000)
  region size 1024K, 112 young (114688K), 11 survivors (11264K)
 Metaspace       used 76590K, capacity 78473K, committed 78544K, reserved 1118208K
  class space    used 9897K, capacity 10560K, committed 10572K, reserved 1048576K
}
Event: 8.379 GC heap after
{Heap after GC invocations=12 (full 0):
 garbage-first heap   total 260096K, used 63488K [0x0000000080000000, 0x0000000100000000)
  region size 1024K, 7 young (7168K), 7 survivors (7168K)
 Metaspace       used 76590K, capacity 78473K, committed 78544K, reserved 1118208K
  class space    used 9897K, capacity 10560K, committed 10572K, reserved 1048576K
}
Event: 9.614 GC heap before
{Heap before GC invocations=13 (full 0):
 garbage-first heap   total 260096K, used 199680K [0x0000000080000000, 0x0000000100000000)
  region size 1024K, 140 young (143360K), 7 survivors (7168K)
 Metaspace       used 83996K, capacity 86146K, committed 86224K, reserved 1124352K
  class space    used 10756K, capacity 11530K, committed 11596K, reserved 1048576K
}
Event: 9.636 GC heap after
{Heap after GC invocations=14 (full 0):
 garbage-first heap   total 312320K, used 78848K [0x0000000080000000, 0x0000000100000000)
  region size 1024K, 18 young (18432K), 18 survivors (18432K)
 Metaspace       used 83996K, capacity 86146K, committed 86224K, reserved 1124352K
  class space    used 10756K, capacity 11530K, committed 11596K, reserved 1048576K
}

