# JRE version: OpenJDK Runtime Environment (11.0.15) (build 11.0.15+0-b2043.56-9505619)
# Java VM: OpenJDK 64-Bit Server VM (11.0.15+0-b2043.56-9505619, mixed mode, tiered, compressed oops, g1 gc, windows-amd64)
Heap:
 garbage-first heap   total 312320K, used 162816K [0x0000000080000000, 0x0000000100000000)
  region size 1024K, 107 young (109568K), 17 survivors (17408K)
 Metaspace       used 90008K, capacity 92361K, committed 92628K, reserved 1130496K
  class space    used 11397K, capacity 12215K, committed 12236K, reserved 1048576K
GC Heap History (18 events):
Event: 0.404 GC heap before
{Heap before GC invocations=0 (full 0):
 garbage-first heap   total 260096K, used 16384K [0x0000000080000000, 0x0000000100000000)
  region size 1024K, 14 young (14336K), 0 survivors (0K)
 Metaspace       used 6748K, capacity 6989K, committed 7168K, reserved 1056768K
  class space    used 571K, capacity 650K, committed 768K, reserved 1048576K
}
Event: 0.408 GC heap after
{Heap after GC invocations=1 (full 0):
 garbage-first heap   total 260096K, used 3890K [0x0000000080000000, 0x0000000100000000)
  region size 1024K, 2 young (2048K), 2 survivors (2048K)
 Metaspace       used 6748K, capacity 6989K, committed 7168K, reserved 1056768K
  class space    used 571K, capacity 650K, committed 768K, reserved 1048576K
}
Event: 1.853 GC heap before
{Heap before GC invocations=1 (full 0):
 garbage-first heap   total 260096K, used 116530K [0x0000000080000000, 0x0000000100000000)
  region size 1024K, 109 young (111616K), 2 survivors (2048K)
 Metaspace       used 20757K, capacity 21187K, committed 21296K, reserved 1069056K
  class space    used 2519K, capacity 2685K, committed 2688K, reserved 1048576K
}
Event: 1.862 GC heap after
{Heap after GC invocations=2 (full 0):
 garbage-first heap   total 260096K, used 17767K [0x0000000080000000, 0x0000000100000000)
  region size 1024K, 13 young (13312K), 13 survivors (13312K)
 Metaspace       used 20757K, capacity 21187K, committed 21296K, reserved 1069056K
  class space    used 2519K, capacity 2685K, committed 2688K, reserved 1048576K
}
Event: 2.333 GC heap before
{Heap before GC invocations=3 (full 0):
 garbage-first heap   total 260096K, used 67943K [0x0000000080000000, 0x0000000100000000)
  region size 1024K, 62 young (63488K), 13 survivors (13312K)
 Metaspace       used 26104K, capacity 26700K, committed 26876K, reserved 1073152K
  class space    used 3387K, capacity 3617K, committed 3660K, reserved 1048576K
}
Event: 2.342 GC heap after
{Heap after GC invocations=4 (full 0):
 garbage-first heap   total 260096K, used 19124K [0x0000000080000000, 0x0000000100000000)
  region size 1024K, 3 young (3072K), 3 survivors (3072K)
 Metaspace       used 26104K, capacity 26700K, committed 26876K, reserved 1073152K
  class space    used 3387K, capacity 3617K, committed 3660K, reserved 1048576K
}
Event: 3.037 GC heap before
{Heap before GC invocations=4 (full 0):
 garbage-first heap   total 260096K, used 89780K [0x0000000080000000, 0x0000000100000000)
  region size 1024K, 73 young (74752K), 3 survivors (3072K)
 Metaspace       used 35068K, capacity 35953K, committed 36048K, reserved 1081344K
  class space    used 4566K, capacity 4921K, committed 4940K, reserved 1048576K
}
Event: 3.046 GC heap after
{Heap after GC invocations=5 (full 0):
 garbage-first heap   total 260096K, used 22421K [0x0000000080000000, 0x0000000100000000)
  region size 1024K, 6 young (6144K), 6 survivors (6144K)
 Metaspace       used 35068K, capacity 35953K, committed 36048K, reserved 1081344K
  class space    used 4566K, capacity 4921K, committed 4940K, reserved 1048576K
}
Event: 3.992 GC heap before
{Heap before GC invocations=6 (full 0):
 garbage-first heap   total 260096K, used 129941K [0x0000000080000000, 0x0000000100000000)
  region size 1024K, 109 young (111616K), 6 survivors (6144K)
 Metaspace       used 44056K, capacity 45251K, committed 45392K, reserved 1089536K
  class space    used 5645K, capacity 6068K, committed 6092K, reserved 1048576K
}
Event: 4.004 GC heap after
{Heap after GC invocations=7 (full 0):
 garbage-first heap   total 260096K, used 29923K [0x0000000080000000, 0x0000000100000000)
  region size 1024K, 13 young (13312K), 13 survivors (13312K)
 Metaspace       used 44056K, capacity 45251K, committed 45392K, reserved 1089536K
  class space    used 5645K, capacity 6068K, committed 6092K, reserved 1048576K
}
Event: 5.355 GC heap before
{Heap before GC invocations=8 (full 0):
 garbage-first heap   total 260096K, used 151779K [0x0000000080000000, 0x0000000100000000)
  region size 1024K, 127 young (130048K), 13 survivors (13312K)
 Metaspace       used 52375K, capacity 53827K, committed 53968K, reserved 1095680K
  class space    used 6655K, capacity 7187K, committed 7244K, reserved 1048576K
}
Event: 5.372 GC heap after
{Heap after GC invocations=9 (full 0):
 garbage-first heap   total 260096K, used 43425K [0x0000000080000000, 0x0000000100000000)
  region size 1024K, 16 young (16384K), 16 survivors (16384K)
 Metaspace       used 52375K, capacity 53827K, committed 53968K, reserved 1095680K
  class space    used 6655K, capacity 7187K, committed 7244K, reserved 1048576K
}
Event: 6.827 GC heap before
{Heap before GC invocations=9 (full 0):
 garbage-first heap   total 260096K, used 190881K [0x0000000080000000, 0x0000000100000000)
  region size 1024K, 152 young (155648K), 16 survivors (16384K)
 Metaspace       used 67296K, capacity 69036K, committed 69200K, reserved 1110016K
  class space    used 8490K, capacity 9094K, committed 9164K, reserved 1048576K
}
Event: 6.850 GC heap after
{Heap after GC invocations=10 (full 0):
 garbage-first heap   total 260096K, used 53421K [0x0000000080000000, 0x0000000100000000)
  region size 1024K, 19 young (19456K), 19 survivors (19456K)
 Metaspace       used 67296K, capacity 69036K, committed 69200K, reserved 1110016K
  class space    used 8490K, capacity 9094K, committed 9164K, reserved 1048576K
}
Event: 7.819 GC heap before
{Heap before GC invocations=10 (full 0):
 garbage-first heap   total 260096K, used 160941K [0x0000000080000000, 0x0000000100000000)
  region size 1024K, 126 young (129024K), 19 survivors (19456K)
 Metaspace       used 74782K, capacity 76735K, committed 76880K, reserved 1116160K
  class space    used 9639K, capacity 10323K, committed 10444K, reserved 1048576K
}
Event: 7.843 GC heap after
{Heap after GC invocations=11 (full 0):
 garbage-first heap   total 260096K, used 61559K [0x0000000080000000, 0x0000000100000000)
  region size 1024K, 17 young (17408K), 17 survivors (17408K)
 Metaspace       used 74782K, capacity 76735K, committed 76880K, reserved 1116160K
  class space    used 9639K, capacity 10323K, committed 10444K, reserved 1048576K
}
Event: 14.677 GC heap before
{Heap before GC invocations=12 (full 0):
 garbage-first heap   total 260096K, used 190583K [0x0000000080000000, 0x0000000100000000)
  region size 1024K, 144 young (147456K), 17 survivors (17408K)
 Metaspace       used 85998K, capacity 88335K, committed 88660K, reserved 1126400K
  class space    used 10919K, capacity 11733K, committed 11852K, reserved 1048576K
}
Event: 14.702 GC heap after
{Heap after GC invocations=13 (full 0):
 garbage-first heap   total 312320K, used 71680K [0x0000000080000000, 0x0000000100000000)
  region size 1024K, 17 young (17408K), 17 survivors (17408K)
 Metaspace       used 85998K, capacity 88335K, committed 88660K, reserved 1126400K
  class space    used 10919K, capacity 11733K, committed 11852K, reserved 1048576K
}

