# JRE version: OpenJDK Runtime Environment (11.0.15) (build 11.0.15+0-b2043.56-9505619)
# Java VM: OpenJDK 64-Bit Server VM (11.0.15+0-b2043.56-9505619, mixed mode, tiered, compressed oops, g1 gc, windows-amd64)
Heap:
 garbage-first heap   total 312320K, used 120745K [0x0000000080000000, 0x0000000100000000)
  region size 1024K, 69 young (70656K), 19 survivors (19456K)
 Metaspace       used 85561K, capacity 87721K, committed 87784K, reserved 1126400K
  class space    used 11072K, capacity 11846K, committed 11904K, reserved 1048576K
GC Heap History (20 events):
Event: 1.854 GC heap before
{Heap before GC invocations=1 (full 0):
 garbage-first heap   total 260096K, used 81842K [0x0000000080000000, 0x0000000100000000)
  region size 1024K, 74 young (75776K), 2 survivors (2048K)
 Metaspace       used 17139K, capacity 17427K, committed 17536K, reserved 1064960K
  class space    used 1955K, capacity 2067K, committed 2176K, reserved 1048576K
}
Event: 1.862 GC heap after
{Heap after GC invocations=2 (full 0):
 garbage-first heap   total 260096K, used 15751K [0x0000000080000000, 0x0000000100000000)
  region size 1024K, 10 young (10240K), 10 survivors (10240K)
 Metaspace       used 17139K, capacity 17427K, committed 17536K, reserved 1064960K
  class space    used 1955K, capacity 2067K, committed 2176K, reserved 1048576K
}
Event: 2.092 GC heap before
{Heap before GC invocations=2 (full 0):
 garbage-first heap   total 260096K, used 47495K [0x0000000080000000, 0x0000000100000000)
  region size 1024K, 42 young (43008K), 10 survivors (10240K)
 Metaspace       used 20678K, capacity 21077K, committed 21120K, reserved 1067008K
  class space    used 2480K, capacity 2648K, committed 2688K, reserved 1048576K
}
Event: 2.100 GC heap after
{Heap after GC invocations=3 (full 0):
 garbage-first heap   total 260096K, used 16808K [0x0000000080000000, 0x0000000100000000)
  region size 1024K, 2 young (2048K), 2 survivors (2048K)
 Metaspace       used 20678K, capacity 21077K, committed 21120K, reserved 1067008K
  class space    used 2480K, capacity 2648K, committed 2688K, reserved 1048576K
}
Event: 2.115 GC heap before
{Heap before GC invocations=3 (full 0):
 garbage-first heap   total 260096K, used 17832K [0x0000000080000000, 0x0000000100000000)
  region size 1024K, 4 young (4096K), 2 survivors (2048K)
 Metaspace       used 20824K, capacity 21153K, committed 21296K, reserved 1069056K
  class space    used 2506K, capacity 2651K, committed 2688K, reserved 1048576K
}
Event: 2.118 GC heap after
{Heap after GC invocations=4 (full 0):
 garbage-first heap   total 260096K, used 16606K [0x0000000080000000, 0x0000000100000000)
  region size 1024K, 2 young (2048K), 2 survivors (2048K)
 Metaspace       used 20824K, capacity 21153K, committed 21296K, reserved 1069056K
  class space    used 2506K, capacity 2651K, committed 2688K, reserved 1048576K
}
Event: 2.769 GC heap before
{Heap before GC invocations=5 (full 0):
 garbage-first heap   total 260096K, used 89310K [0x0000000080000000, 0x0000000100000000)
  region size 1024K, 73 young (74752K), 2 survivors (2048K)
 Metaspace       used 27923K, capacity 28602K, committed 28720K, reserved 1075200K
  class space    used 3665K, capacity 3915K, committed 3968K, reserved 1048576K
}
Event: 2.774 GC heap after
{Heap after GC invocations=6 (full 0):
 garbage-first heap   total 260096K, used 18971K [0x0000000080000000, 0x0000000100000000)
  region size 1024K, 4 young (4096K), 4 survivors (4096K)
 Metaspace       used 27923K, capacity 28602K, committed 28720K, reserved 1075200K
  class space    used 3665K, capacity 3915K, committed 3968K, reserved 1048576K
}
Event: 3.302 GC heap before
{Heap before GC invocations=6 (full 0):
 garbage-first heap   total 260096K, used 68123K [0x0000000080000000, 0x0000000100000000)
  region size 1024K, 53 young (54272K), 4 survivors (4096K)
 Metaspace       used 34935K, capacity 35734K, committed 35888K, reserved 1081344K
  class space    used 4556K, capacity 4889K, committed 4992K, reserved 1048576K
}
Event: 3.314 GC heap after
{Heap after GC invocations=7 (full 0):
 garbage-first heap   total 260096K, used 21999K [0x0000000080000000, 0x0000000100000000)
  region size 1024K, 7 young (7168K), 7 survivors (7168K)
 Metaspace       used 34935K, capacity 35734K, committed 35888K, reserved 1081344K
  class space    used 4556K, capacity 4889K, committed 4992K, reserved 1048576K
}
Event: 4.262 GC heap before
{Heap before GC invocations=8 (full 0):
 garbage-first heap   total 260096K, used 123375K [0x0000000080000000, 0x0000000100000000)
  region size 1024K, 104 young (106496K), 7 survivors (7168K)
 Metaspace       used 43484K, capacity 44652K, committed 44776K, reserved 1087488K
  class space    used 5574K, capacity 5994K, committed 6016K, reserved 1048576K
}
Event: 4.280 GC heap after
{Heap after GC invocations=9 (full 0):
 garbage-first heap   total 260096K, used 29370K [0x0000000080000000, 0x0000000100000000)
  region size 1024K, 13 young (13312K), 13 survivors (13312K)
 Metaspace       used 43484K, capacity 44652K, committed 44776K, reserved 1087488K
  class space    used 5574K, capacity 5994K, committed 6016K, reserved 1048576K
}
Event: 5.625 GC heap before
{Heap before GC invocations=10 (full 0):
 garbage-first heap   total 260096K, used 154298K [0x0000000080000000, 0x0000000100000000)
  region size 1024K, 130 young (133120K), 13 survivors (13312K)
 Metaspace       used 51670K, capacity 53171K, committed 53352K, reserved 1095680K
  class space    used 6574K, capacity 7136K, committed 7168K, reserved 1048576K
}
Event: 5.646 GC heap after
{Heap after GC invocations=11 (full 0):
 garbage-first heap   total 260096K, used 44226K [0x0000000080000000, 0x0000000100000000)
  region size 1024K, 17 young (17408K), 17 survivors (17408K)
 Metaspace       used 51670K, capacity 53171K, committed 53352K, reserved 1095680K
  class space    used 6574K, capacity 7136K, committed 7168K, reserved 1048576K
}
Event: 7.079 GC heap before
{Heap before GC invocations=11 (full 0):
 garbage-first heap   total 260096K, used 176322K [0x0000000080000000, 0x0000000100000000)
  region size 1024K, 139 young (142336K), 17 survivors (17408K)
 Metaspace       used 65960K, capacity 67666K, committed 67944K, reserved 1107968K
  class space    used 8276K, capacity 8900K, committed 8960K, reserved 1048576K
}
Event: 7.102 GC heap after
{Heap after GC invocations=12 (full 0):
 garbage-first heap   total 260096K, used 53491K [0x0000000080000000, 0x0000000100000000)
  region size 1024K, 9 young (9216K), 9 survivors (9216K)
 Metaspace       used 65960K, capacity 67666K, committed 67944K, reserved 1107968K
  class space    used 8276K, capacity 8900K, committed 8960K, reserved 1048576K
}
Event: 8.130 GC heap before
{Heap before GC invocations=12 (full 0):
 garbage-first heap   total 260096K, used 156915K [0x0000000080000000, 0x0000000100000000)
  region size 1024K, 111 young (113664K), 9 survivors (9216K)
 Metaspace       used 73156K, capacity 74901K, committed 74984K, reserved 1114112K
  class space    used 9411K, capacity 10056K, committed 10112K, reserved 1048576K
}
Event: 8.153 GC heap after
{Heap after GC invocations=13 (full 0):
 garbage-first heap   total 312320K, used 59635K [0x0000000080000000, 0x0000000100000000)
  region size 1024K, 15 young (15360K), 15 survivors (15360K)
 Metaspace       used 73156K, capacity 74901K, committed 74984K, reserved 1114112K
  class space    used 9411K, capacity 10056K, committed 10112K, reserved 1048576K
}
Event: 9.665 GC heap before
{Heap before GC invocations=14 (full 0):
 garbage-first heap   total 312320K, used 199923K [0x0000000080000000, 0x0000000100000000)
  region size 1024K, 152 young (155648K), 15 survivors (15360K)
 Metaspace       used 82145K, capacity 84171K, committed 84456K, reserved 1122304K
  class space    used 10627K, capacity 11313K, committed 11392K, reserved 1048576K
}
Event: 9.690 GC heap after
{Heap after GC invocations=15 (full 0):
 garbage-first heap   total 312320K, used 71593K [0x0000000080000000, 0x0000000100000000)
  region size 1024K, 19 young (19456K), 19 survivors (19456K)
 Metaspace       used 82145K, capacity 84171K, committed 84456K, reserved 1122304K
  class space    used 10627K, capacity 11313K, committed 11392K, reserved 1048576K
}

