# JRE version: OpenJDK Runtime Environment Corretto-11.0.18.10.1 (11.0.18+10) (build 11.0.18+10-LTS)
# Java VM: OpenJDK 64-Bit Server VM Corretto-11.0.18.10.1 (11.0.18+10-LTS, mixed mode, tiered, compressed oops, g1 gc, windows-amd64)
Heap:
 garbage-first heap   total 312320K, used 151497K [0x0000000080000000, 0x0000000100000000)
  region size 1024K, 95 young (97280K), 18 survivors (18432K)
 Metaspace       used 90524K, capacity 92850K, committed 92976K, reserved 1130496K
  class space    used 11449K, capacity 12237K, committed 12288K, reserved 1048576K
GC Heap History (20 events):
Event: 1.219 GC heap before
{Heap before GC invocations=2 (full 0):
 garbage-first heap   total 260096K, used 41637K [0x0000000080000000, 0x0000000100000000)
  region size 1024K, 32 young (32768K), 2 survivors (2048K)
 Metaspace       used 10957K, capacity 11147K, committed 11264K, reserved 1058816K
  class space    used 1114K, capacity 1206K, committed 1280K, reserved 1048576K
}
Event: 1.222 GC heap after
{Heap after GC invocations=3 (full 0):
 garbage-first heap   total 260096K, used 14160K [0x0000000080000000, 0x0000000100000000)
  region size 1024K, 4 young (4096K), 4 survivors (4096K)
 Metaspace       used 10957K, capacity 11147K, committed 11264K, reserved 1058816K
  class space    used 1114K, capacity 1206K, committed 1280K, reserved 1048576K
}
Event: 1.970 GC heap before
{Heap before GC invocations=3 (full 0):
 garbage-first heap   total 260096K, used 58192K [0x0000000080000000, 0x0000000100000000)
  region size 1024K, 47 young (48128K), 4 survivors (4096K)
 Metaspace       used 18674K, capacity 18997K, committed 19328K, reserved 1067008K
  class space    used 2185K, capacity 2314K, committed 2432K, reserved 1048576K
}
Event: 1.975 GC heap after
{Heap after GC invocations=4 (full 0):
 garbage-first heap   total 260096K, used 16961K [0x0000000080000000, 0x0000000100000000)
  region size 1024K, 5 young (5120K), 5 survivors (5120K)
 Metaspace       used 18674K, capacity 18997K, committed 19328K, reserved 1067008K
  class space    used 2185K, capacity 2314K, committed 2432K, reserved 1048576K
}
Event: 2.121 GC heap before
{Heap before GC invocations=4 (full 0):
 garbage-first heap   total 260096K, used 36417K [0x0000000080000000, 0x0000000100000000)
  region size 1024K, 26 young (26624K), 5 survivors (5120K)
 Metaspace       used 20809K, capacity 21198K, committed 21296K, reserved 1069056K
  class space    used 2516K, capacity 2687K, committed 2688K, reserved 1048576K
}
Event: 2.125 GC heap after
{Heap after GC invocations=5 (full 0):
 garbage-first heap   total 260096K, used 17729K [0x0000000080000000, 0x0000000100000000)
  region size 1024K, 4 young (4096K), 4 survivors (4096K)
 Metaspace       used 20809K, capacity 21198K, committed 21296K, reserved 1069056K
  class space    used 2516K, capacity 2687K, committed 2688K, reserved 1048576K
}
Event: 2.675 GC heap before
{Heap before GC invocations=6 (full 0):
 garbage-first heap   total 260096K, used 76097K [0x0000000080000000, 0x0000000100000000)
  region size 1024K, 62 young (63488K), 4 survivors (4096K)
 Metaspace       used 27057K, capacity 27682K, committed 27904K, reserved 1073152K
  class space    used 3513K, capacity 3732K, committed 3840K, reserved 1048576K
}
Event: 2.682 GC heap after
{Heap after GC invocations=7 (full 0):
 garbage-first heap   total 260096K, used 19868K [0x0000000080000000, 0x0000000100000000)
  region size 1024K, 6 young (6144K), 6 survivors (6144K)
 Metaspace       used 27057K, capacity 27682K, committed 27904K, reserved 1073152K
  class space    used 3513K, capacity 3732K, committed 3840K, reserved 1048576K
}
Event: 3.338 GC heap before
{Heap before GC invocations=7 (full 0):
 garbage-first heap   total 260096K, used 82332K [0x0000000080000000, 0x0000000100000000)
  region size 1024K, 68 young (69632K), 6 survivors (6144K)
 Metaspace       used 34934K, capacity 35800K, committed 35968K, reserved 1081344K
  class space    used 4551K, capacity 4887K, committed 4992K, reserved 1048576K
}
Event: 3.349 GC heap after
{Heap after GC invocations=8 (full 0):
 garbage-first heap   total 260096K, used 23217K [0x0000000080000000, 0x0000000100000000)
  region size 1024K, 9 young (9216K), 9 survivors (9216K)
 Metaspace       used 34934K, capacity 35800K, committed 35968K, reserved 1081344K
  class space    used 4551K, capacity 4887K, committed 4992K, reserved 1048576K
}
Event: 4.435 GC heap before
{Heap before GC invocations=9 (full 0):
 garbage-first heap   total 260096K, used 142001K [0x0000000080000000, 0x0000000100000000)
  region size 1024K, 122 young (124928K), 9 survivors (9216K)
 Metaspace       used 45329K, capacity 46533K, committed 46620K, reserved 1089536K
  class space    used 5749K, capacity 6188K, committed 6272K, reserved 1048576K
}
Event: 4.453 GC heap after
{Heap after GC invocations=10 (full 0):
 garbage-first heap   total 260096K, used 30864K [0x0000000080000000, 0x0000000100000000)
  region size 1024K, 14 young (14336K), 14 survivors (14336K)
 Metaspace       used 45329K, capacity 46533K, committed 46620K, reserved 1089536K
  class space    used 5749K, capacity 6188K, committed 6272K, reserved 1048576K
}
Event: 5.862 GC heap before
{Heap before GC invocations=11 (full 0):
 garbage-first heap   total 260096K, used 165008K [0x0000000080000000, 0x0000000100000000)
  region size 1024K, 141 young (144384K), 14 survivors (14336K)
 Metaspace       used 55139K, capacity 56701K, committed 56988K, reserved 1099776K
  class space    used 7033K, capacity 7584K, committed 7680K, reserved 1048576K
}
Event: 5.881 GC heap after
{Heap after GC invocations=12 (full 0):
 garbage-first heap   total 260096K, used 45422K [0x0000000080000000, 0x0000000100000000)
  region size 1024K, 18 young (18432K), 18 survivors (18432K)
 Metaspace       used 55139K, capacity 56701K, committed 56988K, reserved 1099776K
  class space    used 7033K, capacity 7584K, committed 7680K, reserved 1048576K
}
Event: 7.235 GC heap before
{Heap before GC invocations=12 (full 0):
 garbage-first heap   total 260096K, used 188782K [0x0000000080000000, 0x0000000100000000)
  region size 1024K, 151 young (154624K), 18 survivors (18432K)
 Metaspace       used 67393K, capacity 69044K, committed 69276K, reserved 1110016K
  class space    used 8504K, capacity 9113K, committed 9216K, reserved 1048576K
}
Event: 7.255 GC heap after
{Heap after GC invocations=13 (full 0):
 garbage-first heap   total 312320K, used 56278K [0x0000000080000000, 0x0000000100000000)
  region size 1024K, 10 young (10240K), 10 survivors (10240K)
 Metaspace       used 67393K, capacity 69044K, committed 69276K, reserved 1110016K
  class space    used 8504K, capacity 9113K, committed 9216K, reserved 1048576K
}
Event: 8.217 GC heap before
{Heap before GC invocations=13 (full 0):
 garbage-first heap   total 312320K, used 157654K [0x0000000080000000, 0x0000000100000000)
  region size 1024K, 111 young (113664K), 10 survivors (10240K)
 Metaspace       used 76118K, capacity 78002K, committed 78128K, reserved 1118208K
  class space    used 9727K, capacity 10415K, committed 10496K, reserved 1048576K
}
Event: 8.237 GC heap after
{Heap after GC invocations=14 (full 0):
 garbage-first heap   total 312320K, used 64982K [0x0000000080000000, 0x0000000100000000)
  region size 1024K, 19 young (19456K), 19 survivors (19456K)
 Metaspace       used 76118K, capacity 78002K, committed 78128K, reserved 1118208K
  class space    used 9727K, capacity 10415K, committed 10496K, reserved 1048576K
}
Event: 19.662 GC heap before
{Heap before GC invocations=15 (full 0):
 garbage-first heap   total 312320K, used 204246K [0x0000000080000000, 0x0000000100000000)
  region size 1024K, 156 young (159744K), 19 survivors (19456K)
 Metaspace       used 88629K, capacity 90919K, committed 91184K, reserved 1128448K
  class space    used 11204K, capacity 11975K, committed 12032K, reserved 1048576K
}
Event: 19.711 GC heap after
{Heap after GC invocations=16 (full 0):
 garbage-first heap   total 312320K, used 73673K [0x0000000080000000, 0x0000000100000000)
  region size 1024K, 18 young (18432K), 18 survivors (18432K)
 Metaspace       used 88629K, capacity 90919K, committed 91184K, reserved 1128448K
  class space    used 11204K, capacity 11975K, committed 12032K, reserved 1048576K
}

