# JRE version: OpenJDK Runtime Environment (11.0.15) (build 11.0.15+0-b2043.56-9505619)
# Java VM: OpenJDK 64-Bit Server VM (11.0.15+0-b2043.56-9505619, mixed mode, tiered, compressed oops, g1 gc, windows-amd64)
Heap:
 garbage-first heap   total 312320K, used 170469K [0x0000000080000000, 0x0000000100000000)
  region size 1024K, 112 young (114688K), 8 survivors (8192K)
 Metaspace       used 85494K, capacity 87653K, committed 87984K, reserved 1126400K
  class space    used 11054K, capacity 11828K, committed 11904K, reserved 1048576K
GC Heap History (20 events):
Event: 0.601 GC heap before
{Heap before GC invocations=0 (full 0):
 garbage-first heap   total 260096K, used 16384K [0x0000000080000000, 0x0000000100000000)
  region size 1024K, 14 young (14336K), 0 survivors (0K)
 Metaspace       used 6747K, capacity 6929K, committed 7168K, reserved 1056768K
  class space    used 571K, capacity 650K, committed 768K, reserved 1048576K
}
Event: 0.607 GC heap after
{Heap after GC invocations=1 (full 0):
 garbage-first heap   total 260096K, used 4006K [0x0000000080000000, 0x0000000100000000)
  region size 1024K, 2 young (2048K), 2 survivors (2048K)
 Metaspace       used 6747K, capacity 6929K, committed 7168K, reserved 1056768K
  class space    used 571K, capacity 650K, committed 768K, reserved 1048576K
}
Event: 2.137 GC heap before
{Heap before GC invocations=1 (full 0):
 garbage-first heap   total 260096K, used 115622K [0x0000000080000000, 0x0000000100000000)
  region size 1024K, 108 young (110592K), 2 survivors (2048K)
 Metaspace       used 20850K, capacity 21153K, committed 21296K, reserved 1069056K
  class space    used 2510K, capacity 2651K, committed 2688K, reserved 1048576K
}
Event: 2.145 GC heap after
{Heap after GC invocations=2 (full 0):
 garbage-first heap   total 260096K, used 17156K [0x0000000080000000, 0x0000000100000000)
  region size 1024K, 12 young (12288K), 12 survivors (12288K)
 Metaspace       used 20850K, capacity 21153K, committed 21296K, reserved 1069056K
  class space    used 2510K, capacity 2651K, committed 2688K, reserved 1048576K
}
Event: 2.253 GC heap before
{Heap before GC invocations=3 (full 0):
 garbage-first heap   total 260096K, used 28420K [0x0000000080000000, 0x0000000100000000)
  region size 1024K, 24 young (24576K), 12 survivors (12288K)
 Metaspace       used 22369K, capacity 22880K, committed 23088K, reserved 1069056K
  class space    used 2761K, capacity 2935K, committed 2944K, reserved 1048576K
}
Event: 2.261 GC heap after
{Heap after GC invocations=4 (full 0):
 garbage-first heap   total 260096K, used 17558K [0x0000000080000000, 0x0000000100000000)
  region size 1024K, 1 young (1024K), 1 survivors (1024K)
 Metaspace       used 22369K, capacity 22880K, committed 23088K, reserved 1069056K
  class space    used 2761K, capacity 2935K, committed 2944K, reserved 1048576K
}
Event: 3.260 GC heap before
{Heap before GC invocations=4 (full 0):
 garbage-first heap   total 260096K, used 126102K [0x0000000080000000, 0x0000000100000000)
  region size 1024K, 107 young (109568K), 1 survivors (1024K)
 Metaspace       used 33796K, capacity 34621K, committed 34736K, reserved 1079296K
  class space    used 4478K, capacity 4816K, committed 4864K, reserved 1048576K
}
Event: 3.270 GC heap after
{Heap after GC invocations=5 (full 0):
 garbage-first heap   total 260096K, used 21687K [0x0000000080000000, 0x0000000100000000)
  region size 1024K, 5 young (5120K), 5 survivors (5120K)
 Metaspace       used 33796K, capacity 34621K, committed 34736K, reserved 1079296K
  class space    used 4478K, capacity 4816K, committed 4864K, reserved 1048576K
}
Event: 3.325 GC heap before
{Heap before GC invocations=5 (full 0):
 garbage-first heap   total 260096K, used 24759K [0x0000000080000000, 0x0000000100000000)
  region size 1024K, 9 young (9216K), 5 survivors (5120K)
 Metaspace       used 34913K, capacity 35733K, committed 35888K, reserved 1081344K
  class space    used 4555K, capacity 4889K, committed 4992K, reserved 1048576K
}
Event: 3.334 GC heap after
{Heap after GC invocations=6 (full 0):
 garbage-first heap   total 260096K, used 22337K [0x0000000080000000, 0x0000000100000000)
  region size 1024K, 6 young (6144K), 6 survivors (6144K)
 Metaspace       used 34913K, capacity 35733K, committed 35888K, reserved 1081344K
  class space    used 4555K, capacity 4889K, committed 4992K, reserved 1048576K
}
Event: 3.960 GC heap before
{Heap before GC invocations=7 (full 0):
 garbage-first heap   total 260096K, used 90945K [0x0000000080000000, 0x0000000100000000)
  region size 1024K, 71 young (72704K), 6 survivors (6144K)
 Metaspace       used 40971K, capacity 41982K, committed 42088K, reserved 1085440K
  class space    used 5199K, capacity 5560K, committed 5632K, reserved 1048576K
}
Event: 3.973 GC heap after
{Heap after GC invocations=8 (full 0):
 garbage-first heap   total 260096K, used 28046K [0x0000000080000000, 0x0000000100000000)
  region size 1024K, 7 young (7168K), 7 survivors (7168K)
 Metaspace       used 40971K, capacity 41982K, committed 42088K, reserved 1085440K
  class space    used 5199K, capacity 5560K, committed 5632K, reserved 1048576K
}
Event: 4.946 GC heap before
{Heap before GC invocations=9 (full 0):
 garbage-first heap   total 260096K, used 129422K [0x0000000080000000, 0x0000000100000000)
  region size 1024K, 106 young (108544K), 7 survivors (7168K)
 Metaspace       used 48957K, capacity 50231K, committed 50408K, reserved 1093632K
  class space    used 6237K, capacity 6701K, committed 6784K, reserved 1048576K
}
Event: 4.956 GC heap after
{Heap after GC invocations=10 (full 0):
 garbage-first heap   total 260096K, used 31944K [0x0000000080000000, 0x0000000100000000)
  region size 1024K, 11 young (11264K), 11 survivors (11264K)
 Metaspace       used 48957K, capacity 50231K, committed 50408K, reserved 1093632K
  class space    used 6237K, capacity 6701K, committed 6784K, reserved 1048576K
}
Event: 6.305 GC heap before
{Heap before GC invocations=10 (full 0):
 garbage-first heap   total 260096K, used 156872K [0x0000000080000000, 0x0000000100000000)
  region size 1024K, 129 young (132096K), 11 survivors (11264K)
 Metaspace       used 62166K, capacity 63848K, committed 64104K, reserved 1105920K
  class space    used 7824K, capacity 8430K, committed 8448K, reserved 1048576K
}
Event: 6.326 GC heap after
{Heap after GC invocations=11 (full 0):
 garbage-first heap   total 260096K, used 48094K [0x0000000080000000, 0x0000000100000000)
  region size 1024K, 17 young (17408K), 17 survivors (17408K)
 Metaspace       used 62166K, capacity 63848K, committed 64104K, reserved 1105920K
  class space    used 7824K, capacity 8430K, committed 8448K, reserved 1048576K
}
Event: 7.342 GC heap before
{Heap before GC invocations=11 (full 0):
 garbage-first heap   total 260096K, used 179166K [0x0000000080000000, 0x0000000100000000)
  region size 1024K, 138 young (141312K), 17 survivors (17408K)
 Metaspace       used 68752K, capacity 70487K, committed 70576K, reserved 1110016K
  class space    used 8672K, capacity 9297K, committed 9344K, reserved 1048576K
}
Event: 7.369 GC heap after
{Heap after GC invocations=12 (full 0):
 garbage-first heap   total 260096K, used 57207K [0x0000000080000000, 0x0000000100000000)
  region size 1024K, 10 young (10240K), 10 survivors (10240K)
 Metaspace       used 68752K, capacity 70487K, committed 70576K, reserved 1110016K
  class space    used 8672K, capacity 9297K, committed 9344K, reserved 1048576K
}
Event: 8.742 GC heap before
{Heap before GC invocations=13 (full 0):
 garbage-first heap   total 260096K, used 179063K [0x0000000080000000, 0x0000000100000000)
  region size 1024K, 129 young (132096K), 10 survivors (10240K)
 Metaspace       used 80944K, capacity 82901K, committed 82992K, reserved 1122304K
  class space    used 10507K, capacity 11194K, committed 11264K, reserved 1048576K
}
Event: 8.764 GC heap after
{Heap after GC invocations=14 (full 0):
 garbage-first heap   total 312320K, used 66021K [0x0000000080000000, 0x0000000100000000)
  region size 1024K, 8 young (8192K), 8 survivors (8192K)
 Metaspace       used 80944K, capacity 82901K, committed 82992K, reserved 1122304K
  class space    used 10507K, capacity 11194K, committed 11264K, reserved 1048576K
}

