# JRE version: OpenJDK Runtime Environment (11.0.15) (build 11.0.15+0-b2043.56-9505619)
# Java VM: OpenJDK 64-Bit Server VM (11.0.15+0-b2043.56-9505619, mixed mode, tiered, compressed oops, g1 gc, windows-amd64)
Heap:
 garbage-first heap   total 312320K, used 204659K [0x0000000080000000, 0x0000000100000000)
  region size 1024K, 16 young (16384K), 10 survivors (10240K)
 Metaspace       used 107091K, capacity 110173K, committed 110312K, reserved 1144832K
  class space    used 13359K, capacity 14426K, committed 14488K, reserved 1048576K
GC Heap History (20 events):
Event: 5.405 GC heap before
{Heap before GC invocations=10 (full 0):
 garbage-first heap   total 260096K, used 173528K [0x0000000080000000, 0x0000000100000000)
  region size 1024K, 148 young (151552K), 13 survivors (13312K)
 Metaspace       used 52948K, capacity 54418K, committed 54600K, reserved 1097728K
  class space    used 6729K, capacity 7256K, committed 7320K, reserved 1048576K
}
Event: 5.425 GC heap after
{Heap after GC invocations=11 (full 0):
 garbage-first heap   total 260096K, used 45054K [0x0000000080000000, 0x0000000100000000)
  region size 1024K, 18 young (18432K), 18 survivors (18432K)
 Metaspace       used 52948K, capacity 54418K, committed 54600K, reserved 1097728K
  class space    used 6729K, capacity 7256K, committed 7320K, reserved 1048576K
}
Event: 6.918 GC heap before
{Heap before GC invocations=11 (full 0):
 garbage-first heap   total 260096K, used 190462K [0x0000000080000000, 0x0000000100000000)
  region size 1024K, 152 young (155648K), 18 survivors (18432K)
 Metaspace       used 67360K, capacity 69044K, committed 69320K, reserved 1110016K
  class space    used 8492K, capacity 9096K, committed 9240K, reserved 1048576K
}
Event: 6.942 GC heap after
{Heap after GC invocations=12 (full 0):
 garbage-first heap   total 260096K, used 54913K [0x0000000080000000, 0x0000000100000000)
  region size 1024K, 10 young (10240K), 10 survivors (10240K)
 Metaspace       used 67360K, capacity 69044K, committed 69320K, reserved 1110016K
  class space    used 8492K, capacity 9096K, committed 9240K, reserved 1048576K
}
Event: 7.511 GC heap before
{Heap before GC invocations=12 (full 0):
 garbage-first heap   total 260096K, used 126593K [0x0000000080000000, 0x0000000100000000)
  region size 1024K, 81 young (82944K), 10 survivors (10240K)
 Metaspace       used 72017K, capacity 73765K, committed 73928K, reserved 1114112K
  class space    used 9252K, capacity 9878K, committed 10008K, reserved 1048576K
}
Event: 7.528 GC heap after
{Heap after GC invocations=13 (full 0):
 garbage-first heap   total 312320K, used 59521K [0x0000000080000000, 0x0000000100000000)
  region size 1024K, 15 young (15360K), 15 survivors (15360K)
 Metaspace       used 72017K, capacity 73765K, committed 73928K, reserved 1114112K
  class space    used 9252K, capacity 9878K, committed 10008K, reserved 1048576K
}
Event: 23.986 GC heap before
{Heap before GC invocations=14 (full 0):
 garbage-first heap   total 312320K, used 247937K [0x0000000080000000, 0x0000000100000000)
  region size 1024K, 160 young (163840K), 15 survivors (15360K)
 Metaspace       used 83927K, capacity 86291K, committed 86376K, reserved 1124352K
  class space    used 10639K, capacity 11498K, committed 11544K, reserved 1048576K
}
Event: 24.011 GC heap after
{Heap after GC invocations=15 (full 0):
 garbage-first heap   total 312320K, used 115712K [0x0000000080000000, 0x0000000100000000)
  region size 1024K, 20 young (20480K), 20 survivors (20480K)
 Metaspace       used 83927K, capacity 86291K, committed 86376K, reserved 1124352K
  class space    used 10639K, capacity 11498K, committed 11544K, reserved 1048576K
}
Event: 24.959 GC heap before
{Heap before GC invocations=16 (full 0):
 garbage-first heap   total 312320K, used 272384K [0x0000000080000000, 0x0000000100000000)
  region size 1024K, 134 young (137216K), 20 survivors (20480K)
 Metaspace       used 89296K, capacity 91965K, committed 92136K, reserved 1130496K
  class space    used 11189K, capacity 12104K, committed 12184K, reserved 1048576K
}
Event: 24.977 GC heap after
{Heap after GC invocations=17 (full 0):
 garbage-first heap   total 312320K, used 167692K [0x0000000080000000, 0x0000000100000000)
  region size 1024K, 11 young (11264K), 11 survivors (11264K)
 Metaspace       used 89296K, capacity 91965K, committed 92136K, reserved 1130496K
  class space    used 11189K, capacity 12104K, committed 12184K, reserved 1048576K
}
Event: 25.973 GC heap before
{Heap before GC invocations=17 (full 0):
 garbage-first heap   total 312320K, used 252684K [0x0000000080000000, 0x0000000100000000)
  region size 1024K, 94 young (96256K), 11 survivors (11264K)
 Metaspace       used 97781K, capacity 100627K, committed 100840K, reserved 1136640K
  class space    used 12379K, capacity 13341K, committed 13464K, reserved 1048576K
}
Event: 25.984 GC heap after
{Heap after GC invocations=18 (full 0):
 garbage-first heap   total 312320K, used 172316K [0x0000000080000000, 0x0000000100000000)
  region size 1024K, 5 young (5120K), 5 survivors (5120K)
 Metaspace       used 97781K, capacity 100627K, committed 100840K, reserved 1136640K
  class space    used 12379K, capacity 13341K, committed 13464K, reserved 1048576K
}
Event: 27.014 GC heap before
{Heap before GC invocations=19 (full 0):
 garbage-first heap   total 312320K, used 255260K [0x0000000080000000, 0x0000000100000000)
  region size 1024K, 87 young (89088K), 5 survivors (5120K)
 Metaspace       used 100791K, capacity 103603K, committed 103912K, reserved 1140736K
  class space    used 12651K, capacity 13625K, committed 13720K, reserved 1048576K
}
Event: 27.029 GC heap after
{Heap after GC invocations=20 (full 0):
 garbage-first heap   total 312320K, used 179969K [0x0000000080000000, 0x0000000100000000)
  region size 1024K, 11 young (11264K), 11 survivors (11264K)
 Metaspace       used 100791K, capacity 103603K, committed 103912K, reserved 1140736K
  class space    used 12651K, capacity 13625K, committed 13720K, reserved 1048576K
}
Event: 27.717 GC heap before
{Heap before GC invocations=20 (full 0):
 garbage-first heap   total 312320K, used 256769K [0x0000000080000000, 0x0000000100000000)
  region size 1024K, 87 young (89088K), 11 survivors (11264K)
 Metaspace       used 103300K, capacity 106154K, committed 106472K, reserved 1142784K
  class space    used 12912K, capacity 13883K, committed 13976K, reserved 1048576K
}
Event: 27.736 GC heap after
{Heap after GC invocations=21 (full 0):
 garbage-first heap   total 312320K, used 185727K [0x0000000080000000, 0x0000000100000000)
  region size 1024K, 6 young (6144K), 6 survivors (6144K)
 Metaspace       used 103300K, capacity 106154K, committed 106472K, reserved 1142784K
  class space    used 12912K, capacity 13883K, committed 13976K, reserved 1048576K
}
Event: 54.107 GC heap before
{Heap before GC invocations=22 (full 0):
 garbage-first heap   total 312320K, used 260479K [0x0000000080000000, 0x0000000100000000)
  region size 1024K, 79 young (80896K), 6 survivors (6144K)
 Metaspace       used 105362K, capacity 108411K, committed 108520K, reserved 1144832K
  class space    used 13159K, capacity 14195K, committed 14232K, reserved 1048576K
}
Event: 54.118 GC heap after
{Heap after GC invocations=23 (full 0):
 garbage-first heap   total 312320K, used 190389K [0x0000000080000000, 0x0000000100000000)
  region size 1024K, 5 young (5120K), 5 survivors (5120K)
 Metaspace       used 105362K, capacity 108411K, committed 108520K, reserved 1144832K
  class space    used 13159K, capacity 14195K, committed 14232K, reserved 1048576K
}
Event: 54.600 GC heap before
{Heap before GC invocations=23 (full 0):
 garbage-first heap   total 312320K, used 262069K [0x0000000080000000, 0x0000000100000000)
  region size 1024K, 75 young (76800K), 5 survivors (5120K)
 Metaspace       used 106725K, capacity 109840K, committed 109928K, reserved 1144832K
  class space    used 13299K, capacity 14340K, committed 14360K, reserved 1048576K
}
Event: 54.617 GC heap after
{Heap after GC invocations=24 (full 0):
 garbage-first heap   total 312320K, used 199539K [0x0000000080000000, 0x0000000100000000)
  region size 1024K, 10 young (10240K), 10 survivors (10240K)
 Metaspace       used 106725K, capacity 109840K, committed 109928K, reserved 1144832K
  class space    used 13299K, capacity 14340K, committed 14360K, reserved 1048576K
}

