# JRE version: OpenJDK Runtime Environment (11.0.15) (build 11.0.15+0-b2043.56-9505619)
# Java VM: OpenJDK 64-Bit Server VM (11.0.15+0-b2043.56-9505619, mixed mode, tiered, compressed oops, g1 gc, windows-amd64)
Heap:
 garbage-first heap   total 327680K, used 223232K [0x0000000080000000, 0x0000000100000000)
  region size 1024K, 41 young (41984K), 12 survivors (12288K)
 Metaspace       used 107215K, capacity 110295K, committed 110512K, reserved 1144832K
  class space    used 13370K, capacity 14463K, committed 14464K, reserved 1048576K
GC Heap History (20 events):
Event: 4.583 GC heap before
{Heap before GC invocations=7 (full 0):
 garbage-first heap   total 260096K, used 133962K [0x0000000080000000, 0x0000000100000000)
  region size 1024K, 111 young (113664K), 6 survivors (6144K)
 Metaspace       used 44725K, capacity 45895K, committed 46184K, reserved 1089536K
  class space    used 5651K, capacity 6068K, committed 6144K, reserved 1048576K
}
Event: 4.599 GC heap after
{Heap after GC invocations=8 (full 0):
 garbage-first heap   total 260096K, used 29932K [0x0000000080000000, 0x0000000100000000)
  region size 1024K, 13 young (13312K), 13 survivors (13312K)
 Metaspace       used 44725K, capacity 45895K, committed 46184K, reserved 1089536K
  class space    used 5651K, capacity 6068K, committed 6144K, reserved 1048576K
}
Event: 6.293 GC heap before
{Heap before GC invocations=9 (full 0):
 garbage-first heap   total 260096K, used 157932K [0x0000000080000000, 0x0000000100000000)
  region size 1024K, 134 young (137216K), 13 survivors (13312K)
 Metaspace       used 53248K, capacity 54747K, committed 54760K, reserved 1097728K
  class space    used 6750K, capacity 7296K, committed 7296K, reserved 1048576K
}
Event: 6.312 GC heap after
{Heap after GC invocations=10 (full 0):
 garbage-first heap   total 260096K, used 43718K [0x0000000080000000, 0x0000000100000000)
  region size 1024K, 17 young (17408K), 17 survivors (17408K)
 Metaspace       used 53248K, capacity 54747K, committed 54760K, reserved 1097728K
  class space    used 6750K, capacity 7296K, committed 7296K, reserved 1048576K
}
Event: 7.879 GC heap before
{Heap before GC invocations=10 (full 0):
 garbage-first heap   total 260096K, used 187078K [0x0000000080000000, 0x0000000100000000)
  region size 1024K, 149 young (152576K), 17 survivors (17408K)
 Metaspace       used 67380K, capacity 69040K, committed 69224K, reserved 1110016K
  class space    used 8499K, capacity 9094K, committed 9216K, reserved 1048576K
}
Event: 7.902 GC heap after
{Heap after GC invocations=11 (full 0):
 garbage-first heap   total 260096K, used 54343K [0x0000000080000000, 0x0000000100000000)
  region size 1024K, 10 young (10240K), 10 survivors (10240K)
 Metaspace       used 67380K, capacity 69040K, committed 69224K, reserved 1110016K
  class space    used 8499K, capacity 9094K, committed 9216K, reserved 1048576K
}
Event: 8.865 GC heap before
{Heap before GC invocations=11 (full 0):
 garbage-first heap   total 260096K, used 161863K [0x0000000080000000, 0x0000000100000000)
  region size 1024K, 117 young (119808K), 10 survivors (10240K)
 Metaspace       used 74994K, capacity 76873K, committed 76976K, reserved 1116160K
  class space    used 9650K, capacity 10323K, committed 10368K, reserved 1048576K
}
Event: 8.884 GC heap after
{Heap after GC invocations=12 (full 0):
 garbage-first heap   total 312320K, used 62023K [0x0000000080000000, 0x0000000100000000)
  region size 1024K, 17 young (17408K), 17 survivors (17408K)
 Metaspace       used 74994K, capacity 76873K, committed 76976K, reserved 1116160K
  class space    used 9650K, capacity 10323K, committed 10368K, reserved 1048576K
}
Event: 17.982 GC heap before
{Heap before GC invocations=13 (full 0):
 garbage-first heap   total 312320K, used 288327K [0x0000000080000000, 0x0000000100000000)
  region size 1024K, 160 young (163840K), 17 survivors (17408K)
 Metaspace       used 85952K, capacity 88361K, committed 88624K, reserved 1126400K
  class space    used 10863K, capacity 11697K, committed 11776K, reserved 1048576K
}
Event: 18.015 GC heap after
{Heap after GC invocations=14 (full 0):
 garbage-first heap   total 327680K, used 163653K [0x0000000080000000, 0x0000000100000000)
  region size 1024K, 20 young (20480K), 20 survivors (20480K)
 Metaspace       used 85952K, capacity 88361K, committed 88624K, reserved 1126400K
  class space    used 10863K, capacity 11697K, committed 11776K, reserved 1048576K
}
Event: 18.774 GC heap before
{Heap before GC invocations=14 (full 0):
 garbage-first heap   total 327680K, used 258885K [0x0000000080000000, 0x0000000100000000)
  region size 1024K, 113 young (115712K), 20 survivors (20480K)
 Metaspace       used 90576K, capacity 93329K, committed 93616K, reserved 1130496K
  class space    used 11355K, capacity 12302K, committed 12416K, reserved 1048576K
}
Event: 18.790 GC heap after
{Heap after GC invocations=15 (full 0):
 garbage-first heap   total 327680K, used 167424K [0x0000000080000000, 0x0000000100000000)
  region size 1024K, 3 young (3072K), 3 survivors (3072K)
 Metaspace       used 90576K, capacity 93329K, committed 93616K, reserved 1130496K
  class space    used 11355K, capacity 12302K, committed 12416K, reserved 1048576K
}
Event: 20.269 GC heap before
{Heap before GC invocations=15 (full 0):
 garbage-first heap   total 327680K, used 262656K [0x0000000080000000, 0x0000000100000000)
  region size 1024K, 96 young (98304K), 3 survivors (3072K)
 Metaspace       used 100003K, capacity 102886K, committed 103088K, reserved 1138688K
  class space    used 12605K, capacity 13577K, committed 13696K, reserved 1048576K
}
Event: 20.285 GC heap after
{Heap after GC invocations=16 (full 0):
 garbage-first heap   total 327680K, used 173811K [0x0000000080000000, 0x0000000100000000)
  region size 1024K, 10 young (10240K), 10 survivors (10240K)
 Metaspace       used 100003K, capacity 102886K, committed 103088K, reserved 1138688K
  class space    used 12605K, capacity 13577K, committed 13696K, reserved 1048576K
}
Event: 21.511 GC heap before
{Heap before GC invocations=17 (full 0):
 garbage-first heap   total 327680K, used 265971K [0x0000000080000000, 0x0000000100000000)
  region size 1024K, 101 young (103424K), 10 survivors (10240K)
 Metaspace       used 101712K, capacity 104551K, committed 104624K, reserved 1140736K
  class space    used 12722K, capacity 13690K, committed 13696K, reserved 1048576K
}
Event: 21.528 GC heap after
{Heap after GC invocations=18 (full 0):
 garbage-first heap   total 327680K, used 181245K [0x0000000080000000, 0x0000000100000000)
  region size 1024K, 13 young (13312K), 13 survivors (13312K)
 Metaspace       used 101712K, capacity 104551K, committed 104624K, reserved 1140736K
  class space    used 12722K, capacity 13690K, committed 13696K, reserved 1048576K
}
Event: 134.549 GC heap before
{Heap before GC invocations=18 (full 0):
 garbage-first heap   total 327680K, used 270333K [0x0000000080000000, 0x0000000100000000)
  region size 1024K, 100 young (102400K), 13 survivors (13312K)
 Metaspace       used 104817K, capacity 107817K, committed 107952K, reserved 1142784K
  class space    used 13101K, capacity 14150K, committed 14208K, reserved 1048576K
}
Event: 134.564 GC heap after
{Heap after GC invocations=19 (full 0):
 garbage-first heap   total 327680K, used 184832K [0x0000000080000000, 0x0000000100000000)
  region size 1024K, 4 young (4096K), 4 survivors (4096K)
 Metaspace       used 104817K, capacity 107817K, committed 107952K, reserved 1142784K
  class space    used 13101K, capacity 14150K, committed 14208K, reserved 1048576K
}
Event: 176.397 GC heap before
{Heap before GC invocations=20 (full 0):
 garbage-first heap   total 327680K, used 271872K [0x0000000080000000, 0x0000000100000000)
  region size 1024K, 90 young (92160K), 4 survivors (4096K)
 Metaspace       used 106506K, capacity 109645K, committed 110000K, reserved 1144832K
  class space    used 13268K, capacity 14361K, committed 14464K, reserved 1048576K
}
Event: 176.416 GC heap after
{Heap after GC invocations=21 (full 0):
 garbage-first heap   total 327680K, used 194560K [0x0000000080000000, 0x0000000100000000)
  region size 1024K, 12 young (12288K), 12 survivors (12288K)
 Metaspace       used 106506K, capacity 109645K, committed 110000K, reserved 1144832K
  class space    used 13268K, capacity 14361K, committed 14464K, reserved 1048576K
}

