# JRE version: OpenJDK Runtime Environment (11.0.15) (build 11.0.15+0-b2043.56-9505619)
# Java VM: OpenJDK 64-Bit Server VM (11.0.15+0-b2043.56-9505619, mixed mode, tiered, compressed oops, g1 gc, windows-amd64)
Heap:
 garbage-first heap   total 312320K, used 244049K [0x0000000080000000, 0x0000000100000000)
  region size 1024K, 58 young (59392K), 8 survivors (8192K)
 Metaspace       used 107107K, capacity 110198K, committed 110416K, reserved 1144832K
  class space    used 13359K, capacity 14457K, committed 14568K, reserved 1048576K
GC Heap History (20 events):
Event: 5.719 GC heap before
{Heap before GC invocations=8 (full 0):
 garbage-first heap   total 260096K, used 149871K [0x0000000080000000, 0x0000000100000000)
  region size 1024K, 125 young (128000K), 13 survivors (13312K)
 Metaspace       used 51742K, capacity 53266K, committed 53352K, reserved 1095680K
  class space    used 6574K, capacity 7127K, committed 7168K, reserved 1048576K
}
Event: 5.737 GC heap after
{Heap after GC invocations=9 (full 0):
 garbage-first heap   total 260096K, used 43708K [0x0000000080000000, 0x0000000100000000)
  region size 1024K, 16 young (16384K), 16 survivors (16384K)
 Metaspace       used 51742K, capacity 53266K, committed 53352K, reserved 1095680K
  class space    used 6574K, capacity 7127K, committed 7168K, reserved 1048576K
}
Event: 7.248 GC heap before
{Heap before GC invocations=9 (full 0):
 garbage-first heap   total 260096K, used 186044K [0x0000000080000000, 0x0000000100000000)
  region size 1024K, 147 young (150528K), 16 survivors (16384K)
 Metaspace       used 66654K, capacity 68346K, committed 68584K, reserved 1110016K
  class space    used 8366K, capacity 8993K, committed 9088K, reserved 1048576K
}
Event: 7.271 GC heap after
{Heap after GC invocations=10 (full 0):
 garbage-first heap   total 260096K, used 54272K [0x0000000080000000, 0x0000000100000000)
  region size 1024K, 10 young (10240K), 10 survivors (10240K)
 Metaspace       used 66654K, capacity 68346K, committed 68584K, reserved 1110016K
  class space    used 8366K, capacity 8993K, committed 9088K, reserved 1048576K
}
Event: 8.186 GC heap before
{Heap before GC invocations=10 (full 0):
 garbage-first heap   total 260096K, used 151552K [0x0000000080000000, 0x0000000100000000)
  region size 1024K, 106 young (108544K), 10 survivors (10240K)
 Metaspace       used 73402K, capacity 75179K, committed 75240K, reserved 1114112K
  class space    used 9442K, capacity 10082K, committed 10112K, reserved 1048576K
}
Event: 8.206 GC heap after
{Heap after GC invocations=11 (full 0):
 garbage-first heap   total 312320K, used 60928K [0x0000000080000000, 0x0000000100000000)
  region size 1024K, 7 young (7168K), 7 survivors (7168K)
 Metaspace       used 73402K, capacity 75179K, committed 75240K, reserved 1114112K
  class space    used 9442K, capacity 10082K, committed 10112K, reserved 1048576K
}
Event: 18.364 GC heap before
{Heap before GC invocations=12 (full 0):
 garbage-first heap   total 312320K, used 255488K [0x0000000080000000, 0x0000000100000000)
  region size 1024K, 146 young (149504K), 7 survivors (7168K)
 Metaspace       used 84110K, capacity 86436K, committed 86736K, reserved 1124352K
  class space    used 10648K, capacity 11498K, committed 11624K, reserved 1048576K
}
Event: 18.387 GC heap after
{Heap after GC invocations=13 (full 0):
 garbage-first heap   total 312320K, used 129934K [0x0000000080000000, 0x0000000100000000)
  region size 1024K, 19 young (19456K), 19 survivors (19456K)
 Metaspace       used 84110K, capacity 86436K, committed 86736K, reserved 1124352K
  class space    used 10648K, capacity 11498K, committed 11624K, reserved 1048576K
}
Event: 19.234 GC heap before
{Heap before GC invocations=14 (full 0):
 garbage-first heap   total 312320K, used 268174K [0x0000000080000000, 0x0000000100000000)
  region size 1024K, 128 young (131072K), 19 survivors (19456K)
 Metaspace       used 88473K, capacity 91117K, committed 91344K, reserved 1128448K
  class space    used 11188K, capacity 12127K, committed 12136K, reserved 1048576K
}
Event: 19.255 GC heap after
{Heap after GC invocations=15 (full 0):
 garbage-first heap   total 312320K, used 169472K [0x0000000080000000, 0x0000000100000000)
  region size 1024K, 11 young (11264K), 11 survivors (11264K)
 Metaspace       used 88473K, capacity 91117K, committed 91344K, reserved 1128448K
  class space    used 11188K, capacity 12127K, committed 12136K, reserved 1048576K
}
Event: 19.423 GC heap before
{Heap before GC invocations=15 (full 0):
 garbage-first heap   total 312320K, used 202240K [0x0000000080000000, 0x0000000100000000)
  region size 1024K, 45 young (46080K), 11 survivors (11264K)
 Metaspace       used 89983K, capacity 92624K, committed 92880K, reserved 1130496K
  class space    used 11379K, capacity 12328K, committed 12392K, reserved 1048576K
}
Event: 19.432 GC heap after
{Heap after GC invocations=16 (full 0):
 garbage-first heap   total 312320K, used 171802K [0x0000000080000000, 0x0000000100000000)
  region size 1024K, 2 young (2048K), 2 survivors (2048K)
 Metaspace       used 89983K, capacity 92624K, committed 92880K, reserved 1130496K
  class space    used 11379K, capacity 12328K, committed 12392K, reserved 1048576K
}
Event: 20.231 GC heap before
{Heap before GC invocations=17 (full 0):
 garbage-first heap   total 312320K, used 249626K [0x0000000080000000, 0x0000000100000000)
  region size 1024K, 77 young (78848K), 2 survivors (2048K)
 Metaspace       used 97388K, capacity 100030K, committed 100176K, reserved 1136640K
  class space    used 12291K, capacity 13204K, committed 13288K, reserved 1048576K
}
Event: 20.237 GC heap after
{Heap after GC invocations=18 (full 0):
 garbage-first heap   total 312320K, used 173465K [0x0000000080000000, 0x0000000100000000)
  region size 1024K, 4 young (4096K), 4 survivors (4096K)
 Metaspace       used 97388K, capacity 100030K, committed 100176K, reserved 1136640K
  class space    used 12291K, capacity 13204K, committed 13288K, reserved 1048576K
}
Event: 21.142 GC heap before
{Heap before GC invocations=18 (full 0):
 garbage-first heap   total 312320K, used 251289K [0x0000000080000000, 0x0000000100000000)
  region size 1024K, 81 young (82944K), 4 survivors (4096K)
 Metaspace       used 102123K, capacity 104873K, committed 105168K, reserved 1140736K
  class space    used 12858K, capacity 13808K, committed 13928K, reserved 1048576K
}
Event: 21.155 GC heap after
{Heap after GC invocations=19 (full 0):
 garbage-first heap   total 312320K, used 181142K [0x0000000080000000, 0x0000000100000000)
  region size 1024K, 11 young (11264K), 11 survivors (11264K)
 Metaspace       used 102123K, capacity 104873K, committed 105168K, reserved 1140736K
  class space    used 12858K, capacity 13808K, committed 13928K, reserved 1048576K
}
Event: 22.129 GC heap before
{Heap before GC invocations=20 (full 0):
 garbage-first heap   total 312320K, used 254870K [0x0000000080000000, 0x0000000100000000)
  region size 1024K, 84 young (86016K), 11 survivors (11264K)
 Metaspace       used 103726K, capacity 106503K, committed 106832K, reserved 1142784K
  class space    used 12987K, capacity 13940K, committed 14056K, reserved 1048576K
}
Event: 22.148 GC heap after
{Heap after GC invocations=21 (full 0):
 garbage-first heap   total 312320K, used 186157K [0x0000000080000000, 0x0000000100000000)
  region size 1024K, 7 young (7168K), 7 survivors (7168K)
 Metaspace       used 103726K, capacity 106503K, committed 106832K, reserved 1142784K
  class space    used 12987K, capacity 13940K, committed 14056K, reserved 1048576K
}
Event: 28.973 GC heap before
{Heap before GC invocations=21 (full 0):
 garbage-first heap   total 312320K, used 258861K [0x0000000080000000, 0x0000000100000000)
  region size 1024K, 78 young (79872K), 7 survivors (7168K)
 Metaspace       used 106354K, capacity 109338K, committed 109392K, reserved 1144832K
  class space    used 13252K, capacity 14287K, committed 14312K, reserved 1048576K
}
Event: 28.996 GC heap after
{Heap after GC invocations=22 (full 0):
 garbage-first heap   total 312320K, used 193873K [0x0000000080000000, 0x0000000100000000)
  region size 1024K, 8 young (8192K), 8 survivors (8192K)
 Metaspace       used 106354K, capacity 109338K, committed 109392K, reserved 1144832K
  class space    used 13252K, capacity 14287K, committed 14312K, reserved 1048576K
}

