# JRE version: OpenJDK Runtime Environment (11.0.15) (build 11.0.15+0-b2043.56-9505619)
# Java VM: OpenJDK 64-Bit Server VM (11.0.15+0-b2043.56-9505619, mixed mode, tiered, compressed oops, g1 gc, windows-amd64)
Heap:
 garbage-first heap   total 312320K, used 196455K [0x0000000080000000, 0x0000000100000000)
  region size 1024K, 149 young (152576K), 17 survivors (17408K)
 Metaspace       used 85947K, capacity 88145K, committed 88240K, reserved 1126400K
  class space    used 11135K, capacity 11902K, committed 11928K, reserved 1048576K
GC Heap History (20 events):
Event: 0.804 GC heap before
{Heap before GC invocations=1 (full 0):
 garbage-first heap   total 260096K, used 19272K [0x0000000080000000, 0x0000000100000000)
  region size 1024K, 14 young (14336K), 2 survivors (2048K)
 Metaspace       used 9912K, capacity 10122K, committed 10368K, reserved 1058816K
  class space    used 1011K, capacity 1102K, committed 1152K, reserved 1048576K
}
Event: 0.807 GC heap after
{Heap after GC invocations=2 (full 0):
 garbage-first heap   total 260096K, used 9304K [0x0000000080000000, 0x0000000100000000)
  region size 1024K, 2 young (2048K), 2 survivors (2048K)
 Metaspace       used 9912K, capacity 10122K, committed 10368K, reserved 1058816K
  class space    used 1011K, capacity 1102K, committed 1152K, reserved 1048576K
}
Event: 1.214 GC heap before
{Heap before GC invocations=2 (full 0):
 garbage-first heap   total 260096K, used 40024K [0x0000000080000000, 0x0000000100000000)
  region size 1024K, 31 young (31744K), 2 survivors (2048K)
 Metaspace       used 10930K, capacity 11141K, committed 11264K, reserved 1058816K
  class space    used 1114K, capacity 1207K, committed 1280K, reserved 1048576K
}
Event: 1.217 GC heap after
{Heap after GC invocations=3 (full 0):
 garbage-first heap   total 260096K, used 13243K [0x0000000080000000, 0x0000000100000000)
  region size 1024K, 4 young (4096K), 4 survivors (4096K)
 Metaspace       used 10930K, capacity 11141K, committed 11264K, reserved 1058816K
  class space    used 1114K, capacity 1207K, committed 1280K, reserved 1048576K
}
Event: 1.857 GC heap before
{Heap before GC invocations=3 (full 0):
 garbage-first heap   total 260096K, used 55227K [0x0000000080000000, 0x0000000100000000)
  region size 1024K, 45 young (46080K), 4 survivors (4096K)
 Metaspace       used 18332K, capacity 18735K, committed 19072K, reserved 1067008K
  class space    used 2157K, capacity 2315K, committed 2432K, reserved 1048576K
}
Event: 1.861 GC heap after
{Heap after GC invocations=4 (full 0):
 garbage-first heap   total 260096K, used 16374K [0x0000000080000000, 0x0000000100000000)
  region size 1024K, 6 young (6144K), 6 survivors (6144K)
 Metaspace       used 18332K, capacity 18735K, committed 19072K, reserved 1067008K
  class space    used 2157K, capacity 2315K, committed 2432K, reserved 1048576K
}
Event: 2.006 GC heap before
{Heap before GC invocations=4 (full 0):
 garbage-first heap   total 260096K, used 38902K [0x0000000080000000, 0x0000000100000000)
  region size 1024K, 29 young (29696K), 6 survivors (6144K)
 Metaspace       used 20751K, capacity 21191K, committed 21296K, reserved 1069056K
  class space    used 2519K, capacity 2685K, committed 2688K, reserved 1048576K
}
Event: 2.011 GC heap after
{Heap after GC invocations=5 (full 0):
 garbage-first heap   total 260096K, used 17480K [0x0000000080000000, 0x0000000100000000)
  region size 1024K, 5 young (5120K), 5 survivors (5120K)
 Metaspace       used 20751K, capacity 21191K, committed 21296K, reserved 1069056K
  class space    used 2519K, capacity 2685K, committed 2688K, reserved 1048576K
}
Event: 2.543 GC heap before
{Heap before GC invocations=6 (full 0):
 garbage-first heap   total 260096K, used 79944K [0x0000000080000000, 0x0000000100000000)
  region size 1024K, 67 young (68608K), 5 survivors (5120K)
 Metaspace       used 27290K, capacity 27845K, committed 28028K, reserved 1073152K
  class space    used 3555K, capacity 3768K, committed 3788K, reserved 1048576K
}
Event: 2.551 GC heap after
{Heap after GC invocations=7 (full 0):
 garbage-first heap   total 260096K, used 19222K [0x0000000080000000, 0x0000000100000000)
  region size 1024K, 6 young (6144K), 6 survivors (6144K)
 Metaspace       used 27290K, capacity 27845K, committed 28028K, reserved 1073152K
  class space    used 3555K, capacity 3768K, committed 3788K, reserved 1048576K
}
Event: 3.204 GC heap before
{Heap before GC invocations=7 (full 0):
 garbage-first heap   total 260096K, used 79638K [0x0000000080000000, 0x0000000100000000)
  region size 1024K, 66 young (67584K), 6 survivors (6144K)
 Metaspace       used 35086K, capacity 35957K, committed 36048K, reserved 1081344K
  class space    used 4565K, capacity 4921K, committed 4940K, reserved 1048576K
}
Event: 3.214 GC heap after
{Heap after GC invocations=8 (full 0):
 garbage-first heap   total 260096K, used 22690K [0x0000000080000000, 0x0000000100000000)
  region size 1024K, 10 young (10240K), 10 survivors (10240K)
 Metaspace       used 35086K, capacity 35957K, committed 36048K, reserved 1081344K
  class space    used 4565K, capacity 4921K, committed 4940K, reserved 1048576K
}
Event: 4.448 GC heap before
{Heap before GC invocations=9 (full 0):
 garbage-first heap   total 260096K, used 157858K [0x0000000080000000, 0x0000000100000000)
  region size 1024K, 139 young (142336K), 10 survivors (10240K)
 Metaspace       used 46329K, capacity 47540K, committed 47772K, reserved 1091584K
  class space    used 5913K, capacity 6336K, committed 6424K, reserved 1048576K
}
Event: 4.465 GC heap after
{Heap after GC invocations=10 (full 0):
 garbage-first heap   total 260096K, used 31102K [0x0000000080000000, 0x0000000100000000)
  region size 1024K, 18 young (18432K), 18 survivors (18432K)
 Metaspace       used 46329K, capacity 47540K, committed 47772K, reserved 1091584K
  class space    used 5913K, capacity 6336K, committed 6424K, reserved 1048576K
}
Event: 5.952 GC heap before
{Heap before GC invocations=11 (full 0):
 garbage-first heap   total 260096K, used 172414K [0x0000000080000000, 0x0000000100000000)
  region size 1024K, 152 young (155648K), 18 survivors (18432K)
 Metaspace       used 58675K, capacity 60308K, committed 60700K, reserved 1101824K
  class space    used 7369K, capacity 7951K, committed 8088K, reserved 1048576K
}
Event: 5.976 GC heap after
{Heap after GC invocations=12 (full 0):
 garbage-first heap   total 312320K, used 45752K [0x0000000080000000, 0x0000000100000000)
  region size 1024K, 19 young (19456K), 19 survivors (19456K)
 Metaspace       used 58675K, capacity 60308K, committed 60700K, reserved 1101824K
  class space    used 7369K, capacity 7951K, committed 8088K, reserved 1048576K
}
Event: 7.567 GC heap before
{Heap before GC invocations=12 (full 0):
 garbage-first heap   total 312320K, used 221880K [0x0000000080000000, 0x0000000100000000)
  region size 1024K, 183 young (187392K), 19 survivors (19456K)
 Metaspace       used 71506K, capacity 73273K, committed 73500K, reserved 1114112K
  class space    used 9174K, capacity 9818K, committed 9880K, reserved 1048576K
}
Event: 7.594 GC heap after
{Heap after GC invocations=13 (full 0):
 garbage-first heap   total 312320K, used 58242K [0x0000000080000000, 0x0000000100000000)
  region size 1024K, 23 young (23552K), 23 survivors (23552K)
 Metaspace       used 71506K, capacity 73273K, committed 73500K, reserved 1114112K
  class space    used 9174K, capacity 9818K, committed 9880K, reserved 1048576K
}
Event: 8.350 GC heap before
{Heap before GC invocations=13 (full 0):
 garbage-first heap   total 312320K, used 132994K [0x0000000080000000, 0x0000000100000000)
  region size 1024K, 97 young (99328K), 23 survivors (23552K)
 Metaspace       used 78030K, capacity 79881K, committed 80048K, reserved 1118208K
  class space    used 10098K, capacity 10795K, committed 10904K, reserved 1048576K
}
Event: 8.379 GC heap after
{Heap after GC invocations=14 (full 0):
 garbage-first heap   total 312320K, used 63335K [0x0000000080000000, 0x0000000100000000)
  region size 1024K, 17 young (17408K), 17 survivors (17408K)
 Metaspace       used 78030K, capacity 79881K, committed 80048K, reserved 1118208K
  class space    used 10098K, capacity 10795K, committed 10904K, reserved 1048576K
}

