# JRE version: OpenJDK Runtime Environment (11.0.15) (build 11.0.15+0-b2043.56-9505619)
# Java VM: OpenJDK 64-Bit Server VM (11.0.15+0-b2043.56-9505619, mixed mode, tiered, compressed oops, g1 gc, windows-amd64)
Heap:
 garbage-first heap   total 318464K, used 208823K [0x0000000080000000, 0x0000000100000000)
  region size 1024K, 21 young (21504K), 10 survivors (10240K)
 Metaspace       used 106889K, capacity 109984K, committed 110128K, reserved 1144832K
  class space    used 13337K, capacity 14332K, committed 14336K, reserved 1048576K
GC Heap History (20 events):
Event: 6.158 GC heap before
{Heap before GC invocations=9 (full 0):
 garbage-first heap   total 260096K, used 168827K [0x0000000080000000, 0x0000000100000000)
  region size 1024K, 144 young (147456K), 14 survivors (14336K)
 Metaspace       used 55479K, capacity 57010K, committed 57244K, reserved 1099776K
  class space    used 7059K, capacity 7603K, committed 7680K, reserved 1048576K
}
Event: 6.177 GC heap after
{Heap after GC invocations=10 (full 0):
 garbage-first heap   total 260096K, used 45622K [0x0000000080000000, 0x0000000100000000)
  region size 1024K, 18 young (18432K), 18 survivors (18432K)
 Metaspace       used 55479K, capacity 57010K, committed 57244K, reserved 1099776K
  class space    used 7059K, capacity 7603K, committed 7680K, reserved 1048576K
}
Event: 7.500 GC heap before
{Heap before GC invocations=10 (full 0):
 garbage-first heap   total 260096K, used 191030K [0x0000000080000000, 0x0000000100000000)
  region size 1024K, 152 young (155648K), 18 survivors (18432K)
 Metaspace       used 67408K, capacity 69154K, committed 69276K, reserved 1110016K
  class space    used 8507K, capacity 9132K, committed 9216K, reserved 1048576K
}
Event: 7.522 GC heap after
{Heap after GC invocations=11 (full 0):
 garbage-first heap   total 260096K, used 55655K [0x0000000080000000, 0x0000000100000000)
  region size 1024K, 11 young (11264K), 11 survivors (11264K)
 Metaspace       used 67408K, capacity 69154K, committed 69276K, reserved 1110016K
  class space    used 8507K, capacity 9132K, committed 9216K, reserved 1048576K
}
Event: 8.528 GC heap before
{Heap before GC invocations=11 (full 0):
 garbage-first heap   total 260096K, used 154983K [0x0000000080000000, 0x0000000100000000)
  region size 1024K, 109 young (111616K), 11 survivors (11264K)
 Metaspace       used 76096K, capacity 77952K, committed 78128K, reserved 1118208K
  class space    used 9717K, capacity 10400K, committed 10496K, reserved 1048576K
}
Event: 8.550 GC heap after
{Heap after GC invocations=12 (full 0):
 garbage-first heap   total 312320K, used 65024K [0x0000000080000000, 0x0000000100000000)
  region size 1024K, 9 young (9216K), 9 survivors (9216K)
 Metaspace       used 76096K, capacity 77952K, committed 78128K, reserved 1118208K
  class space    used 9717K, capacity 10400K, committed 10496K, reserved 1048576K
}
Event: 23.683 GC heap before
{Heap before GC invocations=13 (full 0):
 garbage-first heap   total 312320K, used 288256K [0x0000000080000000, 0x0000000100000000)
  region size 1024K, 149 young (152576K), 9 survivors (9216K)
 Metaspace       used 85757K, capacity 88273K, committed 88368K, reserved 1126400K
  class space    used 10856K, capacity 11695K, committed 11776K, reserved 1048576K
}
Event: 23.707 GC heap after
{Heap after GC invocations=14 (full 0):
 garbage-first heap   total 318464K, used 165376K [0x0000000080000000, 0x0000000100000000)
  region size 1024K, 19 young (19456K), 19 survivors (19456K)
 Metaspace       used 85757K, capacity 88273K, committed 88368K, reserved 1126400K
  class space    used 10856K, capacity 11695K, committed 11776K, reserved 1048576K
}
Event: 24.068 GC heap before
{Heap before GC invocations=15 (full 0):
 garbage-first heap   total 318464K, used 233984K [0x0000000080000000, 0x0000000100000000)
  region size 1024K, 88 young (90112K), 19 survivors (19456K)
 Metaspace       used 87842K, capacity 90458K, committed 90800K, reserved 1128448K
  class space    used 11099K, capacity 12033K, committed 12160K, reserved 1048576K
}
Event: 24.089 GC heap after
{Heap after GC invocations=16 (full 0):
 garbage-first heap   total 318464K, used 168755K [0x0000000080000000, 0x0000000100000000)
  region size 1024K, 3 young (3072K), 3 survivors (3072K)
 Metaspace       used 87842K, capacity 90458K, committed 90800K, reserved 1128448K
  class space    used 11099K, capacity 12033K, committed 12160K, reserved 1048576K
}
Event: 25.261 GC heap before
{Heap before GC invocations=17 (full 0):
 garbage-first heap   total 318464K, used 251699K [0x0000000080000000, 0x0000000100000000)
  region size 1024K, 83 young (84992K), 3 survivors (3072K)
 Metaspace       used 96780K, capacity 99665K, committed 99888K, reserved 1136640K
  class space    used 12252K, capacity 13238K, committed 13312K, reserved 1048576K
}
Event: 25.268 GC heap after
{Heap after GC invocations=18 (full 0):
 garbage-first heap   total 318464K, used 171534K [0x0000000080000000, 0x0000000100000000)
  region size 1024K, 6 young (6144K), 6 survivors (6144K)
 Metaspace       used 96780K, capacity 99665K, committed 99888K, reserved 1136640K
  class space    used 12252K, capacity 13238K, committed 13312K, reserved 1048576K
}
Event: 26.416 GC heap before
{Heap before GC invocations=18 (full 0):
 garbage-first heap   total 318464K, used 253454K [0x0000000080000000, 0x0000000100000000)
  region size 1024K, 87 young (89088K), 6 survivors (6144K)
 Metaspace       used 100281K, capacity 103124K, committed 103344K, reserved 1138688K
  class space    used 12607K, capacity 13622K, committed 13696K, reserved 1048576K
}
Event: 26.433 GC heap after
{Heap after GC invocations=19 (full 0):
 garbage-first heap   total 318464K, used 179188K [0x0000000080000000, 0x0000000100000000)
  region size 1024K, 11 young (11264K), 11 survivors (11264K)
 Metaspace       used 100281K, capacity 103124K, committed 103344K, reserved 1138688K
  class space    used 12607K, capacity 13622K, committed 13696K, reserved 1048576K
}
Event: 27.522 GC heap before
{Heap before GC invocations=20 (full 0):
 garbage-first heap   total 318464K, used 258036K [0x0000000080000000, 0x0000000100000000)
  region size 1024K, 89 young (91136K), 11 survivors (11264K)
 Metaspace       used 102724K, capacity 105563K, committed 105776K, reserved 1140736K
  class space    used 12848K, capacity 13817K, committed 13824K, reserved 1048576K
}
Event: 27.538 GC heap after
{Heap after GC invocations=21 (full 0):
 garbage-first heap   total 318464K, used 185122K [0x0000000080000000, 0x0000000100000000)
  region size 1024K, 7 young (7168K), 7 survivors (7168K)
 Metaspace       used 102724K, capacity 105563K, committed 105776K, reserved 1140736K
  class space    used 12848K, capacity 13817K, committed 13824K, reserved 1048576K
}
Event: 71.493 GC heap before
{Heap before GC invocations=21 (full 0):
 garbage-first heap   total 318464K, used 261922K [0x0000000080000000, 0x0000000100000000)
  region size 1024K, 82 young (83968K), 7 survivors (7168K)
 Metaspace       used 104760K, capacity 107867K, committed 108208K, reserved 1142784K
  class space    used 13087K, capacity 14094K, committed 14208K, reserved 1048576K
}
Event: 71.514 GC heap after
{Heap after GC invocations=22 (full 0):
 garbage-first heap   total 318464K, used 188814K [0x0000000080000000, 0x0000000100000000)
  region size 1024K, 4 young (4096K), 4 survivors (4096K)
 Metaspace       used 104760K, capacity 107867K, committed 108208K, reserved 1142784K
  class space    used 13087K, capacity 14094K, committed 14208K, reserved 1048576K
}
Event: 72.322 GC heap before
{Heap before GC invocations=23 (full 0):
 garbage-first heap   total 318464K, used 265614K [0x0000000080000000, 0x0000000100000000)
  region size 1024K, 79 young (80896K), 4 survivors (4096K)
 Metaspace       used 106302K, capacity 109375K, committed 109616K, reserved 1144832K
  class space    used 13251K, capacity 14266K, committed 14336K, reserved 1048576K
}
Event: 72.337 GC heap after
{Heap after GC invocations=24 (full 0):
 garbage-first heap   total 318464K, used 198583K [0x0000000080000000, 0x0000000100000000)
  region size 1024K, 10 young (10240K), 10 survivors (10240K)
 Metaspace       used 106302K, capacity 109375K, committed 109616K, reserved 1144832K
  class space    used 13251K, capacity 14266K, committed 14336K, reserved 1048576K
}

