# JRE version: OpenJDK Runtime Environment (11.0.15) (build 11.0.15+0-b2043.56-9505619)
# Java VM: OpenJDK 64-Bit Server VM (11.0.15+0-b2043.56-9505619, mixed mode, tiered, compressed oops, g1 gc, windows-amd64)
Heap:
 garbage-first heap   total 260096K, used 129024K [0x0000000080000000, 0x0000000100000000)
  region size 1024K, 44 young (45056K), 9 survivors (9216K)
 Metaspace       used 93874K, capacity 96309K, committed 96560K, reserved 1132544K
  class space    used 11954K, capacity 12811K, committed 12928K, reserved 1048576K
GC Heap History (20 events):
Event: 4.234 GC heap before
{Heap before GC invocations=4 (full 0):
 garbage-first heap   total 260096K, used 75212K [0x0000000080000000, 0x0000000100000000)
  region size 1024K, 57 young (58368K), 1 survivors (1024K)
 Metaspace       used 28261K, capacity 28832K, committed 28976K, reserved 1075200K
  class space    used 3713K, capacity 3949K, committed 3968K, reserved 1048576K
}
Event: 4.238 GC heap after
{Heap after GC invocations=5 (full 0):
 garbage-first heap   total 260096K, used 19630K [0x0000000080000000, 0x0000000100000000)
  region size 1024K, 3 young (3072K), 3 survivors (3072K)
 Metaspace       used 28261K, capacity 28832K, committed 28976K, reserved 1075200K
  class space    used 3713K, capacity 3949K, committed 3968K, reserved 1048576K
}
Event: 5.392 GC heap before
{Heap before GC invocations=5 (full 0):
 garbage-first heap   total 260096K, used 64686K [0x0000000080000000, 0x0000000100000000)
  region size 1024K, 48 young (49152K), 3 survivors (3072K)
 Metaspace       used 34836K, capacity 35728K, committed 35888K, reserved 1081344K
  class space    used 4545K, capacity 4885K, committed 4992K, reserved 1048576K
}
Event: 5.401 GC heap after
{Heap after GC invocations=6 (full 0):
 garbage-first heap   total 260096K, used 22499K [0x0000000080000000, 0x0000000100000000)
  region size 1024K, 6 young (6144K), 6 survivors (6144K)
 Metaspace       used 34836K, capacity 35728K, committed 35888K, reserved 1081344K
  class space    used 4545K, capacity 4885K, committed 4992K, reserved 1048576K
}
Event: 6.750 GC heap before
{Heap before GC invocations=7 (full 0):
 garbage-first heap   total 260096K, used 109539K [0x0000000080000000, 0x0000000100000000)
  region size 1024K, 88 young (90112K), 6 survivors (6144K)
 Metaspace       used 42079K, capacity 43215K, committed 43312K, reserved 1087488K
  class space    used 5345K, capacity 5714K, committed 5760K, reserved 1048576K
}
Event: 6.765 GC heap after
{Heap after GC invocations=8 (full 0):
 garbage-first heap   total 260096K, used 29144K [0x0000000080000000, 0x0000000100000000)
  region size 1024K, 11 young (11264K), 11 survivors (11264K)
 Metaspace       used 42079K, capacity 43215K, committed 43312K, reserved 1087488K
  class space    used 5345K, capacity 5714K, committed 5760K, reserved 1048576K
}
Event: 8.727 GC heap before
{Heap before GC invocations=8 (full 0):
 garbage-first heap   total 260096K, used 137688K [0x0000000080000000, 0x0000000100000000)
  region size 1024K, 117 young (119808K), 11 survivors (11264K)
 Metaspace       used 52905K, capacity 54267K, committed 54576K, reserved 1097728K
  class space    used 6687K, capacity 7186K, committed 7296K, reserved 1048576K
}
Event: 8.741 GC heap after
{Heap after GC invocations=9 (full 0):
 garbage-first heap   total 260096K, used 35018K [0x0000000080000000, 0x0000000100000000)
  region size 1024K, 12 young (12288K), 12 survivors (12288K)
 Metaspace       used 52905K, capacity 54267K, committed 54576K, reserved 1097728K
  class space    used 6687K, capacity 7186K, committed 7296K, reserved 1048576K
}
Event: 20.314 GC heap before
{Heap before GC invocations=9 (full 0):
 garbage-first heap   total 260096K, used 101578K [0x0000000080000000, 0x0000000100000000)
  region size 1024K, 74 young (75776K), 12 survivors (12288K)
 Metaspace       used 58670K, capacity 60093K, committed 60208K, reserved 1101824K
  class space    used 7406K, capacity 7960K, committed 8064K, reserved 1048576K
}
Event: 20.331 GC heap after
{Heap after GC invocations=10 (full 0):
 garbage-first heap   total 260096K, used 49177K [0x0000000080000000, 0x0000000100000000)
  region size 1024K, 16 young (16384K), 16 survivors (16384K)
 Metaspace       used 58670K, capacity 60093K, committed 60208K, reserved 1101824K
  class space    used 7406K, capacity 7960K, committed 8064K, reserved 1048576K
}
Event: 22.255 GC heap before
{Heap before GC invocations=11 (full 0):
 garbage-first heap   total 260096K, used 173081K [0x0000000080000000, 0x0000000100000000)
  region size 1024K, 130 young (133120K), 16 survivors (16384K)
 Metaspace       used 70730K, capacity 72408K, committed 72752K, reserved 1112064K
  class space    used 8882K, capacity 9490K, committed 9600K, reserved 1048576K
}
Event: 22.270 GC heap after
{Heap after GC invocations=12 (full 0):
 garbage-first heap   total 260096K, used 56127K [0x0000000080000000, 0x0000000100000000)
  region size 1024K, 8 young (8192K), 8 survivors (8192K)
 Metaspace       used 70730K, capacity 72408K, committed 72752K, reserved 1112064K
  class space    used 8882K, capacity 9490K, committed 9600K, reserved 1048576K
}
Event: 24.056 GC heap before
{Heap before GC invocations=12 (full 0):
 garbage-first heap   total 260096K, used 183103K [0x0000000080000000, 0x0000000100000000)
  region size 1024K, 131 young (134144K), 8 survivors (8192K)
 Metaspace       used 79849K, capacity 81716K, committed 81840K, reserved 1120256K
  class space    used 10275K, capacity 10967K, committed 11008K, reserved 1048576K
}
Event: 24.070 GC heap after
{Heap after GC invocations=13 (full 0):
 garbage-first heap   total 260096K, used 63728K [0x0000000080000000, 0x0000000100000000)
  region size 1024K, 16 young (16384K), 16 survivors (16384K)
 Metaspace       used 79849K, capacity 81716K, committed 81840K, reserved 1120256K
  class space    used 10275K, capacity 10967K, committed 11008K, reserved 1048576K
}
Event: 25.511 GC heap before
{Heap before GC invocations=13 (full 0):
 garbage-first heap   total 260096K, used 188656K [0x0000000080000000, 0x0000000100000000)
  region size 1024K, 138 young (141312K), 16 survivors (16384K)
 Metaspace       used 87572K, capacity 89564K, committed 89776K, reserved 1126400K
  class space    used 11305K, capacity 12012K, committed 12032K, reserved 1048576K
}
Event: 25.533 GC heap after
{Heap after GC invocations=14 (full 0):
 garbage-first heap   total 260096K, used 73978K [0x0000000080000000, 0x0000000100000000)
  region size 1024K, 18 young (18432K), 18 survivors (18432K)
 Metaspace       used 87572K, capacity 89564K, committed 89776K, reserved 1126400K
  class space    used 11305K, capacity 12012K, committed 12032K, reserved 1048576K
}
Event: 37.785 GC heap before
{Heap before GC invocations=14 (full 0):
 garbage-first heap   total 260096K, used 191738K [0x0000000080000000, 0x0000000100000000)
  region size 1024K, 134 young (137216K), 18 survivors (18432K)
 Metaspace       used 91862K, capacity 94233K, committed 94512K, reserved 1130496K
  class space    used 11800K, capacity 12622K, committed 12672K, reserved 1048576K
}
Event: 37.813 GC heap after
{Heap after GC invocations=15 (full 0):
 garbage-first heap   total 260096K, used 87552K [0x0000000080000000, 0x0000000100000000)
  region size 1024K, 14 young (14336K), 14 survivors (14336K)
 Metaspace       used 91862K, capacity 94233K, committed 94512K, reserved 1130496K
  class space    used 11800K, capacity 12622K, committed 12672K, reserved 1048576K
}
Event: 39.302 GC heap before
{Heap before GC invocations=15 (full 0):
 garbage-first heap   total 260096K, used 195072K [0x0000000080000000, 0x0000000100000000)
  region size 1024K, 120 young (122880K), 14 survivors (14336K)
 Metaspace       used 92953K, capacity 95328K, committed 95664K, reserved 1132544K
  class space    used 11869K, capacity 12698K, committed 12800K, reserved 1048576K
}
Event: 39.322 GC heap after
{Heap after GC invocations=16 (full 0):
 garbage-first heap   total 260096K, used 95232K [0x0000000080000000, 0x0000000100000000)
  region size 1024K, 9 young (9216K), 9 survivors (9216K)
 Metaspace       used 92953K, capacity 95328K, committed 95664K, reserved 1132544K
  class space    used 11869K, capacity 12698K, committed 12800K, reserved 1048576K
}

