# JRE version: OpenJDK Runtime Environment (11.0.15) (build 11.0.15+0-b2043.56-9505619)
# Java VM: OpenJDK 64-Bit Server VM (11.0.15+0-b2043.56-9505619, mixed mode, tiered, compressed oops, g1 gc, windows-amd64)
Heap:
 garbage-first heap   total 312320K, used 179572K [0x0000000080000000, 0x0000000100000000)
  region size 1024K, 134 young (137216K), 19 survivors (19456K)
 Metaspace       used 85965K, capacity 88282K, committed 88484K, reserved 1126400K
  class space    used 11119K, capacity 11926K, committed 12032K, reserved 1048576K
GC Heap History (20 events):
Event: 0.362 GC heap before
{Heap before GC invocations=0 (full 0):
 garbage-first heap   total 260096K, used 16384K [0x0000000080000000, 0x0000000100000000)
  region size 1024K, 14 young (14336K), 0 survivors (0K)
 Metaspace       used 6743K, capacity 6929K, committed 7168K, reserved 1056768K
  class space    used 571K, capacity 650K, committed 768K, reserved 1048576K
}
Event: 0.365 GC heap after
{Heap after GC invocations=1 (full 0):
 garbage-first heap   total 260096K, used 4046K [0x0000000080000000, 0x0000000100000000)
  region size 1024K, 2 young (2048K), 2 survivors (2048K)
 Metaspace       used 6743K, capacity 6929K, committed 7168K, reserved 1056768K
  class space    used 571K, capacity 650K, committed 768K, reserved 1048576K
}
Event: 1.789 GC heap before
{Heap before GC invocations=1 (full 0):
 garbage-first heap   total 260096K, used 114638K [0x0000000080000000, 0x0000000100000000)
  region size 1024K, 106 young (108544K), 2 survivors (2048K)
 Metaspace       used 20503K, capacity 20889K, committed 21120K, reserved 1067008K
  class space    used 2487K, capacity 2649K, committed 2688K, reserved 1048576K
}
Event: 1.796 GC heap after
{Heap after GC invocations=2 (full 0):
 garbage-first heap   total 260096K, used 16763K [0x0000000080000000, 0x0000000100000000)
  region size 1024K, 12 young (12288K), 12 survivors (12288K)
 Metaspace       used 20503K, capacity 20889K, committed 21120K, reserved 1067008K
  class space    used 2487K, capacity 2649K, committed 2688K, reserved 1048576K
}
Event: 1.817 GC heap before
{Heap before GC invocations=2 (full 0):
 garbage-first heap   total 260096K, used 17787K [0x0000000080000000, 0x0000000100000000)
  region size 1024K, 14 young (14336K), 12 survivors (12288K)
 Metaspace       used 20799K, capacity 21194K, committed 21296K, reserved 1069056K
  class space    used 2525K, capacity 2687K, committed 2688K, reserved 1048576K
}
Event: 1.824 GC heap after
{Heap after GC invocations=3 (full 0):
 garbage-first heap   total 260096K, used 17719K [0x0000000080000000, 0x0000000100000000)
  region size 1024K, 1 young (1024K), 1 survivors (1024K)
 Metaspace       used 20799K, capacity 21194K, committed 21296K, reserved 1069056K
  class space    used 2525K, capacity 2687K, committed 2688K, reserved 1048576K
}
Event: 2.581 GC heap before
{Heap before GC invocations=4 (full 0):
 garbage-first heap   total 260096K, used 82231K [0x0000000080000000, 0x0000000100000000)
  region size 1024K, 64 young (65536K), 1 survivors (1024K)
 Metaspace       used 27354K, capacity 27942K, committed 28160K, reserved 1073152K
  class space    used 3566K, capacity 3800K, committed 3840K, reserved 1048576K
}
Event: 2.585 GC heap after
{Heap after GC invocations=5 (full 0):
 garbage-first heap   total 260096K, used 19365K [0x0000000080000000, 0x0000000100000000)
  region size 1024K, 3 young (3072K), 3 survivors (3072K)
 Metaspace       used 27354K, capacity 27942K, committed 28160K, reserved 1073152K
  class space    used 3566K, capacity 3800K, committed 3840K, reserved 1048576K
}
Event: 3.637 GC heap before
{Heap before GC invocations=5 (full 0):
 garbage-first heap   total 260096K, used 76709K [0x0000000080000000, 0x0000000100000000)
  region size 1024K, 60 young (61440K), 3 survivors (3072K)
 Metaspace       used 35032K, capacity 35894K, committed 35968K, reserved 1081344K
  class space    used 4568K, capacity 4921K, committed 4992K, reserved 1048576K
}
Event: 3.651 GC heap after
{Heap after GC invocations=6 (full 0):
 garbage-first heap   total 260096K, used 22455K [0x0000000080000000, 0x0000000100000000)
  region size 1024K, 6 young (6144K), 6 survivors (6144K)
 Metaspace       used 35032K, capacity 35894K, committed 35968K, reserved 1081344K
  class space    used 4568K, capacity 4921K, committed 4992K, reserved 1048576K
}
Event: 4.965 GC heap before
{Heap before GC invocations=7 (full 0):
 garbage-first heap   total 260096K, used 137143K [0x0000000080000000, 0x0000000100000000)
  region size 1024K, 115 young (117760K), 6 survivors (6144K)
 Metaspace       used 45018K, capacity 46227K, committed 46336K, reserved 1089536K
  class space    used 5692K, capacity 6089K, committed 6144K, reserved 1048576K
}
Event: 4.982 GC heap after
{Heap after GC invocations=8 (full 0):
 garbage-first heap   total 260096K, used 30603K [0x0000000080000000, 0x0000000100000000)
  region size 1024K, 14 young (14336K), 14 survivors (14336K)
 Metaspace       used 45018K, capacity 46227K, committed 46336K, reserved 1089536K
  class space    used 5692K, capacity 6089K, committed 6144K, reserved 1048576K
}
Event: 6.423 GC heap before
{Heap before GC invocations=8 (full 0):
 garbage-first heap   total 260096K, used 161675K [0x0000000080000000, 0x0000000100000000)
  region size 1024K, 138 young (141312K), 14 survivors (14336K)
 Metaspace       used 54456K, capacity 55971K, committed 56192K, reserved 1097728K
  class space    used 6916K, capacity 7492K, committed 7552K, reserved 1048576K
}
Event: 6.443 GC heap after
{Heap after GC invocations=9 (full 0):
 garbage-first heap   total 260096K, used 44865K [0x0000000080000000, 0x0000000100000000)
  region size 1024K, 18 young (18432K), 18 survivors (18432K)
 Metaspace       used 54456K, capacity 55971K, committed 56192K, reserved 1097728K
  class space    used 6916K, capacity 7492K, committed 7552K, reserved 1048576K
}
Event: 6.763 GC heap before
{Heap before GC invocations=9 (full 0):
 garbage-first heap   total 260096K, used 72513K [0x0000000080000000, 0x0000000100000000)
  region size 1024K, 46 young (47104K), 18 survivors (18432K)
 Metaspace       used 58727K, capacity 60317K, committed 60376K, reserved 1101824K
  class space    used 7361K, capacity 7936K, committed 7936K, reserved 1048576K
}
Event: 6.786 GC heap after
{Heap after GC invocations=10 (full 0):
 garbage-first heap   total 260096K, used 47565K [0x0000000080000000, 0x0000000100000000)
  region size 1024K, 3 young (3072K), 3 survivors (3072K)
 Metaspace       used 58727K, capacity 60317K, committed 60376K, reserved 1101824K
  class space    used 7361K, capacity 7936K, committed 7936K, reserved 1048576K
}
Event: 8.044 GC heap before
{Heap before GC invocations=11 (full 0):
 garbage-first heap   total 260096K, used 169421K [0x0000000080000000, 0x0000000100000000)
  region size 1024K, 114 young (116736K), 3 survivors (3072K)
 Metaspace       used 67461K, capacity 69135K, committed 69284K, reserved 1110016K
  class space    used 8511K, capacity 9103K, committed 9216K, reserved 1048576K
}
Event: 8.061 GC heap after
{Heap after GC invocations=12 (full 0):
 garbage-first heap   total 312320K, used 55270K [0x0000000080000000, 0x0000000100000000)
  region size 1024K, 11 young (11264K), 11 survivors (11264K)
 Metaspace       used 67461K, capacity 69135K, committed 69284K, reserved 1110016K
  class space    used 8511K, capacity 9103K, committed 9216K, reserved 1048576K
}
Event: 9.890 GC heap before
{Heap before GC invocations=13 (full 0):
 garbage-first heap   total 312320K, used 200678K [0x0000000080000000, 0x0000000100000000)
  region size 1024K, 153 young (156672K), 11 survivors (11264K)
 Metaspace       used 80752K, capacity 82745K, committed 82852K, reserved 1120256K
  class space    used 10465K, capacity 11162K, committed 11264K, reserved 1048576K
}
Event: 9.907 GC heap after
{Heap after GC invocations=14 (full 0):
 garbage-first heap   total 312320K, used 63860K [0x0000000080000000, 0x0000000100000000)
  region size 1024K, 19 young (19456K), 19 survivors (19456K)
 Metaspace       used 80752K, capacity 82745K, committed 82852K, reserved 1120256K
  class space    used 10465K, capacity 11162K, committed 11264K, reserved 1048576K
}

