# JRE version: OpenJDK Runtime Environment (11.0.15) (build 11.0.15+0-b2043.56-9505619)
# Java VM: OpenJDK 64-Bit Server VM (11.0.15+0-b2043.56-9505619, mixed mode, tiered, compressed oops, g1 gc, windows-amd64)
Heap:
 garbage-first heap   total 260096K, used 177021K [0x0000000080000000, 0x0000000100000000)
  region size 1024K, 112 young (114688K), 7 survivors (7168K)
 Metaspace       used 90185K, capacity 92552K, committed 92700K, reserved 1130496K
  class space    used 11423K, capacity 12231K, committed 12236K, reserved 1048576K
GC Heap History (20 events):
Event: 0.657 GC heap before
{Heap before GC invocations=0 (full 0):
 garbage-first heap   total 260096K, used 16384K [0x0000000080000000, 0x0000000100000000)
  region size 1024K, 14 young (14336K), 0 survivors (0K)
 Metaspace       used 6748K, capacity 6989K, committed 7168K, reserved 1056768K
  class space    used 571K, capacity 650K, committed 768K, reserved 1048576K
}
Event: 0.673 GC heap after
{Heap after GC invocations=1 (full 0):
 garbage-first heap   total 260096K, used 3986K [0x0000000080000000, 0x0000000100000000)
  region size 1024K, 2 young (2048K), 2 survivors (2048K)
 Metaspace       used 6748K, capacity 6989K, committed 7168K, reserved 1056768K
  class space    used 571K, capacity 650K, committed 768K, reserved 1048576K
}
Event: 2.351 GC heap before
{Heap before GC invocations=1 (full 0):
 garbage-first heap   total 260096K, used 115602K [0x0000000080000000, 0x0000000100000000)
  region size 1024K, 108 young (110592K), 2 survivors (2048K)
 Metaspace       used 20883K, capacity 21213K, committed 21296K, reserved 1069056K
  class space    used 2512K, capacity 2651K, committed 2688K, reserved 1048576K
}
Event: 2.359 GC heap after
{Heap after GC invocations=2 (full 0):
 garbage-first heap   total 260096K, used 16986K [0x0000000080000000, 0x0000000100000000)
  region size 1024K, 12 young (12288K), 12 survivors (12288K)
 Metaspace       used 20883K, capacity 21213K, committed 21296K, reserved 1069056K
  class space    used 2512K, capacity 2651K, committed 2688K, reserved 1048576K
}
Event: 2.830 GC heap before
{Heap before GC invocations=3 (full 0):
 garbage-first heap   total 260096K, used 71258K [0x0000000080000000, 0x0000000100000000)
  region size 1024K, 65 young (66560K), 12 survivors (12288K)
 Metaspace       used 26730K, capacity 27364K, committed 27440K, reserved 1073152K
  class space    used 3464K, capacity 3694K, committed 3712K, reserved 1048576K
}
Event: 2.840 GC heap after
{Heap after GC invocations=4 (full 0):
 garbage-first heap   total 260096K, used 19227K [0x0000000080000000, 0x0000000100000000)
  region size 1024K, 3 young (3072K), 3 survivors (3072K)
 Metaspace       used 26730K, capacity 27364K, committed 27440K, reserved 1073152K
  class space    used 3464K, capacity 3694K, committed 3712K, reserved 1048576K
}
Event: 3.622 GC heap before
{Heap before GC invocations=4 (full 0):
 garbage-first heap   total 260096K, used 85787K [0x0000000080000000, 0x0000000100000000)
  region size 1024K, 69 young (70656K), 3 survivors (3072K)
 Metaspace       used 34922K, capacity 35725K, committed 35888K, reserved 1081344K
  class space    used 4553K, capacity 4885K, committed 4992K, reserved 1048576K
}
Event: 3.630 GC heap after
{Heap after GC invocations=5 (full 0):
 garbage-first heap   total 260096K, used 22179K [0x0000000080000000, 0x0000000100000000)
  region size 1024K, 6 young (6144K), 6 survivors (6144K)
 Metaspace       used 34922K, capacity 35725K, committed 35888K, reserved 1081344K
  class space    used 4553K, capacity 4885K, committed 4992K, reserved 1048576K
}
Event: 4.905 GC heap before
{Heap before GC invocations=6 (full 0):
 garbage-first heap   total 260096K, used 124579K [0x0000000080000000, 0x0000000100000000)
  region size 1024K, 104 young (106496K), 6 survivors (6144K)
 Metaspace       used 43588K, capacity 44719K, committed 44848K, reserved 1087488K
  class space    used 5590K, capacity 5996K, committed 6016K, reserved 1048576K
}
Event: 4.922 GC heap after
{Heap after GC invocations=7 (full 0):
 garbage-first heap   total 260096K, used 30304K [0x0000000080000000, 0x0000000100000000)
  region size 1024K, 13 young (13312K), 13 survivors (13312K)
 Metaspace       used 43588K, capacity 44719K, committed 44848K, reserved 1087488K
  class space    used 5590K, capacity 5996K, committed 6016K, reserved 1048576K
}
Event: 6.401 GC heap before
{Heap before GC invocations=7 (full 0):
 garbage-first heap   total 260096K, used 152160K [0x0000000080000000, 0x0000000100000000)
  region size 1024K, 127 young (130048K), 13 survivors (13312K)
 Metaspace       used 51577K, capacity 53101K, committed 53424K, reserved 1095680K
  class space    used 6553K, capacity 7094K, committed 7168K, reserved 1048576K
}
Event: 6.417 GC heap after
{Heap after GC invocations=8 (full 0):
 garbage-first heap   total 260096K, used 43536K [0x0000000080000000, 0x0000000100000000)
  region size 1024K, 16 young (16384K), 16 survivors (16384K)
 Metaspace       used 51577K, capacity 53101K, committed 53424K, reserved 1095680K
  class space    used 6553K, capacity 7094K, committed 7168K, reserved 1048576K
}
Event: 6.966 GC heap before
{Heap before GC invocations=8 (full 0):
 garbage-first heap   total 260096K, used 91664K [0x0000000080000000, 0x0000000100000000)
  region size 1024K, 64 young (65536K), 16 survivors (16384K)
 Metaspace       used 58611K, capacity 60117K, committed 60240K, reserved 1101824K
  class space    used 7344K, capacity 7872K, committed 7936K, reserved 1048576K
}
Event: 6.979 GC heap after
{Heap after GC invocations=9 (full 0):
 garbage-first heap   total 260096K, used 46229K [0x0000000080000000, 0x0000000100000000)
  region size 1024K, 3 young (3072K), 3 survivors (3072K)
 Metaspace       used 58611K, capacity 60117K, committed 60240K, reserved 1101824K
  class space    used 7344K, capacity 7872K, committed 7936K, reserved 1048576K
}
Event: 8.175 GC heap before
{Heap before GC invocations=10 (full 0):
 garbage-first heap   total 260096K, used 160917K [0x0000000080000000, 0x0000000100000000)
  region size 1024K, 107 young (109568K), 3 survivors (3072K)
 Metaspace       used 67350K, capacity 69067K, committed 69148K, reserved 1110016K
  class space    used 8498K, capacity 9102K, committed 9164K, reserved 1048576K
}
Event: 8.187 GC heap after
{Heap after GC invocations=11 (full 0):
 garbage-first heap   total 260096K, used 54149K [0x0000000080000000, 0x0000000100000000)
  region size 1024K, 11 young (11264K), 11 survivors (11264K)
 Metaspace       used 67350K, capacity 69067K, committed 69148K, reserved 1110016K
  class space    used 8498K, capacity 9102K, committed 9164K, reserved 1048576K
}
Event: 9.316 GC heap before
{Heap before GC invocations=12 (full 0):
 garbage-first heap   total 260096K, used 161669K [0x0000000080000000, 0x0000000100000000)
  region size 1024K, 117 young (119808K), 11 survivors (11264K)
 Metaspace       used 75116K, capacity 77032K, committed 77340K, reserved 1116160K
  class space    used 9670K, capacity 10355K, committed 10444K, reserved 1048576K
}
Event: 9.338 GC heap after
{Heap after GC invocations=13 (full 0):
 garbage-first heap   total 260096K, used 63891K [0x0000000080000000, 0x0000000100000000)
  region size 1024K, 10 young (10240K), 10 survivors (10240K)
 Metaspace       used 75116K, capacity 77032K, committed 77340K, reserved 1116160K
  class space    used 9670K, capacity 10355K, committed 10444K, reserved 1048576K
}
Event: 25.934 GC heap before
{Heap before GC invocations=13 (full 0):
 garbage-first heap   total 260096K, used 172435K [0x0000000080000000, 0x0000000100000000)
  region size 1024K, 117 young (119808K), 10 survivors (10240K)
 Metaspace       used 84640K, capacity 86825K, committed 87068K, reserved 1124352K
  class space    used 10687K, capacity 11443K, committed 11468K, reserved 1048576K
}
Event: 25.955 GC heap after
{Heap after GC invocations=14 (full 0):
 garbage-first heap   total 260096K, used 70525K [0x0000000080000000, 0x0000000100000000)
  region size 1024K, 7 young (7168K), 7 survivors (7168K)
 Metaspace       used 84640K, capacity 86825K, committed 87068K, reserved 1124352K
  class space    used 10687K, capacity 11443K, committed 11468K, reserved 1048576K
}

