# JRE version: OpenJDK Runtime Environment (11.0.15) (build 11.0.15+0-b2043.56-9505619)
# Java VM: OpenJDK 64-Bit Server VM (11.0.15+0-b2043.56-9505619, mixed mode, tiered, compressed oops, g1 gc, windows-amd64)
Heap:
 garbage-first heap   total 263168K, used 212930K [0x0000000080000000, 0x0000000100000000)
  region size 1024K, 15 young (15360K), 4 survivors (4096K)
 Metaspace       used 109972K, capacity 113370K, committed 113412K, reserved 1148928K
  class space    used 13654K, capacity 14735K, committed 14744K, reserved 1048576K
GC Heap History (20 events):
Event: 20.557 GC heap before
{Heap before GC invocations=27 (full 0):
 garbage-first heap   total 263168K, used 224118K [0x0000000080000000, 0x0000000100000000)
  region size 1024K, 40 young (40960K), 3 survivors (3072K)
 Metaspace       used 103718K, capacity 106626K, committed 106756K, reserved 1142784K
  class space    used 12973K, capacity 13937K, committed 13976K, reserved 1048576K
}
Event: 20.562 GC heap after
{Heap after GC invocations=28 (full 0):
 garbage-first heap   total 263168K, used 186544K [0x0000000080000000, 0x0000000100000000)
  region size 1024K, 1 young (1024K), 1 survivors (1024K)
 Metaspace       used 103718K, capacity 106626K, committed 106756K, reserved 1142784K
  class space    used 12973K, capacity 13937K, committed 13976K, reserved 1048576K
}
Event: 33.458 GC heap before
{Heap before GC invocations=29 (full 0):
 garbage-first heap   total 263168K, used 223408K [0x0000000080000000, 0x0000000100000000)
  region size 1024K, 38 young (38912K), 1 survivors (1024K)
 Metaspace       used 104644K, capacity 107680K, committed 107908K, reserved 1142784K
  class space    used 13068K, capacity 14081K, committed 14104K, reserved 1048576K
}
Event: 33.461 GC heap after
{Heap after GC invocations=30 (full 0):
 garbage-first heap   total 263168K, used 186915K [0x0000000080000000, 0x0000000100000000)
  region size 1024K, 1 young (1024K), 1 survivors (1024K)
 Metaspace       used 104644K, capacity 107680K, committed 107908K, reserved 1142784K
  class space    used 13068K, capacity 14081K, committed 14104K, reserved 1048576K
}
Event: 34.480 GC heap before
{Heap before GC invocations=30 (full 0):
 garbage-first heap   total 263168K, used 224803K [0x0000000080000000, 0x0000000100000000)
  region size 1024K, 39 young (39936K), 1 survivors (1024K)
 Metaspace       used 105967K, capacity 109129K, committed 109444K, reserved 1144832K
  class space    used 13221K, capacity 14300K, committed 14360K, reserved 1048576K
}
Event: 34.491 GC heap after
{Heap after GC invocations=31 (full 0):
 garbage-first heap   total 263168K, used 191156K [0x0000000080000000, 0x0000000100000000)
  region size 1024K, 5 young (5120K), 5 survivors (5120K)
 Metaspace       used 105967K, capacity 109129K, committed 109444K, reserved 1144832K
  class space    used 13221K, capacity 14300K, committed 14360K, reserved 1048576K
}
Event: 34.807 GC heap before
{Heap before GC invocations=32 (full 0):
 garbage-first heap   total 263168K, used 226996K [0x0000000080000000, 0x0000000100000000)
  region size 1024K, 40 young (40960K), 5 survivors (5120K)
 Metaspace       used 106794K, capacity 109938K, committed 110084K, reserved 1144832K
  class space    used 13314K, capacity 14397K, committed 14488K, reserved 1048576K
}
Event: 34.815 GC heap after
{Heap after GC invocations=33 (full 0):
 garbage-first heap   total 263168K, used 192236K [0x0000000080000000, 0x0000000100000000)
  region size 1024K, 2 young (2048K), 2 survivors (2048K)
 Metaspace       used 106794K, capacity 109938K, committed 110084K, reserved 1144832K
  class space    used 13314K, capacity 14397K, committed 14488K, reserved 1048576K
}
Event: 35.347 GC heap before
{Heap before GC invocations=33 (full 0):
 garbage-first heap   total 263168K, used 227052K [0x0000000080000000, 0x0000000100000000)
  region size 1024K, 36 young (36864K), 2 survivors (2048K)
 Metaspace       used 107485K, capacity 110797K, committed 110852K, reserved 1146880K
  class space    used 13392K, capacity 14483K, committed 14488K, reserved 1048576K
}
Event: 35.352 GC heap after
{Heap after GC invocations=34 (full 0):
 garbage-first heap   total 263168K, used 194238K [0x0000000080000000, 0x0000000100000000)
  region size 1024K, 4 young (4096K), 4 survivors (4096K)
 Metaspace       used 107485K, capacity 110797K, committed 110852K, reserved 1146880K
  class space    used 13392K, capacity 14483K, committed 14488K, reserved 1048576K
}
Event: 35.739 GC heap before
{Heap before GC invocations=35 (full 0):
 garbage-first heap   total 263168K, used 227006K [0x0000000080000000, 0x0000000100000000)
  region size 1024K, 37 young (37888K), 4 survivors (4096K)
 Metaspace       used 107617K, capacity 110872K, committed 111108K, reserved 1146880K
  class space    used 13393K, capacity 14484K, committed 14488K, reserved 1048576K
}
Event: 35.747 GC heap after
{Heap after GC invocations=36 (full 0):
 garbage-first heap   total 263168K, used 196349K [0x0000000080000000, 0x0000000100000000)
  region size 1024K, 5 young (5120K), 5 survivors (5120K)
 Metaspace       used 107617K, capacity 110872K, committed 111108K, reserved 1146880K
  class space    used 13393K, capacity 14484K, committed 14488K, reserved 1048576K
}
Event: 42.206 GC heap before
{Heap before GC invocations=36 (full 0):
 garbage-first heap   total 263168K, used 203517K [0x0000000080000000, 0x0000000100000000)
  region size 1024K, 12 young (12288K), 5 survivors (5120K)
 Metaspace       used 107829K, capacity 111183K, committed 111492K, reserved 1146880K
  class space    used 13404K, capacity 14496K, committed 14616K, reserved 1048576K
}
Event: 42.217 GC heap after
{Heap after GC invocations=37 (full 0):
 garbage-first heap   total 263168K, used 191215K [0x0000000080000000, 0x0000000100000000)
  region size 1024K, 2 young (2048K), 2 survivors (2048K)
 Metaspace       used 107829K, capacity 111183K, committed 111492K, reserved 1146880K
  class space    used 13404K, capacity 14496K, committed 14616K, reserved 1048576K
}
Event: 42.711 GC heap before
{Heap before GC invocations=37 (full 0):
 garbage-first heap   total 263168K, used 227055K [0x0000000080000000, 0x0000000100000000)
  region size 1024K, 37 young (37888K), 2 survivors (2048K)
 Metaspace       used 108451K, capacity 111813K, committed 112004K, reserved 1146880K
  class space    used 13475K, capacity 14570K, committed 14616K, reserved 1048576K
}
Event: 42.728 GC heap after
{Heap after GC invocations=38 (full 0):
 garbage-first heap   total 263168K, used 194952K [0x0000000080000000, 0x0000000100000000)
  region size 1024K, 5 young (5120K), 5 survivors (5120K)
 Metaspace       used 108451K, capacity 111813K, committed 112004K, reserved 1146880K
  class space    used 13475K, capacity 14570K, committed 14616K, reserved 1048576K
}
Event: 43.106 GC heap before
{Heap before GC invocations=39 (full 0):
 garbage-first heap   total 263168K, used 227720K [0x0000000080000000, 0x0000000100000000)
  region size 1024K, 37 young (37888K), 5 survivors (5120K)
 Metaspace       used 109340K, capacity 112703K, committed 112900K, reserved 1146880K
  class space    used 13567K, capacity 14670K, committed 14744K, reserved 1048576K
}
Event: 43.117 GC heap after
{Heap after GC invocations=40 (full 0):
 garbage-first heap   total 263168K, used 198369K [0x0000000080000000, 0x0000000100000000)
  region size 1024K, 4 young (4096K), 4 survivors (4096K)
 Metaspace       used 109340K, capacity 112703K, committed 112900K, reserved 1146880K
  class space    used 13567K, capacity 14670K, committed 14744K, reserved 1048576K
}
Event: 43.249 GC heap before
{Heap before GC invocations=40 (full 0):
 garbage-first heap   total 263168K, used 227041K [0x0000000080000000, 0x0000000100000000)
  region size 1024K, 32 young (32768K), 4 survivors (4096K)
 Metaspace       used 109388K, capacity 112779K, committed 112900K, reserved 1146880K
  class space    used 13570K, capacity 14672K, committed 14744K, reserved 1048576K
}
Event: 43.256 GC heap after
{Heap after GC invocations=41 (full 0):
 garbage-first heap   total 263168K, used 202690K [0x0000000080000000, 0x0000000100000000)
  region size 1024K, 4 young (4096K), 4 survivors (4096K)
 Metaspace       used 109388K, capacity 112779K, committed 112900K, reserved 1146880K
  class space    used 13570K, capacity 14672K, committed 14744K, reserved 1048576K
}

