# JRE version: OpenJDK Runtime Environment (11.0.15) (build 11.0.15+0-b2043.56-9505619)
# Java VM: OpenJDK 64-Bit Server VM (11.0.15+0-b2043.56-9505619, mixed mode, tiered, compressed oops, g1 gc, windows-amd64)
Heap:
 garbage-first heap   total 260096K, used 201628K [0x0000000080000000, 0x0000000100000000)
  region size 1024K, 12 young (12288K), 5 survivors (5120K)
 Metaspace       used 106668K, capacity 109767K, committed 109888K, reserved 1144832K
  class space    used 13326K, capacity 14381K, committed 14496K, reserved 1048576K
GC Heap History (20 events):
Event: 10.129 GC heap before
{Heap before GC invocations=19 (full 0):
 garbage-first heap   total 260096K, used 214761K [0x0000000080000000, 0x0000000100000000)
  region size 1024K, 51 young (52224K), 3 survivors (3072K)
 Metaspace       used 88885K, capacity 91426K, committed 91584K, reserved 1128448K
  class space    used 11373K, capacity 12269K, committed 12320K, reserved 1048576K
}
Event: 10.134 GC heap after
{Heap after GC invocations=20 (full 0):
 garbage-first heap   total 260096K, used 165638K [0x0000000080000000, 0x0000000100000000)
  region size 1024K, 4 young (4096K), 4 survivors (4096K)
 Metaspace       used 88885K, capacity 91426K, committed 91584K, reserved 1128448K
  class space    used 11373K, capacity 12269K, committed 12320K, reserved 1048576K
}
Event: 10.718 GC heap before
{Heap before GC invocations=20 (full 0):
 garbage-first heap   total 260096K, used 215814K [0x0000000080000000, 0x0000000100000000)
  region size 1024K, 53 young (54272K), 4 survivors (4096K)
 Metaspace       used 93596K, capacity 96344K, committed 96576K, reserved 1132544K
  class space    used 12009K, capacity 12938K, committed 12960K, reserved 1048576K
}
Event: 10.727 GC heap after
{Heap after GC invocations=21 (full 0):
 garbage-first heap   total 260096K, used 168880K [0x0000000080000000, 0x0000000100000000)
  region size 1024K, 7 young (7168K), 7 survivors (7168K)
 Metaspace       used 93596K, capacity 96344K, committed 96576K, reserved 1132544K
  class space    used 12009K, capacity 12938K, committed 12960K, reserved 1048576K
}
Event: 11.341 GC heap before
{Heap before GC invocations=22 (full 0):
 garbage-first heap   total 260096K, used 217008K [0x0000000080000000, 0x0000000100000000)
  region size 1024K, 55 young (56320K), 7 survivors (7168K)
 Metaspace       used 95139K, capacity 97900K, committed 98112K, reserved 1134592K
  class space    used 12149K, capacity 13098K, committed 13216K, reserved 1048576K
}
Event: 11.354 GC heap after
{Heap after GC invocations=23 (full 0):
 garbage-first heap   total 260096K, used 174444K [0x0000000080000000, 0x0000000100000000)
  region size 1024K, 7 young (7168K), 7 survivors (7168K)
 Metaspace       used 95139K, capacity 97900K, committed 98112K, reserved 1134592K
  class space    used 12149K, capacity 13098K, committed 13216K, reserved 1048576K
}
Event: 12.022 GC heap before
{Heap before GC invocations=23 (full 0):
 garbage-first heap   total 260096K, used 218476K [0x0000000080000000, 0x0000000100000000)
  region size 1024K, 51 young (52224K), 7 survivors (7168K)
 Metaspace       used 96094K, capacity 98861K, committed 99136K, reserved 1134592K
  class space    used 12206K, capacity 13138K, committed 13216K, reserved 1048576K
}
Event: 12.035 GC heap after
{Heap after GC invocations=24 (full 0):
 garbage-first heap   total 260096K, used 178705K [0x0000000080000000, 0x0000000100000000)
  region size 1024K, 5 young (5120K), 5 survivors (5120K)
 Metaspace       used 96094K, capacity 98861K, committed 99136K, reserved 1134592K
  class space    used 12206K, capacity 13138K, committed 13216K, reserved 1048576K
}
Event: 12.499 GC heap before
{Heap before GC invocations=25 (full 0):
 garbage-first heap   total 260096K, used 219665K [0x0000000080000000, 0x0000000100000000)
  region size 1024K, 45 young (46080K), 5 survivors (5120K)
 Metaspace       used 97891K, capacity 100592K, committed 100800K, reserved 1136640K
  class space    used 12395K, capacity 13324K, committed 13344K, reserved 1048576K
}
Event: 12.510 GC heap after
{Heap after GC invocations=26 (full 0):
 garbage-first heap   total 260096K, used 181781K [0x0000000080000000, 0x0000000100000000)
  region size 1024K, 4 young (4096K), 4 survivors (4096K)
 Metaspace       used 97891K, capacity 100592K, committed 100800K, reserved 1136640K
  class space    used 12395K, capacity 13324K, committed 13344K, reserved 1048576K
}
Event: 12.616 GC heap before
{Heap before GC invocations=26 (full 0):
 garbage-first heap   total 260096K, used 220693K [0x0000000080000000, 0x0000000100000000)
  region size 1024K, 42 young (43008K), 4 survivors (4096K)
 Metaspace       used 98844K, capacity 101520K, committed 101696K, reserved 1138688K
  class space    used 12515K, capacity 13459K, committed 13472K, reserved 1048576K
}
Event: 12.622 GC heap after
{Heap after GC invocations=27 (full 0):
 garbage-first heap   total 260096K, used 182006K [0x0000000080000000, 0x0000000100000000)
  region size 1024K, 4 young (4096K), 4 survivors (4096K)
 Metaspace       used 98844K, capacity 101520K, committed 101696K, reserved 1138688K
  class space    used 12515K, capacity 13459K, committed 13472K, reserved 1048576K
}
Event: 18.018 GC heap before
{Heap before GC invocations=28 (full 0):
 garbage-first heap   total 260096K, used 220918K [0x0000000080000000, 0x0000000100000000)
  region size 1024K, 43 young (44032K), 4 survivors (4096K)
 Metaspace       used 103398K, capacity 106375K, committed 106560K, reserved 1142784K
  class space    used 12920K, capacity 13926K, committed 13984K, reserved 1048576K
}
Event: 18.025 GC heap after
{Heap after GC invocations=29 (full 0):
 garbage-first heap   total 260096K, used 184270K [0x0000000080000000, 0x0000000100000000)
  region size 1024K, 4 young (4096K), 4 survivors (4096K)
 Metaspace       used 103398K, capacity 106375K, committed 106560K, reserved 1142784K
  class space    used 12920K, capacity 13926K, committed 13984K, reserved 1048576K
}
Event: 18.781 GC heap before
{Heap before GC invocations=29 (full 0):
 garbage-first heap   total 260096K, used 223182K [0x0000000080000000, 0x0000000100000000)
  region size 1024K, 42 young (43008K), 4 survivors (4096K)
 Metaspace       used 104776K, capacity 107780K, committed 107968K, reserved 1142784K
  class space    used 13060K, capacity 14103K, committed 14112K, reserved 1048576K
}
Event: 18.794 GC heap after
{Heap after GC invocations=30 (full 0):
 garbage-first heap   total 260096K, used 188041K [0x0000000080000000, 0x0000000100000000)
  region size 1024K, 6 young (6144K), 6 survivors (6144K)
 Metaspace       used 104776K, capacity 107780K, committed 107968K, reserved 1142784K
  class space    used 13060K, capacity 14103K, committed 14112K, reserved 1048576K
}
Event: 19.114 GC heap before
{Heap before GC invocations=31 (full 0):
 garbage-first heap   total 260096K, used 223881K [0x0000000080000000, 0x0000000100000000)
  region size 1024K, 41 young (41984K), 6 survivors (6144K)
 Metaspace       used 105392K, capacity 108419K, committed 108608K, reserved 1144832K
  class space    used 13120K, capacity 14141K, committed 14240K, reserved 1048576K
}
Event: 19.129 GC heap after
{Heap after GC invocations=32 (full 0):
 garbage-first heap   total 260096K, used 192269K [0x0000000080000000, 0x0000000100000000)
  region size 1024K, 5 young (5120K), 5 survivors (5120K)
 Metaspace       used 105392K, capacity 108419K, committed 108608K, reserved 1144832K
  class space    used 13120K, capacity 14141K, committed 14240K, reserved 1048576K
}
Event: 19.322 GC heap before
{Heap before GC invocations=32 (full 0):
 garbage-first heap   total 260096K, used 221965K [0x0000000080000000, 0x0000000100000000)
  region size 1024K, 35 young (35840K), 5 survivors (5120K)
 Metaspace       used 105962K, capacity 108974K, committed 109248K, reserved 1144832K
  class space    used 13228K, capacity 14253K, committed 14368K, reserved 1048576K
}
Event: 19.333 GC heap after
{Heap after GC invocations=33 (full 0):
 garbage-first heap   total 260096K, used 196508K [0x0000000080000000, 0x0000000100000000)
  region size 1024K, 5 young (5120K), 5 survivors (5120K)
 Metaspace       used 105962K, capacity 108974K, committed 109248K, reserved 1144832K
  class space    used 13228K, capacity 14253K, committed 14368K, reserved 1048576K
}

