# JRE version: OpenJDK Runtime Environment (11.0.15) (build 11.0.15+0-b2043.56-9505619)
# Java VM: OpenJDK 64-Bit Server VM (11.0.15+0-b2043.56-9505619, mixed mode, tiered, compressed oops, g1 gc, windows-amd64)
Heap:
 garbage-first heap   total 312320K, used 244736K [0x0000000080000000, 0x0000000100000000)
  region size 1024K, 63 young (64512K), 9 survivors (9216K)
 Metaspace       used 106508K, capacity 109699K, committed 109948K, reserved 1144832K
  class space    used 13312K, capacity 14354K, committed 14464K, reserved 1048576K
GC Heap History (20 events):
Event: 9.430 GC heap before
{Heap before GC invocations=13 (full 0):
 garbage-first heap   total 312320K, used 240019K [0x0000000080000000, 0x0000000100000000)
  region size 1024K, 132 young (135168K), 17 survivors (17408K)
 Metaspace       used 72068K, capacity 74110K, committed 74320K, reserved 1114112K
  class space    used 9189K, capacity 9961K, committed 9984K, reserved 1048576K
}
Event: 9.449 GC heap after
{Heap after GC invocations=14 (full 0):
 garbage-first heap   total 312320K, used 130048K [0x0000000080000000, 0x0000000100000000)
  region size 1024K, 8 young (8192K), 8 survivors (8192K)
 Metaspace       used 72068K, capacity 74110K, committed 74320K, reserved 1114112K
  class space    used 9189K, capacity 9961K, committed 9984K, reserved 1048576K
}
Event: 9.987 GC heap before
{Heap before GC invocations=14 (full 0):
 garbage-first heap   total 312320K, used 173056K [0x0000000080000000, 0x0000000100000000)
  region size 1024K, 52 young (53248K), 8 survivors (8192K)
 Metaspace       used 76979K, capacity 79067K, committed 79184K, reserved 1118208K
  class space    used 9877K, capacity 10660K, committed 10752K, reserved 1048576K
}
Event: 10.000 GC heap after
{Heap after GC invocations=15 (full 0):
 garbage-first heap   total 312320K, used 134144K [0x0000000080000000, 0x0000000100000000)
  region size 1024K, 12 young (12288K), 12 survivors (12288K)
 Metaspace       used 76979K, capacity 79067K, committed 79184K, reserved 1118208K
  class space    used 9877K, capacity 10660K, committed 10752K, reserved 1048576K
}
Event: 10.465 GC heap before
{Heap before GC invocations=16 (full 0):
 garbage-first heap   total 312320K, used 158720K [0x0000000080000000, 0x0000000100000000)
  region size 1024K, 27 young (27648K), 12 survivors (12288K)
 Metaspace       used 78284K, capacity 80347K, committed 80508K, reserved 1120256K
  class space    used 10035K, capacity 10784K, committed 10880K, reserved 1048576K
}
Event: 10.477 GC heap after
{Heap after GC invocations=17 (full 0):
 garbage-first heap   total 312320K, used 150162K [0x0000000080000000, 0x0000000100000000)
  region size 1024K, 10 young (10240K), 10 survivors (10240K)
 Metaspace       used 78284K, capacity 80347K, committed 80508K, reserved 1120256K
  class space    used 10035K, capacity 10784K, committed 10880K, reserved 1048576K
}
Event: 11.225 GC heap before
{Heap before GC invocations=18 (full 0):
 garbage-first heap   total 312320K, used 227986K [0x0000000080000000, 0x0000000100000000)
  region size 1024K, 74 young (75776K), 10 survivors (10240K)
 Metaspace       used 81214K, capacity 83434K, committed 83708K, reserved 1122304K
  class space    used 10454K, capacity 11244K, committed 11264K, reserved 1048576K
}
Event: 11.235 GC heap after
{Heap after GC invocations=19 (full 0):
 garbage-first heap   total 312320K, used 165888K [0x0000000080000000, 0x0000000100000000)
  region size 1024K, 8 young (8192K), 8 survivors (8192K)
 Metaspace       used 81214K, capacity 83434K, committed 83708K, reserved 1122304K
  class space    used 10454K, capacity 11244K, committed 11264K, reserved 1048576K
}
Event: 11.756 GC heap before
{Heap before GC invocations=19 (full 0):
 garbage-first heap   total 312320K, used 230400K [0x0000000080000000, 0x0000000100000000)
  region size 1024K, 71 young (72704K), 8 survivors (8192K)
 Metaspace       used 83718K, capacity 86164K, committed 86396K, reserved 1124352K
  class space    used 10789K, capacity 11638K, committed 11648K, reserved 1048576K
}
Event: 11.763 GC heap after
{Heap after GC invocations=20 (full 0):
 garbage-first heap   total 312320K, used 168719K [0x0000000080000000, 0x0000000100000000)
  region size 1024K, 6 young (6144K), 6 survivors (6144K)
 Metaspace       used 83718K, capacity 86164K, committed 86396K, reserved 1124352K
  class space    used 10789K, capacity 11638K, committed 11648K, reserved 1048576K
}
Event: 12.237 GC heap before
{Heap before GC invocations=21 (full 0):
 garbage-first heap   total 312320K, used 237327K [0x0000000080000000, 0x0000000100000000)
  region size 1024K, 72 young (73728K), 6 survivors (6144K)
 Metaspace       used 88793K, capacity 91339K, committed 91516K, reserved 1128448K
  class space    used 11409K, capacity 12292K, committed 12416K, reserved 1048576K
}
Event: 12.245 GC heap after
{Heap after GC invocations=22 (full 0):
 garbage-first heap   total 312320K, used 169680K [0x0000000080000000, 0x0000000100000000)
  region size 1024K, 4 young (4096K), 4 survivors (4096K)
 Metaspace       used 88793K, capacity 91339K, committed 91516K, reserved 1128448K
  class space    used 11409K, capacity 12292K, committed 12416K, reserved 1048576K
}
Event: 13.650 GC heap before
{Heap before GC invocations=22 (full 0):
 garbage-first heap   total 312320K, used 240336K [0x0000000080000000, 0x0000000100000000)
  region size 1024K, 73 young (74752K), 4 survivors (4096K)
 Metaspace       used 96428K, capacity 99108K, committed 99324K, reserved 1136640K
  class space    used 12377K, capacity 13301K, committed 13312K, reserved 1048576K
}
Event: 13.660 GC heap after
{Heap after GC invocations=23 (full 0):
 garbage-first heap   total 312320K, used 173965K [0x0000000080000000, 0x0000000100000000)
  region size 1024K, 8 young (8192K), 8 survivors (8192K)
 Metaspace       used 96428K, capacity 99108K, committed 99324K, reserved 1136640K
  class space    used 12377K, capacity 13301K, committed 13312K, reserved 1048576K
}
Event: 15.075 GC heap before
{Heap before GC invocations=24 (full 0):
 garbage-first heap   total 312320K, used 244621K [0x0000000080000000, 0x0000000100000000)
  region size 1024K, 78 young (79872K), 8 survivors (8192K)
 Metaspace       used 97691K, capacity 100380K, committed 100476K, reserved 1136640K
  class space    used 12436K, capacity 13355K, committed 13440K, reserved 1048576K
}
Event: 15.091 GC heap after
{Heap after GC invocations=25 (full 0):
 garbage-first heap   total 312320K, used 180993K [0x0000000080000000, 0x0000000100000000)
  region size 1024K, 10 young (10240K), 10 survivors (10240K)
 Metaspace       used 97691K, capacity 100380K, committed 100476K, reserved 1136640K
  class space    used 12436K, capacity 13355K, committed 13440K, reserved 1048576K
}
Event: 16.536 GC heap before
{Heap before GC invocations=25 (full 0):
 garbage-first heap   total 312320K, used 249601K [0x0000000080000000, 0x0000000100000000)
  region size 1024K, 78 young (79872K), 10 survivors (10240K)
 Metaspace       used 102925K, capacity 105896K, committed 106108K, reserved 1142784K
  class space    used 12892K, capacity 13881K, committed 13952K, reserved 1048576K
}
Event: 16.562 GC heap after
{Heap after GC invocations=26 (full 0):
 garbage-first heap   total 312320K, used 185591K [0x0000000080000000, 0x0000000100000000)
  region size 1024K, 5 young (5120K), 5 survivors (5120K)
 Metaspace       used 102925K, capacity 105896K, committed 106108K, reserved 1142784K
  class space    used 12892K, capacity 13881K, committed 13952K, reserved 1048576K
}
Event: 40.331 GC heap before
{Heap before GC invocations=27 (full 0):
 garbage-first heap   total 312320K, used 254199K [0x0000000080000000, 0x0000000100000000)
  region size 1024K, 72 young (73728K), 5 survivors (5120K)
 Metaspace       used 105316K, capacity 108380K, committed 108668K, reserved 1144832K
  class space    used 13123K, capacity 14148K, committed 14208K, reserved 1048576K
}
Event: 40.343 GC heap after
{Heap after GC invocations=28 (full 0):
 garbage-first heap   total 312320K, used 191488K [0x0000000080000000, 0x0000000100000000)
  region size 1024K, 9 young (9216K), 9 survivors (9216K)
 Metaspace       used 105316K, capacity 108380K, committed 108668K, reserved 1144832K
  class space    used 13123K, capacity 14148K, committed 14208K, reserved 1048576K
}

