# JRE version: OpenJDK Runtime Environment (11.0.15) (build 11.0.15+0-b2043.56-9505619)
# Java VM: OpenJDK 64-Bit Server VM (11.0.15+0-b2043.56-9505619, mixed mode, tiered, compressed oops, g1 gc, windows-amd64)
Heap:
 garbage-first heap   total 312320K, used 107818K [0x0000000080000000, 0x0000000100000000)
  region size 1024K, 54 young (55296K), 19 survivors (19456K)
 Metaspace       used 85754K, capacity 88083K, committed 88136K, reserved 1126400K
  class space    used 11103K, capacity 11883K, committed 11928K, reserved 1048576K
GC Heap History (20 events):
Event: 1.627 GC heap before
{Heap before GC invocations=1 (full 0):
 garbage-first heap   total 260096K, used 90992K [0x0000000080000000, 0x0000000100000000)
  region size 1024K, 83 young (84992K), 2 survivors (2048K)
 Metaspace       used 17953K, capacity 18329K, committed 18432K, reserved 1064960K
  class space    used 2100K, capacity 2242K, committed 2304K, reserved 1048576K
}
Event: 1.634 GC heap after
{Heap after GC invocations=2 (full 0):
 garbage-first heap   total 260096K, used 16171K [0x0000000080000000, 0x0000000100000000)
  region size 1024K, 11 young (11264K), 11 survivors (11264K)
 Metaspace       used 17953K, capacity 18329K, committed 18432K, reserved 1064960K
  class space    used 2100K, capacity 2242K, committed 2304K, reserved 1048576K
}
Event: 1.832 GC heap before
{Heap before GC invocations=2 (full 0):
 garbage-first heap   total 260096K, used 40747K [0x0000000080000000, 0x0000000100000000)
  region size 1024K, 36 young (36864K), 11 survivors (11264K)
 Metaspace       used 20835K, capacity 21153K, committed 21296K, reserved 1069056K
  class space    used 2507K, capacity 2651K, committed 2688K, reserved 1048576K
}
Event: 1.839 GC heap after
{Heap after GC invocations=3 (full 0):
 garbage-first heap   total 260096K, used 17259K [0x0000000080000000, 0x0000000100000000)
  region size 1024K, 1 young (1024K), 1 survivors (1024K)
 Metaspace       used 20835K, capacity 21153K, committed 21296K, reserved 1069056K
  class space    used 2507K, capacity 2651K, committed 2688K, reserved 1048576K
}
Event: 2.246 GC heap before
{Heap before GC invocations=4 (full 0):
 garbage-first heap   total 260096K, used 62315K [0x0000000080000000, 0x0000000100000000)
  region size 1024K, 45 young (46080K), 1 survivors (1024K)
 Metaspace       used 25464K, capacity 26003K, committed 26160K, reserved 1073152K
  class space    used 3252K, capacity 3446K, committed 3456K, reserved 1048576K
}
Event: 2.252 GC heap after
{Heap after GC invocations=5 (full 0):
 garbage-first heap   total 260096K, used 18817K [0x0000000080000000, 0x0000000100000000)
  region size 1024K, 3 young (3072K), 3 survivors (3072K)
 Metaspace       used 25464K, capacity 26003K, committed 26160K, reserved 1073152K
  class space    used 3252K, capacity 3446K, committed 3456K, reserved 1048576K
}
Event: 2.844 GC heap before
{Heap before GC invocations=5 (full 0):
 garbage-first heap   total 260096K, used 82305K [0x0000000080000000, 0x0000000100000000)
  region size 1024K, 65 young (66560K), 3 survivors (3072K)
 Metaspace       used 31942K, capacity 32732K, committed 32944K, reserved 1077248K
  class space    used 4288K, capacity 4571K, committed 4608K, reserved 1048576K
}
Event: 2.849 GC heap after
{Heap after GC invocations=6 (full 0):
 garbage-first heap   total 260096K, used 20766K [0x0000000080000000, 0x0000000100000000)
  region size 1024K, 5 young (5120K), 5 survivors (5120K)
 Metaspace       used 31942K, capacity 32732K, committed 32944K, reserved 1077248K
  class space    used 4288K, capacity 4571K, committed 4608K, reserved 1048576K
}
Event: 3.091 GC heap before
{Heap before GC invocations=6 (full 0):
 garbage-first heap   total 260096K, used 33054K [0x0000000080000000, 0x0000000100000000)
  region size 1024K, 18 young (18432K), 5 survivors (5120K)
 Metaspace       used 34898K, capacity 35731K, committed 35888K, reserved 1081344K
  class space    used 4553K, capacity 4887K, committed 4992K, reserved 1048576K
}
Event: 3.098 GC heap after
{Heap after GC invocations=7 (full 0):
 garbage-first heap   total 260096K, used 22564K [0x0000000080000000, 0x0000000100000000)
  region size 1024K, 7 young (7168K), 7 survivors (7168K)
 Metaspace       used 34898K, capacity 35731K, committed 35888K, reserved 1081344K
  class space    used 4553K, capacity 4887K, committed 4992K, reserved 1048576K
}
Event: 4.371 GC heap before
{Heap before GC invocations=8 (full 0):
 garbage-first heap   total 260096K, used 124964K [0x0000000080000000, 0x0000000100000000)
  region size 1024K, 105 young (107520K), 7 survivors (7168K)
 Metaspace       used 43559K, capacity 44722K, committed 44848K, reserved 1087488K
  class space    used 5592K, capacity 5996K, committed 6016K, reserved 1048576K
}
Event: 4.390 GC heap after
{Heap after GC invocations=9 (full 0):
 garbage-first heap   total 260096K, used 30289K [0x0000000080000000, 0x0000000100000000)
  region size 1024K, 14 young (14336K), 14 survivors (14336K)
 Metaspace       used 43559K, capacity 44722K, committed 44848K, reserved 1087488K
  class space    used 5592K, capacity 5996K, committed 6016K, reserved 1048576K
}
Event: 5.945 GC heap before
{Heap before GC invocations=10 (full 0):
 garbage-first heap   total 260096K, used 175697K [0x0000000080000000, 0x0000000100000000)
  region size 1024K, 151 young (154624K), 14 survivors (14336K)
 Metaspace       used 54009K, capacity 55570K, committed 55728K, reserved 1097728K
  class space    used 6858K, capacity 7423K, committed 7424K, reserved 1048576K
}
Event: 5.971 GC heap after
{Heap after GC invocations=11 (full 0):
 garbage-first heap   total 260096K, used 45033K [0x0000000080000000, 0x0000000100000000)
  region size 1024K, 19 young (19456K), 19 survivors (19456K)
 Metaspace       used 54009K, capacity 55570K, committed 55728K, reserved 1097728K
  class space    used 6858K, capacity 7423K, committed 7424K, reserved 1048576K
}
Event: 7.472 GC heap before
{Heap before GC invocations=11 (full 0):
 garbage-first heap   total 260096K, used 189417K [0x0000000080000000, 0x0000000100000000)
  region size 1024K, 152 young (155648K), 19 survivors (19456K)
 Metaspace       used 67448K, capacity 69114K, committed 69296K, reserved 1110016K
  class space    used 8508K, capacity 9097K, committed 9216K, reserved 1048576K
}
Event: 7.498 GC heap after
{Heap after GC invocations=12 (full 0):
 garbage-first heap   total 260096K, used 55516K [0x0000000080000000, 0x0000000100000000)
  region size 1024K, 11 young (11264K), 11 survivors (11264K)
 Metaspace       used 67448K, capacity 69114K, committed 69296K, reserved 1110016K
  class space    used 8508K, capacity 9097K, committed 9216K, reserved 1048576K
}
Event: 8.132 GC heap before
{Heap before GC invocations=12 (full 0):
 garbage-first heap   total 260096K, used 129244K [0x0000000080000000, 0x0000000100000000)
  region size 1024K, 84 young (86016K), 11 survivors (11264K)
 Metaspace       used 72990K, capacity 74698K, committed 74748K, reserved 1114112K
  class space    used 9391K, capacity 10011K, committed 10060K, reserved 1048576K
}
Event: 8.146 GC heap after
{Heap after GC invocations=13 (full 0):
 garbage-first heap   total 312320K, used 60416K [0x0000000080000000, 0x0000000100000000)
  region size 1024K, 5 young (5120K), 5 survivors (5120K)
 Metaspace       used 72990K, capacity 74698K, committed 74748K, reserved 1114112K
  class space    used 9391K, capacity 10011K, committed 10060K, reserved 1048576K
}
Event: 9.552 GC heap before
{Heap before GC invocations=14 (full 0):
 garbage-first heap   total 312320K, used 221184K [0x0000000080000000, 0x0000000100000000)
  region size 1024K, 162 young (165888K), 5 survivors (5120K)
 Metaspace       used 82265K, capacity 84255K, committed 84552K, reserved 1122304K
  class space    used 10648K, capacity 11320K, committed 11416K, reserved 1048576K
}
Event: 9.575 GC heap after
{Heap after GC invocations=15 (full 0):
 garbage-first heap   total 312320K, used 74026K [0x0000000080000000, 0x0000000100000000)
  region size 1024K, 19 young (19456K), 19 survivors (19456K)
 Metaspace       used 82265K, capacity 84255K, committed 84552K, reserved 1122304K
  class space    used 10648K, capacity 11320K, committed 11416K, reserved 1048576K
}

