# JRE version: OpenJDK Runtime Environment (11.0.15) (build 11.0.15+0-b2043.56-9505619)
# Java VM: OpenJDK 64-Bit Server VM (11.0.15+0-b2043.56-9505619, mixed mode, tiered, compressed oops, g1 gc, windows-amd64)
Heap:
 garbage-first heap   total 260096K, used 92672K [0x0000000080000000, 0x0000000100000000)
  region size 1024K, 16 young (16384K), 11 survivors (11264K)
 Metaspace       used 87580K, capacity 89924K, committed 90012K, reserved 1128448K
  class space    used 11223K, capacity 12058K, committed 12108K, reserved 1048576K
GC Heap History (20 events):
Event: 0.839 GC heap after
{Heap after GC invocations=1 (full 0):
 garbage-first heap   total 260096K, used 4034K [0x0000000080000000, 0x0000000100000000)
  region size 1024K, 2 young (2048K), 2 survivors (2048K)
 Metaspace       used 6754K, capacity 6993K, committed 7168K, reserved 1056768K
  class space    used 571K, capacity 650K, committed 768K, reserved 1048576K
}
Event: 2.727 GC heap before
{Heap before GC invocations=1 (full 0):
 garbage-first heap   total 260096K, used 115650K [0x0000000080000000, 0x0000000100000000)
  region size 1024K, 108 young (110592K), 2 survivors (2048K)
 Metaspace       used 20792K, capacity 21150K, committed 21296K, reserved 1069056K
  class space    used 2497K, capacity 2650K, committed 2688K, reserved 1048576K
}
Event: 2.734 GC heap after
{Heap after GC invocations=2 (full 0):
 garbage-first heap   total 260096K, used 17506K [0x0000000080000000, 0x0000000100000000)
  region size 1024K, 13 young (13312K), 13 survivors (13312K)
 Metaspace       used 20792K, capacity 21150K, committed 21296K, reserved 1069056K
  class space    used 2497K, capacity 2650K, committed 2688K, reserved 1048576K
}
Event: 3.251 GC heap before
{Heap before GC invocations=3 (full 0):
 garbage-first heap   total 260096K, used 74850K [0x0000000080000000, 0x0000000100000000)
  region size 1024K, 69 young (70656K), 13 survivors (13312K)
 Metaspace       used 26945K, capacity 27615K, committed 27824K, reserved 1073152K
  class space    used 3498K, capacity 3734K, committed 3840K, reserved 1048576K
}
Event: 3.261 GC heap after
{Heap after GC invocations=4 (full 0):
 garbage-first heap   total 260096K, used 19163K [0x0000000080000000, 0x0000000100000000)
  region size 1024K, 3 young (3072K), 3 survivors (3072K)
 Metaspace       used 26945K, capacity 27615K, committed 27824K, reserved 1073152K
  class space    used 3498K, capacity 3734K, committed 3840K, reserved 1048576K
}
Event: 4.000 GC heap before
{Heap before GC invocations=4 (full 0):
 garbage-first heap   total 260096K, used 84699K [0x0000000080000000, 0x0000000100000000)
  region size 1024K, 68 young (69632K), 3 survivors (3072K)
 Metaspace       used 34825K, capacity 35729K, committed 35888K, reserved 1081344K
  class space    used 4547K, capacity 4885K, committed 4992K, reserved 1048576K
}
Event: 4.013 GC heap after
{Heap after GC invocations=5 (full 0):
 garbage-first heap   total 260096K, used 22046K [0x0000000080000000, 0x0000000100000000)
  region size 1024K, 6 young (6144K), 6 survivors (6144K)
 Metaspace       used 34825K, capacity 35729K, committed 35888K, reserved 1081344K
  class space    used 4547K, capacity 4885K, committed 4992K, reserved 1048576K
}
Event: 5.300 GC heap before
{Heap before GC invocations=6 (full 0):
 garbage-first heap   total 260096K, used 137758K [0x0000000080000000, 0x0000000100000000)
  region size 1024K, 116 young (118784K), 6 survivors (6144K)
 Metaspace       used 45063K, capacity 46224K, committed 46512K, reserved 1089536K
  class space    used 5692K, capacity 6088K, committed 6144K, reserved 1048576K
}
Event: 5.313 GC heap after
{Heap after GC invocations=7 (full 0):
 garbage-first heap   total 260096K, used 30320K [0x0000000080000000, 0x0000000100000000)
  region size 1024K, 14 young (14336K), 14 survivors (14336K)
 Metaspace       used 45063K, capacity 46224K, committed 46512K, reserved 1089536K
  class space    used 5692K, capacity 6088K, committed 6144K, reserved 1048576K
}
Event: 6.824 GC heap before
{Heap before GC invocations=7 (full 0):
 garbage-first heap   total 260096K, used 171632K [0x0000000080000000, 0x0000000100000000)
  region size 1024K, 148 young (151552K), 14 survivors (14336K)
 Metaspace       used 55962K, capacity 57491K, committed 57776K, reserved 1099776K
  class space    used 7089K, capacity 7636K, committed 7680K, reserved 1048576K
}
Event: 6.841 GC heap after
{Heap after GC invocations=8 (full 0):
 garbage-first heap   total 260096K, used 45156K [0x0000000080000000, 0x0000000100000000)
  region size 1024K, 19 young (19456K), 19 survivors (19456K)
 Metaspace       used 55962K, capacity 57491K, committed 57776K, reserved 1099776K
  class space    used 7089K, capacity 7636K, committed 7680K, reserved 1048576K
}
Event: 6.986 GC heap before
{Heap before GC invocations=8 (full 0):
 garbage-first heap   total 260096K, used 60516K [0x0000000080000000, 0x0000000100000000)
  region size 1024K, 35 young (35840K), 19 survivors (19456K)
 Metaspace       used 58602K, capacity 60112K, committed 60240K, reserved 1101824K
  class space    used 7342K, capacity 7869K, committed 7936K, reserved 1048576K
}
Event: 7.002 GC heap after
{Heap after GC invocations=9 (full 0):
 garbage-first heap   total 260096K, used 47002K [0x0000000080000000, 0x0000000100000000)
  region size 1024K, 2 young (2048K), 2 survivors (2048K)
 Metaspace       used 58602K, capacity 60112K, committed 60240K, reserved 1101824K
  class space    used 7342K, capacity 7869K, committed 7936K, reserved 1048576K
}
Event: 8.293 GC heap before
{Heap before GC invocations=10 (full 0):
 garbage-first heap   total 260096K, used 182170K [0x0000000080000000, 0x0000000100000000)
  region size 1024K, 127 young (130048K), 2 survivors (2048K)
 Metaspace       used 67447K, capacity 69221K, committed 69404K, reserved 1110016K
  class space    used 8513K, capacity 9133K, committed 9164K, reserved 1048576K
}
Event: 8.306 GC heap after
{Heap after GC invocations=11 (full 0):
 garbage-first heap   total 260096K, used 55403K [0x0000000080000000, 0x0000000100000000)
  region size 1024K, 11 young (11264K), 11 survivors (11264K)
 Metaspace       used 67447K, capacity 69221K, committed 69404K, reserved 1110016K
  class space    used 8513K, capacity 9133K, committed 9164K, reserved 1048576K
}
Event: 9.769 GC heap before
{Heap before GC invocations=12 (full 0):
 garbage-first heap   total 260096K, used 182379K [0x0000000080000000, 0x0000000100000000)
  region size 1024K, 135 young (138240K), 11 survivors (11264K)
 Metaspace       used 79110K, capacity 80983K, committed 81308K, reserved 1120256K
  class space    used 10285K, capacity 10963K, committed 11084K, reserved 1048576K
}
Event: 9.788 GC heap after
{Heap after GC invocations=13 (full 0):
 garbage-first heap   total 260096K, used 63228K [0x0000000080000000, 0x0000000100000000)
  region size 1024K, 8 young (8192K), 8 survivors (8192K)
 Metaspace       used 79110K, capacity 80983K, committed 81308K, reserved 1120256K
  class space    used 10285K, capacity 10963K, committed 11084K, reserved 1048576K
}
Event: 26.170 GC heap before
{Heap before GC invocations=13 (full 0):
 garbage-first heap   total 260096K, used 189180K [0x0000000080000000, 0x0000000100000000)
  region size 1024K, 132 young (135168K), 8 survivors (8192K)
 Metaspace       used 85946K, capacity 88218K, committed 88348K, reserved 1126400K
  class space    used 11084K, capacity 11878K, committed 11980K, reserved 1048576K
}
Event: 26.191 GC heap after
{Heap after GC invocations=14 (full 0):
 garbage-first heap   total 260096K, used 77613K [0x0000000080000000, 0x0000000100000000)
  region size 1024K, 17 young (17408K), 17 survivors (17408K)
 Metaspace       used 85946K, capacity 88218K, committed 88348K, reserved 1126400K
  class space    used 11084K, capacity 11878K, committed 11980K, reserved 1048576K
}
Event: 28.025 GC heap before
{Heap before GC invocations=14 (full 0):
 garbage-first heap   total 260096K, used 193325K [0x0000000080000000, 0x0000000100000000)
  region size 1024K, 131 young (134144K), 17 survivors (17408K)
 Metaspace       used 87506K, capacity 89845K, committed 90012K, reserved 1128448K
  class space    used 11212K, capacity 12053K, committed 12108K, reserved 1048576K
}

