# JRE version: OpenJDK Runtime Environment (11.0.15) (build 11.0.15+0-b2043.56-9505619)
# Java VM: OpenJDK 64-Bit Server VM (11.0.15+0-b2043.56-9505619, mixed mode, tiered, compressed oops, g1 gc, windows-amd64)
Heap:
 garbage-first heap   total 312320K, used 94138K [0x0000000080000000, 0x0000000100000000)
  region size 1024K, 40 young (40960K), 20 survivors (20480K)
 Metaspace       used 85876K, capacity 88103K, committed 88368K, reserved 1126400K
  class space    used 11114K, capacity 11888K, committed 11904K, reserved 1048576K
GC Heap History (20 events):
Event: 1.324 GC heap before
{Heap before GC invocations=2 (full 0):
 garbage-first heap   total 260096K, used 41328K [0x0000000080000000, 0x0000000100000000)
  region size 1024K, 32 young (32768K), 2 survivors (2048K)
 Metaspace       used 10943K, capacity 11137K, committed 11264K, reserved 1058816K
  class space    used 1114K, capacity 1207K, committed 1280K, reserved 1048576K
}
Event: 1.327 GC heap after
{Heap after GC invocations=3 (full 0):
 garbage-first heap   total 260096K, used 14008K [0x0000000080000000, 0x0000000100000000)
  region size 1024K, 4 young (4096K), 4 survivors (4096K)
 Metaspace       used 10943K, capacity 11137K, committed 11264K, reserved 1058816K
  class space    used 1114K, capacity 1207K, committed 1280K, reserved 1048576K
}
Event: 2.513 GC heap before
{Heap before GC invocations=3 (full 0):
 garbage-first heap   total 260096K, used 58040K [0x0000000080000000, 0x0000000100000000)
  region size 1024K, 47 young (48128K), 4 survivors (4096K)
 Metaspace       used 18881K, capacity 19287K, committed 19584K, reserved 1067008K
  class space    used 2217K, capacity 2351K, committed 2432K, reserved 1048576K
}
Event: 2.518 GC heap after
{Heap after GC invocations=4 (full 0):
 garbage-first heap   total 260096K, used 17009K [0x0000000080000000, 0x0000000100000000)
  region size 1024K, 5 young (5120K), 5 survivors (5120K)
 Metaspace       used 18881K, capacity 19287K, committed 19584K, reserved 1067008K
  class space    used 2217K, capacity 2351K, committed 2432K, reserved 1048576K
}
Event: 2.711 GC heap before
{Heap before GC invocations=4 (full 0):
 garbage-first heap   total 260096K, used 35441K [0x0000000080000000, 0x0000000100000000)
  region size 1024K, 25 young (25600K), 5 survivors (5120K)
 Metaspace       used 20880K, capacity 21213K, committed 21296K, reserved 1069056K
  class space    used 2510K, capacity 2651K, committed 2688K, reserved 1048576K
}
Event: 2.715 GC heap after
{Heap after GC invocations=5 (full 0):
 garbage-first heap   total 260096K, used 17789K [0x0000000080000000, 0x0000000100000000)
  region size 1024K, 4 young (4096K), 4 survivors (4096K)
 Metaspace       used 20880K, capacity 21213K, committed 21296K, reserved 1069056K
  class space    used 2510K, capacity 2651K, committed 2688K, reserved 1048576K
}
Event: 3.609 GC heap before
{Heap before GC invocations=6 (full 0):
 garbage-first heap   total 260096K, used 77181K [0x0000000080000000, 0x0000000100000000)
  region size 1024K, 62 young (63488K), 4 survivors (4096K)
 Metaspace       used 27180K, capacity 27835K, committed 28080K, reserved 1073152K
  class space    used 3532K, capacity 3766K, committed 3840K, reserved 1048576K
}
Event: 3.615 GC heap after
{Heap after GC invocations=7 (full 0):
 garbage-first heap   total 260096K, used 19937K [0x0000000080000000, 0x0000000100000000)
  region size 1024K, 6 young (6144K), 6 survivors (6144K)
 Metaspace       used 27180K, capacity 27835K, committed 28080K, reserved 1073152K
  class space    used 3532K, capacity 3766K, committed 3840K, reserved 1048576K
}
Event: 4.309 GC heap before
{Heap before GC invocations=7 (full 0):
 garbage-first heap   total 260096K, used 79329K [0x0000000080000000, 0x0000000100000000)
  region size 1024K, 65 young (66560K), 6 survivors (6144K)
 Metaspace       used 34933K, capacity 35727K, committed 35888K, reserved 1081344K
  class space    used 4552K, capacity 4887K, committed 4992K, reserved 1048576K
}
Event: 4.321 GC heap after
{Heap after GC invocations=8 (full 0):
 garbage-first heap   total 260096K, used 22814K [0x0000000080000000, 0x0000000100000000)
  region size 1024K, 9 young (9216K), 9 survivors (9216K)
 Metaspace       used 34933K, capacity 35727K, committed 35888K, reserved 1081344K
  class space    used 4552K, capacity 4887K, committed 4992K, reserved 1048576K
}
Event: 5.370 GC heap before
{Heap before GC invocations=9 (full 0):
 garbage-first heap   total 260096K, used 137502K [0x0000000080000000, 0x0000000100000000)
  region size 1024K, 118 young (120832K), 9 survivors (9216K)
 Metaspace       used 44890K, capacity 46139K, committed 46256K, reserved 1089536K
  class space    used 5675K, capacity 6082K, committed 6144K, reserved 1048576K
}
Event: 5.389 GC heap after
{Heap after GC invocations=10 (full 0):
 garbage-first heap   total 260096K, used 30987K [0x0000000080000000, 0x0000000100000000)
  region size 1024K, 14 young (14336K), 14 survivors (14336K)
 Metaspace       used 44890K, capacity 46139K, committed 46256K, reserved 1089536K
  class space    used 5675K, capacity 6082K, committed 6144K, reserved 1048576K
}
Event: 6.954 GC heap before
{Heap before GC invocations=11 (full 0):
 garbage-first heap   total 260096K, used 165131K [0x0000000080000000, 0x0000000100000000)
  region size 1024K, 141 young (144384K), 14 survivors (14336K)
 Metaspace       used 54704K, capacity 56242K, committed 56368K, reserved 1097728K
  class space    used 6961K, capacity 7521K, committed 7552K, reserved 1048576K
}
Event: 6.972 GC heap after
{Heap after GC invocations=12 (full 0):
 garbage-first heap   total 260096K, used 45333K [0x0000000080000000, 0x0000000100000000)
  region size 1024K, 18 young (18432K), 18 survivors (18432K)
 Metaspace       used 54704K, capacity 56242K, committed 56368K, reserved 1097728K
  class space    used 6961K, capacity 7521K, committed 7552K, reserved 1048576K
}
Event: 8.556 GC heap before
{Heap before GC invocations=12 (full 0):
 garbage-first heap   total 260096K, used 190741K [0x0000000080000000, 0x0000000100000000)
  region size 1024K, 152 young (155648K), 18 survivors (18432K)
 Metaspace       used 67332K, capacity 68987K, committed 69296K, reserved 1110016K
  class space    used 8491K, capacity 9098K, committed 9216K, reserved 1048576K
}
Event: 8.579 GC heap after
{Heap after GC invocations=13 (full 0):
 garbage-first heap   total 312320K, used 54707K [0x0000000080000000, 0x0000000100000000)
  region size 1024K, 10 young (10240K), 10 survivors (10240K)
 Metaspace       used 67332K, capacity 68987K, committed 69296K, reserved 1110016K
  class space    used 8491K, capacity 9098K, committed 9216K, reserved 1048576K
}
Event: 9.633 GC heap before
{Heap before GC invocations=13 (full 0):
 garbage-first heap   total 312320K, used 154035K [0x0000000080000000, 0x0000000100000000)
  region size 1024K, 108 young (110592K), 10 survivors (10240K)
 Metaspace       used 75469K, capacity 77344K, committed 77488K, reserved 1116160K
  class space    used 9737K, capacity 10389K, committed 10496K, reserved 1048576K
}
Event: 9.657 GC heap after
{Heap after GC invocations=14 (full 0):
 garbage-first heap   total 312320K, used 61875K [0x0000000080000000, 0x0000000100000000)
  region size 1024K, 17 young (17408K), 17 survivors (17408K)
 Metaspace       used 75469K, capacity 77344K, committed 77488K, reserved 1116160K
  class space    used 9737K, capacity 10389K, committed 10496K, reserved 1048576K
}
Event: 11.027 GC heap before
{Heap before GC invocations=15 (full 0):
 garbage-first heap   total 312320K, used 207283K [0x0000000080000000, 0x0000000100000000)
  region size 1024K, 160 young (163840K), 17 survivors (17408K)
 Metaspace       used 83906K, capacity 85883K, committed 85936K, reserved 1124352K
  class space    used 10770K, capacity 11474K, committed 11520K, reserved 1048576K
}
Event: 11.052 GC heap after
{Heap after GC invocations=16 (full 0):
 garbage-first heap   total 312320K, used 75706K [0x0000000080000000, 0x0000000100000000)
  region size 1024K, 20 young (20480K), 20 survivors (20480K)
 Metaspace       used 83906K, capacity 85883K, committed 85936K, reserved 1124352K
  class space    used 10770K, capacity 11474K, committed 11520K, reserved 1048576K
}

