# JRE version: OpenJDK Runtime Environment (11.0.15) (build 11.0.15+0-b2043.56-9505619)
# Java VM: OpenJDK 64-Bit Server VM (11.0.15+0-b2043.56-9505619, mixed mode, tiered, compressed oops, g1 gc, windows-amd64)
Heap:
 garbage-first heap   total 260096K, used 218887K [0x0000000080000000, 0x0000000100000000)
  region size 1024K, 27 young (27648K), 5 survivors (5120K)
 Metaspace       used 106604K, capacity 109779K, committed 110060K, reserved 1144832K
  class space    used 13256K, capacity 14344K, committed 14464K, reserved 1048576K
GC Heap History (20 events):
Event: 15.972 GC heap before
{Heap before GC invocations=24 (full 0):
 garbage-first heap   total 260096K, used 209033K [0x0000000080000000, 0x0000000100000000)
  region size 1024K, 46 young (47104K), 4 survivors (4096K)
 Metaspace       used 94523K, capacity 97217K, committed 97388K, reserved 1134592K
  class space    used 12113K, capacity 13033K, committed 13056K, reserved 1048576K
}
Event: 15.982 GC heap after
{Heap after GC invocations=25 (full 0):
 garbage-first heap   total 260096K, used 168745K [0x0000000080000000, 0x0000000100000000)
  region size 1024K, 5 young (5120K), 5 survivors (5120K)
 Metaspace       used 94523K, capacity 97217K, committed 97388K, reserved 1134592K
  class space    used 12113K, capacity 13033K, committed 13056K, reserved 1048576K
}
Event: 16.918 GC heap before
{Heap before GC invocations=25 (full 0):
 garbage-first heap   total 260096K, used 210729K [0x0000000080000000, 0x0000000100000000)
  region size 1024K, 47 young (48128K), 5 survivors (5120K)
 Metaspace       used 95381K, capacity 98029K, committed 98284K, reserved 1134592K
  class space    used 12148K, capacity 13089K, committed 13184K, reserved 1048576K
}
Event: 16.929 GC heap after
{Heap after GC invocations=26 (full 0):
 garbage-first heap   total 260096K, used 174053K [0x0000000080000000, 0x0000000100000000)
  region size 1024K, 6 young (6144K), 6 survivors (6144K)
 Metaspace       used 95381K, capacity 98029K, committed 98284K, reserved 1134592K
  class space    used 12148K, capacity 13089K, committed 13184K, reserved 1048576K
}
Event: 17.705 GC heap before
{Heap before GC invocations=27 (full 0):
 garbage-first heap   total 260096K, used 213989K [0x0000000080000000, 0x0000000100000000)
  region size 1024K, 46 young (47104K), 6 survivors (6144K)
 Metaspace       used 96100K, capacity 98832K, committed 99052K, reserved 1136640K
  class space    used 12191K, capacity 13127K, committed 13184K, reserved 1048576K
}
Event: 17.715 GC heap after
{Heap after GC invocations=28 (full 0):
 garbage-first heap   total 260096K, used 177495K [0x0000000080000000, 0x0000000100000000)
  region size 1024K, 5 young (5120K), 5 survivors (5120K)
 Metaspace       used 96100K, capacity 98832K, committed 99052K, reserved 1136640K
  class space    used 12191K, capacity 13127K, committed 13184K, reserved 1048576K
}
Event: 18.265 GC heap before
{Heap before GC invocations=28 (full 0):
 garbage-first heap   total 260096K, used 216407K [0x0000000080000000, 0x0000000100000000)
  region size 1024K, 43 young (44032K), 5 survivors (5120K)
 Metaspace       used 96906K, capacity 99639K, committed 99948K, reserved 1136640K
  class space    used 12255K, capacity 13192K, committed 13312K, reserved 1048576K
}
Event: 18.274 GC heap after
{Heap after GC invocations=29 (full 0):
 garbage-first heap   total 260096K, used 180883K [0x0000000080000000, 0x0000000100000000)
  region size 1024K, 4 young (4096K), 4 survivors (4096K)
 Metaspace       used 96906K, capacity 99639K, committed 99948K, reserved 1136640K
  class space    used 12255K, capacity 13192K, committed 13312K, reserved 1048576K
}
Event: 19.708 GC heap before
{Heap before GC invocations=30 (full 0):
 garbage-first heap   total 260096K, used 217747K [0x0000000080000000, 0x0000000100000000)
  region size 1024K, 41 young (41984K), 4 survivors (4096K)
 Metaspace       used 98178K, capacity 100912K, committed 101100K, reserved 1136640K
  class space    used 12399K, capacity 13356K, committed 13440K, reserved 1048576K
}
Event: 19.721 GC heap after
{Heap after GC invocations=31 (full 0):
 garbage-first heap   total 260096K, used 183178K [0x0000000080000000, 0x0000000100000000)
  region size 1024K, 6 young (6144K), 6 survivors (6144K)
 Metaspace       used 98178K, capacity 100912K, committed 101100K, reserved 1136640K
  class space    used 12399K, capacity 13356K, committed 13440K, reserved 1048576K
}
Event: 19.825 GC heap before
{Heap before GC invocations=31 (full 0):
 garbage-first heap   total 260096K, used 221066K [0x0000000080000000, 0x0000000100000000)
  region size 1024K, 43 young (44032K), 6 survivors (6144K)
 Metaspace       used 99156K, capacity 101904K, committed 102252K, reserved 1138688K
  class space    used 12523K, capacity 13452K, committed 13568K, reserved 1048576K
}
Event: 19.832 GC heap after
{Heap after GC invocations=32 (full 0):
 garbage-first heap   total 260096K, used 183578K [0x0000000080000000, 0x0000000100000000)
  region size 1024K, 4 young (4096K), 4 survivors (4096K)
 Metaspace       used 99156K, capacity 101904K, committed 102252K, reserved 1138688K
  class space    used 12523K, capacity 13452K, committed 13568K, reserved 1048576K
}
Event: 284.194 GC heap before
{Heap before GC invocations=33 (full 0):
 garbage-first heap   total 260096K, used 221466K [0x0000000080000000, 0x0000000100000000)
  region size 1024K, 42 young (43008K), 4 survivors (4096K)
 Metaspace       used 103631K, capacity 106590K, committed 106732K, reserved 1142784K
  class space    used 12906K, capacity 13900K, committed 13952K, reserved 1048576K
}
Event: 284.200 GC heap after
{Heap after GC invocations=34 (full 0):
 garbage-first heap   total 260096K, used 185191K [0x0000000080000000, 0x0000000100000000)
  region size 1024K, 5 young (5120K), 5 survivors (5120K)
 Metaspace       used 103631K, capacity 106590K, committed 106732K, reserved 1142784K
  class space    used 12906K, capacity 13900K, committed 13952K, reserved 1048576K
}
Event: 284.788 GC heap before
{Heap before GC invocations=34 (full 0):
 garbage-first heap   total 260096K, used 222055K [0x0000000080000000, 0x0000000100000000)
  region size 1024K, 42 young (43008K), 5 survivors (5120K)
 Metaspace       used 104822K, capacity 107839K, committed 107884K, reserved 1142784K
  class space    used 13032K, capacity 14049K, committed 14080K, reserved 1048576K
}
Event: 284.808 GC heap after
{Heap after GC invocations=35 (full 0):
 garbage-first heap   total 260096K, used 188975K [0x0000000080000000, 0x0000000100000000)
  region size 1024K, 6 young (6144K), 6 survivors (6144K)
 Metaspace       used 104822K, capacity 107839K, committed 107884K, reserved 1142784K
  class space    used 13032K, capacity 14049K, committed 14080K, reserved 1048576K
}
Event: 285.239 GC heap before
{Heap before GC invocations=36 (full 0):
 garbage-first heap   total 260096K, used 223791K [0x0000000080000000, 0x0000000100000000)
  region size 1024K, 40 young (40960K), 6 survivors (6144K)
 Metaspace       used 105534K, capacity 108569K, committed 108780K, reserved 1144832K
  class space    used 13103K, capacity 14117K, committed 14208K, reserved 1048576K
}
Event: 285.253 GC heap after
{Heap after GC invocations=37 (full 0):
 garbage-first heap   total 260096K, used 192910K [0x0000000080000000, 0x0000000100000000)
  region size 1024K, 4 young (4096K), 4 survivors (4096K)
 Metaspace       used 105534K, capacity 108569K, committed 108780K, reserved 1144832K
  class space    used 13103K, capacity 14117K, committed 14208K, reserved 1048576K
}
Event: 295.521 GC heap before
{Heap before GC invocations=37 (full 0):
 garbage-first heap   total 260096K, used 222606K [0x0000000080000000, 0x0000000100000000)
  region size 1024K, 34 young (34816K), 4 survivors (4096K)
 Metaspace       used 105833K, capacity 108918K, committed 109036K, reserved 1144832K
  class space    used 13139K, capacity 14164K, committed 14208K, reserved 1048576K
}
Event: 295.529 GC heap after
{Heap after GC invocations=38 (full 0):
 garbage-first heap   total 260096K, used 198408K [0x0000000080000000, 0x0000000100000000)
  region size 1024K, 5 young (5120K), 5 survivors (5120K)
 Metaspace       used 105833K, capacity 108918K, committed 109036K, reserved 1144832K
  class space    used 13139K, capacity 14164K, committed 14208K, reserved 1048576K
}

