# JRE version: OpenJDK Runtime Environment (11.0.15) (build 11.0.15+0-b2043.56-9505619)
# Java VM: OpenJDK 64-Bit Server VM (11.0.15+0-b2043.56-9505619, mixed mode, tiered, compressed oops, g1 gc, windows-amd64)
Heap:
 garbage-first heap   total 312320K, used 169033K [0x0000000080000000, 0x0000000100000000)
  region size 1024K, 113 young (115712K), 10 survivors (10240K)
 Metaspace       used 85908K, capacity 88104K, committed 88232K, reserved 1126400K
  class space    used 11110K, capacity 11887K, committed 11904K, reserved 1048576K
GC Heap History (20 events):
Event: 2.062 GC heap before
{Heap before GC invocations=1 (full 0):
 garbage-first heap   total 260096K, used 115504K [0x0000000080000000, 0x0000000100000000)
  region size 1024K, 108 young (110592K), 2 survivors (2048K)
 Metaspace       used 20814K, capacity 21193K, committed 21296K, reserved 1069056K
  class space    used 2522K, capacity 2687K, committed 2688K, reserved 1048576K
}
Event: 2.073 GC heap after
{Heap after GC invocations=2 (full 0):
 garbage-first heap   total 260096K, used 17037K [0x0000000080000000, 0x0000000100000000)
  region size 1024K, 12 young (12288K), 12 survivors (12288K)
 Metaspace       used 20814K, capacity 21193K, committed 21296K, reserved 1069056K
  class space    used 2522K, capacity 2687K, committed 2688K, reserved 1048576K
}
Event: 2.500 GC heap before
{Heap before GC invocations=3 (full 0):
 garbage-first heap   total 260096K, used 65165K [0x0000000080000000, 0x0000000100000000)
  region size 1024K, 59 young (60416K), 12 survivors (12288K)
 Metaspace       used 25795K, capacity 26370K, committed 26624K, reserved 1073152K
  class space    used 3335K, capacity 3548K, committed 3584K, reserved 1048576K
}
Event: 2.507 GC heap after
{Heap after GC invocations=4 (full 0):
 garbage-first heap   total 260096K, used 18924K [0x0000000080000000, 0x0000000100000000)
  region size 1024K, 3 young (3072K), 3 survivors (3072K)
 Metaspace       used 25795K, capacity 26370K, committed 26624K, reserved 1073152K
  class space    used 3335K, capacity 3548K, committed 3584K, reserved 1048576K
}
Event: 3.192 GC heap before
{Heap before GC invocations=4 (full 0):
 garbage-first heap   total 260096K, used 88556K [0x0000000080000000, 0x0000000100000000)
  region size 1024K, 71 young (72704K), 3 survivors (3072K)
 Metaspace       used 33824K, capacity 34685K, committed 34816K, reserved 1079296K
  class space    used 4482K, capacity 4816K, committed 4864K, reserved 1048576K
}
Event: 3.199 GC heap after
{Heap after GC invocations=5 (full 0):
 garbage-first heap   total 260096K, used 21443K [0x0000000080000000, 0x0000000100000000)
  region size 1024K, 5 young (5120K), 5 survivors (5120K)
 Metaspace       used 33824K, capacity 34685K, committed 34816K, reserved 1079296K
  class space    used 4482K, capacity 4816K, committed 4864K, reserved 1048576K
}
Event: 3.265 GC heap before
{Heap before GC invocations=5 (full 0):
 garbage-first heap   total 260096K, used 25539K [0x0000000080000000, 0x0000000100000000)
  region size 1024K, 10 young (10240K), 5 survivors (5120K)
 Metaspace       used 35010K, capacity 35893K, committed 35968K, reserved 1081344K
  class space    used 4564K, capacity 4921K, committed 4992K, reserved 1048576K
}
Event: 3.272 GC heap after
{Heap after GC invocations=6 (full 0):
 garbage-first heap   total 260096K, used 22432K [0x0000000080000000, 0x0000000100000000)
  region size 1024K, 6 young (6144K), 6 survivors (6144K)
 Metaspace       used 35010K, capacity 35893K, committed 35968K, reserved 1081344K
  class space    used 4564K, capacity 4921K, committed 4992K, reserved 1048576K
}
Event: 3.880 GC heap before
{Heap before GC invocations=7 (full 0):
 garbage-first heap   total 260096K, used 92064K [0x0000000080000000, 0x0000000100000000)
  region size 1024K, 71 young (72704K), 6 survivors (6144K)
 Metaspace       used 40985K, capacity 42052K, committed 42140K, reserved 1085440K
  class space    used 5196K, capacity 5561K, committed 5632K, reserved 1048576K
}
Event: 3.892 GC heap after
{Heap after GC invocations=8 (full 0):
 garbage-first heap   total 260096K, used 28120K [0x0000000080000000, 0x0000000100000000)
  region size 1024K, 9 young (9216K), 9 survivors (9216K)
 Metaspace       used 40985K, capacity 42052K, committed 42140K, reserved 1085440K
  class space    used 5196K, capacity 5561K, committed 5632K, reserved 1048576K
}
Event: 4.724 GC heap before
{Heap before GC invocations=9 (full 0):
 garbage-first heap   total 260096K, used 119256K [0x0000000080000000, 0x0000000100000000)
  region size 1024K, 98 young (100352K), 9 survivors (9216K)
 Metaspace       used 48463K, capacity 49782K, committed 49948K, reserved 1093632K
  class space    used 6201K, capacity 6660K, committed 6784K, reserved 1048576K
}
Event: 4.739 GC heap after
{Heap after GC invocations=10 (full 0):
 garbage-first heap   total 260096K, used 32073K [0x0000000080000000, 0x0000000100000000)
  region size 1024K, 10 young (10240K), 10 survivors (10240K)
 Metaspace       used 48463K, capacity 49782K, committed 49948K, reserved 1093632K
  class space    used 6201K, capacity 6660K, committed 6784K, reserved 1048576K
}
Event: 6.271 GC heap before
{Heap before GC invocations=10 (full 0):
 garbage-first heap   total 260096K, used 151881K [0x0000000080000000, 0x0000000100000000)
  region size 1024K, 122 young (124928K), 10 survivors (10240K)
 Metaspace       used 59268K, capacity 60898K, committed 60956K, reserved 1101824K
  class space    used 7456K, capacity 8020K, committed 8064K, reserved 1048576K
}
Event: 6.291 GC heap after
{Heap after GC invocations=11 (full 0):
 garbage-first heap   total 260096K, used 46523K [0x0000000080000000, 0x0000000100000000)
  region size 1024K, 15 young (15360K), 15 survivors (15360K)
 Metaspace       used 59268K, capacity 60898K, committed 60956K, reserved 1101824K
  class space    used 7456K, capacity 8020K, committed 8064K, reserved 1048576K
}
Event: 7.397 GC heap before
{Heap before GC invocations=11 (full 0):
 garbage-first heap   total 260096K, used 168379K [0x0000000080000000, 0x0000000100000000)
  region size 1024K, 127 young (130048K), 15 survivors (15360K)
 Metaspace       used 67450K, capacity 69167K, committed 69276K, reserved 1110016K
  class space    used 8502K, capacity 9136K, committed 9216K, reserved 1048576K
}
Event: 7.415 GC heap after
{Heap after GC invocations=12 (full 0):
 garbage-first heap   total 312320K, used 56803K [0x0000000080000000, 0x0000000100000000)
  region size 1024K, 10 young (10240K), 10 survivors (10240K)
 Metaspace       used 67450K, capacity 69167K, committed 69276K, reserved 1110016K
  class space    used 8502K, capacity 9136K, committed 9216K, reserved 1048576K
}
Event: 7.534 GC heap before
{Heap before GC invocations=12 (full 0):
 garbage-first heap   total 312320K, used 76259K [0x0000000080000000, 0x0000000100000000)
  region size 1024K, 30 young (30720K), 10 survivors (10240K)
 Metaspace       used 68293K, capacity 70076K, committed 70236K, reserved 1110016K
  class space    used 8589K, capacity 9202K, committed 9216K, reserved 1048576K
}
Event: 7.545 GC heap after
{Heap after GC invocations=13 (full 0):
 garbage-first heap   total 312320K, used 57827K [0x0000000080000000, 0x0000000100000000)
  region size 1024K, 11 young (11264K), 11 survivors (11264K)
 Metaspace       used 68293K, capacity 70076K, committed 70236K, reserved 1110016K
  class space    used 8589K, capacity 9202K, committed 9216K, reserved 1048576K
}
Event: 9.017 GC heap before
{Heap before GC invocations=14 (full 0):
 garbage-first heap   total 312320K, used 188899K [0x0000000080000000, 0x0000000100000000)
  region size 1024K, 139 young (142336K), 11 survivors (11264K)
 Metaspace       used 81316K, capacity 83306K, committed 83496K, reserved 1122304K
  class space    used 10533K, capacity 11221K, committed 11264K, reserved 1048576K
}
Event: 9.041 GC heap after
{Heap after GC invocations=15 (full 0):
 garbage-first heap   total 312320K, used 65609K [0x0000000080000000, 0x0000000100000000)
  region size 1024K, 10 young (10240K), 10 survivors (10240K)
 Metaspace       used 81316K, capacity 83306K, committed 83496K, reserved 1122304K
  class space    used 10533K, capacity 11221K, committed 11264K, reserved 1048576K
}

