# JRE version: OpenJDK Runtime Environment (11.0.15) (build 11.0.15+0-b2043.56-9505619)
# Java VM: OpenJDK 64-Bit Server VM (11.0.15+0-b2043.56-9505619, mixed mode, tiered, compressed oops, g1 gc, windows-amd64)
Heap:
 garbage-first heap   total 328704K, used 209920K [0x0000000080000000, 0x0000000100000000)
  region size 1024K, 27 young (27648K), 12 survivors (12288K)
 Metaspace       used 107193K, capacity 110303K, committed 110364K, reserved 1144832K
  class space    used 13371K, capacity 14468K, committed 14488K, reserved 1048576K
GC Heap History (20 events):
Event: 4.058 GC heap before
{Heap before GC invocations=7 (full 0):
 garbage-first heap   total 260096K, used 127612K [0x0000000080000000, 0x0000000100000000)
  region size 1024K, 107 young (109568K), 6 survivors (6144K)
 Metaspace       used 43799K, capacity 44963K, committed 45212K, reserved 1089536K
  class space    used 5627K, capacity 6036K, committed 6168K, reserved 1048576K
}
Event: 4.076 GC heap after
{Heap after GC invocations=8 (full 0):
 garbage-first heap   total 260096K, used 29912K [0x0000000080000000, 0x0000000100000000)
  region size 1024K, 14 young (14336K), 14 survivors (14336K)
 Metaspace       used 43799K, capacity 44963K, committed 45212K, reserved 1089536K
  class space    used 5627K, capacity 6036K, committed 6168K, reserved 1048576K
}
Event: 5.173 GC heap before
{Heap before GC invocations=9 (full 0):
 garbage-first heap   total 260096K, used 150744K [0x0000000080000000, 0x0000000100000000)
  region size 1024K, 127 young (130048K), 14 survivors (14336K)
 Metaspace       used 51625K, capacity 53110K, committed 53404K, reserved 1095680K
  class space    used 6577K, capacity 7140K, committed 7192K, reserved 1048576K
}
Event: 5.189 GC heap after
{Heap after GC invocations=10 (full 0):
 garbage-first heap   total 260096K, used 43163K [0x0000000080000000, 0x0000000100000000)
  region size 1024K, 16 young (16384K), 16 survivors (16384K)
 Metaspace       used 51625K, capacity 53110K, committed 53404K, reserved 1095680K
  class space    used 6577K, capacity 7140K, committed 7192K, reserved 1048576K
}
Event: 6.682 GC heap before
{Heap before GC invocations=10 (full 0):
 garbage-first heap   total 260096K, used 190619K [0x0000000080000000, 0x0000000100000000)
  region size 1024K, 152 young (155648K), 16 survivors (16384K)
 Metaspace       used 66954K, capacity 68621K, committed 68892K, reserved 1110016K
  class space    used 8422K, capacity 9043K, committed 9112K, reserved 1048576K
}
Event: 6.701 GC heap after
{Heap after GC invocations=11 (full 0):
 garbage-first heap   total 312320K, used 53199K [0x0000000080000000, 0x0000000100000000)
  region size 1024K, 10 young (10240K), 10 survivors (10240K)
 Metaspace       used 66954K, capacity 68621K, committed 68892K, reserved 1110016K
  class space    used 8422K, capacity 9043K, committed 9112K, reserved 1048576K
}
Event: 7.679 GC heap before
{Heap before GC invocations=11 (full 0):
 garbage-first heap   total 312320K, used 165839K [0x0000000080000000, 0x0000000100000000)
  region size 1024K, 121 young (123904K), 10 survivors (10240K)
 Metaspace       used 74600K, capacity 76456K, committed 76636K, reserved 1116160K
  class space    used 9631K, capacity 10272K, committed 10392K, reserved 1048576K
}
Event: 7.700 GC heap after
{Heap after GC invocations=12 (full 0):
 garbage-first heap   total 312320K, used 60351K [0x0000000080000000, 0x0000000100000000)
  region size 1024K, 17 young (17408K), 17 survivors (17408K)
 Metaspace       used 74600K, capacity 76456K, committed 76636K, reserved 1116160K
  class space    used 9631K, capacity 10272K, committed 10392K, reserved 1048576K
}
Event: 43.514 GC heap before
{Heap before GC invocations=13 (full 0):
 garbage-first heap   total 312320K, used 289727K [0x0000000080000000, 0x0000000100000000)
  region size 1024K, 163 young (166912K), 17 survivors (17408K)
 Metaspace       used 85691K, capacity 88113K, committed 88220K, reserved 1126400K
  class space    used 10853K, capacity 11729K, committed 11800K, reserved 1048576K
}
Event: 43.558 GC heap after
{Heap after GC invocations=14 (full 0):
 garbage-first heap   total 328704K, used 161621K [0x0000000080000000, 0x0000000100000000)
  region size 1024K, 21 young (21504K), 21 survivors (21504K)
 Metaspace       used 85691K, capacity 88113K, committed 88220K, reserved 1126400K
  class space    used 10853K, capacity 11729K, committed 11800K, reserved 1048576K
}
Event: 44.360 GC heap before
{Heap before GC invocations=15 (full 0):
 garbage-first heap   total 328704K, used 258901K [0x0000000080000000, 0x0000000100000000)
  region size 1024K, 116 young (118784K), 21 survivors (21504K)
 Metaspace       used 90103K, capacity 92790K, committed 93084K, reserved 1130496K
  class space    used 11312K, capacity 12208K, committed 12312K, reserved 1048576K
}
Event: 44.382 GC heap after
{Heap after GC invocations=16 (full 0):
 garbage-first heap   total 328704K, used 166912K [0x0000000080000000, 0x0000000100000000)
  region size 1024K, 4 young (4096K), 4 survivors (4096K)
 Metaspace       used 90103K, capacity 92790K, committed 93084K, reserved 1130496K
  class space    used 11312K, capacity 12208K, committed 12312K, reserved 1048576K
}
Event: 45.661 GC heap before
{Heap before GC invocations=16 (full 0):
 garbage-first heap   total 328704K, used 264192K [0x0000000080000000, 0x0000000100000000)
  region size 1024K, 99 young (101376K), 4 survivors (4096K)
 Metaspace       used 100068K, capacity 102991K, committed 103196K, reserved 1138688K
  class space    used 12620K, capacity 13612K, committed 13720K, reserved 1048576K
}
Event: 45.679 GC heap after
{Heap after GC invocations=17 (full 0):
 garbage-first heap   total 328704K, used 172313K [0x0000000080000000, 0x0000000100000000)
  region size 1024K, 10 young (10240K), 10 survivors (10240K)
 Metaspace       used 100068K, capacity 102991K, committed 103196K, reserved 1138688K
  class space    used 12620K, capacity 13612K, committed 13720K, reserved 1048576K
}
Event: 46.873 GC heap before
{Heap before GC invocations=18 (full 0):
 garbage-first heap   total 328704K, used 266521K [0x0000000080000000, 0x0000000100000000)
  region size 1024K, 103 young (105472K), 10 survivors (10240K)
 Metaspace       used 101850K, capacity 104736K, committed 104860K, reserved 1140736K
  class space    used 12742K, capacity 13731K, committed 13848K, reserved 1048576K
}
Event: 46.889 GC heap after
{Heap after GC invocations=19 (full 0):
 garbage-first heap   total 328704K, used 179920K [0x0000000080000000, 0x0000000100000000)
  region size 1024K, 13 young (13312K), 13 survivors (13312K)
 Metaspace       used 101850K, capacity 104736K, committed 104860K, reserved 1140736K
  class space    used 12742K, capacity 13731K, committed 13848K, reserved 1048576K
}
Event: 52.995 GC heap before
{Heap before GC invocations=19 (full 0):
 garbage-first heap   total 328704K, used 270032K [0x0000000080000000, 0x0000000100000000)
  region size 1024K, 101 young (103424K), 13 survivors (13312K)
 Metaspace       used 104790K, capacity 107820K, committed 108060K, reserved 1142784K
  class space    used 13104K, capacity 14157K, committed 14232K, reserved 1048576K
}
Event: 53.016 GC heap after
{Heap after GC invocations=20 (full 0):
 garbage-first heap   total 328704K, used 185807K [0x0000000080000000, 0x0000000100000000)
  region size 1024K, 6 young (6144K), 6 survivors (6144K)
 Metaspace       used 104790K, capacity 107820K, committed 108060K, reserved 1142784K
  class space    used 13104K, capacity 14157K, committed 14232K, reserved 1048576K
}
Event: 53.904 GC heap before
{Heap before GC invocations=21 (full 0):
 garbage-first heap   total 328704K, used 273871K [0x0000000080000000, 0x0000000100000000)
  region size 1024K, 92 young (94208K), 6 survivors (6144K)
 Metaspace       used 106513K, capacity 109596K, committed 109852K, reserved 1144832K
  class space    used 13271K, capacity 14367K, committed 14488K, reserved 1048576K
}
Event: 53.919 GC heap after
{Heap after GC invocations=22 (full 0):
 garbage-first heap   total 328704K, used 195584K [0x0000000080000000, 0x0000000100000000)
  region size 1024K, 12 young (12288K), 12 survivors (12288K)
 Metaspace       used 106513K, capacity 109596K, committed 109852K, reserved 1144832K
  class space    used 13271K, capacity 14367K, committed 14488K, reserved 1048576K
}

