# JRE version: OpenJDK Runtime Environment (11.0.15) (build 11.0.15+0-b2043.56-9505619)
# Java VM: OpenJDK 64-Bit Server VM (11.0.15+0-b2043.56-9505619, mixed mode, tiered, compressed oops, g1 gc, windows-amd64)
Heap:
 garbage-first heap   total 312320K, used 173568K [0x0000000080000000, 0x0000000100000000)
  region size 1024K, 119 young (121856K), 19 survivors (19456K)
 Metaspace       used 86768K, capacity 89184K, committed 89500K, reserved 1126400K
  class space    used 11202K, capacity 12042K, committed 12108K, reserved 1048576K
GC Heap History (20 events):
Event: 1.106 GC heap before
{Heap before GC invocations=1 (full 0):
 garbage-first heap   total 260096K, used 58159K [0x0000000080000000, 0x0000000100000000)
  region size 1024K, 51 young (52224K), 2 survivors (2048K)
 Metaspace       used 11084K, capacity 11325K, committed 11520K, reserved 1058816K
  class space    used 1150K, capacity 1247K, committed 1280K, reserved 1048576K
}
Event: 1.110 GC heap after
{Heap after GC invocations=2 (full 0):
 garbage-first heap   total 260096K, used 13869K [0x0000000080000000, 0x0000000100000000)
  region size 1024K, 7 young (7168K), 7 survivors (7168K)
 Metaspace       used 11084K, capacity 11325K, committed 11520K, reserved 1058816K
  class space    used 1150K, capacity 1247K, committed 1280K, reserved 1048576K
}
Event: 1.820 GC heap before
{Heap before GC invocations=2 (full 0):
 garbage-first heap   total 260096K, used 60973K [0x0000000080000000, 0x0000000100000000)
  region size 1024K, 53 young (54272K), 7 survivors (7168K)
 Metaspace       used 20005K, capacity 20466K, committed 20480K, reserved 1067008K
  class space    used 2391K, capacity 2551K, committed 2560K, reserved 1048576K
}
Event: 1.826 GC heap after
{Heap after GC invocations=3 (full 0):
 garbage-first heap   total 260096K, used 16855K [0x0000000080000000, 0x0000000100000000)
  region size 1024K, 3 young (3072K), 3 survivors (3072K)
 Metaspace       used 20005K, capacity 20466K, committed 20480K, reserved 1067008K
  class space    used 2391K, capacity 2551K, committed 2560K, reserved 1048576K
}
Event: 1.888 GC heap before
{Heap before GC invocations=3 (full 0):
 garbage-first heap   total 260096K, used 27095K [0x0000000080000000, 0x0000000100000000)
  region size 1024K, 14 young (14336K), 3 survivors (3072K)
 Metaspace       used 20833K, capacity 21153K, committed 21296K, reserved 1069056K
  class space    used 2510K, capacity 2651K, committed 2688K, reserved 1048576K
}
Event: 1.892 GC heap after
{Heap after GC invocations=4 (full 0):
 garbage-first heap   total 260096K, used 17308K [0x0000000080000000, 0x0000000100000000)
  region size 1024K, 4 young (4096K), 4 survivors (4096K)
 Metaspace       used 20833K, capacity 21153K, committed 21296K, reserved 1069056K
  class space    used 2510K, capacity 2651K, committed 2688K, reserved 1048576K
}
Event: 2.351 GC heap before
{Heap before GC invocations=5 (full 0):
 garbage-first heap   total 260096K, used 69532K [0x0000000080000000, 0x0000000100000000)
  region size 1024K, 55 young (56320K), 4 survivors (4096K)
 Metaspace       used 26406K, capacity 27032K, committed 27184K, reserved 1073152K
  class space    used 3409K, capacity 3620K, committed 3712K, reserved 1048576K
}
Event: 2.357 GC heap after
{Heap after GC invocations=6 (full 0):
 garbage-first heap   total 260096K, used 18974K [0x0000000080000000, 0x0000000100000000)
  region size 1024K, 5 young (5120K), 5 survivors (5120K)
 Metaspace       used 26406K, capacity 27032K, committed 27184K, reserved 1073152K
  class space    used 3409K, capacity 3620K, committed 3712K, reserved 1048576K
}
Event: 3.057 GC heap before
{Heap before GC invocations=6 (full 0):
 garbage-first heap   total 260096K, used 88606K [0x0000000080000000, 0x0000000100000000)
  region size 1024K, 74 young (75776K), 5 survivors (5120K)
 Metaspace       used 34905K, capacity 35731K, committed 35888K, reserved 1081344K
  class space    used 4553K, capacity 4887K, committed 4992K, reserved 1048576K
}
Event: 3.067 GC heap after
{Heap after GC invocations=7 (full 0):
 garbage-first heap   total 260096K, used 22718K [0x0000000080000000, 0x0000000100000000)
  region size 1024K, 9 young (9216K), 9 survivors (9216K)
 Metaspace       used 34905K, capacity 35731K, committed 35888K, reserved 1081344K
  class space    used 4553K, capacity 4887K, committed 4992K, reserved 1048576K
}
Event: 4.032 GC heap before
{Heap before GC invocations=8 (full 0):
 garbage-first heap   total 260096K, used 118974K [0x0000000080000000, 0x0000000100000000)
  region size 1024K, 100 young (102400K), 9 survivors (9216K)
 Metaspace       used 42872K, capacity 44023K, committed 44336K, reserved 1087488K
  class space    used 5471K, capacity 5891K, committed 6016K, reserved 1048576K
}
Event: 4.047 GC heap after
{Heap after GC invocations=9 (full 0):
 garbage-first heap   total 260096K, used 30313K [0x0000000080000000, 0x0000000100000000)
  region size 1024K, 13 young (13312K), 13 survivors (13312K)
 Metaspace       used 42872K, capacity 44023K, committed 44336K, reserved 1087488K
  class space    used 5471K, capacity 5891K, committed 6016K, reserved 1048576K
}
Event: 5.479 GC heap before
{Heap before GC invocations=10 (full 0):
 garbage-first heap   total 260096K, used 173673K [0x0000000080000000, 0x0000000100000000)
  region size 1024K, 148 young (151552K), 13 survivors (13312K)
 Metaspace       used 53270K, capacity 54757K, committed 54960K, reserved 1097728K
  class space    used 6763K, capacity 7321K, committed 7424K, reserved 1048576K
}
Event: 5.505 GC heap after
{Heap after GC invocations=11 (full 0):
 garbage-first heap   total 260096K, used 46080K [0x0000000080000000, 0x0000000100000000)
  region size 1024K, 19 young (19456K), 19 survivors (19456K)
 Metaspace       used 53270K, capacity 54757K, committed 54960K, reserved 1097728K
  class space    used 6763K, capacity 7321K, committed 7424K, reserved 1048576K
}
Event: 6.980 GC heap before
{Heap before GC invocations=11 (full 0):
 garbage-first heap   total 260096K, used 190464K [0x0000000080000000, 0x0000000100000000)
  region size 1024K, 152 young (155648K), 19 survivors (19456K)
 Metaspace       used 67425K, capacity 69054K, committed 69296K, reserved 1110016K
  class space    used 8507K, capacity 9098K, committed 9216K, reserved 1048576K
}
Event: 6.999 GC heap after
{Heap after GC invocations=12 (full 0):
 garbage-first heap   total 312320K, used 55167K [0x0000000080000000, 0x0000000100000000)
  region size 1024K, 10 young (10240K), 10 survivors (10240K)
 Metaspace       used 67425K, capacity 69054K, committed 69296K, reserved 1110016K
  class space    used 8507K, capacity 9098K, committed 9216K, reserved 1048576K
}
Event: 7.612 GC heap before
{Heap before GC invocations=12 (full 0):
 garbage-first heap   total 312320K, used 129919K [0x0000000080000000, 0x0000000100000000)
  region size 1024K, 84 young (86016K), 10 survivors (10240K)
 Metaspace       used 72539K, capacity 74266K, committed 74320K, reserved 1114112K
  class space    used 9339K, capacity 9977K, committed 9984K, reserved 1048576K
}
Event: 7.627 GC heap after
{Heap after GC invocations=13 (full 0):
 garbage-first heap   total 312320K, used 59775K [0x0000000080000000, 0x0000000100000000)
  region size 1024K, 15 young (15360K), 15 survivors (15360K)
 Metaspace       used 72539K, capacity 74266K, committed 74320K, reserved 1114112K
  class space    used 9339K, capacity 9977K, committed 9984K, reserved 1048576K
}
Event: 9.036 GC heap before
{Heap before GC invocations=14 (full 0):
 garbage-first heap   total 312320K, used 218495K [0x0000000080000000, 0x0000000100000000)
  region size 1024K, 170 young (174080K), 15 survivors (15360K)
 Metaspace       used 82192K, capacity 84175K, committed 84380K, reserved 1122304K
  class space    used 10637K, capacity 11314K, committed 11340K, reserved 1048576K
}
Event: 9.080 GC heap after
{Heap after GC invocations=15 (full 0):
 garbage-first heap   total 312320K, used 73216K [0x0000000080000000, 0x0000000100000000)
  region size 1024K, 19 young (19456K), 19 survivors (19456K)
 Metaspace       used 82192K, capacity 84175K, committed 84380K, reserved 1122304K
  class space    used 10637K, capacity 11314K, committed 11340K, reserved 1048576K
}

