# JRE version: OpenJDK Runtime Environment (11.0.15) (build 11.0.15+0-b2043.56-9505619)
# Java VM: OpenJDK 64-Bit Server VM (11.0.15+0-b2043.56-9505619, mixed mode, tiered, compressed oops, g1 gc, windows-amd64)
Heap:
 garbage-first heap   total 312320K, used 83451K [0x0000000080000000, 0x0000000100000000)
  region size 1024K, 28 young (28672K), 20 survivors (20480K)
 Metaspace       used 85968K, capacity 88203K, committed 88476K, reserved 1126400K
  class space    used 11129K, capacity 11920K, committed 12056K, reserved 1048576K
GC Heap History (20 events):
Event: 1.819 GC heap before
{Heap before GC invocations=1 (full 0):
 garbage-first heap   total 260096K, used 115557K [0x0000000080000000, 0x0000000100000000)
  region size 1024K, 107 young (109568K), 2 survivors (2048K)
 Metaspace       used 20717K, capacity 21080K, committed 21120K, reserved 1067008K
  class space    used 2494K, capacity 2649K, committed 2688K, reserved 1048576K
}
Event: 1.826 GC heap after
{Heap after GC invocations=2 (full 0):
 garbage-first heap   total 260096K, used 16753K [0x0000000080000000, 0x0000000100000000)
  region size 1024K, 12 young (12288K), 12 survivors (12288K)
 Metaspace       used 20717K, capacity 21080K, committed 21120K, reserved 1067008K
  class space    used 2494K, capacity 2649K, committed 2688K, reserved 1048576K
}
Event: 1.839 GC heap before
{Heap before GC invocations=2 (full 0):
 garbage-first heap   total 260096K, used 16753K [0x0000000080000000, 0x0000000100000000)
  region size 1024K, 13 young (13312K), 12 survivors (12288K)
 Metaspace       used 20841K, capacity 21153K, committed 21296K, reserved 1069056K
  class space    used 2513K, capacity 2651K, committed 2688K, reserved 1048576K
}
Event: 1.846 GC heap after
{Heap after GC invocations=3 (full 0):
 garbage-first heap   total 260096K, used 17771K [0x0000000080000000, 0x0000000100000000)
  region size 1024K, 1 young (1024K), 1 survivors (1024K)
 Metaspace       used 20841K, capacity 21153K, committed 21296K, reserved 1069056K
  class space    used 2513K, capacity 2651K, committed 2688K, reserved 1048576K
}
Event: 2.170 GC heap before
{Heap before GC invocations=4 (full 0):
 garbage-first heap   total 260096K, used 56683K [0x0000000080000000, 0x0000000100000000)
  region size 1024K, 39 young (39936K), 1 survivors (1024K)
 Metaspace       used 24756K, capacity 25262K, committed 25340K, reserved 1071104K
  class space    used 3148K, capacity 3348K, committed 3404K, reserved 1048576K
}
Event: 2.174 GC heap after
{Heap after GC invocations=5 (full 0):
 garbage-first heap   total 260096K, used 18372K [0x0000000080000000, 0x0000000100000000)
  region size 1024K, 2 young (2048K), 2 survivors (2048K)
 Metaspace       used 24756K, capacity 25262K, committed 25340K, reserved 1071104K
  class space    used 3148K, capacity 3348K, committed 3404K, reserved 1048576K
}
Event: 2.829 GC heap before
{Heap before GC invocations=5 (full 0):
 garbage-first heap   total 260096K, used 93124K [0x0000000080000000, 0x0000000100000000)
  region size 1024K, 75 young (76800K), 2 survivors (2048K)
 Metaspace       used 32704K, capacity 33457K, committed 33660K, reserved 1079296K
  class space    used 4388K, capacity 4683K, committed 4812K, reserved 1048576K
}
Event: 2.835 GC heap after
{Heap after GC invocations=6 (full 0):
 garbage-first heap   total 260096K, used 21334K [0x0000000080000000, 0x0000000100000000)
  region size 1024K, 5 young (5120K), 5 survivors (5120K)
 Metaspace       used 32704K, capacity 33457K, committed 33660K, reserved 1079296K
  class space    used 4388K, capacity 4683K, committed 4812K, reserved 1048576K
}
Event: 3.005 GC heap before
{Heap before GC invocations=6 (full 0):
 garbage-first heap   total 260096K, used 30550K [0x0000000080000000, 0x0000000100000000)
  region size 1024K, 15 young (15360K), 5 survivors (5120K)
 Metaspace       used 35076K, capacity 35957K, committed 36048K, reserved 1081344K
  class space    used 4568K, capacity 4921K, committed 4940K, reserved 1048576K
}
Event: 3.012 GC heap after
{Heap after GC invocations=7 (full 0):
 garbage-first heap   total 260096K, used 22903K [0x0000000080000000, 0x0000000100000000)
  region size 1024K, 6 young (6144K), 6 survivors (6144K)
 Metaspace       used 35076K, capacity 35957K, committed 36048K, reserved 1081344K
  class space    used 4568K, capacity 4921K, committed 4940K, reserved 1048576K
}
Event: 4.031 GC heap before
{Heap before GC invocations=8 (full 0):
 garbage-first heap   total 260096K, used 140663K [0x0000000080000000, 0x0000000100000000)
  region size 1024K, 118 young (120832K), 6 survivors (6144K)
 Metaspace       used 45218K, capacity 46420K, committed 46620K, reserved 1089536K
  class space    used 5739K, capacity 6154K, committed 6296K, reserved 1048576K
}
Event: 4.047 GC heap after
{Heap after GC invocations=9 (full 0):
 garbage-first heap   total 260096K, used 31193K [0x0000000080000000, 0x0000000100000000)
  region size 1024K, 14 young (14336K), 14 survivors (14336K)
 Metaspace       used 45218K, capacity 46420K, committed 46620K, reserved 1089536K
  class space    used 5739K, capacity 6154K, committed 6296K, reserved 1048576K
}
Event: 5.507 GC heap before
{Heap before GC invocations=10 (full 0):
 garbage-first heap   total 260096K, used 164313K [0x0000000080000000, 0x0000000100000000)
  region size 1024K, 140 young (143360K), 14 survivors (14336K)
 Metaspace       used 54957K, capacity 56511K, committed 56732K, reserved 1097728K
  class space    used 7011K, capacity 7567K, committed 7704K, reserved 1048576K
}
Event: 5.524 GC heap after
{Heap after GC invocations=11 (full 0):
 garbage-first heap   total 260096K, used 45045K [0x0000000080000000, 0x0000000100000000)
  region size 1024K, 18 young (18432K), 18 survivors (18432K)
 Metaspace       used 54957K, capacity 56511K, committed 56732K, reserved 1097728K
  class space    used 7011K, capacity 7567K, committed 7704K, reserved 1048576K
}
Event: 6.886 GC heap before
{Heap before GC invocations=11 (full 0):
 garbage-first heap   total 260096K, used 190453K [0x0000000080000000, 0x0000000100000000)
  region size 1024K, 152 young (155648K), 18 survivors (18432K)
 Metaspace       used 67340K, capacity 68993K, committed 69276K, reserved 1110016K
  class space    used 8496K, capacity 9099K, committed 9240K, reserved 1048576K
}
Event: 6.905 GC heap after
{Heap after GC invocations=12 (full 0):
 garbage-first heap   total 260096K, used 56270K [0x0000000080000000, 0x0000000100000000)
  region size 1024K, 11 young (11264K), 11 survivors (11264K)
 Metaspace       used 67340K, capacity 68993K, committed 69276K, reserved 1110016K
  class space    used 8496K, capacity 9099K, committed 9240K, reserved 1048576K
}
Event: 7.981 GC heap before
{Heap before GC invocations=12 (full 0):
 garbage-first heap   total 260096K, used 161742K [0x0000000080000000, 0x0000000100000000)
  region size 1024K, 115 young (117760K), 11 survivors (11264K)
 Metaspace       used 76040K, capacity 77941K, committed 78128K, reserved 1118208K
  class space    used 9827K, capacity 10473K, committed 10520K, reserved 1048576K
}
Event: 8.002 GC heap after
{Heap after GC invocations=13 (full 0):
 garbage-first heap   total 312320K, used 62464K [0x0000000080000000, 0x0000000100000000)
  region size 1024K, 7 young (7168K), 7 survivors (7168K)
 Metaspace       used 76040K, capacity 77941K, committed 78128K, reserved 1118208K
  class space    used 9827K, capacity 10473K, committed 10520K, reserved 1048576K
}
Event: 9.356 GC heap before
{Heap before GC invocations=14 (full 0):
 garbage-first heap   total 312320K, used 210944K [0x0000000080000000, 0x0000000100000000)
  region size 1024K, 153 young (156672K), 7 survivors (7168K)
 Metaspace       used 85387K, capacity 87587K, committed 87708K, reserved 1126400K
  class space    used 11039K, capacity 11790K, committed 11800K, reserved 1048576K
}
Event: 9.393 GC heap after
{Heap after GC invocations=15 (full 0):
 garbage-first heap   total 312320K, used 77307K [0x0000000080000000, 0x0000000100000000)
  region size 1024K, 20 young (20480K), 20 survivors (20480K)
 Metaspace       used 85387K, capacity 87587K, committed 87708K, reserved 1126400K
  class space    used 11039K, capacity 11790K, committed 11800K, reserved 1048576K
}

