# JRE version: OpenJDK Runtime Environment (11.0.15) (build 11.0.15+0-b2043.56-9505619)
# Java VM: OpenJDK 64-Bit Server VM (11.0.15+0-b2043.56-9505619, mixed mode, tiered, compressed oops, g1 gc, windows-amd64)
Heap:
 garbage-first heap   total 312320K, used 208839K [0x0000000080000000, 0x0000000100000000)
  region size 1024K, 21 young (21504K), 9 survivors (9216K)
 Metaspace       used 107670K, capacity 110894K, committed 111140K, reserved 1146880K
  class space    used 13373K, capacity 14450K, committed 14540K, reserved 1048576K
GC Heap History (20 events):
Event: 10.054 GC heap before
{Heap before GC invocations=14 (full 0):
 garbage-first heap   total 312320K, used 258930K [0x0000000080000000, 0x0000000100000000)
  region size 1024K, 118 young (120832K), 13 survivors (13312K)
 Metaspace       used 81156K, capacity 83324K, committed 83620K, reserved 1122304K
  class space    used 10447K, capacity 11231K, committed 11340K, reserved 1048576K
}
Event: 10.071 GC heap after
{Heap after GC invocations=15 (full 0):
 garbage-first heap   total 312320K, used 162319K [0x0000000080000000, 0x0000000100000000)
  region size 1024K, 15 young (15360K), 15 survivors (15360K)
 Metaspace       used 81156K, capacity 83324K, committed 83620K, reserved 1122304K
  class space    used 10447K, capacity 11231K, committed 11340K, reserved 1048576K
}
Event: 10.286 GC heap before
{Heap before GC invocations=15 (full 0):
 garbage-first heap   total 312320K, used 188943K [0x0000000080000000, 0x0000000100000000)
  region size 1024K, 42 young (43008K), 15 survivors (15360K)
 Metaspace       used 82316K, capacity 84704K, committed 84772K, reserved 1122304K
  class space    used 10576K, capacity 11409K, committed 11468K, reserved 1048576K
}
Event: 10.301 GC heap after
{Heap after GC invocations=16 (full 0):
 garbage-first heap   total 312320K, used 166770K [0x0000000080000000, 0x0000000100000000)
  region size 1024K, 3 young (3072K), 3 survivors (3072K)
 Metaspace       used 82316K, capacity 84704K, committed 84772K, reserved 1122304K
  class space    used 10576K, capacity 11409K, committed 11468K, reserved 1048576K
}
Event: 11.210 GC heap before
{Heap before GC invocations=17 (full 0):
 garbage-first heap   total 312320K, used 234354K [0x0000000080000000, 0x0000000100000000)
  region size 1024K, 68 young (69632K), 3 survivors (3072K)
 Metaspace       used 90222K, capacity 92841K, committed 92964K, reserved 1130496K
  class space    used 11581K, capacity 12482K, committed 12492K, reserved 1048576K
}
Event: 11.220 GC heap after
{Heap after GC invocations=18 (full 0):
 garbage-first heap   total 312320K, used 168434K [0x0000000080000000, 0x0000000100000000)
  region size 1024K, 5 young (5120K), 5 survivors (5120K)
 Metaspace       used 90222K, capacity 92841K, committed 92964K, reserved 1130496K
  class space    used 11581K, capacity 12482K, committed 12492K, reserved 1048576K
}
Event: 12.003 GC heap before
{Heap before GC invocations=18 (full 0):
 garbage-first heap   total 312320K, used 237042K [0x0000000080000000, 0x0000000100000000)
  region size 1024K, 73 young (74752K), 5 survivors (5120K)
 Metaspace       used 94995K, capacity 97739K, committed 97956K, reserved 1134592K
  class space    used 12152K, capacity 13093K, committed 13132K, reserved 1048576K
}
Event: 12.018 GC heap after
{Heap after GC invocations=19 (full 0):
 garbage-first heap   total 312320K, used 175104K [0x0000000080000000, 0x0000000100000000)
  region size 1024K, 10 young (10240K), 10 survivors (10240K)
 Metaspace       used 94995K, capacity 97739K, committed 97956K, reserved 1134592K
  class space    used 12152K, capacity 13093K, committed 13132K, reserved 1048576K
}
Event: 13.036 GC heap before
{Heap before GC invocations=20 (full 0):
 garbage-first heap   total 312320K, used 242688K [0x0000000080000000, 0x0000000100000000)
  region size 1024K, 77 young (78848K), 10 survivors (10240K)
 Metaspace       used 96411K, capacity 99168K, committed 99364K, reserved 1136640K
  class space    used 12242K, capacity 13194K, committed 13260K, reserved 1048576K
}
Event: 13.051 GC heap after
{Heap after GC invocations=21 (full 0):
 garbage-first heap   total 312320K, used 180654K [0x0000000080000000, 0x0000000100000000)
  region size 1024K, 7 young (7168K), 7 survivors (7168K)
 Metaspace       used 96411K, capacity 99168K, committed 99364K, reserved 1136640K
  class space    used 12242K, capacity 13194K, committed 13260K, reserved 1048576K
}
Event: 13.466 GC heap before
{Heap before GC invocations=21 (full 0):
 garbage-first heap   total 312320K, used 248238K [0x0000000080000000, 0x0000000100000000)
  region size 1024K, 73 young (74752K), 7 survivors (7168K)
 Metaspace       used 98596K, capacity 101289K, committed 101412K, reserved 1136640K
  class space    used 12491K, capacity 13427K, committed 13516K, reserved 1048576K
}
Event: 13.475 GC heap after
{Heap after GC invocations=22 (full 0):
 garbage-first heap   total 312320K, used 184682K [0x0000000080000000, 0x0000000100000000)
  region size 1024K, 4 young (4096K), 4 survivors (4096K)
 Metaspace       used 98596K, capacity 101289K, committed 101412K, reserved 1136640K
  class space    used 12491K, capacity 13427K, committed 13516K, reserved 1048576K
}
Event: 20.937 GC heap before
{Heap before GC invocations=23 (full 0):
 garbage-first heap   total 312320K, used 252266K [0x0000000080000000, 0x0000000100000000)
  region size 1024K, 71 young (72704K), 4 survivors (4096K)
 Metaspace       used 103652K, capacity 106627K, committed 106788K, reserved 1142784K
  class space    used 12948K, capacity 13930K, committed 14028K, reserved 1048576K
}
Event: 20.946 GC heap after
{Heap after GC invocations=24 (full 0):
 garbage-first heap   total 312320K, used 187063K [0x0000000080000000, 0x0000000100000000)
  region size 1024K, 6 young (6144K), 6 survivors (6144K)
 Metaspace       used 103652K, capacity 106627K, committed 106788K, reserved 1142784K
  class space    used 12948K, capacity 13930K, committed 14028K, reserved 1048576K
}
Event: 21.869 GC heap before
{Heap before GC invocations=24 (full 0):
 garbage-first heap   total 312320K, used 255671K [0x0000000080000000, 0x0000000100000000)
  region size 1024K, 74 young (75776K), 6 survivors (6144K)
 Metaspace       used 104339K, capacity 107415K, committed 107556K, reserved 1142784K
  class space    used 12964K, capacity 13959K, committed 14028K, reserved 1048576K
}
Event: 21.906 GC heap after
{Heap after GC invocations=25 (full 0):
 garbage-first heap   total 312320K, used 192674K [0x0000000080000000, 0x0000000100000000)
  region size 1024K, 9 young (9216K), 9 survivors (9216K)
 Metaspace       used 104339K, capacity 107415K, committed 107556K, reserved 1142784K
  class space    used 12964K, capacity 13959K, committed 14028K, reserved 1048576K
}
Event: 36.460 GC heap before
{Heap before GC invocations=26 (full 0):
 garbage-first heap   total 312320K, used 258210K [0x0000000080000000, 0x0000000100000000)
  region size 1024K, 74 young (75776K), 9 survivors (9216K)
 Metaspace       used 105778K, capacity 108978K, committed 109092K, reserved 1144832K
  class space    used 13149K, capacity 14215K, committed 14284K, reserved 1048576K
}
Event: 36.471 GC heap after
{Heap after GC invocations=27 (full 0):
 garbage-first heap   total 312320K, used 191097K [0x0000000080000000, 0x0000000100000000)
  region size 1024K, 5 young (5120K), 5 survivors (5120K)
 Metaspace       used 105778K, capacity 108978K, committed 109092K, reserved 1144832K
  class space    used 13149K, capacity 14215K, committed 14284K, reserved 1048576K
}
Event: 36.937 GC heap before
{Heap before GC invocations=27 (full 0):
 garbage-first heap   total 312320K, used 259705K [0x0000000080000000, 0x0000000100000000)
  region size 1024K, 72 young (73728K), 5 survivors (5120K)
 Metaspace       used 107018K, capacity 110262K, committed 110500K, reserved 1144832K
  class space    used 13279K, capacity 14352K, committed 14412K, reserved 1048576K
}
Event: 36.961 GC heap after
{Heap after GC invocations=28 (full 0):
 garbage-first heap   total 312320K, used 198599K [0x0000000080000000, 0x0000000100000000)
  region size 1024K, 9 young (9216K), 9 survivors (9216K)
 Metaspace       used 107018K, capacity 110262K, committed 110500K, reserved 1144832K
  class space    used 13279K, capacity 14352K, committed 14412K, reserved 1048576K
}

