# JRE version: OpenJDK Runtime Environment (11.0.15) (build 11.0.15+0-b2043.56-9505619)
# Java VM: OpenJDK 64-Bit Server VM (11.0.15+0-b2043.56-9505619, mixed mode, tiered, compressed oops, g1 gc, windows-amd64)
Heap:
 garbage-first heap   total 312320K, used 146224K [0x0000000080000000, 0x0000000100000000)
  region size 1024K, 95 young (97280K), 18 survivors (18432K)
 Metaspace       used 85910K, capacity 88166K, committed 88272K, reserved 1126400K
  class space    used 11121K, capacity 11887K, committed 11980K, reserved 1048576K
GC Heap History (20 events):
Event: 1.843 GC heap before
{Heap before GC invocations=1 (full 0):
 garbage-first heap   total 260096K, used 99172K [0x0000000080000000, 0x0000000100000000)
  region size 1024K, 91 young (93184K), 2 survivors (2048K)
 Metaspace       used 19312K, capacity 19740K, committed 19840K, reserved 1067008K
  class space    used 2276K, capacity 2417K, committed 2432K, reserved 1048576K
}
Event: 1.851 GC heap after
{Heap after GC invocations=2 (full 0):
 garbage-first heap   total 260096K, used 16228K [0x0000000080000000, 0x0000000100000000)
  region size 1024K, 11 young (11264K), 11 survivors (11264K)
 Metaspace       used 19312K, capacity 19740K, committed 19840K, reserved 1067008K
  class space    used 2276K, capacity 2417K, committed 2432K, reserved 1048576K
}
Event: 1.955 GC heap before
{Heap before GC invocations=2 (full 0):
 garbage-first heap   total 260096K, used 32612K [0x0000000080000000, 0x0000000100000000)
  region size 1024K, 28 young (28672K), 11 survivors (11264K)
 Metaspace       used 20822K, capacity 21149K, committed 21296K, reserved 1069056K
  class space    used 2505K, capacity 2651K, committed 2688K, reserved 1048576K
}
Event: 1.962 GC heap after
{Heap after GC invocations=3 (full 0):
 garbage-first heap   total 260096K, used 17260K [0x0000000080000000, 0x0000000100000000)
  region size 1024K, 1 young (1024K), 1 survivors (1024K)
 Metaspace       used 20822K, capacity 21149K, committed 21296K, reserved 1069056K
  class space    used 2505K, capacity 2651K, committed 2688K, reserved 1048576K
}
Event: 2.321 GC heap before
{Heap before GC invocations=4 (full 0):
 garbage-first heap   total 260096K, used 60268K [0x0000000080000000, 0x0000000100000000)
  region size 1024K, 43 young (44032K), 1 survivors (1024K)
 Metaspace       used 25245K, capacity 25839K, committed 25904K, reserved 1071104K
  class space    used 3222K, capacity 3414K, committed 3456K, reserved 1048576K
}
Event: 2.324 GC heap after
{Heap after GC invocations=5 (full 0):
 garbage-first heap   total 260096K, used 18604K [0x0000000080000000, 0x0000000100000000)
  region size 1024K, 3 young (3072K), 3 survivors (3072K)
 Metaspace       used 25245K, capacity 25839K, committed 25904K, reserved 1071104K
  class space    used 3222K, capacity 3414K, committed 3456K, reserved 1048576K
}
Event: 2.932 GC heap before
{Heap before GC invocations=5 (full 0):
 garbage-first heap   total 260096K, used 80044K [0x0000000080000000, 0x0000000100000000)
  region size 1024K, 63 young (64512K), 3 survivors (3072K)
 Metaspace       used 31165K, capacity 31895K, committed 32048K, reserved 1077248K
  class space    used 4172K, capacity 4461K, committed 4480K, reserved 1048576K
}
Event: 2.936 GC heap after
{Heap after GC invocations=6 (full 0):
 garbage-first heap   total 260096K, used 20263K [0x0000000080000000, 0x0000000100000000)
  region size 1024K, 4 young (4096K), 4 survivors (4096K)
 Metaspace       used 31165K, capacity 31895K, committed 32048K, reserved 1077248K
  class space    used 4172K, capacity 4461K, committed 4480K, reserved 1048576K
}
Event: 3.190 GC heap before
{Heap before GC invocations=6 (full 0):
 garbage-first heap   total 260096K, used 36647K [0x0000000080000000, 0x0000000100000000)
  region size 1024K, 21 young (21504K), 4 survivors (4096K)
 Metaspace       used 34934K, capacity 35729K, committed 35888K, reserved 1081344K
  class space    used 4555K, capacity 4889K, committed 4992K, reserved 1048576K
}
Event: 3.199 GC heap after
{Heap after GC invocations=7 (full 0):
 garbage-first heap   total 260096K, used 22477K [0x0000000080000000, 0x0000000100000000)
  region size 1024K, 6 young (6144K), 6 survivors (6144K)
 Metaspace       used 34934K, capacity 35729K, committed 35888K, reserved 1081344K
  class space    used 4555K, capacity 4889K, committed 4992K, reserved 1048576K
}
Event: 3.939 GC heap before
{Heap before GC invocations=8 (full 0):
 garbage-first heap   total 260096K, used 108493K [0x0000000080000000, 0x0000000100000000)
  region size 1024K, 87 young (89088K), 6 survivors (6144K)
 Metaspace       used 41841K, capacity 42920K, committed 43240K, reserved 1087488K
  class space    used 5315K, capacity 5681K, committed 5760K, reserved 1048576K
}
Event: 3.951 GC heap after
{Heap after GC invocations=9 (full 0):
 garbage-first heap   total 260096K, used 29144K [0x0000000080000000, 0x0000000100000000)
  region size 1024K, 11 young (11264K), 11 survivors (11264K)
 Metaspace       used 41841K, capacity 42920K, committed 43240K, reserved 1087488K
  class space    used 5315K, capacity 5681K, committed 5760K, reserved 1048576K
}
Event: 4.920 GC heap before
{Heap before GC invocations=10 (full 0):
 garbage-first heap   total 260096K, used 130520K [0x0000000080000000, 0x0000000100000000)
  region size 1024K, 110 young (112640K), 11 survivors (11264K)
 Metaspace       used 49180K, capacity 50522K, committed 50664K, reserved 1093632K
  class space    used 6248K, capacity 6711K, committed 6784K, reserved 1048576K
}
Event: 4.934 GC heap after
{Heap after GC invocations=11 (full 0):
 garbage-first heap   total 260096K, used 34732K [0x0000000080000000, 0x0000000100000000)
  region size 1024K, 12 young (12288K), 12 survivors (12288K)
 Metaspace       used 49180K, capacity 50522K, committed 50664K, reserved 1093632K
  class space    used 6248K, capacity 6711K, committed 6784K, reserved 1048576K
}
Event: 6.105 GC heap before
{Heap before GC invocations=11 (full 0):
 garbage-first heap   total 260096K, used 150444K [0x0000000080000000, 0x0000000100000000)
  region size 1024K, 119 young (121856K), 12 survivors (12288K)
 Metaspace       used 62714K, capacity 64428K, committed 64744K, reserved 1105920K
  class space    used 7887K, capacity 8495K, committed 8576K, reserved 1048576K
}
Event: 6.124 GC heap after
{Heap after GC invocations=12 (full 0):
 garbage-first heap   total 312320K, used 50556K [0x0000000080000000, 0x0000000100000000)
  region size 1024K, 15 young (15360K), 15 survivors (15360K)
 Metaspace       used 62714K, capacity 64428K, committed 64744K, reserved 1105920K
  class space    used 7887K, capacity 8495K, committed 8576K, reserved 1048576K
}
Event: 7.205 GC heap before
{Heap before GC invocations=12 (full 0):
 garbage-first heap   total 312320K, used 185724K [0x0000000080000000, 0x0000000100000000)
  region size 1024K, 143 young (146432K), 15 survivors (15360K)
 Metaspace       used 70252K, capacity 71957K, committed 72068K, reserved 1112064K
  class space    used 8914K, capacity 9554K, committed 9600K, reserved 1048576K
}
Event: 7.236 GC heap after
{Heap after GC invocations=13 (full 0):
 garbage-first heap   total 312320K, used 59788K [0x0000000080000000, 0x0000000100000000)
  region size 1024K, 9 young (9216K), 9 survivors (9216K)
 Metaspace       used 70252K, capacity 71957K, committed 72068K, reserved 1112064K
  class space    used 8914K, capacity 9554K, committed 9600K, reserved 1048576K
}
Event: 8.960 GC heap before
{Heap before GC invocations=14 (full 0):
 garbage-first heap   total 312320K, used 199052K [0x0000000080000000, 0x0000000100000000)
  region size 1024K, 145 young (148480K), 9 survivors (9216K)
 Metaspace       used 82128K, capacity 84159K, committed 84304K, reserved 1122304K
  class space    used 10632K, capacity 11311K, committed 11340K, reserved 1048576K
}
Event: 8.987 GC heap after
{Heap after GC invocations=15 (full 0):
 garbage-first heap   total 312320K, used 69424K [0x0000000080000000, 0x0000000100000000)
  region size 1024K, 18 young (18432K), 18 survivors (18432K)
 Metaspace       used 82128K, capacity 84159K, committed 84304K, reserved 1122304K
  class space    used 10632K, capacity 11311K, committed 11340K, reserved 1048576K
}

