# JRE version: OpenJDK Runtime Environment (11.0.15) (build 11.0.15+0-b2043.56-9505619)
# Java VM: OpenJDK 64-Bit Server VM (11.0.15+0-b2043.56-9505619, mixed mode, tiered, compressed oops, g1 gc, windows-amd64)
Heap:
 garbage-first heap   total 260096K, used 104664K [0x0000000080000000, 0x0000000100000000)
  region size 1024K, 43 young (44032K), 15 survivors (15360K)
 Metaspace       used 91283K, capacity 93658K, committed 93744K, reserved 1130496K
  class space    used 11810K, capacity 12624K, committed 12672K, reserved 1048576K
GC Heap History (20 events):
Event: 2.922 GC heap before
{Heap before GC invocations=3 (full 0):
 garbage-first heap   total 260096K, used 43455K [0x0000000080000000, 0x0000000100000000)
  region size 1024K, 38 young (38912K), 12 survivors (12288K)
 Metaspace       used 23626K, capacity 24141K, committed 24368K, reserved 1071104K
  class space    used 2957K, capacity 3141K, committed 3200K, reserved 1048576K
}
Event: 2.937 GC heap after
{Heap after GC invocations=4 (full 0):
 garbage-first heap   total 260096K, used 18422K [0x0000000080000000, 0x0000000100000000)
  region size 1024K, 2 young (2048K), 2 survivors (2048K)
 Metaspace       used 23626K, capacity 24141K, committed 24368K, reserved 1071104K
  class space    used 2957K, capacity 3141K, committed 3200K, reserved 1048576K
}
Event: 4.205 GC heap before
{Heap before GC invocations=4 (full 0):
 garbage-first heap   total 260096K, used 80886K [0x0000000080000000, 0x0000000100000000)
  region size 1024K, 63 young (64512K), 2 survivors (2048K)
 Metaspace       used 29724K, capacity 30457K, committed 30640K, reserved 1075200K
  class space    used 3941K, capacity 4237K, committed 4352K, reserved 1048576K
}
Event: 4.209 GC heap after
{Heap after GC invocations=5 (full 0):
 garbage-first heap   total 260096K, used 20187K [0x0000000080000000, 0x0000000100000000)
  region size 1024K, 4 young (4096K), 4 survivors (4096K)
 Metaspace       used 29724K, capacity 30457K, committed 30640K, reserved 1075200K
  class space    used 3941K, capacity 4237K, committed 4352K, reserved 1048576K
}
Event: 4.703 GC heap before
{Heap before GC invocations=5 (full 0):
 garbage-first heap   total 260096K, used 49883K [0x0000000080000000, 0x0000000100000000)
  region size 1024K, 34 young (34816K), 4 survivors (4096K)
 Metaspace       used 34924K, capacity 35733K, committed 35888K, reserved 1081344K
  class space    used 4557K, capacity 4889K, committed 4992K, reserved 1048576K
}
Event: 4.711 GC heap after
{Heap after GC invocations=6 (full 0):
 garbage-first heap   total 260096K, used 22600K [0x0000000080000000, 0x0000000100000000)
  region size 1024K, 6 young (6144K), 6 survivors (6144K)
 Metaspace       used 34924K, capacity 35733K, committed 35888K, reserved 1081344K
  class space    used 4557K, capacity 4889K, committed 4992K, reserved 1048576K
}
Event: 6.282 GC heap before
{Heap before GC invocations=7 (full 0):
 garbage-first heap   total 260096K, used 139336K [0x0000000080000000, 0x0000000100000000)
  region size 1024K, 117 young (119808K), 6 survivors (6144K)
 Metaspace       used 45127K, capacity 46324K, committed 46512K, reserved 1089536K
  class space    used 5715K, capacity 6122K, committed 6144K, reserved 1048576K
}
Event: 6.294 GC heap after
{Heap after GC invocations=8 (full 0):
 garbage-first heap   total 260096K, used 30711K [0x0000000080000000, 0x0000000100000000)
  region size 1024K, 14 young (14336K), 14 survivors (14336K)
 Metaspace       used 45127K, capacity 46324K, committed 46512K, reserved 1089536K
  class space    used 5715K, capacity 6122K, committed 6144K, reserved 1048576K
}
Event: 11.383 GC heap before
{Heap before GC invocations=8 (full 0):
 garbage-first heap   total 260096K, used 169975K [0x0000000080000000, 0x0000000100000000)
  region size 1024K, 146 young (149504K), 14 survivors (14336K)
 Metaspace       used 57741K, capacity 59234K, committed 59568K, reserved 1101824K
  class space    used 7303K, capacity 7847K, committed 7936K, reserved 1048576K
}
Event: 11.402 GC heap after
{Heap after GC invocations=9 (full 0):
 garbage-first heap   total 260096K, used 46518K [0x0000000080000000, 0x0000000100000000)
  region size 1024K, 19 young (19456K), 19 survivors (19456K)
 Metaspace       used 57741K, capacity 59234K, committed 59568K, reserved 1101824K
  class space    used 7303K, capacity 7847K, committed 7936K, reserved 1048576K
}
Event: 11.614 GC heap before
{Heap before GC invocations=9 (full 0):
 garbage-first heap   total 260096K, used 53686K [0x0000000080000000, 0x0000000100000000)
  region size 1024K, 27 young (27648K), 19 survivors (19456K)
 Metaspace       used 58589K, capacity 60087K, committed 60208K, reserved 1101824K
  class space    used 7413K, capacity 7961K, committed 8064K, reserved 1048576K
}
Event: 11.630 GC heap after
{Heap after GC invocations=10 (full 0):
 garbage-first heap   total 260096K, used 49008K [0x0000000080000000, 0x0000000100000000)
  region size 1024K, 2 young (2048K), 2 survivors (2048K)
 Metaspace       used 58589K, capacity 60087K, committed 60208K, reserved 1101824K
  class space    used 7413K, capacity 7961K, committed 8064K, reserved 1048576K
}
Event: 13.435 GC heap before
{Heap before GC invocations=11 (full 0):
 garbage-first heap   total 260096K, used 145264K [0x0000000080000000, 0x0000000100000000)
  region size 1024K, 89 young (91136K), 2 survivors (2048K)
 Metaspace       used 68829K, capacity 70567K, committed 70704K, reserved 1110016K
  class space    used 8683K, capacity 9290K, committed 9344K, reserved 1048576K
}
Event: 13.448 GC heap after
{Heap after GC invocations=12 (full 0):
 garbage-first heap   total 260096K, used 53104K [0x0000000080000000, 0x0000000100000000)
  region size 1024K, 6 young (6144K), 6 survivors (6144K)
 Metaspace       used 68829K, capacity 70567K, committed 70704K, reserved 1110016K
  class space    used 8683K, capacity 9290K, committed 9344K, reserved 1048576K
}
Event: 14.515 GC heap before
{Heap before GC invocations=13 (full 0):
 garbage-first heap   total 260096K, used 149360K [0x0000000080000000, 0x0000000100000000)
  region size 1024K, 100 young (102400K), 6 survivors (6144K)
 Metaspace       used 73732K, capacity 75499K, committed 75696K, reserved 1116160K
  class space    used 9298K, capacity 9956K, committed 9984K, reserved 1048576K
}
Event: 14.530 GC heap after
{Heap after GC invocations=14 (full 0):
 garbage-first heap   total 260096K, used 59248K [0x0000000080000000, 0x0000000100000000)
  region size 1024K, 12 young (12288K), 12 survivors (12288K)
 Metaspace       used 73732K, capacity 75499K, committed 75696K, reserved 1116160K
  class space    used 9298K, capacity 9956K, committed 9984K, reserved 1048576K
}
Event: 15.995 GC heap before
{Heap before GC invocations=14 (full 0):
 garbage-first heap   total 260096K, used 159600K [0x0000000080000000, 0x0000000100000000)
  region size 1024K, 110 young (112640K), 12 survivors (12288K)
 Metaspace       used 83502K, capacity 85495K, committed 85680K, reserved 1124352K
  class space    used 10799K, capacity 11485K, committed 11520K, reserved 1048576K
}
Event: 16.011 GC heap after
{Heap after GC invocations=15 (full 0):
 garbage-first heap   total 260096K, used 66037K [0x0000000080000000, 0x0000000100000000)
  region size 1024K, 13 young (13312K), 13 survivors (13312K)
 Metaspace       used 83502K, capacity 85495K, committed 85680K, reserved 1124352K
  class space    used 10799K, capacity 11485K, committed 11520K, reserved 1048576K
}
Event: 16.868 GC heap before
{Heap before GC invocations=15 (full 0):
 garbage-first heap   total 260096K, used 168437K [0x0000000080000000, 0x0000000100000000)
  region size 1024K, 114 young (116736K), 13 survivors (13312K)
 Metaspace       used 88014K, capacity 90186K, committed 90416K, reserved 1128448K
  class space    used 11358K, capacity 12114K, committed 12160K, reserved 1048576K
}
Event: 16.889 GC heap after
{Heap after GC invocations=16 (full 0):
 garbage-first heap   total 260096K, used 78040K [0x0000000080000000, 0x0000000100000000)
  region size 1024K, 15 young (15360K), 15 survivors (15360K)
 Metaspace       used 88014K, capacity 90186K, committed 90416K, reserved 1128448K
  class space    used 11358K, capacity 12114K, committed 12160K, reserved 1048576K
}

