# JRE version: OpenJDK Runtime Environment (11.0.15) (build 11.0.15+0-b2043.56-9505619)
# Java VM: OpenJDK 64-Bit Server VM (11.0.15+0-b2043.56-9505619, mixed mode, tiered, compressed oops, g1 gc, windows-amd64)
Heap:
 garbage-first heap   total 312320K, used 138156K [0x0000000080000000, 0x0000000100000000)
  region size 1024K, 83 young (84992K), 14 survivors (14336K)
 Metaspace       used 85866K, capacity 88102K, committed 88240K, reserved 1126400K
  class space    used 11121K, capacity 11889K, committed 11904K, reserved 1048576K
GC Heap History (20 events):
Event: 1.878 GC heap before
{Heap before GC invocations=1 (full 0):
 garbage-first heap   total 260096K, used 115511K [0x0000000080000000, 0x0000000100000000)
  region size 1024K, 108 young (110592K), 2 survivors (2048K)
 Metaspace       used 20820K, capacity 21149K, committed 21296K, reserved 1069056K
  class space    used 2508K, capacity 2651K, committed 2688K, reserved 1048576K
}
Event: 1.885 GC heap after
{Heap after GC invocations=2 (full 0):
 garbage-first heap   total 260096K, used 17070K [0x0000000080000000, 0x0000000100000000)
  region size 1024K, 12 young (12288K), 12 survivors (12288K)
 Metaspace       used 20820K, capacity 21149K, committed 21296K, reserved 1069056K
  class space    used 2508K, capacity 2651K, committed 2688K, reserved 1048576K
}
Event: 2.321 GC heap before
{Heap before GC invocations=3 (full 0):
 garbage-first heap   total 260096K, used 66222K [0x0000000080000000, 0x0000000100000000)
  region size 1024K, 60 young (61440K), 12 survivors (12288K)
 Metaspace       used 26028K, capacity 26593K, committed 26800K, reserved 1073152K
  class space    used 3349K, capacity 3581K, committed 3584K, reserved 1048576K
}
Event: 2.332 GC heap after
{Heap after GC invocations=4 (full 0):
 garbage-first heap   total 260096K, used 19174K [0x0000000080000000, 0x0000000100000000)
  region size 1024K, 3 young (3072K), 3 survivors (3072K)
 Metaspace       used 26028K, capacity 26593K, committed 26800K, reserved 1073152K
  class space    used 3349K, capacity 3581K, committed 3584K, reserved 1048576K
}
Event: 2.997 GC heap before
{Heap before GC invocations=4 (full 0):
 garbage-first heap   total 260096K, used 88806K [0x0000000080000000, 0x0000000100000000)
  region size 1024K, 71 young (72704K), 3 survivors (3072K)
 Metaspace       used 34045K, capacity 34873K, committed 34992K, reserved 1079296K
  class space    used 4504K, capacity 4816K, committed 4864K, reserved 1048576K
}
Event: 3.003 GC heap after
{Heap after GC invocations=5 (full 0):
 garbage-first heap   total 260096K, used 21973K [0x0000000080000000, 0x0000000100000000)
  region size 1024K, 5 young (5120K), 5 survivors (5120K)
 Metaspace       used 34045K, capacity 34873K, committed 34992K, reserved 1079296K
  class space    used 4504K, capacity 4816K, committed 4864K, reserved 1048576K
}
Event: 3.049 GC heap before
{Heap before GC invocations=5 (full 0):
 garbage-first heap   total 260096K, used 24021K [0x0000000080000000, 0x0000000100000000)
  region size 1024K, 8 young (8192K), 5 survivors (5120K)
 Metaspace       used 34927K, capacity 35729K, committed 35888K, reserved 1081344K
  class space    used 4558K, capacity 4889K, committed 4992K, reserved 1048576K
}
Event: 3.057 GC heap after
{Heap after GC invocations=6 (full 0):
 garbage-first heap   total 260096K, used 22646K [0x0000000080000000, 0x0000000100000000)
  region size 1024K, 6 young (6144K), 6 survivors (6144K)
 Metaspace       used 34927K, capacity 35729K, committed 35888K, reserved 1081344K
  class space    used 4558K, capacity 4889K, committed 4992K, reserved 1048576K
}
Event: 3.646 GC heap before
{Heap before GC invocations=7 (full 0):
 garbage-first heap   total 260096K, used 88182K [0x0000000080000000, 0x0000000100000000)
  region size 1024K, 68 young (69632K), 6 survivors (6144K)
 Metaspace       used 40819K, capacity 41838K, committed 42088K, reserved 1085440K
  class space    used 5180K, capacity 5553K, committed 5632K, reserved 1048576K
}
Event: 3.660 GC heap after
{Heap after GC invocations=8 (full 0):
 garbage-first heap   total 260096K, used 28548K [0x0000000080000000, 0x0000000100000000)
  region size 1024K, 9 young (9216K), 9 survivors (9216K)
 Metaspace       used 40819K, capacity 41838K, committed 42088K, reserved 1085440K
  class space    used 5180K, capacity 5553K, committed 5632K, reserved 1048576K
}
Event: 4.426 GC heap before
{Heap before GC invocations=9 (full 0):
 garbage-first heap   total 260096K, used 111492K [0x0000000080000000, 0x0000000100000000)
  region size 1024K, 90 young (92160K), 9 survivors (9216K)
 Metaspace       used 47666K, capacity 48891K, committed 49128K, reserved 1091584K
  class space    used 6085K, capacity 6510K, committed 6528K, reserved 1048576K
}
Event: 4.438 GC heap after
{Heap after GC invocations=10 (full 0):
 garbage-first heap   total 260096K, used 31923K [0x0000000080000000, 0x0000000100000000)
  region size 1024K, 10 young (10240K), 10 survivors (10240K)
 Metaspace       used 47666K, capacity 48891K, committed 49128K, reserved 1091584K
  class space    used 6085K, capacity 6510K, committed 6528K, reserved 1048576K
}
Event: 5.624 GC heap before
{Heap before GC invocations=10 (full 0):
 garbage-first heap   total 260096K, used 148659K [0x0000000080000000, 0x0000000100000000)
  region size 1024K, 119 young (121856K), 10 survivors (10240K)
 Metaspace       used 57510K, capacity 59078K, committed 59112K, reserved 1101824K
  class space    used 7253K, capacity 7805K, committed 7808K, reserved 1048576K
}
Event: 5.638 GC heap after
{Heap after GC invocations=11 (full 0):
 garbage-first heap   total 260096K, used 47002K [0x0000000080000000, 0x0000000100000000)
  region size 1024K, 15 young (15360K), 15 survivors (15360K)
 Metaspace       used 57510K, capacity 59078K, committed 59112K, reserved 1101824K
  class space    used 7253K, capacity 7805K, committed 7808K, reserved 1048576K
}
Event: 6.808 GC heap before
{Heap before GC invocations=11 (full 0):
 garbage-first heap   total 260096K, used 166810K [0x0000000080000000, 0x0000000100000000)
  region size 1024K, 125 young (128000K), 15 survivors (15360K)
 Metaspace       used 67379K, capacity 69063K, committed 69224K, reserved 1110016K
  class space    used 8502K, capacity 9102K, committed 9216K, reserved 1048576K
}
Event: 6.825 GC heap after
{Heap after GC invocations=12 (full 0):
 garbage-first heap   total 312320K, used 56043K [0x0000000080000000, 0x0000000100000000)
  region size 1024K, 10 young (10240K), 10 survivors (10240K)
 Metaspace       used 67379K, capacity 69063K, committed 69224K, reserved 1110016K
  class space    used 8502K, capacity 9102K, committed 9216K, reserved 1048576K
}
Event: 7.060 GC heap before
{Heap before GC invocations=12 (full 0):
 garbage-first heap   total 312320K, used 94955K [0x0000000080000000, 0x0000000100000000)
  region size 1024K, 49 young (50176K), 10 survivors (10240K)
 Metaspace       used 68782K, capacity 70487K, committed 70576K, reserved 1110016K
  class space    used 8670K, capacity 9298K, committed 9344K, reserved 1048576K
}
Event: 7.072 GC heap after
{Heap after GC invocations=13 (full 0):
 garbage-first heap   total 312320K, used 58516K [0x0000000080000000, 0x0000000100000000)
  region size 1024K, 12 young (12288K), 12 survivors (12288K)
 Metaspace       used 68782K, capacity 70487K, committed 70576K, reserved 1110016K
  class space    used 8670K, capacity 9298K, committed 9344K, reserved 1048576K
}
Event: 8.670 GC heap before
{Heap before GC invocations=14 (full 0):
 garbage-first heap   total 312320K, used 216212K [0x0000000080000000, 0x0000000100000000)
  region size 1024K, 166 young (169984K), 12 survivors (12288K)
 Metaspace       used 82134K, capacity 84144K, committed 84400K, reserved 1122304K
  class space    used 10631K, capacity 11307K, committed 11392K, reserved 1048576K
}
Event: 8.700 GC heap after
{Heap after GC invocations=15 (full 0):
 garbage-first heap   total 312320K, used 69548K [0x0000000080000000, 0x0000000100000000)
  region size 1024K, 14 young (14336K), 14 survivors (14336K)
 Metaspace       used 82134K, capacity 84144K, committed 84400K, reserved 1122304K
  class space    used 10631K, capacity 11307K, committed 11392K, reserved 1048576K
}

