# JRE version: OpenJDK Runtime Environment (11.0.15) (build 11.0.15+0-b2043.56-9505619)
# Java VM: OpenJDK 64-Bit Server VM (11.0.15+0-b2043.56-9505619, mixed mode, tiered, compressed oops, g1 gc, windows-amd64)
Heap:
 garbage-first heap   total 312320K, used 104018K [0x0000000080000000, 0x0000000100000000)
  region size 1024K, 52 young (53248K), 20 survivors (20480K)
 Metaspace       used 85964K, capacity 88204K, committed 88496K, reserved 1126400K
  class space    used 11133K, capacity 11922K, committed 12032K, reserved 1048576K
GC Heap History (20 events):
Event: 1.546 GC heap before
{Heap before GC invocations=2 (full 0):
 garbage-first heap   total 260096K, used 39113K [0x0000000080000000, 0x0000000100000000)
  region size 1024K, 31 young (31744K), 2 survivors (2048K)
 Metaspace       used 10925K, capacity 11137K, committed 11264K, reserved 1058816K
  class space    used 1114K, capacity 1207K, committed 1280K, reserved 1048576K
}
Event: 1.548 GC heap after
{Heap after GC invocations=3 (full 0):
 garbage-first heap   total 260096K, used 13121K [0x0000000080000000, 0x0000000100000000)
  region size 1024K, 4 young (4096K), 4 survivors (4096K)
 Metaspace       used 10925K, capacity 11137K, committed 11264K, reserved 1058816K
  class space    used 1114K, capacity 1207K, committed 1280K, reserved 1048576K
}
Event: 2.343 GC heap before
{Heap before GC invocations=3 (full 0):
 garbage-first heap   total 260096K, used 56129K [0x0000000080000000, 0x0000000100000000)
  region size 1024K, 46 young (47104K), 4 survivors (4096K)
 Metaspace       used 18337K, capacity 18731K, committed 19072K, reserved 1067008K
  class space    used 2160K, capacity 2315K, committed 2432K, reserved 1048576K
}
Event: 2.348 GC heap after
{Heap after GC invocations=4 (full 0):
 garbage-first heap   total 260096K, used 16451K [0x0000000080000000, 0x0000000100000000)
  region size 1024K, 6 young (6144K), 6 survivors (6144K)
 Metaspace       used 18337K, capacity 18731K, committed 19072K, reserved 1067008K
  class space    used 2160K, capacity 2315K, committed 2432K, reserved 1048576K
}
Event: 2.557 GC heap before
{Heap before GC invocations=4 (full 0):
 garbage-first heap   total 260096K, used 38979K [0x0000000080000000, 0x0000000100000000)
  region size 1024K, 29 young (29696K), 6 survivors (6144K)
 Metaspace       used 20823K, capacity 21149K, committed 21296K, reserved 1069056K
  class space    used 2507K, capacity 2651K, committed 2688K, reserved 1048576K
}
Event: 2.561 GC heap after
{Heap after GC invocations=5 (full 0):
 garbage-first heap   total 260096K, used 17398K [0x0000000080000000, 0x0000000100000000)
  region size 1024K, 4 young (4096K), 4 survivors (4096K)
 Metaspace       used 20823K, capacity 21149K, committed 21296K, reserved 1069056K
  class space    used 2507K, capacity 2651K, committed 2688K, reserved 1048576K
}
Event: 3.241 GC heap before
{Heap before GC invocations=6 (full 0):
 garbage-first heap   total 260096K, used 80886K [0x0000000080000000, 0x0000000100000000)
  region size 1024K, 67 young (68608K), 4 survivors (4096K)
 Metaspace       used 27332K, capacity 27905K, committed 28080K, reserved 1073152K
  class space    used 3565K, capacity 3768K, committed 3840K, reserved 1048576K
}
Event: 3.249 GC heap after
{Heap after GC invocations=7 (full 0):
 garbage-first heap   total 260096K, used 19431K [0x0000000080000000, 0x0000000100000000)
  region size 1024K, 6 young (6144K), 6 survivors (6144K)
 Metaspace       used 27332K, capacity 27905K, committed 28080K, reserved 1073152K
  class space    used 3565K, capacity 3768K, committed 3840K, reserved 1048576K
}
Event: 3.824 GC heap before
{Heap before GC invocations=7 (full 0):
 garbage-first heap   total 260096K, used 76775K [0x0000000080000000, 0x0000000100000000)
  region size 1024K, 63 young (64512K), 6 survivors (6144K)
 Metaspace       used 34923K, capacity 35730K, committed 35888K, reserved 1081344K
  class space    used 4558K, capacity 4889K, committed 4992K, reserved 1048576K
}
Event: 3.834 GC heap after
{Heap after GC invocations=8 (full 0):
 garbage-first heap   total 260096K, used 22518K [0x0000000080000000, 0x0000000100000000)
  region size 1024K, 9 young (9216K), 9 survivors (9216K)
 Metaspace       used 34923K, capacity 35730K, committed 35888K, reserved 1081344K
  class space    used 4558K, capacity 4889K, committed 4992K, reserved 1048576K
}
Event: 4.928 GC heap before
{Heap before GC invocations=9 (full 0):
 garbage-first heap   total 260096K, used 127990K [0x0000000080000000, 0x0000000100000000)
  region size 1024K, 109 young (111616K), 9 survivors (9216K)
 Metaspace       used 43722K, capacity 44868K, committed 45104K, reserved 1089536K
  class space    used 5620K, capacity 6004K, committed 6016K, reserved 1048576K
}
Event: 4.945 GC heap after
{Heap after GC invocations=10 (full 0):
 garbage-first heap   total 260096K, used 30479K [0x0000000080000000, 0x0000000100000000)
  region size 1024K, 14 young (14336K), 14 survivors (14336K)
 Metaspace       used 43722K, capacity 44868K, committed 45104K, reserved 1089536K
  class space    used 5620K, capacity 6004K, committed 6016K, reserved 1048576K
}
Event: 6.228 GC heap before
{Heap before GC invocations=11 (full 0):
 garbage-first heap   total 260096K, used 158479K [0x0000000080000000, 0x0000000100000000)
  region size 1024K, 133 young (136192K), 14 survivors (14336K)
 Metaspace       used 52294K, capacity 53736K, committed 53936K, reserved 1095680K
  class space    used 6643K, capacity 7156K, committed 7168K, reserved 1048576K
}
Event: 6.247 GC heap after
{Heap after GC invocations=12 (full 0):
 garbage-first heap   total 260096K, used 44212K [0x0000000080000000, 0x0000000100000000)
  region size 1024K, 17 young (17408K), 17 survivors (17408K)
 Metaspace       used 52294K, capacity 53736K, committed 53936K, reserved 1095680K
  class space    used 6643K, capacity 7156K, committed 7168K, reserved 1048576K
}
Event: 7.781 GC heap before
{Heap before GC invocations=12 (full 0):
 garbage-first heap   total 260096K, used 189620K [0x0000000080000000, 0x0000000100000000)
  region size 1024K, 152 young (155648K), 17 survivors (17408K)
 Metaspace       used 67210K, capacity 68882K, committed 68912K, reserved 1110016K
  class space    used 8470K, capacity 9063K, committed 9088K, reserved 1048576K
}
Event: 7.800 GC heap after
{Heap after GC invocations=13 (full 0):
 garbage-first heap   total 312320K, used 54014K [0x0000000080000000, 0x0000000100000000)
  region size 1024K, 10 young (10240K), 10 survivors (10240K)
 Metaspace       used 67210K, capacity 68882K, committed 68912K, reserved 1110016K
  class space    used 8470K, capacity 9063K, committed 9088K, reserved 1048576K
}
Event: 8.619 GC heap before
{Heap before GC invocations=13 (full 0):
 garbage-first heap   total 312320K, used 147198K [0x0000000080000000, 0x0000000100000000)
  region size 1024K, 102 young (104448K), 10 survivors (10240K)
 Metaspace       used 73524K, capacity 75239K, committed 75312K, reserved 1114112K
  class space    used 9463K, capacity 10081K, committed 10112K, reserved 1048576K
}
Event: 8.636 GC heap after
{Heap after GC invocations=14 (full 0):
 garbage-first heap   total 312320K, used 59134K [0x0000000080000000, 0x0000000100000000)
  region size 1024K, 15 young (15360K), 15 survivors (15360K)
 Metaspace       used 73524K, capacity 75239K, committed 75312K, reserved 1114112K
  class space    used 9463K, capacity 10081K, committed 10112K, reserved 1048576K
}
Event: 10.017 GC heap before
{Heap before GC invocations=15 (full 0):
 garbage-first heap   total 312320K, used 212734K [0x0000000080000000, 0x0000000100000000)
  region size 1024K, 166 young (169984K), 15 survivors (15360K)
 Metaspace       used 82454K, capacity 84441K, committed 84528K, reserved 1122304K
  class space    used 10656K, capacity 11318K, committed 11392K, reserved 1048576K
}
Event: 10.045 GC heap after
{Heap after GC invocations=16 (full 0):
 garbage-first heap   total 312320K, used 73298K [0x0000000080000000, 0x0000000100000000)
  region size 1024K, 20 young (20480K), 20 survivors (20480K)
 Metaspace       used 82454K, capacity 84441K, committed 84528K, reserved 1122304K
  class space    used 10656K, capacity 11318K, committed 11392K, reserved 1048576K
}

