# JRE version: OpenJDK Runtime Environment (11.0.15) (build 11.0.15+0-b2043.56-9505619)
# Java VM: OpenJDK 64-Bit Server VM (11.0.15+0-b2043.56-9505619, mixed mode, tiered, compressed oops, g1 gc, windows-amd64)
Heap:
 garbage-first heap   total 260096K, used 206082K [0x0000000080000000, 0x0000000100000000)
  region size 1024K, 13 young (13312K), 2 survivors (2048K)
 Metaspace       used 106606K, capacity 109794K, committed 110032K, reserved 1144832K
  class space    used 13303K, capacity 14359K, committed 14368K, reserved 1048576K
GC Heap History (20 events):
Event: 17.492 GC heap before
{Heap before GC invocations=21 (full 0):
 garbage-first heap   total 260096K, used 219748K [0x0000000080000000, 0x0000000100000000)
  region size 1024K, 56 young (57344K), 3 survivors (3072K)
 Metaspace       used 87381K, capacity 89819K, committed 90064K, reserved 1128448K
  class space    used 11154K, capacity 11997K, committed 12064K, reserved 1048576K
}
Event: 17.498 GC heap after
{Heap after GC invocations=22 (full 0):
 garbage-first heap   total 260096K, used 165963K [0x0000000080000000, 0x0000000100000000)
  region size 1024K, 3 young (3072K), 3 survivors (3072K)
 Metaspace       used 87381K, capacity 89819K, committed 90064K, reserved 1128448K
  class space    used 11154K, capacity 11997K, committed 12064K, reserved 1048576K
}
Event: 18.547 GC heap before
{Heap before GC invocations=22 (full 0):
 garbage-first heap   total 260096K, used 221259K [0x0000000080000000, 0x0000000100000000)
  region size 1024K, 57 young (58368K), 3 survivors (3072K)
 Metaspace       used 93150K, capacity 95677K, committed 95696K, reserved 1132544K
  class space    used 11934K, capacity 12816K, committed 12832K, reserved 1048576K
}
Event: 18.556 GC heap after
{Heap after GC invocations=23 (full 0):
 garbage-first heap   total 260096K, used 168981K [0x0000000080000000, 0x0000000100000000)
  region size 1024K, 6 young (6144K), 6 survivors (6144K)
 Metaspace       used 93150K, capacity 95677K, committed 95696K, reserved 1132544K
  class space    used 11934K, capacity 12816K, committed 12832K, reserved 1048576K
}
Event: 19.648 GC heap before
{Heap before GC invocations=24 (full 0):
 garbage-first heap   total 260096K, used 221205K [0x0000000080000000, 0x0000000100000000)
  region size 1024K, 58 young (59392K), 6 survivors (6144K)
 Metaspace       used 97036K, capacity 99651K, committed 99792K, reserved 1136640K
  class space    used 12403K, capacity 13319K, committed 13344K, reserved 1048576K
}
Event: 19.662 GC heap after
{Heap after GC invocations=25 (full 0):
 garbage-first heap   total 260096K, used 174529K [0x0000000080000000, 0x0000000100000000)
  region size 1024K, 8 young (8192K), 8 survivors (8192K)
 Metaspace       used 97036K, capacity 99651K, committed 99792K, reserved 1136640K
  class space    used 12403K, capacity 13319K, committed 13344K, reserved 1048576K
}
Event: 20.301 GC heap before
{Heap before GC invocations=25 (full 0):
 garbage-first heap   total 260096K, used 220609K [0x0000000080000000, 0x0000000100000000)
  region size 1024K, 54 young (55296K), 8 survivors (8192K)
 Metaspace       used 97722K, capacity 100410K, committed 100688K, reserved 1136640K
  class space    used 12442K, capacity 13385K, committed 13472K, reserved 1048576K
}
Event: 20.314 GC heap after
{Heap after GC invocations=26 (full 0):
 garbage-first heap   total 260096K, used 179415K [0x0000000080000000, 0x0000000100000000)
  region size 1024K, 6 young (6144K), 6 survivors (6144K)
 Metaspace       used 97722K, capacity 100410K, committed 100688K, reserved 1136640K
  class space    used 12442K, capacity 13385K, committed 13472K, reserved 1048576K
}
Event: 21.041 GC heap before
{Heap before GC invocations=27 (full 0):
 garbage-first heap   total 260096K, used 221399K [0x0000000080000000, 0x0000000100000000)
  region size 1024K, 48 young (49152K), 6 survivors (6144K)
 Metaspace       used 99457K, capacity 102289K, committed 102352K, reserved 1138688K
  class space    used 12596K, capacity 13553K, committed 13600K, reserved 1048576K
}
Event: 21.049 GC heap after
{Heap after GC invocations=28 (full 0):
 garbage-first heap   total 260096K, used 182073K [0x0000000080000000, 0x0000000100000000)
  region size 1024K, 4 young (4096K), 4 survivors (4096K)
 Metaspace       used 99457K, capacity 102289K, committed 102352K, reserved 1138688K
  class space    used 12596K, capacity 13553K, committed 13600K, reserved 1048576K
}
Event: 43.118 GC heap before
{Heap before GC invocations=28 (full 0):
 garbage-first heap   total 260096K, used 220985K [0x0000000080000000, 0x0000000100000000)
  region size 1024K, 43 young (44032K), 4 survivors (4096K)
 Metaspace       used 103564K, capacity 106615K, committed 106832K, reserved 1142784K
  class space    used 12938K, capacity 13950K, committed 13984K, reserved 1048576K
}
Event: 43.131 GC heap after
{Heap after GC invocations=29 (full 0):
 garbage-first heap   total 260096K, used 184946K [0x0000000080000000, 0x0000000100000000)
  region size 1024K, 3 young (3072K), 3 survivors (3072K)
 Metaspace       used 103564K, capacity 106615K, committed 106832K, reserved 1142784K
  class space    used 12938K, capacity 13950K, committed 13984K, reserved 1048576K
}
Event: 44.261 GC heap before
{Heap before GC invocations=30 (full 0):
 garbage-first heap   total 260096K, used 223858K [0x0000000080000000, 0x0000000100000000)
  region size 1024K, 41 young (41984K), 3 survivors (3072K)
 Metaspace       used 105218K, capacity 108290K, committed 108624K, reserved 1144832K
  class space    used 13101K, capacity 14141K, committed 14240K, reserved 1048576K
}
Event: 44.271 GC heap after
{Heap after GC invocations=31 (full 0):
 garbage-first heap   total 260096K, used 189263K [0x0000000080000000, 0x0000000100000000)
  region size 1024K, 6 young (6144K), 6 survivors (6144K)
 Metaspace       used 105218K, capacity 108290K, committed 108624K, reserved 1144832K
  class space    used 13101K, capacity 14141K, committed 14240K, reserved 1048576K
}
Event: 44.494 GC heap before
{Heap before GC invocations=31 (full 0):
 garbage-first heap   total 260096K, used 224079K [0x0000000080000000, 0x0000000100000000)
  region size 1024K, 40 young (40960K), 6 survivors (6144K)
 Metaspace       used 105393K, capacity 108447K, committed 108624K, reserved 1144832K
  class space    used 13118K, capacity 14146K, committed 14240K, reserved 1048576K
}
Event: 44.515 GC heap after
{Heap after GC invocations=32 (full 0):
 garbage-first heap   total 260096K, used 194519K [0x0000000080000000, 0x0000000100000000)
  region size 1024K, 5 young (5120K), 5 survivors (5120K)
 Metaspace       used 105393K, capacity 108447K, committed 108624K, reserved 1144832K
  class space    used 13118K, capacity 14146K, committed 14240K, reserved 1048576K
}
Event: 54.902 GC heap before
{Heap before GC invocations=33 (full 0):
 garbage-first heap   total 260096K, used 223191K [0x0000000080000000, 0x0000000100000000)
  region size 1024K, 34 young (34816K), 5 survivors (5120K)
 Metaspace       used 106218K, capacity 109272K, committed 109520K, reserved 1144832K
  class space    used 13242K, capacity 14297K, committed 14368K, reserved 1048576K
}
Event: 54.912 GC heap after
{Heap after GC invocations=34 (full 0):
 garbage-first heap   total 260096K, used 198624K [0x0000000080000000, 0x0000000100000000)
  region size 1024K, 4 young (4096K), 4 survivors (4096K)
 Metaspace       used 106218K, capacity 109272K, committed 109520K, reserved 1144832K
  class space    used 13242K, capacity 14297K, committed 14368K, reserved 1048576K
}
Event: 55.044 GC heap before
{Heap before GC invocations=34 (full 0):
 garbage-first heap   total 260096K, used 205792K [0x0000000080000000, 0x0000000100000000)
  region size 1024K, 12 young (12288K), 4 survivors (4096K)
 Metaspace       used 106328K, capacity 109425K, committed 109520K, reserved 1144832K
  class space    used 13244K, capacity 14299K, committed 14368K, reserved 1048576K
}
Event: 55.054 GC heap after
{Heap after GC invocations=35 (full 0):
 garbage-first heap   total 260096K, used 196866K [0x0000000080000000, 0x0000000100000000)
  region size 1024K, 2 young (2048K), 2 survivors (2048K)
 Metaspace       used 106328K, capacity 109425K, committed 109520K, reserved 1144832K
  class space    used 13244K, capacity 14299K, committed 14368K, reserved 1048576K
}

