# JRE version: OpenJDK Runtime Environment (11.0.15) (build 11.0.15+0-b2043.56-9505619)
# Java VM: OpenJDK 64-Bit Server VM (11.0.15+0-b2043.56-9505619, mixed mode, tiered, compressed oops, g1 gc, windows-amd64)
Heap:
 garbage-first heap   total 312320K, used 134747K [0x0000000080000000, 0x0000000100000000)
  region size 1024K, 78 young (79872K), 18 survivors (18432K)
 Metaspace       used 89974K, capacity 92327K, committed 92532K, reserved 1130496K
  class space    used 11394K, capacity 12186K, committed 12312K, reserved 1048576K
GC Heap History (20 events):
Event: 1.144 GC heap before
{Heap before GC invocations=2 (full 0):
 garbage-first heap   total 260096K, used 40076K [0x0000000080000000, 0x0000000100000000)
  region size 1024K, 31 young (31744K), 2 survivors (2048K)
 Metaspace       used 10947K, capacity 11137K, committed 11264K, reserved 1058816K
  class space    used 1114K, capacity 1207K, committed 1280K, reserved 1048576K
}
Event: 1.147 GC heap after
{Heap after GC invocations=3 (full 0):
 garbage-first heap   total 260096K, used 14155K [0x0000000080000000, 0x0000000100000000)
  region size 1024K, 4 young (4096K), 4 survivors (4096K)
 Metaspace       used 10947K, capacity 11137K, committed 11264K, reserved 1058816K
  class space    used 1114K, capacity 1207K, committed 1280K, reserved 1048576K
}
Event: 1.818 GC heap before
{Heap before GC invocations=3 (full 0):
 garbage-first heap   total 260096K, used 57163K [0x0000000080000000, 0x0000000100000000)
  region size 1024K, 46 young (47104K), 4 survivors (4096K)
 Metaspace       used 18569K, capacity 18926K, committed 19072K, reserved 1067008K
  class space    used 2178K, capacity 2316K, committed 2432K, reserved 1048576K
}
Event: 1.823 GC heap after
{Heap after GC invocations=4 (full 0):
 garbage-first heap   total 260096K, used 16539K [0x0000000080000000, 0x0000000100000000)
  region size 1024K, 5 young (5120K), 5 survivors (5120K)
 Metaspace       used 18569K, capacity 18926K, committed 19072K, reserved 1067008K
  class space    used 2178K, capacity 2316K, committed 2432K, reserved 1048576K
}
Event: 1.975 GC heap before
{Heap before GC invocations=4 (full 0):
 garbage-first heap   total 260096K, used 38043K [0x0000000080000000, 0x0000000100000000)
  region size 1024K, 27 young (27648K), 5 survivors (5120K)
 Metaspace       used 20789K, capacity 21187K, committed 21296K, reserved 1069056K
  class space    used 2519K, capacity 2685K, committed 2688K, reserved 1048576K
}
Event: 1.980 GC heap after
{Heap after GC invocations=5 (full 0):
 garbage-first heap   total 260096K, used 17603K [0x0000000080000000, 0x0000000100000000)
  region size 1024K, 4 young (4096K), 4 survivors (4096K)
 Metaspace       used 20789K, capacity 21187K, committed 21296K, reserved 1069056K
  class space    used 2519K, capacity 2685K, committed 2688K, reserved 1048576K
}
Event: 2.528 GC heap before
{Heap before GC invocations=6 (full 0):
 garbage-first heap   total 260096K, used 81091K [0x0000000080000000, 0x0000000100000000)
  region size 1024K, 67 young (68608K), 4 survivors (4096K)
 Metaspace       used 27343K, capacity 27969K, committed 28028K, reserved 1073152K
  class space    used 3558K, capacity 3768K, committed 3788K, reserved 1048576K
}
Event: 2.539 GC heap after
{Heap after GC invocations=7 (full 0):
 garbage-first heap   total 260096K, used 19432K [0x0000000080000000, 0x0000000100000000)
  region size 1024K, 6 young (6144K), 6 survivors (6144K)
 Metaspace       used 27343K, capacity 27969K, committed 28028K, reserved 1073152K
  class space    used 3558K, capacity 3768K, committed 3788K, reserved 1048576K
}
Event: 3.131 GC heap before
{Heap before GC invocations=7 (full 0):
 garbage-first heap   total 260096K, used 77800K [0x0000000080000000, 0x0000000100000000)
  region size 1024K, 64 young (65536K), 6 survivors (6144K)
 Metaspace       used 35077K, capacity 35953K, committed 36048K, reserved 1081344K
  class space    used 4564K, capacity 4921K, committed 4940K, reserved 1048576K
}
Event: 3.139 GC heap after
{Heap after GC invocations=8 (full 0):
 garbage-first heap   total 260096K, used 22746K [0x0000000080000000, 0x0000000100000000)
  region size 1024K, 9 young (9216K), 9 survivors (9216K)
 Metaspace       used 35077K, capacity 35953K, committed 36048K, reserved 1081344K
  class space    used 4564K, capacity 4921K, committed 4940K, reserved 1048576K
}
Event: 4.259 GC heap before
{Heap before GC invocations=9 (full 0):
 garbage-first heap   total 260096K, used 143578K [0x0000000080000000, 0x0000000100000000)
  region size 1024K, 124 young (126976K), 9 survivors (9216K)
 Metaspace       used 45431K, capacity 46656K, committed 46800K, reserved 1089536K
  class space    used 5770K, capacity 6191K, committed 6220K, reserved 1048576K
}
Event: 4.276 GC heap after
{Heap after GC invocations=10 (full 0):
 garbage-first heap   total 260096K, used 31251K [0x0000000080000000, 0x0000000100000000)
  region size 1024K, 15 young (15360K), 15 survivors (15360K)
 Metaspace       used 45431K, capacity 46656K, committed 46800K, reserved 1089536K
  class space    used 5770K, capacity 6191K, committed 6220K, reserved 1048576K
}
Event: 5.664 GC heap before
{Heap before GC invocations=11 (full 0):
 garbage-first heap   total 260096K, used 167443K [0x0000000080000000, 0x0000000100000000)
  region size 1024K, 144 young (147456K), 15 survivors (15360K)
 Metaspace       used 55861K, capacity 57430K, committed 57552K, reserved 1099776K
  class space    used 7091K, capacity 7639K, committed 7756K, reserved 1048576K
}
Event: 5.683 GC heap after
{Heap after GC invocations=12 (full 0):
 garbage-first heap   total 260096K, used 45540K [0x0000000080000000, 0x0000000100000000)
  region size 1024K, 18 young (18432K), 18 survivors (18432K)
 Metaspace       used 55861K, capacity 57430K, committed 57552K, reserved 1099776K
  class space    used 7091K, capacity 7639K, committed 7756K, reserved 1048576K
}
Event: 7.049 GC heap before
{Heap before GC invocations=12 (full 0):
 garbage-first heap   total 260096K, used 190948K [0x0000000080000000, 0x0000000100000000)
  region size 1024K, 152 young (155648K), 18 survivors (18432K)
 Metaspace       used 67391K, capacity 69161K, committed 69200K, reserved 1110016K
  class space    used 8506K, capacity 9136K, committed 9164K, reserved 1048576K
}
Event: 7.072 GC heap after
{Heap after GC invocations=13 (full 0):
 garbage-first heap   total 312320K, used 56590K [0x0000000080000000, 0x0000000100000000)
  region size 1024K, 11 young (11264K), 11 survivors (11264K)
 Metaspace       used 67391K, capacity 69161K, committed 69200K, reserved 1110016K
  class space    used 8506K, capacity 9136K, committed 9164K, reserved 1048576K
}
Event: 8.057 GC heap before
{Heap before GC invocations=13 (full 0):
 garbage-first heap   total 312320K, used 154894K [0x0000000080000000, 0x0000000100000000)
  region size 1024K, 109 young (111616K), 11 survivors (11264K)
 Metaspace       used 76298K, capacity 78200K, committed 78416K, reserved 1118208K
  class space    used 9761K, capacity 10421K, committed 10444K, reserved 1048576K
}
Event: 8.077 GC heap after
{Heap after GC invocations=14 (full 0):
 garbage-first heap   total 312320K, used 64782K [0x0000000080000000, 0x0000000100000000)
  region size 1024K, 19 young (19456K), 19 survivors (19456K)
 Metaspace       used 76298K, capacity 78200K, committed 78416K, reserved 1118208K
  class space    used 9761K, capacity 10421K, committed 10444K, reserved 1048576K
}
Event: 12.442 GC heap before
{Heap before GC invocations=15 (full 0):
 garbage-first heap   total 312320K, used 216334K [0x0000000080000000, 0x0000000100000000)
  region size 1024K, 168 young (172032K), 19 survivors (19456K)
 Metaspace       used 89076K, capacity 91301K, committed 91636K, reserved 1128448K
  class space    used 11269K, capacity 12044K, committed 12184K, reserved 1048576K
}
Event: 12.475 GC heap after
{Heap after GC invocations=16 (full 0):
 garbage-first heap   total 312320K, used 74331K [0x0000000080000000, 0x0000000100000000)
  region size 1024K, 18 young (18432K), 18 survivors (18432K)
 Metaspace       used 89076K, capacity 91301K, committed 91636K, reserved 1128448K
  class space    used 11269K, capacity 12044K, committed 12184K, reserved 1048576K
}

