# JRE version: OpenJDK Runtime Environment (11.0.15) (build 11.0.15+0-b2043.56-9505619)
# Java VM: OpenJDK 64-Bit Server VM (11.0.15+0-b2043.56-9505619, mixed mode, tiered, compressed oops, g1 gc, windows-amd64)
Heap:
 garbage-first heap   total 260096K, used 98816K [0x0000000080000000, 0x0000000100000000)
  region size 1024K, 40 young (40960K), 16 survivors (16384K)
 Metaspace       used 85068K, capacity 87253K, committed 87452K, reserved 1124352K
  class space    used 10990K, capacity 11774K, committed 11852K, reserved 1048576K
GC Heap History (20 events):
Event: 6.950 GC heap before
{Heap before GC invocations=1 (full 0):
 garbage-first heap   total 260096K, used 114630K [0x0000000080000000, 0x0000000100000000)
  region size 1024K, 107 young (109568K), 2 survivors (2048K)
 Metaspace       used 20903K, capacity 21217K, committed 21296K, reserved 1069056K
  class space    used 2509K, capacity 2651K, committed 2688K, reserved 1048576K
}
Event: 6.958 GC heap after
{Heap after GC invocations=2 (full 0):
 garbage-first heap   total 260096K, used 16846K [0x0000000080000000, 0x0000000100000000)
  region size 1024K, 12 young (12288K), 12 survivors (12288K)
 Metaspace       used 20903K, capacity 21217K, committed 21296K, reserved 1069056K
  class space    used 2509K, capacity 2651K, committed 2688K, reserved 1048576K
}
Event: 7.145 GC heap before
{Heap before GC invocations=3 (full 0):
 garbage-first heap   total 260096K, used 28110K [0x0000000080000000, 0x0000000100000000)
  region size 1024K, 24 young (24576K), 12 survivors (12288K)
 Metaspace       used 22457K, capacity 22976K, committed 23216K, reserved 1069056K
  class space    used 2767K, capacity 2967K, committed 3072K, reserved 1048576K
}
Event: 7.154 GC heap after
{Heap after GC invocations=4 (full 0):
 garbage-first heap   total 260096K, used 17617K [0x0000000080000000, 0x0000000100000000)
  region size 1024K, 1 young (1024K), 1 survivors (1024K)
 Metaspace       used 22457K, capacity 22976K, committed 23216K, reserved 1069056K
  class space    used 2767K, capacity 2967K, committed 3072K, reserved 1048576K
}
Event: 8.058 GC heap before
{Heap before GC invocations=4 (full 0):
 garbage-first heap   total 260096K, used 83153K [0x0000000080000000, 0x0000000100000000)
  region size 1024K, 65 young (66560K), 1 survivors (1024K)
 Metaspace       used 28907K, capacity 29616K, committed 29872K, reserved 1075200K
  class space    used 3803K, capacity 4083K, committed 4096K, reserved 1048576K
}
Event: 8.061 GC heap after
{Heap after GC invocations=5 (full 0):
 garbage-first heap   total 260096K, used 19890K [0x0000000080000000, 0x0000000100000000)
  region size 1024K, 3 young (3072K), 3 survivors (3072K)
 Metaspace       used 28907K, capacity 29616K, committed 29872K, reserved 1075200K
  class space    used 3803K, capacity 4083K, committed 4096K, reserved 1048576K
}
Event: 8.837 GC heap before
{Heap before GC invocations=5 (full 0):
 garbage-first heap   total 260096K, used 59826K [0x0000000080000000, 0x0000000100000000)
  region size 1024K, 43 young (44032K), 3 survivors (3072K)
 Metaspace       used 34940K, capacity 35731K, committed 35888K, reserved 1081344K
  class space    used 4552K, capacity 4887K, committed 4992K, reserved 1048576K
}
Event: 8.846 GC heap after
{Heap after GC invocations=6 (full 0):
 garbage-first heap   total 260096K, used 22549K [0x0000000080000000, 0x0000000100000000)
  region size 1024K, 6 young (6144K), 6 survivors (6144K)
 Metaspace       used 34940K, capacity 35731K, committed 35888K, reserved 1081344K
  class space    used 4552K, capacity 4887K, committed 4992K, reserved 1048576K
}
Event: 9.921 GC heap before
{Heap before GC invocations=7 (full 0):
 garbage-first heap   total 260096K, used 106517K [0x0000000080000000, 0x0000000100000000)
  region size 1024K, 86 young (88064K), 6 survivors (6144K)
 Metaspace       used 41920K, capacity 43052K, committed 43312K, reserved 1087488K
  class space    used 5315K, capacity 5681K, committed 5760K, reserved 1048576K
}
Event: 9.931 GC heap after
{Heap after GC invocations=8 (full 0):
 garbage-first heap   total 260096K, used 29144K [0x0000000080000000, 0x0000000100000000)
  region size 1024K, 11 young (11264K), 11 survivors (11264K)
 Metaspace       used 41920K, capacity 43052K, committed 43312K, reserved 1087488K
  class space    used 5315K, capacity 5681K, committed 5760K, reserved 1048576K
}
Event: 11.347 GC heap before
{Heap before GC invocations=8 (full 0):
 garbage-first heap   total 260096K, used 140760K [0x0000000080000000, 0x0000000100000000)
  region size 1024K, 117 young (119808K), 11 survivors (11264K)
 Metaspace       used 49784K, capacity 51206K, committed 51248K, reserved 1093632K
  class space    used 6305K, capacity 6778K, committed 6784K, reserved 1048576K
}
Event: 11.364 GC heap after
{Heap after GC invocations=9 (full 0):
 garbage-first heap   total 260096K, used 38196K [0x0000000080000000, 0x0000000100000000)
  region size 1024K, 13 young (13312K), 13 survivors (13312K)
 Metaspace       used 49784K, capacity 51206K, committed 51248K, reserved 1093632K
  class space    used 6305K, capacity 6778K, committed 6784K, reserved 1048576K
}
Event: 12.719 GC heap before
{Heap before GC invocations=9 (full 0):
 garbage-first heap   total 260096K, used 108852K [0x0000000080000000, 0x0000000100000000)
  region size 1024K, 81 young (82944K), 13 survivors (13312K)
 Metaspace       used 58614K, capacity 60103K, committed 60240K, reserved 1101824K
  class space    used 7337K, capacity 7866K, committed 7936K, reserved 1048576K
}
Event: 12.735 GC heap after
{Heap after GC invocations=10 (full 0):
 garbage-first heap   total 260096K, used 47323K [0x0000000080000000, 0x0000000100000000)
  region size 1024K, 14 young (14336K), 14 survivors (14336K)
 Metaspace       used 58614K, capacity 60103K, committed 60240K, reserved 1101824K
  class space    used 7337K, capacity 7866K, committed 7936K, reserved 1048576K
}
Event: 14.025 GC heap before
{Heap before GC invocations=11 (full 0):
 garbage-first heap   total 260096K, used 165083K [0x0000000080000000, 0x0000000100000000)
  region size 1024K, 122 young (124928K), 14 survivors (14336K)
 Metaspace       used 67414K, capacity 69114K, committed 69404K, reserved 1110016K
  class space    used 8500K, capacity 9096K, committed 9164K, reserved 1048576K
}
Event: 14.041 GC heap after
{Heap after GC invocations=12 (full 0):
 garbage-first heap   total 260096K, used 55845K [0x0000000080000000, 0x0000000100000000)
  region size 1024K, 15 young (15360K), 15 survivors (15360K)
 Metaspace       used 67414K, capacity 69114K, committed 69404K, reserved 1110016K
  class space    used 8500K, capacity 9096K, committed 9164K, reserved 1048576K
}
Event: 15.356 GC heap before
{Heap before GC invocations=12 (full 0):
 garbage-first heap   total 260096K, used 170533K [0x0000000080000000, 0x0000000100000000)
  region size 1024K, 127 young (130048K), 15 survivors (15360K)
 Metaspace       used 76507K, capacity 78381K, committed 78492K, reserved 1118208K
  class space    used 9884K, capacity 10555K, committed 10572K, reserved 1048576K
}
Event: 15.372 GC heap after
{Heap after GC invocations=13 (full 0):
 garbage-first heap   total 260096K, used 63333K [0x0000000080000000, 0x0000000100000000)
  region size 1024K, 8 young (8192K), 8 survivors (8192K)
 Metaspace       used 76507K, capacity 78381K, committed 78492K, reserved 1118208K
  class space    used 9884K, capacity 10555K, committed 10572K, reserved 1048576K
}
Event: 16.425 GC heap before
{Heap before GC invocations=13 (full 0):
 garbage-first heap   total 260096K, used 178021K [0x0000000080000000, 0x0000000100000000)
  region size 1024K, 121 young (123904K), 8 survivors (8192K)
 Metaspace       used 82493K, capacity 84451K, committed 84636K, reserved 1122304K
  class space    used 10660K, capacity 11322K, committed 11340K, reserved 1048576K
}
Event: 16.444 GC heap after
{Heap after GC invocations=14 (full 0):
 garbage-first heap   total 260096K, used 75264K [0x0000000080000000, 0x0000000100000000)
  region size 1024K, 16 young (16384K), 16 survivors (16384K)
 Metaspace       used 82493K, capacity 84451K, committed 84636K, reserved 1122304K
  class space    used 10660K, capacity 11322K, committed 11340K, reserved 1048576K
}

