# JRE version: OpenJDK Runtime Environment (11.0.15) (build 11.0.15+0-b2043.56-9505619)
# Java VM: OpenJDK 64-Bit Server VM (11.0.15+0-b2043.56-9505619, mixed mode, tiered, compressed oops, g1 gc, windows-amd64)
Heap:
 garbage-first heap   total 312320K, used 101317K [0x0000000080000000, 0x0000000100000000)
  region size 1024K, 47 young (48128K), 21 survivors (21504K)
 Metaspace       used 85928K, capacity 88175K, committed 88296K, reserved 1126400K
  class space    used 11129K, capacity 11890K, committed 11904K, reserved 1048576K
GC Heap History (20 events):
Event: 1.701 GC heap before
{Heap before GC invocations=1 (full 0):
 garbage-first heap   total 260096K, used 92989K [0x0000000080000000, 0x0000000100000000)
  region size 1024K, 85 young (87040K), 2 survivors (2048K)
 Metaspace       used 18333K, capacity 18731K, committed 19072K, reserved 1067008K
  class space    used 2158K, capacity 2315K, committed 2432K, reserved 1048576K
}
Event: 1.708 GC heap after
{Heap after GC invocations=2 (full 0):
 garbage-first heap   total 260096K, used 16441K [0x0000000080000000, 0x0000000100000000)
  region size 1024K, 11 young (11264K), 11 survivors (11264K)
 Metaspace       used 18333K, capacity 18731K, committed 19072K, reserved 1067008K
  class space    used 2158K, capacity 2315K, committed 2432K, reserved 1048576K
}
Event: 1.864 GC heap before
{Heap before GC invocations=2 (full 0):
 garbage-first heap   total 260096K, used 38969K [0x0000000080000000, 0x0000000100000000)
  region size 1024K, 34 young (34816K), 11 survivors (11264K)
 Metaspace       used 20822K, capacity 21149K, committed 21296K, reserved 1069056K
  class space    used 2506K, capacity 2651K, committed 2688K, reserved 1048576K
}
Event: 1.870 GC heap after
{Heap after GC invocations=3 (full 0):
 garbage-first heap   total 260096K, used 17516K [0x0000000080000000, 0x0000000100000000)
  region size 1024K, 1 young (1024K), 1 survivors (1024K)
 Metaspace       used 20822K, capacity 21149K, committed 21296K, reserved 1069056K
  class space    used 2506K, capacity 2651K, committed 2688K, reserved 1048576K
}
Event: 2.230 GC heap before
{Heap before GC invocations=4 (full 0):
 garbage-first heap   total 260096K, used 61548K [0x0000000080000000, 0x0000000100000000)
  region size 1024K, 45 young (46080K), 1 survivors (1024K)
 Metaspace       used 25433K, capacity 25935K, committed 26160K, reserved 1073152K
  class space    used 3245K, capacity 3446K, committed 3456K, reserved 1048576K
}
Event: 2.233 GC heap after
{Heap after GC invocations=5 (full 0):
 garbage-first heap   total 260096K, used 19099K [0x0000000080000000, 0x0000000100000000)
  region size 1024K, 3 young (3072K), 3 survivors (3072K)
 Metaspace       used 25433K, capacity 25935K, committed 26160K, reserved 1073152K
  class space    used 3245K, capacity 3446K, committed 3456K, reserved 1048576K
}
Event: 2.850 GC heap before
{Heap before GC invocations=5 (full 0):
 garbage-first heap   total 260096K, used 80539K [0x0000000080000000, 0x0000000100000000)
  region size 1024K, 63 young (64512K), 3 survivors (3072K)
 Metaspace       used 31371K, capacity 32119K, committed 32432K, reserved 1077248K
  class space    used 4195K, capacity 4493K, committed 4608K, reserved 1048576K
}
Event: 2.854 GC heap after
{Heap after GC invocations=6 (full 0):
 garbage-first heap   total 260096K, used 20694K [0x0000000080000000, 0x0000000100000000)
  region size 1024K, 5 young (5120K), 5 survivors (5120K)
 Metaspace       used 31371K, capacity 32119K, committed 32432K, reserved 1077248K
  class space    used 4195K, capacity 4493K, committed 4608K, reserved 1048576K
}
Event: 3.118 GC heap before
{Heap before GC invocations=6 (full 0):
 garbage-first heap   total 260096K, used 36054K [0x0000000080000000, 0x0000000100000000)
  region size 1024K, 21 young (21504K), 5 survivors (5120K)
 Metaspace       used 34921K, capacity 35729K, committed 35888K, reserved 1081344K
  class space    used 4554K, capacity 4889K, committed 4992K, reserved 1048576K
}
Event: 3.126 GC heap after
{Heap after GC invocations=7 (full 0):
 garbage-first heap   total 260096K, used 22902K [0x0000000080000000, 0x0000000100000000)
  region size 1024K, 7 young (7168K), 7 survivors (7168K)
 Metaspace       used 34921K, capacity 35729K, committed 35888K, reserved 1081344K
  class space    used 4554K, capacity 4889K, committed 4992K, reserved 1048576K
}
Event: 4.078 GC heap before
{Heap before GC invocations=8 (full 0):
 garbage-first heap   total 260096K, used 129398K [0x0000000080000000, 0x0000000100000000)
  region size 1024K, 109 young (111616K), 7 survivors (7168K)
 Metaspace       used 43844K, capacity 45027K, committed 45160K, reserved 1089536K
  class space    used 5632K, capacity 6036K, committed 6144K, reserved 1048576K
}
Event: 4.095 GC heap after
{Heap after GC invocations=9 (full 0):
 garbage-first heap   total 260096K, used 30366K [0x0000000080000000, 0x0000000100000000)
  region size 1024K, 14 young (14336K), 14 survivors (14336K)
 Metaspace       used 43844K, capacity 45027K, committed 45160K, reserved 1089536K
  class space    used 5632K, capacity 6036K, committed 6144K, reserved 1048576K
}
Event: 5.476 GC heap before
{Heap before GC invocations=10 (full 0):
 garbage-first heap   total 260096K, used 176798K [0x0000000080000000, 0x0000000100000000)
  region size 1024K, 152 young (155648K), 14 survivors (14336K)
 Metaspace       used 54754K, capacity 56259K, committed 56296K, reserved 1097728K
  class space    used 6970K, capacity 7526K, committed 7552K, reserved 1048576K
}
Event: 5.495 GC heap after
{Heap after GC invocations=11 (full 0):
 garbage-first heap   total 260096K, used 44702K [0x0000000080000000, 0x0000000100000000)
  region size 1024K, 19 young (19456K), 19 survivors (19456K)
 Metaspace       used 54754K, capacity 56259K, committed 56296K, reserved 1097728K
  class space    used 6970K, capacity 7526K, committed 7552K, reserved 1048576K
}
Event: 6.955 GC heap before
{Heap before GC invocations=11 (full 0):
 garbage-first heap   total 260096K, used 189086K [0x0000000080000000, 0x0000000100000000)
  region size 1024K, 152 young (155648K), 19 survivors (19456K)
 Metaspace       used 67345K, capacity 69001K, committed 69224K, reserved 1110016K
  class space    used 8493K, capacity 9103K, committed 9216K, reserved 1048576K
}
Event: 6.975 GC heap after
{Heap after GC invocations=12 (full 0):
 garbage-first heap   total 260096K, used 55071K [0x0000000080000000, 0x0000000100000000)
  region size 1024K, 10 young (10240K), 10 survivors (10240K)
 Metaspace       used 67345K, capacity 69001K, committed 69224K, reserved 1110016K
  class space    used 8493K, capacity 9103K, committed 9216K, reserved 1048576K
}
Event: 7.825 GC heap before
{Heap before GC invocations=12 (full 0):
 garbage-first heap   total 260096K, used 144159K [0x0000000080000000, 0x0000000100000000)
  region size 1024K, 98 young (100352K), 10 survivors (10240K)
 Metaspace       used 74660K, capacity 76417K, committed 76520K, reserved 1116160K
  class space    used 9634K, capacity 10278K, committed 10368K, reserved 1048576K
}
Event: 7.843 GC heap after
{Heap after GC invocations=13 (full 0):
 garbage-first heap   total 312320K, used 60191K [0x0000000080000000, 0x0000000100000000)
  region size 1024K, 15 young (15360K), 15 survivors (15360K)
 Metaspace       used 74660K, capacity 76417K, committed 76520K, reserved 1116160K
  class space    used 9634K, capacity 10278K, committed 10368K, reserved 1048576K
}
Event: 9.167 GC heap before
{Heap before GC invocations=14 (full 0):
 garbage-first heap   total 312320K, used 211743K [0x0000000080000000, 0x0000000100000000)
  region size 1024K, 164 young (167936K), 15 survivors (15360K)
 Metaspace       used 82811K, capacity 84859K, committed 84968K, reserved 1122304K
  class space    used 10684K, capacity 11350K, committed 11392K, reserved 1048576K
}
Event: 9.208 GC heap after
{Heap after GC invocations=15 (full 0):
 garbage-first heap   total 312320K, used 75717K [0x0000000080000000, 0x0000000100000000)
  region size 1024K, 21 young (21504K), 21 survivors (21504K)
 Metaspace       used 82811K, capacity 84859K, committed 84968K, reserved 1122304K
  class space    used 10684K, capacity 11350K, committed 11392K, reserved 1048576K
}

