# JRE version: OpenJDK Runtime Environment (11.0.15) (build 11.0.15+0-b2043.56-9505619)
# Java VM: OpenJDK 64-Bit Server VM (11.0.15+0-b2043.56-9505619, mixed mode, tiered, compressed oops, g1 gc, windows-amd64)
Heap:
 garbage-first heap   total 312320K, used 209134K [0x0000000080000000, 0x0000000100000000)
  region size 1024K, 23 young (23552K), 10 survivors (10240K)
 Metaspace       used 106811K, capacity 109857K, committed 109988K, reserved 1144832K
  class space    used 13334K, capacity 14388K, committed 14412K, reserved 1048576K
GC Heap History (20 events):
Event: 8.594 GC heap before
{Heap before GC invocations=14 (full 0):
 garbage-first heap   total 260096K, used 206958K [0x0000000080000000, 0x0000000100000000)
  region size 1024K, 93 young (95232K), 8 survivors (8192K)
 Metaspace       used 72998K, capacity 75074K, committed 75300K, reserved 1114112K
  class space    used 9371K, capacity 10113K, committed 10188K, reserved 1048576K
}
Event: 8.605 GC heap after
{Heap after GC invocations=15 (full 0):
 garbage-first heap   total 312320K, used 125055K [0x0000000080000000, 0x0000000100000000)
  region size 1024K, 6 young (6144K), 6 survivors (6144K)
 Metaspace       used 72998K, capacity 75074K, committed 75300K, reserved 1114112K
  class space    used 9371K, capacity 10113K, committed 10188K, reserved 1048576K
}
Event: 9.279 GC heap before
{Heap before GC invocations=15 (full 0):
 garbage-first heap   total 312320K, used 195711K [0x0000000080000000, 0x0000000100000000)
  region size 1024K, 57 young (58368K), 6 survivors (6144K)
 Metaspace       used 78253K, capacity 80292K, committed 80548K, reserved 1120256K
  class space    used 10038K, capacity 10788K, committed 10828K, reserved 1048576K
}
Event: 9.290 GC heap after
{Heap after GC invocations=16 (full 0):
 garbage-first heap   total 312320K, used 152882K [0x0000000080000000, 0x0000000100000000)
  region size 1024K, 13 young (13312K), 13 survivors (13312K)
 Metaspace       used 78253K, capacity 80292K, committed 80548K, reserved 1120256K
  class space    used 10038K, capacity 10788K, committed 10828K, reserved 1048576K
}
Event: 10.087 GC heap before
{Heap before GC invocations=17 (full 0):
 garbage-first heap   total 312320K, used 252210K [0x0000000080000000, 0x0000000100000000)
  region size 1024K, 104 young (106496K), 13 survivors (13312K)
 Metaspace       used 81854K, capacity 84147K, committed 84260K, reserved 1122304K
  class space    used 10534K, capacity 11373K, committed 11468K, reserved 1048576K
}
Event: 10.104 GC heap after
{Heap after GC invocations=18 (full 0):
 garbage-first heap   total 312320K, used 165274K [0x0000000080000000, 0x0000000100000000)
  region size 1024K, 6 young (6144K), 6 survivors (6144K)
 Metaspace       used 81854K, capacity 84147K, committed 84260K, reserved 1122304K
  class space    used 10534K, capacity 11373K, committed 11468K, reserved 1048576K
}
Event: 10.173 GC heap before
{Heap before GC invocations=18 (full 0):
 garbage-first heap   total 312320K, used 173466K [0x0000000080000000, 0x0000000100000000)
  region size 1024K, 15 young (15360K), 6 survivors (6144K)
 Metaspace       used 82339K, capacity 84636K, committed 84772K, reserved 1122304K
  class space    used 10573K, capacity 11407K, committed 11468K, reserved 1048576K
}
Event: 10.178 GC heap after
{Heap after GC invocations=19 (full 0):
 garbage-first heap   total 312320K, used 165413K [0x0000000080000000, 0x0000000100000000)
  region size 1024K, 6 young (6144K), 6 survivors (6144K)
 Metaspace       used 82339K, capacity 84636K, committed 84772K, reserved 1122304K
  class space    used 10573K, capacity 11407K, committed 11468K, reserved 1048576K
}
Event: 11.271 GC heap before
{Heap before GC invocations=20 (full 0):
 garbage-first heap   total 312320K, used 243237K [0x0000000080000000, 0x0000000100000000)
  region size 1024K, 81 young (82944K), 6 survivors (6144K)
 Metaspace       used 90924K, capacity 93519K, committed 93604K, reserved 1130496K
  class space    used 11656K, capacity 12552K, committed 12620K, reserved 1048576K
}
Event: 11.282 GC heap after
{Heap after GC invocations=21 (full 0):
 garbage-first heap   total 312320K, used 168546K [0x0000000080000000, 0x0000000100000000)
  region size 1024K, 4 young (4096K), 4 survivors (4096K)
 Metaspace       used 90924K, capacity 93519K, committed 93604K, reserved 1130496K
  class space    used 11656K, capacity 12552K, committed 12620K, reserved 1048576K
}
Event: 12.234 GC heap before
{Heap before GC invocations=21 (full 0):
 garbage-first heap   total 312320K, used 245346K [0x0000000080000000, 0x0000000100000000)
  region size 1024K, 80 young (81920K), 4 survivors (4096K)
 Metaspace       used 95225K, capacity 97960K, committed 98212K, reserved 1134592K
  class space    used 12153K, capacity 13094K, committed 13132K, reserved 1048576K
}
Event: 12.246 GC heap after
{Heap after GC invocations=22 (full 0):
 garbage-first heap   total 312320K, used 176127K [0x0000000080000000, 0x0000000100000000)
  region size 1024K, 10 young (10240K), 10 survivors (10240K)
 Metaspace       used 95225K, capacity 97960K, committed 98212K, reserved 1134592K
  class space    used 12153K, capacity 13094K, committed 13132K, reserved 1048576K
}
Event: 13.165 GC heap before
{Heap before GC invocations=23 (full 0):
 garbage-first heap   total 312320K, used 250879K [0x0000000080000000, 0x0000000100000000)
  region size 1024K, 84 young (86016K), 10 survivors (10240K)
 Metaspace       used 97645K, capacity 100358K, committed 100516K, reserved 1136640K
  class space    used 12363K, capacity 13313K, committed 13388K, reserved 1048576K
}
Event: 13.181 GC heap after
{Heap after GC invocations=24 (full 0):
 garbage-first heap   total 312320K, used 182379K [0x0000000080000000, 0x0000000100000000)
  region size 1024K, 7 young (7168K), 7 survivors (7168K)
 Metaspace       used 97645K, capacity 100358K, committed 100516K, reserved 1136640K
  class space    used 12363K, capacity 13313K, committed 13388K, reserved 1048576K
}
Event: 13.735 GC heap before
{Heap before GC invocations=24 (full 0):
 garbage-first heap   total 312320K, used 254059K [0x0000000080000000, 0x0000000100000000)
  region size 1024K, 78 young (79872K), 7 survivors (7168K)
 Metaspace       used 102283K, capacity 105141K, committed 105380K, reserved 1140736K
  class space    used 12842K, capacity 13808K, committed 13900K, reserved 1048576K
}
Event: 13.746 GC heap after
{Heap after GC invocations=25 (full 0):
 garbage-first heap   total 312320K, used 184991K [0x0000000080000000, 0x0000000100000000)
  region size 1024K, 3 young (3072K), 3 survivors (3072K)
 Metaspace       used 102283K, capacity 105141K, committed 105380K, reserved 1140736K
  class space    used 12842K, capacity 13808K, committed 13900K, reserved 1048576K
}
Event: 22.888 GC heap before
{Heap before GC invocations=26 (full 0):
 garbage-first heap   total 312320K, used 257695K [0x0000000080000000, 0x0000000100000000)
  region size 1024K, 75 young (76800K), 3 survivors (3072K)
 Metaspace       used 104787K, capacity 107872K, committed 108068K, reserved 1142784K
  class space    used 13093K, capacity 14150K, committed 14284K, reserved 1048576K
}
Event: 22.895 GC heap after
{Heap after GC invocations=27 (full 0):
 garbage-first heap   total 312320K, used 188574K [0x0000000080000000, 0x0000000100000000)
  region size 1024K, 7 young (7168K), 7 survivors (7168K)
 Metaspace       used 104787K, capacity 107872K, committed 108068K, reserved 1142784K
  class space    used 13093K, capacity 14150K, committed 14284K, reserved 1048576K
}
Event: 23.356 GC heap before
{Heap before GC invocations=27 (full 0):
 garbage-first heap   total 312320K, used 260254K [0x0000000080000000, 0x0000000100000000)
  region size 1024K, 77 young (78848K), 7 survivors (7168K)
 Metaspace       used 106102K, capacity 109151K, committed 109476K, reserved 1144832K
  class space    used 13232K, capacity 14289K, committed 14412K, reserved 1048576K
}
Event: 23.380 GC heap after
{Heap after GC invocations=28 (full 0):
 garbage-first heap   total 312320K, used 196846K [0x0000000080000000, 0x0000000100000000)
  region size 1024K, 10 young (10240K), 10 survivors (10240K)
 Metaspace       used 106102K, capacity 109151K, committed 109476K, reserved 1144832K
  class space    used 13232K, capacity 14289K, committed 14412K, reserved 1048576K
}

