# JRE version: OpenJDK Runtime Environment (11.0.15) (build 11.0.15+0-b2043.56-9505619)
# Java VM: OpenJDK 64-Bit Server VM (11.0.15+0-b2043.56-9505619, mixed mode, tiered, compressed oops, g1 gc, windows-amd64)
Heap:
 garbage-first heap   total 312320K, used 108692K [0x0000000080000000, 0x0000000100000000)
  region size 1024K, 55 young (56320K), 19 survivors (19456K)
 Metaspace       used 85792K, capacity 88036K, committed 88400K, reserved 1126400K
  class space    used 11119K, capacity 11890K, committed 12008K, reserved 1048576K
GC Heap History (20 events):
Event: 1.339 GC heap before
{Heap before GC invocations=2 (full 0):
 garbage-first heap   total 260096K, used 34058K [0x0000000080000000, 0x0000000100000000)
  region size 1024K, 27 young (27648K), 3 survivors (3072K)
 Metaspace       used 10916K, capacity 11141K, committed 11264K, reserved 1058816K
  class space    used 1113K, capacity 1207K, committed 1280K, reserved 1048576K
}
Event: 1.344 GC heap after
{Heap after GC invocations=3 (full 0):
 garbage-first heap   total 260096K, used 12032K [0x0000000080000000, 0x0000000100000000)
  region size 1024K, 3 young (3072K), 3 survivors (3072K)
 Metaspace       used 10916K, capacity 11141K, committed 11264K, reserved 1058816K
  class space    used 1113K, capacity 1207K, committed 1280K, reserved 1048576K
}
Event: 2.034 GC heap before
{Heap before GC invocations=3 (full 0):
 garbage-first heap   total 260096K, used 59136K [0x0000000080000000, 0x0000000100000000)
  region size 1024K, 49 young (50176K), 3 survivors (3072K)
 Metaspace       used 18543K, capacity 18930K, committed 19072K, reserved 1067008K
  class space    used 2182K, capacity 2316K, committed 2432K, reserved 1048576K
}
Event: 2.038 GC heap after
{Heap after GC invocations=4 (full 0):
 garbage-first heap   total 260096K, used 16454K [0x0000000080000000, 0x0000000100000000)
  region size 1024K, 7 young (7168K), 7 survivors (7168K)
 Metaspace       used 18543K, capacity 18930K, committed 19072K, reserved 1067008K
  class space    used 2182K, capacity 2316K, committed 2432K, reserved 1048576K
}
Event: 2.174 GC heap before
{Heap before GC invocations=4 (full 0):
 garbage-first heap   total 260096K, used 36934K [0x0000000080000000, 0x0000000100000000)
  region size 1024K, 29 young (29696K), 7 survivors (7168K)
 Metaspace       used 20849K, capacity 21153K, committed 21296K, reserved 1069056K
  class space    used 2513K, capacity 2651K, committed 2688K, reserved 1048576K
}
Event: 2.179 GC heap after
{Heap after GC invocations=5 (full 0):
 garbage-first heap   total 260096K, used 17588K [0x0000000080000000, 0x0000000100000000)
  region size 1024K, 6 young (6144K), 6 survivors (6144K)
 Metaspace       used 20849K, capacity 21153K, committed 21296K, reserved 1069056K
  class space    used 2513K, capacity 2651K, committed 2688K, reserved 1048576K
}
Event: 2.696 GC heap before
{Heap before GC invocations=6 (full 0):
 garbage-first heap   total 260096K, used 74932K [0x0000000080000000, 0x0000000100000000)
  region size 1024K, 62 young (63488K), 6 survivors (6144K)
 Metaspace       used 26914K, capacity 27551K, committed 27824K, reserved 1073152K
  class space    used 3500K, capacity 3734K, committed 3840K, reserved 1048576K
}
Event: 2.707 GC heap after
{Heap after GC invocations=7 (full 0):
 garbage-first heap   total 260096K, used 19502K [0x0000000080000000, 0x0000000100000000)
  region size 1024K, 3 young (3072K), 3 survivors (3072K)
 Metaspace       used 26914K, capacity 27551K, committed 27824K, reserved 1073152K
  class space    used 3500K, capacity 3734K, committed 3840K, reserved 1048576K
}
Event: 3.561 GC heap before
{Heap before GC invocations=7 (full 0):
 garbage-first heap   total 260096K, used 86062K [0x0000000080000000, 0x0000000100000000)
  region size 1024K, 69 young (70656K), 3 survivors (3072K)
 Metaspace       used 34908K, capacity 35731K, committed 35888K, reserved 1081344K
  class space    used 4555K, capacity 4887K, committed 4992K, reserved 1048576K
}
Event: 3.571 GC heap after
{Heap after GC invocations=8 (full 0):
 garbage-first heap   total 260096K, used 22775K [0x0000000080000000, 0x0000000100000000)
  region size 1024K, 7 young (7168K), 7 survivors (7168K)
 Metaspace       used 34908K, capacity 35731K, committed 35888K, reserved 1081344K
  class space    used 4555K, capacity 4887K, committed 4992K, reserved 1048576K
}
Event: 4.582 GC heap before
{Heap before GC invocations=9 (full 0):
 garbage-first heap   total 260096K, used 127223K [0x0000000080000000, 0x0000000100000000)
  region size 1024K, 107 young (109568K), 7 survivors (7168K)
 Metaspace       used 43714K, capacity 44872K, committed 45032K, reserved 1089536K
  class space    used 5620K, capacity 6004K, committed 6016K, reserved 1048576K
}
Event: 4.597 GC heap after
{Heap after GC invocations=10 (full 0):
 garbage-first heap   total 260096K, used 30523K [0x0000000080000000, 0x0000000100000000)
  region size 1024K, 14 young (14336K), 14 survivors (14336K)
 Metaspace       used 43714K, capacity 44872K, committed 45032K, reserved 1089536K
  class space    used 5620K, capacity 6004K, committed 6016K, reserved 1048576K
}
Event: 6.081 GC heap before
{Heap before GC invocations=11 (full 0):
 garbage-first heap   total 260096K, used 176955K [0x0000000080000000, 0x0000000100000000)
  region size 1024K, 152 young (155648K), 14 survivors (14336K)
 Metaspace       used 54650K, capacity 56199K, committed 56296K, reserved 1097728K
  class space    used 6964K, capacity 7525K, committed 7552K, reserved 1048576K
}
Event: 6.100 GC heap after
{Heap after GC invocations=12 (full 0):
 garbage-first heap   total 260096K, used 45191K [0x0000000080000000, 0x0000000100000000)
  region size 1024K, 19 young (19456K), 19 survivors (19456K)
 Metaspace       used 54650K, capacity 56199K, committed 56296K, reserved 1097728K
  class space    used 6964K, capacity 7525K, committed 7552K, reserved 1048576K
}
Event: 7.472 GC heap before
{Heap before GC invocations=12 (full 0):
 garbage-first heap   total 260096K, used 189575K [0x0000000080000000, 0x0000000100000000)
  region size 1024K, 152 young (155648K), 19 survivors (19456K)
 Metaspace       used 67369K, capacity 69067K, committed 69224K, reserved 1110016K
  class space    used 8511K, capacity 9102K, committed 9216K, reserved 1048576K
}
Event: 7.491 GC heap after
{Heap after GC invocations=13 (full 0):
 garbage-first heap   total 312320K, used 55287K [0x0000000080000000, 0x0000000100000000)
  region size 1024K, 10 young (10240K), 10 survivors (10240K)
 Metaspace       used 67369K, capacity 69067K, committed 69224K, reserved 1110016K
  class space    used 8511K, capacity 9102K, committed 9216K, reserved 1048576K
}
Event: 8.168 GC heap before
{Heap before GC invocations=13 (full 0):
 garbage-first heap   total 312320K, used 130039K [0x0000000080000000, 0x0000000100000000)
  region size 1024K, 84 young (86016K), 10 survivors (10240K)
 Metaspace       used 73435K, capacity 75188K, committed 75240K, reserved 1114112K
  class space    used 9460K, capacity 10084K, committed 10112K, reserved 1048576K
}
Event: 8.185 GC heap after
{Heap after GC invocations=14 (full 0):
 garbage-first heap   total 312320K, used 60407K [0x0000000080000000, 0x0000000100000000)
  region size 1024K, 15 young (15360K), 15 survivors (15360K)
 Metaspace       used 73435K, capacity 75188K, committed 75240K, reserved 1114112K
  class space    used 9460K, capacity 10084K, committed 10112K, reserved 1048576K
}
Event: 9.530 GC heap before
{Heap before GC invocations=15 (full 0):
 garbage-first heap   total 312320K, used 215031K [0x0000000080000000, 0x0000000100000000)
  region size 1024K, 166 young (169984K), 15 survivors (15360K)
 Metaspace       used 82175K, capacity 84176K, committed 84432K, reserved 1122304K
  class space    used 10637K, capacity 11313K, committed 11368K, reserved 1048576K
}
Event: 9.558 GC heap after
{Heap after GC invocations=16 (full 0):
 garbage-first heap   total 312320K, used 73876K [0x0000000080000000, 0x0000000100000000)
  region size 1024K, 19 young (19456K), 19 survivors (19456K)
 Metaspace       used 82175K, capacity 84176K, committed 84432K, reserved 1122304K
  class space    used 10637K, capacity 11313K, committed 11368K, reserved 1048576K
}

